ASSERTION	AAMBAAMDBABk
RUN	InjectionsAndVerifications		injectionsandverifications	1462970764657	 	2.0
USER	injecteur 4	1	START	1462970765772	1462970765772
USER	injecteur 7	2	START	1462970765859	1462970765859
USER	injecteur 3	3	START	1462970765864	1462970765864
USER	injecteur 8	4	START	1462970765867	1462970765867
USER	injecteur 10	5	START	1462970765868	1462970765868
USER	injecteur 9	6	START	1462970765871	1462970765871
USER	injecteur 1	7	START	1462970765873	1462970765873
USER	injecteur 6	8	START	1462970765878	1462970765878
USER	injecteur 2	9	START	1462970765880	1462970765880
USER	injecteur 5	10	START	1462970765881	1462970765881
REQUEST	injecteur 9	6		request_8	1462970765872	1462970766043	OK	 
REQUEST	injecteur 8	4		request_7	1462970765867	1462970766051	OK	 
REQUEST	injecteur 1	7		request_0	1462970765876	1462970766067	OK	 
REQUEST	injecteur 7	2		request_6	1462970765860	1462970766073	OK	 
REQUEST	injecteur 10	5		request_9	1462970765870	1462970766077	OK	 
REQUEST	injecteur 4	1		request_3	1462970765847	1462970766078	OK	 
REQUEST	injecteur 3	3		request_2	1462970765865	1462970766083	OK	 
REQUEST	injecteur 5	10		request_4	1462970765882	1462970766085	OK	 
REQUEST	injecteur 2	9		request_1	1462970765881	1462970766095	OK	 
REQUEST	injecteur 6	8		request_5	1462970765879	1462970765995	OK	 
REQUEST	injecteur 7	2		request_6	1462970766083	1462970766111	OK	 
REQUEST	injecteur 3	3		request_2	1462970766085	1462970766115	OK	 
REQUEST	injecteur 5	10		request_4	1462970766086	1462970766122	OK	 
REQUEST	injecteur 1	7		request_0	1462970766083	1462970766127	OK	 
REQUEST	injecteur 4	1		request_3	1462970766090	1462970766132	OK	 
REQUEST	injecteur 10	5		request_9	1462970766096	1462970766138	OK	 
REQUEST	injecteur 2	9		request_1	1462970766096	1462970766146	OK	 
REQUEST	injecteur 6	8		request_5	1462970766099	1462970766148	OK	 
REQUEST	injecteur 8	4		request_7	1462970766101	1462970766151	OK	 
REQUEST	injecteur 9	6		request_8	1462970766110	1462970766160	OK	 
REQUEST	injecteur 3	3		request_2	1462970766119	1462970766166	OK	 
REQUEST	injecteur 7	2		request_6	1462970766120	1462970766171	OK	 
REQUEST	injecteur 5	10		request_4	1462970766125	1462970766175	OK	 
REQUEST	injecteur 1	7		request_0	1462970766128	1462970766179	OK	 
REQUEST	injecteur 4	1		request_3	1462970766134	1462970766183	OK	 
REQUEST	injecteur 10	5		request_9	1462970766143	1462970766186	OK	 
REQUEST	injecteur 6	8		request_5	1462970766149	1462970766191	OK	 
REQUEST	injecteur 2	9		request_1	1462970766147	1462970766196	OK	 
REQUEST	injecteur 8	4		request_7	1462970766152	1462970766200	OK	 
REQUEST	injecteur 9	6		request_8	1462970766161	1462970766203	OK	 
REQUEST	injecteur 3	3		request_2	1462970766167	1462970766206	OK	 
REQUEST	injecteur 7	2		request_6	1462970766172	1462970766210	OK	 
REQUEST	injecteur 5	10		request_4	1462970766177	1462970766215	OK	 
REQUEST	injecteur 1	7		request_0	1462970766180	1462970766218	OK	 
REQUEST	injecteur 4	1		request_3	1462970766184	1462970766221	OK	 
REQUEST	injecteur 10	5		request_9	1462970766188	1462970766225	OK	 
REQUEST	injecteur 6	8		request_5	1462970766192	1462970766228	OK	 
REQUEST	injecteur 2	9		request_1	1462970766197	1462970766235	OK	 
REQUEST	injecteur 8	4		request_7	1462970766201	1462970766240	OK	 
REQUEST	injecteur 9	6		request_8	1462970766204	1462970766246	OK	 
REQUEST	injecteur 3	3		request_2	1462970766207	1462970766250	OK	 
REQUEST	injecteur 7	2		request_6	1462970766212	1462970766254	OK	 
REQUEST	injecteur 5	10		request_4	1462970766216	1462970766258	OK	 
REQUEST	injecteur 1	7		request_0	1462970766219	1462970766267	OK	 
REQUEST	injecteur 4	1		request_3	1462970766222	1462970766271	OK	 
REQUEST	injecteur 10	5		request_9	1462970766227	1462970766274	OK	 
REQUEST	injecteur 6	8		request_5	1462970766230	1462970766278	OK	 
REQUEST	injecteur 2	9		request_1	1462970766237	1462970766281	OK	 
REQUEST	injecteur 8	4		request_7	1462970766242	1462970766285	OK	 
REQUEST	injecteur 9	6		request_8	1462970766247	1462970766288	OK	 
REQUEST	injecteur 3	3		request_2	1462970766251	1462970766294	OK	 
REQUEST	injecteur 7	2		request_6	1462970766256	1462970766299	OK	 
REQUEST	injecteur 3	3		request_2	1462970766295	1462970766304	OK	 
REQUEST	injecteur 5	10		request_4	1462970766259	1462970766309	OK	 
REQUEST	injecteur 1	7		request_0	1462970766268	1462970766313	OK	 
REQUEST	injecteur 4	1		request_3	1462970766273	1462970766317	OK	 
REQUEST	injecteur 10	5		request_9	1462970766276	1462970766323	OK	 
REQUEST	injecteur 6	8		request_5	1462970766279	1462970766326	OK	 
REQUEST	injecteur 2	9		request_1	1462970766282	1462970766329	OK	 
REQUEST	injecteur 8	4		request_7	1462970766286	1462970766333	OK	 
REQUEST	injecteur 9	6		request_8	1462970766289	1462970766336	OK	 
REQUEST	injecteur 7	2		request_6	1462970766300	1462970766345	OK	 
REQUEST	injecteur 3	3		request_2	1462970766305	1462970766347	OK	 
REQUEST	injecteur 5	10		request_4	1462970766310	1462970766352	OK	 
REQUEST	injecteur 1	7		request_0	1462970766314	1462970766355	OK	 
REQUEST	injecteur 4	1		request_3	1462970766318	1462970766359	OK	 
REQUEST	injecteur 10	5		request_9	1462970766324	1462970766363	OK	 
REQUEST	injecteur 6	8		request_5	1462970766327	1462970766366	OK	 
REQUEST	injecteur 2	9		request_1	1462970766330	1462970766369	OK	 
REQUEST	injecteur 8	4		request_7	1462970766334	1462970766371	OK	 
REQUEST	injecteur 9	6		request_8	1462970766337	1462970766375	OK	 
REQUEST	injecteur 7	2		request_6	1462970766346	1462970766377	OK	 
REQUEST	injecteur 3	3		request_2	1462970766348	1462970766380	OK	 
REQUEST	injecteur 5	10		request_4	1462970766353	1462970766382	OK	 
REQUEST	injecteur 1	7		request_0	1462970766356	1462970766384	OK	 
REQUEST	injecteur 4	1		request_3	1462970766360	1462970766387	OK	 
REQUEST	injecteur 10	5		request_9	1462970766364	1462970766390	OK	 
REQUEST	injecteur 6	8		request_5	1462970766368	1462970766393	OK	 
REQUEST	injecteur 2	9		request_1	1462970766370	1462970766397	OK	 
REQUEST	injecteur 8	4		request_7	1462970766372	1462970766402	OK	 
REQUEST	injecteur 9	6		request_8	1462970766376	1462970766404	OK	 
REQUEST	injecteur 7	2		request_6	1462970766378	1462970766409	OK	 
REQUEST	injecteur 3	3		request_2	1462970766381	1462970766416	OK	 
REQUEST	injecteur 5	10		request_4	1462970766383	1462970766419	OK	 
REQUEST	injecteur 1	7		request_0	1462970766385	1462970766422	OK	 
REQUEST	injecteur 4	1		request_3	1462970766388	1462970766424	OK	 
REQUEST	injecteur 10	5		request_9	1462970766391	1462970766427	OK	 
REQUEST	injecteur 6	8		request_5	1462970766394	1462970766432	OK	 
REQUEST	injecteur 2	9		request_1	1462970766398	1462970766435	OK	 
REQUEST	injecteur 8	4		request_7	1462970766403	1462970766437	OK	 
REQUEST	injecteur 9	6		request_8	1462970766405	1462970766441	OK	 
REQUEST	injecteur 7	2		request_6	1462970766410	1462970766444	OK	 
REQUEST	injecteur 3	3		request_2	1462970766417	1462970766448	OK	 
REQUEST	injecteur 5	10		request_4	1462970766420	1462970766450	OK	 
REQUEST	injecteur 1	7		request_0	1462970766423	1462970766452	OK	 
REQUEST	injecteur 4	1		request_3	1462970766425	1462970766455	OK	 
REQUEST	injecteur 10	5		request_9	1462970766429	1462970766459	OK	 
REQUEST	injecteur 6	8		request_5	1462970766433	1462970766465	OK	 
REQUEST	injecteur 2	9		request_1	1462970766436	1462970766470	OK	 
REQUEST	injecteur 8	4		request_7	1462970766438	1462970766476	OK	 
REQUEST	injecteur 9	6		request_8	1462970766442	1462970766478	OK	 
REQUEST	injecteur 7	2		request_6	1462970766445	1462970766483	OK	 
REQUEST	injecteur 3	3		request_2	1462970766448	1462970766485	OK	 
REQUEST	injecteur 5	10		request_4	1462970766451	1462970766488	OK	 
REQUEST	injecteur 1	7		request_0	1462970766453	1462970766490	OK	 
REQUEST	injecteur 4	1		request_3	1462970766456	1462970766496	OK	 
REQUEST	injecteur 10	5		request_9	1462970766461	1462970766497	OK	 
REQUEST	injecteur 6	8		request_5	1462970766466	1462970766500	OK	 
REQUEST	injecteur 2	9		request_1	1462970766471	1462970766503	OK	 
REQUEST	injecteur 8	4		request_7	1462970766478	1462970766506	OK	 
REQUEST	injecteur 9	6		request_8	1462970766479	1462970766508	OK	 
REQUEST	injecteur 7	2		request_6	1462970766484	1462970766511	OK	 
REQUEST	injecteur 3	3		request_2	1462970766486	1462970766513	OK	 
REQUEST	injecteur 5	10		request_4	1462970766489	1462970766516	OK	 
REQUEST	injecteur 1	7		request_0	1462970766491	1462970766522	OK	 
REQUEST	injecteur 4	1		request_3	1462970766497	1462970766527	OK	 
REQUEST	injecteur 10	5		request_9	1462970766498	1462970766529	OK	 
REQUEST	injecteur 6	8		request_5	1462970766502	1462970766532	OK	 
REQUEST	injecteur 2	9		request_1	1462970766504	1462970766535	OK	 
REQUEST	injecteur 8	4		request_7	1462970766507	1462970766537	OK	 
REQUEST	injecteur 9	6		request_8	1462970766509	1462970766540	OK	 
REQUEST	injecteur 7	2		request_6	1462970766512	1462970766546	OK	 
REQUEST	injecteur 3	3		request_2	1462970766514	1462970766548	OK	 
REQUEST	injecteur 5	10		request_4	1462970766517	1462970766556	OK	 
REQUEST	injecteur 1	7		request_0	1462970766523	1462970766560	OK	 
REQUEST	injecteur 4	1		request_3	1462970766528	1462970766563	OK	 
REQUEST	injecteur 10	5		request_9	1462970766530	1462970766567	OK	 
REQUEST	injecteur 6	8		request_5	1462970766534	1462970766569	OK	 
REQUEST	injecteur 2	9		request_1	1462970766536	1462970766573	OK	 
REQUEST	injecteur 8	4		request_7	1462970766538	1462970766579	OK	 
REQUEST	injecteur 9	6		request_8	1462970766541	1462970766582	OK	 
REQUEST	injecteur 7	2		request_6	1462970766547	1462970766596	OK	 
REQUEST	injecteur 3	3		request_2	1462970766549	1462970766601	OK	 
REQUEST	injecteur 5	10		request_4	1462970766557	1462970766607	OK	 
REQUEST	injecteur 1	7		request_0	1462970766561	1462970766609	OK	 
REQUEST	injecteur 4	1		request_3	1462970766564	1462970766611	OK	 
REQUEST	injecteur 10	5		request_9	1462970766569	1462970766613	OK	 
REQUEST	injecteur 6	8		request_5	1462970766570	1462970766616	OK	 
REQUEST	injecteur 2	9		request_1	1462970766574	1462970766619	OK	 
REQUEST	injecteur 8	4		request_7	1462970766580	1462970766621	OK	 
REQUEST	injecteur 9	6		request_8	1462970766583	1462970766623	OK	 
REQUEST	injecteur 7	2		request_6	1462970766597	1462970766627	OK	 
REQUEST	injecteur 3	3		request_2	1462970766602	1462970766629	OK	 
REQUEST	injecteur 5	10		request_4	1462970766608	1462970766633	OK	 
REQUEST	injecteur 1	7		request_0	1462970766610	1462970766635	OK	 
REQUEST	injecteur 4	1		request_3	1462970766612	1462970766637	OK	 
REQUEST	injecteur 10	5		request_9	1462970766614	1462970766639	OK	 
REQUEST	injecteur 6	8		request_5	1462970766617	1462970766641	OK	 
REQUEST	injecteur 2	9		request_1	1462970766620	1462970766644	OK	 
REQUEST	injecteur 8	4		request_7	1462970766622	1462970766646	OK	 
REQUEST	injecteur 9	6		request_8	1462970766624	1462970766650	OK	 
REQUEST	injecteur 7	2		request_6	1462970766628	1462970766652	OK	 
REQUEST	injecteur 3	3		request_2	1462970766630	1462970766656	OK	 
REQUEST	injecteur 5	10		request_4	1462970766634	1462970766659	OK	 
REQUEST	injecteur 1	7		request_0	1462970766636	1462970766662	OK	 
REQUEST	injecteur 4	1		request_3	1462970766638	1462970766664	OK	 
REQUEST	injecteur 10	5		request_9	1462970766640	1462970766667	OK	 
REQUEST	injecteur 6	8		request_5	1462970766642	1462970766680	OK	 
REQUEST	injecteur 2	9		request_1	1462970766645	1462970766683	OK	 
REQUEST	injecteur 8	4		request_7	1462970766647	1462970766690	OK	 
REQUEST	injecteur 9	6		request_8	1462970766651	1462970766695	OK	 
REQUEST	injecteur 7	2		request_6	1462970766653	1462970766697	OK	 
REQUEST	injecteur 3	3		request_2	1462970766657	1462970766699	OK	 
REQUEST	injecteur 5	10		request_4	1462970766660	1462970766702	OK	 
REQUEST	injecteur 1	7		request_0	1462970766663	1462970766704	OK	 
REQUEST	injecteur 4	1		request_3	1462970766665	1462970766706	OK	 
REQUEST	injecteur 10	5		request_9	1462970766668	1462970766709	OK	 
REQUEST	injecteur 6	8		request_5	1462970766681	1462970766711	OK	 
REQUEST	injecteur 2	9		request_1	1462970766684	1462970766714	OK	 
REQUEST	injecteur 8	4		request_7	1462970766691	1462970766717	OK	 
REQUEST	injecteur 9	6		request_8	1462970766696	1462970766719	OK	 
REQUEST	injecteur 7	2		request_6	1462970766698	1462970766720	OK	 
REQUEST	injecteur 3	3		request_2	1462970766700	1462970766722	OK	 
REQUEST	injecteur 5	10		request_4	1462970766702	1462970766725	OK	 
REQUEST	injecteur 1	7		request_0	1462970766704	1462970766728	OK	 
REQUEST	injecteur 4	1		request_3	1462970766707	1462970766730	OK	 
REQUEST	injecteur 10	5		request_9	1462970766710	1462970766733	OK	 
REQUEST	injecteur 6	8		request_5	1462970766712	1462970766736	OK	 
REQUEST	injecteur 2	9		request_1	1462970766715	1462970766739	OK	 
REQUEST	injecteur 8	4		request_7	1462970766717	1462970766741	OK	 
REQUEST	injecteur 9	6		request_8	1462970766719	1462970766745	OK	 
REQUEST	injecteur 7	2		request_6	1462970766721	1462970766747	OK	 
REQUEST	injecteur 3	3		request_2	1462970766724	1462970766751	OK	 
REQUEST	injecteur 5	10		request_4	1462970766727	1462970766754	OK	 
REQUEST	injecteur 1	7		request_0	1462970766729	1462970766757	OK	 
REQUEST	injecteur 4	1		request_3	1462970766731	1462970766761	OK	 
REQUEST	injecteur 10	5		request_9	1462970766734	1462970766765	OK	 
REQUEST	injecteur 6	8		request_5	1462970766738	1462970766768	OK	 
REQUEST	injecteur 2	9		request_1	1462970766740	1462970766770	OK	 
REQUEST	injecteur 8	4		request_7	1462970766742	1462970766773	OK	 
REQUEST	injecteur 9	6		request_8	1462970766746	1462970766774	OK	 
REQUEST	injecteur 7	2		request_6	1462970766748	1462970766777	OK	 
REQUEST	injecteur 3	3		request_2	1462970766752	1462970766779	OK	 
REQUEST	injecteur 5	10		request_4	1462970766755	1462970766781	OK	 
REQUEST	injecteur 1	7		request_0	1462970766758	1462970766785	OK	 
REQUEST	injecteur 4	1		request_3	1462970766762	1462970766789	OK	 
REQUEST	injecteur 10	5		request_9	1462970766766	1462970766794	OK	 
REQUEST	injecteur 6	8		request_5	1462970766769	1462970766796	OK	 
REQUEST	injecteur 2	9		request_1	1462970766771	1462970766798	OK	 
REQUEST	injecteur 8	4		request_7	1462970766774	1462970766800	OK	 
REQUEST	injecteur 9	6		request_8	1462970766775	1462970766803	OK	 
REQUEST	injecteur 7	2		request_6	1462970766777	1462970766807	OK	 
REQUEST	injecteur 3	3		request_2	1462970766780	1462970766809	OK	 
REQUEST	injecteur 5	10		request_4	1462970766782	1462970766814	OK	 
REQUEST	injecteur 1	7		request_0	1462970766786	1462970766816	OK	 
REQUEST	injecteur 4	1		request_3	1462970766790	1462970766819	OK	 
REQUEST	injecteur 10	5		request_9	1462970766795	1462970766821	OK	 
REQUEST	injecteur 6	8		request_5	1462970766797	1462970766823	OK	 
REQUEST	injecteur 2	9		request_1	1462970766799	1462970766825	OK	 
REQUEST	injecteur 8	4		request_7	1462970766801	1462970766827	OK	 
REQUEST	injecteur 3	3		request_2	1462970766810	1462970766829	OK	 
REQUEST	injecteur 9	6		request_8	1462970766804	1462970766831	OK	 
REQUEST	injecteur 7	2		request_6	1462970766808	1462970766834	OK	 
REQUEST	injecteur 5	10		request_4	1462970766815	1462970766838	OK	 
REQUEST	injecteur 1	7		request_0	1462970766817	1462970766840	OK	 
REQUEST	injecteur 4	1		request_3	1462970766820	1462970766842	OK	 
REQUEST	injecteur 10	5		request_9	1462970766821	1462970766844	OK	 
REQUEST	injecteur 6	8		request_5	1462970766824	1462970766846	OK	 
REQUEST	injecteur 2	9		request_1	1462970766826	1462970766849	OK	 
REQUEST	injecteur 8	4		request_7	1462970766828	1462970766854	OK	 
REQUEST	injecteur 3	3		request_2	1462970766830	1462970766856	OK	 
REQUEST	injecteur 9	6		request_8	1462970766832	1462970766858	OK	 
REQUEST	injecteur 7	2		request_6	1462970766835	1462970766861	OK	 
REQUEST	injecteur 5	10		request_4	1462970766839	1462970766863	OK	 
REQUEST	injecteur 1	7		request_0	1462970766841	1462970766867	OK	 
REQUEST	injecteur 4	1		request_3	1462970766843	1462970766869	OK	 
REQUEST	injecteur 10	5		request_9	1462970766845	1462970766871	OK	 
REQUEST	injecteur 6	8		request_5	1462970766847	1462970766873	OK	 
REQUEST	injecteur 2	9		request_1	1462970766850	1462970766875	OK	 
REQUEST	injecteur 8	4		request_7	1462970766855	1462970766878	OK	 
REQUEST	injecteur 3	3		request_2	1462970766857	1462970766879	OK	 
REQUEST	injecteur 9	6		request_8	1462970766859	1462970766882	OK	 
REQUEST	injecteur 7	2		request_6	1462970766862	1462970766885	OK	 
REQUEST	injecteur 5	10		request_4	1462970766864	1462970766887	OK	 
REQUEST	injecteur 1	7		request_0	1462970766868	1462970766889	OK	 
REQUEST	injecteur 4	1		request_3	1462970766870	1462970766891	OK	 
REQUEST	injecteur 10	5		request_9	1462970766872	1462970766895	OK	 
REQUEST	injecteur 6	8		request_5	1462970766874	1462970766898	OK	 
REQUEST	injecteur 2	9		request_1	1462970766876	1462970766900	OK	 
REQUEST	injecteur 8	4		request_7	1462970766879	1462970766902	OK	 
REQUEST	injecteur 3	3		request_2	1462970766880	1462970766904	OK	 
REQUEST	injecteur 9	6		request_8	1462970766883	1462970766907	OK	 
REQUEST	injecteur 7	2		request_6	1462970766886	1462970766908	OK	 
REQUEST	injecteur 5	10		request_4	1462970766888	1462970766911	OK	 
REQUEST	injecteur 1	7		request_0	1462970766890	1462970766913	OK	 
REQUEST	injecteur 4	1		request_3	1462970766892	1462970766916	OK	 
REQUEST	injecteur 10	5		request_9	1462970766896	1462970766920	OK	 
REQUEST	injecteur 6	8		request_5	1462970766899	1462970766921	OK	 
REQUEST	injecteur 2	9		request_1	1462970766901	1462970766925	OK	 
REQUEST	injecteur 8	4		request_7	1462970766903	1462970766929	OK	 
REQUEST	injecteur 3	3		request_2	1462970766905	1462970766931	OK	 
REQUEST	injecteur 9	6		request_8	1462970766907	1462970766934	OK	 
REQUEST	injecteur 7	2		request_6	1462970766909	1462970766936	OK	 
REQUEST	injecteur 5	10		request_4	1462970766911	1462970766938	OK	 
REQUEST	injecteur 1	7		request_0	1462970766914	1462970766942	OK	 
REQUEST	injecteur 4	1		request_3	1462970766917	1462970766951	OK	 
REQUEST	injecteur 2	9		request_1	1462970766925	1462970766954	OK	 
REQUEST	injecteur 6	8		request_5	1462970766922	1462970766954	OK	 
REQUEST	injecteur 8	4		request_7	1462970766930	1462970766955	OK	 
REQUEST	injecteur 10	5		request_9	1462970766921	1462970766956	OK	 
REQUEST	injecteur 3	3		request_2	1462970766932	1462970766958	OK	 
REQUEST	injecteur 9	6		request_8	1462970766935	1462970766960	OK	 
REQUEST	injecteur 7	2		request_6	1462970766937	1462970766963	OK	 
REQUEST	injecteur 5	10		request_4	1462970766939	1462970766965	OK	 
REQUEST	injecteur 1	7		request_0	1462970766943	1462970766967	OK	 
REQUEST	injecteur 4	1		request_3	1462970766952	1462970766973	OK	 
REQUEST	injecteur 6	8		request_5	1462970766955	1462970766977	OK	 
REQUEST	injecteur 2	9		request_1	1462970766955	1462970766978	OK	 
REQUEST	injecteur 10	5		request_9	1462970766956	1462970766981	OK	 
REQUEST	injecteur 8	4		request_7	1462970766956	1462970766983	OK	 
REQUEST	injecteur 3	3		request_2	1462970766959	1462970766985	OK	 
REQUEST	injecteur 9	6		request_8	1462970766961	1462970766988	OK	 
REQUEST	injecteur 7	2		request_6	1462970766964	1462970766991	OK	 
REQUEST	injecteur 5	10		request_4	1462970766966	1462970766994	OK	 
REQUEST	injecteur 1	7		request_0	1462970766968	1462970766995	OK	 
REQUEST	injecteur 4	1		request_3	1462970766974	1462970766998	OK	 
REQUEST	injecteur 6	8		request_5	1462970766978	1462970766999	OK	 
REQUEST	injecteur 2	9		request_1	1462970766979	1462970767002	OK	 
REQUEST	injecteur 10	5		request_9	1462970766982	1462970767003	OK	 
REQUEST	injecteur 8	4		request_7	1462970766984	1462970767005	OK	 
REQUEST	injecteur 3	3		request_2	1462970766985	1462970767007	OK	 
REQUEST	injecteur 9	6		request_8	1462970766989	1462970767010	OK	 
REQUEST	injecteur 7	2		request_6	1462970766992	1462970767013	OK	 
REQUEST	injecteur 5	10		request_4	1462970766994	1462970767015	OK	 
REQUEST	injecteur 1	7		request_0	1462970766996	1462970767017	OK	 
REQUEST	injecteur 4	1		request_3	1462970766999	1462970767019	OK	 
REQUEST	injecteur 6	8		request_5	1462970767000	1462970767021	OK	 
REQUEST	injecteur 2	9		request_1	1462970767002	1462970767023	OK	 
REQUEST	injecteur 10	5		request_9	1462970767004	1462970767024	OK	 
REQUEST	injecteur 8	4		request_7	1462970767006	1462970767027	OK	 
REQUEST	injecteur 3	3		request_2	1462970767008	1462970767031	OK	 
REQUEST	injecteur 9	6		request_8	1462970767011	1462970767033	OK	 
REQUEST	injecteur 7	2		request_6	1462970767014	1462970767034	OK	 
REQUEST	injecteur 5	10		request_4	1462970767016	1462970767036	OK	 
REQUEST	injecteur 1	7		request_0	1462970767018	1462970767038	OK	 
REQUEST	injecteur 4	1		request_3	1462970767020	1462970767040	OK	 
REQUEST	injecteur 6	8		request_5	1462970767022	1462970767043	OK	 
REQUEST	injecteur 2	9		request_1	1462970767023	1462970767045	OK	 
REQUEST	injecteur 10	5		request_9	1462970767025	1462970767047	OK	 
REQUEST	injecteur 8	4		request_7	1462970767028	1462970767052	OK	 
REQUEST	injecteur 3	3		request_2	1462970767031	1462970767055	OK	 
REQUEST	injecteur 9	6		request_8	1462970767034	1462970767057	OK	 
REQUEST	injecteur 7	2		request_6	1462970767035	1462970767059	OK	 
REQUEST	injecteur 5	10		request_4	1462970767037	1462970767061	OK	 
REQUEST	injecteur 1	7		request_0	1462970767039	1462970767062	OK	 
REQUEST	injecteur 4	1		request_3	1462970767041	1462970767064	OK	 
REQUEST	injecteur 6	8		request_5	1462970767044	1462970767067	OK	 
REQUEST	injecteur 2	9		request_1	1462970767046	1462970767069	OK	 
REQUEST	injecteur 10	5		request_9	1462970767048	1462970767073	OK	 
REQUEST	injecteur 8	4		request_7	1462970767052	1462970767076	OK	 
REQUEST	injecteur 9	6		request_8	1462970767058	1462970767082	OK	 
REQUEST	injecteur 7	2		request_6	1462970767060	1462970767087	OK	 
REQUEST	injecteur 3	3		request_2	1462970767056	1462970767088	OK	 
REQUEST	injecteur 5	10		request_4	1462970767062	1462970767094	OK	 
REQUEST	injecteur 1	7		request_0	1462970767063	1462970767096	OK	 
REQUEST	injecteur 4	1		request_3	1462970767065	1462970767098	OK	 
REQUEST	injecteur 6	8		request_5	1462970767067	1462970767100	OK	 
REQUEST	injecteur 9	6		request_8	1462970767083	1462970767104	OK	 
REQUEST	injecteur 7	2		request_6	1462970767087	1462970767107	OK	 
REQUEST	injecteur 2	9		request_1	1462970767070	1462970767108	OK	 
REQUEST	injecteur 10	5		request_9	1462970767073	1462970767113	OK	 
REQUEST	injecteur 8	4		request_7	1462970767077	1462970767115	OK	 
REQUEST	injecteur 3	3		request_2	1462970767089	1462970767117	OK	 
REQUEST	injecteur 1	7		request_0	1462970767097	1462970767118	OK	 
REQUEST	injecteur 4	1		request_3	1462970767099	1462970767120	OK	 
REQUEST	injecteur 5	10		request_4	1462970767095	1462970767123	OK	 
REQUEST	injecteur 6	8		request_5	1462970767101	1462970767125	OK	 
REQUEST	injecteur 9	6		request_8	1462970767105	1462970767127	OK	 
REQUEST	injecteur 7	2		request_6	1462970767107	1462970767129	OK	 
REQUEST	injecteur 2	9		request_1	1462970767109	1462970767131	OK	 
REQUEST	injecteur 10	5		request_9	1462970767114	1462970767133	OK	 
REQUEST	injecteur 8	4		request_7	1462970767116	1462970767134	OK	 
REQUEST	injecteur 3	3		request_2	1462970767117	1462970767136	OK	 
REQUEST	injecteur 1	7		request_0	1462970767119	1462970767140	OK	 
REQUEST	injecteur 4	1		request_3	1462970767121	1462970767142	OK	 
REQUEST	injecteur 5	10		request_4	1462970767124	1462970767144	OK	 
REQUEST	injecteur 6	8		request_5	1462970767126	1462970767147	OK	 
REQUEST	injecteur 9	6		request_8	1462970767128	1462970767148	OK	 
REQUEST	injecteur 7	2		request_6	1462970767130	1462970767150	OK	 
REQUEST	injecteur 2	9		request_1	1462970767132	1462970767152	OK	 
REQUEST	injecteur 10	5		request_9	1462970767134	1462970767154	OK	 
REQUEST	injecteur 8	4		request_7	1462970767135	1462970767155	OK	 
REQUEST	injecteur 3	3		request_2	1462970767137	1462970767158	OK	 
REQUEST	injecteur 1	7		request_0	1462970767141	1462970767160	OK	 
REQUEST	injecteur 4	1		request_3	1462970767143	1462970767162	OK	 
REQUEST	injecteur 5	10		request_4	1462970767145	1462970767163	OK	 
REQUEST	injecteur 6	8		request_5	1462970767147	1462970767165	OK	 
REQUEST	injecteur 9	6		request_8	1462970767149	1462970767166	OK	 
REQUEST	injecteur 7	2		request_6	1462970767151	1462970767169	OK	 
REQUEST	injecteur 2	9		request_1	1462970767153	1462970767171	OK	 
REQUEST	injecteur 10	5		request_9	1462970767154	1462970767174	OK	 
REQUEST	injecteur 8	4		request_7	1462970767156	1462970767176	OK	 
REQUEST	injecteur 3	3		request_2	1462970767159	1462970767178	OK	 
REQUEST	injecteur 1	7		request_0	1462970767161	1462970767187	OK	 
REQUEST	injecteur 4	1		request_3	1462970767162	1462970767188	OK	 
REQUEST	injecteur 5	10		request_4	1462970767164	1462970767190	OK	 
REQUEST	injecteur 6	8		request_5	1462970767166	1462970767196	OK	 
REQUEST	injecteur 9	6		request_8	1462970767167	1462970767199	OK	 
REQUEST	injecteur 7	2		request_6	1462970767170	1462970767200	OK	 
REQUEST	injecteur 2	9		request_1	1462970767172	1462970767203	OK	 
REQUEST	injecteur 10	5		request_9	1462970767174	1462970767206	OK	 
REQUEST	injecteur 8	4		request_7	1462970767177	1462970767208	OK	 
REQUEST	injecteur 3	3		request_2	1462970767185	1462970767211	OK	 
REQUEST	injecteur 1	7		request_0	1462970767188	1462970767213	OK	 
REQUEST	injecteur 4	1		request_3	1462970767189	1462970767216	OK	 
REQUEST	injecteur 5	10		request_4	1462970767191	1462970767219	OK	 
REQUEST	injecteur 6	8		request_5	1462970767197	1462970767222	OK	 
REQUEST	injecteur 9	6		request_8	1462970767199	1462970767225	OK	 
REQUEST	injecteur 7	2		request_6	1462970767201	1462970767230	OK	 
REQUEST	injecteur 2	9		request_1	1462970767204	1462970767232	OK	 
REQUEST	injecteur 10	5		request_9	1462970767207	1462970767235	OK	 
REQUEST	injecteur 8	4		request_7	1462970767209	1462970767237	OK	 
REQUEST	injecteur 3	3		request_2	1462970767212	1462970767241	OK	 
REQUEST	injecteur 1	7		request_0	1462970767214	1462970767243	OK	 
REQUEST	injecteur 4	1		request_3	1462970767217	1462970767245	OK	 
REQUEST	injecteur 5	10		request_4	1462970767220	1462970767248	OK	 
REQUEST	injecteur 6	8		request_5	1462970767223	1462970767251	OK	 
REQUEST	injecteur 9	6		request_8	1462970767226	1462970767256	OK	 
REQUEST	injecteur 7	2		request_6	1462970767231	1462970767258	OK	 
REQUEST	injecteur 2	9		request_1	1462970767233	1462970767262	OK	 
REQUEST	injecteur 10	5		request_9	1462970767235	1462970767264	OK	 
REQUEST	injecteur 8	4		request_7	1462970767238	1462970767266	OK	 
REQUEST	injecteur 3	3		request_2	1462970767242	1462970767269	OK	 
REQUEST	injecteur 1	7		request_0	1462970767244	1462970767272	OK	 
REQUEST	injecteur 4	1		request_3	1462970767246	1462970767278	OK	 
REQUEST	injecteur 5	10		request_4	1462970767249	1462970767281	OK	 
REQUEST	injecteur 6	8		request_5	1462970767252	1462970767286	OK	 
REQUEST	injecteur 9	6		request_8	1462970767257	1462970767289	OK	 
REQUEST	injecteur 7	2		request_6	1462970767259	1462970767290	OK	 
REQUEST	injecteur 2	9		request_1	1462970767263	1462970767292	OK	 
REQUEST	injecteur 10	5		request_9	1462970767265	1462970767296	OK	 
REQUEST	injecteur 8	4		request_7	1462970767267	1462970767299	OK	 
REQUEST	injecteur 3	3		request_2	1462970767270	1462970767303	OK	 
REQUEST	injecteur 1	7		request_0	1462970767273	1462970767317	OK	 
REQUEST	injecteur 4	1		request_3	1462970767279	1462970767321	OK	 
REQUEST	injecteur 5	10		request_4	1462970767282	1462970767324	OK	 
REQUEST	injecteur 6	8		request_5	1462970767287	1462970767327	OK	 
REQUEST	injecteur 9	6		request_8	1462970767290	1462970767329	OK	 
REQUEST	injecteur 7	2		request_6	1462970767291	1462970767330	OK	 
REQUEST	injecteur 2	9		request_1	1462970767293	1462970767332	OK	 
REQUEST	injecteur 10	5		request_9	1462970767296	1462970767333	OK	 
REQUEST	injecteur 8	4		request_7	1462970767300	1462970767335	OK	 
REQUEST	injecteur 3	3		request_2	1462970767304	1462970767337	OK	 
REQUEST	injecteur 1	7		request_0	1462970767318	1462970767338	OK	 
REQUEST	injecteur 4	1		request_3	1462970767322	1462970767341	OK	 
REQUEST	injecteur 5	10		request_4	1462970767325	1462970767344	OK	 
REQUEST	injecteur 6	8		request_5	1462970767328	1462970767346	OK	 
REQUEST	injecteur 9	6		request_8	1462970767329	1462970767348	OK	 
REQUEST	injecteur 7	2		request_6	1462970767331	1462970767349	OK	 
REQUEST	injecteur 2	9		request_1	1462970767333	1462970767351	OK	 
REQUEST	injecteur 10	5		request_9	1462970767334	1462970767353	OK	 
REQUEST	injecteur 8	4		request_7	1462970767336	1462970767354	OK	 
REQUEST	injecteur 3	3		request_2	1462970767337	1462970767356	OK	 
REQUEST	injecteur 1	7		request_0	1462970767339	1462970767359	OK	 
REQUEST	injecteur 4	1		request_3	1462970767342	1462970767361	OK	 
REQUEST	injecteur 5	10		request_4	1462970767345	1462970767363	OK	 
REQUEST	injecteur 6	8		request_5	1462970767347	1462970767364	OK	 
REQUEST	injecteur 9	6		request_8	1462970767349	1462970767366	OK	 
REQUEST	injecteur 7	2		request_6	1462970767350	1462970767367	OK	 
REQUEST	injecteur 2	9		request_1	1462970767352	1462970767369	OK	 
REQUEST	injecteur 10	5		request_9	1462970767354	1462970767371	OK	 
REQUEST	injecteur 8	4		request_7	1462970767355	1462970767373	OK	 
REQUEST	injecteur 3	3		request_2	1462970767357	1462970767376	OK	 
REQUEST	injecteur 1	7		request_0	1462970767360	1462970767380	OK	 
REQUEST	injecteur 4	1		request_3	1462970767362	1462970767382	OK	 
REQUEST	injecteur 5	10		request_4	1462970767363	1462970767384	OK	 
REQUEST	injecteur 6	8		request_5	1462970767365	1462970767386	OK	 
REQUEST	injecteur 9	6		request_8	1462970767367	1462970767388	OK	 
REQUEST	injecteur 7	2		request_6	1462970767368	1462970767390	OK	 
REQUEST	injecteur 2	9		request_1	1462970767370	1462970767392	OK	 
REQUEST	injecteur 10	5		request_9	1462970767371	1462970767395	OK	 
REQUEST	injecteur 8	4		request_7	1462970767374	1462970767399	OK	 
REQUEST	injecteur 3	3		request_2	1462970767377	1462970767401	OK	 
REQUEST	injecteur 1	7		request_0	1462970767381	1462970767402	OK	 
REQUEST	injecteur 4	1		request_3	1462970767383	1462970767403	OK	 
REQUEST	injecteur 5	10		request_4	1462970767385	1462970767405	OK	 
REQUEST	injecteur 6	8		request_5	1462970767387	1462970767407	OK	 
REQUEST	injecteur 9	6		request_8	1462970767389	1462970767410	OK	 
REQUEST	injecteur 7	2		request_6	1462970767391	1462970767413	OK	 
REQUEST	injecteur 2	9		request_1	1462970767393	1462970767415	OK	 
REQUEST	injecteur 10	5		request_9	1462970767396	1462970767418	OK	 
REQUEST	injecteur 8	4		request_7	1462970767400	1462970767422	OK	 
REQUEST	injecteur 3	3		request_2	1462970767401	1462970767424	OK	 
REQUEST	injecteur 1	7		request_0	1462970767403	1462970767427	OK	 
REQUEST	injecteur 4	1		request_3	1462970767404	1462970767428	OK	 
REQUEST	injecteur 5	10		request_4	1462970767406	1462970767430	OK	 
REQUEST	injecteur 6	8		request_5	1462970767408	1462970767431	OK	 
REQUEST	injecteur 9	6		request_8	1462970767411	1462970767433	OK	 
REQUEST	injecteur 7	2		request_6	1462970767414	1462970767435	OK	 
REQUEST	injecteur 2	9		request_1	1462970767416	1462970767439	OK	 
REQUEST	injecteur 10	5		request_9	1462970767419	1462970767441	OK	 
REQUEST	injecteur 8	4		request_7	1462970767423	1462970767442	OK	 
REQUEST	injecteur 3	3		request_2	1462970767425	1462970767445	OK	 
REQUEST	injecteur 1	7		request_0	1462970767428	1462970767447	OK	 
REQUEST	injecteur 4	1		request_3	1462970767429	1462970767449	OK	 
REQUEST	injecteur 5	10		request_4	1462970767431	1462970767450	OK	 
REQUEST	injecteur 6	8		request_5	1462970767432	1462970767452	OK	 
REQUEST	injecteur 9	6		request_8	1462970767434	1462970767455	OK	 
REQUEST	injecteur 7	2		request_6	1462970767436	1462970767458	OK	 
REQUEST	injecteur 2	9		request_1	1462970767439	1462970767461	OK	 
REQUEST	injecteur 10	5		request_9	1462970767441	1462970767463	OK	 
REQUEST	injecteur 8	4		request_7	1462970767443	1462970767464	OK	 
REQUEST	injecteur 3	3		request_2	1462970767446	1462970767466	OK	 
REQUEST	injecteur 1	7		request_0	1462970767447	1462970767467	OK	 
REQUEST	injecteur 4	1		request_3	1462970767449	1462970767469	OK	 
REQUEST	injecteur 5	10		request_4	1462970767451	1462970767470	OK	 
REQUEST	injecteur 6	8		request_5	1462970767453	1462970767472	OK	 
REQUEST	injecteur 9	6		request_8	1462970767455	1462970767476	OK	 
REQUEST	injecteur 7	2		request_6	1462970767459	1462970767479	OK	 
REQUEST	injecteur 2	9		request_1	1462970767462	1462970767482	OK	 
REQUEST	injecteur 10	5		request_9	1462970767464	1462970767485	OK	 
REQUEST	injecteur 8	4		request_7	1462970767465	1462970767487	OK	 
REQUEST	injecteur 3	3		request_2	1462970767467	1462970767489	OK	 
REQUEST	injecteur 1	7		request_0	1462970767468	1462970767491	OK	 
REQUEST	injecteur 4	1		request_3	1462970767470	1462970767493	OK	 
REQUEST	injecteur 5	10		request_4	1462970767471	1462970767494	OK	 
REQUEST	injecteur 6	8		request_5	1462970767473	1462970767497	OK	 
REQUEST	injecteur 9	6		request_8	1462970767477	1462970767499	OK	 
REQUEST	injecteur 7	2		request_6	1462970767480	1462970767501	OK	 
REQUEST	injecteur 2	9		request_1	1462970767483	1462970767503	OK	 
REQUEST	injecteur 10	5		request_9	1462970767486	1462970767505	OK	 
REQUEST	injecteur 8	4		request_7	1462970767488	1462970767506	OK	 
REQUEST	injecteur 3	3		request_2	1462970767490	1462970767508	OK	 
REQUEST	injecteur 1	7		request_0	1462970767492	1462970767510	OK	 
REQUEST	injecteur 4	1		request_3	1462970767493	1462970767512	OK	 
REQUEST	injecteur 5	10		request_4	1462970767495	1462970767515	OK	 
REQUEST	injecteur 6	8		request_5	1462970767498	1462970767517	OK	 
REQUEST	injecteur 9	6		request_8	1462970767500	1462970767520	OK	 
REQUEST	injecteur 7	2		request_6	1462970767502	1462970767523	OK	 
REQUEST	injecteur 2	9		request_1	1462970767504	1462970767524	OK	 
REQUEST	injecteur 10	5		request_9	1462970767505	1462970767526	OK	 
REQUEST	injecteur 8	4		request_7	1462970767507	1462970767528	OK	 
REQUEST	injecteur 3	3		request_2	1462970767508	1462970767530	OK	 
REQUEST	injecteur 1	7		request_0	1462970767510	1462970767533	OK	 
REQUEST	injecteur 4	1		request_3	1462970767512	1462970767537	OK	 
REQUEST	injecteur 5	10		request_4	1462970767516	1462970767540	OK	 
REQUEST	injecteur 6	8		request_5	1462970767518	1462970767541	OK	 
REQUEST	injecteur 9	6		request_8	1462970767521	1462970767543	OK	 
REQUEST	injecteur 7	2		request_6	1462970767524	1462970767546	OK	 
REQUEST	injecteur 2	9		request_1	1462970767525	1462970767548	OK	 
REQUEST	injecteur 10	5		request_9	1462970767527	1462970767549	OK	 
REQUEST	injecteur 8	4		request_7	1462970767529	1462970767551	OK	 
REQUEST	injecteur 3	3		request_2	1462970767531	1462970767553	OK	 
REQUEST	injecteur 1	7		request_0	1462970767534	1462970767557	OK	 
REQUEST	injecteur 4	1		request_3	1462970767538	1462970767559	OK	 
REQUEST	injecteur 5	10		request_4	1462970767540	1462970767563	OK	 
REQUEST	injecteur 6	8		request_5	1462970767542	1462970767565	OK	 
REQUEST	injecteur 9	6		request_8	1462970767544	1462970767569	OK	 
REQUEST	injecteur 7	2		request_6	1462970767547	1462970767571	OK	 
REQUEST	injecteur 2	9		request_1	1462970767548	1462970767573	OK	 
REQUEST	injecteur 10	5		request_9	1462970767550	1462970767576	OK	 
REQUEST	injecteur 4	1		request_3	1462970767560	1462970767579	OK	 
REQUEST	injecteur 8	4		request_7	1462970767553	1462970767582	OK	 
REQUEST	injecteur 3	3		request_2	1462970767555	1462970767587	OK	 
REQUEST	injecteur 1	7		request_0	1462970767558	1462970767587	OK	 
REQUEST	injecteur 5	10		request_4	1462970767564	1462970767590	OK	 
REQUEST	injecteur 6	8		request_5	1462970767566	1462970767593	OK	 
REQUEST	injecteur 9	6		request_8	1462970767570	1462970767595	OK	 
REQUEST	injecteur 7	2		request_6	1462970767572	1462970767597	OK	 
REQUEST	injecteur 2	9		request_1	1462970767574	1462970767599	OK	 
REQUEST	injecteur 10	5		request_9	1462970767577	1462970767603	OK	 
REQUEST	injecteur 4	1		request_3	1462970767581	1462970767606	OK	 
REQUEST	injecteur 8	4		request_7	1462970767586	1462970767610	OK	 
REQUEST	injecteur 1	7		request_0	1462970767588	1462970767614	OK	 
REQUEST	injecteur 3	3		request_2	1462970767588	1462970767621	OK	 
REQUEST	injecteur 5	10		request_4	1462970767590	1462970767623	OK	 
REQUEST	injecteur 6	8		request_5	1462970767594	1462970767624	OK	 
REQUEST	injecteur 9	6		request_8	1462970767596	1462970767627	OK	 
REQUEST	injecteur 7	2		request_6	1462970767598	1462970767628	OK	 
REQUEST	injecteur 2	9		request_1	1462970767599	1462970767632	OK	 
REQUEST	injecteur 10	5		request_9	1462970767604	1462970767634	OK	 
REQUEST	injecteur 4	1		request_3	1462970767607	1462970767636	OK	 
REQUEST	injecteur 8	4		request_7	1462970767611	1462970767638	OK	 
REQUEST	injecteur 1	7		request_0	1462970767615	1462970767639	OK	 
REQUEST	injecteur 3	3		request_2	1462970767622	1462970767641	OK	 
REQUEST	injecteur 5	10		request_4	1462970767624	1462970767642	OK	 
REQUEST	injecteur 6	8		request_5	1462970767625	1462970767644	OK	 
REQUEST	injecteur 9	6		request_8	1462970767627	1462970767648	OK	 
REQUEST	injecteur 7	2		request_6	1462970767629	1462970767650	OK	 
REQUEST	injecteur 2	9		request_1	1462970767633	1462970767652	OK	 
REQUEST	injecteur 10	5		request_9	1462970767635	1462970767653	OK	 
REQUEST	injecteur 4	1		request_3	1462970767637	1462970767655	OK	 
REQUEST	injecteur 8	4		request_7	1462970767638	1462970767658	OK	 
REQUEST	injecteur 1	7		request_0	1462970767640	1462970767660	OK	 
REQUEST	injecteur 3	3		request_2	1462970767642	1462970767661	OK	 
REQUEST	injecteur 5	10		request_4	1462970767643	1462970767663	OK	 
REQUEST	injecteur 6	8		request_5	1462970767645	1462970767666	OK	 
REQUEST	injecteur 9	6		request_8	1462970767649	1462970767669	OK	 
REQUEST	injecteur 7	2		request_6	1462970767651	1462970767671	OK	 
REQUEST	injecteur 2	9		request_1	1462970767652	1462970767673	OK	 
REQUEST	injecteur 10	5		request_9	1462970767654	1462970767675	OK	 
REQUEST	injecteur 4	1		request_3	1462970767656	1462970767677	OK	 
REQUEST	injecteur 8	4		request_7	1462970767658	1462970767679	OK	 
REQUEST	injecteur 1	7		request_0	1462970767660	1462970767680	OK	 
REQUEST	injecteur 3	3		request_2	1462970767662	1462970767682	OK	 
REQUEST	injecteur 5	10		request_4	1462970767664	1462970767684	OK	 
REQUEST	injecteur 6	8		request_5	1462970767667	1462970767686	OK	 
REQUEST	injecteur 9	6		request_8	1462970767670	1462970767687	OK	 
REQUEST	injecteur 7	2		request_6	1462970767672	1462970767690	OK	 
REQUEST	injecteur 2	9		request_1	1462970767674	1462970767691	OK	 
REQUEST	injecteur 10	5		request_9	1462970767675	1462970767695	OK	 
REQUEST	injecteur 4	1		request_3	1462970767678	1462970767699	OK	 
REQUEST	injecteur 8	4		request_7	1462970767679	1462970767701	OK	 
REQUEST	injecteur 1	7		request_0	1462970767681	1462970767704	OK	 
REQUEST	injecteur 3	3		request_2	1462970767683	1462970767706	OK	 
REQUEST	injecteur 5	10		request_4	1462970767685	1462970767707	OK	 
REQUEST	injecteur 6	8		request_5	1462970767686	1462970767709	OK	 
REQUEST	injecteur 9	6		request_8	1462970767688	1462970767711	OK	 
REQUEST	injecteur 7	2		request_6	1462970767690	1462970767712	OK	 
REQUEST	injecteur 2	9		request_1	1462970767692	1462970767713	OK	 
REQUEST	injecteur 10	5		request_9	1462970767697	1462970767716	OK	 
REQUEST	injecteur 4	1		request_3	1462970767700	1462970767718	OK	 
REQUEST	injecteur 8	4		request_7	1462970767701	1462970767721	OK	 
REQUEST	injecteur 1	7		request_0	1462970767705	1462970767726	OK	 
REQUEST	injecteur 3	3		request_2	1462970767706	1462970767728	OK	 
REQUEST	injecteur 5	10		request_4	1462970767708	1462970767730	OK	 
REQUEST	injecteur 6	8		request_5	1462970767710	1462970767733	OK	 
REQUEST	injecteur 9	6		request_8	1462970767712	1462970767735	OK	 
REQUEST	injecteur 7	2		request_6	1462970767713	1462970767736	OK	 
REQUEST	injecteur 2	9		request_1	1462970767714	1462970767738	OK	 
REQUEST	injecteur 10	5		request_9	1462970767717	1462970767740	OK	 
REQUEST	injecteur 4	1		request_3	1462970767719	1462970767746	OK	 
REQUEST	injecteur 8	4		request_7	1462970767722	1462970767748	OK	 
REQUEST	injecteur 1	7		request_0	1462970767727	1462970767751	OK	 
REQUEST	injecteur 3	3		request_2	1462970767728	1462970767753	OK	 
REQUEST	injecteur 5	10		request_4	1462970767730	1462970767755	OK	 
REQUEST	injecteur 6	8		request_5	1462970767734	1462970767756	OK	 
REQUEST	injecteur 9	6		request_8	1462970767736	1462970767758	OK	 
REQUEST	injecteur 7	2		request_6	1462970767737	1462970767760	OK	 
REQUEST	injecteur 2	9		request_1	1462970767739	1462970767762	OK	 
REQUEST	injecteur 10	5		request_9	1462970767741	1462970767765	OK	 
REQUEST	injecteur 4	1		request_3	1462970767747	1462970767772	OK	 
REQUEST	injecteur 8	4		request_7	1462970767749	1462970767772	OK	 
REQUEST	injecteur 1	7		request_0	1462970767752	1462970767777	OK	 
REQUEST	injecteur 3	3		request_2	1462970767754	1462970767779	OK	 
REQUEST	injecteur 5	10		request_4	1462970767755	1462970767780	OK	 
REQUEST	injecteur 6	8		request_5	1462970767757	1462970767782	OK	 
REQUEST	injecteur 9	6		request_8	1462970767759	1462970767784	OK	 
REQUEST	injecteur 8	4		request_7	1462970767773	1462970767786	OK	 
REQUEST	injecteur 7	2		request_6	1462970767761	1462970767788	OK	 
REQUEST	injecteur 2	9		request_1	1462970767763	1462970767789	OK	 
REQUEST	injecteur 10	5		request_9	1462970767765	1462970767791	OK	 
REQUEST	injecteur 4	1		request_3	1462970767773	1462970767793	OK	 
REQUEST	injecteur 1	7		request_0	1462970767778	1462970767796	OK	 
REQUEST	injecteur 3	3		request_2	1462970767779	1462970767798	OK	 
REQUEST	injecteur 5	10		request_4	1462970767781	1462970767800	OK	 
REQUEST	injecteur 6	8		request_5	1462970767783	1462970767802	OK	 
REQUEST	injecteur 9	6		request_8	1462970767784	1462970767804	OK	 
REQUEST	injecteur 8	4		request_7	1462970767787	1462970767806	OK	 
REQUEST	injecteur 7	2		request_6	1462970767788	1462970767808	OK	 
REQUEST	injecteur 2	9		request_1	1462970767790	1462970767810	OK	 
REQUEST	injecteur 10	5		request_9	1462970767792	1462970767813	OK	 
REQUEST	injecteur 4	1		request_3	1462970767794	1462970767815	OK	 
REQUEST	injecteur 1	7		request_0	1462970767796	1462970767820	OK	 
REQUEST	injecteur 3	3		request_2	1462970767799	1462970767822	OK	 
REQUEST	injecteur 5	10		request_4	1462970767801	1462970767824	OK	 
REQUEST	injecteur 6	8		request_5	1462970767802	1462970767828	OK	 
REQUEST	injecteur 9	6		request_8	1462970767805	1462970767829	OK	 
REQUEST	injecteur 8	4		request_7	1462970767807	1462970767831	OK	 
REQUEST	injecteur 7	2		request_6	1462970767809	1462970767832	OK	 
REQUEST	injecteur 2	9		request_1	1462970767811	1462970767834	OK	 
REQUEST	injecteur 10	5		request_9	1462970767814	1462970767836	OK	 
REQUEST	injecteur 4	1		request_3	1462970767817	1462970767837	OK	 
REQUEST	injecteur 1	7		request_0	1462970767821	1462970767839	OK	 
REQUEST	injecteur 3	3		request_2	1462970767822	1462970767840	OK	 
REQUEST	injecteur 5	10		request_4	1462970767825	1462970767843	OK	 
REQUEST	injecteur 6	8		request_5	1462970767829	1462970767846	OK	 
REQUEST	injecteur 9	6		request_8	1462970767830	1462970767849	OK	 
REQUEST	injecteur 8	4		request_7	1462970767831	1462970767851	OK	 
REQUEST	injecteur 7	2		request_6	1462970767833	1462970767852	OK	 
REQUEST	injecteur 2	9		request_1	1462970767835	1462970767854	OK	 
REQUEST	injecteur 10	5		request_9	1462970767836	1462970767856	OK	 
REQUEST	injecteur 4	1		request_3	1462970767838	1462970767857	OK	 
REQUEST	injecteur 1	7		request_0	1462970767840	1462970767859	OK	 
REQUEST	injecteur 3	3		request_2	1462970767841	1462970767863	OK	 
REQUEST	injecteur 5	10		request_4	1462970767844	1462970767865	OK	 
REQUEST	injecteur 6	8		request_5	1462970767846	1462970767867	OK	 
REQUEST	injecteur 9	6		request_8	1462970767850	1462970767869	OK	 
REQUEST	injecteur 8	4		request_7	1462970767851	1462970767870	OK	 
REQUEST	injecteur 7	2		request_6	1462970767853	1462970767872	OK	 
REQUEST	injecteur 2	9		request_1	1462970767855	1462970767874	OK	 
REQUEST	injecteur 10	5		request_9	1462970767857	1462970767879	OK	 
REQUEST	injecteur 4	1		request_3	1462970767858	1462970767881	OK	 
REQUEST	injecteur 1	7		request_0	1462970767860	1462970767883	OK	 
REQUEST	injecteur 3	3		request_2	1462970767863	1462970767888	OK	 
REQUEST	injecteur 5	10		request_4	1462970767866	1462970767889	OK	 
REQUEST	injecteur 6	8		request_5	1462970767868	1462970767891	OK	 
REQUEST	injecteur 9	6		request_8	1462970767869	1462970767894	OK	 
REQUEST	injecteur 8	4		request_7	1462970767871	1462970767897	OK	 
REQUEST	injecteur 7	2		request_6	1462970767873	1462970767899	OK	 
REQUEST	injecteur 2	9		request_1	1462970767875	1462970767900	OK	 
REQUEST	injecteur 10	5		request_9	1462970767880	1462970767902	OK	 
REQUEST	injecteur 4	1		request_3	1462970767882	1462970767907	OK	 
REQUEST	injecteur 1	7		request_0	1462970767884	1462970767908	OK	 
REQUEST	injecteur 3	3		request_2	1462970767888	1462970767911	OK	 
REQUEST	injecteur 5	10		request_4	1462970767890	1462970767913	OK	 
REQUEST	injecteur 6	8		request_5	1462970767892	1462970767914	OK	 
REQUEST	injecteur 9	6		request_8	1462970767895	1462970767916	OK	 
REQUEST	injecteur 8	4		request_7	1462970767897	1462970767917	OK	 
REQUEST	injecteur 7	2		request_6	1462970767899	1462970767919	OK	 
REQUEST	injecteur 2	9		request_1	1462970767901	1462970767921	OK	 
REQUEST	injecteur 10	5		request_9	1462970767903	1462970767925	OK	 
REQUEST	injecteur 4	1		request_3	1462970767907	1462970767931	OK	 
REQUEST	injecteur 1	7		request_0	1462970767909	1462970767935	OK	 
REQUEST	injecteur 3	3		request_2	1462970767912	1462970767940	OK	 
REQUEST	injecteur 6	8		request_5	1462970767915	1462970767941	OK	 
REQUEST	injecteur 5	10		request_4	1462970767913	1462970767945	OK	 
REQUEST	injecteur 9	6		request_8	1462970767916	1462970767947	OK	 
REQUEST	injecteur 7	2		request_6	1462970767920	1462970767949	OK	 
REQUEST	injecteur 8	4		request_7	1462970767918	1462970767958	OK	 
REQUEST	injecteur 6	8		request_5	1462970767942	1462970767965	OK	 
REQUEST	injecteur 2	9		request_1	1462970767922	1462970767967	OK	 
REQUEST	injecteur 10	5		request_9	1462970767926	1462970767971	OK	 
REQUEST	injecteur 4	1		request_3	1462970767932	1462970767976	OK	 
REQUEST	injecteur 1	7		request_0	1462970767935	1462970767979	OK	 
REQUEST	injecteur 3	3		request_2	1462970767942	1462970767981	OK	 
REQUEST	injecteur 5	10		request_4	1462970767946	1462970767984	OK	 
REQUEST	injecteur 9	6		request_8	1462970767948	1462970767986	OK	 
REQUEST	injecteur 7	2		request_6	1462970767950	1462970767988	OK	 
REQUEST	injecteur 8	4		request_7	1462970767958	1462970767990	OK	 
REQUEST	injecteur 6	8		request_5	1462970767965	1462970767993	OK	 
REQUEST	injecteur 2	9		request_1	1462970767968	1462970767998	OK	 
REQUEST	injecteur 10	5		request_9	1462970767972	1462970768000	OK	 
REQUEST	injecteur 4	1		request_3	1462970767977	1462970768005	OK	 
REQUEST	injecteur 1	7		request_0	1462970767980	1462970768008	OK	 
REQUEST	injecteur 3	3		request_2	1462970767981	1462970768011	OK	 
REQUEST	injecteur 5	10		request_4	1462970767985	1462970768017	OK	 
REQUEST	injecteur 9	6		request_8	1462970767987	1462970768020	OK	 
REQUEST	injecteur 7	2		request_6	1462970767989	1462970768021	OK	 
REQUEST	injecteur 8	4		request_7	1462970767990	1462970768022	OK	 
REQUEST	injecteur 6	8		request_5	1462970767993	1462970768024	OK	 
REQUEST	injecteur 2	9		request_1	1462970767999	1462970768026	OK	 
REQUEST	injecteur 10	5		request_9	1462970768001	1462970768028	OK	 
REQUEST	injecteur 4	1		request_3	1462970768006	1462970768029	OK	 
REQUEST	injecteur 1	7		request_0	1462970768009	1462970768031	OK	 
REQUEST	injecteur 3	3		request_2	1462970768012	1462970768033	OK	 
REQUEST	injecteur 5	10		request_4	1462970768017	1462970768036	OK	 
REQUEST	injecteur 9	6		request_8	1462970768020	1462970768038	OK	 
REQUEST	injecteur 7	2		request_6	1462970768022	1462970768039	OK	 
REQUEST	injecteur 8	4		request_7	1462970768023	1462970768041	OK	 
REQUEST	injecteur 6	8		request_5	1462970768024	1462970768043	OK	 
REQUEST	injecteur 2	9		request_1	1462970768027	1462970768045	OK	 
REQUEST	injecteur 10	5		request_9	1462970768028	1462970768046	OK	 
REQUEST	injecteur 4	1		request_3	1462970768030	1462970768048	OK	 
REQUEST	injecteur 1	7		request_0	1462970768032	1462970768050	OK	 
REQUEST	injecteur 3	3		request_2	1462970768034	1462970768053	OK	 
REQUEST	injecteur 5	10		request_4	1462970768036	1462970768055	OK	 
REQUEST	injecteur 9	6		request_8	1462970768038	1462970768056	OK	 
REQUEST	injecteur 7	2		request_6	1462970768040	1462970768058	OK	 
REQUEST	injecteur 8	4		request_7	1462970768042	1462970768060	OK	 
REQUEST	injecteur 6	8		request_5	1462970768044	1462970768062	OK	 
REQUEST	injecteur 2	9		request_1	1462970768045	1462970768063	OK	 
REQUEST	injecteur 10	5		request_9	1462970768047	1462970768066	OK	 
REQUEST	injecteur 4	1		request_3	1462970768048	1462970768069	OK	 
REQUEST	injecteur 1	7		request_0	1462970768051	1462970768071	OK	 
REQUEST	injecteur 3	3		request_2	1462970768053	1462970768072	OK	 
REQUEST	injecteur 5	10		request_4	1462970768055	1462970768074	OK	 
REQUEST	injecteur 9	6		request_8	1462970768057	1462970768076	OK	 
REQUEST	injecteur 7	2		request_6	1462970768059	1462970768077	OK	 
REQUEST	injecteur 8	4		request_7	1462970768061	1462970768079	OK	 
REQUEST	injecteur 6	8		request_5	1462970768062	1462970768081	OK	 
REQUEST	injecteur 2	9		request_1	1462970768064	1462970768086	OK	 
REQUEST	injecteur 10	5		request_9	1462970768066	1462970768087	OK	 
REQUEST	injecteur 4	1		request_3	1462970768069	1462970768089	OK	 
REQUEST	injecteur 1	7		request_0	1462970768071	1462970768091	OK	 
REQUEST	injecteur 3	3		request_2	1462970768073	1462970768092	OK	 
REQUEST	injecteur 5	10		request_4	1462970768075	1462970768094	OK	 
REQUEST	injecteur 9	6		request_8	1462970768076	1462970768095	OK	 
REQUEST	injecteur 7	2		request_6	1462970768078	1462970768097	OK	 
REQUEST	injecteur 8	4		request_7	1462970768080	1462970768098	OK	 
REQUEST	injecteur 6	8		request_5	1462970768082	1462970768101	OK	 
REQUEST	injecteur 2	9		request_1	1462970768087	1462970768103	OK	 
REQUEST	injecteur 10	5		request_9	1462970768088	1462970768105	OK	 
REQUEST	injecteur 4	1		request_3	1462970768090	1462970768106	OK	 
REQUEST	injecteur 1	7		request_0	1462970768091	1462970768108	OK	 
REQUEST	injecteur 3	3		request_2	1462970768093	1462970768110	OK	 
REQUEST	injecteur 5	10		request_4	1462970768095	1462970768111	OK	 
REQUEST	injecteur 9	6		request_8	1462970768096	1462970768113	OK	 
REQUEST	injecteur 7	2		request_6	1462970768098	1462970768115	OK	 
REQUEST	injecteur 8	4		request_7	1462970768099	1462970768117	OK	 
REQUEST	injecteur 6	8		request_5	1462970768102	1462970768120	OK	 
REQUEST	injecteur 2	9		request_1	1462970768104	1462970768122	OK	 
REQUEST	injecteur 10	5		request_9	1462970768105	1462970768123	OK	 
REQUEST	injecteur 4	1		request_3	1462970768107	1462970768125	OK	 
REQUEST	injecteur 1	7		request_0	1462970768109	1462970768126	OK	 
REQUEST	injecteur 3	3		request_2	1462970768110	1462970768128	OK	 
REQUEST	injecteur 5	10		request_4	1462970768112	1462970768130	OK	 
REQUEST	injecteur 9	6		request_8	1462970768114	1462970768131	OK	 
REQUEST	injecteur 7	2		request_6	1462970768115	1462970768134	OK	 
REQUEST	injecteur 8	4		request_7	1462970768118	1462970768136	OK	 
REQUEST	injecteur 6	8		request_5	1462970768120	1462970768138	OK	 
REQUEST	injecteur 2	9		request_1	1462970768122	1462970768139	OK	 
REQUEST	injecteur 10	5		request_9	1462970768124	1462970768140	OK	 
REQUEST	injecteur 4	1		request_3	1462970768125	1462970768142	OK	 
REQUEST	injecteur 1	7		request_0	1462970768127	1462970768144	OK	 
REQUEST	injecteur 3	3		request_2	1462970768128	1462970768146	OK	 
REQUEST	injecteur 5	10		request_4	1462970768130	1462970768147	OK	 
REQUEST	injecteur 9	6		request_8	1462970768132	1462970768150	OK	 
REQUEST	injecteur 7	2		request_6	1462970768135	1462970768153	OK	 
REQUEST	injecteur 8	4		request_7	1462970768136	1462970768155	OK	 
REQUEST	injecteur 6	8		request_5	1462970768138	1462970768157	OK	 
REQUEST	injecteur 2	9		request_1	1462970768140	1462970768159	OK	 
REQUEST	injecteur 10	5		request_9	1462970768141	1462970768161	OK	 
REQUEST	injecteur 4	1		request_3	1462970768143	1462970768164	OK	 
REQUEST	injecteur 1	7		request_0	1462970768145	1462970768165	OK	 
REQUEST	injecteur 3	3		request_2	1462970768146	1462970768168	OK	 
REQUEST	injecteur 5	10		request_4	1462970768148	1462970768171	OK	 
REQUEST	injecteur 9	6		request_8	1462970768151	1462970768174	OK	 
REQUEST	injecteur 7	2		request_6	1462970768154	1462970768176	OK	 
REQUEST	injecteur 8	4		request_7	1462970768156	1462970768178	OK	 
REQUEST	injecteur 6	8		request_5	1462970768157	1462970768180	OK	 
REQUEST	injecteur 2	9		request_1	1462970768160	1462970768182	OK	 
REQUEST	injecteur 10	5		request_9	1462970768161	1462970768184	OK	 
REQUEST	injecteur 4	1		request_3	1462970768164	1462970768186	OK	 
REQUEST	injecteur 1	7		request_0	1462970768166	1462970768188	OK	 
REQUEST	injecteur 3	3		request_2	1462970768169	1462970768192	OK	 
REQUEST	injecteur 5	10		request_4	1462970768172	1462970768197	OK	 
REQUEST	injecteur 9	6		request_8	1462970768175	1462970768200	OK	 
REQUEST	injecteur 7	2		request_6	1462970768177	1462970768204	OK	 
REQUEST	injecteur 8	4		request_7	1462970768179	1462970768206	OK	 
REQUEST	injecteur 6	8		request_5	1462970768180	1462970768208	OK	 
REQUEST	injecteur 2	9		request_1	1462970768182	1462970768211	OK	 
REQUEST	injecteur 10	5		request_9	1462970768185	1462970768214	OK	 
REQUEST	injecteur 4	1		request_3	1462970768187	1462970768216	OK	 
REQUEST	injecteur 2	9		request_1	1462970768211	1462970768219	OK	 
REQUEST	injecteur 1	7		request_0	1462970768189	1462970768223	OK	 
REQUEST	injecteur 3	3		request_2	1462970768193	1462970768225	OK	 
REQUEST	injecteur 5	10		request_4	1462970768198	1462970768229	OK	 
REQUEST	injecteur 9	6		request_8	1462970768201	1462970768231	OK	 
REQUEST	injecteur 7	2		request_6	1462970768205	1462970768233	OK	 
REQUEST	injecteur 6	8		request_5	1462970768208	1462970768238	OK	 
REQUEST	injecteur 8	4		request_7	1462970768207	1462970768238	OK	 
REQUEST	injecteur 10	5		request_9	1462970768215	1462970768244	OK	 
REQUEST	injecteur 4	1		request_3	1462970768217	1462970768246	OK	 
REQUEST	injecteur 2	9		request_1	1462970768220	1462970768248	OK	 
REQUEST	injecteur 1	7		request_0	1462970768224	1462970768250	OK	 
REQUEST	injecteur 3	3		request_2	1462970768226	1462970768251	OK	 
REQUEST	injecteur 5	10		request_4	1462970768230	1462970768253	OK	 
REQUEST	injecteur 9	6		request_8	1462970768232	1462970768255	OK	 
REQUEST	injecteur 7	2		request_6	1462970768234	1462970768257	OK	 
REQUEST	injecteur 6	8		request_5	1462970768239	1462970768260	OK	 
REQUEST	injecteur 8	4		request_7	1462970768239	1462970768262	OK	 
REQUEST	injecteur 10	5		request_9	1462970768245	1462970768265	OK	 
REQUEST	injecteur 4	1		request_3	1462970768246	1462970768268	OK	 
REQUEST	injecteur 2	9		request_1	1462970768249	1462970768271	OK	 
REQUEST	injecteur 1	7		request_0	1462970768251	1462970768271	OK	 
REQUEST	injecteur 3	3		request_2	1462970768252	1462970768273	OK	 
REQUEST	injecteur 5	10		request_4	1462970768254	1462970768275	OK	 
REQUEST	injecteur 9	6		request_8	1462970768256	1462970768278	OK	 
REQUEST	injecteur 7	2		request_6	1462970768257	1462970768281	OK	 
REQUEST	injecteur 6	8		request_5	1462970768260	1462970768284	OK	 
REQUEST	injecteur 8	4		request_7	1462970768262	1462970768286	OK	 
REQUEST	injecteur 10	5		request_9	1462970768266	1462970768290	OK	 
REQUEST	injecteur 4	1		request_3	1462970768269	1462970768292	OK	 
REQUEST	injecteur 2	9		request_1	1462970768272	1462970768296	OK	 
REQUEST	injecteur 1	7		request_0	1462970768272	1462970768298	OK	 
REQUEST	injecteur 3	3		request_2	1462970768274	1462970768301	OK	 
REQUEST	injecteur 5	10		request_4	1462970768276	1462970768303	OK	 
REQUEST	injecteur 9	6		request_8	1462970768278	1462970768306	OK	 
REQUEST	injecteur 7	2		request_6	1462970768282	1462970768309	OK	 
REQUEST	injecteur 8	4		request_7	1462970768287	1462970768313	OK	 
REQUEST	injecteur 6	8		request_5	1462970768284	1462970768315	OK	 
REQUEST	injecteur 10	5		request_9	1462970768290	1462970768323	OK	 
REQUEST	injecteur 1	7		request_0	1462970768300	1462970768324	OK	 
REQUEST	injecteur 4	1		request_3	1462970768292	1462970768324	OK	 
REQUEST	injecteur 2	9		request_1	1462970768297	1462970768326	OK	 
REQUEST	injecteur 8	4		request_7	1462970768314	1462970768328	OK	 
REQUEST	injecteur 3	3		request_2	1462970768302	1462970768331	OK	 
REQUEST	injecteur 5	10		request_4	1462970768304	1462970768333	OK	 
REQUEST	injecteur 9	6		request_8	1462970768307	1462970768337	OK	 
REQUEST	injecteur 7	2		request_6	1462970768310	1462970768342	OK	 
REQUEST	injecteur 6	8		request_5	1462970768316	1462970768343	OK	 
REQUEST	injecteur 10	5		request_9	1462970768324	1462970768351	OK	 
REQUEST	injecteur 1	7		request_0	1462970768325	1462970768353	OK	 
REQUEST	injecteur 4	1		request_3	1462970768325	1462970768356	OK	 
REQUEST	injecteur 2	9		request_1	1462970768327	1462970768358	OK	 
REQUEST	injecteur 8	4		request_7	1462970768328	1462970768360	OK	 
REQUEST	injecteur 3	3		request_2	1462970768332	1462970768362	OK	 
REQUEST	injecteur 5	10		request_4	1462970768334	1462970768366	OK	 
REQUEST	injecteur 9	6		request_8	1462970768337	1462970768368	OK	 
REQUEST	injecteur 7	2		request_6	1462970768342	1462970768371	OK	 
REQUEST	injecteur 6	8		request_5	1462970768344	1462970768372	OK	 
REQUEST	injecteur 10	5		request_9	1462970768351	1462970768377	OK	 
REQUEST	injecteur 1	7		request_0	1462970768354	1462970768379	OK	 
REQUEST	injecteur 4	1		request_3	1462970768357	1462970768381	OK	 
REQUEST	injecteur 2	9		request_1	1462970768359	1462970768383	OK	 
REQUEST	injecteur 8	4		request_7	1462970768361	1462970768385	OK	 
REQUEST	injecteur 3	3		request_2	1462970768363	1462970768387	OK	 
REQUEST	injecteur 5	10		request_4	1462970768367	1462970768390	OK	 
REQUEST	injecteur 9	6		request_8	1462970768369	1462970768392	OK	 
REQUEST	injecteur 7	2		request_6	1462970768371	1462970768394	OK	 
REQUEST	injecteur 6	8		request_5	1462970768373	1462970768399	OK	 
REQUEST	injecteur 10	5		request_9	1462970768377	1462970768402	OK	 
REQUEST	injecteur 1	7		request_0	1462970768380	1462970768404	OK	 
REQUEST	injecteur 4	1		request_3	1462970768382	1462970768405	OK	 
REQUEST	injecteur 2	9		request_1	1462970768384	1462970768407	OK	 
REQUEST	injecteur 8	4		request_7	1462970768386	1462970768409	OK	 
REQUEST	injecteur 3	3		request_2	1462970768387	1462970768411	OK	 
REQUEST	injecteur 5	10		request_4	1462970768391	1462970768413	OK	 
REQUEST	injecteur 9	6		request_8	1462970768393	1462970768414	OK	 
REQUEST	injecteur 7	2		request_6	1462970768396	1462970768418	OK	 
REQUEST	injecteur 6	8		request_5	1462970768400	1462970768421	OK	 
REQUEST	injecteur 10	5		request_9	1462970768402	1462970768423	OK	 
REQUEST	injecteur 1	7		request_0	1462970768404	1462970768425	OK	 
REQUEST	injecteur 4	1		request_3	1462970768406	1462970768429	OK	 
REQUEST	injecteur 2	9		request_1	1462970768408	1462970768431	OK	 
REQUEST	injecteur 8	4		request_7	1462970768410	1462970768433	OK	 
REQUEST	injecteur 3	3		request_2	1462970768411	1462970768435	OK	 
REQUEST	injecteur 5	10		request_4	1462970768413	1462970768438	OK	 
REQUEST	injecteur 9	6		request_8	1462970768415	1462970768441	OK	 
REQUEST	injecteur 7	2		request_6	1462970768419	1462970768444	OK	 
REQUEST	injecteur 6	8		request_5	1462970768422	1462970768446	OK	 
REQUEST	injecteur 10	5		request_9	1462970768424	1462970768448	OK	 
REQUEST	injecteur 1	7		request_0	1462970768427	1462970768450	OK	 
REQUEST	injecteur 4	1		request_3	1462970768430	1462970768452	OK	 
REQUEST	injecteur 2	9		request_1	1462970768432	1462970768453	OK	 
REQUEST	injecteur 8	4		request_7	1462970768433	1462970768455	OK	 
REQUEST	injecteur 3	3		request_2	1462970768435	1462970768459	OK	 
REQUEST	injecteur 5	10		request_4	1462970768439	1462970768461	OK	 
REQUEST	injecteur 9	6		request_8	1462970768442	1462970768465	OK	 
REQUEST	injecteur 7	2		request_6	1462970768445	1462970768467	OK	 
REQUEST	injecteur 6	8		request_5	1462970768447	1462970768469	OK	 
REQUEST	injecteur 10	5		request_9	1462970768449	1462970768475	OK	 
REQUEST	injecteur 1	7		request_0	1462970768450	1462970768477	OK	 
REQUEST	injecteur 4	1		request_3	1462970768452	1462970768478	OK	 
REQUEST	injecteur 2	9		request_1	1462970768454	1462970768481	OK	 
REQUEST	injecteur 8	4		request_7	1462970768456	1462970768490	OK	 
REQUEST	injecteur 3	3		request_2	1462970768460	1462970768493	OK	 
REQUEST	injecteur 6	8		request_5	1462970768470	1462970768501	OK	 
REQUEST	injecteur 10	5		request_9	1462970768476	1462970768505	OK	 
REQUEST	injecteur 5	10		request_4	1462970768461	1462970768507	OK	 
REQUEST	injecteur 1	7		request_0	1462970768478	1462970768508	OK	 
REQUEST	injecteur 7	2		request_6	1462970768468	1462970768508	OK	 
REQUEST	injecteur 9	6		request_8	1462970768465	1462970768509	OK	 
REQUEST	injecteur 4	1		request_3	1462970768479	1462970768513	OK	 
REQUEST	injecteur 6	8		request_5	1462970768502	1462970768525	OK	 
REQUEST	injecteur 10	5		request_9	1462970768505	1462970768527	OK	 
REQUEST	injecteur 2	9		request_1	1462970768481	1462970768531	OK	 
REQUEST	injecteur 8	4		request_7	1462970768491	1462970768533	OK	 
REQUEST	injecteur 3	3		request_2	1462970768494	1462970768538	OK	 
REQUEST	injecteur 5	10		request_4	1462970768507	1462970768540	OK	 
REQUEST	injecteur 1	7		request_0	1462970768509	1462970768540	OK	 
REQUEST	injecteur 9	6		request_8	1462970768510	1462970768543	OK	 
REQUEST	injecteur 7	2		request_6	1462970768509	1462970768545	OK	 
REQUEST	injecteur 8	4		request_7	1462970768533	1462970768552	OK	 
REQUEST	injecteur 7	2		request_6	1462970768546	1462970768554	OK	 
REQUEST	injecteur 4	1		request_3	1462970768513	1462970768556	OK	 
REQUEST	injecteur 6	8		request_5	1462970768527	1462970768558	OK	 
REQUEST	injecteur 10	5		request_9	1462970768528	1462970768560	OK	 
REQUEST	injecteur 2	9		request_1	1462970768531	1462970768563	OK	 
REQUEST	injecteur 3	3		request_2	1462970768539	1462970768565	OK	 
REQUEST	injecteur 5	10		request_4	1462970768541	1462970768566	OK	 
REQUEST	injecteur 1	7		request_0	1462970768541	1462970768568	OK	 
REQUEST	injecteur 9	6		request_8	1462970768543	1462970768570	OK	 
REQUEST	injecteur 8	4		request_7	1462970768553	1462970768574	OK	 
REQUEST	injecteur 7	2		request_6	1462970768555	1462970768576	OK	 
REQUEST	injecteur 4	1		request_3	1462970768556	1462970768578	OK	 
REQUEST	injecteur 10	5		request_9	1462970768561	1462970768586	OK	 
REQUEST	injecteur 5	10		request_4	1462970768567	1462970768588	OK	 
REQUEST	injecteur 2	9		request_1	1462970768564	1462970768589	OK	 
REQUEST	injecteur 6	8		request_5	1462970768559	1462970768582	OK	 
REQUEST	injecteur 9	6		request_8	1462970768570	1462970768594	OK	 
REQUEST	injecteur 3	3		request_2	1462970768565	1462970768596	OK	 
REQUEST	injecteur 8	4		request_7	1462970768575	1462970768597	OK	 
REQUEST	injecteur 1	7		request_0	1462970768569	1462970768598	OK	 
REQUEST	injecteur 4	1		request_3	1462970768579	1462970768602	OK	 
REQUEST	injecteur 10	5		request_9	1462970768587	1462970768604	OK	 
REQUEST	injecteur 7	2		request_6	1462970768576	1462970768606	OK	 
REQUEST	injecteur 8	4		request_7	1462970768598	1462970768608	OK	 
REQUEST	injecteur 5	10		request_4	1462970768588	1462970768610	OK	 
REQUEST	injecteur 2	9		request_1	1462970768590	1462970768612	OK	 
REQUEST	injecteur 6	8		request_5	1462970768592	1462970768616	OK	 
REQUEST	injecteur 9	6		request_8	1462970768594	1462970768620	OK	 
REQUEST	injecteur 3	3		request_2	1462970768597	1462970768626	OK	 
REQUEST	injecteur 1	7		request_0	1462970768599	1462970768628	OK	 
REQUEST	injecteur 4	1		request_3	1462970768603	1462970768634	OK	 
REQUEST	injecteur 6	8		request_5	1462970768617	1462970768641	OK	 
REQUEST	injecteur 10	5		request_9	1462970768605	1462970768650	OK	 
REQUEST	injecteur 7	2		request_6	1462970768606	1462970768652	OK	 
REQUEST	injecteur 8	4		request_7	1462970768608	1462970768652	OK	 
REQUEST	injecteur 5	10		request_4	1462970768611	1462970768655	OK	 
REQUEST	injecteur 2	9		request_1	1462970768613	1462970768657	OK	 
REQUEST	injecteur 9	6		request_8	1462970768621	1462970768659	OK	 
REQUEST	injecteur 3	3		request_2	1462970768627	1462970768666	OK	 
REQUEST	injecteur 1	7		request_0	1462970768628	1462970768668	OK	 
REQUEST	injecteur 4	1		request_3	1462970768634	1462970768674	OK	 
REQUEST	injecteur 6	8		request_5	1462970768642	1462970768676	OK	 
REQUEST	injecteur 10	5		request_9	1462970768651	1462970768678	OK	 
REQUEST	injecteur 7	2		request_6	1462970768652	1462970768680	OK	 
REQUEST	injecteur 5	10		request_4	1462970768656	1462970768685	OK	 
REQUEST	injecteur 8	4		request_7	1462970768652	1462970768686	OK	 
REQUEST	injecteur 2	9		request_1	1462970768657	1462970768689	OK	 
REQUEST	injecteur 9	6		request_8	1462970768660	1462970768696	OK	 
REQUEST	injecteur 7	2		request_6	1462970768681	1462970768699	OK	 
REQUEST	injecteur 5	10		request_4	1462970768686	1462970768701	OK	 
REQUEST	injecteur 3	3		request_2	1462970768667	1462970768707	OK	 
REQUEST	injecteur 4	1		request_3	1462970768675	1462970768709	OK	 
REQUEST	injecteur 1	7		request_0	1462970768668	1462970768709	OK	 
REQUEST	injecteur 6	8		request_5	1462970768677	1462970768716	OK	 
REQUEST	injecteur 10	5		request_9	1462970768679	1462970768718	OK	 
REQUEST	injecteur 8	4		request_7	1462970768687	1462970768718	OK	 
REQUEST	injecteur 2	9		request_1	1462970768690	1462970768722	OK	 
REQUEST	injecteur 8	4		request_7	1462970768719	1462970768725	OK	 
REQUEST	injecteur 9	6		request_8	1462970768696	1462970768729	OK	 
REQUEST	injecteur 7	2		request_6	1462970768700	1462970768733	OK	 
REQUEST	injecteur 5	10		request_4	1462970768702	1462970768735	OK	 
REQUEST	injecteur 3	3		request_2	1462970768707	1462970768739	OK	 
