ASSERTION	AAMBAAMDBABk
RUN	InjectionsAndVerifications		injectionsandverifications	1462973927007	 	2.0
USER	injecteur 4	1	START	1462973945620	1462973945620
USER	injecteur 7	2	START	1462973945872	1462973945872
USER	injecteur 3	3	START	1462973945874	1462973945874
USER	injecteur 8	4	START	1462973945876	1462973945876
USER	injecteur 10	5	START	1462973945878	1462973945878
USER	injecteur 9	6	START	1462973945881	1462973945881
USER	injecteur 1	7	START	1462973945883	1462973945883
USER	injecteur 6	8	START	1462973945886	1462973945886
USER	injecteur 2	9	START	1462973945889	1462973945889
USER	injecteur 5	10	START	1462973945932	1462973945932
REQUEST	injecteur 4	1		request_3	1462973945811	1462973946198	OK	 
REQUEST	injecteur 8	4		request_7	1462973945877	1462973946211	OK	 
REQUEST	injecteur 9	6		request_8	1462973945882	1462973946218	OK	 
REQUEST	injecteur 3	3		request_2	1462973945875	1462973946204	OK	 
REQUEST	injecteur 6	8		request_5	1462973945887	1462973946230	OK	 
REQUEST	injecteur 1	7		request_0	1462973945884	1462973946225	OK	 
REQUEST	injecteur 10	5		request_9	1462973945879	1462973946215	OK	 
REQUEST	injecteur 7	2		request_6	1462973945873	1462973946209	OK	 
REQUEST	injecteur 5	10		request_4	1462973945933	1462973946422	OK	 
REQUEST	injecteur 2	9		request_1	1462973945890	1462973946420	OK	 
REQUEST	injecteur 4	1		request_3	1462973946418	1462973946433	OK	 
REQUEST	injecteur 7	2		request_6	1462973946420	1462973946437	OK	 
REQUEST	injecteur 10	5		request_9	1462973946420	1462973946441	OK	 
REQUEST	injecteur 1	7		request_0	1462973946422	1462973946446	OK	 
REQUEST	injecteur 5	10		request_4	1462973946423	1462973946456	OK	 
REQUEST	injecteur 6	8		request_5	1462973946428	1462973946460	OK	 
REQUEST	injecteur 2	9		request_1	1462973946426	1462973946459	OK	 
REQUEST	injecteur 9	6		request_8	1462973946430	1462973946467	OK	 
REQUEST	injecteur 3	3		request_2	1462973946432	1462973946471	OK	 
REQUEST	injecteur 4	1		request_3	1462973946435	1462973946474	OK	 
REQUEST	injecteur 7	2		request_6	1462973946438	1462973946481	OK	 
REQUEST	injecteur 10	5		request_9	1462973946447	1462973946486	OK	 
REQUEST	injecteur 1	7		request_0	1462973946447	1462973946489	OK	 
REQUEST	injecteur 8	4		request_7	1462973946451	1462973946493	OK	 
REQUEST	injecteur 5	10		request_4	1462973946457	1462973946497	OK	 
REQUEST	injecteur 6	8		request_5	1462973946461	1462973946503	OK	 
REQUEST	injecteur 2	9		request_1	1462973946461	1462973946506	OK	 
REQUEST	injecteur 5	10		request_4	1462973946499	1462973946511	OK	 
REQUEST	injecteur 9	6		request_8	1462973946468	1462973946515	OK	 
REQUEST	injecteur 3	3		request_2	1462973946472	1462973946518	OK	 
REQUEST	injecteur 4	1		request_3	1462973946476	1462973946521	OK	 
REQUEST	injecteur 7	2		request_6	1462973946482	1462973946527	OK	 
REQUEST	injecteur 10	5		request_9	1462973946489	1462973946533	OK	 
REQUEST	injecteur 1	7		request_0	1462973946490	1462973946537	OK	 
REQUEST	injecteur 8	4		request_7	1462973946495	1462973946543	OK	 
REQUEST	injecteur 6	8		request_5	1462973946504	1462973946547	OK	 
REQUEST	injecteur 2	9		request_1	1462973946507	1462973946551	OK	 
REQUEST	injecteur 5	10		request_4	1462973946512	1462973946555	OK	 
REQUEST	injecteur 9	6		request_8	1462973946516	1462973946558	OK	 
REQUEST	injecteur 3	3		request_2	1462973946519	1462973946562	OK	 
REQUEST	injecteur 4	1		request_3	1462973946522	1462973946565	OK	 
REQUEST	injecteur 7	2		request_6	1462973946528	1462973946568	OK	 
REQUEST	injecteur 10	5		request_9	1462973946535	1462973946571	OK	 
REQUEST	injecteur 1	7		request_0	1462973946539	1462973946577	OK	 
REQUEST	injecteur 8	4		request_7	1462973946544	1462973946582	OK	 
REQUEST	injecteur 6	8		request_5	1462973946549	1462973946586	OK	 
REQUEST	injecteur 2	9		request_1	1462973946552	1462973946589	OK	 
REQUEST	injecteur 5	10		request_4	1462973946556	1462973946592	OK	 
REQUEST	injecteur 9	6		request_8	1462973946559	1462973946597	OK	 
REQUEST	injecteur 3	3		request_2	1462973946563	1462973946600	OK	 
REQUEST	injecteur 4	1		request_3	1462973946567	1462973946603	OK	 
REQUEST	injecteur 7	2		request_6	1462973946569	1462973946607	OK	 
REQUEST	injecteur 10	5		request_9	1462973946573	1462973946615	OK	 
REQUEST	injecteur 1	7		request_0	1462973946578	1462973946622	OK	 
REQUEST	injecteur 8	4		request_7	1462973946583	1462973946627	OK	 
REQUEST	injecteur 6	8		request_5	1462973946587	1462973946631	OK	 
REQUEST	injecteur 2	9		request_1	1462973946590	1462973946635	OK	 
REQUEST	injecteur 5	10		request_4	1462973946593	1462973946639	OK	 
REQUEST	injecteur 9	6		request_8	1462973946598	1462973946642	OK	 
REQUEST	injecteur 3	3		request_2	1462973946601	1462973946646	OK	 
REQUEST	injecteur 4	1		request_3	1462973946604	1462973946651	OK	 
REQUEST	injecteur 7	2		request_6	1462973946608	1462973946658	OK	 
REQUEST	injecteur 10	5		request_9	1462973946616	1462973946667	OK	 
REQUEST	injecteur 1	7		request_0	1462973946623	1462973946674	OK	 
REQUEST	injecteur 8	4		request_7	1462973946628	1462973946683	OK	 
REQUEST	injecteur 6	8		request_5	1462973946632	1462973946689	OK	 
REQUEST	injecteur 2	9		request_1	1462973946637	1462973946693	OK	 
REQUEST	injecteur 5	10		request_4	1462973946640	1462973946698	OK	 
REQUEST	injecteur 9	6		request_8	1462973946643	1462973946700	OK	 
REQUEST	injecteur 3	3		request_2	1462973946647	1462973946704	OK	 
REQUEST	injecteur 4	1		request_3	1462973946652	1462973946708	OK	 
REQUEST	injecteur 7	2		request_6	1462973946659	1462973946711	OK	 
REQUEST	injecteur 1	7		request_0	1462973946676	1462973946715	OK	 
REQUEST	injecteur 10	5		request_9	1462973946669	1462973946723	OK	 
REQUEST	injecteur 8	4		request_7	1462973946684	1462973946725	OK	 
REQUEST	injecteur 6	8		request_5	1462973946691	1462973946733	OK	 
REQUEST	injecteur 2	9		request_1	1462973946694	1462973946737	OK	 
REQUEST	injecteur 5	10		request_4	1462973946699	1462973946740	OK	 
REQUEST	injecteur 9	6		request_8	1462973946701	1462973946747	OK	 
REQUEST	injecteur 3	3		request_2	1462973946705	1462973946750	OK	 
REQUEST	injecteur 4	1		request_3	1462973946710	1462973946753	OK	 
REQUEST	injecteur 8	4		request_7	1462973946727	1462973946758	OK	 
REQUEST	injecteur 7	2		request_6	1462973946712	1462973946761	OK	 
REQUEST	injecteur 1	7		request_0	1462973946716	1462973946765	OK	 
REQUEST	injecteur 10	5		request_9	1462973946724	1462973946768	OK	 
REQUEST	injecteur 6	8		request_5	1462973946734	1462973946774	OK	 
REQUEST	injecteur 2	9		request_1	1462973946738	1462973946777	OK	 
REQUEST	injecteur 5	10		request_4	1462973946741	1462973946782	OK	 
REQUEST	injecteur 9	6		request_8	1462973946748	1462973946786	OK	 
REQUEST	injecteur 3	3		request_2	1462973946751	1462973946791	OK	 
REQUEST	injecteur 4	1		request_3	1462973946754	1462973946796	OK	 
REQUEST	injecteur 8	4		request_7	1462973946759	1462973946799	OK	 
REQUEST	injecteur 7	2		request_6	1462973946762	1462973946807	OK	 
REQUEST	injecteur 1	7		request_0	1462973946766	1462973946821	OK	 
REQUEST	injecteur 10	5		request_9	1462973946769	1462973946824	OK	 
REQUEST	injecteur 6	8		request_5	1462973946775	1462973946827	OK	 
REQUEST	injecteur 2	9		request_1	1462973946778	1462973946832	OK	 
REQUEST	injecteur 5	10		request_4	1462973946784	1462973946837	OK	 
REQUEST	injecteur 9	6		request_8	1462973946787	1462973946844	OK	 
REQUEST	injecteur 7	2		request_6	1462973946808	1462973946849	OK	 
REQUEST	injecteur 3	3		request_2	1462973946792	1462973946852	OK	 
REQUEST	injecteur 4	1		request_3	1462973946798	1462973946857	OK	 
REQUEST	injecteur 8	4		request_7	1462973946801	1462973946860	OK	 
REQUEST	injecteur 1	7		request_0	1462973946822	1462973946864	OK	 
REQUEST	injecteur 10	5		request_9	1462973946826	1462973946875	OK	 
REQUEST	injecteur 6	8		request_5	1462973946828	1462973946879	OK	 
REQUEST	injecteur 2	9		request_1	1462973946833	1462973946886	OK	 
REQUEST	injecteur 5	10		request_4	1462973946838	1462973946888	OK	 
REQUEST	injecteur 6	8		request_5	1462973946880	1462973946896	OK	 
REQUEST	injecteur 5	10		request_4	1462973946889	1462973946899	OK	 
REQUEST	injecteur 9	6		request_8	1462973946845	1462973946903	OK	 
REQUEST	injecteur 7	2		request_6	1462973946850	1462973946908	OK	 
REQUEST	injecteur 3	3		request_2	1462973946853	1462973946912	OK	 
REQUEST	injecteur 4	1		request_3	1462973946858	1462973946920	OK	 
REQUEST	injecteur 8	4		request_7	1462973946861	1462973946925	OK	 
REQUEST	injecteur 1	7		request_0	1462973946865	1462973946934	OK	 
REQUEST	injecteur 10	5		request_9	1462973946876	1462973946938	OK	 
REQUEST	injecteur 2	9		request_1	1462973946890	1462973946944	OK	 
REQUEST	injecteur 6	8		request_5	1462973946897	1462973946948	OK	 
REQUEST	injecteur 5	10		request_4	1462973946900	1462973946952	OK	 
REQUEST	injecteur 9	6		request_8	1462973946904	1462973946956	OK	 
REQUEST	injecteur 7	2		request_6	1462973946909	1462973946959	OK	 
REQUEST	injecteur 3	3		request_2	1462973946913	1462973946963	OK	 
REQUEST	injecteur 4	1		request_3	1462973946924	1462973946971	OK	 
REQUEST	injecteur 8	4		request_7	1462973946926	1462973946975	OK	 
REQUEST	injecteur 1	7		request_0	1462973946935	1462973946981	OK	 
REQUEST	injecteur 10	5		request_9	1462973946939	1462973946985	OK	 
REQUEST	injecteur 8	4		request_7	1462973946976	1462973946988	OK	 
REQUEST	injecteur 2	9		request_1	1462973946947	1462973947001	OK	 
REQUEST	injecteur 6	8		request_5	1462973946950	1462973947017	OK	 
REQUEST	injecteur 5	10		request_4	1462973946953	1462973947022	OK	 
REQUEST	injecteur 9	6		request_8	1462973946957	1462973947048	OK	 
REQUEST	injecteur 7	2		request_6	1462973946960	1462973947052	OK	 
REQUEST	injecteur 3	3		request_2	1462973946964	1462973947055	OK	 
REQUEST	injecteur 4	1		request_3	1462973946972	1462973947059	OK	 
REQUEST	injecteur 1	7		request_0	1462973946982	1462973947063	OK	 
REQUEST	injecteur 10	5		request_9	1462973946986	1462973947069	OK	 
REQUEST	injecteur 8	4		request_7	1462973946989	1462973947073	OK	 
REQUEST	injecteur 2	9		request_1	1462973947005	1462973947079	OK	 
REQUEST	injecteur 6	8		request_5	1462973947018	1462973947082	OK	 
REQUEST	injecteur 5	10		request_4	1462973947023	1462973947085	OK	 
REQUEST	injecteur 9	6		request_8	1462973947049	1462973947087	OK	 
REQUEST	injecteur 7	2		request_6	1462973947053	1462973947091	OK	 
REQUEST	injecteur 3	3		request_2	1462973947056	1462973947093	OK	 
REQUEST	injecteur 4	1		request_3	1462973947060	1462973947097	OK	 
REQUEST	injecteur 1	7		request_0	1462973947064	1462973947100	OK	 
REQUEST	injecteur 10	5		request_9	1462973947070	1462973947104	OK	 
REQUEST	injecteur 8	4		request_7	1462973947074	1462973947107	OK	 
REQUEST	injecteur 2	9		request_1	1462973947080	1462973947110	OK	 
REQUEST	injecteur 6	8		request_5	1462973947083	1462973947114	OK	 
REQUEST	injecteur 5	10		request_4	1462973947086	1462973947117	OK	 
REQUEST	injecteur 9	6		request_8	1462973947088	1462973947121	OK	 
REQUEST	injecteur 7	2		request_6	1462973947092	1462973947124	OK	 
REQUEST	injecteur 3	3		request_2	1462973947094	1462973947128	OK	 
REQUEST	injecteur 4	1		request_3	1462973947098	1462973947136	OK	 
REQUEST	injecteur 1	7		request_0	1462973947101	1462973947140	OK	 
REQUEST	injecteur 10	5		request_9	1462973947105	1462973947143	OK	 
REQUEST	injecteur 8	4		request_7	1462973947108	1462973947147	OK	 
REQUEST	injecteur 2	9		request_1	1462973947111	1462973947150	OK	 
REQUEST	injecteur 6	8		request_5	1462973947115	1462973947153	OK	 
REQUEST	injecteur 5	10		request_4	1462973947119	1462973947157	OK	 
REQUEST	injecteur 9	6		request_8	1462973947122	1462973947167	OK	 
REQUEST	injecteur 7	2		request_6	1462973947125	1462973947170	OK	 
REQUEST	injecteur 3	3		request_2	1462973947128	1462973947174	OK	 
REQUEST	injecteur 4	1		request_3	1462973947137	1462973947179	OK	 
REQUEST	injecteur 1	7		request_0	1462973947141	1462973947181	OK	 
REQUEST	injecteur 10	5		request_9	1462973947144	1462973947184	OK	 
REQUEST	injecteur 8	4		request_7	1462973947148	1462973947189	OK	 
REQUEST	injecteur 2	9		request_1	1462973947151	1462973947193	OK	 
REQUEST	injecteur 6	8		request_5	1462973947154	1462973947200	OK	 
REQUEST	injecteur 5	10		request_4	1462973947158	1462973947209	OK	 
REQUEST	injecteur 9	6		request_8	1462973947168	1462973947215	OK	 
REQUEST	injecteur 2	9		request_1	1462973947193	1462973947220	OK	 
REQUEST	injecteur 9	6		request_8	1462973947216	1462973947223	OK	 
REQUEST	injecteur 7	2		request_6	1462973947171	1462973947228	OK	 
REQUEST	injecteur 3	3		request_2	1462973947175	1462973947248	OK	 
REQUEST	injecteur 4	1		request_3	1462973947180	1462973947258	OK	 
REQUEST	injecteur 1	7		request_0	1462973947182	1462973947263	OK	 
REQUEST	injecteur 10	5		request_9	1462973947185	1462973947265	OK	 
REQUEST	injecteur 8	4		request_7	1462973947190	1462973947271	OK	 
REQUEST	injecteur 6	8		request_5	1462973947201	1462973947274	OK	 
REQUEST	injecteur 5	10		request_4	1462973947210	1462973947279	OK	 
REQUEST	injecteur 9	6		request_8	1462973947224	1462973947282	OK	 
REQUEST	injecteur 7	2		request_6	1462973947229	1462973947285	OK	 
REQUEST	injecteur 2	9		request_1	1462973947226	1462973947287	OK	 
REQUEST	injecteur 3	3		request_2	1462973947249	1462973947294	OK	 
REQUEST	injecteur 4	1		request_3	1462973947259	1462973947297	OK	 
REQUEST	injecteur 1	7		request_0	1462973947264	1462973947300	OK	 
REQUEST	injecteur 10	5		request_9	1462973947267	1462973947303	OK	 
REQUEST	injecteur 8	4		request_7	1462973947272	1462973947313	OK	 
REQUEST	injecteur 6	8		request_5	1462973947275	1462973947316	OK	 
REQUEST	injecteur 5	10		request_4	1462973947280	1462973947322	OK	 
REQUEST	injecteur 9	6		request_8	1462973947283	1462973947325	OK	 
REQUEST	injecteur 7	2		request_6	1462973947286	1462973947334	OK	 
REQUEST	injecteur 2	9		request_1	1462973947288	1462973947337	OK	 
REQUEST	injecteur 4	1		request_3	1462973947298	1462973947340	OK	 
REQUEST	injecteur 3	3		request_2	1462973947297	1462973947347	OK	 
REQUEST	injecteur 1	7		request_0	1462973947301	1462973947352	OK	 
REQUEST	injecteur 10	5		request_9	1462973947304	1462973947356	OK	 
REQUEST	injecteur 8	4		request_7	1462973947314	1462973947359	OK	 
REQUEST	injecteur 9	6		request_8	1462973947326	1462973947361	OK	 
REQUEST	injecteur 6	8		request_5	1462973947317	1462973947367	OK	 
REQUEST	injecteur 5	10		request_4	1462973947323	1462973947371	OK	 
REQUEST	injecteur 7	2		request_6	1462973947335	1462973947373	OK	 
REQUEST	injecteur 2	9		request_1	1462973947338	1462973947381	OK	 
REQUEST	injecteur 4	1		request_3	1462973947344	1462973947384	OK	 
REQUEST	injecteur 3	3		request_2	1462973947348	1462973947387	OK	 
REQUEST	injecteur 1	7		request_0	1462973947353	1462973947390	OK	 
REQUEST	injecteur 10	5		request_9	1462973947357	1462973947394	OK	 
REQUEST	injecteur 9	6		request_8	1462973947362	1462973947397	OK	 
REQUEST	injecteur 8	4		request_7	1462973947360	1462973947400	OK	 
REQUEST	injecteur 6	8		request_5	1462973947368	1462973947405	OK	 
REQUEST	injecteur 5	10		request_4	1462973947372	1462973947409	OK	 
REQUEST	injecteur 7	2		request_6	1462973947374	1462973947412	OK	 
REQUEST	injecteur 2	9		request_1	1462973947382	1462973947414	OK	 
REQUEST	injecteur 4	1		request_3	1462973947385	1462973947416	OK	 
REQUEST	injecteur 3	3		request_2	1462973947388	1462973947422	OK	 
REQUEST	injecteur 1	7		request_0	1462973947391	1462973947425	OK	 
REQUEST	injecteur 10	5		request_9	1462973947395	1462973947429	OK	 
REQUEST	injecteur 9	6		request_8	1462973947398	1462973947432	OK	 
REQUEST	injecteur 8	4		request_7	1462973947401	1462973947438	OK	 
REQUEST	injecteur 6	8		request_5	1462973947406	1462973947440	OK	 
REQUEST	injecteur 5	10		request_4	1462973947410	1462973947445	OK	 
REQUEST	injecteur 7	2		request_6	1462973947413	1462973947451	OK	 
REQUEST	injecteur 2	9		request_1	1462973947415	1462973947454	OK	 
REQUEST	injecteur 4	1		request_3	1462973947419	1462973947457	OK	 
REQUEST	injecteur 3	3		request_2	1462973947423	1462973947458	OK	 
REQUEST	injecteur 9	6		request_8	1462973947433	1462973947460	OK	 
REQUEST	injecteur 6	8		request_5	1462973947441	1462973947466	OK	 
REQUEST	injecteur 5	10		request_4	1462973947446	1462973947470	OK	 
REQUEST	injecteur 1	7		request_0	1462973947428	1462973947473	OK	 
REQUEST	injecteur 10	5		request_9	1462973947430	1462973947477	OK	 
REQUEST	injecteur 8	4		request_7	1462973947439	1462973947481	OK	 
REQUEST	injecteur 7	2		request_6	1462973947453	1462973947483	OK	 
REQUEST	injecteur 2	9		request_1	1462973947455	1462973947487	OK	 
REQUEST	injecteur 4	1		request_3	1462973947458	1462973947492	OK	 
REQUEST	injecteur 3	3		request_2	1462973947459	1462973947498	OK	 
REQUEST	injecteur 9	6		request_8	1462973947461	1462973947500	OK	 
REQUEST	injecteur 6	8		request_5	1462973947467	1462973947513	OK	 
REQUEST	injecteur 5	10		request_4	1462973947471	1462973947515	OK	 
REQUEST	injecteur 1	7		request_0	1462973947474	1462973947517	OK	 
REQUEST	injecteur 10	5		request_9	1462973947478	1462973947523	OK	 
REQUEST	injecteur 8	4		request_7	1462973947482	1462973947525	OK	 
REQUEST	injecteur 7	2		request_6	1462973947484	1462973947527	OK	 
REQUEST	injecteur 9	6		request_8	1462973947501	1462973947533	OK	 
REQUEST	injecteur 1	7		request_0	1462973947518	1462973947535	OK	 
REQUEST	injecteur 2	9		request_1	1462973947488	1462973947538	OK	 
REQUEST	injecteur 4	1		request_3	1462973947493	1462973947541	OK	 
REQUEST	injecteur 3	3		request_2	1462973947500	1462973947544	OK	 
REQUEST	injecteur 6	8		request_5	1462973947514	1462973947548	OK	 
REQUEST	injecteur 5	10		request_4	1462973947516	1462973947553	OK	 
REQUEST	injecteur 10	5		request_9	1462973947524	1462973947555	OK	 
REQUEST	injecteur 8	4		request_7	1462973947526	1462973947558	OK	 
REQUEST	injecteur 7	2		request_6	1462973947528	1462973947563	OK	 
REQUEST	injecteur 9	6		request_8	1462973947534	1462973947570	OK	 
REQUEST	injecteur 1	7		request_0	1462973947536	1462973947582	OK	 
REQUEST	injecteur 2	9		request_1	1462973947539	1462973947585	OK	 
REQUEST	injecteur 4	1		request_3	1462973947542	1462973947588	OK	 
REQUEST	injecteur 3	3		request_2	1462973947544	1462973947592	OK	 
REQUEST	injecteur 6	8		request_5	1462973947549	1462973947594	OK	 
REQUEST	injecteur 5	10		request_4	1462973947553	1462973947602	OK	 
REQUEST	injecteur 9	6		request_8	1462973947571	1462973947608	OK	 
REQUEST	injecteur 6	8		request_5	1462973947595	1462973947614	OK	 
REQUEST	injecteur 5	10		request_4	1462973947603	1462973947617	OK	 
REQUEST	injecteur 10	5		request_9	1462973947555	1462973947619	OK	 
REQUEST	injecteur 8	4		request_7	1462973947559	1462973947622	OK	 
REQUEST	injecteur 7	2		request_6	1462973947564	1462973947625	OK	 
REQUEST	injecteur 1	7		request_0	1462973947583	1462973947630	OK	 
REQUEST	injecteur 2	9		request_1	1462973947586	1462973947633	OK	 
REQUEST	injecteur 4	1		request_3	1462973947590	1462973947637	OK	 
REQUEST	injecteur 3	3		request_2	1462973947594	1462973947640	OK	 
REQUEST	injecteur 9	6		request_8	1462973947609	1462973947645	OK	 
REQUEST	injecteur 6	8		request_5	1462973947615	1462973947647	OK	 
REQUEST	injecteur 5	10		request_4	1462973947618	1462973947653	OK	 
REQUEST	injecteur 10	5		request_9	1462973947620	1462973947659	OK	 
REQUEST	injecteur 8	4		request_7	1462973947622	1462973947665	OK	 
REQUEST	injecteur 7	2		request_6	1462973947626	1462973947672	OK	 
REQUEST	injecteur 1	7		request_0	1462973947631	1462973947679	OK	 
REQUEST	injecteur 2	9		request_1	1462973947634	1462973947683	OK	 
REQUEST	injecteur 4	1		request_3	1462973947637	1462973947685	OK	 
REQUEST	injecteur 8	4		request_7	1462973947666	1462973947688	OK	 
REQUEST	injecteur 3	3		request_2	1462973947641	1462973947692	OK	 
REQUEST	injecteur 9	6		request_8	1462973947645	1462973947695	OK	 
REQUEST	injecteur 6	8		request_5	1462973947648	1462973947700	OK	 
REQUEST	injecteur 5	10		request_4	1462973947654	1462973947704	OK	 
REQUEST	injecteur 10	5		request_9	1462973947660	1462973947707	OK	 
REQUEST	injecteur 7	2		request_6	1462973947673	1462973947709	OK	 
REQUEST	injecteur 1	7		request_0	1462973947680	1462973947713	OK	 
REQUEST	injecteur 2	9		request_1	1462973947684	1462973947715	OK	 
REQUEST	injecteur 9	6		request_8	1462973947696	1462973947717	OK	 
REQUEST	injecteur 4	1		request_3	1462973947686	1462973947720	OK	 
REQUEST	injecteur 8	4		request_7	1462973947688	1462973947723	OK	 
REQUEST	injecteur 3	3		request_2	1462973947692	1462973947726	OK	 
REQUEST	injecteur 6	8		request_5	1462973947701	1462973947729	OK	 
REQUEST	injecteur 5	10		request_4	1462973947705	1462973947731	OK	 
REQUEST	injecteur 10	5		request_9	1462973947707	1462973947734	OK	 
REQUEST	injecteur 7	2		request_6	1462973947710	1462973947738	OK	 
REQUEST	injecteur 1	7		request_0	1462973947714	1462973947741	OK	 
REQUEST	injecteur 1	7		request_0	1462973947742	1462973947747	OK	 
REQUEST	injecteur 2	9		request_1	1462973947716	1462973947749	OK	 
REQUEST	injecteur 9	6		request_8	1462973947718	1462973947752	OK	 
REQUEST	injecteur 4	1		request_3	1462973947720	1462973947759	OK	 
REQUEST	injecteur 8	4		request_7	1462973947724	1462973947762	OK	 
REQUEST	injecteur 3	3		request_2	1462973947727	1462973947767	OK	 
REQUEST	injecteur 6	8		request_5	1462973947730	1462973947769	OK	 
REQUEST	injecteur 5	10		request_4	1462973947732	1462973947772	OK	 
REQUEST	injecteur 10	5		request_9	1462973947735	1462973947776	OK	 
REQUEST	injecteur 7	2		request_6	1462973947739	1462973947782	OK	 
REQUEST	injecteur 9	6		request_8	1462973947753	1462973947784	OK	 
REQUEST	injecteur 1	7		request_0	1462973947748	1462973947788	OK	 
REQUEST	injecteur 2	9		request_1	1462973947750	1462973947790	OK	 
REQUEST	injecteur 4	1		request_3	1462973947760	1462973947793	OK	 
REQUEST	injecteur 8	4		request_7	1462973947762	1462973947795	OK	 
REQUEST	injecteur 3	3		request_2	1462973947767	1462973947800	OK	 
REQUEST	injecteur 6	8		request_5	1462973947770	1462973947803	OK	 
REQUEST	injecteur 5	10		request_4	1462973947773	1462973947807	OK	 
REQUEST	injecteur 10	5		request_9	1462973947777	1462973947810	OK	 
REQUEST	injecteur 7	2		request_6	1462973947782	1462973947813	OK	 
REQUEST	injecteur 9	6		request_8	1462973947785	1462973947817	OK	 
REQUEST	injecteur 1	7		request_0	1462973947789	1462973947819	OK	 
REQUEST	injecteur 2	9		request_1	1462973947791	1462973947822	OK	 
REQUEST	injecteur 4	1		request_3	1462973947793	1462973947824	OK	 
REQUEST	injecteur 8	4		request_7	1462973947796	1462973947826	OK	 
REQUEST	injecteur 3	3		request_2	1462973947801	1462973947829	OK	 
REQUEST	injecteur 6	8		request_5	1462973947804	1462973947837	OK	 
REQUEST	injecteur 5	10		request_4	1462973947808	1462973947840	OK	 
REQUEST	injecteur 10	5		request_9	1462973947810	1462973947844	OK	 
REQUEST	injecteur 7	2		request_6	1462973947814	1462973947848	OK	 
REQUEST	injecteur 9	6		request_8	1462973947818	1462973947850	OK	 
REQUEST	injecteur 1	7		request_0	1462973947820	1462973947853	OK	 
REQUEST	injecteur 2	9		request_1	1462973947823	1462973947855	OK	 
REQUEST	injecteur 4	1		request_3	1462973947825	1462973947857	OK	 
REQUEST	injecteur 8	4		request_7	1462973947827	1462973947862	OK	 
REQUEST	injecteur 3	3		request_2	1462973947830	1462973947866	OK	 
REQUEST	injecteur 6	8		request_5	1462973947838	1462973947869	OK	 
REQUEST	injecteur 5	10		request_4	1462973947841	1462973947871	OK	 
REQUEST	injecteur 10	5		request_9	1462973947845	1462973947875	OK	 
REQUEST	injecteur 7	2		request_6	1462973947849	1462973947884	OK	 
REQUEST	injecteur 9	6		request_8	1462973947851	1462973947885	OK	 
REQUEST	injecteur 1	7		request_0	1462973947853	1462973947887	OK	 
REQUEST	injecteur 2	9		request_1	1462973947856	1462973947890	OK	 
REQUEST	injecteur 4	1		request_3	1462973947858	1462973947892	OK	 
REQUEST	injecteur 8	4		request_7	1462973947863	1462973947894	OK	 
REQUEST	injecteur 3	3		request_2	1462973947867	1462973947898	OK	 
REQUEST	injecteur 6	8		request_5	1462973947870	1462973947900	OK	 
REQUEST	injecteur 5	10		request_4	1462973947872	1462973947903	OK	 
REQUEST	injecteur 7	2		request_6	1462973947884	1462973947907	OK	 
REQUEST	injecteur 9	6		request_8	1462973947886	1462973947909	OK	 
REQUEST	injecteur 1	7		request_0	1462973947888	1462973947914	OK	 
REQUEST	injecteur 10	5		request_9	1462973947889	1462973947915	OK	 
REQUEST	injecteur 2	9		request_1	1462973947891	1462973947919	OK	 
REQUEST	injecteur 4	1		request_3	1462973947893	1462973947921	OK	 
REQUEST	injecteur 8	4		request_7	1462973947895	1462973947925	OK	 
REQUEST	injecteur 8	4		request_7	1462973947926	1462973947935	OK	 
REQUEST	injecteur 3	3		request_2	1462973947898	1462973947939	OK	 
REQUEST	injecteur 6	8		request_5	1462973947901	1462973947944	OK	 
REQUEST	injecteur 5	10		request_4	1462973947904	1462973947949	OK	 
REQUEST	injecteur 7	2		request_6	1462973947908	1462973947953	OK	 
REQUEST	injecteur 9	6		request_8	1462973947910	1462973947957	OK	 
REQUEST	injecteur 1	7		request_0	1462973947915	1462973947959	OK	 
REQUEST	injecteur 10	5		request_9	1462973947916	1462973947962	OK	 
REQUEST	injecteur 2	9		request_1	1462973947920	1462973947964	OK	 
REQUEST	injecteur 4	1		request_3	1462973947922	1462973947967	OK	 
REQUEST	injecteur 8	4		request_7	1462973947936	1462973947969	OK	 
REQUEST	injecteur 3	3		request_2	1462973947940	1462973947974	OK	 
REQUEST	injecteur 6	8		request_5	1462973947945	1462973947977	OK	 
REQUEST	injecteur 5	10		request_4	1462973947950	1462973947980	OK	 
REQUEST	injecteur 7	2		request_6	1462973947954	1462973947983	OK	 
REQUEST	injecteur 9	6		request_8	1462973947958	1462973947985	OK	 
REQUEST	injecteur 1	7		request_0	1462973947960	1462973947989	OK	 
REQUEST	injecteur 10	5		request_9	1462973947962	1462973947991	OK	 
REQUEST	injecteur 8	4		request_7	1462973947970	1462973947995	OK	 
REQUEST	injecteur 2	9		request_1	1462973947965	1462973948001	OK	 
REQUEST	injecteur 4	1		request_3	1462973947967	1462973948004	OK	 
REQUEST	injecteur 3	3		request_2	1462973947975	1462973948007	OK	 
REQUEST	injecteur 6	8		request_5	1462973947978	1462973948010	OK	 
REQUEST	injecteur 5	10		request_4	1462973947981	1462973948015	OK	 
REQUEST	injecteur 7	2		request_6	1462973947983	1462973948020	OK	 
REQUEST	injecteur 9	6		request_8	1462973947986	1462973948022	OK	 
REQUEST	injecteur 1	7		request_0	1462973947990	1462973948025	OK	 
REQUEST	injecteur 8	4		request_7	1462973947996	1462973948031	OK	 
REQUEST	injecteur 6	8		request_5	1462973948011	1462973948036	OK	 
REQUEST	injecteur 5	10		request_4	1462973948016	1462973948042	OK	 
REQUEST	injecteur 10	5		request_9	1462973947992	1462973948047	OK	 
REQUEST	injecteur 2	9		request_1	1462973948002	1462973948050	OK	 
REQUEST	injecteur 4	1		request_3	1462973948005	1462973948054	OK	 
REQUEST	injecteur 3	3		request_2	1462973948007	1462973948058	OK	 
REQUEST	injecteur 7	2		request_6	1462973948021	1462973948060	OK	 
REQUEST	injecteur 9	6		request_8	1462973948023	1462973948063	OK	 
REQUEST	injecteur 8	4		request_7	1462973948032	1462973948066	OK	 
REQUEST	injecteur 6	8		request_5	1462973948037	1462973948070	OK	 
REQUEST	injecteur 5	10		request_4	1462973948043	1462973948087	OK	 
REQUEST	injecteur 1	7		request_0	1462973948026	1462973948096	OK	 
REQUEST	injecteur 10	5		request_9	1462973948048	1462973948132	OK	 
REQUEST	injecteur 2	9		request_1	1462973948051	1462973948134	OK	 
REQUEST	injecteur 4	1		request_3	1462973948055	1462973948136	OK	 
REQUEST	injecteur 3	3		request_2	1462973948059	1462973948139	OK	 
REQUEST	injecteur 7	2		request_6	1462973948061	1462973948141	OK	 
REQUEST	injecteur 6	8		request_5	1462973948071	1462973948142	OK	 
REQUEST	injecteur 9	6		request_8	1462973948064	1462973948144	OK	 
REQUEST	injecteur 8	4		request_7	1462973948066	1462973948146	OK	 
REQUEST	injecteur 5	10		request_4	1462973948088	1462973948148	OK	 
REQUEST	injecteur 1	7		request_0	1462973948097	1462973948151	OK	 
REQUEST	injecteur 10	5		request_9	1462973948132	1462973948154	OK	 
REQUEST	injecteur 2	9		request_1	1462973948135	1462973948169	OK	 
REQUEST	injecteur 4	1		request_3	1462973948137	1462973948179	OK	 
REQUEST	injecteur 3	3		request_2	1462973948140	1462973948182	OK	 
REQUEST	injecteur 10	5		request_9	1462973948155	1462973948187	OK	 
REQUEST	injecteur 3	3		request_2	1462973948183	1462973948189	OK	 
REQUEST	injecteur 7	2		request_6	1462973948141	1462973948192	OK	 
REQUEST	injecteur 6	8		request_5	1462973948143	1462973948194	OK	 
REQUEST	injecteur 9	6		request_8	1462973948145	1462973948197	OK	 
REQUEST	injecteur 8	4		request_7	1462973948147	1462973948199	OK	 
REQUEST	injecteur 5	10		request_4	1462973948148	1462973948202	OK	 
REQUEST	injecteur 1	7		request_0	1462973948152	1462973948204	OK	 
REQUEST	injecteur 2	9		request_1	1462973948170	1462973948208	OK	 
REQUEST	injecteur 4	1		request_3	1462973948180	1462973948211	OK	 
REQUEST	injecteur 1	7		request_0	1462973948205	1462973948215	OK	 
REQUEST	injecteur 10	5		request_9	1462973948188	1462973948219	OK	 
REQUEST	injecteur 3	3		request_2	1462973948189	1462973948227	OK	 
REQUEST	injecteur 7	2		request_6	1462973948193	1462973948233	OK	 
REQUEST	injecteur 6	8		request_5	1462973948195	1462973948235	OK	 
REQUEST	injecteur 9	6		request_8	1462973948198	1462973948238	OK	 
REQUEST	injecteur 8	4		request_7	1462973948200	1462973948240	OK	 
REQUEST	injecteur 5	10		request_4	1462973948203	1462973948244	OK	 
REQUEST	injecteur 2	9		request_1	1462973948209	1462973948247	OK	 
REQUEST	injecteur 1	7		request_0	1462973948215	1462973948251	OK	 
REQUEST	injecteur 3	3		request_2	1462973948227	1462973948253	OK	 
REQUEST	injecteur 4	1		request_3	1462973948212	1462973948256	OK	 
REQUEST	injecteur 10	5		request_9	1462973948220	1462973948258	OK	 
REQUEST	injecteur 7	2		request_6	1462973948234	1462973948261	OK	 
REQUEST	injecteur 6	8		request_5	1462973948236	1462973948264	OK	 
REQUEST	injecteur 9	6		request_8	1462973948239	1462973948266	OK	 
REQUEST	injecteur 8	4		request_7	1462973948241	1462973948267	OK	 
REQUEST	injecteur 5	10		request_4	1462973948245	1462973948269	OK	 
REQUEST	injecteur 2	9		request_1	1462973948247	1462973948271	OK	 
REQUEST	injecteur 1	7		request_0	1462973948252	1462973948275	OK	 
REQUEST	injecteur 3	3		request_2	1462973948254	1462973948277	OK	 
REQUEST	injecteur 4	1		request_3	1462973948257	1462973948279	OK	 
REQUEST	injecteur 10	5		request_9	1462973948259	1462973948281	OK	 
REQUEST	injecteur 7	2		request_6	1462973948262	1462973948283	OK	 
REQUEST	injecteur 6	8		request_5	1462973948265	1462973948288	OK	 
REQUEST	injecteur 9	6		request_8	1462973948266	1462973948290	OK	 
REQUEST	injecteur 8	4		request_7	1462973948268	1462973948292	OK	 
REQUEST	injecteur 5	10		request_4	1462973948270	1462973948294	OK	 
REQUEST	injecteur 2	9		request_1	1462973948272	1462973948297	OK	 
REQUEST	injecteur 1	7		request_0	1462973948275	1462973948299	OK	 
REQUEST	injecteur 3	3		request_2	1462973948277	1462973948301	OK	 
REQUEST	injecteur 4	1		request_3	1462973948280	1462973948302	OK	 
REQUEST	injecteur 10	5		request_9	1462973948281	1462973948305	OK	 
REQUEST	injecteur 7	2		request_6	1462973948284	1462973948308	OK	 
REQUEST	injecteur 6	8		request_5	1462973948289	1462973948310	OK	 
REQUEST	injecteur 9	6		request_8	1462973948291	1462973948312	OK	 
REQUEST	injecteur 8	4		request_7	1462973948293	1462973948314	OK	 
REQUEST	injecteur 5	10		request_4	1462973948295	1462973948317	OK	 
REQUEST	injecteur 2	9		request_1	1462973948298	1462973948321	OK	 
REQUEST	injecteur 1	7		request_0	1462973948300	1462973948323	OK	 
REQUEST	injecteur 3	3		request_2	1462973948301	1462973948325	OK	 
REQUEST	injecteur 4	1		request_3	1462973948303	1462973948326	OK	 
REQUEST	injecteur 10	5		request_9	1462973948306	1462973948328	OK	 
REQUEST	injecteur 7	2		request_6	1462973948309	1462973948330	OK	 
REQUEST	injecteur 6	8		request_5	1462973948311	1462973948333	OK	 
REQUEST	injecteur 9	6		request_8	1462973948313	1462973948337	OK	 
REQUEST	injecteur 5	10		request_4	1462973948318	1462973948340	OK	 
REQUEST	injecteur 7	2		request_6	1462973948331	1462973948351	OK	 
REQUEST	injecteur 6	8		request_5	1462973948334	1462973948354	OK	 
REQUEST	injecteur 9	6		request_8	1462973948337	1462973948361	OK	 
REQUEST	injecteur 8	4		request_7	1462973948315	1462973948375	OK	 
REQUEST	injecteur 2	9		request_1	1462973948322	1462973948377	OK	 
REQUEST	injecteur 1	7		request_0	1462973948324	1462973948380	OK	 
REQUEST	injecteur 3	3		request_2	1462973948325	1462973948381	OK	 
REQUEST	injecteur 4	1		request_3	1462973948327	1462973948383	OK	 
REQUEST	injecteur 10	5		request_9	1462973948329	1462973948385	OK	 
REQUEST	injecteur 5	10		request_4	1462973948341	1462973948387	OK	 
REQUEST	injecteur 7	2		request_6	1462973948351	1462973948390	OK	 
REQUEST	injecteur 6	8		request_5	1462973948355	1462973948394	OK	 
REQUEST	injecteur 9	6		request_8	1462973948362	1462973948397	OK	 
REQUEST	injecteur 8	4		request_7	1462973948376	1462973948400	OK	 
REQUEST	injecteur 2	9		request_1	1462973948378	1462973948402	OK	 
REQUEST	injecteur 1	7		request_0	1462973948380	1462973948404	OK	 
REQUEST	injecteur 4	1		request_3	1462973948384	1462973948408	OK	 
REQUEST	injecteur 5	10		request_4	1462973948387	1462973948410	OK	 
REQUEST	injecteur 7	2		request_6	1462973948391	1462973948415	OK	 
REQUEST	injecteur 6	8		request_5	1462973948394	1462973948418	OK	 
REQUEST	injecteur 9	6		request_8	1462973948398	1462973948422	OK	 
REQUEST	injecteur 3	3		request_2	1462973948382	1462973948422	OK	 
REQUEST	injecteur 10	5		request_9	1462973948386	1462973948429	OK	 
REQUEST	injecteur 8	4		request_7	1462973948401	1462973948431	OK	 
REQUEST	injecteur 2	9		request_1	1462973948403	1462973948433	OK	 
REQUEST	injecteur 5	10		request_4	1462973948411	1462973948434	OK	 
REQUEST	injecteur 7	2		request_6	1462973948415	1462973948438	OK	 
REQUEST	injecteur 6	8		request_5	1462973948419	1462973948441	OK	 
REQUEST	injecteur 9	6		request_8	1462973948423	1462973948445	OK	 
REQUEST	injecteur 4	1		request_3	1462973948409	1462973948449	OK	 
REQUEST	injecteur 1	7		request_0	1462973948405	1462973948451	OK	 
REQUEST	injecteur 3	3		request_2	1462973948423	1462973948480	OK	 
REQUEST	injecteur 10	5		request_9	1462973948430	1462973948482	OK	 
REQUEST	injecteur 7	2		request_6	1462973948439	1462973948483	OK	 
REQUEST	injecteur 6	8		request_5	1462973948442	1462973948487	OK	 
REQUEST	injecteur 9	6		request_8	1462973948446	1462973948490	OK	 
REQUEST	injecteur 8	4		request_7	1462973948432	1462973948493	OK	 
REQUEST	injecteur 5	10		request_4	1462973948435	1462973948498	OK	 
REQUEST	injecteur 1	7		request_0	1462973948452	1462973948505	OK	 
REQUEST	injecteur 2	9		request_1	1462973948433	1462973948507	OK	 
REQUEST	injecteur 3	3		request_2	1462973948481	1462973948508	OK	 
REQUEST	injecteur 4	1		request_3	1462973948450	1462973948509	OK	 
REQUEST	injecteur 7	2		request_6	1462973948484	1462973948511	OK	 
REQUEST	injecteur 6	8		request_5	1462973948487	1462973948515	OK	 
REQUEST	injecteur 9	6		request_8	1462973948491	1462973948519	OK	 
REQUEST	injecteur 5	10		request_4	1462973948500	1462973948523	OK	 
REQUEST	injecteur 10	5		request_9	1462973948483	1462973948529	OK	 
REQUEST	injecteur 1	7		request_0	1462973948506	1462973948532	OK	 
REQUEST	injecteur 8	4		request_7	1462973948494	1462973948532	OK	 
REQUEST	injecteur 7	2		request_6	1462973948512	1462973948534	OK	 
REQUEST	injecteur 6	8		request_5	1462973948516	1462973948538	OK	 
REQUEST	injecteur 9	6		request_8	1462973948520	1462973948546	OK	 
REQUEST	injecteur 5	10		request_4	1462973948524	1462973948552	OK	 
REQUEST	injecteur 3	3		request_2	1462973948508	1462973948559	OK	 
REQUEST	injecteur 2	9		request_1	1462973948507	1462973948561	OK	 
REQUEST	injecteur 4	1		request_3	1462973948509	1462973948562	OK	 
REQUEST	injecteur 7	2		request_6	1462973948534	1462973948564	OK	 
REQUEST	injecteur 10	5		request_9	1462973948530	1462973948564	OK	 
REQUEST	injecteur 6	8		request_5	1462973948539	1462973948574	OK	 
REQUEST	injecteur 9	6		request_8	1462973948546	1462973948578	OK	 
REQUEST	injecteur 5	10		request_4	1462973948553	1462973948601	OK	 
REQUEST	injecteur 1	7		request_0	1462973948534	1462973948604	OK	 
REQUEST	injecteur 8	4		request_7	1462973948534	1462973948607	OK	 
REQUEST	injecteur 3	3		request_2	1462973948559	1462973948609	OK	 
REQUEST	injecteur 6	8		request_5	1462973948575	1462973948612	OK	 
REQUEST	injecteur 9	6		request_8	1462973948579	1462973948617	OK	 
REQUEST	injecteur 5	10		request_4	1462973948601	1462973948618	OK	 
REQUEST	injecteur 2	9		request_1	1462973948561	1462973948621	OK	 
REQUEST	injecteur 4	1		request_3	1462973948563	1462973948627	OK	 
REQUEST	injecteur 10	5		request_9	1462973948564	1462973948629	OK	 
REQUEST	injecteur 7	2		request_6	1462973948564	1462973948634	OK	 
REQUEST	injecteur 1	7		request_0	1462973948605	1462973948636	OK	 
REQUEST	injecteur 8	4		request_7	1462973948608	1462973948640	OK	 
REQUEST	injecteur 8	4		request_7	1462973948641	1462973948652	OK	 
REQUEST	injecteur 3	3		request_2	1462973948610	1462973948654	OK	 
REQUEST	injecteur 6	8		request_5	1462973948613	1462973948656	OK	 
REQUEST	injecteur 9	6		request_8	1462973948617	1462973948659	OK	 
REQUEST	injecteur 5	10		request_4	1462973948619	1462973948662	OK	 
REQUEST	injecteur 2	9		request_1	1462973948622	1462973948664	OK	 
REQUEST	injecteur 4	1		request_3	1462973948627	1462973948666	OK	 
REQUEST	injecteur 10	5		request_9	1462973948629	1462973948668	OK	 
REQUEST	injecteur 7	2		request_6	1462973948635	1462973948670	OK	 
REQUEST	injecteur 1	7		request_0	1462973948637	1462973948673	OK	 
REQUEST	injecteur 8	4		request_7	1462973948652	1462973948678	OK	 
REQUEST	injecteur 3	3		request_2	1462973948655	1462973948682	OK	 
REQUEST	injecteur 6	8		request_5	1462973948657	1462973948684	OK	 
REQUEST	injecteur 9	6		request_8	1462973948660	1462973948686	OK	 
REQUEST	injecteur 5	10		request_4	1462973948663	1462973948687	OK	 
REQUEST	injecteur 2	9		request_1	1462973948665	1462973948690	OK	 
REQUEST	injecteur 4	1		request_3	1462973948667	1462973948692	OK	 
REQUEST	injecteur 10	5		request_9	1462973948668	1462973948695	OK	 
REQUEST	injecteur 7	2		request_6	1462973948670	1462973948699	OK	 
REQUEST	injecteur 1	7		request_0	1462973948674	1462973948701	OK	 
REQUEST	injecteur 3	3		request_2	1462973948683	1462973948707	OK	 
REQUEST	injecteur 6	8		request_5	1462973948684	1462973948709	OK	 
REQUEST	injecteur 9	6		request_8	1462973948686	1462973948711	OK	 
REQUEST	injecteur 5	10		request_4	1462973948688	1462973948712	OK	 
REQUEST	injecteur 2	9		request_1	1462973948690	1462973948715	OK	 
REQUEST	injecteur 8	4		request_7	1462973948679	1462973948716	OK	 
REQUEST	injecteur 4	1		request_3	1462973948693	1462973948718	OK	 
REQUEST	injecteur 10	5		request_9	1462973948696	1462973948721	OK	 
REQUEST	injecteur 7	2		request_6	1462973948700	1462973948721	OK	 
REQUEST	injecteur 1	7		request_0	1462973948702	1462973948725	OK	 
REQUEST	injecteur 3	3		request_2	1462973948708	1462973948727	OK	 
REQUEST	injecteur 6	8		request_5	1462973948709	1462973948730	OK	 
REQUEST	injecteur 9	6		request_8	1462973948711	1462973948735	OK	 
REQUEST	injecteur 5	10		request_4	1462973948713	1462973948739	OK	 
REQUEST	injecteur 2	9		request_1	1462973948715	1462973948743	OK	 
REQUEST	injecteur 8	4		request_7	1462973948717	1462973948745	OK	 
REQUEST	injecteur 4	1		request_3	1462973948719	1462973948746	OK	 
REQUEST	injecteur 6	8		request_5	1462973948731	1462973948750	OK	 
REQUEST	injecteur 9	6		request_8	1462973948736	1462973948753	OK	 
REQUEST	injecteur 10	5		request_9	1462973948722	1462973948754	OK	 
REQUEST	injecteur 5	10		request_4	1462973948740	1462973948757	OK	 
REQUEST	injecteur 7	2		request_6	1462973948722	1462973948760	OK	 
REQUEST	injecteur 1	7		request_0	1462973948725	1462973948763	OK	 
REQUEST	injecteur 3	3		request_2	1462973948728	1462973948765	OK	 
REQUEST	injecteur 2	9		request_1	1462973948743	1462973948766	OK	 
REQUEST	injecteur 4	1		request_3	1462973948747	1462973948768	OK	 
REQUEST	injecteur 6	8		request_5	1462973948751	1462973948769	OK	 
REQUEST	injecteur 9	6		request_8	1462973948754	1462973948773	OK	 
REQUEST	injecteur 5	10		request_4	1462973948757	1462973948776	OK	 
REQUEST	injecteur 7	2		request_6	1462973948761	1462973948779	OK	 
REQUEST	injecteur 8	4		request_7	1462973948749	1462973948783	OK	 
REQUEST	injecteur 10	5		request_9	1462973948755	1462973948785	OK	 
REQUEST	injecteur 1	7		request_0	1462973948764	1462973948787	OK	 
REQUEST	injecteur 3	3		request_2	1462973948765	1462973948789	OK	 
REQUEST	injecteur 2	9		request_1	1462973948767	1462973948791	OK	 
REQUEST	injecteur 9	6		request_8	1462973948773	1462973948794	OK	 
REQUEST	injecteur 5	10		request_4	1462973948776	1462973948797	OK	 
REQUEST	injecteur 7	2		request_6	1462973948780	1462973948801	OK	 
REQUEST	injecteur 4	1		request_3	1462973948769	1462973948805	OK	 
REQUEST	injecteur 6	8		request_5	1462973948770	1462973948807	OK	 
REQUEST	injecteur 10	5		request_9	1462973948786	1462973948813	OK	 
REQUEST	injecteur 1	7		request_0	1462973948788	1462973948815	OK	 
REQUEST	injecteur 8	4		request_7	1462973948783	1462973948815	OK	 
REQUEST	injecteur 3	3		request_2	1462973948790	1462973948818	OK	 
REQUEST	injecteur 9	6		request_8	1462973948794	1462973948820	OK	 
REQUEST	injecteur 5	10		request_4	1462973948798	1462973948823	OK	 
REQUEST	injecteur 7	2		request_6	1462973948802	1462973948827	OK	 
REQUEST	injecteur 6	8		request_5	1462973948808	1462973948831	OK	 
REQUEST	injecteur 2	9		request_1	1462973948792	1462973948835	OK	 
REQUEST	injecteur 4	1		request_3	1462973948806	1462973948837	OK	 
REQUEST	injecteur 10	5		request_9	1462973948813	1462973948839	OK	 
REQUEST	injecteur 1	7		request_0	1462973948815	1462973948842	OK	 
REQUEST	injecteur 8	4		request_7	1462973948816	1462973948845	OK	 
REQUEST	injecteur 9	6		request_8	1462973948821	1462973948847	OK	 
REQUEST	injecteur 5	10		request_4	1462973948824	1462973948850	OK	 
REQUEST	injecteur 7	2		request_6	1462973948828	1462973948854	OK	 
REQUEST	injecteur 6	8		request_5	1462973948832	1462973948857	OK	 
REQUEST	injecteur 3	3		request_2	1462973948818	1462973948861	OK	 
REQUEST	injecteur 2	9		request_1	1462973948835	1462973948862	OK	 
REQUEST	injecteur 4	1		request_3	1462973948838	1462973948864	OK	 
REQUEST	injecteur 10	5		request_9	1462973948840	1462973948866	OK	 
REQUEST	injecteur 1	7		request_0	1462973948843	1462973948867	OK	 
REQUEST	injecteur 9	6		request_8	1462973948848	1462973948875	OK	 
REQUEST	injecteur 5	10		request_4	1462973948851	1462973948878	OK	 
REQUEST	injecteur 7	2		request_6	1462973948855	1462973948882	OK	 
REQUEST	injecteur 6	8		request_5	1462973948858	1462973948885	OK	 
REQUEST	injecteur 8	4		request_7	1462973948846	1462973948888	OK	 
REQUEST	injecteur 3	3		request_2	1462973948861	1462973948891	OK	 
REQUEST	injecteur 2	9		request_1	1462973948863	1462973948892	OK	 
REQUEST	injecteur 4	1		request_3	1462973948865	1462973948894	OK	 
REQUEST	injecteur 10	5		request_9	1462973948866	1462973948896	OK	 
REQUEST	injecteur 9	6		request_8	1462973948876	1462973948898	OK	 
REQUEST	injecteur 5	10		request_4	1462973948879	1462973948901	OK	 
REQUEST	injecteur 7	2		request_6	1462973948882	1462973948905	OK	 
REQUEST	injecteur 6	8		request_5	1462973948885	1462973948909	OK	 
REQUEST	injecteur 1	7		request_0	1462973948868	1462973948913	OK	 
REQUEST	injecteur 8	4		request_7	1462973948888	1462973948914	OK	 
REQUEST	injecteur 3	3		request_2	1462973948891	1462973948916	OK	 
REQUEST	injecteur 2	9		request_1	1462973948893	1462973948918	OK	 
REQUEST	injecteur 4	1		request_3	1462973948895	1462973948922	OK	 
REQUEST	injecteur 9	6		request_8	1462973948899	1462973948924	OK	 
REQUEST	injecteur 5	10		request_4	1462973948902	1462973948933	OK	 
REQUEST	injecteur 7	2		request_6	1462973948906	1462973948941	OK	 
REQUEST	injecteur 6	8		request_5	1462973948910	1462973948945	OK	 
REQUEST	injecteur 10	5		request_9	1462973948896	1462973948950	OK	 
REQUEST	injecteur 1	7		request_0	1462973948913	1462973948952	OK	 
REQUEST	injecteur 8	4		request_7	1462973948915	1462973948953	OK	 
REQUEST	injecteur 3	3		request_2	1462973948917	1462973948955	OK	 
REQUEST	injecteur 9	6		request_8	1462973948924	1462973948959	OK	 
REQUEST	injecteur 2	9		request_1	1462973948919	1462973948961	OK	 
REQUEST	injecteur 5	10		request_4	1462973948934	1462973948963	OK	 
REQUEST	injecteur 7	2		request_6	1462973948942	1462973948967	OK	 
REQUEST	injecteur 6	8		request_5	1462973948946	1462973948971	OK	 
REQUEST	injecteur 4	1		request_3	1462973948923	1462973948974	OK	 
REQUEST	injecteur 10	5		request_9	1462973948951	1462973948976	OK	 
REQUEST	injecteur 1	7		request_0	1462973948952	1462973948978	OK	 
REQUEST	injecteur 8	4		request_7	1462973948955	1462973948980	OK	 
REQUEST	injecteur 9	6		request_8	1462973948959	1462973948983	OK	 
REQUEST	injecteur 7	2		request_6	1462973948967	1462973948987	OK	 
REQUEST	injecteur 6	8		request_5	1462973948972	1462973948992	OK	 
REQUEST	injecteur 2	9		request_1	1462973948962	1462973948996	OK	 
REQUEST	injecteur 5	10		request_4	1462973948964	1462973948998	OK	 
REQUEST	injecteur 4	1		request_3	1462973948975	1462973949003	OK	 
REQUEST	injecteur 10	5		request_9	1462973948977	1462973949005	OK	 
REQUEST	injecteur 3	3		request_2	1462973948956	1462973949009	OK	 
REQUEST	injecteur 9	6		request_8	1462973948984	1462973949010	OK	 
REQUEST	injecteur 1	7		request_0	1462973948979	1462973949010	OK	 
REQUEST	injecteur 7	2		request_6	1462973948988	1462973949014	OK	 
REQUEST	injecteur 6	8		request_5	1462973948992	1462973949018	OK	 
REQUEST	injecteur 8	4		request_7	1462973948981	1462973949022	OK	 
REQUEST	injecteur 5	10		request_4	1462973948999	1462973949022	OK	 
REQUEST	injecteur 2	9		request_1	1462973948996	1462973949026	OK	 
REQUEST	injecteur 4	1		request_3	1462973949003	1462973949036	OK	 
REQUEST	injecteur 10	5		request_9	1462973949005	1462973949039	OK	 
REQUEST	injecteur 9	6		request_8	1462973949011	1462973949040	OK	 
REQUEST	injecteur 7	2		request_6	1462973949015	1462973949044	OK	 
REQUEST	injecteur 6	8		request_5	1462973949018	1462973949047	OK	 
REQUEST	injecteur 5	10		request_4	1462973949022	1462973949050	OK	 
REQUEST	injecteur 3	3		request_2	1462973949009	1462973949058	OK	 
REQUEST	injecteur 1	7		request_0	1462973949011	1462973949060	OK	 
REQUEST	injecteur 8	4		request_7	1462973949022	1462973949060	OK	 
REQUEST	injecteur 2	9		request_1	1462973949027	1462973949062	OK	 
REQUEST	injecteur 4	1		request_3	1462973949037	1462973949065	OK	 
REQUEST	injecteur 9	6		request_8	1462973949041	1462973949080	OK	 
REQUEST	injecteur 7	2		request_6	1462973949044	1462973949085	OK	 
REQUEST	injecteur 6	8		request_5	1462973949047	1462973949088	OK	 
REQUEST	injecteur 5	10		request_4	1462973949051	1462973949091	OK	 
REQUEST	injecteur 10	5		request_9	1462973949039	1462973949095	OK	 
REQUEST	injecteur 3	3		request_2	1462973949058	1462973949097	OK	 
REQUEST	injecteur 1	7		request_0	1462973949060	1462973949099	OK	 
REQUEST	injecteur 8	4		request_7	1462973949061	1462973949100	OK	 
REQUEST	injecteur 2	9		request_1	1462973949063	1462973949102	OK	 
REQUEST	injecteur 9	6		request_8	1462973949081	1462973949104	OK	 
REQUEST	injecteur 7	2		request_6	1462973949085	1462973949115	OK	 
REQUEST	injecteur 6	8		request_5	1462973949089	1462973949120	OK	 
REQUEST	injecteur 5	10		request_4	1462973949092	1462973949124	OK	 
REQUEST	injecteur 4	1		request_3	1462973949065	1462973949128	OK	 
REQUEST	injecteur 10	5		request_9	1462973949096	1462973949132	OK	 
REQUEST	injecteur 3	3		request_2	1462973949098	1462973949134	OK	 
REQUEST	injecteur 1	7		request_0	1462973949099	1462973949136	OK	 
REQUEST	injecteur 8	4		request_7	1462973949101	1462973949138	OK	 
REQUEST	injecteur 9	6		request_8	1462973949105	1462973949142	OK	 
REQUEST	injecteur 7	2		request_6	1462973949116	1462973949145	OK	 
REQUEST	injecteur 6	8		request_5	1462973949120	1462973949155	OK	 
REQUEST	injecteur 8	4		request_7	1462973949139	1462973949160	OK	 
REQUEST	injecteur 2	9		request_1	1462973949103	1462973949162	OK	 
REQUEST	injecteur 5	10		request_4	1462973949125	1462973949166	OK	 
REQUEST	injecteur 4	1		request_3	1462973949129	1462973949170	OK	 
REQUEST	injecteur 10	5		request_9	1462973949133	1462973949173	OK	 
REQUEST	injecteur 3	3		request_2	1462973949135	1462973949176	OK	 
REQUEST	injecteur 1	7		request_0	1462973949137	1462973949179	OK	 
REQUEST	injecteur 7	2		request_6	1462973949146	1462973949182	OK	 
REQUEST	injecteur 6	8		request_5	1462973949156	1462973949184	OK	 
REQUEST	injecteur 5	10		request_4	1462973949167	1462973949186	OK	 
REQUEST	injecteur 9	6		request_8	1462973949143	1462973949190	OK	 
REQUEST	injecteur 8	4		request_7	1462973949161	1462973949192	OK	 
REQUEST	injecteur 2	9		request_1	1462973949163	1462973949196	OK	 
REQUEST	injecteur 4	1		request_3	1462973949171	1462973949199	OK	 
REQUEST	injecteur 10	5		request_9	1462973949174	1462973949200	OK	 
REQUEST	injecteur 3	3		request_2	1462973949177	1462973949202	OK	 
REQUEST	injecteur 1	7		request_0	1462973949180	1462973949204	OK	 
REQUEST	injecteur 7	2		request_6	1462973949182	1462973949206	OK	 
REQUEST	injecteur 6	8		request_5	1462973949184	1462973949209	OK	 
REQUEST	injecteur 5	10		request_4	1462973949187	1462973949211	OK	 
REQUEST	injecteur 9	6		request_8	1462973949190	1462973949214	OK	 
REQUEST	injecteur 8	4		request_7	1462973949193	1462973949216	OK	 
REQUEST	injecteur 2	9		request_1	1462973949197	1462973949218	OK	 
REQUEST	injecteur 4	1		request_3	1462973949199	1462973949221	OK	 
REQUEST	injecteur 10	5		request_9	1462973949201	1462973949223	OK	 
REQUEST	injecteur 3	3		request_2	1462973949203	1462973949224	OK	 
REQUEST	injecteur 1	7		request_0	1462973949205	1462973949228	OK	 
REQUEST	injecteur 7	2		request_6	1462973949207	1462973949232	OK	 
REQUEST	injecteur 6	8		request_5	1462973949209	1462973949234	OK	 
REQUEST	injecteur 5	10		request_4	1462973949212	1462973949236	OK	 
REQUEST	injecteur 9	6		request_8	1462973949214	1462973949238	OK	 
REQUEST	injecteur 8	4		request_7	1462973949216	1462973949239	OK	 
REQUEST	injecteur 2	9		request_1	1462973949219	1462973949241	OK	 
REQUEST	injecteur 4	1		request_3	1462973949222	1462973949243	OK	 
REQUEST	injecteur 3	3		request_2	1462973949225	1462973949244	OK	 
REQUEST	injecteur 1	7		request_0	1462973949228	1462973949248	OK	 
REQUEST	injecteur 10	5		request_9	1462973949223	1462973949252	OK	 
REQUEST	injecteur 7	2		request_6	1462973949232	1462973949253	OK	 
REQUEST	injecteur 6	8		request_5	1462973949235	1462973949256	OK	 
REQUEST	injecteur 5	10		request_4	1462973949237	1462973949257	OK	 
REQUEST	injecteur 9	6		request_8	1462973949238	1462973949259	OK	 
REQUEST	injecteur 8	4		request_7	1462973949240	1462973949261	OK	 
REQUEST	injecteur 3	3		request_2	1462973949245	1462973949265	OK	 
REQUEST	injecteur 1	7		request_0	1462973949248	1462973949295	OK	 
REQUEST	injecteur 2	9		request_1	1462973949242	1462973949299	OK	 
REQUEST	injecteur 4	1		request_3	1462973949243	1462973949301	OK	 
REQUEST	injecteur 10	5		request_9	1462973949252	1462973949302	OK	 
REQUEST	injecteur 7	2		request_6	1462973949254	1462973949305	OK	 
REQUEST	injecteur 6	8		request_5	1462973949256	1462973949307	OK	 
REQUEST	injecteur 5	10		request_4	1462973949258	1462973949309	OK	 
REQUEST	injecteur 9	6		request_8	1462973949260	1462973949311	OK	 
REQUEST	injecteur 3	3		request_2	1462973949285	1462973949313	OK	 
REQUEST	injecteur 1	7		request_0	1462973949296	1462973949315	OK	 
REQUEST	injecteur 8	4		request_7	1462973949262	1462973949318	OK	 
REQUEST	injecteur 2	9		request_1	1462973949299	1462973949320	OK	 
REQUEST	injecteur 4	1		request_3	1462973949301	1462973949322	OK	 
REQUEST	injecteur 10	5		request_9	1462973949303	1462973949324	OK	 
REQUEST	injecteur 7	2		request_6	1462973949306	1462973949326	OK	 
REQUEST	injecteur 6	8		request_5	1462973949308	1462973949328	OK	 
REQUEST	injecteur 5	10		request_4	1462973949310	1462973949335	OK	 
REQUEST	injecteur 9	6		request_8	1462973949312	1462973949338	OK	 
REQUEST	injecteur 3	3		request_2	1462973949314	1462973949340	OK	 
REQUEST	injecteur 1	7		request_0	1462973949316	1462973949343	OK	 
REQUEST	injecteur 8	4		request_7	1462973949319	1462973949346	OK	 
REQUEST	injecteur 2	9		request_1	1462973949321	1462973949354	OK	 
REQUEST	injecteur 4	1		request_3	1462973949323	1462973949357	OK	 
REQUEST	injecteur 10	5		request_9	1462973949325	1462973949358	OK	 
REQUEST	injecteur 7	2		request_6	1462973949327	1462973949360	OK	 
REQUEST	injecteur 6	8		request_5	1462973949329	1462973949365	OK	 
REQUEST	injecteur 6	8		request_5	1462973949365	1462973949368	OK	 
REQUEST	injecteur 5	10		request_4	1462973949336	1462973949372	OK	 
REQUEST	injecteur 1	7		request_0	1462973949344	1462973949382	OK	 
REQUEST	injecteur 8	4		request_7	1462973949347	1462973949382	OK	 
REQUEST	injecteur 3	3		request_2	1462973949341	1462973949381	OK	 
REQUEST	injecteur 9	6		request_8	1462973949339	1462973949376	OK	 
REQUEST	injecteur 3	3		request_2	1462973949436	1462973949447	OK	 
REQUEST	injecteur 6	8		request_5	1462973949369	1462973949400	OK	 
REQUEST	injecteur 8	4		request_7	1462973949409	1462973949451	OK	 
REQUEST	injecteur 7	2		request_6	1462973949361	1462973949398	OK	 
REQUEST	injecteur 10	5		request_9	1462973949360	1462973949396	OK	 
REQUEST	injecteur 5	10		request_4	1462973949373	1462973949453	OK	 
REQUEST	injecteur 2	9		request_1	1462973949355	1462973949385	OK	 
REQUEST	injecteur 4	1		request_3	1462973949357	1462973949456	OK	 
REQUEST	injecteur 9	6		request_8	1462973949436	1462973949461	OK	 
REQUEST	injecteur 6	8		request_5	1462973949450	1462973949468	OK	 
REQUEST	injecteur 3	3		request_2	1462973949448	1462973949470	OK	 
REQUEST	injecteur 7	2		request_6	1462973949452	1462973949471	OK	 
REQUEST	injecteur 1	7		request_0	1462973949450	1462973949472	OK	 
REQUEST	injecteur 10	5		request_9	1462973949453	1462973949476	OK	 
REQUEST	injecteur 5	10		request_4	1462973949454	1462973949478	OK	 
REQUEST	injecteur 2	9		request_1	1462973949455	1462973949479	OK	 
REQUEST	injecteur 4	1		request_3	1462973949457	1462973949482	OK	 
REQUEST	injecteur 8	4		request_7	1462973949452	1462973949482	OK	 
REQUEST	injecteur 9	6		request_8	1462973949462	1462973949484	OK	 
REQUEST	injecteur 6	8		request_5	1462973949469	1462973949486	OK	 
REQUEST	injecteur 7	2		request_6	1462973949472	1462973949490	OK	 
REQUEST	injecteur 3	3		request_2	1462973949470	1462973949493	OK	 
REQUEST	injecteur 10	5		request_9	1462973949476	1462973949494	OK	 
REQUEST	injecteur 1	7		request_0	1462973949472	1462973949496	OK	 
REQUEST	injecteur 5	10		request_4	1462973949478	1462973949497	OK	 
REQUEST	injecteur 2	9		request_1	1462973949480	1462973949501	OK	 
REQUEST	injecteur 5	10		request_4	1462973949498	1462973949503	OK	 
REQUEST	injecteur 4	1		request_3	1462973949482	1462973949507	OK	 
REQUEST	injecteur 8	4		request_7	1462973949482	1462973949509	OK	 
REQUEST	injecteur 9	6		request_8	1462973949484	1462973949511	OK	 
REQUEST	injecteur 6	8		request_5	1462973949486	1462973949516	OK	 
REQUEST	injecteur 7	2		request_6	1462973949491	1462973949522	OK	 
REQUEST	injecteur 3	3		request_2	1462973949494	1462973949526	OK	 
REQUEST	injecteur 10	5		request_9	1462973949495	1462973949528	OK	 
REQUEST	injecteur 1	7		request_0	1462973949497	1462973949532	OK	 
REQUEST	injecteur 5	10		request_4	1462973949503	1462973949535	OK	 
REQUEST	injecteur 9	6		request_8	1462973949511	1462973949538	OK	 
REQUEST	injecteur 6	8		request_5	1462973949516	1462973949543	OK	 
REQUEST	injecteur 7	2		request_6	1462973949522	1462973949547	OK	 
REQUEST	injecteur 2	9		request_1	1462973949502	1462973949551	OK	 
REQUEST	injecteur 4	1		request_3	1462973949507	1462973949553	OK	 
REQUEST	injecteur 8	4		request_7	1462973949509	1462973949555	OK	 
REQUEST	injecteur 3	3		request_2	1462973949527	1462973949558	OK	 
REQUEST	injecteur 10	5		request_9	1462973949529	1462973949560	OK	 
REQUEST	injecteur 5	10		request_4	1462973949535	1462973949563	OK	 
REQUEST	injecteur 9	6		request_8	1462973949539	1462973949565	OK	 
REQUEST	injecteur 6	8		request_5	1462973949544	1462973949568	OK	 
REQUEST	injecteur 7	2		request_6	1462973949548	1462973949570	OK	 
REQUEST	injecteur 1	7		request_0	1462973949532	1462973949572	OK	 
REQUEST	injecteur 2	9		request_1	1462973949552	1462973949575	OK	 
REQUEST	injecteur 4	1		request_3	1462973949554	1462973949577	OK	 
REQUEST	injecteur 8	4		request_7	1462973949556	1462973949581	OK	 
REQUEST	injecteur 3	3		request_2	1462973949559	1462973949586	OK	 
REQUEST	injecteur 8	4		request_7	1462973949582	1462973949589	OK	 
REQUEST	injecteur 10	5		request_9	1462973949561	1462973949602	OK	 
REQUEST	injecteur 5	10		request_4	1462973949563	1462973949604	OK	 
REQUEST	injecteur 9	6		request_8	1462973949566	1462973949608	OK	 
REQUEST	injecteur 6	8		request_5	1462973949569	1462973949627	OK	 
REQUEST	injecteur 7	2		request_6	1462973949571	1462973949633	OK	 
REQUEST	injecteur 1	7		request_0	1462973949573	1462973949640	OK	 
REQUEST	injecteur 2	9		request_1	1462973949576	1462973949642	OK	 
REQUEST	injecteur 4	1		request_3	1462973949578	1462973949645	OK	 
REQUEST	injecteur 8	4		request_7	1462973949590	1462973949650	OK	 
REQUEST	injecteur 5	10		request_4	1462973949605	1462973949653	OK	 
REQUEST	injecteur 9	6		request_8	1462973949608	1462973949665	OK	 
REQUEST	injecteur 6	8		request_5	1462973949628	1462973949681	OK	 
REQUEST	injecteur 7	2		request_6	1462973949633	1462973949685	OK	 
REQUEST	injecteur 3	3		request_2	1462973949586	1462973949690	OK	 
REQUEST	injecteur 10	5		request_9	1462973949602	1462973949692	OK	 
REQUEST	injecteur 1	7		request_0	1462973949641	1462973949697	OK	 
REQUEST	injecteur 5	10		request_4	1462973949653	1462973949704	OK	 
REQUEST	injecteur 2	9		request_1	1462973949643	1462973949705	OK	 
REQUEST	injecteur 9	6		request_8	1462973949666	1462973949706	OK	 
REQUEST	injecteur 6	8		request_5	1462973949682	1462973949708	OK	 
REQUEST	injecteur 7	2		request_6	1462973949686	1462973949711	OK	 
REQUEST	injecteur 4	1		request_3	1462973949646	1462973949715	OK	 
REQUEST	injecteur 8	4		request_7	1462973949651	1462973949718	OK	 
REQUEST	injecteur 3	3		request_2	1462973949690	1462973949718	OK	 
REQUEST	injecteur 10	5		request_9	1462973949693	1462973949723	OK	 
REQUEST	injecteur 1	7		request_0	1462973949697	1462973949726	OK	 
REQUEST	injecteur 3	3		request_2	1462973949718	1462973949728	OK	 
REQUEST	injecteur 5	10		request_4	1462973949705	1462973949730	OK	 
REQUEST	injecteur 2	9		request_1	1462973949705	1462973949735	OK	 
REQUEST	injecteur 9	6		request_8	1462973949706	1462973949736	OK	 
REQUEST	injecteur 6	8		request_5	1462973949709	1462973949746	OK	 
REQUEST	injecteur 7	2		request_6	1462973949712	1462973949754	OK	 
REQUEST	injecteur 4	1		request_3	1462973949716	1462973949756	OK	 
REQUEST	injecteur 10	5		request_9	1462973949724	1462973949761	OK	 
REQUEST	injecteur 8	4		request_7	1462973949718	1462973949761	OK	 
REQUEST	injecteur 5	10		request_4	1462973949731	1462973949763	OK	 
REQUEST	injecteur 9	6		request_8	1462973949737	1462973949767	OK	 
REQUEST	injecteur 1	7		request_0	1462973949726	1462973949780	OK	 
REQUEST	injecteur 3	3		request_2	1462973949729	1462973949783	OK	 
REQUEST	injecteur 2	9		request_1	1462973949736	1462973949785	OK	 
REQUEST	injecteur 6	8		request_5	1462973949747	1462973949788	OK	 
REQUEST	injecteur 7	2		request_6	1462973949755	1462973949791	OK	 
REQUEST	injecteur 4	1		request_3	1462973949757	1462973949793	OK	 
REQUEST	injecteur 5	10		request_4	1462973949764	1462973949797	OK	 
REQUEST	injecteur 9	6		request_8	1462973949768	1462973949810	OK	 
REQUEST	injecteur 10	5		request_9	1462973949761	1462973949813	OK	 
REQUEST	injecteur 8	4		request_7	1462973949762	1462973949816	OK	 
REQUEST	injecteur 1	7		request_0	1462973949781	1462973949820	OK	 
REQUEST	injecteur 3	3		request_2	1462973949784	1462973949822	OK	 
REQUEST	injecteur 2	9		request_1	1462973949785	1462973949829	OK	 
REQUEST	injecteur 6	8		request_5	1462973949788	1462973949831	OK	 
REQUEST	injecteur 7	2		request_6	1462973949792	1462973949835	OK	 
REQUEST	injecteur 8	4		request_7	1462973949816	1462973949843	OK	 
REQUEST	injecteur 6	8		request_5	1462973949832	1462973949848	OK	 
REQUEST	injecteur 7	2		request_6	1462973949835	1462973949852	OK	 
REQUEST	injecteur 4	1		request_3	1462973949794	1462973949854	OK	 
REQUEST	injecteur 5	10		request_4	1462973949797	1462973949857	OK	 
REQUEST	injecteur 9	6		request_8	1462973949811	1462973949864	OK	 
REQUEST	injecteur 10	5		request_9	1462973949814	1462973949869	OK	 
REQUEST	injecteur 1	7		request_0	1462973949821	1462973949880	OK	 
REQUEST	injecteur 8	4		request_7	1462973949844	1462973949883	OK	 
REQUEST	injecteur 2	9		request_1	1462973949829	1462973949883	OK	 
REQUEST	injecteur 5	10		request_4	1462973949858	1462973949885	OK	 
REQUEST	injecteur 3	3		request_2	1462973949823	1462973949886	OK	 
REQUEST	injecteur 9	6		request_8	1462973949865	1462973949890	OK	 
REQUEST	injecteur 6	8		request_5	1462973949849	1462973949896	OK	 
REQUEST	injecteur 7	2		request_6	1462973949853	1462973949898	OK	 
REQUEST	injecteur 4	1		request_3	1462973949856	1462973949900	OK	 
REQUEST	injecteur 10	5		request_9	1462973949869	1462973949903	OK	 
REQUEST	injecteur 5	10		request_4	1462973949886	1462973949906	OK	 
REQUEST	injecteur 9	6		request_8	1462973949891	1462973949911	OK	 
REQUEST	injecteur 2	9		request_1	1462973949884	1462973949924	OK	 
REQUEST	injecteur 8	4		request_7	1462973949884	1462973949926	OK	 
REQUEST	injecteur 3	3		request_2	1462973949887	1462973949935	OK	 
REQUEST	injecteur 1	7		request_0	1462973949881	1462973949938	OK	 
REQUEST	injecteur 6	8		request_5	1462973949897	1462973949940	OK	 
REQUEST	injecteur 7	2		request_6	1462973949899	1462973949943	OK	 
REQUEST	injecteur 4	1		request_3	1462973949901	1462973949945	OK	 
REQUEST	injecteur 5	10		request_4	1462973949907	1462973949948	OK	 
REQUEST	injecteur 9	6		request_8	1462973949912	1462973949951	OK	 
REQUEST	injecteur 10	5		request_9	1462973949905	1462973949959	OK	 
REQUEST	injecteur 2	9		request_1	1462973949925	1462973949962	OK	 
REQUEST	injecteur 8	4		request_7	1462973949927	1462973949965	OK	 
REQUEST	injecteur 3	3		request_2	1462973949936	1462973949968	OK	 
REQUEST	injecteur 1	7		request_0	1462973949939	1462973949971	OK	 
REQUEST	injecteur 6	8		request_5	1462973949941	1462973949973	OK	 
REQUEST	injecteur 7	2		request_6	1462973949944	1462973949980	OK	 
REQUEST	injecteur 4	1		request_3	1462973949946	1462973949984	OK	 
REQUEST	injecteur 5	10		request_4	1462973949949	1462973949986	OK	 
REQUEST	injecteur 9	6		request_8	1462973949952	1462973949991	OK	 
REQUEST	injecteur 10	5		request_9	1462973949960	1462973949994	OK	 
REQUEST	injecteur 2	9		request_1	1462973949963	1462973950002	OK	 
REQUEST	injecteur 8	4		request_7	1462973949966	1462973950006	OK	 
REQUEST	injecteur 3	3		request_2	1462973949969	1462973950009	OK	 
REQUEST	injecteur 1	7		request_0	1462973949971	1462973950012	OK	 
REQUEST	injecteur 7	2		request_6	1462973949981	1462973950021	OK	 
REQUEST	injecteur 4	1		request_3	1462973949984	1462973950025	OK	 
REQUEST	injecteur 9	6		request_8	1462973949992	1462973950028	OK	 
REQUEST	injecteur 10	5		request_9	1462973949995	1462973950031	OK	 
REQUEST	injecteur 2	9		request_1	1462973950002	1462973950033	OK	 
REQUEST	injecteur 8	4		request_7	1462973950006	1462973950035	OK	 
REQUEST	injecteur 3	3		request_2	1462973950009	1462973950039	OK	 
REQUEST	injecteur 8	4		request_7	1462973950036	1462973950042	OK	 
REQUEST	injecteur 1	7		request_0	1462973950013	1462973950044	OK	 
REQUEST	injecteur 7	2		request_6	1462973950022	1462973950047	OK	 
REQUEST	injecteur 4	1		request_3	1462973950026	1462973950050	OK	 
REQUEST	injecteur 10	5		request_9	1462973950032	1462973950053	OK	 
REQUEST	injecteur 2	9		request_1	1462973950034	1462973950055	OK	 
REQUEST	injecteur 3	3		request_2	1462973950039	1462973950061	OK	 
REQUEST	injecteur 8	4		request_7	1462973950043	1462973950063	OK	 
REQUEST	injecteur 1	7		request_0	1462973950045	1462973950067	OK	 
REQUEST	injecteur 7	2		request_6	1462973950048	1462973950068	OK	 
REQUEST	injecteur 4	1		request_3	1462973950051	1462973950072	OK	 
REQUEST	injecteur 10	5		request_9	1462973950053	1462973950074	OK	 
REQUEST	injecteur 7	2		request_6	1462973950068	1462973950080	OK	 
REQUEST	injecteur 10	5		request_9	1462973950075	1462973950082	OK	 
REQUEST	injecteur 2	9		request_1	1462973950055	1462973950085	OK	 
REQUEST	injecteur 3	3		request_2	1462973950062	1462973950087	OK	 
REQUEST	injecteur 8	4		request_7	1462973950063	1462973950091	OK	 
REQUEST	injecteur 1	7		request_0	1462973950068	1462973950097	OK	 
REQUEST	injecteur 4	1		request_3	1462973950072	1462973950100	OK	 
REQUEST	injecteur 8	4		request_7	1462973950092	1462973950102	OK	 
REQUEST	injecteur 10	5		request_9	1462973950083	1462973950104	OK	 
REQUEST	injecteur 2	9		request_1	1462973950086	1462973950106	OK	 
REQUEST	injecteur 3	3		request_2	1462973950088	1462973950110	OK	 
REQUEST	injecteur 1	7		request_0	1462973950097	1462973950114	OK	 
REQUEST	injecteur 1	7		request_0	1462973950114	1462973950120	OK	 
REQUEST	injecteur 4	1		request_3	1462973950100	1462973950122	OK	 
REQUEST	injecteur 8	4		request_7	1462973950103	1462973950125	OK	 
REQUEST	injecteur 10	5		request_9	1462973950105	1462973950128	OK	 
REQUEST	injecteur 2	9		request_1	1462973950106	1462973950133	OK	 
REQUEST	injecteur 3	3		request_2	1462973950111	1462973950136	OK	 
REQUEST	injecteur 10	5		request_9	1462973950128	1462973950140	OK	 
REQUEST	injecteur 1	7		request_0	1462973950121	1462973950144	OK	 
REQUEST	injecteur 4	1		request_3	1462973950123	1462973950147	OK	 
REQUEST	injecteur 8	4		request_7	1462973950126	1462973950149	OK	 
REQUEST	injecteur 2	9		request_1	1462973950133	1462973950152	OK	 
