ASSERTION	AAMBAAMDBABk
RUN	InjectionsAndVerifications		injectionsandverifications	1462966782104	 	2.0
USER	injecteur 4	1	START	1462966783164	1462966783164
USER	injecteur 7	2	START	1462966783250	1462966783250
USER	injecteur 3	3	START	1462966783258	1462966783258
USER	injecteur 8	4	START	1462966783264	1462966783264
USER	injecteur 10	5	START	1462966783267	1462966783267
USER	injecteur 9	6	START	1462966783273	1462966783273
USER	injecteur 1	7	START	1462966783283	1462966783283
USER	injecteur 6	8	START	1462966783286	1462966783286
USER	injecteur 2	9	START	1462966783301	1462966783301
USER	injecteur 5	10	START	1462966783304	1462966783304
REQUEST	injecteur 1	7		request_0	1462966783284	1462966783365	OK	 
REQUEST	injecteur 4	1		request_3	1462966783228	1462966783349	OK	 
REQUEST	injecteur 7	2		request_6	1462966783255	1462966783433	OK	 
REQUEST	injecteur 8	4		request_7	1462966783265	1462966783439	OK	 
REQUEST	injecteur 6	8		request_5	1462966783287	1462966783345	OK	 
REQUEST	injecteur 3	3		request_2	1462966783262	1462966783387	OK	 
REQUEST	injecteur 9	6		request_8	1462966783280	1462966783421	OK	 
REQUEST	injecteur 10	5		request_9	1462966783269	1462966783406	OK	 
REQUEST	injecteur 6	8		request_5	1462966783458	1462966783463	OK	 
REQUEST	injecteur 5	10		request_4	1462966783306	1462966783465	OK	 
REQUEST	injecteur 10	5		request_9	1462966783454	1462966783466	OK	 
REQUEST	injecteur 1	7		request_0	1462966783459	1462966783471	OK	 
REQUEST	injecteur 3	3		request_2	1462966783461	1462966783475	OK	 
REQUEST	injecteur 7	2		request_6	1462966783464	1462966783476	OK	 
REQUEST	injecteur 5	10		request_4	1462966783467	1462966783489	OK	 
REQUEST	injecteur 6	8		request_5	1462966783464	1462966783494	OK	 
REQUEST	injecteur 1	7		request_0	1462966783472	1462966783502	OK	 
REQUEST	injecteur 10	5		request_9	1462966783467	1462966783506	OK	 
REQUEST	injecteur 4	1		request_3	1462966783469	1462966783508	OK	 
REQUEST	injecteur 2	9		request_1	1462966783303	1462966783511	OK	 
REQUEST	injecteur 3	3		request_2	1462966783477	1462966783513	OK	 
REQUEST	injecteur 7	2		request_6	1462966783477	1462966783516	OK	 
REQUEST	injecteur 9	6		request_8	1462966783483	1462966783524	OK	 
REQUEST	injecteur 5	10		request_4	1462966783490	1462966783527	OK	 
REQUEST	injecteur 8	4		request_7	1462966783480	1462966783529	OK	 
REQUEST	injecteur 3	3		request_2	1462966783514	1462966783531	OK	 
REQUEST	injecteur 1	7		request_0	1462966783503	1462966783539	OK	 
REQUEST	injecteur 6	8		request_5	1462966783504	1462966783541	OK	 
REQUEST	injecteur 4	1		request_3	1462966783509	1462966783543	OK	 
REQUEST	injecteur 2	9		request_1	1462966783512	1462966783550	OK	 
REQUEST	injecteur 10	5		request_9	1462966783507	1462966783557	OK	 
REQUEST	injecteur 7	2		request_6	1462966783518	1462966783569	OK	 
REQUEST	injecteur 4	1		request_3	1462966783545	1462966783572	OK	 
REQUEST	injecteur 2	9		request_1	1462966783552	1462966783578	OK	 
REQUEST	injecteur 9	6		request_8	1462966783526	1462966783584	OK	 
REQUEST	injecteur 10	5		request_9	1462966783558	1462966783591	OK	 
REQUEST	injecteur 5	10		request_4	1462966783529	1462966783598	OK	 
REQUEST	injecteur 8	4		request_7	1462966783530	1462966783608	OK	 
REQUEST	injecteur 3	3		request_2	1462966783532	1462966783613	OK	 
REQUEST	injecteur 6	8		request_5	1462966783550	1462966783618	OK	 
REQUEST	injecteur 1	7		request_0	1462966783560	1462966783621	OK	 
REQUEST	injecteur 4	1		request_3	1462966783574	1462966783626	OK	 
REQUEST	injecteur 10	5		request_9	1462966783592	1462966783629	OK	 
REQUEST	injecteur 7	2		request_6	1462966783571	1462966783633	OK	 
REQUEST	injecteur 2	9		request_1	1462966783580	1462966783636	OK	 
REQUEST	injecteur 9	6		request_8	1462966783585	1462966783638	OK	 
REQUEST	injecteur 5	10		request_4	1462966783601	1462966783641	OK	 
REQUEST	injecteur 8	4		request_7	1462966783609	1462966783644	OK	 
REQUEST	injecteur 3	3		request_2	1462966783614	1462966783648	OK	 
REQUEST	injecteur 6	8		request_5	1462966783619	1462966783650	OK	 
REQUEST	injecteur 1	7		request_0	1462966783622	1462966783653	OK	 
REQUEST	injecteur 4	1		request_3	1462966783627	1462966783658	OK	 
REQUEST	injecteur 10	5		request_9	1462966783630	1462966783661	OK	 
REQUEST	injecteur 7	2		request_6	1462966783634	1462966783666	OK	 
REQUEST	injecteur 2	9		request_1	1462966783637	1462966783670	OK	 
REQUEST	injecteur 9	6		request_8	1462966783640	1462966783672	OK	 
REQUEST	injecteur 5	10		request_4	1462966783642	1462966783675	OK	 
REQUEST	injecteur 8	4		request_7	1462966783645	1462966783678	OK	 
REQUEST	injecteur 3	3		request_2	1462966783649	1462966783681	OK	 
REQUEST	injecteur 6	8		request_5	1462966783651	1462966783684	OK	 
REQUEST	injecteur 1	7		request_0	1462966783654	1462966783693	OK	 
REQUEST	injecteur 4	1		request_3	1462966783660	1462966783695	OK	 
REQUEST	injecteur 10	5		request_9	1462966783662	1462966783698	OK	 
REQUEST	injecteur 7	2		request_6	1462966783667	1462966783706	OK	 
REQUEST	injecteur 2	9		request_1	1462966783671	1462966783709	OK	 
REQUEST	injecteur 9	6		request_8	1462966783673	1462966783714	OK	 
REQUEST	injecteur 5	10		request_4	1462966783676	1462966783719	OK	 
REQUEST	injecteur 8	4		request_7	1462966783679	1462966783721	OK	 
REQUEST	injecteur 3	3		request_2	1462966783682	1462966783723	OK	 
REQUEST	injecteur 6	8		request_5	1462966783685	1462966783727	OK	 
REQUEST	injecteur 1	7		request_0	1462966783694	1462966783729	OK	 
REQUEST	injecteur 4	1		request_3	1462966783696	1462966783731	OK	 
REQUEST	injecteur 10	5		request_9	1462966783699	1462966783734	OK	 
REQUEST	injecteur 7	2		request_6	1462966783707	1462966783736	OK	 
REQUEST	injecteur 2	9		request_1	1462966783710	1462966783738	OK	 
REQUEST	injecteur 9	6		request_8	1462966783715	1462966783741	OK	 
REQUEST	injecteur 5	10		request_4	1462966783720	1462966783743	OK	 
REQUEST	injecteur 8	4		request_7	1462966783722	1462966783746	OK	 
REQUEST	injecteur 3	3		request_2	1462966783725	1462966783752	OK	 
REQUEST	injecteur 6	8		request_5	1462966783728	1462966783758	OK	 
REQUEST	injecteur 1	7		request_0	1462966783730	1462966783760	OK	 
REQUEST	injecteur 4	1		request_3	1462966783732	1462966783763	OK	 
REQUEST	injecteur 10	5		request_9	1462966783735	1462966783765	OK	 
REQUEST	injecteur 7	2		request_6	1462966783737	1462966783767	OK	 
REQUEST	injecteur 2	9		request_1	1462966783739	1462966783769	OK	 
REQUEST	injecteur 9	6		request_8	1462966783742	1462966783772	OK	 
REQUEST	injecteur 5	10		request_4	1462966783744	1462966783774	OK	 
REQUEST	injecteur 8	4		request_7	1462966783747	1462966783781	OK	 
REQUEST	injecteur 3	3		request_2	1462966783753	1462966783783	OK	 
REQUEST	injecteur 6	8		request_5	1462966783759	1462966783785	OK	 
REQUEST	injecteur 1	7		request_0	1462966783761	1462966783787	OK	 
REQUEST	injecteur 4	1		request_3	1462966783764	1462966783790	OK	 
REQUEST	injecteur 10	5		request_9	1462966783766	1462966783792	OK	 
REQUEST	injecteur 7	2		request_6	1462966783768	1462966783795	OK	 
REQUEST	injecteur 2	9		request_1	1462966783770	1462966783797	OK	 
REQUEST	injecteur 9	6		request_8	1462966783773	1462966783800	OK	 
REQUEST	injecteur 5	10		request_4	1462966783775	1462966783805	OK	 
REQUEST	injecteur 8	4		request_7	1462966783782	1462966783809	OK	 
REQUEST	injecteur 3	3		request_2	1462966783784	1462966783813	OK	 
REQUEST	injecteur 6	8		request_5	1462966783786	1462966783815	OK	 
REQUEST	injecteur 1	7		request_0	1462966783788	1462966783820	OK	 
REQUEST	injecteur 4	1		request_3	1462966783791	1462966783822	OK	 
REQUEST	injecteur 10	5		request_9	1462966783793	1462966783825	OK	 
REQUEST	injecteur 7	2		request_6	1462966783796	1462966783828	OK	 
REQUEST	injecteur 2	9		request_1	1462966783798	1462966783830	OK	 
REQUEST	injecteur 9	6		request_8	1462966783801	1462966783833	OK	 
REQUEST	injecteur 5	10		request_4	1462966783806	1462966783836	OK	 
REQUEST	injecteur 8	4		request_7	1462966783810	1462966783838	OK	 
REQUEST	injecteur 3	3		request_2	1462966783814	1462966783844	OK	 
REQUEST	injecteur 6	8		request_5	1462966783817	1462966783844	OK	 
REQUEST	injecteur 1	7		request_0	1462966783821	1462966783850	OK	 
REQUEST	injecteur 4	1		request_3	1462966783824	1462966783855	OK	 
REQUEST	injecteur 10	5		request_9	1462966783826	1462966783859	OK	 
REQUEST	injecteur 7	2		request_6	1462966783829	1462966783863	OK	 
REQUEST	injecteur 2	9		request_1	1462966783831	1462966783866	OK	 
REQUEST	injecteur 9	6		request_8	1462966783834	1462966783871	OK	 
REQUEST	injecteur 5	10		request_4	1462966783837	1462966783873	OK	 
REQUEST	injecteur 8	4		request_7	1462966783839	1462966783876	OK	 
REQUEST	injecteur 3	3		request_2	1462966783845	1462966783878	OK	 
REQUEST	injecteur 6	8		request_5	1462966783847	1462966783880	OK	 
REQUEST	injecteur 1	7		request_0	1462966783851	1462966783882	OK	 
REQUEST	injecteur 4	1		request_3	1462966783857	1462966783885	OK	 
REQUEST	injecteur 10	5		request_9	1462966783860	1462966783887	OK	 
REQUEST	injecteur 7	2		request_6	1462966783864	1462966783892	OK	 
REQUEST	injecteur 2	9		request_1	1462966783867	1462966783895	OK	 
REQUEST	injecteur 9	6		request_8	1462966783871	1462966783898	OK	 
REQUEST	injecteur 5	10		request_4	1462966783874	1462966783901	OK	 
REQUEST	injecteur 8	4		request_7	1462966783877	1462966783903	OK	 
REQUEST	injecteur 3	3		request_2	1462966783880	1462966783906	OK	 
REQUEST	injecteur 6	8		request_5	1462966783881	1462966783913	OK	 
REQUEST	injecteur 1	7		request_0	1462966783883	1462966783916	OK	 
REQUEST	injecteur 4	1		request_3	1462966783886	1462966783931	OK	 
REQUEST	injecteur 10	5		request_9	1462966783888	1462966783934	OK	 
REQUEST	injecteur 7	2		request_6	1462966783893	1462966783936	OK	 
REQUEST	injecteur 2	9		request_1	1462966783896	1462966783939	OK	 
REQUEST	injecteur 9	6		request_8	1462966783899	1462966783942	OK	 
REQUEST	injecteur 5	10		request_4	1462966783902	1462966783944	OK	 
REQUEST	injecteur 8	4		request_7	1462966783904	1462966783947	OK	 
REQUEST	injecteur 3	3		request_2	1462966783907	1462966783949	OK	 
REQUEST	injecteur 6	8		request_5	1462966783914	1462966783951	OK	 
REQUEST	injecteur 1	7		request_0	1462966783917	1462966783954	OK	 
REQUEST	injecteur 4	1		request_3	1462966783932	1462966783957	OK	 
REQUEST	injecteur 10	5		request_9	1462966783935	1462966783959	OK	 
REQUEST	injecteur 7	2		request_6	1462966783937	1462966783962	OK	 
REQUEST	injecteur 2	9		request_1	1462966783940	1462966783964	OK	 
REQUEST	injecteur 9	6		request_8	1462966783943	1462966783966	OK	 
REQUEST	injecteur 5	10		request_4	1462966783945	1462966783969	OK	 
REQUEST	injecteur 8	4		request_7	1462966783948	1462966783972	OK	 
REQUEST	injecteur 3	3		request_2	1462966783950	1462966783975	OK	 
REQUEST	injecteur 6	8		request_5	1462966783952	1462966783978	OK	 
REQUEST	injecteur 1	7		request_0	1462966783955	1462966783991	OK	 
REQUEST	injecteur 4	1		request_3	1462966783957	1462966783995	OK	 
REQUEST	injecteur 10	5		request_9	1462966783960	1462966783999	OK	 
REQUEST	injecteur 7	2		request_6	1462966783963	1462966784002	OK	 
REQUEST	injecteur 2	9		request_1	1462966783965	1462966784004	OK	 
REQUEST	injecteur 9	6		request_8	1462966783967	1462966784008	OK	 
REQUEST	injecteur 5	10		request_4	1462966783970	1462966784011	OK	 
REQUEST	injecteur 8	4		request_7	1462966783973	1462966784013	OK	 
REQUEST	injecteur 3	3		request_2	1462966783976	1462966784014	OK	 
REQUEST	injecteur 6	8		request_5	1462966783979	1462966784018	OK	 
REQUEST	injecteur 1	7		request_0	1462966783992	1462966784022	OK	 
REQUEST	injecteur 4	1		request_3	1462966783996	1462966784024	OK	 
REQUEST	injecteur 10	5		request_9	1462966783999	1462966784026	OK	 
REQUEST	injecteur 7	2		request_6	1462966784003	1462966784028	OK	 
REQUEST	injecteur 2	9		request_1	1462966784005	1462966784032	OK	 
REQUEST	injecteur 9	6		request_8	1462966784009	1462966784034	OK	 
REQUEST	injecteur 5	10		request_4	1462966784011	1462966784037	OK	 
REQUEST	injecteur 8	4		request_7	1462966784014	1462966784039	OK	 
REQUEST	injecteur 3	3		request_2	1462966784015	1462966784043	OK	 
REQUEST	injecteur 6	8		request_5	1462966784020	1462966784045	OK	 
REQUEST	injecteur 1	7		request_0	1462966784023	1462966784051	OK	 
REQUEST	injecteur 4	1		request_3	1462966784025	1462966784054	OK	 
REQUEST	injecteur 10	5		request_9	1462966784027	1462966784058	OK	 
REQUEST	injecteur 7	2		request_6	1462966784029	1462966784065	OK	 
REQUEST	injecteur 2	9		request_1	1462966784033	1462966784068	OK	 
REQUEST	injecteur 9	6		request_8	1462966784035	1462966784070	OK	 
REQUEST	injecteur 5	10		request_4	1462966784037	1462966784073	OK	 
REQUEST	injecteur 8	4		request_7	1462966784040	1462966784077	OK	 
REQUEST	injecteur 3	3		request_2	1462966784044	1462966784079	OK	 
REQUEST	injecteur 6	8		request_5	1462966784046	1462966784081	OK	 
REQUEST	injecteur 4	1		request_3	1462966784054	1462966784086	OK	 
REQUEST	injecteur 1	7		request_0	1462966784052	1462966784087	OK	 
REQUEST	injecteur 10	5		request_9	1462966784059	1462966784090	OK	 
REQUEST	injecteur 7	2		request_6	1462966784066	1462966784095	OK	 
REQUEST	injecteur 10	5		request_9	1462966784091	1462966784099	OK	 
REQUEST	injecteur 2	9		request_1	1462966784069	1462966784104	OK	 
REQUEST	injecteur 9	6		request_8	1462966784071	1462966784108	OK	 
REQUEST	injecteur 5	10		request_4	1462966784075	1462966784111	OK	 
REQUEST	injecteur 3	3		request_2	1462966784080	1462966784114	OK	 
REQUEST	injecteur 8	4		request_7	1462966784078	1462966784112	OK	 
REQUEST	injecteur 1	7		request_0	1462966784087	1462966784118	OK	 
REQUEST	injecteur 4	1		request_3	1462966784087	1462966784120	OK	 
REQUEST	injecteur 10	5		request_9	1462966784100	1462966784124	OK	 
REQUEST	injecteur 6	8		request_5	1462966784082	1462966784123	OK	 
REQUEST	injecteur 2	9		request_1	1462966784105	1462966784127	OK	 
REQUEST	injecteur 7	2		request_6	1462966784096	1462966784130	OK	 
REQUEST	injecteur 9	6		request_8	1462966784109	1462966784133	OK	 
REQUEST	injecteur 5	10		request_4	1462966784112	1462966784136	OK	 
REQUEST	injecteur 3	3		request_2	1462966784115	1462966784138	OK	 
REQUEST	injecteur 1	7		request_0	1462966784119	1462966784141	OK	 
REQUEST	injecteur 10	5		request_9	1462966784124	1462966784143	OK	 
REQUEST	injecteur 8	4		request_7	1462966784120	1462966784145	OK	 
REQUEST	injecteur 4	1		request_3	1462966784121	1462966784150	OK	 
REQUEST	injecteur 6	8		request_5	1462966784125	1462966784152	OK	 
REQUEST	injecteur 2	9		request_1	1462966784128	1462966784156	OK	 
REQUEST	injecteur 7	2		request_6	1462966784131	1462966784158	OK	 
REQUEST	injecteur 9	6		request_8	1462966784134	1462966784162	OK	 
REQUEST	injecteur 3	3		request_2	1462966784139	1462966784164	OK	 
REQUEST	injecteur 5	10		request_4	1462966784137	1462966784165	OK	 
REQUEST	injecteur 8	4		request_7	1462966784146	1462966784168	OK	 
REQUEST	injecteur 1	7		request_0	1462966784142	1462966784169	OK	 
REQUEST	injecteur 10	5		request_9	1462966784144	1462966784171	OK	 
REQUEST	injecteur 4	1		request_3	1462966784151	1462966784174	OK	 
REQUEST	injecteur 6	8		request_5	1462966784153	1462966784177	OK	 
REQUEST	injecteur 2	9		request_1	1462966784157	1462966784180	OK	 
REQUEST	injecteur 7	2		request_6	1462966784159	1462966784182	OK	 
REQUEST	injecteur 9	6		request_8	1462966784163	1462966784185	OK	 
REQUEST	injecteur 3	3		request_2	1462966784165	1462966784186	OK	 
REQUEST	injecteur 5	10		request_4	1462966784166	1462966784188	OK	 
REQUEST	injecteur 8	4		request_7	1462966784169	1462966784191	OK	 
REQUEST	injecteur 1	7		request_0	1462966784170	1462966784194	OK	 
REQUEST	injecteur 10	5		request_9	1462966784172	1462966784196	OK	 
REQUEST	injecteur 4	1		request_3	1462966784175	1462966784198	OK	 
REQUEST	injecteur 2	9		request_1	1462966784181	1462966784203	OK	 
REQUEST	injecteur 6	8		request_5	1462966784179	1462966784205	OK	 
REQUEST	injecteur 7	2		request_6	1462966784182	1462966784207	OK	 
REQUEST	injecteur 9	6		request_8	1462966784185	1462966784209	OK	 
REQUEST	injecteur 3	3		request_2	1462966784187	1462966784211	OK	 
REQUEST	injecteur 5	10		request_4	1462966784189	1462966784213	OK	 
REQUEST	injecteur 8	4		request_7	1462966784192	1462966784215	OK	 
REQUEST	injecteur 1	7		request_0	1462966784195	1462966784217	OK	 
REQUEST	injecteur 10	5		request_9	1462966784196	1462966784219	OK	 
REQUEST	injecteur 4	1		request_3	1462966784199	1462966784221	OK	 
REQUEST	injecteur 2	9		request_1	1462966784204	1462966784224	OK	 
REQUEST	injecteur 6	8		request_5	1462966784206	1462966784227	OK	 
REQUEST	injecteur 7	2		request_6	1462966784208	1462966784229	OK	 
REQUEST	injecteur 9	6		request_8	1462966784210	1462966784232	OK	 
REQUEST	injecteur 3	3		request_2	1462966784212	1462966784235	OK	 
REQUEST	injecteur 5	10		request_4	1462966784214	1462966784237	OK	 
REQUEST	injecteur 8	4		request_7	1462966784216	1462966784239	OK	 
REQUEST	injecteur 1	7		request_0	1462966784217	1462966784240	OK	 
REQUEST	injecteur 10	5		request_9	1462966784219	1462966784242	OK	 
REQUEST	injecteur 4	1		request_3	1462966784222	1462966784245	OK	 
REQUEST	injecteur 2	9		request_1	1462966784225	1462966784247	OK	 
REQUEST	injecteur 6	8		request_5	1462966784228	1462966784250	OK	 
REQUEST	injecteur 7	2		request_6	1462966784230	1462966784252	OK	 
REQUEST	injecteur 9	6		request_8	1462966784233	1462966784254	OK	 
REQUEST	injecteur 3	3		request_2	1462966784236	1462966784256	OK	 
REQUEST	injecteur 5	10		request_4	1462966784238	1462966784259	OK	 
REQUEST	injecteur 8	4		request_7	1462966784240	1462966784261	OK	 
REQUEST	injecteur 1	7		request_0	1462966784241	1462966784263	OK	 
REQUEST	injecteur 10	5		request_9	1462966784243	1462966784265	OK	 
REQUEST	injecteur 4	1		request_3	1462966784246	1462966784269	OK	 
REQUEST	injecteur 2	9		request_1	1462966784248	1462966784272	OK	 
REQUEST	injecteur 6	8		request_5	1462966784251	1462966784275	OK	 
REQUEST	injecteur 7	2		request_6	1462966784253	1462966784277	OK	 
REQUEST	injecteur 9	6		request_8	1462966784255	1462966784279	OK	 
REQUEST	injecteur 3	3		request_2	1462966784257	1462966784281	OK	 
REQUEST	injecteur 5	10		request_4	1462966784260	1462966784283	OK	 
REQUEST	injecteur 8	4		request_7	1462966784262	1462966784286	OK	 
REQUEST	injecteur 1	7		request_0	1462966784264	1462966784289	OK	 
REQUEST	injecteur 10	5		request_9	1462966784266	1462966784293	OK	 
REQUEST	injecteur 4	1		request_3	1462966784270	1462966784296	OK	 
REQUEST	injecteur 2	9		request_1	1462966784273	1462966784298	OK	 
REQUEST	injecteur 6	8		request_5	1462966784276	1462966784300	OK	 
REQUEST	injecteur 7	2		request_6	1462966784278	1462966784303	OK	 
REQUEST	injecteur 9	6		request_8	1462966784280	1462966784305	OK	 
REQUEST	injecteur 3	3		request_2	1462966784282	1462966784306	OK	 
REQUEST	injecteur 5	10		request_4	1462966784284	1462966784308	OK	 
REQUEST	injecteur 8	4		request_7	1462966784287	1462966784311	OK	 
REQUEST	injecteur 1	7		request_0	1462966784290	1462966784313	OK	 
REQUEST	injecteur 10	5		request_9	1462966784294	1462966784315	OK	 
REQUEST	injecteur 4	1		request_3	1462966784297	1462966784317	OK	 
REQUEST	injecteur 2	9		request_1	1462966784299	1462966784319	OK	 
REQUEST	injecteur 6	8		request_5	1462966784301	1462966784321	OK	 
REQUEST	injecteur 7	2		request_6	1462966784303	1462966784323	OK	 
REQUEST	injecteur 9	6		request_8	1462966784305	1462966784326	OK	 
REQUEST	injecteur 7	2		request_6	1462966784323	1462966784330	OK	 
REQUEST	injecteur 3	3		request_2	1462966784307	1462966784334	OK	 
REQUEST	injecteur 5	10		request_4	1462966784309	1462966784336	OK	 
REQUEST	injecteur 8	4		request_7	1462966784312	1462966784338	OK	 
REQUEST	injecteur 1	7		request_0	1462966784314	1462966784339	OK	 
REQUEST	injecteur 10	5		request_9	1462966784316	1462966784341	OK	 
REQUEST	injecteur 4	1		request_3	1462966784318	1462966784343	OK	 
REQUEST	injecteur 2	9		request_1	1462966784320	1462966784345	OK	 
REQUEST	injecteur 6	8		request_5	1462966784322	1462966784347	OK	 
REQUEST	injecteur 9	6		request_8	1462966784327	1462966784349	OK	 
REQUEST	injecteur 7	2		request_6	1462966784331	1462966784351	OK	 
REQUEST	injecteur 3	3		request_2	1462966784335	1462966784354	OK	 
REQUEST	injecteur 5	10		request_4	1462966784337	1462966784355	OK	 
REQUEST	injecteur 8	4		request_7	1462966784338	1462966784358	OK	 
REQUEST	injecteur 1	7		request_0	1462966784340	1462966784359	OK	 
REQUEST	injecteur 10	5		request_9	1462966784342	1462966784361	OK	 
REQUEST	injecteur 4	1		request_3	1462966784344	1462966784362	OK	 
REQUEST	injecteur 2	9		request_1	1462966784346	1462966784364	OK	 
REQUEST	injecteur 6	8		request_5	1462966784348	1462966784366	OK	 
REQUEST	injecteur 9	6		request_8	1462966784350	1462966784368	OK	 
REQUEST	injecteur 7	2		request_6	1462966784352	1462966784371	OK	 
REQUEST	injecteur 3	3		request_2	1462966784354	1462966784374	OK	 
REQUEST	injecteur 5	10		request_4	1462966784356	1462966784376	OK	 
REQUEST	injecteur 8	4		request_7	1462966784358	1462966784378	OK	 
REQUEST	injecteur 1	7		request_0	1462966784360	1462966784382	OK	 
REQUEST	injecteur 10	5		request_9	1462966784362	1462966784384	OK	 
REQUEST	injecteur 4	1		request_3	1462966784363	1462966784389	OK	 
REQUEST	injecteur 2	9		request_1	1462966784365	1462966784391	OK	 
REQUEST	injecteur 9	6		request_8	1462966784369	1462966784392	OK	 
REQUEST	injecteur 6	8		request_5	1462966784367	1462966784393	OK	 
REQUEST	injecteur 7	2		request_6	1462966784372	1462966784397	OK	 
REQUEST	injecteur 3	3		request_2	1462966784374	1462966784399	OK	 
REQUEST	injecteur 5	10		request_4	1462966784377	1462966784404	OK	 
REQUEST	injecteur 8	4		request_7	1462966784379	1462966784405	OK	 
REQUEST	injecteur 1	7		request_0	1462966784383	1462966784409	OK	 
REQUEST	injecteur 9	6		request_8	1462966784393	1462966784411	OK	 
REQUEST	injecteur 8	4		request_7	1462966784406	1462966784413	OK	 
REQUEST	injecteur 10	5		request_9	1462966784385	1462966784415	OK	 
REQUEST	injecteur 4	1		request_3	1462966784389	1462966784418	OK	 
REQUEST	injecteur 2	9		request_1	1462966784391	1462966784420	OK	 
REQUEST	injecteur 6	8		request_5	1462966784393	1462966784422	OK	 
REQUEST	injecteur 7	2		request_6	1462966784397	1462966784425	OK	 
REQUEST	injecteur 3	3		request_2	1462966784400	1462966784427	OK	 
REQUEST	injecteur 5	10		request_4	1462966784405	1462966784428	OK	 
REQUEST	injecteur 1	7		request_0	1462966784410	1462966784430	OK	 
REQUEST	injecteur 9	6		request_8	1462966784412	1462966784432	OK	 
REQUEST	injecteur 8	4		request_7	1462966784414	1462966784439	OK	 
REQUEST	injecteur 10	5		request_9	1462966784416	1462966784439	OK	 
REQUEST	injecteur 4	1		request_3	1462966784419	1462966784440	OK	 
REQUEST	injecteur 2	9		request_1	1462966784421	1462966784443	OK	 
REQUEST	injecteur 6	8		request_5	1462966784423	1462966784447	OK	 
REQUEST	injecteur 7	2		request_6	1462966784426	1462966784449	OK	 
REQUEST	injecteur 3	3		request_2	1462966784427	1462966784451	OK	 
REQUEST	injecteur 5	10		request_4	1462966784429	1462966784453	OK	 
REQUEST	injecteur 1	7		request_0	1462966784431	1462966784454	OK	 
REQUEST	injecteur 9	6		request_8	1462966784433	1462966784456	OK	 
REQUEST	injecteur 8	4		request_7	1462966784439	1462966784458	OK	 
REQUEST	injecteur 10	5		request_9	1462966784439	1462966784460	OK	 
REQUEST	injecteur 4	1		request_3	1462966784441	1462966784461	OK	 
REQUEST	injecteur 2	9		request_1	1462966784444	1462966784463	OK	 
REQUEST	injecteur 6	8		request_5	1462966784448	1462966784465	OK	 
REQUEST	injecteur 7	2		request_6	1462966784450	1462966784466	OK	 
REQUEST	injecteur 3	3		request_2	1462966784452	1462966784468	OK	 
REQUEST	injecteur 5	10		request_4	1462966784453	1462966784469	OK	 
REQUEST	injecteur 1	7		request_0	1462966784455	1462966784471	OK	 
REQUEST	injecteur 9	6		request_8	1462966784457	1462966784473	OK	 
REQUEST	injecteur 8	4		request_7	1462966784458	1462966784474	OK	 
REQUEST	injecteur 10	5		request_9	1462966784460	1462966784476	OK	 
REQUEST	injecteur 4	1		request_3	1462966784462	1462966784479	OK	 
REQUEST	injecteur 2	9		request_1	1462966784464	1462966784481	OK	 
REQUEST	injecteur 6	8		request_5	1462966784465	1462966784483	OK	 
REQUEST	injecteur 7	2		request_6	1462966784467	1462966784485	OK	 
REQUEST	injecteur 3	3		request_2	1462966784468	1462966784487	OK	 
REQUEST	injecteur 5	10		request_4	1462966784470	1462966784489	OK	 
REQUEST	injecteur 1	7		request_0	1462966784472	1462966784491	OK	 
REQUEST	injecteur 9	6		request_8	1462966784473	1462966784493	OK	 
REQUEST	injecteur 8	4		request_7	1462966784475	1462966784495	OK	 
REQUEST	injecteur 10	5		request_9	1462966784477	1462966784497	OK	 
REQUEST	injecteur 4	1		request_3	1462966784480	1462966784501	OK	 
REQUEST	injecteur 2	9		request_1	1462966784482	1462966784504	OK	 
REQUEST	injecteur 6	8		request_5	1462966784484	1462966784505	OK	 
REQUEST	injecteur 7	2		request_6	1462966784486	1462966784507	OK	 
REQUEST	injecteur 3	3		request_2	1462966784487	1462966784511	OK	 
REQUEST	injecteur 5	10		request_4	1462966784490	1462966784512	OK	 
REQUEST	injecteur 1	7		request_0	1462966784492	1462966784514	OK	 
REQUEST	injecteur 9	6		request_8	1462966784494	1462966784516	OK	 
REQUEST	injecteur 8	4		request_7	1462966784496	1462966784519	OK	 
REQUEST	injecteur 10	5		request_9	1462966784498	1462966784521	OK	 
REQUEST	injecteur 4	1		request_3	1462966784502	1462966784524	OK	 
REQUEST	injecteur 2	9		request_1	1462966784505	1462966784526	OK	 
REQUEST	injecteur 6	8		request_5	1462966784506	1462966784527	OK	 
REQUEST	injecteur 7	2		request_6	1462966784508	1462966784529	OK	 
REQUEST	injecteur 3	3		request_2	1462966784511	1462966784531	OK	 
REQUEST	injecteur 5	10		request_4	1462966784513	1462966784532	OK	 
REQUEST	injecteur 1	7		request_0	1462966784515	1462966784534	OK	 
REQUEST	injecteur 9	6		request_8	1462966784517	1462966784537	OK	 
REQUEST	injecteur 8	4		request_7	1462966784520	1462966784540	OK	 
REQUEST	injecteur 10	5		request_9	1462966784522	1462966784543	OK	 
REQUEST	injecteur 4	1		request_3	1462966784525	1462966784546	OK	 
REQUEST	injecteur 2	9		request_1	1462966784526	1462966784548	OK	 
REQUEST	injecteur 6	8		request_5	1462966784528	1462966784550	OK	 
REQUEST	injecteur 7	2		request_6	1462966784529	1462966784552	OK	 
REQUEST	injecteur 3	3		request_2	1462966784532	1462966784556	OK	 
REQUEST	injecteur 5	10		request_4	1462966784533	1462966784558	OK	 
REQUEST	injecteur 1	7		request_0	1462966784535	1462966784561	OK	 
REQUEST	injecteur 9	6		request_8	1462966784538	1462966784563	OK	 
REQUEST	injecteur 8	4		request_7	1462966784541	1462966784566	OK	 
REQUEST	injecteur 10	5		request_9	1462966784543	1462966784570	OK	 
REQUEST	injecteur 4	1		request_3	1462966784546	1462966784573	OK	 
REQUEST	injecteur 2	9		request_1	1462966784548	1462966784575	OK	 
REQUEST	injecteur 6	8		request_5	1462966784551	1462966784577	OK	 
REQUEST	injecteur 7	2		request_6	1462966784553	1462966784579	OK	 
REQUEST	injecteur 3	3		request_2	1462966784556	1462966784581	OK	 
REQUEST	injecteur 5	10		request_4	1462966784559	1462966784583	OK	 
REQUEST	injecteur 1	7		request_0	1462966784561	1462966784587	OK	 
REQUEST	injecteur 9	6		request_8	1462966784564	1462966784591	OK	 
REQUEST	injecteur 8	4		request_7	1462966784567	1462966784609	OK	 
REQUEST	injecteur 10	5		request_9	1462966784570	1462966784611	OK	 
REQUEST	injecteur 4	1		request_3	1462966784574	1462966784612	OK	 
REQUEST	injecteur 2	9		request_1	1462966784576	1462966784614	OK	 
REQUEST	injecteur 6	8		request_5	1462966784578	1462966784615	OK	 
REQUEST	injecteur 7	2		request_6	1462966784580	1462966784617	OK	 
REQUEST	injecteur 3	3		request_2	1462966784581	1462966784618	OK	 
REQUEST	injecteur 5	10		request_4	1462966784584	1462966784620	OK	 
REQUEST	injecteur 1	7		request_0	1462966784588	1462966784622	OK	 
REQUEST	injecteur 9	6		request_8	1462966784592	1462966784625	OK	 
REQUEST	injecteur 8	4		request_7	1462966784609	1462966784627	OK	 
REQUEST	injecteur 10	5		request_9	1462966784611	1462966784628	OK	 
REQUEST	injecteur 4	1		request_3	1462966784613	1462966784631	OK	 
REQUEST	injecteur 2	9		request_1	1462966784615	1462966784632	OK	 
REQUEST	injecteur 6	8		request_5	1462966784616	1462966784634	OK	 
REQUEST	injecteur 7	2		request_6	1462966784617	1462966784636	OK	 
REQUEST	injecteur 3	3		request_2	1462966784619	1462966784638	OK	 
REQUEST	injecteur 5	10		request_4	1462966784621	1462966784641	OK	 
REQUEST	injecteur 1	7		request_0	1462966784623	1462966784643	OK	 
REQUEST	injecteur 9	6		request_8	1462966784626	1462966784645	OK	 
REQUEST	injecteur 8	4		request_7	1462966784628	1462966784646	OK	 
REQUEST	injecteur 10	5		request_9	1462966784629	1462966784648	OK	 
REQUEST	injecteur 4	1		request_3	1462966784631	1462966784649	OK	 
REQUEST	injecteur 2	9		request_1	1462966784633	1462966784651	OK	 
REQUEST	injecteur 6	8		request_5	1462966784635	1462966784653	OK	 
REQUEST	injecteur 7	2		request_6	1462966784637	1462966784655	OK	 
REQUEST	injecteur 3	3		request_2	1462966784639	1462966784658	OK	 
REQUEST	injecteur 5	10		request_4	1462966784642	1462966784659	OK	 
REQUEST	injecteur 1	7		request_0	1462966784644	1462966784661	OK	 
REQUEST	injecteur 9	6		request_8	1462966784645	1462966784663	OK	 
REQUEST	injecteur 8	4		request_7	1462966784647	1462966784665	OK	 
REQUEST	injecteur 10	5		request_9	1462966784649	1462966784666	OK	 
REQUEST	injecteur 4	1		request_3	1462966784650	1462966784668	OK	 
REQUEST	injecteur 2	9		request_1	1462966784652	1462966784669	OK	 
REQUEST	injecteur 6	8		request_5	1462966784654	1462966784672	OK	 
REQUEST	injecteur 7	2		request_6	1462966784656	1462966784673	OK	 
REQUEST	injecteur 3	3		request_2	1462966784658	1462966784675	OK	 
REQUEST	injecteur 5	10		request_4	1462966784660	1462966784676	OK	 
REQUEST	injecteur 1	7		request_0	1462966784662	1462966784678	OK	 
REQUEST	injecteur 9	6		request_8	1462966784664	1462966784680	OK	 
REQUEST	injecteur 8	4		request_7	1462966784665	1462966784681	OK	 
REQUEST	injecteur 10	5		request_9	1462966784667	1462966784682	OK	 
REQUEST	injecteur 4	1		request_3	1462966784669	1462966784684	OK	 
REQUEST	injecteur 2	9		request_1	1462966784670	1462966784687	OK	 
REQUEST	injecteur 6	8		request_5	1462966784672	1462966784689	OK	 
REQUEST	injecteur 7	2		request_6	1462966784674	1462966784690	OK	 
REQUEST	injecteur 3	3		request_2	1462966784676	1462966784692	OK	 
REQUEST	injecteur 5	10		request_4	1462966784677	1462966784693	OK	 
REQUEST	injecteur 1	7		request_0	1462966784679	1462966784695	OK	 
REQUEST	injecteur 9	6		request_8	1462966784680	1462966784697	OK	 
REQUEST	injecteur 8	4		request_7	1462966784682	1462966784699	OK	 
REQUEST	injecteur 10	5		request_9	1462966784683	1462966784700	OK	 
REQUEST	injecteur 4	1		request_3	1462966784685	1462966784703	OK	 
REQUEST	injecteur 2	9		request_1	1462966784687	1462966784706	OK	 
REQUEST	injecteur 6	8		request_5	1462966784689	1462966784708	OK	 
REQUEST	injecteur 7	2		request_6	1462966784691	1462966784709	OK	 
REQUEST	injecteur 3	3		request_2	1462966784692	1462966784712	OK	 
REQUEST	injecteur 5	10		request_4	1462966784694	1462966784715	OK	 
REQUEST	injecteur 1	7		request_0	1462966784696	1462966784716	OK	 
REQUEST	injecteur 9	6		request_8	1462966784698	1462966784717	OK	 
REQUEST	injecteur 8	4		request_7	1462966784700	1462966784719	OK	 
REQUEST	injecteur 10	5		request_9	1462966784701	1462966784721	OK	 
REQUEST	injecteur 4	1		request_3	1462966784704	1462966784723	OK	 
REQUEST	injecteur 2	9		request_1	1462966784707	1462966784725	OK	 
REQUEST	injecteur 6	8		request_5	1462966784709	1462966784727	OK	 
REQUEST	injecteur 7	2		request_6	1462966784710	1462966784729	OK	 
REQUEST	injecteur 3	3		request_2	1462966784713	1462966784731	OK	 
REQUEST	injecteur 5	10		request_4	1462966784715	1462966784733	OK	 
REQUEST	injecteur 1	7		request_0	1462966784717	1462966784735	OK	 
REQUEST	injecteur 9	6		request_8	1462966784718	1462966784737	OK	 
REQUEST	injecteur 8	4		request_7	1462966784720	1462966784740	OK	 
REQUEST	injecteur 10	5		request_9	1462966784722	1462966784744	OK	 
REQUEST	injecteur 4	1		request_3	1462966784724	1462966784746	OK	 
REQUEST	injecteur 2	9		request_1	1462966784725	1462966784749	OK	 
REQUEST	injecteur 6	8		request_5	1462966784727	1462966784751	OK	 
REQUEST	injecteur 7	2		request_6	1462966784730	1462966784754	OK	 
REQUEST	injecteur 3	3		request_2	1462966784732	1462966784755	OK	 
REQUEST	injecteur 5	10		request_4	1462966784733	1462966784757	OK	 
REQUEST	injecteur 1	7		request_0	1462966784735	1462966784759	OK	 
REQUEST	injecteur 9	6		request_8	1462966784738	1462966784760	OK	 
REQUEST	injecteur 8	4		request_7	1462966784741	1462966784764	OK	 
REQUEST	injecteur 10	5		request_9	1462966784745	1462966784765	OK	 
REQUEST	injecteur 4	1		request_3	1462966784747	1462966784767	OK	 
REQUEST	injecteur 2	9		request_1	1462966784750	1462966784768	OK	 
REQUEST	injecteur 6	8		request_5	1462966784751	1462966784770	OK	 
REQUEST	injecteur 7	2		request_6	1462966784754	1462966784771	OK	 
REQUEST	injecteur 3	3		request_2	1462966784756	1462966784773	OK	 
REQUEST	injecteur 5	10		request_4	1462966784758	1462966784775	OK	 
REQUEST	injecteur 1	7		request_0	1462966784759	1462966784776	OK	 
REQUEST	injecteur 9	6		request_8	1462966784761	1462966784778	OK	 
REQUEST	injecteur 8	4		request_7	1462966784764	1462966784782	OK	 
REQUEST	injecteur 10	5		request_9	1462966784766	1462966784784	OK	 
REQUEST	injecteur 4	1		request_3	1462966784767	1462966784785	OK	 
REQUEST	injecteur 2	9		request_1	1462966784769	1462966784787	OK	 
REQUEST	injecteur 6	8		request_5	1462966784770	1462966784788	OK	 
REQUEST	injecteur 7	2		request_6	1462966784772	1462966784790	OK	 
REQUEST	injecteur 3	3		request_2	1462966784774	1462966784792	OK	 
REQUEST	injecteur 5	10		request_4	1462966784775	1462966784794	OK	 
REQUEST	injecteur 1	7		request_0	1462966784777	1462966784795	OK	 
REQUEST	injecteur 9	6		request_8	1462966784779	1462966784798	OK	 
REQUEST	injecteur 8	4		request_7	1462966784783	1462966784803	OK	 
REQUEST	injecteur 10	5		request_9	1462966784784	1462966784804	OK	 
REQUEST	injecteur 4	1		request_3	1462966784786	1462966784806	OK	 
REQUEST	injecteur 2	9		request_1	1462966784788	1462966784808	OK	 
REQUEST	injecteur 6	8		request_5	1462966784789	1462966784810	OK	 
REQUEST	injecteur 7	2		request_6	1462966784791	1462966784811	OK	 
REQUEST	injecteur 3	3		request_2	1462966784792	1462966784813	OK	 
REQUEST	injecteur 5	10		request_4	1462966784795	1462966784815	OK	 
REQUEST	injecteur 1	7		request_0	1462966784796	1462966784817	OK	 
REQUEST	injecteur 9	6		request_8	1462966784799	1462966784820	OK	 
REQUEST	injecteur 10	5		request_9	1462966784805	1462966784825	OK	 
REQUEST	injecteur 8	4		request_7	1462966784804	1462966784827	OK	 
REQUEST	injecteur 4	1		request_3	1462966784807	1462966784829	OK	 
REQUEST	injecteur 2	9		request_1	1462966784808	1462966784833	OK	 
REQUEST	injecteur 10	5		request_9	1462966784826	1462966784835	OK	 
REQUEST	injecteur 4	1		request_3	1462966784830	1462966784837	OK	 
REQUEST	injecteur 6	8		request_5	1462966784810	1462966784840	OK	 
REQUEST	injecteur 7	2		request_6	1462966784812	1462966784843	OK	 
REQUEST	injecteur 3	3		request_2	1462966784814	1462966784845	OK	 
REQUEST	injecteur 5	10		request_4	1462966784816	1462966784847	OK	 
REQUEST	injecteur 1	7		request_0	1462966784819	1462966784849	OK	 
REQUEST	injecteur 9	6		request_8	1462966784822	1462966784851	OK	 
REQUEST	injecteur 8	4		request_7	1462966784828	1462966784853	OK	 
REQUEST	injecteur 2	9		request_1	1462966784834	1462966784855	OK	 
REQUEST	injecteur 10	5		request_9	1462966784836	1462966784858	OK	 
REQUEST	injecteur 4	1		request_3	1462966784838	1462966784860	OK	 
REQUEST	injecteur 6	8		request_5	1462966784841	1462966784862	OK	 
REQUEST	injecteur 7	2		request_6	1462966784844	1462966784864	OK	 
REQUEST	injecteur 3	3		request_2	1462966784847	1462966784865	OK	 
REQUEST	injecteur 5	10		request_4	1462966784848	1462966784870	OK	 
REQUEST	injecteur 1	7		request_0	1462966784850	1462966784872	OK	 
REQUEST	injecteur 9	6		request_8	1462966784851	1462966784879	OK	 
REQUEST	injecteur 8	4		request_7	1462966784854	1462966784881	OK	 
REQUEST	injecteur 2	9		request_1	1462966784856	1462966784883	OK	 
REQUEST	injecteur 10	5		request_9	1462966784859	1462966784885	OK	 
REQUEST	injecteur 4	1		request_3	1462966784860	1462966784887	OK	 
REQUEST	injecteur 6	8		request_5	1462966784863	1462966784889	OK	 
REQUEST	injecteur 7	2		request_6	1462966784864	1462966784891	OK	 
REQUEST	injecteur 3	3		request_2	1462966784866	1462966784892	OK	 
REQUEST	injecteur 5	10		request_4	1462966784871	1462966784894	OK	 
REQUEST	injecteur 1	7		request_0	1462966784873	1462966784896	OK	 
REQUEST	injecteur 9	6		request_8	1462966784879	1462966784898	OK	 
REQUEST	injecteur 8	4		request_7	1462966784882	1462966784900	OK	 
REQUEST	injecteur 2	9		request_1	1462966784883	1462966784901	OK	 
REQUEST	injecteur 10	5		request_9	1462966784886	1462966784903	OK	 
REQUEST	injecteur 4	1		request_3	1462966784888	1462966784905	OK	 
REQUEST	injecteur 6	8		request_5	1462966784890	1462966784906	OK	 
REQUEST	injecteur 7	2		request_6	1462966784891	1462966784907	OK	 
REQUEST	injecteur 3	3		request_2	1462966784893	1462966784909	OK	 
REQUEST	injecteur 5	10		request_4	1462966784895	1462966784911	OK	 
REQUEST	injecteur 1	7		request_0	1462966784897	1462966784914	OK	 
REQUEST	injecteur 9	6		request_8	1462966784899	1462966784916	OK	 
REQUEST	injecteur 8	4		request_7	1462966784900	1462966784918	OK	 
REQUEST	injecteur 2	9		request_1	1462966784902	1462966784919	OK	 
REQUEST	injecteur 10	5		request_9	1462966784903	1462966784921	OK	 
REQUEST	injecteur 4	1		request_3	1462966784905	1462966784922	OK	 
REQUEST	injecteur 6	8		request_5	1462966784907	1462966784924	OK	 
REQUEST	injecteur 7	2		request_6	1462966784908	1462966784926	OK	 
REQUEST	injecteur 3	3		request_2	1462966784910	1462966784928	OK	 
REQUEST	injecteur 5	10		request_4	1462966784912	1462966784930	OK	 
REQUEST	injecteur 1	7		request_0	1462966784915	1462966784932	OK	 
REQUEST	injecteur 9	6		request_8	1462966784917	1462966784933	OK	 
REQUEST	injecteur 8	4		request_7	1462966784918	1462966784935	OK	 
REQUEST	injecteur 2	9		request_1	1462966784920	1462966784937	OK	 
REQUEST	injecteur 10	5		request_9	1462966784922	1462966784938	OK	 
REQUEST	injecteur 4	1		request_3	1462966784923	1462966784940	OK	 
REQUEST	injecteur 6	8		request_5	1462966784925	1462966784942	OK	 
REQUEST	injecteur 7	2		request_6	1462966784926	1462966784944	OK	 
REQUEST	injecteur 3	3		request_2	1462966784929	1462966784946	OK	 
REQUEST	injecteur 5	10		request_4	1462966784931	1462966784948	OK	 
REQUEST	injecteur 1	7		request_0	1462966784933	1462966784950	OK	 
REQUEST	injecteur 9	6		request_8	1462966784934	1462966784952	OK	 
REQUEST	injecteur 8	4		request_7	1462966784936	1462966784954	OK	 
REQUEST	injecteur 2	9		request_1	1462966784938	1462966784955	OK	 
REQUEST	injecteur 10	5		request_9	1462966784939	1462966784956	OK	 
REQUEST	injecteur 4	1		request_3	1462966784941	1462966784958	OK	 
REQUEST	injecteur 6	8		request_5	1462966784942	1462966784959	OK	 
REQUEST	injecteur 7	2		request_6	1462966784944	1462966784961	OK	 
REQUEST	injecteur 3	3		request_2	1462966784947	1462966784963	OK	 
REQUEST	injecteur 5	10		request_4	1462966784949	1462966784965	OK	 
REQUEST	injecteur 1	7		request_0	1462966784951	1462966784967	OK	 
REQUEST	injecteur 9	6		request_8	1462966784953	1462966784969	OK	 
REQUEST	injecteur 8	4		request_7	1462966784954	1462966784971	OK	 
REQUEST	injecteur 2	9		request_1	1462966784956	1462966784973	OK	 
REQUEST	injecteur 10	5		request_9	1462966784957	1462966784975	OK	 
REQUEST	injecteur 4	1		request_3	1462966784958	1462966784977	OK	 
REQUEST	injecteur 6	8		request_5	1462966784960	1462966784980	OK	 
REQUEST	injecteur 7	2		request_6	1462966784962	1462966784983	OK	 
REQUEST	injecteur 3	3		request_2	1462966784964	1462966784985	OK	 
REQUEST	injecteur 5	10		request_4	1462966784965	1462966784986	OK	 
REQUEST	injecteur 1	7		request_0	1462966784967	1462966784988	OK	 
REQUEST	injecteur 9	6		request_8	1462966784969	1462966784989	OK	 
REQUEST	injecteur 8	4		request_7	1462966784971	1462966784991	OK	 
REQUEST	injecteur 2	9		request_1	1462966784973	1462966784994	OK	 
REQUEST	injecteur 10	5		request_9	1462966784975	1462966784996	OK	 
REQUEST	injecteur 4	1		request_3	1462966784978	1462966785001	OK	 
REQUEST	injecteur 6	8		request_5	1462966784981	1462966785004	OK	 
REQUEST	injecteur 7	2		request_6	1462966784984	1462966785005	OK	 
REQUEST	injecteur 3	3		request_2	1462966784985	1462966785007	OK	 
REQUEST	injecteur 5	10		request_4	1462966784987	1462966785008	OK	 
REQUEST	injecteur 1	7		request_0	1462966784988	1462966785010	OK	 
REQUEST	injecteur 9	6		request_8	1462966784989	1462966785011	OK	 
REQUEST	injecteur 8	4		request_7	1462966784991	1462966785013	OK	 
REQUEST	injecteur 2	9		request_1	1462966784995	1462966785015	OK	 
REQUEST	injecteur 10	5		request_9	1462966784997	1462966785018	OK	 
REQUEST	injecteur 4	1		request_3	1462966785002	1462966785021	OK	 
REQUEST	injecteur 6	8		request_5	1462966785004	1462966785023	OK	 
REQUEST	injecteur 7	2		request_6	1462966785006	1462966785025	OK	 
REQUEST	injecteur 3	3		request_2	1462966785007	1462966785027	OK	 
REQUEST	injecteur 5	10		request_4	1462966785008	1462966785029	OK	 
REQUEST	injecteur 1	7		request_0	1462966785010	1462966785030	OK	 
REQUEST	injecteur 9	6		request_8	1462966785012	1462966785032	OK	 
REQUEST	injecteur 8	4		request_7	1462966785014	1462966785034	OK	 
REQUEST	injecteur 2	9		request_1	1462966785016	1462966785037	OK	 
REQUEST	injecteur 10	5		request_9	1462966785019	1462966785039	OK	 
REQUEST	injecteur 4	1		request_3	1462966785022	1462966785042	OK	 
REQUEST	injecteur 6	8		request_5	1462966785024	1462966785044	OK	 
REQUEST	injecteur 7	2		request_6	1462966785026	1462966785046	OK	 
REQUEST	injecteur 3	3		request_2	1462966785028	1462966785048	OK	 
REQUEST	injecteur 5	10		request_4	1462966785029	1462966785049	OK	 
REQUEST	injecteur 1	7		request_0	1462966785031	1462966785051	OK	 
REQUEST	injecteur 9	6		request_8	1462966785033	1462966785052	OK	 
REQUEST	injecteur 8	4		request_7	1462966785035	1462966785054	OK	 
REQUEST	injecteur 2	9		request_1	1462966785038	1462966785056	OK	 
REQUEST	injecteur 10	5		request_9	1462966785040	1462966785058	OK	 
REQUEST	injecteur 4	1		request_3	1462966785043	1462966785059	OK	 
REQUEST	injecteur 6	8		request_5	1462966785044	1462966785061	OK	 
REQUEST	injecteur 7	2		request_6	1462966785046	1462966785063	OK	 
REQUEST	injecteur 3	3		request_2	1462966785048	1462966785065	OK	 
REQUEST	injecteur 5	10		request_4	1462966785050	1462966785066	OK	 
REQUEST	injecteur 1	7		request_0	1462966785051	1462966785068	OK	 
REQUEST	injecteur 9	6		request_8	1462966785053	1462966785071	OK	 
REQUEST	injecteur 8	4		request_7	1462966785055	1462966785074	OK	 
REQUEST	injecteur 2	9		request_1	1462966785057	1462966785076	OK	 
REQUEST	injecteur 10	5		request_9	1462966785059	1462966785077	OK	 
REQUEST	injecteur 4	1		request_3	1462966785060	1462966785078	OK	 
REQUEST	injecteur 6	8		request_5	1462966785062	1462966785080	OK	 
REQUEST	injecteur 7	2		request_6	1462966785064	1462966785082	OK	 
REQUEST	injecteur 3	3		request_2	1462966785065	1462966785084	OK	 
REQUEST	injecteur 5	10		request_4	1462966785067	1462966785086	OK	 
REQUEST	injecteur 1	7		request_0	1462966785069	1462966785088	OK	 
REQUEST	injecteur 9	6		request_8	1462966785072	1462966785090	OK	 
REQUEST	injecteur 8	4		request_7	1462966785074	1462966785093	OK	 
REQUEST	injecteur 2	9		request_1	1462966785076	1462966785095	OK	 
REQUEST	injecteur 10	5		request_9	1462966785078	1462966785096	OK	 
REQUEST	injecteur 4	1		request_3	1462966785079	1462966785098	OK	 
REQUEST	injecteur 6	8		request_5	1462966785081	1462966785100	OK	 
REQUEST	injecteur 7	2		request_6	1462966785083	1462966785102	OK	 
REQUEST	injecteur 3	3		request_2	1462966785085	1462966785105	OK	 
REQUEST	injecteur 5	10		request_4	1462966785087	1462966785107	OK	 
REQUEST	injecteur 1	7		request_0	1462966785089	1462966785110	OK	 
REQUEST	injecteur 9	6		request_8	1462966785091	1462966785112	OK	 
REQUEST	injecteur 8	4		request_7	1462966785093	1462966785114	OK	 
REQUEST	injecteur 2	9		request_1	1462966785095	1462966785118	OK	 
REQUEST	injecteur 10	5		request_9	1462966785097	1462966785121	OK	 
REQUEST	injecteur 4	1		request_3	1462966785099	1462966785122	OK	 
REQUEST	injecteur 6	8		request_5	1462966785101	1462966785124	OK	 
REQUEST	injecteur 7	2		request_6	1462966785103	1462966785126	OK	 
REQUEST	injecteur 3	3		request_2	1462966785106	1462966785128	OK	 
REQUEST	injecteur 5	10		request_4	1462966785108	1462966785131	OK	 
REQUEST	injecteur 1	7		request_0	1462966785111	1462966785133	OK	 
REQUEST	injecteur 9	6		request_8	1462966785113	1462966785135	OK	 
REQUEST	injecteur 8	4		request_7	1462966785115	1462966785137	OK	 
REQUEST	injecteur 2	9		request_1	1462966785119	1462966785141	OK	 
REQUEST	injecteur 10	5		request_9	1462966785121	1462966785143	OK	 
REQUEST	injecteur 4	1		request_3	1462966785123	1462966785145	OK	 
REQUEST	injecteur 6	8		request_5	1462966785125	1462966785147	OK	 
REQUEST	injecteur 7	2		request_6	1462966785127	1462966785158	OK	 
REQUEST	injecteur 8	4		request_7	1462966785138	1462966785160	OK	 
REQUEST	injecteur 5	10		request_4	1462966785131	1462966785161	OK	 
REQUEST	injecteur 9	6		request_8	1462966785136	1462966785162	OK	 
REQUEST	injecteur 2	9		request_1	1462966785141	1462966785164	OK	 
REQUEST	injecteur 10	5		request_9	1462966785144	1462966785165	OK	 
REQUEST	injecteur 6	8		request_5	1462966785148	1462966785167	OK	 
REQUEST	injecteur 8	4		request_7	1462966785160	1462966785171	OK	 
REQUEST	injecteur 3	3		request_2	1462966785129	1462966785174	OK	 
REQUEST	injecteur 4	1		request_3	1462966785146	1462966785174	OK	 
REQUEST	injecteur 1	7		request_0	1462966785134	1462966785176	OK	 
REQUEST	injecteur 7	2		request_6	1462966785160	1462966785176	OK	 
REQUEST	injecteur 5	10		request_4	1462966785161	1462966785178	OK	 
REQUEST	injecteur 9	6		request_8	1462966785163	1462966785181	OK	 
REQUEST	injecteur 2	9		request_1	1462966785164	1462966785182	OK	 
REQUEST	injecteur 6	8		request_5	1462966785168	1462966785184	OK	 
REQUEST	injecteur 8	4		request_7	1462966785171	1462966785187	OK	 
REQUEST	injecteur 10	5		request_9	1462966785166	1462966785190	OK	 
REQUEST	injecteur 3	3		request_2	1462966785174	1462966785192	OK	 
REQUEST	injecteur 4	1		request_3	1462966785175	1462966785193	OK	 
REQUEST	injecteur 1	7		request_0	1462966785176	1462966785196	OK	 
REQUEST	injecteur 7	2		request_6	1462966785177	1462966785198	OK	 
REQUEST	injecteur 5	10		request_4	1462966785179	1462966785200	OK	 
REQUEST	injecteur 9	6		request_8	1462966785181	1462966785202	OK	 
REQUEST	injecteur 6	8		request_5	1462966785184	1462966785204	OK	 
REQUEST	injecteur 8	4		request_7	1462966785188	1462966785207	OK	 
REQUEST	injecteur 2	9		request_1	1462966785183	1462966785210	OK	 
REQUEST	injecteur 10	5		request_9	1462966785191	1462966785212	OK	 
REQUEST	injecteur 3	3		request_2	1462966785192	1462966785214	OK	 
REQUEST	injecteur 4	1		request_3	1462966785194	1462966785215	OK	 
REQUEST	injecteur 1	7		request_0	1462966785196	1462966785217	OK	 
REQUEST	injecteur 7	2		request_6	1462966785199	1462966785219	OK	 
REQUEST	injecteur 5	10		request_4	1462966785201	1462966785221	OK	 
REQUEST	injecteur 6	8		request_5	1462966785204	1462966785222	OK	 
REQUEST	injecteur 8	4		request_7	1462966785208	1462966785225	OK	 
REQUEST	injecteur 9	6		request_8	1462966785203	1462966785228	OK	 
REQUEST	injecteur 2	9		request_1	1462966785211	1462966785230	OK	 
REQUEST	injecteur 10	5		request_9	1462966785213	1462966785232	OK	 
REQUEST	injecteur 3	3		request_2	1462966785214	1462966785233	OK	 
REQUEST	injecteur 4	1		request_3	1462966785216	1462966785235	OK	 
REQUEST	injecteur 1	7		request_0	1462966785217	1462966785236	OK	 
REQUEST	injecteur 8	4		request_7	1462966785226	1462966785238	OK	 
REQUEST	injecteur 7	2		request_6	1462966785220	1462966785241	OK	 
REQUEST	injecteur 5	10		request_4	1462966785221	1462966785243	OK	 
REQUEST	injecteur 6	8		request_5	1462966785223	1462966785245	OK	 
REQUEST	injecteur 9	6		request_8	1462966785229	1462966785248	OK	 
REQUEST	injecteur 2	9		request_1	1462966785231	1462966785250	OK	 
REQUEST	injecteur 10	5		request_9	1462966785232	1462966785251	OK	 
REQUEST	injecteur 3	3		request_2	1462966785234	1462966785253	OK	 
REQUEST	injecteur 4	1		request_3	1462966785235	1462966785255	OK	 
REQUEST	injecteur 8	4		request_7	1462966785239	1462966785256	OK	 
REQUEST	injecteur 6	8		request_5	1462966785245	1462966785260	OK	 
REQUEST	injecteur 1	7		request_0	1462966785237	1462966785261	OK	 
REQUEST	injecteur 7	2		request_6	1462966785242	1462966785263	OK	 
REQUEST	injecteur 5	10		request_4	1462966785243	1462966785264	OK	 
REQUEST	injecteur 9	6		request_8	1462966785248	1462966785265	OK	 
REQUEST	injecteur 2	9		request_1	1462966785250	1462966785267	OK	 
REQUEST	injecteur 10	5		request_9	1462966785252	1462966785268	OK	 
REQUEST	injecteur 3	3		request_2	1462966785254	1462966785270	OK	 
REQUEST	injecteur 8	4		request_7	1462966785257	1462966785271	OK	 
REQUEST	injecteur 4	1		request_3	1462966785255	1462966785273	OK	 
REQUEST	injecteur 6	8		request_5	1462966785260	1462966785275	OK	 
REQUEST	injecteur 1	7		request_0	1462966785262	1462966785277	OK	 
REQUEST	injecteur 7	2		request_6	1462966785263	1462966785278	OK	 
REQUEST	injecteur 5	10		request_4	1462966785265	1462966785280	OK	 
REQUEST	injecteur 9	6		request_8	1462966785266	1462966785281	OK	 
REQUEST	injecteur 2	9		request_1	1462966785268	1462966785282	OK	 
REQUEST	injecteur 10	5		request_9	1462966785269	1462966785284	OK	 
REQUEST	injecteur 3	3		request_2	1462966785270	1462966785286	OK	 
REQUEST	injecteur 8	4		request_7	1462966785272	1462966785287	OK	 
REQUEST	injecteur 4	1		request_3	1462966785273	1462966785289	OK	 
REQUEST	injecteur 6	8		request_5	1462966785276	1462966785293	OK	 
REQUEST	injecteur 1	7		request_0	1462966785277	1462966785294	OK	 
REQUEST	injecteur 7	2		request_6	1462966785279	1462966785296	OK	 
REQUEST	injecteur 5	10		request_4	1462966785280	1462966785297	OK	 
REQUEST	injecteur 9	6		request_8	1462966785282	1462966785298	OK	 
REQUEST	injecteur 2	9		request_1	1462966785283	1462966785300	OK	 
REQUEST	injecteur 10	5		request_9	1462966785285	1462966785301	OK	 
REQUEST	injecteur 3	3		request_2	1462966785286	1462966785302	OK	 
REQUEST	injecteur 8	4		request_7	1462966785288	1462966785305	OK	 
REQUEST	injecteur 4	1		request_3	1462966785290	1462966785306	OK	 
REQUEST	injecteur 6	8		request_5	1462966785293	1462966785309	OK	 
REQUEST	injecteur 1	7		request_0	1462966785295	1462966785310	OK	 
REQUEST	injecteur 7	2		request_6	1462966785296	1462966785311	OK	 
REQUEST	injecteur 5	10		request_4	1462966785297	1462966785312	OK	 
REQUEST	injecteur 9	6		request_8	1462966785299	1462966785314	OK	 
REQUEST	injecteur 2	9		request_1	1462966785300	1462966785315	OK	 
REQUEST	injecteur 10	5		request_9	1462966785302	1462966785317	OK	 
REQUEST	injecteur 3	3		request_2	1462966785303	1462966785319	OK	 
REQUEST	injecteur 8	4		request_7	1462966785306	1462966785320	OK	 
REQUEST	injecteur 4	1		request_3	1462966785307	1462966785323	OK	 
REQUEST	injecteur 6	8		request_5	1462966785309	1462966785325	OK	 
REQUEST	injecteur 1	7		request_0	1462966785311	1462966785326	OK	 
REQUEST	injecteur 7	2		request_6	1462966785312	1462966785328	OK	 
REQUEST	injecteur 5	10		request_4	1462966785313	1462966785331	OK	 
REQUEST	injecteur 9	6		request_8	1462966785314	1462966785332	OK	 
REQUEST	injecteur 2	9		request_1	1462966785316	1462966785333	OK	 
REQUEST	injecteur 10	5		request_9	1462966785317	1462966785336	OK	 
REQUEST	injecteur 3	3		request_2	1462966785319	1462966785337	OK	 
REQUEST	injecteur 8	4		request_7	1462966785321	1462966785340	OK	 
REQUEST	injecteur 4	1		request_3	1462966785324	1462966785342	OK	 
REQUEST	injecteur 6	8		request_5	1462966785325	1462966785343	OK	 
REQUEST	injecteur 1	7		request_0	1462966785327	1462966785345	OK	 
REQUEST	injecteur 7	2		request_6	1462966785329	1462966785347	OK	 
REQUEST	injecteur 5	10		request_4	1462966785331	1462966785349	OK	 
REQUEST	injecteur 9	6		request_8	1462966785333	1462966785351	OK	 
REQUEST	injecteur 2	9		request_1	1462966785334	1462966785353	OK	 
REQUEST	injecteur 10	5		request_9	1462966785336	1462966785355	OK	 
REQUEST	injecteur 3	3		request_2	1462966785338	1462966785357	OK	 
REQUEST	injecteur 8	4		request_7	1462966785341	1462966785359	OK	 
REQUEST	injecteur 4	1		request_3	1462966785343	1462966785362	OK	 
REQUEST	injecteur 6	8		request_5	1462966785344	1462966785364	OK	 
REQUEST	injecteur 1	7		request_0	1462966785346	1462966785367	OK	 
REQUEST	injecteur 7	2		request_6	1462966785348	1462966785369	OK	 
REQUEST	injecteur 5	10		request_4	1462966785349	1462966785370	OK	 
REQUEST	injecteur 9	6		request_8	1462966785351	1462966785373	OK	 
REQUEST	injecteur 2	9		request_1	1462966785354	1462966785375	OK	 
REQUEST	injecteur 10	5		request_9	1462966785356	1462966785377	OK	 
REQUEST	injecteur 3	3		request_2	1462966785358	1462966785380	OK	 
REQUEST	injecteur 8	4		request_7	1462966785360	1462966785382	OK	 
REQUEST	injecteur 4	1		request_3	1462966785363	1462966785384	OK	 
REQUEST	injecteur 6	8		request_5	1462966785364	1462966785387	OK	 
REQUEST	injecteur 1	7		request_0	1462966785368	1462966785388	OK	 
REQUEST	injecteur 7	2		request_6	1462966785369	1462966785390	OK	 
REQUEST	injecteur 5	10		request_4	1462966785371	1462966785392	OK	 
REQUEST	injecteur 9	6		request_8	1462966785373	1462966785396	OK	 
REQUEST	injecteur 2	9		request_1	1462966785375	1462966785398	OK	 
REQUEST	injecteur 10	5		request_9	1462966785378	1462966785401	OK	 
REQUEST	injecteur 8	4		request_7	1462966785383	1462966785406	OK	 
REQUEST	injecteur 3	3		request_2	1462966785381	1462966785406	OK	 
REQUEST	injecteur 8	4		request_7	1462966785407	1462966785416	OK	 
REQUEST	injecteur 4	1		request_3	1462966785385	1462966785421	OK	 
REQUEST	injecteur 7	2		request_6	1462966785391	1462966785427	OK	 
REQUEST	injecteur 1	7		request_0	1462966785389	1462966785427	OK	 
REQUEST	injecteur 6	8		request_5	1462966785387	1462966785429	OK	 
REQUEST	injecteur 5	10		request_4	1462966785393	1462966785431	OK	 
REQUEST	injecteur 9	6		request_8	1462966785397	1462966785433	OK	 
REQUEST	injecteur 2	9		request_1	1462966785399	1462966785435	OK	 
REQUEST	injecteur 10	5		request_9	1462966785402	1462966785438	OK	 
REQUEST	injecteur 3	3		request_2	1462966785407	1462966785440	OK	 
REQUEST	injecteur 7	2		request_6	1462966785428	1462966785442	OK	 
REQUEST	injecteur 8	4		request_7	1462966785417	1462966785444	OK	 
REQUEST	injecteur 4	1		request_3	1462966785422	1462966785446	OK	 
REQUEST	injecteur 1	7		request_0	1462966785428	1462966785448	OK	 
REQUEST	injecteur 6	8		request_5	1462966785430	1462966785451	OK	 
REQUEST	injecteur 5	10		request_4	1462966785431	1462966785453	OK	 
REQUEST	injecteur 9	6		request_8	1462966785434	1462966785455	OK	 
REQUEST	injecteur 2	9		request_1	1462966785436	1462966785457	OK	 
REQUEST	injecteur 10	5		request_9	1462966785438	1462966785459	OK	 
REQUEST	injecteur 3	3		request_2	1462966785440	1462966785462	OK	 
REQUEST	injecteur 7	2		request_6	1462966785443	1462966785464	OK	 
REQUEST	injecteur 8	4		request_7	1462966785445	1462966785465	OK	 
REQUEST	injecteur 4	1		request_3	1462966785447	1462966785467	OK	 
REQUEST	injecteur 1	7		request_0	1462966785449	1462966785470	OK	 
REQUEST	injecteur 5	10		request_4	1462966785454	1462966785475	OK	 
REQUEST	injecteur 9	6		request_8	1462966785455	1462966785478	OK	 
REQUEST	injecteur 6	8		request_5	1462966785451	1462966785480	OK	 
REQUEST	injecteur 2	9		request_1	1462966785457	1462966785482	OK	 
REQUEST	injecteur 5	10		request_4	1462966785475	1462966785485	OK	 
REQUEST	injecteur 10	5		request_9	1462966785460	1462966785488	OK	 
REQUEST	injecteur 3	3		request_2	1462966785462	1462966785489	OK	 
REQUEST	injecteur 7	2		request_6	1462966785464	1462966785492	OK	 
REQUEST	injecteur 8	4		request_7	1462966785466	1462966785496	OK	 
REQUEST	injecteur 4	1		request_3	1462966785468	1462966785498	OK	 
REQUEST	injecteur 1	7		request_0	1462966785471	1462966785499	OK	 
REQUEST	injecteur 9	6		request_8	1462966785479	1462966785501	OK	 
REQUEST	injecteur 7	2		request_6	1462966785492	1462966785505	OK	 
REQUEST	injecteur 6	8		request_5	1462966785481	1462966785507	OK	 
REQUEST	injecteur 2	9		request_1	1462966785483	1462966785510	OK	 
REQUEST	injecteur 5	10		request_4	1462966785486	1462966785511	OK	 
REQUEST	injecteur 10	5		request_9	1462966785488	1462966785513	OK	 
REQUEST	injecteur 3	3		request_2	1462966785490	1462966785515	OK	 
REQUEST	injecteur 8	4		request_7	1462966785497	1462966785517	OK	 
REQUEST	injecteur 4	1		request_3	1462966785499	1462966785519	OK	 
REQUEST	injecteur 1	7		request_0	1462966785500	1462966785521	OK	 
REQUEST	injecteur 9	6		request_8	1462966785502	1462966785523	OK	 
REQUEST	injecteur 7	2		request_6	1462966785506	1462966785526	OK	 
REQUEST	injecteur 6	8		request_5	1462966785508	1462966785528	OK	 
REQUEST	injecteur 2	9		request_1	1462966785510	1462966785533	OK	 
REQUEST	injecteur 5	10		request_4	1462966785512	1462966785536	OK	 
REQUEST	injecteur 10	5		request_9	1462966785514	1462966785538	OK	 
REQUEST	injecteur 3	3		request_2	1462966785515	1462966785540	OK	 
REQUEST	injecteur 8	4		request_7	1462966785517	1462966785542	OK	 
REQUEST	injecteur 4	1		request_3	1462966785520	1462966785544	OK	 
REQUEST	injecteur 1	7		request_0	1462966785521	1462966785546	OK	 
REQUEST	injecteur 9	6		request_8	1462966785524	1462966785549	OK	 
REQUEST	injecteur 7	2		request_6	1462966785526	1462966785550	OK	 
REQUEST	injecteur 6	8		request_5	1462966785528	1462966785552	OK	 
REQUEST	injecteur 2	9		request_1	1462966785533	1462966785554	OK	 
REQUEST	injecteur 5	10		request_4	1462966785537	1462966785556	OK	 
REQUEST	injecteur 10	5		request_9	1462966785539	1462966785558	OK	 
REQUEST	injecteur 3	3		request_2	1462966785541	1462966785559	OK	 
REQUEST	injecteur 8	4		request_7	1462966785542	1462966785561	OK	 
REQUEST	injecteur 4	1		request_3	1462966785544	1462966785564	OK	 
REQUEST	injecteur 1	7		request_0	1462966785547	1462966785567	OK	 
REQUEST	injecteur 9	6		request_8	1462966785549	1462966785569	OK	 
REQUEST	injecteur 7	2		request_6	1462966785551	1462966785570	OK	 
REQUEST	injecteur 6	8		request_5	1462966785553	1462966785572	OK	 
REQUEST	injecteur 2	9		request_1	1462966785555	1462966785574	OK	 
REQUEST	injecteur 5	10		request_4	1462966785556	1462966785576	OK	 
REQUEST	injecteur 10	5		request_9	1462966785558	1462966785578	OK	 
REQUEST	injecteur 3	3		request_2	1462966785560	1462966785580	OK	 
REQUEST	injecteur 8	4		request_7	1462966785562	1462966785583	OK	 
REQUEST	injecteur 4	1		request_3	1462966785564	1462966785585	OK	 
REQUEST	injecteur 1	7		request_0	1462966785567	1462966785587	OK	 
REQUEST	injecteur 9	6		request_8	1462966785569	1462966785589	OK	 
REQUEST	injecteur 7	2		request_6	1462966785571	1462966785590	OK	 
REQUEST	injecteur 6	8		request_5	1462966785573	1462966785592	OK	 
REQUEST	injecteur 2	9		request_1	1462966785575	1462966785594	OK	 
REQUEST	injecteur 5	10		request_4	1462966785577	1462966785595	OK	 
REQUEST	injecteur 10	5		request_9	1462966785579	1462966785597	OK	 
REQUEST	injecteur 3	3		request_2	1462966785580	1462966785600	OK	 
REQUEST	injecteur 8	4		request_7	1462966785583	1462966785602	OK	 
REQUEST	injecteur 4	1		request_3	1462966785586	1462966785605	OK	 
REQUEST	injecteur 1	7		request_0	1462966785587	1462966785606	OK	 
REQUEST	injecteur 9	6		request_8	1462966785589	1462966785608	OK	 
REQUEST	injecteur 7	2		request_6	1462966785591	1462966785610	OK	 
REQUEST	injecteur 6	8		request_5	1462966785593	1462966785611	OK	 
REQUEST	injecteur 2	9		request_1	1462966785594	1462966785613	OK	 
REQUEST	injecteur 5	10		request_4	1462966785596	1462966785616	OK	 
REQUEST	injecteur 10	5		request_9	1462966785598	1462966785618	OK	 
REQUEST	injecteur 3	3		request_2	1462966785601	1462966785620	OK	 
REQUEST	injecteur 8	4		request_7	1462966785603	1462966785622	OK	 
REQUEST	injecteur 4	1		request_3	1462966785605	1462966785624	OK	 
REQUEST	injecteur 1	7		request_0	1462966785607	1462966785626	OK	 
REQUEST	injecteur 9	6		request_8	1462966785609	1462966785628	OK	 
REQUEST	injecteur 7	2		request_6	1462966785610	1462966785630	OK	 
REQUEST	injecteur 6	8		request_5	1462966785612	1462966785632	OK	 
REQUEST	injecteur 6	8		request_5	1462966785633	1462966785635	OK	 
REQUEST	injecteur 2	9		request_1	1462966785614	1462966785640	OK	 
REQUEST	injecteur 5	10		request_4	1462966785616	1462966785642	OK	 
REQUEST	injecteur 8	4		request_7	1462966785623	1462966785650	OK	 
REQUEST	injecteur 3	3		request_2	1462966785621	1462966785652	OK	 
REQUEST	injecteur 10	5		request_9	1462966785619	1462966785655	OK	 
REQUEST	injecteur 1	7		request_0	1462966785627	1462966785657	OK	 
REQUEST	injecteur 9	6		request_8	1462966785629	1462966785657	OK	 
REQUEST	injecteur 4	1		request_3	1462966785625	1462966785659	OK	 
REQUEST	injecteur 7	2		request_6	1462966785631	1462966785667	OK	 
REQUEST	injecteur 6	8		request_5	1462966785636	1462966785671	OK	 
REQUEST	injecteur 8	4		request_7	1462966785650	1462966785674	OK	 
REQUEST	injecteur 7	2		request_6	1462966785668	1462966785675	OK	 
REQUEST	injecteur 2	9		request_1	1462966785640	1462966785677	OK	 
REQUEST	injecteur 5	10		request_4	1462966785643	1462966785680	OK	 
REQUEST	injecteur 3	3		request_2	1462966785652	1462966785683	OK	 
REQUEST	injecteur 10	5		request_9	1462966785656	1462966785685	OK	 
REQUEST	injecteur 9	6		request_8	1462966785658	1462966785686	OK	 
REQUEST	injecteur 1	7		request_0	1462966785658	1462966785688	OK	 
REQUEST	injecteur 4	1		request_3	1462966785660	1462966785690	OK	 
REQUEST	injecteur 6	8		request_5	1462966785671	1462966785692	OK	 
REQUEST	injecteur 8	4		request_7	1462966785674	1462966785695	OK	 
REQUEST	injecteur 7	2		request_6	1462966785676	1462966785699	OK	 
REQUEST	injecteur 2	9		request_1	1462966785678	1462966785702	OK	 
REQUEST	injecteur 5	10		request_4	1462966785680	1462966785705	OK	 
REQUEST	injecteur 3	3		request_2	1462966785684	1462966785707	OK	 
REQUEST	injecteur 10	5		request_9	1462966785686	1462966785709	OK	 
REQUEST	injecteur 9	6		request_8	1462966785687	1462966785711	OK	 
REQUEST	injecteur 1	7		request_0	1462966785689	1462966785713	OK	 
REQUEST	injecteur 4	1		request_3	1462966785691	1462966785715	OK	 
REQUEST	injecteur 6	8		request_5	1462966785693	1462966785717	OK	 
REQUEST	injecteur 8	4		request_7	1462966785696	1462966785719	OK	 
REQUEST	injecteur 7	2		request_6	1462966785700	1462966785721	OK	 
REQUEST	injecteur 2	9		request_1	1462966785702	1462966785724	OK	 
REQUEST	injecteur 5	10		request_4	1462966785706	1462966785726	OK	 
REQUEST	injecteur 3	3		request_2	1462966785708	1462966785728	OK	 
REQUEST	injecteur 9	6		request_8	1462966785711	1462966785732	OK	 
REQUEST	injecteur 10	5		request_9	1462966785710	1462966785735	OK	 
REQUEST	injecteur 1	7		request_0	1462966785713	1462966785738	OK	 
REQUEST	injecteur 6	8		request_5	1462966785718	1462966785739	OK	 
REQUEST	injecteur 4	1		request_3	1462966785716	1462966785740	OK	 
REQUEST	injecteur 8	4		request_7	1462966785720	1462966785743	OK	 
REQUEST	injecteur 7	2		request_6	1462966785722	1462966785747	OK	 
REQUEST	injecteur 2	9		request_1	1462966785725	1462966785750	OK	 
REQUEST	injecteur 5	10		request_4	1462966785727	1462966785752	OK	 
REQUEST	injecteur 3	3		request_2	1462966785729	1462966785753	OK	 
REQUEST	injecteur 6	8		request_5	1462966785740	1462966785757	OK	 
REQUEST	injecteur 8	4		request_7	1462966785743	1462966785759	OK	 
REQUEST	injecteur 9	6		request_8	1462966785733	1462966785761	OK	 
REQUEST	injecteur 10	5		request_9	1462966785736	1462966785763	OK	 
REQUEST	injecteur 1	7		request_0	1462966785738	1462966785765	OK	 
REQUEST	injecteur 4	1		request_3	1462966785740	1462966785767	OK	 
REQUEST	injecteur 7	2		request_6	1462966785747	1462966785770	OK	 
REQUEST	injecteur 2	9		request_1	1462966785751	1462966785773	OK	 
REQUEST	injecteur 5	10		request_4	1462966785752	1462966785775	OK	 
REQUEST	injecteur 3	3		request_2	1462966785754	1462966785778	OK	 
REQUEST	injecteur 6	8		request_5	1462966785757	1462966785783	OK	 
REQUEST	injecteur 8	4		request_7	1462966785759	1462966785784	OK	 
REQUEST	injecteur 9	6		request_8	1462966785762	1462966785787	OK	 
REQUEST	injecteur 10	5		request_9	1462966785764	1462966785790	OK	 
REQUEST	injecteur 1	7		request_0	1462966785766	1462966785791	OK	 
REQUEST	injecteur 4	1		request_3	1462966785768	1462966785793	OK	 
REQUEST	injecteur 7	2		request_6	1462966785771	1462966785795	OK	 
REQUEST	injecteur 5	10		request_4	1462966785775	1462966785802	OK	 
REQUEST	injecteur 6	8		request_5	1462966785783	1462966785806	OK	 
REQUEST	injecteur 8	4		request_7	1462966785785	1462966785809	OK	 
REQUEST	injecteur 3	3		request_2	1462966785779	1462966785809	OK	 
REQUEST	injecteur 2	9		request_1	1462966785774	1462966785811	OK	 
REQUEST	injecteur 9	6		request_8	1462966785788	1462966785813	OK	 
REQUEST	injecteur 10	5		request_9	1462966785790	1462966785815	OK	 
REQUEST	injecteur 1	7		request_0	1462966785792	1462966785817	OK	 
REQUEST	injecteur 4	1		request_3	1462966785794	1462966785819	OK	 
REQUEST	injecteur 7	2		request_6	1462966785796	1462966785821	OK	 
REQUEST	injecteur 6	8		request_5	1462966785807	1462966785824	OK	 
REQUEST	injecteur 8	4		request_7	1462966785810	1462966785827	OK	 
REQUEST	injecteur 5	10		request_4	1462966785802	1462966785831	OK	 
REQUEST	injecteur 3	3		request_2	1462966785810	1462966785835	OK	 
REQUEST	injecteur 2	9		request_1	1462966785811	1462966785837	OK	 
REQUEST	injecteur 9	6		request_8	1462966785814	1462966785838	OK	 
