ASSERTION	AAMBAAMDBABk
RUN	Injections		injections	1461841609779	 	2.0
USER	injecteur 4	1	START	1461841611591	1461841611591
USER	injecteur 7	2	START	1461841611642	1461841611642
USER	injecteur 3	3	START	1461841611644	1461841611644
USER	injecteur 8	4	START	1461841611647	1461841611647
USER	injecteur 10	5	START	1461841611649	1461841611649
USER	injecteur 9	6	START	1461841611652	1461841611652
USER	injecteur 1	7	START	1461841611654	1461841611654
USER	injecteur 6	8	START	1461841611657	1461841611657
USER	injecteur 2	9	START	1461841611660	1461841611660
USER	injecteur 5	10	START	1461841611662	1461841611662
REQUEST	injecteur 4	1		request_4	1461841611633	1461841611730	OK	 
REQUEST	injecteur 9	6		request_9	1461841611652	1461841611718	OK	 
REQUEST	injecteur 8	4		request_8	1461841611648	1461841611721	OK	 
REQUEST	injecteur 6	8		request_6	1461841611658	1461841611748	OK	 
REQUEST	injecteur 9	6		request_9	1461841611794	1461841611800	OK	 
REQUEST	injecteur 1	7		request_1	1461841611655	1461841611756	OK	 
REQUEST	injecteur 6	8		request_6	1461841611799	1461841611808	OK	 
REQUEST	injecteur 3	3		request_3	1461841611644	1461841611749	OK	 
REQUEST	injecteur 4	1		request_4	1461841611793	1461841611814	OK	 
REQUEST	injecteur 10	5		request_10	1461841611650	1461841611721	OK	 
REQUEST	injecteur 2	9		request_2	1461841611661	1461841611817	OK	 
REQUEST	injecteur 1	7		request_1	1461841611806	1461841611819	OK	 
REQUEST	injecteur 8	4		request_8	1461841611797	1461841611822	OK	 
REQUEST	injecteur 9	6		request_9	1461841611802	1461841611822	OK	 
REQUEST	injecteur 6	8		request_6	1461841611809	1461841611830	OK	 
REQUEST	injecteur 3	3		request_3	1461841611811	1461841611834	OK	 
REQUEST	injecteur 4	1		request_4	1461841611815	1461841611844	OK	 
REQUEST	injecteur 10	5		request_10	1461841611816	1461841611846	OK	 
REQUEST	injecteur 7	2		request_7	1461841611642	1461841611774	KO	status.find.is(200), but actually found 400
REQUEST	injecteur 5	10		request_5	1461841611663	1461841611853	OK	 
REQUEST	injecteur 2	9		request_2	1461841611818	1461841611858	OK	 
REQUEST	injecteur 1	7		request_1	1461841611820	1461841611862	OK	 
REQUEST	injecteur 8	4		request_8	1461841611823	1461841611870	OK	 
REQUEST	injecteur 9	6		request_9	1461841611827	1461841611874	OK	 
REQUEST	injecteur 6	8		request_6	1461841611832	1461841611876	OK	 
REQUEST	injecteur 3	3		request_3	1461841611835	1461841611881	OK	 
REQUEST	injecteur 4	1		request_4	1461841611845	1461841611884	OK	 
REQUEST	injecteur 10	5		request_10	1461841611847	1461841611887	OK	 
REQUEST	injecteur 5	10		request_5	1461841611857	1461841611892	OK	 
REQUEST	injecteur 2	9		request_2	1461841611860	1461841611894	OK	 
REQUEST	injecteur 1	7		request_1	1461841611863	1461841611898	OK	 
REQUEST	injecteur 8	4		request_8	1461841611871	1461841611900	OK	 
REQUEST	injecteur 9	6		request_9	1461841611875	1461841611902	OK	 
REQUEST	injecteur 7	2		request_7	1461841611851	1461841611905	KO	status.find.is(200), but actually found 400
REQUEST	injecteur 6	8		request_6	1461841611877	1461841611907	OK	 
REQUEST	injecteur 3	3		request_3	1461841611882	1461841611910	OK	 
REQUEST	injecteur 4	1		request_4	1461841611885	1461841611914	OK	 
REQUEST	injecteur 10	5		request_10	1461841611887	1461841611916	OK	 
REQUEST	injecteur 5	10		request_5	1461841611892	1461841611918	OK	 
REQUEST	injecteur 2	9		request_2	1461841611895	1461841611921	OK	 
REQUEST	injecteur 1	7		request_1	1461841611899	1461841611924	OK	 
REQUEST	injecteur 8	4		request_8	1461841611901	1461841611929	OK	 
REQUEST	injecteur 9	6		request_9	1461841611903	1461841611932	OK	 
REQUEST	injecteur 6	8		request_6	1461841611908	1461841611939	OK	 
REQUEST	injecteur 3	3		request_3	1461841611911	1461841611941	OK	 
REQUEST	injecteur 4	1		request_4	1461841611915	1461841611945	OK	 
REQUEST	injecteur 10	5		request_10	1461841611917	1461841611950	OK	 
REQUEST	injecteur 5	10		request_5	1461841611919	1461841611952	OK	 
REQUEST	injecteur 2	9		request_2	1461841611922	1461841611955	OK	 
REQUEST	injecteur 7	2		request_7	1461841611907	1461841611955	KO	status.find.is(200), but actually found 400
REQUEST	injecteur 1	7		request_1	1461841611925	1461841611958	OK	 
REQUEST	injecteur 8	4		request_8	1461841611931	1461841611961	OK	 
REQUEST	injecteur 9	6		request_9	1461841611934	1461841611964	OK	 
REQUEST	injecteur 6	8		request_6	1461841611940	1461841611967	OK	 
REQUEST	injecteur 3	3		request_3	1461841611942	1461841611974	OK	 
REQUEST	injecteur 4	1		request_4	1461841611946	1461841611980	OK	 
REQUEST	injecteur 10	5		request_10	1461841611951	1461841611983	OK	 
REQUEST	injecteur 5	10		request_5	1461841611953	1461841611987	OK	 
REQUEST	injecteur 3	3		request_3	1461841611975	1461841611991	OK	 
REQUEST	injecteur 2	9		request_2	1461841611956	1461841611994	OK	 
REQUEST	injecteur 1	7		request_1	1461841611959	1461841612000	OK	 
REQUEST	injecteur 8	4		request_8	1461841611962	1461841612003	OK	 
REQUEST	injecteur 9	6		request_9	1461841611965	1461841612005	OK	 
REQUEST	injecteur 6	8		request_6	1461841611969	1461841612008	OK	 
REQUEST	injecteur 4	1		request_4	1461841611981	1461841612012	OK	 
REQUEST	injecteur 10	5		request_10	1461841611984	1461841612015	OK	 
REQUEST	injecteur 7	2		request_7	1461841611957	1461841612016	KO	status.find.is(200), but actually found 400
REQUEST	injecteur 5	10		request_5	1461841611989	1461841612020	OK	 
REQUEST	injecteur 3	3		request_3	1461841611992	1461841612022	OK	 
REQUEST	injecteur 2	9		request_2	1461841611995	1461841612025	OK	 
REQUEST	injecteur 1	7		request_1	1461841612002	1461841612027	OK	 
REQUEST	injecteur 8	4		request_8	1461841612004	1461841612030	OK	 
REQUEST	injecteur 9	6		request_9	1461841612007	1461841612033	OK	 
REQUEST	injecteur 6	8		request_6	1461841612010	1461841612034	OK	 
REQUEST	injecteur 4	1		request_4	1461841612013	1461841612039	OK	 
REQUEST	injecteur 10	5		request_10	1461841612016	1461841612043	OK	 
REQUEST	injecteur 5	10		request_5	1461841612021	1461841612048	OK	 
REQUEST	injecteur 3	3		request_3	1461841612023	1461841612051	OK	 
REQUEST	injecteur 2	9		request_2	1461841612026	1461841612053	OK	 
REQUEST	injecteur 1	7		request_1	1461841612028	1461841612056	OK	 
REQUEST	injecteur 8	4		request_8	1461841612031	1461841612059	OK	 
REQUEST	injecteur 9	6		request_9	1461841612033	1461841612061	OK	 
REQUEST	injecteur 6	8		request_6	1461841612035	1461841612064	OK	 
REQUEST	injecteur 7	2		request_7	1461841612018	1461841612065	KO	status.find.is(200), but actually found 400
REQUEST	injecteur 4	1		request_4	1461841612039	1461841612068	OK	 
REQUEST	injecteur 10	5		request_10	1461841612044	1461841612070	OK	 
REQUEST	injecteur 5	10		request_5	1461841612049	1461841612072	OK	 
REQUEST	injecteur 3	3		request_3	1461841612052	1461841612074	OK	 
REQUEST	injecteur 2	9		request_2	1461841612054	1461841612077	OK	 
REQUEST	injecteur 1	7		request_1	1461841612057	1461841612080	OK	 
REQUEST	injecteur 8	4		request_8	1461841612060	1461841612082	OK	 
REQUEST	injecteur 9	6		request_9	1461841612062	1461841612085	OK	 
REQUEST	injecteur 6	8		request_6	1461841612065	1461841612089	OK	 
REQUEST	injecteur 4	1		request_4	1461841612069	1461841612095	OK	 
REQUEST	injecteur 10	5		request_10	1461841612071	1461841612096	OK	 
REQUEST	injecteur 5	10		request_5	1461841612073	1461841612100	OK	 
REQUEST	injecteur 3	3		request_3	1461841612075	1461841612103	OK	 
REQUEST	injecteur 2	9		request_2	1461841612078	1461841612105	OK	 
REQUEST	injecteur 1	7		request_1	1461841612081	1461841612108	OK	 
REQUEST	injecteur 8	4		request_8	1461841612083	1461841612112	OK	 
REQUEST	injecteur 7	2		request_7	1461841612067	1461841612112	KO	status.find.is(200), but actually found 400
REQUEST	injecteur 9	6		request_9	1461841612086	1461841612115	OK	 
REQUEST	injecteur 6	8		request_6	1461841612090	1461841612119	OK	 
REQUEST	injecteur 4	1		request_4	1461841612096	1461841612122	OK	 
REQUEST	injecteur 10	5		request_10	1461841612098	1461841612127	OK	 
REQUEST	injecteur 5	10		request_5	1461841612101	1461841612129	OK	 
REQUEST	injecteur 3	3		request_3	1461841612104	1461841612131	OK	 
REQUEST	injecteur 2	9		request_2	1461841612106	1461841612134	OK	 
REQUEST	injecteur 1	7		request_1	1461841612109	1461841612136	OK	 
