ASSERTION	AAMBAAMDBABk
RUN	Injections		injections	1462185119362	 	2.0
USER	injecteur 4	1	START	1462185121084	1462185121084
USER	injecteur 7	2	START	1462185121139	1462185121139
USER	injecteur 3	3	START	1462185121143	1462185121143
USER	injecteur 8	4	START	1462185121152	1462185121152
USER	injecteur 10	5	START	1462185121161	1462185121161
USER	injecteur 9	6	START	1462185121207	1462185121207
USER	injecteur 1	7	START	1462185121236	1462185121236
USER	injecteur 6	8	START	1462185121269	1462185121269
USER	injecteur 2	9	START	1462185121283	1462185121283
USER	injecteur 5	10	START	1462185121299	1462185121299
REQUEST	injecteur 8	4		request_8	1462185121156	1462185121385	OK	 
REQUEST	injecteur 3	3		request_3	1462185121145	1462185121377	OK	 
REQUEST	injecteur 4	1		request_4	1462185121129	1462185121355	OK	 
REQUEST	injecteur 10	5		request_10	1462185121200	1462185121434	OK	 
REQUEST	injecteur 9	6		request_9	1462185121222	1462185121453	OK	 
REQUEST	injecteur 1	7		request_1	1462185121257	1462185121455	OK	 
REQUEST	injecteur 6	8		request_6	1462185121277	1462185121463	OK	 
REQUEST	injecteur 7	2		request_7	1462185121141	1462185121509	KO	status.find.is(200), but actually found 400
REQUEST	injecteur 3	3		request_3	1462185121439	1462185121618	OK	 
REQUEST	injecteur 2	9		request_2	1462185121289	1462185121623	OK	 
REQUEST	injecteur 8	4		request_8	1462185121443	1462185121635	OK	 
REQUEST	injecteur 10	5		request_10	1462185121480	1462185121646	OK	 
REQUEST	injecteur 9	6		request_9	1462185121510	1462185121677	OK	 
REQUEST	injecteur 1	7		request_1	1462185121521	1462185121681	OK	 
REQUEST	injecteur 5	10		request_5	1462185121312	1462185121777	OK	 
REQUEST	injecteur 4	1		request_4	1462185121444	1462185121804	OK	 
REQUEST	injecteur 6	8		request_6	1462185121522	1462185121805	OK	 
REQUEST	injecteur 3	3		request_3	1462185121650	1462185121813	OK	 
REQUEST	injecteur 8	4		request_8	1462185121671	1462185121827	OK	 
REQUEST	injecteur 10	5		request_10	1462185121679	1462185121836	OK	 
REQUEST	injecteur 9	6		request_9	1462185121696	1462185121856	OK	 
REQUEST	injecteur 1	7		request_1	1462185121701	1462185121863	OK	 
REQUEST	injecteur 2	9		request_2	1462185121651	1462185121902	OK	 
REQUEST	injecteur 3	3		request_3	1462185121841	1462185121907	OK	 
REQUEST	injecteur 6	8		request_6	1462185121841	1462185121914	OK	 
REQUEST	injecteur 7	2		request_7	1462185121645	1462185121900	KO	status.find.is(200), but actually found 400
REQUEST	injecteur 8	4		request_8	1462185121843	1462185121925	OK	 
REQUEST	injecteur 10	5		request_10	1462185121854	1462185121947	OK	 
REQUEST	injecteur 9	6		request_9	1462185121872	1462185121955	OK	 
REQUEST	injecteur 1	7		request_1	1462185121880	1462185121981	OK	 
REQUEST	injecteur 4	1		request_4	1462185121840	1462185122013	OK	 
REQUEST	injecteur 5	10		request_5	1462185121834	1462185122029	OK	 
REQUEST	injecteur 3	3		request_3	1462185121934	1462185122042	OK	 
REQUEST	injecteur 6	8		request_6	1462185121943	1462185122057	OK	 
REQUEST	injecteur 8	4		request_8	1462185121951	1462185122061	OK	 
REQUEST	injecteur 10	5		request_10	1462185121966	1462185122085	OK	 
REQUEST	injecteur 9	6		request_9	1462185121974	1462185122096	OK	 
REQUEST	injecteur 2	9		request_2	1462185121920	1462185122108	OK	 
REQUEST	injecteur 1	7		request_1	1462185122014	1462185122123	OK	 
REQUEST	injecteur 7	2		request_7	1462185121946	1462185122136	KO	status.find.is(200), but actually found 400
REQUEST	injecteur 3	3		request_3	1462185122060	1462185122160	OK	 
REQUEST	injecteur 6	8		request_6	1462185122076	1462185122192	OK	 
REQUEST	injecteur 8	4		request_8	1462185122079	1462185122196	OK	 
REQUEST	injecteur 4	1		request_4	1462185122030	1462185122213	OK	 
REQUEST	injecteur 10	5		request_10	1462185122111	1462185122215	OK	 
REQUEST	injecteur 9	6		request_9	1462185122134	1462185122230	OK	 
REQUEST	injecteur 1	7		request_1	1462185122146	1462185122244	OK	 
REQUEST	injecteur 5	10		request_5	1462185122052	1462185122246	OK	 
REQUEST	injecteur 3	3		request_3	1462185122185	1462185122269	OK	 
REQUEST	injecteur 6	8		request_6	1462185122211	1462185122294	OK	 
REQUEST	injecteur 2	9		request_2	1462185122138	1462185122295	OK	 
REQUEST	injecteur 8	4		request_8	1462185122213	1462185122304	OK	 
REQUEST	injecteur 10	5		request_10	1462185122238	1462185122327	OK	 
REQUEST	injecteur 9	6		request_9	1462185122248	1462185122339	OK	 
REQUEST	injecteur 7	2		request_7	1462185122182	1462185122326	KO	status.find.is(200), but actually found 400
REQUEST	injecteur 1	7		request_1	1462185122262	1462185122362	OK	 
REQUEST	injecteur 3	3		request_3	1462185122287	1462185122376	OK	 
REQUEST	injecteur 4	1		request_4	1462185122236	1462185122379	OK	 
REQUEST	injecteur 6	8		request_6	1462185122307	1462185122398	OK	 
REQUEST	injecteur 5	10		request_5	1462185122266	1462185122415	OK	 
REQUEST	injecteur 2	9		request_2	1462185122308	1462185122426	OK	 
REQUEST	injecteur 8	4		request_8	1462185122321	1462185122433	OK	 
REQUEST	injecteur 10	5		request_10	1462185122345	1462185122451	OK	 
REQUEST	injecteur 9	6		request_9	1462185122365	1462185122460	OK	 
REQUEST	injecteur 1	7		request_1	1462185122378	1462185122477	OK	 
REQUEST	injecteur 3	3		request_3	1462185122388	1462185122482	OK	 
REQUEST	injecteur 4	1		request_4	1462185122394	1462185122490	OK	 
REQUEST	injecteur 6	8		request_6	1462185122410	1462185122502	OK	 
REQUEST	injecteur 8	4		request_8	1462185122439	1462185122554	OK	 
REQUEST	injecteur 7	2		request_7	1462185122367	1462185122538	KO	status.find.is(200), but actually found 400
REQUEST	injecteur 10	5		request_10	1462185122454	1462185122574	OK	 
REQUEST	injecteur 9	6		request_9	1462185122465	1462185122586	OK	 
REQUEST	injecteur 1	7		request_1	1462185122479	1462185122590	OK	 
REQUEST	injecteur 2	9		request_2	1462185122433	1462185122603	OK	 
REQUEST	injecteur 3	3		request_3	1462185122488	1462185122609	OK	 
REQUEST	injecteur 6	8		request_6	1462185122527	1462185122682	OK	 
REQUEST	injecteur 5	10		request_5	1462185122422	1462185122689	OK	 
REQUEST	injecteur 8	4		request_8	1462185122594	1462185122698	OK	 
REQUEST	injecteur 4	1		request_4	1462185122497	1462185122707	OK	 
REQUEST	injecteur 10	5		request_10	1462185122607	1462185122726	OK	 
REQUEST	injecteur 9	6		request_9	1462185122610	1462185122772	OK	 
REQUEST	injecteur 1	7		request_1	1462185122611	1462185122778	OK	 
REQUEST	injecteur 3	3		request_3	1462185122640	1462185122795	OK	 
REQUEST	injecteur 7	2		request_7	1462185122597	1462185122768	KO	status.find.is(200), but actually found 400
REQUEST	injecteur 6	8		request_6	1462185122696	1462185122807	OK	 
REQUEST	injecteur 8	4		request_8	1462185122709	1462185122826	OK	 
REQUEST	injecteur 2	9		request_2	1462185122638	1462185122830	OK	 
REQUEST	injecteur 10	5		request_10	1462185122751	1462185122900	OK	 
REQUEST	injecteur 9	6		request_9	1462185122808	1462185122920	OK	 
REQUEST	injecteur 1	7		request_1	1462185122814	1462185122930	OK	 
REQUEST	injecteur 5	10		request_5	1462185122702	1462185122937	OK	 
REQUEST	injecteur 3	3		request_3	1462185122827	1462185122944	OK	 
REQUEST	injecteur 6	8		request_6	1462185122835	1462185122958	OK	 
REQUEST	injecteur 4	1		request_4	1462185122716	1462185122970	OK	 
REQUEST	injecteur 8	4		request_8	1462185122851	1462185122975	OK	 
REQUEST	injecteur 10	5		request_10	1462185122923	1462185123018	OK	 
REQUEST	injecteur 9	6		request_9	1462185122945	1462185123056	OK	 
REQUEST	injecteur 1	7		request_1	1462185122968	1462185123061	OK	 
REQUEST	injecteur 3	3		request_3	1462185122975	1462185123073	OK	 
REQUEST	injecteur 6	8		request_6	1462185122979	1462185123077	OK	 
REQUEST	injecteur 2	9		request_2	1462185122853	1462185123081	OK	 
REQUEST	injecteur 7	2		request_7	1462185122832	1462185123065	KO	status.find.is(200), but actually found 400
REQUEST	injecteur 8	4		request_8	1462185122990	1462185123098	OK	 
REQUEST	injecteur 10	5		request_10	1462185123062	1462185123128	OK	 
REQUEST	injecteur 9	6		request_9	1462185123076	1462185123142	OK	 
REQUEST	injecteur 1	7		request_1	1462185123078	1462185123144	OK	 
REQUEST	injecteur 3	3		request_3	1462185123090	1462185123158	OK	 
REQUEST	injecteur 4	1		request_4	1462185122983	1462185123161	OK	 
REQUEST	injecteur 5	10		request_5	1462185122971	1462185123162	OK	 
REQUEST	injecteur 6	8		request_6	1462185123097	1462185123164	OK	 
REQUEST	injecteur 8	4		request_8	1462185123109	1462185123199	OK	 
REQUEST	injecteur 10	5		request_10	1462185123145	1462185123215	OK	 
REQUEST	injecteur 2	9		request_2	1462185123101	1462185123244	OK	 
REQUEST	injecteur 9	6		request_9	1462185123158	1462185123245	OK	 
REQUEST	injecteur 1	7		request_1	1462185123161	1462185123251	OK	 
REQUEST	injecteur 3	3		request_3	1462185123173	1462185123258	OK	 
REQUEST	injecteur 7	2		request_7	1462185123101	1462185123248	KO	status.find.is(200), but actually found 400
REQUEST	injecteur 6	8		request_6	1462185123188	1462185123274	OK	 
REQUEST	injecteur 8	4		request_8	1462185123219	1462185123302	OK	 
REQUEST	injecteur 10	5		request_10	1462185123229	1462185123310	OK	 
REQUEST	injecteur 4	1		request_4	1462185123174	1462185123326	OK	 
REQUEST	injecteur 9	6		request_9	1462185123264	1462185123348	OK	 
REQUEST	injecteur 5	10		request_5	1462185123184	1462185123351	OK	 
REQUEST	injecteur 1	7		request_1	1462185123271	1462185123356	OK	 
REQUEST	injecteur 3	3		request_3	1462185123275	1462185123361	OK	 
REQUEST	injecteur 6	8		request_6	1462185123294	1462185123386	OK	 
REQUEST	injecteur 8	4		request_8	1462185123322	1462185123400	OK	 
REQUEST	injecteur 10	5		request_10	1462185123326	1462185123410	OK	 
REQUEST	injecteur 2	9		request_2	1462185123264	1462185123421	OK	 
REQUEST	injecteur 9	6		request_9	1462185123368	1462185123469	OK	 
REQUEST	injecteur 7	2		request_7	1462185123292	1462185123464	KO	status.find.is(200), but actually found 400
REQUEST	injecteur 1	7		request_1	1462185123381	1462185123508	OK	 
REQUEST	injecteur 3	3		request_3	1462185123390	1462185123523	OK	 
REQUEST	injecteur 6	8		request_6	1462185123408	1462185123527	OK	 
REQUEST	injecteur 8	4		request_8	1462185123428	1462185123531	OK	 
REQUEST	injecteur 10	5		request_10	1462185123437	1462185123535	OK	 
REQUEST	injecteur 4	1		request_4	1462185123342	1462185123548	OK	 
REQUEST	injecteur 9	6		request_9	1462185123491	1462185123594	OK	 
REQUEST	injecteur 5	10		request_5	1462185123379	1462185123610	OK	 
REQUEST	injecteur 1	7		request_1	1462185123541	1462185123632	OK	 
REQUEST	injecteur 3	3		request_3	1462185123556	1462185123670	OK	 
REQUEST	injecteur 2	9		request_2	1462185123444	1462185123685	OK	 
REQUEST	injecteur 10	5		request_10	1462185123565	1462185123691	OK	 
REQUEST	injecteur 8	4		request_8	1462185123561	1462185123694	OK	 
REQUEST	injecteur 6	8		request_6	1462185123557	1462185123696	OK	 
REQUEST	injecteur 9	6		request_9	1462185123626	1462185123745	OK	 
REQUEST	injecteur 7	2		request_7	1462185123517	1462185123735	KO	status.find.is(200), but actually found 400
REQUEST	injecteur 1	7		request_1	1462185123677	1462185123764	OK	 
REQUEST	injecteur 3	3		request_3	1462185123696	1462185123788	OK	 
REQUEST	injecteur 4	1		request_4	1462185123571	1462185123800	OK	 
REQUEST	injecteur 10	5		request_10	1462185123706	1462185123815	OK	 
REQUEST	injecteur 8	4		request_8	1462185123710	1462185123819	OK	 
REQUEST	injecteur 6	8		request_6	1462185123710	1462185123822	OK	 
REQUEST	injecteur 9	6		request_9	1462185123771	1462185123853	OK	 
REQUEST	injecteur 5	10		request_5	1462185123633	1462185123859	OK	 
REQUEST	injecteur 1	7		request_1	1462185123800	1462185123902	OK	 
REQUEST	injecteur 2	9		request_2	1462185123704	1462185123925	OK	 
REQUEST	injecteur 3	3		request_3	1462185123820	1462185123926	OK	 
REQUEST	injecteur 10	5		request_10	1462185123830	1462185123961	OK	 
REQUEST	injecteur 8	4		request_8	1462185123831	1462185123964	OK	 
REQUEST	injecteur 6	8		request_6	1462185123832	1462185123976	OK	 
REQUEST	injecteur 9	6		request_9	1462185123898	1462185124051	OK	 
REQUEST	injecteur 1	7		request_1	1462185123962	1462185124109	OK	 
REQUEST	injecteur 7	2		request_7	1462185123797	1462185124056	KO	status.find.is(200), but actually found 400
REQUEST	injecteur 4	1		request_4	1462185123822	1462185124117	OK	 
REQUEST	injecteur 3	3		request_3	1462185123969	1462185124128	OK	 
REQUEST	injecteur 10	5		request_10	1462185123980	1462185124158	OK	 
REQUEST	injecteur 8	4		request_8	1462185123983	1462185124162	OK	 
REQUEST	injecteur 6	8		request_6	1462185123997	1462185124165	OK	 
REQUEST	injecteur 9	6		request_9	1462185124106	1462185124198	OK	 
REQUEST	injecteur 5	10		request_5	1462185123921	1462185124213	OK	 
REQUEST	injecteur 2	9		request_2	1462185123968	1462185124215	OK	 
REQUEST	injecteur 1	7		request_1	1462185124159	1462185124216	OK	 
REQUEST	injecteur 3	3		request_3	1462185124165	1462185124228	OK	 
REQUEST	injecteur 10	5		request_10	1462185124175	1462185124244	OK	 
REQUEST	injecteur 8	4		request_8	1462185124177	1462185124247	OK	 
REQUEST	injecteur 6	8		request_6	1462185124177	1462185124260	OK	 
REQUEST	injecteur 9	6		request_9	1462185124215	1462185124292	OK	 
REQUEST	injecteur 4	1		request_4	1462185124163	1462185124299	OK	 
REQUEST	injecteur 7	2		request_7	1462185124162	1462185124294	KO	status.find.is(200), but actually found 400
REQUEST	injecteur 1	7		request_1	1462185124233	1462185124314	OK	 
REQUEST	injecteur 3	3		request_3	1462185124247	1462185124329	OK	 
REQUEST	injecteur 10	5		request_10	1462185124266	1462185124343	OK	 
REQUEST	injecteur 8	4		request_8	1462185124266	1462185124354	OK	 
REQUEST	injecteur 6	8		request_6	1462185124277	1462185124366	OK	 
REQUEST	injecteur 2	9		request_2	1462185124230	1462185124391	OK	 
REQUEST	injecteur 9	6		request_9	1462185124310	1462185124392	OK	 
REQUEST	injecteur 5	10		request_5	1462185124223	1462185124406	OK	 
REQUEST	injecteur 1	7		request_1	1462185124331	1462185124470	OK	 
REQUEST	injecteur 3	3		request_3	1462185124341	1462185124480	OK	 
REQUEST	injecteur 10	5		request_10	1462185124363	1462185124482	OK	 
REQUEST	injecteur 8	4		request_8	1462185124375	1462185124490	OK	 
REQUEST	injecteur 6	8		request_6	1462185124389	1462185124502	OK	 
REQUEST	injecteur 4	1		request_4	1462185124321	1462185124513	OK	 
REQUEST	injecteur 9	6		request_9	1462185124409	1462185124536	OK	 
REQUEST	injecteur 7	2		request_7	1462185124331	1462185124538	KO	status.find.is(200), but actually found 400
REQUEST	injecteur 1	7		request_1	1462185124497	1462185124570	OK	 
REQUEST	injecteur 3	3		request_3	1462185124500	1462185124574	OK	 
REQUEST	injecteur 10	5		request_10	1462185124502	1462185124582	OK	 
REQUEST	injecteur 8	4		request_8	1462185124507	1462185124584	OK	 
REQUEST	injecteur 6	8		request_6	1462185124516	1462185124603	OK	 
REQUEST	injecteur 2	9		request_2	1462185124409	1462185124609	OK	 
REQUEST	injecteur 9	6		request_9	1462185124555	1462185124647	OK	 
REQUEST	injecteur 5	10		request_5	1462185124448	1462185124648	OK	 
REQUEST	injecteur 1	7		request_1	1462185124589	1462185124663	OK	 
REQUEST	injecteur 3	3		request_3	1462185124590	1462185124665	OK	 
REQUEST	injecteur 10	5		request_10	1462185124599	1462185124673	OK	 
REQUEST	injecteur 8	4		request_8	1462185124604	1462185124682	OK	 
REQUEST	injecteur 6	8		request_6	1462185124619	1462185124687	OK	 
REQUEST	injecteur 4	1		request_4	1462185124538	1462185124692	OK	 
REQUEST	injecteur 7	2		request_7	1462185124577	1462185124724	KO	status.find.is(200), but actually found 400
REQUEST	injecteur 9	6		request_9	1462185124666	1462185124746	OK	 
REQUEST	injecteur 2	9		request_2	1462185124625	1462185124748	OK	 
REQUEST	injecteur 1	7		request_1	1462185124676	1462185124752	OK	 
REQUEST	injecteur 3	3		request_3	1462185124677	1462185124770	OK	 
REQUEST	injecteur 5	10		request_5	1462185124666	1462185124779	OK	 
REQUEST	injecteur 10	5		request_10	1462185124686	1462185124784	OK	 
REQUEST	injecteur 8	4		request_8	1462185124699	1462185124792	OK	 
REQUEST	injecteur 6	8		request_6	1462185124703	1462185124797	OK	 
REQUEST	injecteur 4	1		request_4	1462185124707	1462185124804	OK	 
REQUEST	injecteur 9	6		request_9	1462185124753	1462185124823	OK	 
REQUEST	injecteur 1	7		request_1	1462185124765	1462185124884	OK	 
REQUEST	injecteur 3	3		request_3	1462185124782	1462185124886	OK	 
REQUEST	injecteur 10	5		request_10	1462185124800	1462185124892	OK	 
REQUEST	injecteur 7	2		request_7	1462185124744	1462185124873	KO	status.find.is(200), but actually found 400
REQUEST	injecteur 8	4		request_8	1462185124807	1462185124915	OK	 
