ASSERTION	AAMBAAMDBABk
RUN	Injections		injections	1461840498893	 	2.0
USER	injecteur 4	1	START	1461840500072	1461840500072
USER	injecteur 7	2	START	1461840500139	1461840500139
USER	injecteur 3	3	START	1461840500142	1461840500142
USER	injecteur 8	4	START	1461840500148	1461840500148
USER	injecteur 10	5	START	1461840500153	1461840500153
USER	injecteur 9	6	START	1461840500155	1461840500155
USER	injecteur 1	7	START	1461840500159	1461840500159
USER	injecteur 6	8	START	1461840500162	1461840500162
USER	injecteur 2	9	START	1461840500163	1461840500163
USER	injecteur 5	10	START	1461840500165	1461840500165
REQUEST	injecteur 1	7		request_1	1461840500160	1461840500285	OK	 
REQUEST	injecteur 3	3		request_3	1461840500143	1461840500253	OK	 
REQUEST	injecteur 9	6		request_9	1461840500156	1461840500256	OK	 
REQUEST	injecteur 6	8		request_6	1461840500162	1461840500273	OK	 
REQUEST	injecteur 5	10		request_5	1461840500166	1461840500300	OK	 
REQUEST	injecteur 10	5		request_10	1461840500153	1461840500301	OK	 
REQUEST	injecteur 4	1		request_4	1461840500130	1461840500238	KO	status.find.is(200), but actually found 500
REQUEST	injecteur 2	9		request_2	1461840500164	1461840500308	OK	 
REQUEST	injecteur 8	4		request_8	1461840500149	1461840500312	OK	 
REQUEST	injecteur 8	4		request_8	1461840500313	1461840500319	OK	 
REQUEST	injecteur 10	5		request_10	1461840500303	1461840500332	OK	 
REQUEST	injecteur 7	2		request_7	1461840500140	1461840500320	KO	status.find.is(200), but actually found 400
REQUEST	injecteur 1	7		request_1	1461840500305	1461840500335	OK	 
REQUEST	injecteur 2	9		request_2	1461840500309	1461840500338	OK	 
REQUEST	injecteur 3	3		request_3	1461840500311	1461840500348	OK	 
REQUEST	injecteur 9	6		request_9	1461840500313	1461840500351	OK	 
REQUEST	injecteur 8	4		request_8	1461840500320	1461840500356	OK	 
REQUEST	injecteur 4	1		request_4	1461840500306	1461840500355	KO	status.find.is(200), but actually found 500
REQUEST	injecteur 2	9		request_2	1461840500339	1461840500362	OK	 
REQUEST	injecteur 5	10		request_5	1461840500319	1461840500363	OK	 
REQUEST	injecteur 6	8		request_6	1461840500329	1461840500372	OK	 
REQUEST	injecteur 10	5		request_10	1461840500333	1461840500375	OK	 
REQUEST	injecteur 1	7		request_1	1461840500337	1461840500383	OK	 
REQUEST	injecteur 7	2		request_7	1461840500336	1461840500386	KO	status.find.is(200), but actually found 400
REQUEST	injecteur 5	10		request_5	1461840500364	1461840500390	OK	 
REQUEST	injecteur 3	3		request_3	1461840500349	1461840500394	OK	 
REQUEST	injecteur 9	6		request_9	1461840500353	1461840500399	OK	 
REQUEST	injecteur 8	4		request_8	1461840500357	1461840500402	OK	 
REQUEST	injecteur 2	9		request_2	1461840500363	1461840500412	OK	 
REQUEST	injecteur 6	8		request_6	1461840500373	1461840500415	OK	 
REQUEST	injecteur 10	5		request_10	1461840500378	1461840500419	OK	 
REQUEST	injecteur 4	1		request_4	1461840500360	1461840500421	KO	status.find.is(200), but actually found 500
REQUEST	injecteur 1	7		request_1	1461840500384	1461840500426	OK	 
REQUEST	injecteur 5	10		request_5	1461840500391	1461840500433	OK	 
REQUEST	injecteur 3	3		request_3	1461840500395	1461840500436	OK	 
REQUEST	injecteur 9	6		request_9	1461840500400	1461840500438	OK	 
REQUEST	injecteur 8	4		request_8	1461840500403	1461840500441	OK	 
REQUEST	injecteur 2	9		request_2	1461840500413	1461840500445	OK	 
REQUEST	injecteur 6	8		request_6	1461840500416	1461840500448	OK	 
REQUEST	injecteur 7	2		request_7	1461840500388	1461840500450	KO	status.find.is(200), but actually found 400
REQUEST	injecteur 10	5		request_10	1461840500420	1461840500454	OK	 
REQUEST	injecteur 1	7		request_1	1461840500427	1461840500458	OK	 
REQUEST	injecteur 5	10		request_5	1461840500434	1461840500462	OK	 
REQUEST	injecteur 3	3		request_3	1461840500437	1461840500466	OK	 
REQUEST	injecteur 9	6		request_9	1461840500439	1461840500468	OK	 
REQUEST	injecteur 8	4		request_8	1461840500442	1461840500472	OK	 
REQUEST	injecteur 2	9		request_2	1461840500446	1461840500475	OK	 
REQUEST	injecteur 4	1		request_4	1461840500422	1461840500480	KO	status.find.is(200), but actually found 500
REQUEST	injecteur 6	8		request_6	1461840500450	1461840500482	OK	 
REQUEST	injecteur 10	5		request_10	1461840500455	1461840500487	OK	 
REQUEST	injecteur 1	7		request_1	1461840500460	1461840500491	OK	 
REQUEST	injecteur 5	10		request_5	1461840500463	1461840500494	OK	 
REQUEST	injecteur 3	3		request_3	1461840500467	1461840500497	OK	 
REQUEST	injecteur 9	6		request_9	1461840500470	1461840500501	OK	 
REQUEST	injecteur 8	4		request_8	1461840500473	1461840500506	OK	 
REQUEST	injecteur 7	2		request_7	1461840500452	1461840500513	KO	status.find.is(200), but actually found 400
REQUEST	injecteur 8	4		request_8	1461840500508	1461840500517	OK	 
REQUEST	injecteur 2	9		request_2	1461840500476	1461840500522	OK	 
REQUEST	injecteur 6	8		request_6	1461840500483	1461840500528	OK	 
REQUEST	injecteur 10	5		request_10	1461840500488	1461840500532	OK	 
REQUEST	injecteur 1	7		request_1	1461840500492	1461840500534	OK	 
REQUEST	injecteur 5	10		request_5	1461840500495	1461840500536	OK	 
REQUEST	injecteur 3	3		request_3	1461840500498	1461840500538	OK	 
REQUEST	injecteur 9	6		request_9	1461840500502	1461840500541	OK	 
REQUEST	injecteur 4	1		request_4	1461840500482	1461840500544	KO	status.find.is(200), but actually found 500
REQUEST	injecteur 8	4		request_8	1461840500518	1461840500550	OK	 
REQUEST	injecteur 2	9		request_2	1461840500523	1461840500555	OK	 
REQUEST	injecteur 6	8		request_6	1461840500529	1461840500556	OK	 
REQUEST	injecteur 10	5		request_10	1461840500533	1461840500560	OK	 
REQUEST	injecteur 1	7		request_1	1461840500534	1461840500563	OK	 
REQUEST	injecteur 5	10		request_5	1461840500536	1461840500565	OK	 
REQUEST	injecteur 3	3		request_3	1461840500539	1461840500570	OK	 
REQUEST	injecteur 7	2		request_7	1461840500517	1461840500572	KO	status.find.is(200), but actually found 400
REQUEST	injecteur 9	6		request_9	1461840500543	1461840500576	OK	 
REQUEST	injecteur 8	4		request_8	1461840500551	1461840500580	OK	 
REQUEST	injecteur 2	9		request_2	1461840500556	1461840500582	OK	 
REQUEST	injecteur 6	8		request_6	1461840500558	1461840500585	OK	 
REQUEST	injecteur 10	5		request_10	1461840500561	1461840500587	OK	 
REQUEST	injecteur 1	7		request_1	1461840500564	1461840500589	OK	 
REQUEST	injecteur 5	10		request_5	1461840500566	1461840500592	OK	 
REQUEST	injecteur 4	1		request_4	1461840500546	1461840500595	KO	status.find.is(200), but actually found 500
REQUEST	injecteur 3	3		request_3	1461840500571	1461840500598	OK	 
REQUEST	injecteur 9	6		request_9	1461840500577	1461840500605	OK	 
REQUEST	injecteur 8	4		request_8	1461840500581	1461840500607	OK	 
REQUEST	injecteur 2	9		request_2	1461840500583	1461840500610	OK	 
REQUEST	injecteur 6	8		request_6	1461840500586	1461840500615	OK	 
REQUEST	injecteur 10	5		request_10	1461840500588	1461840500617	OK	 
REQUEST	injecteur 7	2		request_7	1461840500575	1461840500620	KO	status.find.is(200), but actually found 400
REQUEST	injecteur 1	7		request_1	1461840500590	1461840500622	OK	 
REQUEST	injecteur 5	10		request_5	1461840500593	1461840500629	OK	 
REQUEST	injecteur 3	3		request_3	1461840500599	1461840500632	OK	 
REQUEST	injecteur 9	6		request_9	1461840500606	1461840500634	OK	 
REQUEST	injecteur 8	4		request_8	1461840500609	1461840500637	OK	 
REQUEST	injecteur 2	9		request_2	1461840500611	1461840500639	OK	 
REQUEST	injecteur 6	8		request_6	1461840500616	1461840500643	OK	 
REQUEST	injecteur 4	1		request_4	1461840500596	1461840500646	KO	status.find.is(200), but actually found 500
REQUEST	injecteur 10	5		request_10	1461840500618	1461840500648	OK	 
REQUEST	injecteur 1	7		request_1	1461840500623	1461840500653	OK	 
REQUEST	injecteur 5	10		request_5	1461840500630	1461840500655	OK	 
REQUEST	injecteur 3	3		request_3	1461840500633	1461840500660	OK	 
REQUEST	injecteur 9	6		request_9	1461840500635	1461840500662	OK	 
REQUEST	injecteur 8	4		request_8	1461840500638	1461840500665	OK	 
REQUEST	injecteur 2	9		request_2	1461840500641	1461840500667	OK	 
REQUEST	injecteur 6	8		request_6	1461840500644	1461840500673	OK	 
REQUEST	injecteur 7	2		request_7	1461840500621	1461840500670	KO	status.find.is(200), but actually found 400
