ASSERTION	AAMBAAMDBABk
RUN	InjectionsAndVerifications		injectionsandverifications	1462966839211	 	2.0
USER	injecteur 4	1	START	1462966840330	1462966840330
USER	injecteur 7	2	START	1462966840443	1462966840443
USER	injecteur 3	3	START	1462966840453	1462966840453
USER	injecteur 8	4	START	1462966840462	1462966840462
USER	injecteur 10	5	START	1462966840464	1462966840464
USER	injecteur 9	6	START	1462966840466	1462966840466
USER	injecteur 1	7	START	1462966840481	1462966840481
USER	injecteur 6	8	START	1462966840483	1462966840483
USER	injecteur 2	9	START	1462966840486	1462966840486
USER	injecteur 5	10	START	1462966840498	1462966840498
REQUEST	injecteur 10	5		request_9	1462966840465	1462966840595	OK	 
REQUEST	injecteur 1	7		request_0	1462966840482	1462966840605	OK	 
REQUEST	injecteur 4	1		request_3	1462966840429	1462966840519	OK	 
REQUEST	injecteur 3	3		request_2	1462966840458	1462966840552	OK	 
REQUEST	injecteur 6	8		request_5	1462966840485	1462966840570	OK	 
REQUEST	injecteur 8	4		request_7	1462966840463	1462966840625	OK	 
REQUEST	injecteur 9	6		request_8	1462966840479	1462966840628	OK	 
REQUEST	injecteur 7	2		request_6	1462966840444	1462966840622	OK	 
REQUEST	injecteur 5	10		request_4	1462966840499	1462966840633	OK	 
REQUEST	injecteur 10	5		request_9	1462966840625	1462966840639	OK	 
REQUEST	injecteur 8	4		request_7	1462966840626	1462966840644	OK	 
REQUEST	injecteur 9	6		request_8	1462966840629	1462966840646	OK	 
REQUEST	injecteur 7	2		request_6	1462966840632	1462966840650	OK	 
REQUEST	injecteur 4	1		request_3	1462966840633	1462966840657	OK	 
REQUEST	injecteur 5	10		request_4	1462966840634	1462966840660	OK	 
REQUEST	injecteur 3	3		request_2	1462966840634	1462966840668	OK	 
REQUEST	injecteur 1	7		request_0	1462966840636	1462966840669	OK	 
REQUEST	injecteur 2	9		request_1	1462966840488	1462966840672	OK	 
REQUEST	injecteur 6	8		request_5	1462966840637	1462966840675	OK	 
REQUEST	injecteur 5	10		request_4	1462966840661	1462966840678	OK	 
REQUEST	injecteur 1	7		request_0	1462966840670	1462966840683	OK	 
REQUEST	injecteur 10	5		request_9	1462966840640	1462966840688	OK	 
REQUEST	injecteur 8	4		request_7	1462966840645	1462966840690	OK	 
REQUEST	injecteur 7	2		request_6	1462966840651	1462966840699	OK	 
REQUEST	injecteur 3	3		request_2	1462966840669	1462966840700	OK	 
REQUEST	injecteur 9	6		request_8	1462966840648	1462966840703	OK	 
REQUEST	injecteur 4	1		request_3	1462966840659	1462966840708	OK	 
REQUEST	injecteur 2	9		request_1	1462966840673	1462966840712	OK	 
REQUEST	injecteur 3	3		request_2	1462966840703	1462966840715	OK	 
REQUEST	injecteur 6	8		request_5	1462966840676	1462966840718	OK	 
REQUEST	injecteur 5	10		request_4	1462966840679	1462966840722	OK	 
REQUEST	injecteur 1	7		request_0	1462966840684	1462966840725	OK	 
REQUEST	injecteur 10	5		request_9	1462966840689	1462966840730	OK	 
REQUEST	injecteur 8	4		request_7	1462966840691	1462966840733	OK	 
REQUEST	injecteur 7	2		request_6	1462966840700	1462966840736	OK	 
REQUEST	injecteur 9	6		request_8	1462966840704	1462966840738	OK	 
REQUEST	injecteur 4	1		request_3	1462966840709	1462966840741	OK	 
REQUEST	injecteur 2	9		request_1	1462966840713	1462966840751	OK	 
REQUEST	injecteur 3	3		request_2	1462966840716	1462966840753	OK	 
REQUEST	injecteur 6	8		request_5	1462966840719	1462966840757	OK	 
REQUEST	injecteur 5	10		request_4	1462966840723	1462966840765	OK	 
REQUEST	injecteur 1	7		request_0	1462966840726	1462966840767	OK	 
REQUEST	injecteur 10	5		request_9	1462966840731	1462966840772	OK	 
REQUEST	injecteur 8	4		request_7	1462966840734	1462966840776	OK	 
REQUEST	injecteur 7	2		request_6	1462966840737	1462966840779	OK	 
REQUEST	injecteur 9	6		request_8	1462966840739	1462966840781	OK	 
REQUEST	injecteur 6	8		request_5	1462966840759	1462966840783	OK	 
REQUEST	injecteur 4	1		request_3	1462966840742	1462966840786	OK	 
REQUEST	injecteur 3	3		request_2	1462966840754	1462966840789	OK	 
REQUEST	injecteur 2	9		request_1	1462966840759	1462966840793	OK	 
REQUEST	injecteur 5	10		request_4	1462966840766	1462966840795	OK	 
REQUEST	injecteur 1	7		request_0	1462966840769	1462966840807	OK	 
REQUEST	injecteur 10	5		request_9	1462966840774	1462966840810	OK	 
REQUEST	injecteur 8	4		request_7	1462966840777	1462966840815	OK	 
REQUEST	injecteur 7	2		request_6	1462966840780	1462966840818	OK	 
REQUEST	injecteur 5	10		request_4	1462966840797	1462966840820	OK	 
REQUEST	injecteur 9	6		request_8	1462966840782	1462966840824	OK	 
REQUEST	injecteur 6	8		request_5	1462966840784	1462966840826	OK	 
REQUEST	injecteur 4	1		request_3	1462966840787	1462966840828	OK	 
REQUEST	injecteur 3	3		request_2	1462966840790	1462966840830	OK	 
REQUEST	injecteur 2	9		request_1	1462966840794	1462966840832	OK	 
REQUEST	injecteur 1	7		request_0	1462966840808	1462966840835	OK	 
REQUEST	injecteur 10	5		request_9	1462966840811	1462966840838	OK	 
REQUEST	injecteur 8	4		request_7	1462966840816	1462966840843	OK	 
REQUEST	injecteur 7	2		request_6	1462966840819	1462966840847	OK	 
REQUEST	injecteur 5	10		request_4	1462966840821	1462966840854	OK	 
REQUEST	injecteur 9	6		request_8	1462966840825	1462966840857	OK	 
REQUEST	injecteur 6	8		request_5	1462966840827	1462966840862	OK	 
REQUEST	injecteur 4	1		request_3	1462966840829	1462966840864	OK	 
REQUEST	injecteur 3	3		request_2	1462966840831	1462966840867	OK	 
REQUEST	injecteur 2	9		request_1	1462966840834	1462966840869	OK	 
REQUEST	injecteur 1	7		request_0	1462966840836	1462966840871	OK	 
REQUEST	injecteur 10	5		request_9	1462966840839	1462966840874	OK	 
REQUEST	injecteur 8	4		request_7	1462966840844	1462966840876	OK	 
REQUEST	injecteur 7	2		request_6	1462966840848	1462966840878	OK	 
REQUEST	injecteur 5	10		request_4	1462966840855	1462966840880	OK	 
REQUEST	injecteur 9	6		request_8	1462966840859	1462966840883	OK	 
REQUEST	injecteur 6	8		request_5	1462966840863	1462966840885	OK	 
REQUEST	injecteur 4	1		request_3	1462966840865	1462966840888	OK	 
REQUEST	injecteur 3	3		request_2	1462966840868	1462966840890	OK	 
REQUEST	injecteur 2	9		request_1	1462966840870	1462966840896	OK	 
REQUEST	injecteur 1	7		request_0	1462966840872	1462966840898	OK	 
REQUEST	injecteur 10	5		request_9	1462966840875	1462966840900	OK	 
REQUEST	injecteur 8	4		request_7	1462966840877	1462966840902	OK	 
REQUEST	injecteur 7	2		request_6	1462966840879	1462966840904	OK	 
REQUEST	injecteur 5	10		request_4	1462966840881	1462966840908	OK	 
REQUEST	injecteur 9	6		request_8	1462966840884	1462966840910	OK	 
REQUEST	injecteur 6	8		request_5	1462966840886	1462966840913	OK	 
REQUEST	injecteur 4	1		request_3	1462966840889	1462966840916	OK	 
REQUEST	injecteur 3	3		request_2	1462966840891	1462966840918	OK	 
REQUEST	injecteur 2	9		request_1	1462966840897	1462966840921	OK	 
REQUEST	injecteur 1	7		request_0	1462966840899	1462966840924	OK	 
REQUEST	injecteur 10	5		request_9	1462966840901	1462966840928	OK	 
REQUEST	injecteur 8	4		request_7	1462966840903	1462966840932	OK	 
REQUEST	injecteur 7	2		request_6	1462966840905	1462966840934	OK	 
REQUEST	injecteur 5	10		request_4	1462966840909	1462966840936	OK	 
REQUEST	injecteur 9	6		request_8	1462966840911	1462966840938	OK	 
REQUEST	injecteur 6	8		request_5	1462966840914	1462966840941	OK	 
REQUEST	injecteur 4	1		request_3	1462966840917	1462966840943	OK	 
REQUEST	injecteur 10	5		request_9	1462966840929	1462966840945	OK	 
REQUEST	injecteur 3	3		request_2	1462966840919	1462966840949	OK	 
REQUEST	injecteur 2	9		request_1	1462966840922	1462966840952	OK	 
REQUEST	injecteur 1	7		request_0	1462966840925	1462966840955	OK	 
REQUEST	injecteur 8	4		request_7	1462966840933	1462966840957	OK	 
REQUEST	injecteur 7	2		request_6	1462966840935	1462966840959	OK	 
REQUEST	injecteur 5	10		request_4	1462966840937	1462966840962	OK	 
REQUEST	injecteur 9	6		request_8	1462966840939	1462966840965	OK	 
REQUEST	injecteur 6	8		request_5	1462966840942	1462966840969	OK	 
REQUEST	injecteur 4	1		request_3	1462966840944	1462966840970	OK	 
REQUEST	injecteur 10	5		request_9	1462966840946	1462966840972	OK	 
REQUEST	injecteur 3	3		request_2	1462966840950	1462966840974	OK	 
REQUEST	injecteur 2	9		request_1	1462966840954	1462966840978	OK	 
REQUEST	injecteur 1	7		request_0	1462966840956	1462966840980	OK	 
REQUEST	injecteur 8	4		request_7	1462966840958	1462966840983	OK	 
REQUEST	injecteur 7	2		request_6	1462966840960	1462966840986	OK	 
REQUEST	injecteur 5	10		request_4	1462966840963	1462966840991	OK	 
REQUEST	injecteur 9	6		request_8	1462966840966	1462966840994	OK	 
REQUEST	injecteur 6	8		request_5	1462966840969	1462966840996	OK	 
REQUEST	injecteur 4	1		request_3	1462966840971	1462966840998	OK	 
REQUEST	injecteur 10	5		request_9	1462966840973	1462966841004	OK	 
REQUEST	injecteur 3	3		request_2	1462966840975	1462966841008	OK	 
REQUEST	injecteur 2	9		request_1	1462966840979	1462966841017	OK	 
REQUEST	injecteur 1	7		request_0	1462966840981	1462966841018	OK	 
REQUEST	injecteur 7	2		request_6	1462966840987	1462966841026	OK	 
REQUEST	injecteur 8	4		request_7	1462966840984	1462966841026	OK	 
REQUEST	injecteur 5	10		request_4	1462966840992	1462966841031	OK	 
REQUEST	injecteur 3	3		request_2	1462966841009	1462966841034	OK	 
REQUEST	injecteur 9	6		request_8	1462966840995	1462966841037	OK	 
REQUEST	injecteur 6	8		request_5	1462966840998	1462966841041	OK	 
REQUEST	injecteur 4	1		request_3	1462966840999	1462966841047	OK	 
REQUEST	injecteur 10	5		request_9	1462966841005	1462966841049	OK	 
REQUEST	injecteur 1	7		request_0	1462966841019	1462966841064	OK	 
REQUEST	injecteur 2	9		request_1	1462966841024	1462966841067	OK	 
REQUEST	injecteur 7	2		request_6	1462966841027	1462966841068	OK	 
REQUEST	injecteur 8	4		request_7	1462966841029	1462966841071	OK	 
REQUEST	injecteur 5	10		request_4	1462966841032	1462966841073	OK	 
REQUEST	injecteur 3	3		request_2	1462966841035	1462966841075	OK	 
REQUEST	injecteur 9	6		request_8	1462966841039	1462966841077	OK	 
REQUEST	injecteur 6	8		request_5	1462966841042	1462966841078	OK	 
REQUEST	injecteur 4	1		request_3	1462966841048	1462966841080	OK	 
REQUEST	injecteur 10	5		request_9	1462966841050	1462966841082	OK	 
REQUEST	injecteur 1	7		request_0	1462966841065	1462966841085	OK	 
REQUEST	injecteur 2	9		request_1	1462966841068	1462966841086	OK	 
REQUEST	injecteur 7	2		request_6	1462966841069	1462966841089	OK	 
REQUEST	injecteur 8	4		request_7	1462966841072	1462966841091	OK	 
REQUEST	injecteur 5	10		request_4	1462966841074	1462966841093	OK	 
REQUEST	injecteur 3	3		request_2	1462966841076	1462966841096	OK	 
REQUEST	injecteur 9	6		request_8	1462966841078	1462966841098	OK	 
REQUEST	injecteur 6	8		request_5	1462966841079	1462966841100	OK	 
REQUEST	injecteur 4	1		request_3	1462966841081	1462966841102	OK	 
REQUEST	injecteur 10	5		request_9	1462966841083	1462966841104	OK	 
REQUEST	injecteur 1	7		request_0	1462966841085	1462966841106	OK	 
REQUEST	injecteur 2	9		request_1	1462966841087	1462966841111	OK	 
REQUEST	injecteur 7	2		request_6	1462966841090	1462966841113	OK	 
REQUEST	injecteur 8	4		request_7	1462966841092	1462966841115	OK	 
REQUEST	injecteur 5	10		request_4	1462966841094	1462966841117	OK	 
REQUEST	injecteur 3	3		request_2	1462966841096	1462966841119	OK	 
REQUEST	injecteur 9	6		request_8	1462966841098	1462966841122	OK	 
REQUEST	injecteur 6	8		request_5	1462966841101	1462966841125	OK	 
REQUEST	injecteur 4	1		request_3	1462966841103	1462966841131	OK	 
REQUEST	injecteur 10	5		request_9	1462966841105	1462966841136	OK	 
REQUEST	injecteur 1	7		request_0	1462966841107	1462966841138	OK	 
REQUEST	injecteur 2	9		request_1	1462966841112	1462966841142	OK	 
REQUEST	injecteur 7	2		request_6	1462966841114	1462966841143	OK	 
REQUEST	injecteur 8	4		request_7	1462966841116	1462966841145	OK	 
REQUEST	injecteur 5	10		request_4	1462966841118	1462966841147	OK	 
REQUEST	injecteur 3	3		request_2	1462966841120	1462966841149	OK	 
REQUEST	injecteur 9	6		request_8	1462966841123	1462966841151	OK	 
REQUEST	injecteur 6	8		request_5	1462966841126	1462966841153	OK	 
REQUEST	injecteur 4	1		request_3	1462966841132	1462966841156	OK	 
REQUEST	injecteur 10	5		request_9	1462966841137	1462966841158	OK	 
REQUEST	injecteur 1	7		request_0	1462966841139	1462966841161	OK	 
REQUEST	injecteur 7	2		request_6	1462966841144	1462966841168	OK	 
REQUEST	injecteur 2	9		request_1	1462966841143	1462966841169	OK	 
REQUEST	injecteur 8	4		request_7	1462966841146	1462966841171	OK	 
REQUEST	injecteur 5	10		request_4	1462966841148	1462966841171	OK	 
REQUEST	injecteur 3	3		request_2	1462966841150	1462966841174	OK	 
REQUEST	injecteur 9	6		request_8	1462966841152	1462966841177	OK	 
REQUEST	injecteur 6	8		request_5	1462966841154	1462966841177	OK	 
REQUEST	injecteur 4	1		request_3	1462966841157	1462966841180	OK	 
REQUEST	injecteur 10	5		request_9	1462966841159	1462966841182	OK	 
REQUEST	injecteur 1	7		request_0	1462966841162	1462966841184	OK	 
REQUEST	injecteur 7	2		request_6	1462966841169	1462966841186	OK	 
REQUEST	injecteur 2	9		request_1	1462966841170	1462966841189	OK	 
REQUEST	injecteur 5	10		request_4	1462966841172	1462966841191	OK	 
REQUEST	injecteur 8	4		request_7	1462966841173	1462966841193	OK	 
REQUEST	injecteur 3	3		request_2	1462966841175	1462966841195	OK	 
REQUEST	injecteur 9	6		request_8	1462966841178	1462966841197	OK	 
REQUEST	injecteur 6	8		request_5	1462966841178	1462966841199	OK	 
REQUEST	injecteur 4	1		request_3	1462966841181	1462966841204	OK	 
REQUEST	injecteur 10	5		request_9	1462966841182	1462966841206	OK	 
REQUEST	injecteur 1	7		request_0	1462966841185	1462966841209	OK	 
REQUEST	injecteur 7	2		request_6	1462966841187	1462966841212	OK	 
REQUEST	injecteur 2	9		request_1	1462966841190	1462966841215	OK	 
REQUEST	injecteur 5	10		request_4	1462966841192	1462966841219	OK	 
REQUEST	injecteur 8	4		request_7	1462966841194	1462966841222	OK	 
REQUEST	injecteur 3	3		request_2	1462966841196	1462966841227	OK	 
REQUEST	injecteur 9	6		request_8	1462966841198	1462966841231	OK	 
REQUEST	injecteur 6	8		request_5	1462966841200	1462966841233	OK	 
REQUEST	injecteur 4	1		request_3	1462966841204	1462966841236	OK	 
REQUEST	injecteur 10	5		request_9	1462966841207	1462966841238	OK	 
REQUEST	injecteur 1	7		request_0	1462966841210	1462966841241	OK	 
REQUEST	injecteur 7	2		request_6	1462966841213	1462966841243	OK	 
REQUEST	injecteur 2	9		request_1	1462966841216	1462966841247	OK	 
REQUEST	injecteur 5	10		request_4	1462966841220	1462966841250	OK	 
REQUEST	injecteur 8	4		request_7	1462966841223	1462966841253	OK	 
REQUEST	injecteur 3	3		request_2	1462966841228	1462966841255	OK	 
REQUEST	injecteur 9	6		request_8	1462966841232	1462966841258	OK	 
REQUEST	injecteur 6	8		request_5	1462966841234	1462966841261	OK	 
REQUEST	injecteur 4	1		request_3	1462966841237	1462966841262	OK	 
REQUEST	injecteur 10	5		request_9	1462966841239	1462966841264	OK	 
REQUEST	injecteur 1	7		request_0	1462966841242	1462966841273	OK	 
REQUEST	injecteur 7	2		request_6	1462966841244	1462966841274	OK	 
REQUEST	injecteur 2	9		request_1	1462966841248	1462966841276	OK	 
REQUEST	injecteur 5	10		request_4	1462966841251	1462966841277	OK	 
REQUEST	injecteur 8	4		request_7	1462966841254	1462966841279	OK	 
REQUEST	injecteur 3	3		request_2	1462966841256	1462966841281	OK	 
REQUEST	injecteur 9	6		request_8	1462966841259	1462966841283	OK	 
REQUEST	injecteur 6	8		request_5	1462966841262	1462966841286	OK	 
REQUEST	injecteur 4	1		request_3	1462966841263	1462966841290	OK	 
REQUEST	injecteur 10	5		request_9	1462966841266	1462966841292	OK	 
REQUEST	injecteur 1	7		request_0	1462966841274	1462966841298	OK	 
REQUEST	injecteur 7	2		request_6	1462966841275	1462966841299	OK	 
REQUEST	injecteur 2	9		request_1	1462966841276	1462966841301	OK	 
REQUEST	injecteur 5	10		request_4	1462966841278	1462966841303	OK	 
REQUEST	injecteur 8	4		request_7	1462966841280	1462966841305	OK	 
REQUEST	injecteur 3	3		request_2	1462966841282	1462966841307	OK	 
REQUEST	injecteur 9	6		request_8	1462966841284	1462966841310	OK	 
REQUEST	injecteur 6	8		request_5	1462966841287	1462966841312	OK	 
REQUEST	injecteur 4	1		request_3	1462966841291	1462966841313	OK	 
REQUEST	injecteur 10	5		request_9	1462966841293	1462966841317	OK	 
REQUEST	injecteur 1	7		request_0	1462966841298	1462966841318	OK	 
REQUEST	injecteur 7	2		request_6	1462966841300	1462966841320	OK	 
REQUEST	injecteur 2	9		request_1	1462966841302	1462966841322	OK	 
REQUEST	injecteur 5	10		request_4	1462966841304	1462966841324	OK	 
REQUEST	injecteur 8	4		request_7	1462966841306	1462966841325	OK	 
REQUEST	injecteur 3	3		request_2	1462966841308	1462966841329	OK	 
REQUEST	injecteur 9	6		request_8	1462966841311	1462966841331	OK	 
REQUEST	injecteur 6	8		request_5	1462966841313	1462966841332	OK	 
REQUEST	injecteur 4	1		request_3	1462966841314	1462966841336	OK	 
REQUEST	injecteur 10	5		request_9	1462966841318	1462966841339	OK	 
REQUEST	injecteur 1	7		request_0	1462966841319	1462966841341	OK	 
REQUEST	injecteur 7	2		request_6	1462966841321	1462966841343	OK	 
REQUEST	injecteur 2	9		request_1	1462966841323	1462966841345	OK	 
REQUEST	injecteur 5	10		request_4	1462966841325	1462966841348	OK	 
REQUEST	injecteur 8	4		request_7	1462966841326	1462966841352	OK	 
REQUEST	injecteur 5	10		request_4	1462966841348	1462966841353	OK	 
REQUEST	injecteur 3	3		request_2	1462966841330	1462966841358	OK	 
REQUEST	injecteur 9	6		request_8	1462966841332	1462966841360	OK	 
REQUEST	injecteur 6	8		request_5	1462966841333	1462966841362	OK	 
REQUEST	injecteur 4	1		request_3	1462966841337	1462966841365	OK	 
REQUEST	injecteur 10	5		request_9	1462966841340	1462966841367	OK	 
REQUEST	injecteur 1	7		request_0	1462966841342	1462966841369	OK	 
REQUEST	injecteur 7	2		request_6	1462966841344	1462966841373	OK	 
REQUEST	injecteur 2	9		request_1	1462966841346	1462966841377	OK	 
REQUEST	injecteur 5	10		request_4	1462966841354	1462966841379	OK	 
REQUEST	injecteur 8	4		request_7	1462966841353	1462966841384	OK	 
REQUEST	injecteur 3	3		request_2	1462966841359	1462966841386	OK	 
REQUEST	injecteur 9	6		request_8	1462966841361	1462966841388	OK	 
REQUEST	injecteur 6	8		request_5	1462966841363	1462966841391	OK	 
REQUEST	injecteur 4	1		request_3	1462966841366	1462966841396	OK	 
REQUEST	injecteur 10	5		request_9	1462966841368	1462966841398	OK	 
REQUEST	injecteur 1	7		request_0	1462966841370	1462966841404	OK	 
REQUEST	injecteur 7	2		request_6	1462966841375	1462966841406	OK	 
REQUEST	injecteur 10	5		request_9	1462966841399	1462966841408	OK	 
REQUEST	injecteur 2	9		request_1	1462966841378	1462966841409	OK	 
REQUEST	injecteur 5	10		request_4	1462966841380	1462966841411	OK	 
REQUEST	injecteur 8	4		request_7	1462966841385	1462966841413	OK	 
REQUEST	injecteur 3	3		request_2	1462966841387	1462966841415	OK	 
REQUEST	injecteur 9	6		request_8	1462966841389	1462966841417	OK	 
REQUEST	injecteur 6	8		request_5	1462966841392	1462966841420	OK	 
REQUEST	injecteur 4	1		request_3	1462966841397	1462966841422	OK	 
REQUEST	injecteur 1	7		request_0	1462966841405	1462966841424	OK	 
REQUEST	injecteur 7	2		request_6	1462966841407	1462966841426	OK	 
REQUEST	injecteur 10	5		request_9	1462966841409	1462966841428	OK	 
REQUEST	injecteur 2	9		request_1	1462966841410	1462966841430	OK	 
REQUEST	injecteur 5	10		request_4	1462966841412	1462966841432	OK	 
REQUEST	injecteur 8	4		request_7	1462966841414	1462966841434	OK	 
REQUEST	injecteur 3	3		request_2	1462966841415	1462966841436	OK	 
REQUEST	injecteur 9	6		request_8	1462966841418	1462966841438	OK	 
REQUEST	injecteur 6	8		request_5	1462966841421	1462966841440	OK	 
REQUEST	injecteur 4	1		request_3	1462966841423	1462966841442	OK	 
REQUEST	injecteur 1	7		request_0	1462966841424	1462966841444	OK	 
REQUEST	injecteur 7	2		request_6	1462966841427	1462966841447	OK	 
REQUEST	injecteur 10	5		request_9	1462966841429	1462966841452	OK	 
REQUEST	injecteur 2	9		request_1	1462966841430	1462966841454	OK	 
REQUEST	injecteur 5	10		request_4	1462966841433	1462966841456	OK	 
REQUEST	injecteur 8	4		request_7	1462966841434	1462966841458	OK	 
REQUEST	injecteur 3	3		request_2	1462966841437	1462966841459	OK	 
REQUEST	injecteur 9	6		request_8	1462966841439	1462966841461	OK	 
REQUEST	injecteur 6	8		request_5	1462966841440	1462966841463	OK	 
REQUEST	injecteur 4	1		request_3	1462966841443	1462966841465	OK	 
REQUEST	injecteur 1	7		request_0	1462966841445	1462966841467	OK	 
REQUEST	injecteur 7	2		request_6	1462966841452	1462966841469	OK	 
REQUEST	injecteur 10	5		request_9	1462966841453	1462966841470	OK	 
REQUEST	injecteur 2	9		request_1	1462966841455	1462966841472	OK	 
REQUEST	injecteur 5	10		request_4	1462966841456	1462966841474	OK	 
REQUEST	injecteur 8	4		request_7	1462966841458	1462966841475	OK	 
REQUEST	injecteur 3	3		request_2	1462966841460	1462966841477	OK	 
REQUEST	injecteur 9	6		request_8	1462966841462	1462966841480	OK	 
REQUEST	injecteur 6	8		request_5	1462966841464	1462966841482	OK	 
REQUEST	injecteur 4	1		request_3	1462966841466	1462966841483	OK	 
REQUEST	injecteur 1	7		request_0	1462966841467	1462966841486	OK	 
REQUEST	injecteur 7	2		request_6	1462966841470	1462966841487	OK	 
REQUEST	injecteur 10	5		request_9	1462966841471	1462966841488	OK	 
REQUEST	injecteur 2	9		request_1	1462966841472	1462966841491	OK	 
REQUEST	injecteur 5	10		request_4	1462966841474	1462966841492	OK	 
REQUEST	injecteur 8	4		request_7	1462966841476	1462966841494	OK	 
REQUEST	injecteur 3	3		request_2	1462966841478	1462966841496	OK	 
REQUEST	injecteur 9	6		request_8	1462966841480	1462966841498	OK	 
REQUEST	injecteur 6	8		request_5	1462966841482	1462966841501	OK	 
REQUEST	injecteur 4	1		request_3	1462966841484	1462966841503	OK	 
REQUEST	injecteur 1	7		request_0	1462966841486	1462966841505	OK	 
REQUEST	injecteur 7	2		request_6	1462966841488	1462966841507	OK	 
REQUEST	injecteur 10	5		request_9	1462966841489	1462966841510	OK	 
REQUEST	injecteur 2	9		request_1	1462966841491	1462966841512	OK	 
REQUEST	injecteur 5	10		request_4	1462966841493	1462966841513	OK	 
REQUEST	injecteur 8	4		request_7	1462966841495	1462966841516	OK	 
REQUEST	injecteur 3	3		request_2	1462966841497	1462966841518	OK	 
REQUEST	injecteur 9	6		request_8	1462966841499	1462966841520	OK	 
REQUEST	injecteur 6	8		request_5	1462966841502	1462966841523	OK	 
REQUEST	injecteur 4	1		request_3	1462966841504	1462966841524	OK	 
REQUEST	injecteur 1	7		request_0	1462966841506	1462966841527	OK	 
REQUEST	injecteur 7	2		request_6	1462966841508	1462966841529	OK	 
REQUEST	injecteur 10	5		request_9	1462966841511	1462966841530	OK	 
REQUEST	injecteur 2	9		request_1	1462966841512	1462966841532	OK	 
REQUEST	injecteur 5	10		request_4	1462966841514	1462966841534	OK	 
REQUEST	injecteur 8	4		request_7	1462966841517	1462966841536	OK	 
REQUEST	injecteur 3	3		request_2	1462966841519	1462966841537	OK	 
REQUEST	injecteur 9	6		request_8	1462966841521	1462966841539	OK	 
REQUEST	injecteur 6	8		request_5	1462966841524	1462966841541	OK	 
REQUEST	injecteur 4	1		request_3	1462966841525	1462966841542	OK	 
REQUEST	injecteur 1	7		request_0	1462966841527	1462966841544	OK	 
REQUEST	injecteur 7	2		request_6	1462966841529	1462966841546	OK	 
REQUEST	injecteur 10	5		request_9	1462966841531	1462966841548	OK	 
REQUEST	injecteur 2	9		request_1	1462966841532	1462966841550	OK	 
REQUEST	injecteur 5	10		request_4	1462966841535	1462966841551	OK	 
REQUEST	injecteur 8	4		request_7	1462966841536	1462966841553	OK	 
REQUEST	injecteur 3	3		request_2	1462966841538	1462966841555	OK	 
REQUEST	injecteur 9	6		request_8	1462966841540	1462966841558	OK	 
REQUEST	injecteur 6	8		request_5	1462966841541	1462966841559	OK	 
REQUEST	injecteur 4	1		request_3	1462966841543	1462966841561	OK	 
REQUEST	injecteur 1	7		request_0	1462966841545	1462966841562	OK	 
REQUEST	injecteur 7	2		request_6	1462966841547	1462966841564	OK	 
REQUEST	injecteur 10	5		request_9	1462966841549	1462966841566	OK	 
REQUEST	injecteur 2	9		request_1	1462966841551	1462966841567	OK	 
REQUEST	injecteur 5	10		request_4	1462966841552	1462966841570	OK	 
REQUEST	injecteur 8	4		request_7	1462966841554	1462966841572	OK	 
REQUEST	injecteur 3	3		request_2	1462966841556	1462966841574	OK	 
REQUEST	injecteur 9	6		request_8	1462966841558	1462966841575	OK	 
REQUEST	injecteur 6	8		request_5	1462966841560	1462966841577	OK	 
REQUEST	injecteur 4	1		request_3	1462966841562	1462966841578	OK	 
REQUEST	injecteur 1	7		request_0	1462966841563	1462966841580	OK	 
REQUEST	injecteur 7	2		request_6	1462966841565	1462966841583	OK	 
REQUEST	injecteur 10	5		request_9	1462966841567	1462966841585	OK	 
REQUEST	injecteur 2	9		request_1	1462966841568	1462966841589	OK	 
REQUEST	injecteur 5	10		request_4	1462966841570	1462966841592	OK	 
REQUEST	injecteur 8	4		request_7	1462966841573	1462966841596	OK	 
REQUEST	injecteur 3	3		request_2	1462966841574	1462966841598	OK	 
REQUEST	injecteur 9	6		request_8	1462966841576	1462966841600	OK	 
REQUEST	injecteur 6	8		request_5	1462966841578	1462966841602	OK	 
REQUEST	injecteur 4	1		request_3	1462966841579	1462966841604	OK	 
REQUEST	injecteur 1	7		request_0	1462966841581	1462966841608	OK	 
REQUEST	injecteur 7	2		request_6	1462966841584	1462966841610	OK	 
REQUEST	injecteur 10	5		request_9	1462966841586	1462966841612	OK	 
REQUEST	injecteur 2	9		request_1	1462966841590	1462966841615	OK	 
REQUEST	injecteur 5	10		request_4	1462966841593	1462966841616	OK	 
REQUEST	injecteur 8	4		request_7	1462966841596	1462966841619	OK	 
REQUEST	injecteur 3	3		request_2	1462966841599	1462966841620	OK	 
REQUEST	injecteur 9	6		request_8	1462966841601	1462966841622	OK	 
REQUEST	injecteur 6	8		request_5	1462966841603	1462966841624	OK	 
REQUEST	injecteur 4	1		request_3	1462966841605	1462966841626	OK	 
REQUEST	injecteur 1	7		request_0	1462966841609	1462966841630	OK	 
REQUEST	injecteur 7	2		request_6	1462966841611	1462966841632	OK	 
REQUEST	injecteur 10	5		request_9	1462966841613	1462966841636	OK	 
REQUEST	injecteur 2	9		request_1	1462966841616	1462966841639	OK	 
REQUEST	injecteur 5	10		request_4	1462966841617	1462966841641	OK	 
REQUEST	injecteur 8	4		request_7	1462966841619	1462966841644	OK	 
REQUEST	injecteur 3	3		request_2	1462966841621	1462966841646	OK	 
REQUEST	injecteur 9	6		request_8	1462966841623	1462966841650	OK	 
REQUEST	injecteur 6	8		request_5	1462966841625	1462966841651	OK	 
REQUEST	injecteur 4	1		request_3	1462966841627	1462966841655	OK	 
REQUEST	injecteur 1	7		request_0	1462966841631	1462966841656	OK	 
REQUEST	injecteur 7	2		request_6	1462966841633	1462966841659	OK	 
REQUEST	injecteur 10	5		request_9	1462966841636	1462966841661	OK	 
REQUEST	injecteur 2	9		request_1	1462966841639	1462966841665	OK	 
REQUEST	injecteur 5	10		request_4	1462966841642	1462966841667	OK	 
REQUEST	injecteur 8	4		request_7	1462966841645	1462966841669	OK	 
REQUEST	injecteur 3	3		request_2	1462966841646	1462966841671	OK	 
REQUEST	injecteur 9	6		request_8	1462966841650	1462966841672	OK	 
REQUEST	injecteur 6	8		request_5	1462966841652	1462966841675	OK	 
REQUEST	injecteur 4	1		request_3	1462966841655	1462966841679	OK	 
REQUEST	injecteur 1	7		request_0	1462966841657	1462966841683	OK	 
REQUEST	injecteur 7	2		request_6	1462966841660	1462966841702	OK	 
REQUEST	injecteur 10	5		request_9	1462966841662	1462966841704	OK	 
REQUEST	injecteur 2	9		request_1	1462966841665	1462966841706	OK	 
REQUEST	injecteur 5	10		request_4	1462966841668	1462966841708	OK	 
REQUEST	injecteur 8	4		request_7	1462966841670	1462966841709	OK	 
REQUEST	injecteur 3	3		request_2	1462966841671	1462966841711	OK	 
REQUEST	injecteur 9	6		request_8	1462966841673	1462966841714	OK	 
REQUEST	injecteur 6	8		request_5	1462966841676	1462966841716	OK	 
REQUEST	injecteur 4	1		request_3	1462966841680	1462966841719	OK	 
REQUEST	injecteur 1	7		request_0	1462966841684	1462966841722	OK	 
REQUEST	injecteur 7	2		request_6	1462966841702	1462966841726	OK	 
REQUEST	injecteur 10	5		request_9	1462966841705	1462966841728	OK	 
REQUEST	injecteur 2	9		request_1	1462966841707	1462966841730	OK	 
REQUEST	injecteur 5	10		request_4	1462966841709	1462966841732	OK	 
REQUEST	injecteur 8	4		request_7	1462966841710	1462966841734	OK	 
REQUEST	injecteur 3	3		request_2	1462966841712	1462966841737	OK	 
REQUEST	injecteur 9	6		request_8	1462966841714	1462966841739	OK	 
REQUEST	injecteur 6	8		request_5	1462966841717	1462966841741	OK	 
REQUEST	injecteur 4	1		request_3	1462966841720	1462966841742	OK	 
REQUEST	injecteur 1	7		request_0	1462966841723	1462966841744	OK	 
REQUEST	injecteur 7	2		request_6	1462966841727	1462966841746	OK	 
REQUEST	injecteur 10	5		request_9	1462966841729	1462966841747	OK	 
REQUEST	injecteur 2	9		request_1	1462966841731	1462966841748	OK	 
REQUEST	injecteur 5	10		request_4	1462966841733	1462966841750	OK	 
REQUEST	injecteur 8	4		request_7	1462966841735	1462966841752	OK	 
REQUEST	injecteur 3	3		request_2	1462966841738	1462966841753	OK	 
REQUEST	injecteur 9	6		request_8	1462966841740	1462966841755	OK	 
REQUEST	injecteur 6	8		request_5	1462966841741	1462966841757	OK	 
REQUEST	injecteur 4	1		request_3	1462966841743	1462966841758	OK	 
REQUEST	injecteur 1	7		request_0	1462966841745	1462966841760	OK	 
REQUEST	injecteur 7	2		request_6	1462966841746	1462966841761	OK	 
REQUEST	injecteur 10	5		request_9	1462966841748	1462966841763	OK	 
REQUEST	injecteur 2	9		request_1	1462966841749	1462966841765	OK	 
REQUEST	injecteur 5	10		request_4	1462966841751	1462966841766	OK	 
REQUEST	injecteur 8	4		request_7	1462966841752	1462966841769	OK	 
REQUEST	injecteur 3	3		request_2	1462966841754	1462966841770	OK	 
REQUEST	injecteur 9	6		request_8	1462966841756	1462966841772	OK	 
REQUEST	injecteur 6	8		request_5	1462966841757	1462966841773	OK	 
REQUEST	injecteur 4	1		request_3	1462966841759	1462966841775	OK	 
REQUEST	injecteur 1	7		request_0	1462966841761	1462966841776	OK	 
REQUEST	injecteur 7	2		request_6	1462966841762	1462966841778	OK	 
REQUEST	injecteur 10	5		request_9	1462966841764	1462966841779	OK	 
REQUEST	injecteur 2	9		request_1	1462966841766	1462966841781	OK	 
REQUEST	injecteur 5	10		request_4	1462966841767	1462966841783	OK	 
REQUEST	injecteur 8	4		request_7	1462966841769	1462966841785	OK	 
REQUEST	injecteur 3	3		request_2	1462966841771	1462966841787	OK	 
REQUEST	injecteur 9	6		request_8	1462966841772	1462966841789	OK	 
REQUEST	injecteur 6	8		request_5	1462966841774	1462966841791	OK	 
REQUEST	injecteur 4	1		request_3	1462966841776	1462966841793	OK	 
REQUEST	injecteur 1	7		request_0	1462966841777	1462966841796	OK	 
REQUEST	injecteur 7	2		request_6	1462966841778	1462966841797	OK	 
REQUEST	injecteur 10	5		request_9	1462966841780	1462966841800	OK	 
REQUEST	injecteur 2	9		request_1	1462966841782	1462966841804	OK	 
REQUEST	injecteur 5	10		request_4	1462966841784	1462966841806	OK	 
REQUEST	injecteur 8	4		request_7	1462966841786	1462966841809	OK	 
REQUEST	injecteur 3	3		request_2	1462966841787	1462966841810	OK	 
REQUEST	injecteur 9	6		request_8	1462966841790	1462966841812	OK	 
REQUEST	injecteur 6	8		request_5	1462966841792	1462966841814	OK	 
REQUEST	injecteur 4	1		request_3	1462966841794	1462966841815	OK	 
REQUEST	injecteur 1	7		request_0	1462966841796	1462966841817	OK	 
REQUEST	injecteur 7	2		request_6	1462966841798	1462966841819	OK	 
REQUEST	injecteur 10	5		request_9	1462966841800	1462966841821	OK	 
REQUEST	injecteur 2	9		request_1	1462966841805	1462966841824	OK	 
REQUEST	injecteur 5	10		request_4	1462966841807	1462966841826	OK	 
REQUEST	injecteur 8	4		request_7	1462966841809	1462966841827	OK	 
REQUEST	injecteur 3	3		request_2	1462966841811	1462966841830	OK	 
REQUEST	injecteur 9	6		request_8	1462966841813	1462966841832	OK	 
REQUEST	injecteur 6	8		request_5	1462966841814	1462966841833	OK	 
REQUEST	injecteur 4	1		request_3	1462966841816	1462966841835	OK	 
REQUEST	injecteur 1	7		request_0	1462966841817	1462966841836	OK	 
REQUEST	injecteur 7	2		request_6	1462966841820	1462966841838	OK	 
REQUEST	injecteur 10	5		request_9	1462966841822	1462966841840	OK	 
REQUEST	injecteur 2	9		request_1	1462966841824	1462966841842	OK	 
REQUEST	injecteur 5	10		request_4	1462966841826	1462966841844	OK	 
REQUEST	injecteur 8	4		request_7	1462966841828	1462966841845	OK	 
REQUEST	injecteur 3	3		request_2	1462966841830	1462966841847	OK	 
REQUEST	injecteur 9	6		request_8	1462966841832	1462966841848	OK	 
REQUEST	injecteur 6	8		request_5	1462966841834	1462966841849	OK	 
REQUEST	injecteur 4	1		request_3	1462966841835	1462966841851	OK	 
REQUEST	injecteur 1	7		request_0	1462966841837	1462966841853	OK	 
REQUEST	injecteur 7	2		request_6	1462966841839	1462966841855	OK	 
REQUEST	injecteur 10	5		request_9	1462966841841	1462966841857	OK	 
REQUEST	injecteur 2	9		request_1	1462966841843	1462966841860	OK	 
REQUEST	injecteur 5	10		request_4	1462966841844	1462966841862	OK	 
REQUEST	injecteur 8	4		request_7	1462966841846	1462966841863	OK	 
REQUEST	injecteur 3	3		request_2	1462966841847	1462966841864	OK	 
REQUEST	injecteur 9	6		request_8	1462966841848	1462966841866	OK	 
REQUEST	injecteur 6	8		request_5	1462966841850	1462966841869	OK	 
REQUEST	injecteur 4	1		request_3	1462966841851	1462966841878	OK	 
REQUEST	injecteur 1	7		request_0	1462966841853	1462966841884	OK	 
REQUEST	injecteur 8	4		request_7	1462966841864	1462966841884	OK	 
REQUEST	injecteur 2	9		request_1	1462966841860	1462966841880	OK	 
REQUEST	injecteur 3	3		request_2	1462966841865	1462966841886	OK	 
REQUEST	injecteur 7	2		request_6	1462966841855	1462966841886	OK	 
REQUEST	injecteur 5	10		request_4	1462966841862	1462966841887	OK	 
REQUEST	injecteur 9	6		request_8	1462966841866	1462966841888	OK	 
REQUEST	injecteur 10	5		request_9	1462966841858	1462966841889	OK	 
REQUEST	injecteur 6	8		request_5	1462966841870	1462966841891	OK	 
REQUEST	injecteur 4	1		request_3	1462966841879	1462966841894	OK	 
REQUEST	injecteur 1	7		request_0	1462966841884	1462966841896	OK	 
REQUEST	injecteur 8	4		request_7	1462966841885	1462966841898	OK	 
REQUEST	injecteur 3	3		request_2	1462966841887	1462966841900	OK	 
REQUEST	injecteur 7	2		request_6	1462966841887	1462966841902	OK	 
REQUEST	injecteur 5	10		request_4	1462966841888	1462966841904	OK	 
REQUEST	injecteur 2	9		request_1	1462966841888	1462966841905	OK	 
REQUEST	injecteur 9	6		request_8	1462966841888	1462966841907	OK	 
REQUEST	injecteur 10	5		request_9	1462966841889	1462966841909	OK	 
REQUEST	injecteur 6	8		request_5	1462966841892	1462966841911	OK	 
REQUEST	injecteur 4	1		request_3	1462966841895	1462966841915	OK	 
REQUEST	injecteur 1	7		request_0	1462966841897	1462966841917	OK	 
REQUEST	injecteur 8	4		request_7	1462966841899	1462966841920	OK	 
REQUEST	injecteur 3	3		request_2	1462966841901	1462966841922	OK	 
REQUEST	injecteur 7	2		request_6	1462966841903	1462966841924	OK	 
REQUEST	injecteur 5	10		request_4	1462966841904	1462966841927	OK	 
REQUEST	injecteur 2	9		request_1	1462966841906	1462966841928	OK	 
REQUEST	injecteur 9	6		request_8	1462966841908	1462966841930	OK	 
REQUEST	injecteur 10	5		request_9	1462966841910	1462966841934	OK	 
REQUEST	injecteur 6	8		request_5	1462966841912	1462966841937	OK	 
REQUEST	injecteur 4	1		request_3	1462966841917	1462966841939	OK	 
REQUEST	injecteur 1	7		request_0	1462966841919	1462966841941	OK	 
REQUEST	injecteur 8	4		request_7	1462966841921	1462966841942	OK	 
REQUEST	injecteur 3	3		request_2	1462966841923	1462966841944	OK	 
REQUEST	injecteur 7	2		request_6	1462966841925	1462966841946	OK	 
REQUEST	injecteur 5	10		request_4	1462966841927	1462966841949	OK	 
REQUEST	injecteur 2	9		request_1	1462966841929	1462966841951	OK	 
REQUEST	injecteur 9	6		request_8	1462966841931	1462966841952	OK	 
REQUEST	injecteur 10	5		request_9	1462966841934	1462966841954	OK	 
REQUEST	injecteur 6	8		request_5	1462966841937	1462966841956	OK	 
REQUEST	injecteur 4	1		request_3	1462966841940	1462966841957	OK	 
REQUEST	injecteur 1	7		request_0	1462966841942	1462966841959	OK	 
REQUEST	injecteur 8	4		request_7	1462966841943	1462966841961	OK	 
REQUEST	injecteur 3	3		request_2	1462966841945	1462966841964	OK	 
REQUEST	injecteur 7	2		request_6	1462966841947	1462966841966	OK	 
REQUEST	injecteur 5	10		request_4	1462966841950	1462966841969	OK	 
REQUEST	injecteur 2	9		request_1	1462966841951	1462966841971	OK	 
REQUEST	injecteur 9	6		request_8	1462966841953	1462966841974	OK	 
REQUEST	injecteur 10	5		request_9	1462966841955	1462966841976	OK	 
REQUEST	injecteur 6	8		request_5	1462966841956	1462966841978	OK	 
REQUEST	injecteur 4	1		request_3	1462966841958	1462966841980	OK	 
REQUEST	injecteur 1	7		request_0	1462966841960	1462966841982	OK	 
REQUEST	injecteur 8	4		request_7	1462966841961	1462966841984	OK	 
REQUEST	injecteur 3	3		request_2	1462966841965	1462966841986	OK	 
REQUEST	injecteur 7	2		request_6	1462966841967	1462966841988	OK	 
REQUEST	injecteur 5	10		request_4	1462966841970	1462966841989	OK	 
REQUEST	injecteur 2	9		request_1	1462966841972	1462966841991	OK	 
REQUEST	injecteur 9	6		request_8	1462966841975	1462966841995	OK	 
REQUEST	injecteur 10	5		request_9	1462966841977	1462966841996	OK	 
REQUEST	injecteur 6	8		request_5	1462966841979	1462966841998	OK	 
REQUEST	injecteur 4	1		request_3	1462966841981	1462966842000	OK	 
REQUEST	injecteur 1	7		request_0	1462966841983	1462966842002	OK	 
REQUEST	injecteur 8	4		request_7	1462966841985	1462966842004	OK	 
REQUEST	injecteur 3	3		request_2	1462966841986	1462966842005	OK	 
REQUEST	injecteur 7	2		request_6	1462966841988	1462966842007	OK	 
REQUEST	injecteur 5	10		request_4	1462966841990	1462966842009	OK	 
REQUEST	injecteur 2	9		request_1	1462966841992	1462966842011	OK	 
REQUEST	injecteur 9	6		request_8	1462966841995	1462966842012	OK	 
REQUEST	injecteur 10	5		request_9	1462966841997	1462966842014	OK	 
REQUEST	injecteur 6	8		request_5	1462966841998	1462966842015	OK	 
REQUEST	injecteur 4	1		request_3	1462966842001	1462966842017	OK	 
REQUEST	injecteur 1	7		request_0	1462966842003	1462966842018	OK	 
REQUEST	injecteur 8	4		request_7	1462966842004	1462966842020	OK	 
REQUEST	injecteur 3	3		request_2	1462966842006	1462966842021	OK	 
REQUEST	injecteur 7	2		request_6	1462966842008	1462966842023	OK	 
REQUEST	injecteur 5	10		request_4	1462966842009	1462966842025	OK	 
REQUEST	injecteur 2	9		request_1	1462966842011	1462966842028	OK	 
REQUEST	injecteur 9	6		request_8	1462966842013	1462966842029	OK	 
REQUEST	injecteur 10	5		request_9	1462966842014	1462966842032	OK	 
REQUEST	injecteur 6	8		request_5	1462966842016	1462966842033	OK	 
REQUEST	injecteur 4	1		request_3	1462966842017	1462966842035	OK	 
REQUEST	injecteur 1	7		request_0	1462966842019	1462966842036	OK	 
REQUEST	injecteur 8	4		request_7	1462966842020	1462966842038	OK	 
REQUEST	injecteur 3	3		request_2	1462966842022	1462966842040	OK	 
REQUEST	injecteur 7	2		request_6	1462966842024	1462966842042	OK	 
REQUEST	injecteur 5	10		request_4	1462966842026	1462966842044	OK	 
REQUEST	injecteur 2	9		request_1	1462966842028	1462966842045	OK	 
REQUEST	injecteur 9	6		request_8	1462966842030	1462966842046	OK	 
REQUEST	injecteur 10	5		request_9	1462966842032	1462966842048	OK	 
REQUEST	injecteur 6	8		request_5	1462966842034	1462966842049	OK	 
REQUEST	injecteur 4	1		request_3	1462966842035	1462966842051	OK	 
REQUEST	injecteur 1	7		request_0	1462966842037	1462966842054	OK	 
REQUEST	injecteur 8	4		request_7	1462966842039	1462966842057	OK	 
REQUEST	injecteur 3	3		request_2	1462966842040	1462966842060	OK	 
REQUEST	injecteur 7	2		request_6	1462966842042	1462966842062	OK	 
REQUEST	injecteur 5	10		request_4	1462966842044	1462966842064	OK	 
REQUEST	injecteur 2	9		request_1	1462966842045	1462966842066	OK	 
REQUEST	injecteur 9	6		request_8	1462966842047	1462966842068	OK	 
REQUEST	injecteur 10	5		request_9	1462966842049	1462966842071	OK	 
REQUEST	injecteur 6	8		request_5	1462966842050	1462966842072	OK	 
REQUEST	injecteur 4	1		request_3	1462966842052	1462966842076	OK	 
REQUEST	injecteur 1	7		request_0	1462966842055	1462966842078	OK	 
REQUEST	injecteur 8	4		request_7	1462966842058	1462966842080	OK	 
REQUEST	injecteur 3	3		request_2	1462966842060	1462966842083	OK	 
REQUEST	injecteur 7	2		request_6	1462966842063	1462966842085	OK	 
REQUEST	injecteur 5	10		request_4	1462966842065	1462966842088	OK	 
REQUEST	injecteur 2	9		request_1	1462966842067	1462966842090	OK	 
REQUEST	injecteur 9	6		request_8	1462966842069	1462966842093	OK	 
REQUEST	injecteur 10	5		request_9	1462966842071	1462966842095	OK	 
REQUEST	injecteur 6	8		request_5	1462966842073	1462966842098	OK	 
REQUEST	injecteur 4	1		request_3	1462966842077	1462966842103	OK	 
REQUEST	injecteur 1	7		request_0	1462966842079	1462966842105	OK	 
REQUEST	injecteur 8	4		request_7	1462966842081	1462966842107	OK	 
REQUEST	injecteur 3	3		request_2	1462966842083	1462966842109	OK	 
REQUEST	injecteur 7	2		request_6	1462966842085	1462966842111	OK	 
REQUEST	injecteur 5	10		request_4	1462966842089	1462966842113	OK	 
REQUEST	injecteur 2	9		request_1	1462966842091	1462966842114	OK	 
REQUEST	injecteur 6	8		request_5	1462966842099	1462966842116	OK	 
REQUEST	injecteur 9	6		request_8	1462966842094	1462966842118	OK	 
REQUEST	injecteur 10	5		request_9	1462966842096	1462966842119	OK	 
REQUEST	injecteur 4	1		request_3	1462966842104	1462966842121	OK	 
REQUEST	injecteur 1	7		request_0	1462966842105	1462966842123	OK	 
REQUEST	injecteur 8	4		request_7	1462966842107	1462966842126	OK	 
REQUEST	injecteur 3	3		request_2	1462966842110	1462966842129	OK	 
REQUEST	injecteur 7	2		request_6	1462966842112	1462966842130	OK	 
REQUEST	injecteur 5	10		request_4	1462966842113	1462966842132	OK	 
REQUEST	injecteur 2	9		request_1	1462966842115	1462966842134	OK	 
REQUEST	injecteur 6	8		request_5	1462966842116	1462966842135	OK	 
REQUEST	injecteur 9	6		request_8	1462966842118	1462966842137	OK	 
REQUEST	injecteur 10	5		request_9	1462966842120	1462966842140	OK	 
REQUEST	injecteur 4	1		request_3	1462966842122	1462966842141	OK	 
REQUEST	injecteur 1	7		request_0	1462966842123	1462966842144	OK	 
REQUEST	injecteur 8	4		request_7	1462966842127	1462966842145	OK	 
REQUEST	injecteur 3	3		request_2	1462966842130	1462966842146	OK	 
REQUEST	injecteur 7	2		request_6	1462966842131	1462966842148	OK	 
REQUEST	injecteur 5	10		request_4	1462966842133	1462966842150	OK	 
REQUEST	injecteur 2	9		request_1	1462966842134	1462966842152	OK	 
REQUEST	injecteur 6	8		request_5	1462966842136	1462966842154	OK	 
REQUEST	injecteur 9	6		request_8	1462966842138	1462966842156	OK	 
REQUEST	injecteur 10	5		request_9	1462966842140	1462966842157	OK	 
REQUEST	injecteur 4	1		request_3	1462966842142	1462966842160	OK	 
REQUEST	injecteur 1	7		request_0	1462966842144	1462966842162	OK	 
REQUEST	injecteur 8	4		request_7	1462966842146	1462966842163	OK	 
REQUEST	injecteur 3	3		request_2	1462966842147	1462966842165	OK	 
REQUEST	injecteur 7	2		request_6	1462966842149	1462966842166	OK	 
REQUEST	injecteur 5	10		request_4	1462966842151	1462966842168	OK	 
REQUEST	injecteur 2	9		request_1	1462966842153	1462966842170	OK	 
REQUEST	injecteur 6	8		request_5	1462966842154	1462966842172	OK	 
REQUEST	injecteur 9	6		request_8	1462966842156	1462966842173	OK	 
REQUEST	injecteur 10	5		request_9	1462966842158	1462966842176	OK	 
REQUEST	injecteur 4	1		request_3	1462966842161	1462966842178	OK	 
REQUEST	injecteur 1	7		request_0	1462966842162	1462966842180	OK	 
REQUEST	injecteur 8	4		request_7	1462966842164	1462966842183	OK	 
REQUEST	injecteur 3	3		request_2	1462966842166	1462966842184	OK	 
REQUEST	injecteur 7	2		request_6	1462966842167	1462966842186	OK	 
REQUEST	injecteur 5	10		request_4	1462966842169	1462966842189	OK	 
REQUEST	injecteur 2	9		request_1	1462966842171	1462966842191	OK	 
REQUEST	injecteur 6	8		request_5	1462966842172	1462966842193	OK	 
REQUEST	injecteur 9	6		request_8	1462966842174	1462966842195	OK	 
REQUEST	injecteur 10	5		request_9	1462966842176	1462966842197	OK	 
REQUEST	injecteur 4	1		request_3	1462966842178	1462966842200	OK	 
REQUEST	injecteur 1	7		request_0	1462966842181	1462966842202	OK	 
REQUEST	injecteur 8	4		request_7	1462966842183	1462966842204	OK	 
REQUEST	injecteur 3	3		request_2	1462966842185	1462966842206	OK	 
REQUEST	injecteur 7	2		request_6	1462966842187	1462966842208	OK	 
REQUEST	injecteur 5	10		request_4	1462966842190	1462966842211	OK	 
REQUEST	injecteur 2	9		request_1	1462966842192	1462966842214	OK	 
REQUEST	injecteur 6	8		request_5	1462966842193	1462966842215	OK	 
REQUEST	injecteur 9	6		request_8	1462966842196	1462966842216	OK	 
REQUEST	injecteur 10	5		request_9	1462966842197	1462966842219	OK	 
REQUEST	injecteur 4	1		request_3	1462966842200	1462966842220	OK	 
REQUEST	injecteur 1	7		request_0	1462966842203	1462966842222	OK	 
REQUEST	injecteur 8	4		request_7	1462966842205	1462966842224	OK	 
REQUEST	injecteur 3	3		request_2	1462966842207	1462966842226	OK	 
REQUEST	injecteur 7	2		request_6	1462966842208	1462966842228	OK	 
REQUEST	injecteur 5	10		request_4	1462966842211	1462966842230	OK	 
REQUEST	injecteur 2	9		request_1	1462966842214	1462966842232	OK	 
REQUEST	injecteur 6	8		request_5	1462966842216	1462966842234	OK	 
REQUEST	injecteur 9	6		request_8	1462966842217	1462966842235	OK	 
REQUEST	injecteur 10	5		request_9	1462966842219	1462966842237	OK	 
REQUEST	injecteur 4	1		request_3	1462966842221	1462966842240	OK	 
REQUEST	injecteur 1	7		request_0	1462966842223	1462966842243	OK	 
REQUEST	injecteur 8	4		request_7	1462966842225	1462966842246	OK	 
REQUEST	injecteur 3	3		request_2	1462966842226	1462966842248	OK	 
REQUEST	injecteur 7	2		request_6	1462966842229	1462966842250	OK	 
REQUEST	injecteur 5	10		request_4	1462966842231	1462966842252	OK	 
REQUEST	injecteur 2	9		request_1	1462966842233	1462966842254	OK	 
REQUEST	injecteur 6	8		request_5	1462966842235	1462966842256	OK	 
REQUEST	injecteur 9	6		request_8	1462966842236	1462966842258	OK	 
REQUEST	injecteur 10	5		request_9	1462966842238	1462966842261	OK	 
REQUEST	injecteur 4	1		request_3	1462966842241	1462966842263	OK	 
REQUEST	injecteur 1	7		request_0	1462966842244	1462966842267	OK	 
REQUEST	injecteur 8	4		request_7	1462966842247	1462966842268	OK	 
REQUEST	injecteur 3	3		request_2	1462966842249	1462966842269	OK	 
REQUEST	injecteur 7	2		request_6	1462966842251	1462966842272	OK	 
REQUEST	injecteur 5	10		request_4	1462966842253	1462966842274	OK	 
REQUEST	injecteur 2	9		request_1	1462966842255	1462966842276	OK	 
REQUEST	injecteur 6	8		request_5	1462966842257	1462966842278	OK	 
REQUEST	injecteur 9	6		request_8	1462966842259	1462966842280	OK	 
REQUEST	injecteur 10	5		request_9	1462966842262	1462966842282	OK	 
REQUEST	injecteur 4	1		request_3	1462966842264	1462966842284	OK	 
REQUEST	injecteur 1	7		request_0	1462966842267	1462966842285	OK	 
REQUEST	injecteur 8	4		request_7	1462966842269	1462966842287	OK	 
REQUEST	injecteur 3	3		request_2	1462966842270	1462966842288	OK	 
REQUEST	injecteur 7	2		request_6	1462966842273	1462966842289	OK	 
REQUEST	injecteur 5	10		request_4	1462966842275	1462966842291	OK	 
REQUEST	injecteur 2	9		request_1	1462966842277	1462966842293	OK	 
REQUEST	injecteur 6	8		request_5	1462966842279	1462966842295	OK	 
REQUEST	injecteur 9	6		request_8	1462966842281	1462966842297	OK	 
REQUEST	injecteur 10	5		request_9	1462966842282	1462966842300	OK	 
REQUEST	injecteur 4	1		request_3	1462966842284	1462966842302	OK	 
REQUEST	injecteur 1	7		request_0	1462966842286	1462966842304	OK	 
REQUEST	injecteur 8	4		request_7	1462966842287	1462966842307	OK	 
REQUEST	injecteur 3	3		request_2	1462966842289	1462966842309	OK	 
REQUEST	injecteur 7	2		request_6	1462966842290	1462966842311	OK	 
REQUEST	injecteur 5	10		request_4	1462966842292	1462966842316	OK	 
REQUEST	injecteur 2	9		request_1	1462966842294	1462966842319	OK	 
REQUEST	injecteur 6	8		request_5	1462966842296	1462966842320	OK	 
REQUEST	injecteur 9	6		request_8	1462966842298	1462966842322	OK	 
REQUEST	injecteur 10	5		request_9	1462966842300	1462966842324	OK	 
REQUEST	injecteur 4	1		request_3	1462966842302	1462966842325	OK	 
REQUEST	injecteur 1	7		request_0	1462966842305	1462966842326	OK	 
REQUEST	injecteur 8	4		request_7	1462966842308	1462966842328	OK	 
REQUEST	injecteur 3	3		request_2	1462966842309	1462966842330	OK	 
REQUEST	injecteur 7	2		request_6	1462966842311	1462966842332	OK	 
REQUEST	injecteur 5	10		request_4	1462966842317	1462966842334	OK	 
REQUEST	injecteur 2	9		request_1	1462966842319	1462966842335	OK	 
REQUEST	injecteur 6	8		request_5	1462966842321	1462966842336	OK	 
REQUEST	injecteur 9	6		request_8	1462966842322	1462966842338	OK	 
REQUEST	injecteur 10	5		request_9	1462966842324	1462966842339	OK	 
REQUEST	injecteur 4	1		request_3	1462966842325	1462966842341	OK	 
REQUEST	injecteur 1	7		request_0	1462966842327	1462966842344	OK	 
REQUEST	injecteur 8	4		request_7	1462966842329	1462966842346	OK	 
REQUEST	injecteur 3	3		request_2	1462966842331	1462966842348	OK	 
REQUEST	injecteur 7	2		request_6	1462966842333	1462966842349	OK	 
REQUEST	injecteur 5	10		request_4	1462966842334	1462966842350	OK	 
REQUEST	injecteur 2	9		request_1	1462966842335	1462966842352	OK	 
REQUEST	injecteur 6	8		request_5	1462966842337	1462966842353	OK	 
REQUEST	injecteur 9	6		request_8	1462966842338	1462966842355	OK	 
REQUEST	injecteur 10	5		request_9	1462966842340	1462966842356	OK	 
REQUEST	injecteur 4	1		request_3	1462966842342	1462966842358	OK	 
REQUEST	injecteur 1	7		request_0	1462966842344	1462966842360	OK	 
REQUEST	injecteur 8	4		request_7	1462966842346	1462966842362	OK	 
REQUEST	injecteur 3	3		request_2	1462966842348	1462966842363	OK	 
REQUEST	injecteur 7	2		request_6	1462966842349	1462966842364	OK	 
REQUEST	injecteur 5	10		request_4	1462966842351	1462966842366	OK	 
REQUEST	injecteur 2	9		request_1	1462966842352	1462966842367	OK	 
REQUEST	injecteur 6	8		request_5	1462966842354	1462966842369	OK	 
REQUEST	injecteur 9	6		request_8	1462966842355	1462966842370	OK	 
REQUEST	injecteur 10	5		request_9	1462966842357	1462966842372	OK	 
REQUEST	injecteur 4	1		request_3	1462966842358	1462966842375	OK	 
REQUEST	injecteur 1	7		request_0	1462966842361	1462966842376	OK	 
REQUEST	injecteur 8	4		request_7	1462966842362	1462966842377	OK	 
REQUEST	injecteur 3	3		request_2	1462966842364	1462966842379	OK	 
REQUEST	injecteur 7	2		request_6	1462966842365	1462966842380	OK	 
REQUEST	injecteur 5	10		request_4	1462966842367	1462966842384	OK	 
REQUEST	injecteur 2	9		request_1	1462966842368	1462966842385	OK	 
REQUEST	injecteur 6	8		request_5	1462966842369	1462966842387	OK	 
REQUEST	injecteur 9	6		request_8	1462966842371	1462966842389	OK	 
REQUEST	injecteur 10	5		request_9	1462966842373	1462966842391	OK	 
REQUEST	injecteur 4	1		request_3	1462966842375	1462966842392	OK	 
REQUEST	injecteur 1	7		request_0	1462966842377	1462966842394	OK	 
REQUEST	injecteur 8	4		request_7	1462966842378	1462966842396	OK	 
REQUEST	injecteur 3	3		request_2	1462966842379	1462966842397	OK	 
REQUEST	injecteur 7	2		request_6	1462966842381	1462966842399	OK	 
REQUEST	injecteur 5	10		request_4	1462966842385	1462966842400	OK	 
REQUEST	injecteur 2	9		request_1	1462966842386	1462966842402	OK	 
REQUEST	injecteur 6	8		request_5	1462966842388	1462966842404	OK	 
REQUEST	injecteur 9	6		request_8	1462966842389	1462966842406	OK	 
REQUEST	injecteur 10	5		request_9	1462966842392	1462966842408	OK	 
REQUEST	injecteur 4	1		request_3	1462966842393	1462966842409	OK	 
REQUEST	injecteur 1	7		request_0	1462966842395	1462966842411	OK	 
REQUEST	injecteur 8	4		request_7	1462966842396	1462966842412	OK	 
REQUEST	injecteur 3	3		request_2	1462966842398	1462966842414	OK	 
REQUEST	injecteur 7	2		request_6	1462966842399	1462966842416	OK	 
REQUEST	injecteur 5	10		request_4	1462966842401	1462966842417	OK	 
REQUEST	injecteur 2	9		request_1	1462966842402	1462966842419	OK	 
REQUEST	injecteur 6	8		request_5	1462966842405	1462966842422	OK	 
REQUEST	injecteur 9	6		request_8	1462966842407	1462966842424	OK	 
REQUEST	injecteur 10	5		request_9	1462966842408	1462966842425	OK	 
REQUEST	injecteur 4	1		request_3	1462966842410	1462966842428	OK	 
REQUEST	injecteur 1	7		request_0	1462966842412	1462966842429	OK	 
REQUEST	injecteur 8	4		request_7	1462966842413	1462966842431	OK	 
REQUEST	injecteur 3	3		request_2	1462966842415	1462966842433	OK	 
REQUEST	injecteur 7	2		request_6	1462966842416	1462966842435	OK	 
REQUEST	injecteur 5	10		request_4	1462966842418	1462966842437	OK	 
REQUEST	injecteur 2	9		request_1	1462966842420	1462966842440	OK	 
REQUEST	injecteur 6	8		request_5	1462966842422	1462966842442	OK	 
REQUEST	injecteur 9	6		request_8	1462966842424	1462966842444	OK	 
REQUEST	injecteur 10	5		request_9	1462966842426	1462966842445	OK	 
REQUEST	injecteur 4	1		request_3	1462966842428	1462966842447	OK	 
REQUEST	injecteur 1	7		request_0	1462966842430	1462966842450	OK	 
REQUEST	injecteur 8	4		request_7	1462966842432	1462966842453	OK	 
REQUEST	injecteur 3	3		request_2	1462966842434	1462966842455	OK	 
REQUEST	injecteur 7	2		request_6	1462966842436	1462966842456	OK	 
REQUEST	injecteur 5	10		request_4	1462966842438	1462966842458	OK	 
REQUEST	injecteur 2	9		request_1	1462966842441	1462966842461	OK	 
REQUEST	injecteur 6	8		request_5	1462966842443	1462966842464	OK	 
REQUEST	injecteur 9	6		request_8	1462966842445	1462966842466	OK	 
REQUEST	injecteur 10	5		request_9	1462966842446	1462966842468	OK	 
REQUEST	injecteur 4	1		request_3	1462966842448	1462966842469	OK	 
REQUEST	injecteur 1	7		request_0	1462966842450	1462966842472	OK	 
REQUEST	injecteur 8	4		request_7	1462966842453	1462966842474	OK	 
REQUEST	injecteur 3	3		request_2	1462966842455	1462966842476	OK	 
REQUEST	injecteur 7	2		request_6	1462966842457	1462966842478	OK	 
REQUEST	injecteur 5	10		request_4	1462966842459	1462966842481	OK	 
REQUEST	injecteur 2	9		request_1	1462966842461	1462966842482	OK	 
REQUEST	injecteur 6	8		request_5	1462966842464	1462966842484	OK	 
REQUEST	injecteur 9	6		request_8	1462966842466	1462966842486	OK	 
REQUEST	injecteur 10	5		request_9	1462966842468	1462966842488	OK	 
REQUEST	injecteur 4	1		request_3	1462966842470	1462966842491	OK	 
REQUEST	injecteur 1	7		request_0	1462966842473	1462966842493	OK	 
REQUEST	injecteur 8	4		request_7	1462966842475	1462966842495	OK	 
REQUEST	injecteur 3	3		request_2	1462966842477	1462966842497	OK	 
REQUEST	injecteur 7	2		request_6	1462966842479	1462966842500	OK	 
REQUEST	injecteur 5	10		request_4	1462966842481	1462966842502	OK	 
REQUEST	injecteur 6	8		request_5	1462966842485	1462966842506	OK	 
REQUEST	injecteur 10	5		request_9	1462966842489	1462966842512	OK	 
REQUEST	injecteur 2	9		request_1	1462966842483	1462966842514	OK	 
REQUEST	injecteur 4	1		request_3	1462966842491	1462966842515	OK	 
REQUEST	injecteur 1	7		request_0	1462966842493	1462966842517	OK	 
REQUEST	injecteur 9	6		request_8	1462966842487	1462966842520	OK	 
REQUEST	injecteur 8	4		request_7	1462966842496	1462966842522	OK	 
REQUEST	injecteur 3	3		request_2	1462966842498	1462966842522	OK	 
REQUEST	injecteur 7	2		request_6	1462966842500	1462966842533	OK	 
REQUEST	injecteur 5	10		request_4	1462966842503	1462966842535	OK	 
REQUEST	injecteur 6	8		request_5	1462966842507	1462966842537	OK	 
REQUEST	injecteur 10	5		request_9	1462966842512	1462966842538	OK	 
REQUEST	injecteur 1	7		request_0	1462966842518	1462966842540	OK	 
REQUEST	injecteur 2	9		request_1	1462966842514	1462966842543	OK	 
REQUEST	injecteur 4	1		request_3	1462966842516	1462966842545	OK	 
REQUEST	injecteur 9	6		request_8	1462966842520	1462966842547	OK	 
REQUEST	injecteur 8	4		request_7	1462966842522	1462966842551	OK	 
REQUEST	injecteur 3	3		request_2	1462966842522	1462966842555	OK	 
REQUEST	injecteur 9	6		request_8	1462966842548	1462966842559	OK	 
REQUEST	injecteur 8	4		request_7	1462966842552	1462966842561	OK	 
REQUEST	injecteur 2	9		request_1	1462966842543	1462966842572	OK	 
REQUEST	injecteur 4	1		request_3	1462966842546	1462966842574	OK	 
REQUEST	injecteur 3	3		request_2	1462966842556	1462966842576	OK	 
REQUEST	injecteur 3	3		request_2	1462966842577	1462966842580	OK	 
REQUEST	injecteur 9	6		request_8	1462966842560	1462966842585	OK	 
REQUEST	injecteur 8	4		request_7	1462966842562	1462966842587	OK	 
REQUEST	injecteur 2	9		request_1	1462966842573	1462966842588	OK	 
REQUEST	injecteur 4	1		request_3	1462966842575	1462966842590	OK	 
REQUEST	injecteur 7	2		request_6	1462966842534	1462966842592	OK	 
REQUEST	injecteur 3	3		request_2	1462966842581	1462966842592	OK	 
REQUEST	injecteur 5	10		request_4	1462966842536	1462966842593	OK	 
REQUEST	injecteur 6	8		request_5	1462966842537	1462966842595	OK	 
REQUEST	injecteur 9	6		request_8	1462966842585	1462966842595	OK	 
REQUEST	injecteur 10	5		request_9	1462966842539	1462966842597	OK	 
REQUEST	injecteur 8	4		request_7	1462966842587	1462966842598	OK	 
REQUEST	injecteur 1	7		request_0	1462966842541	1462966842598	OK	 
REQUEST	injecteur 2	9		request_1	1462966842589	1462966842604	OK	 
REQUEST	injecteur 3	3		request_2	1462966842592	1462966842621	OK	 
REQUEST	injecteur 4	1		request_3	1462966842591	1462966842624	OK	 
REQUEST	injecteur 9	6		request_8	1462966842596	1462966842631	OK	 
REQUEST	injecteur 7	2		request_6	1462966842592	1462966842633	OK	 
REQUEST	injecteur 5	10		request_4	1462966842594	1462966842635	OK	 
REQUEST	injecteur 6	8		request_5	1462966842596	1462966842636	OK	 
REQUEST	injecteur 8	4		request_7	1462966842598	1462966842639	OK	 
REQUEST	injecteur 3	3		request_2	1462966842621	1462966842643	OK	 
REQUEST	injecteur 2	9		request_1	1462966842604	1462966842648	OK	 
REQUEST	injecteur 4	1		request_3	1462966842625	1462966842650	OK	 
REQUEST	injecteur 9	6		request_8	1462966842632	1462966842652	OK	 
REQUEST	injecteur 10	5		request_9	1462966842597	1462966842657	OK	 
REQUEST	injecteur 1	7		request_0	1462966842599	1462966842657	OK	 
REQUEST	injecteur 7	2		request_6	1462966842634	1462966842657	OK	 
REQUEST	injecteur 5	10		request_4	1462966842635	1462966842658	OK	 
REQUEST	injecteur 8	4		request_7	1462966842640	1462966842661	OK	 
REQUEST	injecteur 3	3		request_2	1462966842644	1462966842663	OK	 
REQUEST	injecteur 2	9		request_1	1462966842649	1462966842666	OK	 
REQUEST	injecteur 4	1		request_3	1462966842651	1462966842668	OK	 
REQUEST	injecteur 9	6		request_8	1462966842653	1462966842670	OK	 
REQUEST	injecteur 6	8		request_5	1462966842637	1462966842670	OK	 
REQUEST	injecteur 3	3		request_2	1462966842664	1462966842680	OK	 
REQUEST	injecteur 8	4		request_7	1462966842662	1462966842684	OK	 
REQUEST	injecteur 2	9		request_1	1462966842667	1462966842685	OK	 
REQUEST	injecteur 4	1		request_3	1462966842669	1462966842687	OK	 
REQUEST	injecteur 9	6		request_8	1462966842670	1462966842689	OK	 
REQUEST	injecteur 3	3		request_2	1462966842681	1462966842693	OK	 
REQUEST	injecteur 8	4		request_7	1462966842684	1462966842696	OK	 
REQUEST	injecteur 2	9		request_1	1462966842686	1462966842698	OK	 
REQUEST	injecteur 4	1		request_3	1462966842688	1462966842700	OK	 
REQUEST	injecteur 9	6		request_8	1462966842690	1462966842702	OK	 
REQUEST	injecteur 1	7		request_0	1462966842658	1462966842703	OK	 
REQUEST	injecteur 3	3		request_2	1462966842693	1462966842704	OK	 
REQUEST	injecteur 10	5		request_9	1462966842658	1462966842704	OK	 
REQUEST	injecteur 7	2		request_6	1462966842658	1462966842706	OK	 
REQUEST	injecteur 5	10		request_4	1462966842659	1462966842708	OK	 
REQUEST	injecteur 8	4		request_7	1462966842697	1462966842708	OK	 
REQUEST	injecteur 2	9		request_1	1462966842699	1462966842709	OK	 
REQUEST	injecteur 6	8		request_5	1462966842670	1462966842709	OK	 
REQUEST	injecteur 4	1		request_3	1462966842700	1462966842711	OK	 
REQUEST	injecteur 9	6		request_8	1462966842702	1462966842713	OK	 
REQUEST	injecteur 3	3		request_2	1462966842705	1462966842718	OK	 
REQUEST	injecteur 8	4		request_7	1462966842708	1462966842726	OK	 
REQUEST	injecteur 2	9		request_1	1462966842710	1462966842729	OK	 
REQUEST	injecteur 3	3		request_2	1462966842719	1462966842731	OK	 
REQUEST	injecteur 4	1		request_3	1462966842712	1462966842735	OK	 
REQUEST	injecteur 9	6		request_8	1462966842714	1462966842736	OK	 
REQUEST	injecteur 8	4		request_7	1462966842726	1462966842738	OK	 
REQUEST	injecteur 1	7		request_0	1462966842704	1462966842743	OK	 
REQUEST	injecteur 10	5		request_9	1462966842705	1462966842744	OK	 
REQUEST	injecteur 7	2		request_6	1462966842707	1462966842746	OK	 
REQUEST	injecteur 3	3		request_2	1462966842732	1462966842747	OK	 
REQUEST	injecteur 5	10		request_4	1462966842708	1462966842747	OK	 
REQUEST	injecteur 6	8		request_5	1462966842710	1462966842749	OK	 
REQUEST	injecteur 3	3		request_2	1462966842747	1462966842757	OK	 
REQUEST	injecteur 3	3		request_2	1462966842758	1462966842772	OK	 
REQUEST	injecteur 2	9		request_1	1462966842730	1462966842773	OK	 
REQUEST	injecteur 4	1		request_3	1462966842735	1462966842775	OK	 
REQUEST	injecteur 9	6		request_8	1462966842737	1462966842777	OK	 
REQUEST	injecteur 8	4		request_7	1462966842739	1462966842779	OK	 
REQUEST	injecteur 3	3		request_2	1462966842773	1462966842783	OK	 
REQUEST	injecteur 7	2		request_6	1462966842746	1462966842783	OK	 
REQUEST	injecteur 5	10		request_4	1462966842748	1462966842784	OK	 
REQUEST	injecteur 6	8		request_5	1462966842749	1462966842786	OK	 
REQUEST	injecteur 2	9		request_1	1462966842774	1462966842788	OK	 
REQUEST	injecteur 4	1		request_3	1462966842776	1462966842790	OK	 
REQUEST	injecteur 9	6		request_8	1462966842778	1462966842805	OK	 
REQUEST	injecteur 8	4		request_7	1462966842779	1462966842806	OK	 
REQUEST	injecteur 2	9		request_1	1462966842789	1462966842808	OK	 
REQUEST	injecteur 4	1		request_3	1462966842790	1462966842810	OK	 
REQUEST	injecteur 9	6		request_8	1462966842806	1462966842811	OK	 
REQUEST	injecteur 8	4		request_7	1462966842807	1462966842813	OK	 
REQUEST	injecteur 2	9		request_1	1462966842809	1462966842814	OK	 
REQUEST	injecteur 4	1		request_3	1462966842810	1462966842816	OK	 
REQUEST	injecteur 9	6		request_8	1462966842812	1462966842818	OK	 
REQUEST	injecteur 1	7		request_0	1462966842743	1462966842819	OK	 
REQUEST	injecteur 8	4		request_7	1462966842813	1462966842820	OK	 
REQUEST	injecteur 10	5		request_9	1462966842745	1462966842783	OK	 
REQUEST	injecteur 2	9		request_1	1462966842815	1462966842822	OK	 
REQUEST	injecteur 7	2		request_6	1462966842783	1462966842822	OK	 
REQUEST	injecteur 5	10		request_4	1462966842785	1462966842823	OK	 
REQUEST	injecteur 4	1		request_3	1462966842816	1462966842823	OK	 
REQUEST	injecteur 6	8		request_5	1462966842787	1462966842825	OK	 
REQUEST	injecteur 9	6		request_8	1462966842818	1462966842825	OK	 
REQUEST	injecteur 8	4		request_7	1462966842820	1462966842829	OK	 
REQUEST	injecteur 2	9		request_1	1462966842822	1462966842833	OK	 
REQUEST	injecteur 4	1		request_3	1462966842824	1462966842838	OK	 
REQUEST	injecteur 9	6		request_8	1462966842826	1462966842841	OK	 
REQUEST	injecteur 8	4		request_7	1462966842830	1462966842843	OK	 
REQUEST	injecteur 3	3		request_2	1462966842783	1462966842845	OK	 
REQUEST	injecteur 9	6		request_8	1462966842842	1462966842849	OK	 
REQUEST	injecteur 8	4		request_7	1462966842844	1462966842850	OK	 
REQUEST	injecteur 3	3		request_2	1462966842846	1462966842852	OK	 
REQUEST	injecteur 9	6		request_8	1462966842849	1462966842859	OK	 
REQUEST	injecteur 10	5		request_9	1462966842821	1462966842859	OK	 
REQUEST	injecteur 7	2		request_6	1462966842822	1462966842860	OK	 
REQUEST	injecteur 8	4		request_7	1462966842851	1462966842861	OK	 
REQUEST	injecteur 2	9		request_1	1462966842833	1462966842845	OK	 
REQUEST	injecteur 5	10		request_4	1462966842824	1462966842861	OK	 
REQUEST	injecteur 4	1		request_3	1462966842838	1462966842863	OK	 
REQUEST	injecteur 6	8		request_5	1462966842825	1462966842863	OK	 
REQUEST	injecteur 9	6		request_8	1462966842860	1462966842864	OK	 
REQUEST	injecteur 2	9		request_1	1462966842862	1462966842869	OK	 
REQUEST	injecteur 4	1		request_3	1462966842863	1462966842871	OK	 
REQUEST	injecteur 2	9		request_1	1462966842870	1462966842874	OK	 
REQUEST	injecteur 4	1		request_3	1462966842871	1462966842876	OK	 
REQUEST	injecteur 2	9		request_1	1462966842875	1462966842878	OK	 
REQUEST	injecteur 4	1		request_3	1462966842877	1462966842880	OK	 
REQUEST	injecteur 2	9		request_1	1462966842879	1462966842882	OK	 
REQUEST	injecteur 2	9		request_1	1462966842882	1462966842885	OK	 
REQUEST	injecteur 1	7		request_0	1462966842820	1462966842896	OK	 
REQUEST	injecteur 7	2		request_6	1462966842860	1462966842899	OK	 
REQUEST	injecteur 5	10		request_4	1462966842862	1462966842900	OK	 
REQUEST	injecteur 6	8		request_5	1462966842863	1462966842902	OK	 
REQUEST	injecteur 1	7		request_0	1462966842896	1462966842935	OK	 
REQUEST	injecteur 10	5		request_9	1462966842897	1462966842936	OK	 
REQUEST	injecteur 7	2		request_6	1462966842899	1462966842938	OK	 
REQUEST	injecteur 5	10		request_4	1462966842901	1462966842939	OK	 
REQUEST	injecteur 6	8		request_5	1462966842902	1462966842941	OK	 
REQUEST	injecteur 1	7		request_0	1462966842935	1462966842975	OK	 
REQUEST	injecteur 10	5		request_9	1462966842937	1462966842976	OK	 
REQUEST	injecteur 7	2		request_6	1462966842938	1462966842978	OK	 
REQUEST	injecteur 5	10		request_4	1462966842940	1462966842979	OK	 
REQUEST	injecteur 6	8		request_5	1462966842942	1462966842981	OK	 
REQUEST	injecteur 1	7		request_0	1462966842975	1462966843015	OK	 
REQUEST	injecteur 10	5		request_9	1462966842977	1462966843016	OK	 
REQUEST	injecteur 7	2		request_6	1462966842978	1462966843018	OK	 
REQUEST	injecteur 5	10		request_4	1462966842980	1462966843019	OK	 
REQUEST	injecteur 6	8		request_5	1462966842981	1462966843021	OK	 
REQUEST	injecteur 1	7		request_0	1462966843015	1462966843055	OK	 
REQUEST	injecteur 10	5		request_9	1462966843017	1462966843056	OK	 
REQUEST	injecteur 7	2		request_6	1462966843019	1462966843058	OK	 
REQUEST	injecteur 5	10		request_4	1462966843020	1462966843059	OK	 
