ASSERTION	AAMBAAMDBABk
RUN	InjectionsAndVerifications		injectionsandverifications	1462966465289	 	2.0
USER	injecteur 4	1	START	1462966466361	1462966466361
USER	injecteur 7	2	START	1462966466429	1462966466429
USER	injecteur 3	3	START	1462966466432	1462966466432
USER	injecteur 8	4	START	1462966466436	1462966466436
USER	injecteur 10	5	START	1462966466440	1462966466440
USER	injecteur 9	6	START	1462966466447	1462966466447
USER	injecteur 1	7	START	1462966466452	1462966466452
USER	injecteur 6	8	START	1462966466462	1462966466462
USER	injecteur 2	9	START	1462966466476	1462966466476
USER	injecteur 5	10	START	1462966466478	1462966466478
REQUEST	injecteur 6	8		request_5	1462966466465	1462966466550	OK	 
REQUEST	injecteur 1	7		request_0	1462966466453	1462966466571	OK	 
REQUEST	injecteur 9	6		request_8	1462966466449	1462966466575	OK	 
REQUEST	injecteur 10	5		request_9	1462966466442	1462966466547	OK	 
REQUEST	injecteur 8	4		request_7	1462966466438	1462966466518	OK	 
REQUEST	injecteur 3	3		request_2	1462966466433	1462966466536	OK	 
REQUEST	injecteur 4	1		request_3	1462966466415	1462966466506	OK	 
REQUEST	injecteur 7	2		request_6	1462966466430	1462966466514	OK	 
REQUEST	injecteur 6	8		request_5	1462966466582	1462966466588	OK	 
REQUEST	injecteur 5	10		request_4	1462966466480	1462966466591	OK	 
REQUEST	injecteur 10	5		request_9	1462966466582	1462966466595	OK	 
REQUEST	injecteur 3	3		request_2	1462966466582	1462966466595	OK	 
REQUEST	injecteur 8	4		request_7	1462966466582	1462966466601	OK	 
REQUEST	injecteur 4	1		request_3	1462966466588	1462966466609	OK	 
REQUEST	injecteur 6	8		request_5	1462966466589	1462966466613	OK	 
REQUEST	injecteur 2	9		request_1	1462966466477	1462966466617	OK	 
REQUEST	injecteur 7	2		request_6	1462966466582	1462966466622	OK	 
REQUEST	injecteur 5	10		request_4	1462966466593	1462966466626	OK	 
REQUEST	injecteur 9	6		request_8	1462966466594	1462966466631	OK	 
REQUEST	injecteur 1	7		request_0	1462966466594	1462966466634	OK	 
REQUEST	injecteur 3	3		request_2	1462966466596	1462966466642	OK	 
REQUEST	injecteur 10	5		request_9	1462966466599	1462966466649	OK	 
REQUEST	injecteur 8	4		request_7	1462966466602	1462966466653	OK	 
REQUEST	injecteur 4	1		request_3	1462966466610	1462966466657	OK	 
REQUEST	injecteur 6	8		request_5	1462966466614	1462966466664	OK	 
REQUEST	injecteur 2	9		request_1	1462966466618	1462966466668	OK	 
REQUEST	injecteur 7	2		request_6	1462966466623	1462966466672	OK	 
REQUEST	injecteur 5	10		request_4	1462966466629	1462966466676	OK	 
REQUEST	injecteur 1	7		request_0	1462966466636	1462966466684	OK	 
REQUEST	injecteur 9	6		request_8	1462966466632	1462966466686	OK	 
REQUEST	injecteur 3	3		request_2	1462966466643	1462966466688	OK	 
REQUEST	injecteur 4	1		request_3	1462966466658	1462966466691	OK	 
REQUEST	injecteur 10	5		request_9	1462966466650	1462966466698	OK	 
REQUEST	injecteur 8	4		request_7	1462966466654	1462966466701	OK	 
REQUEST	injecteur 6	8		request_5	1462966466666	1462966466705	OK	 
REQUEST	injecteur 2	9		request_1	1462966466669	1462966466708	OK	 
REQUEST	injecteur 7	2		request_6	1462966466673	1462966466711	OK	 
REQUEST	injecteur 5	10		request_4	1462966466677	1462966466717	OK	 
REQUEST	injecteur 1	7		request_0	1462966466685	1462966466720	OK	 
REQUEST	injecteur 3	3		request_2	1462966466689	1462966466726	OK	 
REQUEST	injecteur 4	1		request_3	1462966466692	1462966466732	OK	 
REQUEST	injecteur 9	6		request_8	1462966466687	1462966466733	OK	 
REQUEST	injecteur 10	5		request_9	1462966466700	1462966466736	OK	 
REQUEST	injecteur 8	4		request_7	1462966466702	1462966466740	OK	 
REQUEST	injecteur 6	8		request_5	1462966466706	1462966466743	OK	 
REQUEST	injecteur 2	9		request_1	1462966466709	1462966466746	OK	 
REQUEST	injecteur 7	2		request_6	1462966466712	1462966466748	OK	 
REQUEST	injecteur 5	10		request_4	1462966466718	1462966466750	OK	 
REQUEST	injecteur 1	7		request_0	1462966466722	1462966466755	OK	 
REQUEST	injecteur 3	3		request_2	1462966466727	1462966466758	OK	 
REQUEST	injecteur 4	1		request_3	1462966466733	1462966466760	OK	 
REQUEST	injecteur 9	6		request_8	1462966466734	1462966466763	OK	 
REQUEST	injecteur 10	5		request_9	1462966466737	1462966466767	OK	 
REQUEST	injecteur 8	4		request_7	1462966466741	1462966466771	OK	 
REQUEST	injecteur 6	8		request_5	1462966466744	1462966466775	OK	 
REQUEST	injecteur 2	9		request_1	1462966466747	1462966466777	OK	 
REQUEST	injecteur 7	2		request_6	1462966466749	1462966466780	OK	 
REQUEST	injecteur 5	10		request_4	1462966466752	1462966466783	OK	 
REQUEST	injecteur 1	7		request_0	1462966466756	1462966466785	OK	 
REQUEST	injecteur 3	3		request_2	1462966466759	1462966466788	OK	 
REQUEST	injecteur 4	1		request_3	1462966466761	1462966466792	OK	 
REQUEST	injecteur 9	6		request_8	1462966466764	1462966466796	OK	 
REQUEST	injecteur 10	5		request_9	1462966466768	1462966466798	OK	 
REQUEST	injecteur 8	4		request_7	1462966466772	1462966466804	OK	 
REQUEST	injecteur 6	8		request_5	1462966466776	1462966466807	OK	 
REQUEST	injecteur 2	9		request_1	1462966466778	1462966466814	OK	 
REQUEST	injecteur 7	2		request_6	1462966466781	1462966466820	OK	 
REQUEST	injecteur 5	10		request_4	1462966466784	1462966466823	OK	 
REQUEST	injecteur 1	7		request_0	1462966466786	1462966466826	OK	 
REQUEST	injecteur 3	3		request_2	1462966466789	1462966466829	OK	 
REQUEST	injecteur 4	1		request_3	1462966466794	1462966466832	OK	 
REQUEST	injecteur 9	6		request_8	1462966466797	1462966466835	OK	 
REQUEST	injecteur 10	5		request_9	1462966466799	1462966466838	OK	 
REQUEST	injecteur 8	4		request_7	1462966466805	1462966466840	OK	 
REQUEST	injecteur 6	8		request_5	1462966466809	1462966466843	OK	 
REQUEST	injecteur 2	9		request_1	1462966466815	1462966466847	OK	 
REQUEST	injecteur 7	2		request_6	1462966466821	1462966466850	OK	 
REQUEST	injecteur 5	10		request_4	1462966466824	1462966466854	OK	 
REQUEST	injecteur 1	7		request_0	1462966466827	1462966466862	OK	 
REQUEST	injecteur 3	3		request_2	1462966466830	1462966466868	OK	 
REQUEST	injecteur 4	1		request_3	1462966466833	1462966466871	OK	 
REQUEST	injecteur 9	6		request_8	1462966466837	1462966466874	OK	 
REQUEST	injecteur 10	5		request_9	1462966466839	1462966466876	OK	 
REQUEST	injecteur 8	4		request_7	1462966466841	1462966466879	OK	 
REQUEST	injecteur 6	8		request_5	1462966466844	1462966466882	OK	 
REQUEST	injecteur 2	9		request_1	1462966466848	1462966466885	OK	 
REQUEST	injecteur 7	2		request_6	1462966466851	1462966466888	OK	 
REQUEST	injecteur 5	10		request_4	1462966466855	1462966466891	OK	 
REQUEST	injecteur 1	7		request_0	1462966466863	1462966466894	OK	 
REQUEST	injecteur 3	3		request_2	1462966466869	1462966466897	OK	 
REQUEST	injecteur 4	1		request_3	1462966466872	1462966466899	OK	 
REQUEST	injecteur 9	6		request_8	1462966466874	1462966466902	OK	 
REQUEST	injecteur 10	5		request_9	1462966466877	1462966466904	OK	 
REQUEST	injecteur 8	4		request_7	1462966466880	1462966466908	OK	 
REQUEST	injecteur 6	8		request_5	1462966466883	1462966466911	OK	 
REQUEST	injecteur 2	9		request_1	1462966466886	1462966466913	OK	 
REQUEST	injecteur 7	2		request_6	1462966466889	1462966466915	OK	 
REQUEST	injecteur 5	10		request_4	1462966466892	1462966466918	OK	 
REQUEST	injecteur 1	7		request_0	1462966466895	1462966466921	OK	 
REQUEST	injecteur 3	3		request_2	1462966466898	1462966466924	OK	 
REQUEST	injecteur 4	1		request_3	1462966466900	1462966466928	OK	 
REQUEST	injecteur 9	6		request_8	1462966466903	1462966466932	OK	 
REQUEST	injecteur 10	5		request_9	1462966466906	1462966466936	OK	 
REQUEST	injecteur 8	4		request_7	1462966466909	1462966466939	OK	 
REQUEST	injecteur 6	8		request_5	1462966466912	1462966466941	OK	 
REQUEST	injecteur 2	9		request_1	1462966466914	1462966466943	OK	 
REQUEST	injecteur 7	2		request_6	1462966466917	1462966466945	OK	 
REQUEST	injecteur 5	10		request_4	1462966466919	1462966466948	OK	 
REQUEST	injecteur 1	7		request_0	1462966466922	1462966466950	OK	 
REQUEST	injecteur 3	3		request_2	1462966466925	1462966466954	OK	 
REQUEST	injecteur 4	1		request_3	1462966466929	1462966466957	OK	 
REQUEST	injecteur 9	6		request_8	1462966466933	1462966466963	OK	 
REQUEST	injecteur 10	5		request_9	1462966466937	1462966466970	OK	 
REQUEST	injecteur 8	4		request_7	1462966466939	1462966466975	OK	 
REQUEST	injecteur 6	8		request_5	1462966466942	1462966466979	OK	 
REQUEST	injecteur 2	9		request_1	1462966466944	1462966466982	OK	 
REQUEST	injecteur 7	2		request_6	1462966466946	1462966466988	OK	 
REQUEST	injecteur 2	9		request_1	1462966466983	1462966466996	OK	 
REQUEST	injecteur 1	7		request_0	1462966466951	1462966466998	OK	 
REQUEST	injecteur 5	10		request_4	1462966466949	1462966467001	OK	 
REQUEST	injecteur 3	3		request_2	1462966466955	1462966467002	OK	 
REQUEST	injecteur 4	1		request_3	1462966466958	1462966467007	OK	 
REQUEST	injecteur 9	6		request_8	1462966466964	1462966467012	OK	 
REQUEST	injecteur 10	5		request_9	1462966466972	1462966467018	OK	 
REQUEST	injecteur 8	4		request_7	1462966466976	1462966467021	OK	 
REQUEST	injecteur 6	8		request_5	1462966466981	1462966467024	OK	 
REQUEST	injecteur 2	9		request_1	1462966466997	1462966467028	OK	 
REQUEST	injecteur 7	2		request_6	1462966466992	1462966467031	OK	 
REQUEST	injecteur 1	7		request_0	1462966466999	1462966467034	OK	 
REQUEST	injecteur 5	10		request_4	1462966467001	1462966467040	OK	 
REQUEST	injecteur 3	3		request_2	1462966467003	1462966467045	OK	 
REQUEST	injecteur 4	1		request_3	1462966467008	1462966467059	OK	 
REQUEST	injecteur 9	6		request_8	1462966467013	1462966467062	OK	 
REQUEST	injecteur 10	5		request_9	1462966467019	1462966467064	OK	 
REQUEST	injecteur 8	4		request_7	1462966467022	1462966467067	OK	 
REQUEST	injecteur 6	8		request_5	1462966467025	1462966467069	OK	 
REQUEST	injecteur 2	9		request_1	1462966467029	1462966467071	OK	 
REQUEST	injecteur 7	2		request_6	1462966467032	1462966467073	OK	 
REQUEST	injecteur 1	7		request_0	1462966467035	1462966467076	OK	 
REQUEST	injecteur 5	10		request_4	1462966467041	1462966467080	OK	 
REQUEST	injecteur 3	3		request_2	1462966467046	1462966467082	OK	 
REQUEST	injecteur 4	1		request_3	1462966467060	1462966467085	OK	 
REQUEST	injecteur 9	6		request_8	1462966467063	1462966467087	OK	 
REQUEST	injecteur 10	5		request_9	1462966467065	1462966467089	OK	 
REQUEST	injecteur 8	4		request_7	1462966467068	1462966467092	OK	 
REQUEST	injecteur 6	8		request_5	1462966467070	1462966467095	OK	 
REQUEST	injecteur 2	9		request_1	1462966467072	1462966467097	OK	 
REQUEST	injecteur 7	2		request_6	1462966467074	1462966467099	OK	 
REQUEST	injecteur 1	7		request_0	1462966467077	1462966467102	OK	 
REQUEST	injecteur 5	10		request_4	1462966467080	1462966467104	OK	 
REQUEST	injecteur 3	3		request_2	1462966467083	1462966467107	OK	 
REQUEST	injecteur 4	1		request_3	1462966467086	1462966467111	OK	 
REQUEST	injecteur 9	6		request_8	1462966467088	1462966467121	OK	 
REQUEST	injecteur 10	5		request_9	1462966467090	1462966467124	OK	 
REQUEST	injecteur 8	4		request_7	1462966467093	1462966467128	OK	 
REQUEST	injecteur 6	8		request_5	1462966467095	1462966467131	OK	 
REQUEST	injecteur 2	9		request_1	1462966467098	1462966467134	OK	 
REQUEST	injecteur 7	2		request_6	1462966467100	1462966467138	OK	 
REQUEST	injecteur 1	7		request_0	1462966467103	1462966467141	OK	 
REQUEST	injecteur 5	10		request_4	1462966467105	1462966467143	OK	 
REQUEST	injecteur 3	3		request_2	1462966467108	1462966467146	OK	 
REQUEST	injecteur 4	1		request_3	1462966467111	1462966467149	OK	 
REQUEST	injecteur 9	6		request_8	1462966467122	1462966467151	OK	 
REQUEST	injecteur 10	5		request_9	1462966467125	1462966467154	OK	 
REQUEST	injecteur 8	4		request_7	1462966467129	1462966467157	OK	 
REQUEST	injecteur 6	8		request_5	1462966467132	1462966467159	OK	 
REQUEST	injecteur 2	9		request_1	1462966467135	1462966467162	OK	 
REQUEST	injecteur 7	2		request_6	1462966467139	1462966467164	OK	 
REQUEST	injecteur 1	7		request_0	1462966467142	1462966467167	OK	 
REQUEST	injecteur 5	10		request_4	1462966467144	1462966467170	OK	 
REQUEST	injecteur 3	3		request_2	1462966467147	1462966467172	OK	 
REQUEST	injecteur 4	1		request_3	1462966467150	1462966467174	OK	 
REQUEST	injecteur 9	6		request_8	1462966467152	1462966467180	OK	 
REQUEST	injecteur 8	4		request_7	1462966467157	1462966467182	OK	 
REQUEST	injecteur 10	5		request_9	1462966467155	1462966467185	OK	 
REQUEST	injecteur 2	9		request_1	1462966467163	1462966467187	OK	 
REQUEST	injecteur 6	8		request_5	1462966467160	1462966467188	OK	 
REQUEST	injecteur 1	7		request_0	1462966467168	1462966467192	OK	 
REQUEST	injecteur 7	2		request_6	1462966467165	1462966467194	OK	 
REQUEST	injecteur 3	3		request_2	1462966467173	1462966467196	OK	 
REQUEST	injecteur 5	10		request_4	1462966467171	1462966467198	OK	 
REQUEST	injecteur 4	1		request_3	1462966467175	1462966467200	OK	 
REQUEST	injecteur 8	4		request_7	1462966467183	1462966467202	OK	 
REQUEST	injecteur 10	5		request_9	1462966467186	1462966467204	OK	 
REQUEST	injecteur 9	6		request_8	1462966467186	1462966467206	OK	 
REQUEST	injecteur 2	9		request_1	1462966467189	1462966467209	OK	 
REQUEST	injecteur 6	8		request_5	1462966467191	1462966467211	OK	 
REQUEST	injecteur 1	7		request_0	1462966467193	1462966467213	OK	 
REQUEST	injecteur 7	2		request_6	1462966467195	1462966467225	OK	 
REQUEST	injecteur 3	3		request_2	1462966467198	1462966467229	OK	 
REQUEST	injecteur 5	10		request_4	1462966467199	1462966467232	OK	 
REQUEST	injecteur 4	1		request_3	1462966467201	1462966467234	OK	 
REQUEST	injecteur 8	4		request_7	1462966467203	1462966467236	OK	 
REQUEST	injecteur 10	5		request_9	1462966467205	1462966467238	OK	 
REQUEST	injecteur 9	6		request_8	1462966467207	1462966467242	OK	 
REQUEST	injecteur 7	2		request_6	1462966467226	1462966467245	OK	 
REQUEST	injecteur 2	9		request_1	1462966467210	1462966467248	OK	 
REQUEST	injecteur 6	8		request_5	1462966467212	1462966467250	OK	 
REQUEST	injecteur 1	7		request_0	1462966467214	1462966467252	OK	 
REQUEST	injecteur 3	3		request_2	1462966467230	1462966467254	OK	 
REQUEST	injecteur 5	10		request_4	1462966467233	1462966467256	OK	 
REQUEST	injecteur 4	1		request_3	1462966467235	1462966467258	OK	 
REQUEST	injecteur 8	4		request_7	1462966467237	1462966467260	OK	 
REQUEST	injecteur 10	5		request_9	1462966467239	1462966467262	OK	 
REQUEST	injecteur 9	6		request_8	1462966467243	1462966467264	OK	 
REQUEST	injecteur 7	2		request_6	1462966467246	1462966467266	OK	 
REQUEST	injecteur 2	9		request_1	1462966467249	1462966467268	OK	 
REQUEST	injecteur 6	8		request_5	1462966467251	1462966467269	OK	 
REQUEST	injecteur 1	7		request_0	1462966467253	1462966467272	OK	 
REQUEST	injecteur 3	3		request_2	1462966467255	1462966467274	OK	 
REQUEST	injecteur 5	10		request_4	1462966467257	1462966467276	OK	 
REQUEST	injecteur 4	1		request_3	1462966467259	1462966467278	OK	 
REQUEST	injecteur 8	4		request_7	1462966467261	1462966467280	OK	 
REQUEST	injecteur 10	5		request_9	1462966467263	1462966467282	OK	 
REQUEST	injecteur 9	6		request_8	1462966467265	1462966467284	OK	 
REQUEST	injecteur 7	2		request_6	1462966467266	1462966467286	OK	 
REQUEST	injecteur 2	9		request_1	1462966467268	1462966467289	OK	 
REQUEST	injecteur 6	8		request_5	1462966467270	1462966467292	OK	 
REQUEST	injecteur 1	7		request_0	1462966467273	1462966467295	OK	 
REQUEST	injecteur 3	3		request_2	1462966467275	1462966467298	OK	 
REQUEST	injecteur 5	10		request_4	1462966467277	1462966467300	OK	 
REQUEST	injecteur 4	1		request_3	1462966467279	1462966467304	OK	 
REQUEST	injecteur 8	4		request_7	1462966467281	1462966467307	OK	 
REQUEST	injecteur 10	5		request_9	1462966467283	1462966467308	OK	 
REQUEST	injecteur 9	6		request_8	1462966467285	1462966467311	OK	 
REQUEST	injecteur 7	2		request_6	1462966467287	1462966467312	OK	 
REQUEST	injecteur 2	9		request_1	1462966467290	1462966467315	OK	 
REQUEST	injecteur 6	8		request_5	1462966467293	1462966467317	OK	 
REQUEST	injecteur 1	7		request_0	1462966467296	1462966467319	OK	 
REQUEST	injecteur 3	3		request_2	1462966467299	1462966467321	OK	 
REQUEST	injecteur 5	10		request_4	1462966467301	1462966467323	OK	 
REQUEST	injecteur 4	1		request_3	1462966467305	1462966467327	OK	 
REQUEST	injecteur 8	4		request_7	1462966467307	1462966467329	OK	 
REQUEST	injecteur 10	5		request_9	1462966467309	1462966467331	OK	 
REQUEST	injecteur 9	6		request_8	1462966467311	1462966467334	OK	 
REQUEST	injecteur 7	2		request_6	1462966467313	1462966467335	OK	 
REQUEST	injecteur 2	9		request_1	1462966467316	1462966467338	OK	 
REQUEST	injecteur 6	8		request_5	1462966467319	1462966467340	OK	 
REQUEST	injecteur 1	7		request_0	1462966467320	1462966467342	OK	 
REQUEST	injecteur 3	3		request_2	1462966467322	1462966467344	OK	 
REQUEST	injecteur 5	10		request_4	1462966467323	1462966467347	OK	 
REQUEST	injecteur 4	1		request_3	1462966467328	1462966467349	OK	 
REQUEST	injecteur 8	4		request_7	1462966467330	1462966467351	OK	 
REQUEST	injecteur 10	5		request_9	1462966467332	1462966467353	OK	 
REQUEST	injecteur 9	6		request_8	1462966467335	1462966467356	OK	 
REQUEST	injecteur 7	2		request_6	1462966467336	1462966467357	OK	 
REQUEST	injecteur 2	9		request_1	1462966467339	1462966467359	OK	 
REQUEST	injecteur 6	8		request_5	1462966467341	1462966467362	OK	 
REQUEST	injecteur 1	7		request_0	1462966467343	1462966467364	OK	 
REQUEST	injecteur 3	3		request_2	1462966467345	1462966467367	OK	 
REQUEST	injecteur 5	10		request_4	1462966467347	1462966467371	OK	 
REQUEST	injecteur 4	1		request_3	1462966467350	1462966467372	OK	 
REQUEST	injecteur 8	4		request_7	1462966467352	1462966467374	OK	 
REQUEST	injecteur 10	5		request_9	1462966467354	1462966467377	OK	 
REQUEST	injecteur 9	6		request_8	1462966467357	1462966467380	OK	 
REQUEST	injecteur 7	2		request_6	1462966467358	1462966467382	OK	 
REQUEST	injecteur 2	9		request_1	1462966467360	1462966467384	OK	 
REQUEST	injecteur 6	8		request_5	1462966467362	1462966467386	OK	 
REQUEST	injecteur 1	7		request_0	1462966467365	1462966467388	OK	 
REQUEST	injecteur 3	3		request_2	1462966467368	1462966467392	OK	 
REQUEST	injecteur 5	10		request_4	1462966467371	1462966467395	OK	 
REQUEST	injecteur 4	1		request_3	1462966467373	1462966467400	OK	 
REQUEST	injecteur 8	4		request_7	1462966467375	1462966467403	OK	 
REQUEST	injecteur 10	5		request_9	1462966467378	1462966467406	OK	 
REQUEST	injecteur 9	6		request_8	1462966467381	1462966467408	OK	 
REQUEST	injecteur 7	2		request_6	1462966467383	1462966467410	OK	 
REQUEST	injecteur 2	9		request_1	1462966467384	1462966467413	OK	 
REQUEST	injecteur 6	8		request_5	1462966467386	1462966467415	OK	 
REQUEST	injecteur 1	7		request_0	1462966467389	1462966467418	OK	 
REQUEST	injecteur 3	3		request_2	1462966467392	1462966467419	OK	 
REQUEST	injecteur 5	10		request_4	1462966467396	1462966467421	OK	 
REQUEST	injecteur 4	1		request_3	1462966467401	1462966467422	OK	 
REQUEST	injecteur 8	4		request_7	1462966467403	1462966467424	OK	 
REQUEST	injecteur 10	5		request_9	1462966467407	1462966467427	OK	 
REQUEST	injecteur 9	6		request_8	1462966467409	1462966467430	OK	 
REQUEST	injecteur 7	2		request_6	1462966467411	1462966467432	OK	 
REQUEST	injecteur 2	9		request_1	1462966467413	1462966467435	OK	 
REQUEST	injecteur 6	8		request_5	1462966467416	1462966467437	OK	 
REQUEST	injecteur 1	7		request_0	1462966467418	1462966467439	OK	 
REQUEST	injecteur 3	3		request_2	1462966467420	1462966467441	OK	 
REQUEST	injecteur 5	10		request_4	1462966467422	1462966467443	OK	 
REQUEST	injecteur 4	1		request_3	1462966467423	1462966467444	OK	 
REQUEST	injecteur 8	4		request_7	1462966467425	1462966467446	OK	 
REQUEST	injecteur 10	5		request_9	1462966467428	1462966467447	OK	 
REQUEST	injecteur 9	6		request_8	1462966467430	1462966467450	OK	 
REQUEST	injecteur 7	2		request_6	1462966467433	1462966467453	OK	 
REQUEST	injecteur 2	9		request_1	1462966467436	1462966467455	OK	 
REQUEST	injecteur 6	8		request_5	1462966467438	1462966467457	OK	 
REQUEST	injecteur 1	7		request_0	1462966467440	1462966467462	OK	 
REQUEST	injecteur 5	10		request_4	1462966467443	1462966467464	OK	 
REQUEST	injecteur 8	4		request_7	1462966467446	1462966467466	OK	 
REQUEST	injecteur 4	1		request_3	1462966467445	1462966467466	OK	 
REQUEST	injecteur 3	3		request_2	1462966467442	1462966467467	OK	 
REQUEST	injecteur 10	5		request_9	1462966467448	1462966467473	OK	 
REQUEST	injecteur 9	6		request_8	1462966467451	1462966467475	OK	 
REQUEST	injecteur 7	2		request_6	1462966467454	1462966467477	OK	 
REQUEST	injecteur 2	9		request_1	1462966467456	1462966467479	OK	 
REQUEST	injecteur 6	8		request_5	1462966467458	1462966467480	OK	 
REQUEST	injecteur 1	7		request_0	1462966467463	1462966467482	OK	 
REQUEST	injecteur 5	10		request_4	1462966467465	1462966467484	OK	 
REQUEST	injecteur 4	1		request_3	1462966467468	1462966467486	OK	 
REQUEST	injecteur 3	3		request_2	1462966467468	1462966467488	OK	 
REQUEST	injecteur 8	4		request_7	1462966467470	1462966467490	OK	 
REQUEST	injecteur 10	5		request_9	1462966467474	1462966467492	OK	 
REQUEST	injecteur 9	6		request_8	1462966467476	1462966467494	OK	 
REQUEST	injecteur 7	2		request_6	1462966467477	1462966467496	OK	 
REQUEST	injecteur 2	9		request_1	1462966467479	1462966467497	OK	 
REQUEST	injecteur 6	8		request_5	1462966467481	1462966467500	OK	 
REQUEST	injecteur 1	7		request_0	1462966467483	1462966467502	OK	 
REQUEST	injecteur 5	10		request_4	1462966467485	1462966467504	OK	 
REQUEST	injecteur 4	1		request_3	1462966467487	1462966467506	OK	 
REQUEST	injecteur 3	3		request_2	1462966467488	1462966467510	OK	 
REQUEST	injecteur 8	4		request_7	1462966467491	1462966467513	OK	 
REQUEST	injecteur 10	5		request_9	1462966467492	1462966467516	OK	 
REQUEST	injecteur 9	6		request_8	1462966467495	1462966467518	OK	 
REQUEST	injecteur 7	2		request_6	1462966467496	1462966467522	OK	 
REQUEST	injecteur 1	7		request_0	1462966467502	1462966467525	OK	 
REQUEST	injecteur 6	8		request_5	1462966467500	1462966467526	OK	 
REQUEST	injecteur 2	9		request_1	1462966467498	1462966467528	OK	 
REQUEST	injecteur 4	1		request_3	1462966467507	1462966467533	OK	 
REQUEST	injecteur 3	3		request_2	1462966467511	1462966467535	OK	 
REQUEST	injecteur 5	10		request_4	1462966467505	1462966467536	OK	 
REQUEST	injecteur 8	4		request_7	1462966467514	1462966467539	OK	 
REQUEST	injecteur 10	5		request_9	1462966467516	1462966467541	OK	 
REQUEST	injecteur 9	6		request_8	1462966467519	1462966467543	OK	 
REQUEST	injecteur 7	2		request_6	1462966467523	1462966467546	OK	 
REQUEST	injecteur 6	8		request_5	1462966467526	1462966467548	OK	 
REQUEST	injecteur 1	7		request_0	1462966467526	1462966467550	OK	 
REQUEST	injecteur 2	9		request_1	1462966467531	1462966467553	OK	 
REQUEST	injecteur 4	1		request_3	1462966467535	1462966467555	OK	 
REQUEST	injecteur 3	3		request_2	1462966467536	1462966467556	OK	 
REQUEST	injecteur 5	10		request_4	1462966467537	1462966467558	OK	 
REQUEST	injecteur 8	4		request_7	1462966467540	1462966467560	OK	 
REQUEST	injecteur 10	5		request_9	1462966467542	1462966467561	OK	 
REQUEST	injecteur 9	6		request_8	1462966467545	1462966467563	OK	 
REQUEST	injecteur 7	2		request_6	1462966467547	1462966467565	OK	 
REQUEST	injecteur 6	8		request_5	1462966467549	1462966467571	OK	 
REQUEST	injecteur 1	7		request_0	1462966467551	1462966467572	OK	 
REQUEST	injecteur 2	9		request_1	1462966467554	1462966467574	OK	 
REQUEST	injecteur 4	1		request_3	1462966467555	1462966467576	OK	 
REQUEST	injecteur 3	3		request_2	1462966467557	1462966467577	OK	 
REQUEST	injecteur 5	10		request_4	1462966467558	1462966467580	OK	 
REQUEST	injecteur 8	4		request_7	1462966467561	1462966467582	OK	 
REQUEST	injecteur 10	5		request_9	1462966467562	1462966467584	OK	 
REQUEST	injecteur 9	6		request_8	1462966467564	1462966467586	OK	 
REQUEST	injecteur 7	2		request_6	1462966467565	1462966467588	OK	 
REQUEST	injecteur 6	8		request_5	1462966467571	1462966467590	OK	 
REQUEST	injecteur 1	7		request_0	1462966467573	1462966467592	OK	 
REQUEST	injecteur 2	9		request_1	1462966467575	1462966467594	OK	 
REQUEST	injecteur 4	1		request_3	1462966467576	1462966467596	OK	 
REQUEST	injecteur 3	3		request_2	1462966467578	1462966467598	OK	 
REQUEST	injecteur 5	10		request_4	1462966467581	1462966467600	OK	 
REQUEST	injecteur 8	4		request_7	1462966467583	1462966467602	OK	 
REQUEST	injecteur 10	5		request_9	1462966467584	1462966467603	OK	 
REQUEST	injecteur 9	6		request_8	1462966467587	1462966467605	OK	 
REQUEST	injecteur 7	2		request_6	1462966467589	1462966467609	OK	 
REQUEST	injecteur 6	8		request_5	1462966467591	1462966467612	OK	 
REQUEST	injecteur 1	7		request_0	1462966467593	1462966467615	OK	 
REQUEST	injecteur 2	9		request_1	1462966467595	1462966467617	OK	 
REQUEST	injecteur 4	1		request_3	1462966467597	1462966467618	OK	 
REQUEST	injecteur 3	3		request_2	1462966467599	1462966467620	OK	 
REQUEST	injecteur 5	10		request_4	1462966467600	1462966467622	OK	 
REQUEST	injecteur 8	4		request_7	1462966467602	1462966467624	OK	 
REQUEST	injecteur 10	5		request_9	1462966467604	1462966467626	OK	 
REQUEST	injecteur 9	6		request_8	1462966467606	1462966467628	OK	 
REQUEST	injecteur 7	2		request_6	1462966467610	1462966467633	OK	 
REQUEST	injecteur 6	8		request_5	1462966467613	1462966467635	OK	 
REQUEST	injecteur 1	7		request_0	1462966467616	1462966467636	OK	 
REQUEST	injecteur 2	9		request_1	1462966467618	1462966467637	OK	 
REQUEST	injecteur 4	1		request_3	1462966467619	1462966467639	OK	 
REQUEST	injecteur 3	3		request_2	1462966467621	1462966467641	OK	 
REQUEST	injecteur 5	10		request_4	1462966467623	1462966467643	OK	 
REQUEST	injecteur 8	4		request_7	1462966467625	1462966467645	OK	 
REQUEST	injecteur 10	5		request_9	1462966467627	1462966467647	OK	 
REQUEST	injecteur 7	2		request_6	1462966467634	1462966467650	OK	 
REQUEST	injecteur 9	6		request_8	1462966467629	1462966467653	OK	 
REQUEST	injecteur 6	8		request_5	1462966467636	1462966467656	OK	 
REQUEST	injecteur 1	7		request_0	1462966467637	1462966467657	OK	 
REQUEST	injecteur 2	9		request_1	1462966467638	1462966467659	OK	 
REQUEST	injecteur 4	1		request_3	1462966467640	1462966467662	OK	 
REQUEST	injecteur 3	3		request_2	1462966467641	1462966467664	OK	 
REQUEST	injecteur 5	10		request_4	1462966467643	1462966467666	OK	 
REQUEST	injecteur 8	4		request_7	1462966467646	1462966467667	OK	 
REQUEST	injecteur 10	5		request_9	1462966467648	1462966467671	OK	 
REQUEST	injecteur 7	2		request_6	1462966467651	1462966467675	OK	 
REQUEST	injecteur 9	6		request_8	1462966467654	1462966467678	OK	 
REQUEST	injecteur 6	8		request_5	1462966467657	1462966467679	OK	 
REQUEST	injecteur 1	7		request_0	1462966467658	1462966467681	OK	 
REQUEST	injecteur 2	9		request_1	1462966467660	1462966467683	OK	 
REQUEST	injecteur 4	1		request_3	1462966467663	1462966467685	OK	 
REQUEST	injecteur 3	3		request_2	1462966467665	1462966467686	OK	 
REQUEST	injecteur 5	10		request_4	1462966467667	1462966467688	OK	 
REQUEST	injecteur 8	4		request_7	1462966467668	1462966467691	OK	 
REQUEST	injecteur 10	5		request_9	1462966467672	1462966467707	OK	 
REQUEST	injecteur 7	2		request_6	1462966467676	1462966467710	OK	 
REQUEST	injecteur 9	6		request_8	1462966467679	1462966467711	OK	 
REQUEST	injecteur 6	8		request_5	1462966467680	1462966467712	OK	 
REQUEST	injecteur 1	7		request_0	1462966467682	1462966467714	OK	 
REQUEST	injecteur 2	9		request_1	1462966467684	1462966467716	OK	 
REQUEST	injecteur 4	1		request_3	1462966467685	1462966467717	OK	 
REQUEST	injecteur 3	3		request_2	1462966467687	1462966467718	OK	 
REQUEST	injecteur 5	10		request_4	1462966467689	1462966467721	OK	 
REQUEST	injecteur 8	4		request_7	1462966467692	1462966467725	OK	 
REQUEST	injecteur 10	5		request_9	1462966467708	1462966467727	OK	 
REQUEST	injecteur 7	2		request_6	1462966467710	1462966467729	OK	 
REQUEST	injecteur 9	6		request_8	1462966467712	1462966467731	OK	 
REQUEST	injecteur 6	8		request_5	1462966467713	1462966467733	OK	 
REQUEST	injecteur 1	7		request_0	1462966467715	1462966467735	OK	 
REQUEST	injecteur 2	9		request_1	1462966467716	1462966467737	OK	 
REQUEST	injecteur 4	1		request_3	1462966467718	1462966467739	OK	 
REQUEST	injecteur 3	3		request_2	1462966467719	1462966467741	OK	 
REQUEST	injecteur 5	10		request_4	1462966467722	1462966467743	OK	 
REQUEST	injecteur 8	4		request_7	1462966467726	1462966467744	OK	 
REQUEST	injecteur 10	5		request_9	1462966467728	1462966467746	OK	 
REQUEST	injecteur 7	2		request_6	1462966467730	1462966467748	OK	 
REQUEST	injecteur 9	6		request_8	1462966467732	1462966467749	OK	 
REQUEST	injecteur 6	8		request_5	1462966467734	1462966467750	OK	 
REQUEST	injecteur 1	7		request_0	1462966467736	1462966467752	OK	 
REQUEST	injecteur 2	9		request_1	1462966467738	1462966467754	OK	 
REQUEST	injecteur 4	1		request_3	1462966467740	1462966467756	OK	 
REQUEST	injecteur 3	3		request_2	1462966467742	1462966467757	OK	 
REQUEST	injecteur 5	10		request_4	1462966467743	1462966467759	OK	 
REQUEST	injecteur 8	4		request_7	1462966467745	1462966467761	OK	 
REQUEST	injecteur 10	5		request_9	1462966467747	1462966467763	OK	 
REQUEST	injecteur 7	2		request_6	1462966467748	1462966467764	OK	 
REQUEST	injecteur 9	6		request_8	1462966467750	1462966467766	OK	 
REQUEST	injecteur 6	8		request_5	1462966467751	1462966467769	OK	 
REQUEST	injecteur 1	7		request_0	1462966467753	1462966467770	OK	 
REQUEST	injecteur 2	9		request_1	1462966467754	1462966467774	OK	 
REQUEST	injecteur 4	1		request_3	1462966467757	1462966467776	OK	 
REQUEST	injecteur 3	3		request_2	1462966467758	1462966467777	OK	 
REQUEST	injecteur 5	10		request_4	1462966467760	1462966467779	OK	 
REQUEST	injecteur 8	4		request_7	1462966467762	1462966467780	OK	 
REQUEST	injecteur 10	5		request_9	1462966467763	1462966467782	OK	 
REQUEST	injecteur 7	2		request_6	1462966467765	1462966467783	OK	 
REQUEST	injecteur 9	6		request_8	1462966467767	1462966467784	OK	 
REQUEST	injecteur 6	8		request_5	1462966467769	1462966467786	OK	 
REQUEST	injecteur 1	7		request_0	1462966467771	1462966467788	OK	 
REQUEST	injecteur 2	9		request_1	1462966467774	1462966467790	OK	 
REQUEST	injecteur 4	1		request_3	1462966467776	1462966467792	OK	 
REQUEST	injecteur 3	3		request_2	1462966467778	1462966467794	OK	 
REQUEST	injecteur 5	10		request_4	1462966467779	1462966467796	OK	 
REQUEST	injecteur 8	4		request_7	1462966467781	1462966467798	OK	 
REQUEST	injecteur 10	5		request_9	1462966467782	1462966467800	OK	 
REQUEST	injecteur 7	2		request_6	1462966467783	1462966467802	OK	 
REQUEST	injecteur 9	6		request_8	1462966467785	1462966467804	OK	 
REQUEST	injecteur 6	8		request_5	1462966467787	1462966467807	OK	 
REQUEST	injecteur 1	7		request_0	1462966467788	1462966467811	OK	 
REQUEST	injecteur 2	9		request_1	1462966467791	1462966467813	OK	 
REQUEST	injecteur 4	1		request_3	1462966467793	1462966467816	OK	 
REQUEST	injecteur 3	3		request_2	1462966467795	1462966467819	OK	 
REQUEST	injecteur 5	10		request_4	1462966467797	1462966467821	OK	 
REQUEST	injecteur 8	4		request_7	1462966467799	1462966467822	OK	 
REQUEST	injecteur 10	5		request_9	1462966467801	1462966467824	OK	 
REQUEST	injecteur 7	2		request_6	1462966467803	1462966467825	OK	 
REQUEST	injecteur 9	6		request_8	1462966467805	1462966467827	OK	 
REQUEST	injecteur 6	8		request_5	1462966467808	1462966467829	OK	 
REQUEST	injecteur 1	7		request_0	1462966467812	1462966467831	OK	 
REQUEST	injecteur 2	9		request_1	1462966467814	1462966467833	OK	 
REQUEST	injecteur 4	1		request_3	1462966467817	1462966467835	OK	 
REQUEST	injecteur 3	3		request_2	1462966467820	1462966467836	OK	 
REQUEST	injecteur 5	10		request_4	1462966467821	1462966467838	OK	 
REQUEST	injecteur 8	4		request_7	1462966467823	1462966467840	OK	 
REQUEST	injecteur 10	5		request_9	1462966467825	1462966467841	OK	 
REQUEST	injecteur 7	2		request_6	1462966467826	1462966467842	OK	 
REQUEST	injecteur 9	6		request_8	1462966467827	1462966467844	OK	 
REQUEST	injecteur 6	8		request_5	1462966467829	1462966467847	OK	 
REQUEST	injecteur 1	7		request_0	1462966467832	1462966467849	OK	 
REQUEST	injecteur 2	9		request_1	1462966467833	1462966467856	OK	 
REQUEST	injecteur 4	1		request_3	1462966467835	1462966467859	OK	 
REQUEST	injecteur 3	3		request_2	1462966467837	1462966467864	OK	 
REQUEST	injecteur 5	10		request_4	1462966467838	1462966467866	OK	 
REQUEST	injecteur 8	4		request_7	1462966467840	1462966467868	OK	 
REQUEST	injecteur 10	5		request_9	1462966467842	1462966467869	OK	 
REQUEST	injecteur 7	2		request_6	1462966467843	1462966467873	OK	 
REQUEST	injecteur 9	6		request_8	1462966467845	1462966467875	OK	 
REQUEST	injecteur 6	8		request_5	1462966467847	1462966467876	OK	 
REQUEST	injecteur 2	9		request_1	1462966467856	1462966467878	OK	 
REQUEST	injecteur 4	1		request_3	1462966467860	1462966467880	OK	 
REQUEST	injecteur 1	7		request_0	1462966467850	1462966467882	OK	 
REQUEST	injecteur 3	3		request_2	1462966467865	1462966467883	OK	 
REQUEST	injecteur 5	10		request_4	1462966467867	1462966467886	OK	 
REQUEST	injecteur 8	4		request_7	1462966467868	1462966467887	OK	 
REQUEST	injecteur 10	5		request_9	1462966467870	1462966467890	OK	 
REQUEST	injecteur 7	2		request_6	1462966467873	1462966467895	OK	 
REQUEST	injecteur 9	6		request_8	1462966467875	1462966467900	OK	 
REQUEST	injecteur 2	9		request_1	1462966467879	1462966467900	OK	 
REQUEST	injecteur 6	8		request_5	1462966467877	1462966467901	OK	 
REQUEST	injecteur 4	1		request_3	1462966467881	1462966467904	OK	 
REQUEST	injecteur 1	7		request_0	1462966467882	1462966467905	OK	 
REQUEST	injecteur 3	3		request_2	1462966467884	1462966467906	OK	 
REQUEST	injecteur 5	10		request_4	1462966467886	1462966467908	OK	 
REQUEST	injecteur 8	4		request_7	1462966467888	1462966467909	OK	 
REQUEST	injecteur 10	5		request_9	1462966467891	1462966467911	OK	 
REQUEST	injecteur 2	9		request_1	1462966467901	1462966467914	OK	 
REQUEST	injecteur 7	2		request_6	1462966467895	1462966467916	OK	 
REQUEST	injecteur 9	6		request_8	1462966467900	1462966467918	OK	 
REQUEST	injecteur 6	8		request_5	1462966467902	1462966467919	OK	 
REQUEST	injecteur 4	1		request_3	1462966467904	1462966467920	OK	 
REQUEST	injecteur 1	7		request_0	1462966467906	1462966467922	OK	 
REQUEST	injecteur 3	3		request_2	1462966467907	1462966467923	OK	 
REQUEST	injecteur 5	10		request_4	1462966467909	1462966467925	OK	 
REQUEST	injecteur 8	4		request_7	1462966467910	1462966467927	OK	 
REQUEST	injecteur 10	5		request_9	1462966467912	1462966467930	OK	 
REQUEST	injecteur 2	9		request_1	1462966467915	1462966467933	OK	 
REQUEST	injecteur 7	2		request_6	1462966467916	1462966467935	OK	 
REQUEST	injecteur 9	6		request_8	1462966467918	1462966467937	OK	 
REQUEST	injecteur 6	8		request_5	1462966467920	1462966467938	OK	 
REQUEST	injecteur 4	1		request_3	1462966467921	1462966467940	OK	 
REQUEST	injecteur 1	7		request_0	1462966467922	1462966467942	OK	 
REQUEST	injecteur 3	3		request_2	1462966467924	1462966467945	OK	 
REQUEST	injecteur 8	4		request_7	1462966467928	1462966467947	OK	 
REQUEST	injecteur 5	10		request_4	1462966467930	1462966467949	OK	 
REQUEST	injecteur 10	5		request_9	1462966467931	1462966467951	OK	 
REQUEST	injecteur 2	9		request_1	1462966467933	1462966467954	OK	 
REQUEST	injecteur 7	2		request_6	1462966467936	1462966467956	OK	 
REQUEST	injecteur 9	6		request_8	1462966467938	1462966467958	OK	 
REQUEST	injecteur 6	8		request_5	1462966467939	1462966467961	OK	 
REQUEST	injecteur 4	1		request_3	1462966467941	1462966467963	OK	 
REQUEST	injecteur 1	7		request_0	1462966467943	1462966467964	OK	 
REQUEST	injecteur 3	3		request_2	1462966467946	1462966467967	OK	 
REQUEST	injecteur 8	4		request_7	1462966467949	1462966467968	OK	 
REQUEST	injecteur 5	10		request_4	1462966467950	1462966467973	OK	 
REQUEST	injecteur 10	5		request_9	1462966467952	1462966467975	OK	 
REQUEST	injecteur 2	9		request_1	1462966467955	1462966467981	OK	 
REQUEST	injecteur 7	2		request_6	1462966467957	1462966467983	OK	 
REQUEST	injecteur 9	6		request_8	1462966467959	1462966467984	OK	 
REQUEST	injecteur 6	8		request_5	1462966467961	1462966467986	OK	 
REQUEST	injecteur 4	1		request_3	1462966467963	1462966467988	OK	 
REQUEST	injecteur 1	7		request_0	1462966467965	1462966467990	OK	 
REQUEST	injecteur 3	3		request_2	1462966467967	1462966467992	OK	 
REQUEST	injecteur 8	4		request_7	1462966467969	1462966467994	OK	 
REQUEST	injecteur 5	10		request_4	1462966467973	1462966467996	OK	 
REQUEST	injecteur 10	5		request_9	1462966467976	1462966467998	OK	 
REQUEST	injecteur 2	9		request_1	1462966467982	1462966468001	OK	 
REQUEST	injecteur 7	2		request_6	1462966467984	1462966468004	OK	 
REQUEST	injecteur 9	6		request_8	1462966467985	1462966468005	OK	 
REQUEST	injecteur 6	8		request_5	1462966467987	1462966468007	OK	 
REQUEST	injecteur 2	9		request_1	1462966468001	1462966468009	OK	 
REQUEST	injecteur 4	1		request_3	1462966467989	1462966468011	OK	 
REQUEST	injecteur 1	7		request_0	1462966467991	1462966468012	OK	 
REQUEST	injecteur 3	3		request_2	1462966467993	1462966468014	OK	 
REQUEST	injecteur 8	4		request_7	1462966467995	1462966468015	OK	 
REQUEST	injecteur 5	10		request_4	1462966467997	1462966468017	OK	 
REQUEST	injecteur 10	5		request_9	1462966467999	1462966468019	OK	 
REQUEST	injecteur 7	2		request_6	1462966468005	1462966468020	OK	 
REQUEST	injecteur 9	6		request_8	1462966468006	1462966468022	OK	 
REQUEST	injecteur 6	8		request_5	1462966468008	1462966468024	OK	 
REQUEST	injecteur 2	9		request_1	1462966468009	1462966468027	OK	 
REQUEST	injecteur 4	1		request_3	1462966468012	1462966468028	OK	 
REQUEST	injecteur 1	7		request_0	1462966468013	1462966468030	OK	 
REQUEST	injecteur 3	3		request_2	1462966468014	1462966468032	OK	 
REQUEST	injecteur 8	4		request_7	1462966468016	1462966468035	OK	 
REQUEST	injecteur 5	10		request_4	1462966468018	1462966468037	OK	 
REQUEST	injecteur 10	5		request_9	1462966468019	1462966468039	OK	 
REQUEST	injecteur 7	2		request_6	1462966468021	1462966468041	OK	 
REQUEST	injecteur 9	6		request_8	1462966468023	1462966468043	OK	 
REQUEST	injecteur 6	8		request_5	1462966468025	1462966468045	OK	 
REQUEST	injecteur 2	9		request_1	1462966468027	1462966468048	OK	 
REQUEST	injecteur 4	1		request_3	1462966468029	1462966468049	OK	 
REQUEST	injecteur 1	7		request_0	1462966468030	1462966468051	OK	 
REQUEST	injecteur 3	3		request_2	1462966468032	1462966468053	OK	 
REQUEST	injecteur 8	4		request_7	1462966468036	1462966468055	OK	 
REQUEST	injecteur 5	10		request_4	1462966468038	1462966468057	OK	 
REQUEST	injecteur 10	5		request_9	1462966468040	1462966468059	OK	 
REQUEST	injecteur 7	2		request_6	1462966468042	1462966468061	OK	 
REQUEST	injecteur 9	6		request_8	1462966468044	1462966468063	OK	 
REQUEST	injecteur 6	8		request_5	1462966468046	1462966468065	OK	 
REQUEST	injecteur 2	9		request_1	1462966468049	1462966468067	OK	 
REQUEST	injecteur 4	1		request_3	1462966468050	1462966468068	OK	 
REQUEST	injecteur 1	7		request_0	1462966468052	1462966468071	OK	 
REQUEST	injecteur 3	3		request_2	1462966468054	1462966468074	OK	 
REQUEST	injecteur 8	4		request_7	1462966468056	1462966468076	OK	 
REQUEST	injecteur 5	10		request_4	1462966468058	1462966468077	OK	 
REQUEST	injecteur 10	5		request_9	1462966468060	1462966468080	OK	 
REQUEST	injecteur 7	2		request_6	1462966468062	1462966468082	OK	 
REQUEST	injecteur 9	6		request_8	1462966468064	1462966468084	OK	 
REQUEST	injecteur 6	8		request_5	1462966468066	1462966468086	OK	 
REQUEST	injecteur 2	9		request_1	1462966468067	1462966468088	OK	 
REQUEST	injecteur 4	1		request_3	1462966468069	1462966468090	OK	 
REQUEST	injecteur 1	7		request_0	1462966468072	1462966468092	OK	 
REQUEST	injecteur 3	3		request_2	1462966468075	1462966468094	OK	 
REQUEST	injecteur 8	4		request_7	1462966468076	1462966468096	OK	 
REQUEST	injecteur 5	10		request_4	1462966468078	1462966468098	OK	 
REQUEST	injecteur 10	5		request_9	1462966468080	1462966468099	OK	 
REQUEST	injecteur 7	2		request_6	1462966468083	1462966468101	OK	 
REQUEST	injecteur 9	6		request_8	1462966468085	1462966468103	OK	 
REQUEST	injecteur 6	8		request_5	1462966468087	1462966468105	OK	 
REQUEST	injecteur 2	9		request_1	1462966468089	1462966468106	OK	 
REQUEST	injecteur 4	1		request_3	1462966468091	1462966468108	OK	 
REQUEST	injecteur 1	7		request_0	1462966468093	1462966468110	OK	 
REQUEST	injecteur 3	3		request_2	1462966468095	1462966468111	OK	 
REQUEST	injecteur 8	4		request_7	1462966468096	1462966468114	OK	 
REQUEST	injecteur 5	10		request_4	1462966468098	1462966468116	OK	 
REQUEST	injecteur 10	5		request_9	1462966468100	1462966468118	OK	 
REQUEST	injecteur 7	2		request_6	1462966468102	1462966468119	OK	 
REQUEST	injecteur 9	6		request_8	1462966468104	1462966468121	OK	 
REQUEST	injecteur 6	8		request_5	1462966468105	1462966468122	OK	 
REQUEST	injecteur 2	9		request_1	1462966468107	1462966468124	OK	 
REQUEST	injecteur 4	1		request_3	1462966468109	1462966468126	OK	 
REQUEST	injecteur 1	7		request_0	1462966468110	1462966468128	OK	 
REQUEST	injecteur 3	3		request_2	1462966468112	1462966468130	OK	 
REQUEST	injecteur 8	4		request_7	1462966468114	1462966468132	OK	 
REQUEST	injecteur 5	10		request_4	1462966468117	1462966468134	OK	 
REQUEST	injecteur 10	5		request_9	1462966468118	1462966468138	OK	 
REQUEST	injecteur 7	2		request_6	1462966468120	1462966468139	OK	 
REQUEST	injecteur 9	6		request_8	1462966468122	1462966468142	OK	 
REQUEST	injecteur 6	8		request_5	1462966468123	1462966468146	OK	 
REQUEST	injecteur 2	9		request_1	1462966468125	1462966468149	OK	 
REQUEST	injecteur 5	10		request_4	1462966468135	1462966468151	OK	 
REQUEST	injecteur 7	2		request_6	1462966468140	1462966468154	OK	 
REQUEST	injecteur 9	6		request_8	1462966468143	1462966468157	OK	 
REQUEST	injecteur 6	8		request_5	1462966468146	1462966468160	OK	 
REQUEST	injecteur 4	1		request_3	1462966468127	1462966468164	OK	 
REQUEST	injecteur 1	7		request_0	1462966468128	1462966468165	OK	 
REQUEST	injecteur 3	3		request_2	1462966468131	1462966468167	OK	 
REQUEST	injecteur 10	5		request_9	1462966468138	1462966468171	OK	 
REQUEST	injecteur 5	10		request_4	1462966468152	1462966468173	OK	 
REQUEST	injecteur 7	2		request_6	1462966468155	1462966468177	OK	 
REQUEST	injecteur 8	4		request_7	1462966468133	1462966468178	OK	 
REQUEST	injecteur 9	6		request_8	1462966468158	1462966468185	OK	 
REQUEST	injecteur 6	8		request_5	1462966468161	1462966468188	OK	 
REQUEST	injecteur 2	9		request_1	1462966468150	1462966468191	OK	 
REQUEST	injecteur 4	1		request_3	1462966468164	1462966468193	OK	 
REQUEST	injecteur 1	7		request_0	1462966468166	1462966468195	OK	 
REQUEST	injecteur 3	3		request_2	1462966468168	1462966468197	OK	 
REQUEST	injecteur 5	10		request_4	1462966468173	1462966468198	OK	 
REQUEST	injecteur 7	2		request_6	1462966468177	1462966468202	OK	 
REQUEST	injecteur 9	6		request_8	1462966468185	1462966468205	OK	 
REQUEST	injecteur 6	8		request_5	1462966468189	1462966468239	OK	 
REQUEST	injecteur 10	5		request_9	1462966468171	1462966468251	OK	 
REQUEST	injecteur 8	4		request_7	1462966468183	1462966468261	OK	 
REQUEST	injecteur 2	9		request_1	1462966468192	1462966468264	OK	 
REQUEST	injecteur 1	7		request_0	1462966468195	1462966468269	OK	 
REQUEST	injecteur 4	1		request_3	1462966468194	1462966468268	OK	 
REQUEST	injecteur 5	10		request_4	1462966468199	1462966468279	OK	 
REQUEST	injecteur 7	2		request_6	1462966468202	1462966468285	OK	 
REQUEST	injecteur 9	6		request_8	1462966468207	1462966468289	OK	 
REQUEST	injecteur 6	8		request_5	1462966468244	1462966468296	OK	 
REQUEST	injecteur 3	3		request_2	1462966468197	1462966468298	OK	 
REQUEST	injecteur 10	5		request_9	1462966468252	1462966468299	OK	 
REQUEST	injecteur 8	4		request_7	1462966468262	1462966468302	OK	 
REQUEST	injecteur 2	9		request_1	1462966468265	1462966468303	OK	 
REQUEST	injecteur 5	10		request_4	1462966468280	1462966468305	OK	 
REQUEST	injecteur 7	2		request_6	1462966468286	1462966468307	OK	 
REQUEST	injecteur 9	6		request_8	1462966468292	1462966468308	OK	 
REQUEST	injecteur 4	1		request_3	1462966468270	1462966468310	OK	 
REQUEST	injecteur 1	7		request_0	1462966468270	1462966468313	OK	 
REQUEST	injecteur 6	8		request_5	1462966468296	1462966468315	OK	 
REQUEST	injecteur 3	3		request_2	1462966468299	1462966468317	OK	 
REQUEST	injecteur 10	5		request_9	1462966468300	1462966468319	OK	 
REQUEST	injecteur 8	4		request_7	1462966468303	1462966468320	OK	 
REQUEST	injecteur 2	9		request_1	1462966468304	1462966468322	OK	 
REQUEST	injecteur 5	10		request_4	1462966468306	1462966468323	OK	 
REQUEST	injecteur 7	2		request_6	1462966468307	1462966468324	OK	 
REQUEST	injecteur 9	6		request_8	1462966468309	1462966468326	OK	 
REQUEST	injecteur 4	1		request_3	1462966468310	1462966468328	OK	 
REQUEST	injecteur 1	7		request_0	1462966468313	1462966468331	OK	 
REQUEST	injecteur 6	8		request_5	1462966468316	1462966468334	OK	 
REQUEST	injecteur 3	3		request_2	1462966468318	1462966468336	OK	 
REQUEST	injecteur 10	5		request_9	1462966468319	1462966468339	OK	 
REQUEST	injecteur 8	4		request_7	1462966468321	1462966468340	OK	 
REQUEST	injecteur 2	9		request_1	1462966468322	1462966468342	OK	 
REQUEST	injecteur 5	10		request_4	1462966468324	1462966468344	OK	 
REQUEST	injecteur 7	2		request_6	1462966468325	1462966468345	OK	 
REQUEST	injecteur 9	6		request_8	1462966468327	1462966468347	OK	 
REQUEST	injecteur 4	1		request_3	1462966468328	1462966468350	OK	 
REQUEST	injecteur 1	7		request_0	1462966468332	1462966468353	OK	 
REQUEST	injecteur 6	8		request_5	1462966468335	1462966468355	OK	 
REQUEST	injecteur 3	3		request_2	1462966468337	1462966468358	OK	 
REQUEST	injecteur 10	5		request_9	1462966468339	1462966468360	OK	 
REQUEST	injecteur 8	4		request_7	1462966468341	1462966468362	OK	 
REQUEST	injecteur 2	9		request_1	1462966468343	1462966468365	OK	 
REQUEST	injecteur 5	10		request_4	1462966468344	1462966468366	OK	 
REQUEST	injecteur 7	2		request_6	1462966468346	1462966468369	OK	 
REQUEST	injecteur 9	6		request_8	1462966468348	1462966468371	OK	 
REQUEST	injecteur 4	1		request_3	1462966468350	1462966468372	OK	 
REQUEST	injecteur 1	7		request_0	1462966468354	1462966468374	OK	 
REQUEST	injecteur 6	8		request_5	1462966468355	1462966468376	OK	 
REQUEST	injecteur 3	3		request_2	1462966468358	1462966468377	OK	 
REQUEST	injecteur 10	5		request_9	1462966468361	1462966468380	OK	 
REQUEST	injecteur 8	4		request_7	1462966468362	1462966468382	OK	 
REQUEST	injecteur 2	9		request_1	1462966468367	1462966468385	OK	 
REQUEST	injecteur 5	10		request_4	1462966468368	1462966468386	OK	 
REQUEST	injecteur 7	2		request_6	1462966468370	1462966468388	OK	 
REQUEST	injecteur 9	6		request_8	1462966468371	1462966468390	OK	 
REQUEST	injecteur 4	1		request_3	1462966468373	1462966468393	OK	 
REQUEST	injecteur 1	7		request_0	1462966468375	1462966468395	OK	 
REQUEST	injecteur 6	8		request_5	1462966468377	1462966468397	OK	 
REQUEST	injecteur 3	3		request_2	1462966468378	1462966468399	OK	 
REQUEST	injecteur 10	5		request_9	1462966468381	1462966468400	OK	 
REQUEST	injecteur 8	4		request_7	1462966468383	1462966468402	OK	 
REQUEST	injecteur 2	9		request_1	1462966468385	1462966468403	OK	 
REQUEST	injecteur 5	10		request_4	1462966468387	1462966468405	OK	 
REQUEST	injecteur 7	2		request_6	1462966468389	1462966468406	OK	 
REQUEST	injecteur 9	6		request_8	1462966468391	1462966468408	OK	 
REQUEST	injecteur 4	1		request_3	1462966468394	1462966468411	OK	 
REQUEST	injecteur 1	7		request_0	1462966468396	1462966468414	OK	 
REQUEST	injecteur 6	8		request_5	1462966468397	1462966468416	OK	 
REQUEST	injecteur 3	3		request_2	1462966468399	1462966468417	OK	 
REQUEST	injecteur 10	5		request_9	1462966468401	1462966468419	OK	 
REQUEST	injecteur 8	4		request_7	1462966468402	1462966468422	OK	 
REQUEST	injecteur 2	9		request_1	1462966468404	1462966468424	OK	 
REQUEST	injecteur 5	10		request_4	1462966468405	1462966468425	OK	 
REQUEST	injecteur 7	2		request_6	1462966468407	1462966468426	OK	 
REQUEST	injecteur 4	1		request_3	1462966468412	1462966468428	OK	 
REQUEST	injecteur 10	5		request_9	1462966468420	1462966468429	OK	 
REQUEST	injecteur 9	6		request_8	1462966468409	1462966468430	OK	 
REQUEST	injecteur 1	7		request_0	1462966468415	1462966468432	OK	 
REQUEST	injecteur 6	8		request_5	1462966468416	1462966468433	OK	 
REQUEST	injecteur 3	3		request_2	1462966468418	1462966468434	OK	 
REQUEST	injecteur 8	4		request_7	1462966468423	1462966468437	OK	 
REQUEST	injecteur 2	9		request_1	1462966468424	1462966468439	OK	 
REQUEST	injecteur 5	10		request_4	1462966468426	1462966468440	OK	 
REQUEST	injecteur 7	2		request_6	1462966468427	1462966468443	OK	 
REQUEST	injecteur 4	1		request_3	1462966468428	1462966468445	OK	 
REQUEST	injecteur 10	5		request_9	1462966468430	1462966468446	OK	 
REQUEST	injecteur 9	6		request_8	1462966468431	1462966468448	OK	 
REQUEST	injecteur 1	7		request_0	1462966468432	1462966468449	OK	 
REQUEST	injecteur 6	8		request_5	1462966468433	1462966468451	OK	 
REQUEST	injecteur 3	3		request_2	1462966468435	1462966468453	OK	 
REQUEST	injecteur 8	4		request_7	1462966468438	1462966468455	OK	 
REQUEST	injecteur 2	9		request_1	1462966468440	1462966468456	OK	 
REQUEST	injecteur 5	10		request_4	1462966468442	1462966468458	OK	 
REQUEST	injecteur 7	2		request_6	1462966468443	1462966468459	OK	 
REQUEST	injecteur 4	1		request_3	1462966468445	1462966468461	OK	 
REQUEST	injecteur 10	5		request_9	1462966468446	1462966468463	OK	 
REQUEST	injecteur 9	6		request_8	1462966468448	1462966468464	OK	 
REQUEST	injecteur 1	7		request_0	1462966468450	1462966468465	OK	 
REQUEST	injecteur 6	8		request_5	1462966468451	1462966468467	OK	 
REQUEST	injecteur 3	3		request_2	1462966468454	1462966468469	OK	 
REQUEST	injecteur 8	4		request_7	1462966468456	1462966468471	OK	 
REQUEST	injecteur 2	9		request_1	1462966468457	1462966468472	OK	 
REQUEST	injecteur 5	10		request_4	1462966468458	1462966468474	OK	 
REQUEST	injecteur 7	2		request_6	1462966468460	1462966468475	OK	 
REQUEST	injecteur 4	1		request_3	1462966468461	1462966468477	OK	 
REQUEST	injecteur 10	5		request_9	1462966468463	1462966468478	OK	 
REQUEST	injecteur 9	6		request_8	1462966468465	1462966468479	OK	 
REQUEST	injecteur 1	7		request_0	1462966468466	1462966468482	OK	 
REQUEST	injecteur 6	8		request_5	1462966468468	1462966468484	OK	 
REQUEST	injecteur 3	3		request_2	1462966468470	1462966468486	OK	 
REQUEST	injecteur 8	4		request_7	1462966468472	1462966468488	OK	 
REQUEST	injecteur 2	9		request_1	1462966468473	1462966468489	OK	 
REQUEST	injecteur 5	10		request_4	1462966468474	1462966468491	OK	 
REQUEST	injecteur 7	2		request_6	1462966468476	1462966468492	OK	 
REQUEST	injecteur 4	1		request_3	1462966468477	1462966468493	OK	 
REQUEST	injecteur 10	5		request_9	1462966468479	1462966468495	OK	 
REQUEST	injecteur 9	6		request_8	1462966468480	1462966468497	OK	 
REQUEST	injecteur 1	7		request_0	1462966468483	1462966468499	OK	 
REQUEST	injecteur 6	8		request_5	1462966468485	1462966468501	OK	 
REQUEST	injecteur 3	3		request_2	1462966468487	1462966468502	OK	 
REQUEST	injecteur 8	4		request_7	1462966468488	1462966468503	OK	 
REQUEST	injecteur 2	9		request_1	1462966468490	1462966468505	OK	 
REQUEST	injecteur 5	10		request_4	1462966468491	1462966468506	OK	 
REQUEST	injecteur 7	2		request_6	1462966468493	1462966468508	OK	 
REQUEST	injecteur 4	1		request_3	1462966468494	1462966468509	OK	 
REQUEST	injecteur 10	5		request_9	1462966468496	1462966468511	OK	 
REQUEST	injecteur 9	6		request_8	1462966468497	1462966468513	OK	 
REQUEST	injecteur 1	7		request_0	1462966468500	1462966468515	OK	 
REQUEST	injecteur 6	8		request_5	1462966468501	1462966468517	OK	 
REQUEST	injecteur 3	3		request_2	1462966468502	1462966468519	OK	 
REQUEST	injecteur 8	4		request_7	1462966468504	1462966468520	OK	 
REQUEST	injecteur 2	9		request_1	1462966468505	1462966468522	OK	 
REQUEST	injecteur 5	10		request_4	1462966468507	1462966468524	OK	 
REQUEST	injecteur 7	2		request_6	1462966468508	1462966468526	OK	 
REQUEST	injecteur 4	1		request_3	1462966468510	1462966468528	OK	 
REQUEST	injecteur 10	5		request_9	1462966468511	1462966468530	OK	 
REQUEST	injecteur 9	6		request_8	1462966468514	1462966468533	OK	 
REQUEST	injecteur 1	7		request_0	1462966468516	1462966468536	OK	 
REQUEST	injecteur 6	8		request_5	1462966468518	1462966468539	OK	 
REQUEST	injecteur 3	3		request_2	1462966468520	1462966468541	OK	 
REQUEST	injecteur 8	4		request_7	1462966468521	1462966468542	OK	 
REQUEST	injecteur 2	9		request_1	1462966468523	1462966468545	OK	 
REQUEST	injecteur 5	10		request_4	1462966468525	1462966468547	OK	 
REQUEST	injecteur 7	2		request_6	1462966468526	1462966468549	OK	 
REQUEST	injecteur 4	1		request_3	1462966468528	1462966468556	OK	 
REQUEST	injecteur 10	5		request_9	1462966468530	1462966468559	OK	 
REQUEST	injecteur 9	6		request_8	1462966468534	1462966468562	OK	 
REQUEST	injecteur 1	7		request_0	1462966468537	1462966468566	OK	 
REQUEST	injecteur 6	8		request_5	1462966468539	1462966468567	OK	 
REQUEST	injecteur 3	3		request_2	1462966468541	1462966468569	OK	 
REQUEST	injecteur 8	4		request_7	1462966468543	1462966468571	OK	 
REQUEST	injecteur 2	9		request_1	1462966468546	1462966468572	OK	 
REQUEST	injecteur 5	10		request_4	1462966468548	1462966468575	OK	 
REQUEST	injecteur 7	2		request_6	1462966468550	1462966468577	OK	 
REQUEST	injecteur 4	1		request_3	1462966468557	1462966468582	OK	 
REQUEST	injecteur 10	5		request_9	1462966468559	1462966468584	OK	 
REQUEST	injecteur 9	6		request_8	1462966468563	1462966468587	OK	 
REQUEST	injecteur 1	7		request_0	1462966468566	1462966468587	OK	 
REQUEST	injecteur 6	8		request_5	1462966468568	1462966468592	OK	 
REQUEST	injecteur 3	3		request_2	1462966468570	1462966468595	OK	 
REQUEST	injecteur 8	4		request_7	1462966468571	1462966468597	OK	 
REQUEST	injecteur 2	9		request_1	1462966468573	1462966468599	OK	 
REQUEST	injecteur 5	10		request_4	1462966468576	1462966468601	OK	 
REQUEST	injecteur 6	8		request_5	1462966468592	1462966468603	OK	 
REQUEST	injecteur 7	2		request_6	1462966468578	1462966468605	OK	 
REQUEST	injecteur 10	5		request_9	1462966468584	1462966468607	OK	 
REQUEST	injecteur 4	1		request_3	1462966468586	1462966468610	OK	 
REQUEST	injecteur 9	6		request_8	1462966468587	1462966468611	OK	 
REQUEST	injecteur 1	7		request_0	1462966468588	1462966468613	OK	 
REQUEST	injecteur 3	3		request_2	1462966468596	1462966468615	OK	 
REQUEST	injecteur 8	4		request_7	1462966468598	1462966468617	OK	 
REQUEST	injecteur 2	9		request_1	1462966468600	1462966468618	OK	 
REQUEST	injecteur 5	10		request_4	1462966468601	1462966468621	OK	 
REQUEST	injecteur 6	8		request_5	1462966468604	1462966468623	OK	 
REQUEST	injecteur 7	2		request_6	1462966468606	1462966468625	OK	 
REQUEST	injecteur 10	5		request_9	1462966468608	1462966468627	OK	 
REQUEST	injecteur 4	1		request_3	1462966468610	1462966468629	OK	 
REQUEST	injecteur 9	6		request_8	1462966468612	1462966468630	OK	 
REQUEST	injecteur 1	7		request_0	1462966468614	1462966468632	OK	 
REQUEST	injecteur 3	3		request_2	1462966468615	1462966468634	OK	 
REQUEST	injecteur 8	4		request_7	1462966468617	1462966468636	OK	 
REQUEST	injecteur 2	9		request_1	1462966468619	1462966468638	OK	 
REQUEST	injecteur 5	10		request_4	1462966468622	1462966468640	OK	 
REQUEST	injecteur 6	8		request_5	1462966468624	1462966468641	OK	 
REQUEST	injecteur 7	2		request_6	1462966468625	1462966468644	OK	 
REQUEST	injecteur 10	5		request_9	1462966468628	1462966468645	OK	 
REQUEST	injecteur 4	1		request_3	1462966468630	1462966468647	OK	 
REQUEST	injecteur 9	6		request_8	1462966468631	1462966468649	OK	 
REQUEST	injecteur 1	7		request_0	1462966468633	1462966468651	OK	 
REQUEST	injecteur 3	3		request_2	1462966468634	1462966468654	OK	 
REQUEST	injecteur 8	4		request_7	1462966468637	1462966468656	OK	 
REQUEST	injecteur 2	9		request_1	1462966468639	1462966468660	OK	 
REQUEST	injecteur 5	10		request_4	1462966468641	1462966468662	OK	 
REQUEST	injecteur 6	8		request_5	1462966468642	1462966468665	OK	 
REQUEST	injecteur 7	2		request_6	1462966468644	1462966468666	OK	 
REQUEST	injecteur 10	5		request_9	1462966468646	1462966468668	OK	 
REQUEST	injecteur 4	1		request_3	1462966468648	1462966468669	OK	 
REQUEST	injecteur 9	6		request_8	1462966468650	1462966468670	OK	 
REQUEST	injecteur 1	7		request_0	1462966468652	1462966468672	OK	 
REQUEST	injecteur 8	4		request_7	1462966468657	1462966468674	OK	 
REQUEST	injecteur 3	3		request_2	1462966468654	1462966468675	OK	 
REQUEST	injecteur 2	9		request_1	1462966468661	1462966468677	OK	 
REQUEST	injecteur 5	10		request_4	1462966468663	1462966468678	OK	 
REQUEST	injecteur 6	8		request_5	1462966468665	1462966468680	OK	 
REQUEST	injecteur 7	2		request_6	1462966468667	1462966468681	OK	 
REQUEST	injecteur 10	5		request_9	1462966468668	1462966468683	OK	 
REQUEST	injecteur 4	1		request_3	1462966468669	1462966468685	OK	 
REQUEST	injecteur 9	6		request_8	1462966468671	1462966468687	OK	 
REQUEST	injecteur 1	7		request_0	1462966468672	1462966468689	OK	 
REQUEST	injecteur 8	4		request_7	1462966468674	1462966468691	OK	 
REQUEST	injecteur 3	3		request_2	1462966468676	1462966468693	OK	 
REQUEST	injecteur 2	9		request_1	1462966468678	1462966468694	OK	 
REQUEST	injecteur 5	10		request_4	1462966468679	1462966468695	OK	 
REQUEST	injecteur 6	8		request_5	1462966468680	1462966468697	OK	 
REQUEST	injecteur 7	2		request_6	1462966468682	1462966468698	OK	 
REQUEST	injecteur 10	5		request_9	1462966468684	1462966468699	OK	 
REQUEST	injecteur 4	1		request_3	1462966468685	1462966468701	OK	 
REQUEST	injecteur 9	6		request_8	1462966468688	1462966468703	OK	 
REQUEST	injecteur 1	7		request_0	1462966468689	1462966468705	OK	 
REQUEST	injecteur 8	4		request_7	1462966468692	1462966468707	OK	 
REQUEST	injecteur 3	3		request_2	1462966468693	1462966468708	OK	 
REQUEST	injecteur 2	9		request_1	1462966468695	1462966468709	OK	 
REQUEST	injecteur 5	10		request_4	1462966468696	1462966468711	OK	 
REQUEST	injecteur 6	8		request_5	1462966468697	1462966468712	OK	 
REQUEST	injecteur 7	2		request_6	1462966468699	1462966468713	OK	 
REQUEST	injecteur 10	5		request_9	1462966468700	1462966468715	OK	 
REQUEST	injecteur 4	1		request_3	1462966468702	1462966468717	OK	 
REQUEST	injecteur 9	6		request_8	1462966468704	1462966468718	OK	 
REQUEST	injecteur 1	7		request_0	1462966468705	1462966468720	OK	 
REQUEST	injecteur 8	4		request_7	1462966468707	1462966468721	OK	 
REQUEST	injecteur 3	3		request_2	1462966468709	1462966468723	OK	 
REQUEST	injecteur 2	9		request_1	1462966468710	1462966468724	OK	 
REQUEST	injecteur 5	10		request_4	1462966468711	1462966468725	OK	 
REQUEST	injecteur 6	8		request_5	1462966468713	1462966468727	OK	 
REQUEST	injecteur 7	2		request_6	1462966468714	1462966468728	OK	 
REQUEST	injecteur 10	5		request_9	1462966468716	1462966468730	OK	 
REQUEST	injecteur 4	1		request_3	1462966468717	1462966468731	OK	 
REQUEST	injecteur 9	6		request_8	1462966468719	1462966468733	OK	 
REQUEST	injecteur 1	7		request_0	1462966468721	1462966468735	OK	 
REQUEST	injecteur 8	4		request_7	1462966468722	1462966468736	OK	 
REQUEST	injecteur 3	3		request_2	1462966468723	1462966468737	OK	 
REQUEST	injecteur 2	9		request_1	1462966468725	1462966468739	OK	 
REQUEST	injecteur 5	10		request_4	1462966468726	1462966468740	OK	 
REQUEST	injecteur 6	8		request_5	1462966468727	1462966468741	OK	 
REQUEST	injecteur 7	2		request_6	1462966468729	1462966468743	OK	 
REQUEST	injecteur 10	5		request_9	1462966468730	1462966468745	OK	 
REQUEST	injecteur 4	1		request_3	1462966468732	1462966468747	OK	 
REQUEST	injecteur 9	6		request_8	1462966468734	1462966468749	OK	 
REQUEST	injecteur 1	7		request_0	1462966468735	1462966468752	OK	 
REQUEST	injecteur 8	4		request_7	1462966468737	1462966468753	OK	 
REQUEST	injecteur 3	3		request_2	1462966468738	1462966468755	OK	 
REQUEST	injecteur 2	9		request_1	1462966468739	1462966468758	OK	 
REQUEST	injecteur 5	10		request_4	1462966468740	1462966468759	OK	 
REQUEST	injecteur 6	8		request_5	1462966468742	1462966468761	OK	 
REQUEST	injecteur 7	2		request_6	1462966468744	1462966468763	OK	 
REQUEST	injecteur 10	5		request_9	1462966468746	1462966468767	OK	 
REQUEST	injecteur 4	1		request_3	1462966468748	1462966468768	OK	 
REQUEST	injecteur 9	6		request_8	1462966468749	1462966468770	OK	 
REQUEST	injecteur 1	7		request_0	1462966468752	1462966468772	OK	 
REQUEST	injecteur 8	4		request_7	1462966468754	1462966468774	OK	 
REQUEST	injecteur 3	3		request_2	1462966468756	1462966468776	OK	 
REQUEST	injecteur 2	9		request_1	1462966468758	1462966468778	OK	 
REQUEST	injecteur 5	10		request_4	1462966468760	1462966468780	OK	 
REQUEST	injecteur 6	8		request_5	1462966468762	1462966468783	OK	 
REQUEST	injecteur 7	2		request_6	1462966468764	1462966468785	OK	 
REQUEST	injecteur 10	5		request_9	1462966468768	1462966468787	OK	 
REQUEST	injecteur 4	1		request_3	1462966468769	1462966468811	OK	 
REQUEST	injecteur 1	7		request_0	1462966468773	1462966468815	OK	 
REQUEST	injecteur 8	4		request_7	1462966468775	1462966468817	OK	 
REQUEST	injecteur 3	3		request_2	1462966468776	1462966468819	OK	 
REQUEST	injecteur 9	6		request_8	1462966468771	1462966468819	OK	 
REQUEST	injecteur 10	5		request_9	1462966468808	1462966468821	OK	 
REQUEST	injecteur 4	1		request_3	1462966468811	1462966468823	OK	 
REQUEST	injecteur 2	9		request_1	1462966468778	1462966468824	OK	 
REQUEST	injecteur 5	10		request_4	1462966468781	1462966468826	OK	 
REQUEST	injecteur 6	8		request_5	1462966468784	1462966468827	OK	 
REQUEST	injecteur 7	2		request_6	1462966468800	1462966468828	OK	 
REQUEST	injecteur 1	7		request_0	1462966468816	1462966468830	OK	 
REQUEST	injecteur 8	4		request_7	1462966468818	1462966468832	OK	 
REQUEST	injecteur 3	3		request_2	1462966468820	1462966468835	OK	 
REQUEST	injecteur 9	6		request_8	1462966468820	1462966468837	OK	 
REQUEST	injecteur 10	5		request_9	1462966468821	1462966468839	OK	 
REQUEST	injecteur 4	1		request_3	1462966468823	1462966468840	OK	 
REQUEST	injecteur 2	9		request_1	1462966468825	1462966468842	OK	 
REQUEST	injecteur 5	10		request_4	1462966468826	1462966468844	OK	 
REQUEST	injecteur 6	8		request_5	1462966468828	1462966468845	OK	 
REQUEST	injecteur 7	2		request_6	1462966468829	1462966468847	OK	 
REQUEST	injecteur 1	7		request_0	1462966468830	1462966468848	OK	 
REQUEST	injecteur 8	4		request_7	1462966468833	1462966468850	OK	 
REQUEST	injecteur 3	3		request_2	1462966468836	1462966468852	OK	 
REQUEST	injecteur 9	6		request_8	1462966468838	1462966468853	OK	 
REQUEST	injecteur 10	5		request_9	1462966468839	1462966468856	OK	 
REQUEST	injecteur 4	1		request_3	1462966468841	1462966468858	OK	 
REQUEST	injecteur 2	9		request_1	1462966468843	1462966468859	OK	 
REQUEST	injecteur 5	10		request_4	1462966468844	1462966468861	OK	 
REQUEST	injecteur 6	8		request_5	1462966468846	1462966468863	OK	 
REQUEST	injecteur 7	2		request_6	1462966468847	1462966468865	OK	 
REQUEST	injecteur 1	7		request_0	1462966468849	1462966468868	OK	 
REQUEST	injecteur 8	4		request_7	1462966468851	1462966468870	OK	 
REQUEST	injecteur 9	6		request_8	1462966468854	1462966468874	OK	 
REQUEST	injecteur 3	3		request_2	1462966468853	1462966468875	OK	 
REQUEST	injecteur 10	5		request_9	1462966468856	1462966468878	OK	 
REQUEST	injecteur 4	1		request_3	1462966468858	1462966468880	OK	 
REQUEST	injecteur 2	9		request_1	1462966468860	1462966468882	OK	 
REQUEST	injecteur 5	10		request_4	1462966468862	1462966468883	OK	 
REQUEST	injecteur 9	6		request_8	1462966468874	1462966468886	OK	 
REQUEST	injecteur 6	8		request_5	1462966468864	1462966468887	OK	 
REQUEST	injecteur 7	2		request_6	1462966468865	1462966468890	OK	 
REQUEST	injecteur 1	7		request_0	1462966468868	1462966468892	OK	 
REQUEST	injecteur 8	4		request_7	1462966468871	1462966468894	OK	 
REQUEST	injecteur 3	3		request_2	1462966468875	1462966468895	OK	 
REQUEST	injecteur 10	5		request_9	1462966468878	1462966468897	OK	 
REQUEST	injecteur 4	1		request_3	1462966468880	1462966468898	OK	 
REQUEST	injecteur 2	9		request_1	1462966468882	1462966468900	OK	 
REQUEST	injecteur 5	10		request_4	1462966468884	1462966468902	OK	 
REQUEST	injecteur 9	6		request_8	1462966468886	1462966468903	OK	 
REQUEST	injecteur 6	8		request_5	1462966468888	1462966468905	OK	 
REQUEST	injecteur 7	2		request_6	1462966468890	1462966468906	OK	 
REQUEST	injecteur 1	7		request_0	1462966468892	1462966468910	OK	 
REQUEST	injecteur 8	4		request_7	1462966468894	1462966468911	OK	 
REQUEST	injecteur 3	3		request_2	1462966468896	1462966468912	OK	 
REQUEST	injecteur 10	5		request_9	1462966468898	1462966468913	OK	 
REQUEST	injecteur 4	1		request_3	1462966468899	1462966468914	OK	 
REQUEST	injecteur 2	9		request_1	1462966468900	1462966468916	OK	 
REQUEST	injecteur 5	10		request_4	1462966468902	1462966468917	OK	 
REQUEST	injecteur 9	6		request_8	1462966468903	1462966468919	OK	 
REQUEST	injecteur 6	8		request_5	1462966468905	1462966468921	OK	 
REQUEST	injecteur 7	2		request_6	1462966468907	1462966468923	OK	 
REQUEST	injecteur 1	7		request_0	1462966468910	1462966468924	OK	 
REQUEST	injecteur 8	4		request_7	1462966468911	1462966468926	OK	 
REQUEST	injecteur 3	3		request_2	1462966468912	1462966468927	OK	 
REQUEST	injecteur 10	5		request_9	1462966468914	1462966468928	OK	 
REQUEST	injecteur 4	1		request_3	1462966468915	1462966468930	OK	 
REQUEST	injecteur 2	9		request_1	1462966468917	1462966468931	OK	 
REQUEST	injecteur 5	10		request_4	1462966468918	1462966468933	OK	 
REQUEST	injecteur 9	6		request_8	1462966468920	1462966468935	OK	 
