ASSERTION	AAMBAAMDBABk
RUN	InjectionsAndVerifications		injectionsandverifications	1462879755890	 	2.0
USER	injecteur 4	1	START	1462879756950	1462879756950
USER	injecteur 7	2	START	1462879757033	1462879757033
USER	injecteur 3	3	START	1462879757035	1462879757035
USER	injecteur 8	4	START	1462879757037	1462879757037
USER	injecteur 10	5	START	1462879757041	1462879757041
USER	injecteur 9	6	START	1462879757044	1462879757044
USER	injecteur 1	7	START	1462879757055	1462879757055
USER	injecteur 6	8	START	1462879757057	1462879757057
USER	injecteur 2	9	START	1462879757083	1462879757083
USER	injecteur 5	10	START	1462879757085	1462879757085
REQUEST	injecteur 8	4		request_7	1462879757038	1462879757357	KO	status.find.is(200), but actually found 400
REQUEST	injecteur 3	3		request_2	1462879757036	1462879757364	KO	status.find.is(200), but actually found 400
REQUEST	injecteur 9	6		request_8	1462879757046	1462879757370	KO	status.find.is(200), but actually found 400
REQUEST	injecteur 6	8		request_5	1462879757058	1462879757363	KO	status.find.is(200), but actually found 400
REQUEST	injecteur 10	5		request_9	1462879757042	1462879757367	KO	status.find.is(200), but actually found 400
REQUEST	injecteur 4	1		request_3	1462879757015	1462879757320	KO	status.find.is(200), but actually found 400
REQUEST	injecteur 7	2		request_6	1462879757034	1462879757326	KO	status.find.is(200), but actually found 400
REQUEST	injecteur 1	7		request_0	1462879757056	1462879757366	KO	status.find.is(200), but actually found 400
REQUEST	injecteur 2	9		request_1	1462879757084	1462879757429	KO	status.find.is(200), but actually found 400
REQUEST	injecteur 6	8		request_5	1462879757428	1462879757435	KO	status.find.is(200), but actually found 400
REQUEST	injecteur 5	10		request_4	1462879757086	1462879757435	KO	status.find.is(200), but actually found 400
REQUEST	injecteur 4	1		request_3	1462879757428	1462879757452	KO	status.find.is(200), but actually found 400
REQUEST	injecteur 3	3		request_2	1462879757428	1462879757453	KO	status.find.is(200), but actually found 400
REQUEST	injecteur 9	6		request_8	1462879757428	1462879757454	KO	status.find.is(200), but actually found 400
REQUEST	injecteur 8	4		request_7	1462879757431	1462879757455	KO	status.find.is(200), but actually found 400
REQUEST	injecteur 7	2		request_6	1462879757433	1462879757497	KO	status.find.is(200), but actually found 400
REQUEST	injecteur 10	5		request_9	1462879757436	1462879757497	KO	status.find.is(200), but actually found 400
REQUEST	injecteur 1	7		request_0	1462879757436	1462879757499	KO	status.find.is(200), but actually found 400
REQUEST	injecteur 2	9		request_1	1462879757444	1462879757500	KO	status.find.is(200), but actually found 400
REQUEST	injecteur 6	8		request_5	1462879757447	1462879757525	KO	status.find.is(200), but actually found 400
REQUEST	injecteur 5	10		request_4	1462879757451	1462879757526	KO	status.find.is(200), but actually found 400
REQUEST	injecteur 4	1		request_3	1462879757456	1462879757527	KO	status.find.is(200), but actually found 400
REQUEST	injecteur 3	3		request_2	1462879757459	1462879757527	KO	status.find.is(200), but actually found 400
REQUEST	injecteur 9	6		request_8	1462879757460	1462879757530	KO	status.find.is(200), but actually found 400
REQUEST	injecteur 8	4		request_7	1462879757463	1462879757538	KO	status.find.is(200), but actually found 400
REQUEST	injecteur 7	2		request_6	1462879757502	1462879757556	KO	status.find.is(200), but actually found 400
REQUEST	injecteur 10	5		request_9	1462879757503	1462879757557	KO	status.find.is(200), but actually found 400
REQUEST	injecteur 2	9		request_1	1462879757508	1462879757557	KO	status.find.is(200), but actually found 400
REQUEST	injecteur 1	7		request_0	1462879757513	1462879757560	KO	status.find.is(200), but actually found 400
REQUEST	injecteur 6	8		request_5	1462879757528	1462879757584	KO	status.find.is(200), but actually found 400
REQUEST	injecteur 5	10		request_4	1462879757530	1462879757587	KO	status.find.is(200), but actually found 400
REQUEST	injecteur 3	3		request_2	1462879757535	1462879757588	KO	status.find.is(200), but actually found 400
REQUEST	injecteur 4	1		request_3	1462879757532	1462879757588	KO	status.find.is(200), but actually found 400
REQUEST	injecteur 9	6		request_8	1462879757538	1462879757590	KO	status.find.is(200), but actually found 400
REQUEST	injecteur 8	4		request_7	1462879757541	1462879757592	KO	status.find.is(200), but actually found 400
REQUEST	injecteur 7	2		request_6	1462879757559	1462879757610	KO	status.find.is(200), but actually found 400
REQUEST	injecteur 10	5		request_9	1462879757562	1462879757611	KO	status.find.is(200), but actually found 400
REQUEST	injecteur 2	9		request_1	1462879757563	1462879757612	KO	status.find.is(200), but actually found 400
REQUEST	injecteur 1	7		request_0	1462879757566	1462879757614	KO	status.find.is(200), but actually found 400
REQUEST	injecteur 6	8		request_5	1462879757587	1462879757637	KO	status.find.is(200), but actually found 400
REQUEST	injecteur 5	10		request_4	1462879757590	1462879757638	KO	status.find.is(200), but actually found 400
REQUEST	injecteur 3	3		request_2	1462879757592	1462879757639	KO	status.find.is(200), but actually found 400
REQUEST	injecteur 4	1		request_3	1462879757594	1462879757642	KO	status.find.is(200), but actually found 400
REQUEST	injecteur 9	6		request_8	1462879757596	1462879757643	KO	status.find.is(200), but actually found 400
REQUEST	injecteur 8	4		request_7	1462879757598	1462879757647	KO	status.find.is(200), but actually found 400
REQUEST	injecteur 7	2		request_6	1462879757613	1462879757664	KO	status.find.is(200), but actually found 400
REQUEST	injecteur 10	5		request_9	1462879757614	1462879757665	KO	status.find.is(200), but actually found 400
REQUEST	injecteur 1	7		request_0	1462879757618	1462879757667	KO	status.find.is(200), but actually found 400
REQUEST	injecteur 2	9		request_1	1462879757616	1462879757667	KO	status.find.is(200), but actually found 400
REQUEST	injecteur 6	8		request_5	1462879757640	1462879757690	KO	status.find.is(200), but actually found 400
REQUEST	injecteur 5	10		request_4	1462879757641	1462879757690	KO	status.find.is(200), but actually found 400
REQUEST	injecteur 3	3		request_2	1462879757644	1462879757691	KO	status.find.is(200), but actually found 400
REQUEST	injecteur 9	6		request_8	1462879757649	1462879757696	KO	status.find.is(200), but actually found 400
REQUEST	injecteur 4	1		request_3	1462879757647	1462879757700	KO	status.find.is(200), but actually found 400
REQUEST	injecteur 8	4		request_7	1462879757650	1462879757702	KO	status.find.is(200), but actually found 400
REQUEST	injecteur 10	5		request_9	1462879757668	1462879757721	KO	status.find.is(200), but actually found 400
REQUEST	injecteur 7	2		request_6	1462879757670	1462879757721	KO	status.find.is(200), but actually found 400
REQUEST	injecteur 1	7		request_0	1462879757672	1462879757722	KO	status.find.is(200), but actually found 400
REQUEST	injecteur 2	9		request_1	1462879757674	1462879757725	KO	status.find.is(200), but actually found 400
REQUEST	injecteur 6	8		request_5	1462879757692	1462879757748	KO	status.find.is(200), but actually found 400
REQUEST	injecteur 5	10		request_4	1462879757695	1462879757749	KO	status.find.is(200), but actually found 400
REQUEST	injecteur 3	3		request_2	1462879757698	1462879757750	KO	status.find.is(200), but actually found 400
REQUEST	injecteur 4	1		request_3	1462879757704	1462879757753	KO	status.find.is(200), but actually found 400
REQUEST	injecteur 8	4		request_7	1462879757707	1462879757755	KO	status.find.is(200), but actually found 400
REQUEST	injecteur 9	6		request_8	1462879757702	1462879757756	KO	status.find.is(200), but actually found 400
REQUEST	injecteur 10	5		request_9	1462879757724	1462879757786	KO	status.find.is(200), but actually found 400
REQUEST	injecteur 7	2		request_6	1462879757727	1462879757787	KO	status.find.is(200), but actually found 400
REQUEST	injecteur 1	7		request_0	1462879757727	1462879757788	KO	status.find.is(200), but actually found 400
REQUEST	injecteur 2	9		request_1	1462879757729	1462879757789	KO	status.find.is(200), but actually found 400
REQUEST	injecteur 6	8		request_5	1462879757750	1462879757808	KO	status.find.is(200), but actually found 400
REQUEST	injecteur 5	10		request_4	1462879757754	1462879757809	KO	status.find.is(200), but actually found 400
REQUEST	injecteur 3	3		request_2	1462879757756	1462879757810	KO	status.find.is(200), but actually found 400
REQUEST	injecteur 4	1		request_3	1462879757756	1462879757811	KO	status.find.is(200), but actually found 400
REQUEST	injecteur 9	6		request_8	1462879757761	1462879757812	KO	status.find.is(200), but actually found 400
REQUEST	injecteur 8	4		request_7	1462879757762	1462879757813	KO	status.find.is(200), but actually found 400
REQUEST	injecteur 7	2		request_6	1462879757789	1462879757829	KO	status.find.is(200), but actually found 400
REQUEST	injecteur 10	5		request_9	1462879757788	1462879757829	KO	status.find.is(200), but actually found 400
REQUEST	injecteur 1	7		request_0	1462879757791	1462879757830	KO	status.find.is(200), but actually found 400
REQUEST	injecteur 2	9		request_1	1462879757793	1462879757831	KO	status.find.is(200), but actually found 400
REQUEST	injecteur 6	8		request_5	1462879757810	1462879757849	KO	status.find.is(200), but actually found 400
REQUEST	injecteur 5	10		request_4	1462879757813	1462879757850	KO	status.find.is(200), but actually found 400
REQUEST	injecteur 3	3		request_2	1462879757814	1462879757851	KO	status.find.is(200), but actually found 400
REQUEST	injecteur 4	1		request_3	1462879757815	1462879757853	KO	status.find.is(200), but actually found 400
REQUEST	injecteur 9	6		request_8	1462879757816	1462879757854	KO	status.find.is(200), but actually found 400
REQUEST	injecteur 8	4		request_7	1462879757819	1462879757856	KO	status.find.is(200), but actually found 400
REQUEST	injecteur 7	2		request_6	1462879757831	1462879757874	KO	status.find.is(200), but actually found 400
REQUEST	injecteur 10	5		request_9	1462879757832	1462879757875	KO	status.find.is(200), but actually found 400
REQUEST	injecteur 1	7		request_0	1462879757833	1462879757875	KO	status.find.is(200), but actually found 400
REQUEST	injecteur 2	9		request_1	1462879757836	1462879757877	KO	status.find.is(200), but actually found 400
REQUEST	injecteur 6	8		request_5	1462879757852	1462879757895	KO	status.find.is(200), but actually found 400
REQUEST	injecteur 5	10		request_4	1462879757855	1462879757895	KO	status.find.is(200), but actually found 400
REQUEST	injecteur 3	3		request_2	1462879757855	1462879757896	KO	status.find.is(200), but actually found 400
REQUEST	injecteur 4	1		request_3	1462879757857	1462879757898	KO	status.find.is(200), but actually found 400
REQUEST	injecteur 9	6		request_8	1462879757859	1462879757900	KO	status.find.is(200), but actually found 400
REQUEST	injecteur 8	4		request_7	1462879757859	1462879757904	KO	status.find.is(200), but actually found 400
REQUEST	injecteur 7	2		request_6	1462879757876	1462879757919	KO	status.find.is(200), but actually found 400
REQUEST	injecteur 10	5		request_9	1462879757877	1462879757920	KO	status.find.is(200), but actually found 400
REQUEST	injecteur 1	7		request_0	1462879757879	1462879757921	KO	status.find.is(200), but actually found 400
REQUEST	injecteur 2	9		request_1	1462879757880	1462879757921	KO	status.find.is(200), but actually found 400
REQUEST	injecteur 6	8		request_5	1462879757896	1462879757939	KO	status.find.is(200), but actually found 400
REQUEST	injecteur 5	10		request_4	1462879757897	1462879757940	KO	status.find.is(200), but actually found 400
REQUEST	injecteur 3	3		request_2	1462879757899	1462879757940	KO	status.find.is(200), but actually found 400
REQUEST	injecteur 4	1		request_3	1462879757902	1462879757941	KO	status.find.is(200), but actually found 400
REQUEST	injecteur 9	6		request_8	1462879757903	1462879757943	KO	status.find.is(200), but actually found 400
REQUEST	injecteur 8	4		request_7	1462879757905	1462879757945	KO	status.find.is(200), but actually found 400
REQUEST	injecteur 7	2		request_6	1462879757921	1462879757958	KO	status.find.is(200), but actually found 400
REQUEST	injecteur 10	5		request_9	1462879757923	1462879757959	KO	status.find.is(200), but actually found 400
REQUEST	injecteur 1	7		request_0	1462879757924	1462879757960	KO	status.find.is(200), but actually found 400
REQUEST	injecteur 2	9		request_1	1462879757925	1462879757961	KO	status.find.is(200), but actually found 400
REQUEST	injecteur 6	8		request_5	1462879757941	1462879757981	KO	status.find.is(200), but actually found 400
REQUEST	injecteur 3	3		request_2	1462879757942	1462879757982	KO	status.find.is(200), but actually found 400
REQUEST	injecteur 5	10		request_4	1462879757941	1462879757983	KO	status.find.is(200), but actually found 400
REQUEST	injecteur 4	1		request_3	1462879757943	1462879757984	KO	status.find.is(200), but actually found 400
REQUEST	injecteur 9	6		request_8	1462879757945	1462879757985	KO	status.find.is(200), but actually found 400
REQUEST	injecteur 8	4		request_7	1462879757947	1462879757985	KO	status.find.is(200), but actually found 400
REQUEST	injecteur 7	2		request_6	1462879757960	1462879758006	KO	status.find.is(200), but actually found 400
REQUEST	injecteur 10	5		request_9	1462879757962	1462879758007	KO	status.find.is(200), but actually found 400
REQUEST	injecteur 1	7		request_0	1462879757964	1462879758008	KO	status.find.is(200), but actually found 400
REQUEST	injecteur 2	9		request_1	1462879757970	1462879758009	KO	status.find.is(200), but actually found 400
REQUEST	injecteur 6	8		request_5	1462879757983	1462879758033	KO	status.find.is(200), but actually found 400
REQUEST	injecteur 3	3		request_2	1462879757988	1462879758034	KO	status.find.is(200), but actually found 400
REQUEST	injecteur 5	10		request_4	1462879757989	1462879758035	KO	status.find.is(200), but actually found 400
REQUEST	injecteur 4	1		request_3	1462879757990	1462879758035	KO	status.find.is(200), but actually found 400
REQUEST	injecteur 9	6		request_8	1462879757992	1462879758037	KO	status.find.is(200), but actually found 400
REQUEST	injecteur 8	4		request_7	1462879757994	1462879758041	KO	status.find.is(200), but actually found 400
REQUEST	injecteur 7	2		request_6	1462879758007	1462879758067	KO	status.find.is(200), but actually found 400
REQUEST	injecteur 10	5		request_9	1462879758010	1462879758068	KO	status.find.is(200), but actually found 400
REQUEST	injecteur 1	7		request_0	1462879758010	1462879758069	KO	status.find.is(200), but actually found 400
REQUEST	injecteur 2	9		request_1	1462879758013	1462879758070	KO	status.find.is(200), but actually found 400
REQUEST	injecteur 6	8		request_5	1462879758036	1462879758097	KO	status.find.is(200), but actually found 400
REQUEST	injecteur 3	3		request_2	1462879758038	1462879758097	KO	status.find.is(200), but actually found 400
REQUEST	injecteur 5	10		request_4	1462879758039	1462879758102	KO	status.find.is(200), but actually found 400
REQUEST	injecteur 4	1		request_3	1462879758039	1462879758105	KO	status.find.is(200), but actually found 400
REQUEST	injecteur 9	6		request_8	1462879758041	1462879758105	KO	status.find.is(200), but actually found 400
REQUEST	injecteur 8	4		request_7	1462879758042	1462879758106	KO	status.find.is(200), but actually found 400
REQUEST	injecteur 7	2		request_6	1462879758069	1462879758124	KO	status.find.is(200), but actually found 400
REQUEST	injecteur 10	5		request_9	1462879758071	1462879758124	KO	status.find.is(200), but actually found 400
REQUEST	injecteur 1	7		request_0	1462879758072	1462879758125	KO	status.find.is(200), but actually found 400
REQUEST	injecteur 2	9		request_1	1462879758073	1462879758127	KO	status.find.is(200), but actually found 400
REQUEST	injecteur 6	8		request_5	1462879758098	1462879758147	KO	status.find.is(200), but actually found 400
REQUEST	injecteur 3	3		request_2	1462879758099	1462879758148	KO	status.find.is(200), but actually found 400
REQUEST	injecteur 5	10		request_4	1462879758103	1462879758149	KO	status.find.is(200), but actually found 400
REQUEST	injecteur 4	1		request_3	1462879758106	1462879758149	KO	status.find.is(200), but actually found 400
REQUEST	injecteur 9	6		request_8	1462879758109	1462879758151	KO	status.find.is(200), but actually found 400
REQUEST	injecteur 8	4		request_7	1462879758111	1462879758154	KO	status.find.is(200), but actually found 400
REQUEST	injecteur 7	2		request_6	1462879758126	1462879758168	KO	status.find.is(200), but actually found 400
REQUEST	injecteur 10	5		request_9	1462879758128	1462879758169	KO	status.find.is(200), but actually found 400
REQUEST	injecteur 1	7		request_0	1462879758132	1462879758170	KO	status.find.is(200), but actually found 400
REQUEST	injecteur 2	9		request_1	1462879758133	1462879758171	KO	status.find.is(200), but actually found 400
REQUEST	injecteur 6	8		request_5	1462879758148	1462879758183	KO	status.find.is(200), but actually found 400
REQUEST	injecteur 3	3		request_2	1462879758149	1462879758184	KO	status.find.is(200), but actually found 400
REQUEST	injecteur 5	10		request_4	1462879758152	1462879758185	KO	status.find.is(200), but actually found 400
REQUEST	injecteur 4	1		request_3	1462879758153	1462879758187	KO	status.find.is(200), but actually found 400
REQUEST	injecteur 9	6		request_8	1462879758155	1462879758187	KO	status.find.is(200), but actually found 400
REQUEST	injecteur 8	4		request_7	1462879758156	1462879758190	KO	status.find.is(200), but actually found 400
REQUEST	injecteur 7	2		request_6	1462879758170	1462879758203	KO	status.find.is(200), but actually found 400
REQUEST	injecteur 10	5		request_9	1462879758170	1462879758204	KO	status.find.is(200), but actually found 400
REQUEST	injecteur 1	7		request_0	1462879758172	1462879758205	KO	status.find.is(200), but actually found 400
REQUEST	injecteur 2	9		request_1	1462879758173	1462879758206	KO	status.find.is(200), but actually found 400
REQUEST	injecteur 6	8		request_5	1462879758186	1462879758219	KO	status.find.is(200), but actually found 400
REQUEST	injecteur 3	3		request_2	1462879758188	1462879758219	KO	status.find.is(200), but actually found 400
REQUEST	injecteur 5	10		request_4	1462879758189	1462879758220	KO	status.find.is(200), but actually found 400
REQUEST	injecteur 4	1		request_3	1462879758191	1462879758221	KO	status.find.is(200), but actually found 400
REQUEST	injecteur 9	6		request_8	1462879758192	1462879758222	KO	status.find.is(200), but actually found 400
REQUEST	injecteur 8	4		request_7	1462879758193	1462879758224	KO	status.find.is(200), but actually found 400
REQUEST	injecteur 2	9		request_1	1462879758207	1462879758240	KO	status.find.is(200), but actually found 400
REQUEST	injecteur 1	7		request_0	1462879758207	1462879758240	KO	status.find.is(200), but actually found 400
REQUEST	injecteur 10	5		request_9	1462879758207	1462879758241	KO	status.find.is(200), but actually found 400
REQUEST	injecteur 7	2		request_6	1462879758206	1462879758239	KO	status.find.is(200), but actually found 400
REQUEST	injecteur 6	8		request_5	1462879758221	1462879758258	KO	status.find.is(200), but actually found 400
REQUEST	injecteur 3	3		request_2	1462879758223	1462879758258	KO	status.find.is(200), but actually found 400
REQUEST	injecteur 5	10		request_4	1462879758227	1462879758260	KO	status.find.is(200), but actually found 400
REQUEST	injecteur 9	6		request_8	1462879758228	1462879758261	KO	status.find.is(200), but actually found 400
REQUEST	injecteur 4	1		request_3	1462879758225	1462879758264	KO	status.find.is(200), but actually found 400
REQUEST	injecteur 8	4		request_7	1462879758228	1462879758265	KO	status.find.is(200), but actually found 400
REQUEST	injecteur 1	7		request_0	1462879758242	1462879758279	KO	status.find.is(200), but actually found 400
REQUEST	injecteur 2	9		request_1	1462879758242	1462879758280	KO	status.find.is(200), but actually found 400
REQUEST	injecteur 10	5		request_9	1462879758244	1462879758280	KO	status.find.is(200), but actually found 400
REQUEST	injecteur 7	2		request_6	1462879758247	1462879758282	KO	status.find.is(200), but actually found 400
REQUEST	injecteur 6	8		request_5	1462879758259	1462879758296	KO	status.find.is(200), but actually found 400
REQUEST	injecteur 3	3		request_2	1462879758259	1462879758297	KO	status.find.is(200), but actually found 400
REQUEST	injecteur 5	10		request_4	1462879758262	1462879758297	KO	status.find.is(200), but actually found 400
REQUEST	injecteur 9	6		request_8	1462879758263	1462879758298	KO	status.find.is(200), but actually found 400
REQUEST	injecteur 4	1		request_3	1462879758265	1462879758300	KO	status.find.is(200), but actually found 400
REQUEST	injecteur 8	4		request_7	1462879758266	1462879758305	KO	status.find.is(200), but actually found 400
REQUEST	injecteur 2	9		request_1	1462879758283	1462879758316	KO	status.find.is(200), but actually found 400
REQUEST	injecteur 10	5		request_9	1462879758286	1462879758317	KO	status.find.is(200), but actually found 400
REQUEST	injecteur 1	7		request_0	1462879758281	1462879758316	KO	status.find.is(200), but actually found 400
REQUEST	injecteur 7	2		request_6	1462879758288	1462879758319	KO	status.find.is(200), but actually found 400
REQUEST	injecteur 6	8		request_5	1462879758298	1462879758334	KO	status.find.is(200), but actually found 400
REQUEST	injecteur 3	3		request_2	1462879758300	1462879758334	KO	status.find.is(200), but actually found 400
REQUEST	injecteur 5	10		request_4	1462879758302	1462879758336	KO	status.find.is(200), but actually found 400
REQUEST	injecteur 4	1		request_3	1462879758304	1462879758338	KO	status.find.is(200), but actually found 400
REQUEST	injecteur 9	6		request_8	1462879758303	1462879758338	KO	status.find.is(200), but actually found 400
REQUEST	injecteur 8	4		request_7	1462879758307	1462879758341	KO	status.find.is(200), but actually found 400
REQUEST	injecteur 2	9		request_1	1462879758319	1462879758360	KO	status.find.is(200), but actually found 400
REQUEST	injecteur 1	7		request_0	1462879758321	1462879758362	KO	status.find.is(200), but actually found 400
REQUEST	injecteur 10	5		request_9	1462879758321	1462879758364	KO	status.find.is(200), but actually found 400
REQUEST	injecteur 7	2		request_6	1462879758322	1462879758365	KO	status.find.is(200), but actually found 400
REQUEST	injecteur 6	8		request_5	1462879758336	1462879758381	KO	status.find.is(200), but actually found 400
REQUEST	injecteur 3	3		request_2	1462879758339	1462879758382	KO	status.find.is(200), but actually found 400
REQUEST	injecteur 5	10		request_4	1462879758342	1462879758383	KO	status.find.is(200), but actually found 400
REQUEST	injecteur 4	1		request_3	1462879758346	1462879758384	KO	status.find.is(200), but actually found 400
REQUEST	injecteur 9	6		request_8	1462879758349	1462879758386	KO	status.find.is(200), but actually found 400
REQUEST	injecteur 8	4		request_7	1462879758353	1462879758401	KO	status.find.is(200), but actually found 400
REQUEST	injecteur 1	7		request_0	1462879758364	1462879758404	KO	status.find.is(200), but actually found 400
REQUEST	injecteur 2	9		request_1	1462879758362	1462879758404	KO	status.find.is(200), but actually found 400
REQUEST	injecteur 10	5		request_9	1462879758366	1462879758405	KO	status.find.is(200), but actually found 400
REQUEST	injecteur 7	2		request_6	1462879758369	1462879758406	KO	status.find.is(200), but actually found 400
REQUEST	injecteur 6	8		request_5	1462879758383	1462879758422	KO	status.find.is(200), but actually found 400
REQUEST	injecteur 3	3		request_2	1462879758385	1462879758423	KO	status.find.is(200), but actually found 400
REQUEST	injecteur 5	10		request_4	1462879758388	1462879758424	KO	status.find.is(200), but actually found 400
REQUEST	injecteur 4	1		request_3	1462879758388	1462879758425	KO	status.find.is(200), but actually found 400
REQUEST	injecteur 9	6		request_8	1462879758391	1462879758428	KO	status.find.is(200), but actually found 400
REQUEST	injecteur 8	4		request_7	1462879758404	1462879758443	KO	status.find.is(200), but actually found 400
REQUEST	injecteur 2	9		request_1	1462879758407	1462879758444	KO	status.find.is(200), but actually found 400
REQUEST	injecteur 1	7		request_0	1462879758407	1462879758445	KO	status.find.is(200), but actually found 400
REQUEST	injecteur 10	5		request_9	1462879758408	1462879758446	KO	status.find.is(200), but actually found 400
REQUEST	injecteur 7	2		request_6	1462879758410	1462879758447	KO	status.find.is(200), but actually found 400
REQUEST	injecteur 5	10		request_4	1462879758426	1462879758461	KO	status.find.is(200), but actually found 400
REQUEST	injecteur 4	1		request_3	1462879758427	1462879758462	KO	status.find.is(200), but actually found 400
REQUEST	injecteur 6	8		request_5	1462879758428	1462879758463	KO	status.find.is(200), but actually found 400
REQUEST	injecteur 3	3		request_2	1462879758426	1462879758466	KO	status.find.is(200), but actually found 400
REQUEST	injecteur 9	6		request_8	1462879758430	1462879758479	KO	status.find.is(200), but actually found 400
REQUEST	injecteur 8	4		request_7	1462879758445	1462879758479	KO	status.find.is(200), but actually found 400
REQUEST	injecteur 10	5		request_9	1462879758447	1462879758480	KO	status.find.is(200), but actually found 400
REQUEST	injecteur 2	9		request_1	1462879758446	1462879758482	KO	status.find.is(200), but actually found 400
REQUEST	injecteur 1	7		request_0	1462879758448	1462879758482	KO	status.find.is(200), but actually found 400
REQUEST	injecteur 7	2		request_6	1462879758450	1462879758483	KO	status.find.is(200), but actually found 400
REQUEST	injecteur 5	10		request_4	1462879758462	1462879758497	KO	status.find.is(200), but actually found 400
REQUEST	injecteur 4	1		request_3	1462879758464	1462879758497	KO	status.find.is(200), but actually found 400
REQUEST	injecteur 3	3		request_2	1462879758468	1462879758499	KO	status.find.is(200), but actually found 400
REQUEST	injecteur 6	8		request_5	1462879758466	1462879758499	KO	status.find.is(200), but actually found 400
REQUEST	injecteur 8	4		request_7	1462879758481	1462879758514	KO	status.find.is(200), but actually found 400
REQUEST	injecteur 9	6		request_8	1462879758481	1462879758515	KO	status.find.is(200), but actually found 400
REQUEST	injecteur 10	5		request_9	1462879758482	1462879758516	KO	status.find.is(200), but actually found 400
REQUEST	injecteur 2	9		request_1	1462879758485	1462879758517	KO	status.find.is(200), but actually found 400
REQUEST	injecteur 1	7		request_0	1462879758487	1462879758519	KO	status.find.is(200), but actually found 400
REQUEST	injecteur 7	2		request_6	1462879758488	1462879758523	KO	status.find.is(200), but actually found 400
REQUEST	injecteur 5	10		request_4	1462879758498	1462879758534	KO	status.find.is(200), but actually found 400
REQUEST	injecteur 3	3		request_2	1462879758502	1462879758535	KO	status.find.is(200), but actually found 400
REQUEST	injecteur 4	1		request_3	1462879758498	1462879758534	KO	status.find.is(200), but actually found 400
REQUEST	injecteur 6	8		request_5	1462879758504	1462879758538	KO	status.find.is(200), but actually found 400
REQUEST	injecteur 9	6		request_8	1462879758516	1462879758552	KO	status.find.is(200), but actually found 400
REQUEST	injecteur 8	4		request_7	1462879758516	1462879758552	KO	status.find.is(200), but actually found 400
REQUEST	injecteur 10	5		request_9	1462879758519	1462879758553	KO	status.find.is(200), but actually found 400
REQUEST	injecteur 2	9		request_1	1462879758521	1462879758554	KO	status.find.is(200), but actually found 400
REQUEST	injecteur 7	2		request_6	1462879758524	1462879758556	KO	status.find.is(200), but actually found 400
REQUEST	injecteur 1	7		request_0	1462879758524	1462879758558	KO	status.find.is(200), but actually found 400
REQUEST	injecteur 3	3		request_2	1462879758537	1462879758574	KO	status.find.is(200), but actually found 400
REQUEST	injecteur 5	10		request_4	1462879758537	1462879758576	KO	status.find.is(200), but actually found 400
REQUEST	injecteur 6	8		request_5	1462879758539	1462879758576	KO	status.find.is(200), but actually found 400
REQUEST	injecteur 4	1		request_3	1462879758539	1462879758578	KO	status.find.is(200), but actually found 400
REQUEST	injecteur 9	6		request_8	1462879758555	1462879758589	KO	status.find.is(200), but actually found 400
REQUEST	injecteur 8	4		request_7	1462879758559	1462879758590	KO	status.find.is(200), but actually found 400
REQUEST	injecteur 10	5		request_9	1462879758561	1462879758590	KO	status.find.is(200), but actually found 400
REQUEST	injecteur 2	9		request_1	1462879758563	1462879758592	KO	status.find.is(200), but actually found 400
REQUEST	injecteur 7	2		request_6	1462879758565	1462879758608	KO	status.find.is(200), but actually found 400
REQUEST	injecteur 1	7		request_0	1462879758567	1462879758609	KO	status.find.is(200), but actually found 400
REQUEST	injecteur 3	3		request_2	1462879758576	1462879758610	KO	status.find.is(200), but actually found 400
REQUEST	injecteur 5	10		request_4	1462879758577	1462879758612	KO	status.find.is(200), but actually found 400
REQUEST	injecteur 4	1		request_3	1462879758580	1462879758612	KO	status.find.is(200), but actually found 400
REQUEST	injecteur 6	8		request_5	1462879758579	1462879758616	KO	status.find.is(200), but actually found 400
REQUEST	injecteur 9	6		request_8	1462879758591	1462879758630	KO	status.find.is(200), but actually found 400
REQUEST	injecteur 8	4		request_7	1462879758591	1462879758631	KO	status.find.is(200), but actually found 400
REQUEST	injecteur 10	5		request_9	1462879758593	1462879758631	KO	status.find.is(200), but actually found 400
REQUEST	injecteur 2	9		request_1	1462879758594	1462879758632	KO	status.find.is(200), but actually found 400
REQUEST	injecteur 1	7		request_0	1462879758610	1462879758645	KO	status.find.is(200), but actually found 400
REQUEST	injecteur 7	2		request_6	1462879758610	1462879758645	KO	status.find.is(200), but actually found 400
REQUEST	injecteur 3	3		request_2	1462879758612	1462879758646	KO	status.find.is(200), but actually found 400
REQUEST	injecteur 4	1		request_3	1462879758614	1462879758647	KO	status.find.is(200), but actually found 400
REQUEST	injecteur 5	10		request_4	1462879758613	1462879758648	KO	status.find.is(200), but actually found 400
REQUEST	injecteur 6	8		request_5	1462879758619	1462879758650	KO	status.find.is(200), but actually found 400
REQUEST	injecteur 9	6		request_8	1462879758632	1462879758665	KO	status.find.is(200), but actually found 400
REQUEST	injecteur 8	4		request_7	1462879758632	1462879758666	KO	status.find.is(200), but actually found 400
REQUEST	injecteur 10	5		request_9	1462879758633	1462879758670	KO	status.find.is(200), but actually found 400
REQUEST	injecteur 2	9		request_1	1462879758634	1462879758672	KO	status.find.is(200), but actually found 400
REQUEST	injecteur 1	7		request_0	1462879758646	1462879758684	KO	status.find.is(200), but actually found 400
REQUEST	injecteur 7	2		request_6	1462879758647	1462879758684	KO	status.find.is(200), but actually found 400
REQUEST	injecteur 4	1		request_3	1462879758649	1462879758685	KO	status.find.is(200), but actually found 400
REQUEST	injecteur 3	3		request_2	1462879758649	1462879758688	KO	status.find.is(200), but actually found 400
REQUEST	injecteur 5	10		request_4	1462879758652	1462879758689	KO	status.find.is(200), but actually found 400
REQUEST	injecteur 6	8		request_5	1462879758654	1462879758690	KO	status.find.is(200), but actually found 400
REQUEST	injecteur 8	4		request_7	1462879758668	1462879758701	KO	status.find.is(200), but actually found 400
REQUEST	injecteur 9	6		request_8	1462879758670	1462879758701	KO	status.find.is(200), but actually found 400
REQUEST	injecteur 10	5		request_9	1462879758672	1462879758702	KO	status.find.is(200), but actually found 400
REQUEST	injecteur 2	9		request_1	1462879758675	1462879758705	KO	status.find.is(200), but actually found 400
REQUEST	injecteur 7	2		request_6	1462879758686	1462879758716	KO	status.find.is(200), but actually found 400
REQUEST	injecteur 1	7		request_0	1462879758686	1462879758716	KO	status.find.is(200), but actually found 400
REQUEST	injecteur 4	1		request_3	1462879758688	1462879758717	KO	status.find.is(200), but actually found 400
REQUEST	injecteur 5	10		request_4	1462879758690	1462879758721	KO	status.find.is(200), but actually found 400
REQUEST	injecteur 6	8		request_5	1462879758691	1462879758722	KO	status.find.is(200), but actually found 400
REQUEST	injecteur 3	3		request_2	1462879758689	1462879758720	KO	status.find.is(200), but actually found 400
REQUEST	injecteur 8	4		request_7	1462879758703	1462879758739	KO	status.find.is(200), but actually found 400
REQUEST	injecteur 10	5		request_9	1462879758704	1462879758739	KO	status.find.is(200), but actually found 400
REQUEST	injecteur 9	6		request_8	1462879758703	1462879758741	KO	status.find.is(200), but actually found 400
REQUEST	injecteur 2	9		request_1	1462879758706	1462879758742	KO	status.find.is(200), but actually found 400
REQUEST	injecteur 1	7		request_0	1462879758717	1462879758754	KO	status.find.is(200), but actually found 400
REQUEST	injecteur 7	2		request_6	1462879758718	1462879758755	KO	status.find.is(200), but actually found 400
REQUEST	injecteur 5	10		request_4	1462879758723	1462879758757	KO	status.find.is(200), but actually found 400
REQUEST	injecteur 6	8		request_5	1462879758724	1462879758758	KO	status.find.is(200), but actually found 400
REQUEST	injecteur 3	3		request_2	1462879758725	1462879758758	KO	status.find.is(200), but actually found 400
REQUEST	injecteur 4	1		request_3	1462879758719	1462879758758	KO	status.find.is(200), but actually found 400
REQUEST	injecteur 8	4		request_7	1462879758740	1462879758774	KO	status.find.is(200), but actually found 400
REQUEST	injecteur 10	5		request_9	1462879758740	1462879758775	KO	status.find.is(200), but actually found 400
REQUEST	injecteur 9	6		request_8	1462879758742	1462879758775	KO	status.find.is(200), but actually found 400
REQUEST	injecteur 2	9		request_1	1462879758744	1462879758777	KO	status.find.is(200), but actually found 400
REQUEST	injecteur 1	7		request_0	1462879758756	1462879758794	KO	status.find.is(200), but actually found 400
REQUEST	injecteur 7	2		request_6	1462879758756	1462879758795	KO	status.find.is(200), but actually found 400
REQUEST	injecteur 4	1		request_3	1462879758764	1462879758798	KO	status.find.is(200), but actually found 400
REQUEST	injecteur 3	3		request_2	1462879758764	1462879758802	KO	status.find.is(200), but actually found 400
REQUEST	injecteur 5	10		request_4	1462879758759	1462879758805	KO	status.find.is(200), but actually found 400
REQUEST	injecteur 6	8		request_5	1462879758761	1462879758806	KO	status.find.is(200), but actually found 400
REQUEST	injecteur 8	4		request_7	1462879758776	1462879758821	KO	status.find.is(200), but actually found 400
REQUEST	injecteur 9	6		request_8	1462879758779	1462879758822	KO	status.find.is(200), but actually found 400
REQUEST	injecteur 2	9		request_1	1462879758781	1462879758824	KO	status.find.is(200), but actually found 400
REQUEST	injecteur 10	5		request_9	1462879758778	1462879758825	KO	status.find.is(200), but actually found 400
REQUEST	injecteur 1	7		request_0	1462879758796	1462879758837	KO	status.find.is(200), but actually found 400
REQUEST	injecteur 4	1		request_3	1462879758799	1462879758838	KO	status.find.is(200), but actually found 400
REQUEST	injecteur 7	2		request_6	1462879758797	1462879758839	KO	status.find.is(200), but actually found 400
REQUEST	injecteur 3	3		request_2	1462879758804	1462879758840	KO	status.find.is(200), but actually found 400
REQUEST	injecteur 5	10		request_4	1462879758811	1462879758850	KO	status.find.is(200), but actually found 400
REQUEST	injecteur 6	8		request_5	1462879758815	1462879758851	KO	status.find.is(200), but actually found 400
REQUEST	injecteur 9	6		request_8	1462879758823	1462879758853	KO	status.find.is(200), but actually found 400
REQUEST	injecteur 8	4		request_7	1462879758823	1462879758854	KO	status.find.is(200), but actually found 400
REQUEST	injecteur 2	9		request_1	1462879758826	1462879758854	KO	status.find.is(200), but actually found 400
REQUEST	injecteur 10	5		request_9	1462879758827	1462879758855	KO	status.find.is(200), but actually found 400
REQUEST	injecteur 1	7		request_0	1462879758838	1462879758871	KO	status.find.is(200), but actually found 400
REQUEST	injecteur 4	1		request_3	1462879758839	1462879758872	KO	status.find.is(200), but actually found 400
REQUEST	injecteur 7	2		request_6	1462879758840	1462879758873	KO	status.find.is(200), but actually found 400
REQUEST	injecteur 3	3		request_2	1462879758841	1462879758875	KO	status.find.is(200), but actually found 400
REQUEST	injecteur 5	10		request_4	1462879758853	1462879758886	KO	status.find.is(200), but actually found 400
REQUEST	injecteur 6	8		request_5	1462879758854	1462879758886	KO	status.find.is(200), but actually found 400
REQUEST	injecteur 9	6		request_8	1462879758858	1462879758887	KO	status.find.is(200), but actually found 400
REQUEST	injecteur 2	9		request_1	1462879758859	1462879758888	KO	status.find.is(200), but actually found 400
REQUEST	injecteur 10	5		request_9	1462879758861	1462879758891	KO	status.find.is(200), but actually found 400
REQUEST	injecteur 8	4		request_7	1462879758859	1462879758891	KO	status.find.is(200), but actually found 400
REQUEST	injecteur 4	1		request_3	1462879758873	1462879758902	KO	status.find.is(200), but actually found 400
REQUEST	injecteur 1	7		request_0	1462879758873	1462879758903	KO	status.find.is(200), but actually found 400
REQUEST	injecteur 7	2		request_6	1462879758874	1462879758904	KO	status.find.is(200), but actually found 400
REQUEST	injecteur 3	3		request_2	1462879758876	1462879758905	KO	status.find.is(200), but actually found 400
REQUEST	injecteur 5	10		request_4	1462879758887	1462879758916	KO	status.find.is(200), but actually found 400
REQUEST	injecteur 6	8		request_5	1462879758888	1462879758917	KO	status.find.is(200), but actually found 400
REQUEST	injecteur 9	6		request_8	1462879758889	1462879758917	KO	status.find.is(200), but actually found 400
REQUEST	injecteur 2	9		request_1	1462879758890	1462879758918	KO	status.find.is(200), but actually found 400
REQUEST	injecteur 10	5		request_9	1462879758892	1462879758920	KO	status.find.is(200), but actually found 400
REQUEST	injecteur 8	4		request_7	1462879758893	1462879758921	KO	status.find.is(200), but actually found 400
REQUEST	injecteur 4	1		request_3	1462879758905	1462879758932	KO	status.find.is(200), but actually found 400
REQUEST	injecteur 1	7		request_0	1462879758905	1462879758932	KO	status.find.is(200), but actually found 400
REQUEST	injecteur 7	2		request_6	1462879758906	1462879758933	KO	status.find.is(200), but actually found 400
REQUEST	injecteur 3	3		request_2	1462879758907	1462879758935	KO	status.find.is(200), but actually found 400
REQUEST	injecteur 6	8		request_5	1462879758920	1462879758947	KO	status.find.is(200), but actually found 400
REQUEST	injecteur 5	10		request_4	1462879758920	1462879758947	KO	status.find.is(200), but actually found 400
REQUEST	injecteur 9	6		request_8	1462879758921	1462879758948	KO	status.find.is(200), but actually found 400
REQUEST	injecteur 2	9		request_1	1462879758922	1462879758950	KO	status.find.is(200), but actually found 400
REQUEST	injecteur 10	5		request_9	1462879758922	1462879758950	KO	status.find.is(200), but actually found 400
REQUEST	injecteur 8	4		request_7	1462879758923	1462879758956	KO	status.find.is(200), but actually found 400
REQUEST	injecteur 4	1		request_3	1462879758933	1462879758966	KO	status.find.is(200), but actually found 400
REQUEST	injecteur 1	7		request_0	1462879758935	1462879758967	KO	status.find.is(200), but actually found 400
REQUEST	injecteur 3	3		request_2	1462879758937	1462879758968	KO	status.find.is(200), but actually found 400
REQUEST	injecteur 7	2		request_6	1462879758937	1462879758970	KO	status.find.is(200), but actually found 400
REQUEST	injecteur 5	10		request_4	1462879758950	1462879758981	KO	status.find.is(200), but actually found 400
REQUEST	injecteur 6	8		request_5	1462879758950	1462879758982	KO	status.find.is(200), but actually found 400
REQUEST	injecteur 9	6		request_8	1462879758953	1462879758984	KO	status.find.is(200), but actually found 400
REQUEST	injecteur 2	9		request_1	1462879758955	1462879758990	KO	status.find.is(200), but actually found 400
REQUEST	injecteur 10	5		request_9	1462879758956	1462879758991	KO	status.find.is(200), but actually found 400
REQUEST	injecteur 8	4		request_7	1462879758957	1462879758992	KO	status.find.is(200), but actually found 400
REQUEST	injecteur 1	7		request_0	1462879758968	1462879759011	KO	status.find.is(200), but actually found 400
REQUEST	injecteur 4	1		request_3	1462879758970	1462879759012	KO	status.find.is(200), but actually found 400
REQUEST	injecteur 3	3		request_2	1462879758971	1462879759013	KO	status.find.is(200), but actually found 400
REQUEST	injecteur 7	2		request_6	1462879758973	1462879759014	KO	status.find.is(200), but actually found 400
REQUEST	injecteur 6	8		request_5	1462879758983	1462879759029	KO	status.find.is(200), but actually found 400
REQUEST	injecteur 5	10		request_4	1462879758983	1462879759029	KO	status.find.is(200), but actually found 400
REQUEST	injecteur 9	6		request_8	1462879758987	1462879759030	KO	status.find.is(200), but actually found 400
REQUEST	injecteur 2	9		request_1	1462879758993	1462879759031	KO	status.find.is(200), but actually found 400
REQUEST	injecteur 10	5		request_9	1462879758996	1462879759033	KO	status.find.is(200), but actually found 400
REQUEST	injecteur 8	4		request_7	1462879759000	1462879759040	KO	status.find.is(200), but actually found 400
REQUEST	injecteur 1	7		request_0	1462879759013	1462879759055	KO	status.find.is(200), but actually found 400
REQUEST	injecteur 4	1		request_3	1462879759014	1462879759056	KO	status.find.is(200), but actually found 400
REQUEST	injecteur 7	2		request_6	1462879759018	1462879759059	KO	status.find.is(200), but actually found 400
REQUEST	injecteur 3	3		request_2	1462879759016	1462879759057	KO	status.find.is(200), but actually found 400
REQUEST	injecteur 6	8		request_5	1462879759032	1462879759077	KO	status.find.is(200), but actually found 400
REQUEST	injecteur 5	10		request_4	1462879759034	1462879759077	KO	status.find.is(200), but actually found 400
REQUEST	injecteur 9	6		request_8	1462879759037	1462879759078	KO	status.find.is(200), but actually found 400
REQUEST	injecteur 2	9		request_1	1462879759042	1462879759079	KO	status.find.is(200), but actually found 400
REQUEST	injecteur 10	5		request_9	1462879759046	1462879759080	KO	status.find.is(200), but actually found 400
REQUEST	injecteur 8	4		request_7	1462879759046	1462879759083	KO	status.find.is(200), but actually found 400
REQUEST	injecteur 1	7		request_0	1462879759057	1462879759101	KO	status.find.is(200), but actually found 400
REQUEST	injecteur 4	1		request_3	1462879759062	1462879759101	KO	status.find.is(200), but actually found 400
REQUEST	injecteur 7	2		request_6	1462879759063	1462879759103	KO	status.find.is(200), but actually found 400
REQUEST	injecteur 3	3		request_2	1462879759064	1462879759104	KO	status.find.is(200), but actually found 400
REQUEST	injecteur 6	8		request_5	1462879759078	1462879759138	KO	status.find.is(200), but actually found 400
REQUEST	injecteur 5	10		request_4	1462879759079	1462879759139	KO	status.find.is(200), but actually found 400
REQUEST	injecteur 9	6		request_8	1462879759081	1462879759140	KO	status.find.is(200), but actually found 400
REQUEST	injecteur 2	9		request_1	1462879759083	1462879759140	KO	status.find.is(200), but actually found 400
REQUEST	injecteur 10	5		request_9	1462879759084	1462879759141	KO	status.find.is(200), but actually found 400
REQUEST	injecteur 8	4		request_7	1462879759087	1462879759142	KO	status.find.is(200), but actually found 400
REQUEST	injecteur 1	7		request_0	1462879759102	1462879759154	KO	status.find.is(200), but actually found 400
REQUEST	injecteur 3	3		request_2	1462879759106	1462879759154	KO	status.find.is(200), but actually found 400
REQUEST	injecteur 4	1		request_3	1462879759105	1462879759155	KO	status.find.is(200), but actually found 400
REQUEST	injecteur 7	2		request_6	1462879759107	1462879759156	KO	status.find.is(200), but actually found 400
REQUEST	injecteur 6	8		request_5	1462879759140	1462879759168	KO	status.find.is(200), but actually found 400
REQUEST	injecteur 9	6		request_8	1462879759142	1462879759169	KO	status.find.is(200), but actually found 400
REQUEST	injecteur 5	10		request_4	1462879759142	1462879759170	KO	status.find.is(200), but actually found 400
REQUEST	injecteur 2	9		request_1	1462879759143	1462879759171	KO	status.find.is(200), but actually found 400
REQUEST	injecteur 8	4		request_7	1462879759144	1462879759172	KO	status.find.is(200), but actually found 400
REQUEST	injecteur 10	5		request_9	1462879759144	1462879759173	KO	status.find.is(200), but actually found 400
REQUEST	injecteur 1	7		request_0	1462879759155	1462879759185	KO	status.find.is(200), but actually found 400
REQUEST	injecteur 3	3		request_2	1462879759155	1462879759186	KO	status.find.is(200), but actually found 400
REQUEST	injecteur 4	1		request_3	1462879759156	1462879759187	KO	status.find.is(200), but actually found 400
REQUEST	injecteur 7	2		request_6	1462879759157	1462879759188	KO	status.find.is(200), but actually found 400
REQUEST	injecteur 6	8		request_5	1462879759170	1462879759200	KO	status.find.is(200), but actually found 400
REQUEST	injecteur 9	6		request_8	1462879759171	1462879759200	KO	status.find.is(200), but actually found 400
REQUEST	injecteur 2	9		request_1	1462879759174	1462879759202	KO	status.find.is(200), but actually found 400
REQUEST	injecteur 5	10		request_4	1462879759172	1462879759204	KO	status.find.is(200), but actually found 400
REQUEST	injecteur 8	4		request_7	1462879759175	1462879759205	KO	status.find.is(200), but actually found 400
REQUEST	injecteur 10	5		request_9	1462879759175	1462879759207	KO	status.find.is(200), but actually found 400
REQUEST	injecteur 1	7		request_0	1462879759187	1462879759220	KO	status.find.is(200), but actually found 400
REQUEST	injecteur 3	3		request_2	1462879759188	1462879759221	KO	status.find.is(200), but actually found 400
REQUEST	injecteur 4	1		request_3	1462879759189	1462879759222	KO	status.find.is(200), but actually found 400
REQUEST	injecteur 7	2		request_6	1462879759190	1462879759224	KO	status.find.is(200), but actually found 400
REQUEST	injecteur 6	8		request_5	1462879759201	1462879759238	KO	status.find.is(200), but actually found 400
REQUEST	injecteur 9	6		request_8	1462879759204	1462879759239	KO	status.find.is(200), but actually found 400
REQUEST	injecteur 2	9		request_1	1462879759205	1462879759239	KO	status.find.is(200), but actually found 400
REQUEST	injecteur 5	10		request_4	1462879759205	1462879759240	KO	status.find.is(200), but actually found 400
REQUEST	injecteur 8	4		request_7	1462879759206	1462879759241	KO	status.find.is(200), but actually found 400
REQUEST	injecteur 10	5		request_9	1462879759208	1462879759242	KO	status.find.is(200), but actually found 400
REQUEST	injecteur 3	3		request_2	1462879759222	1462879759255	KO	status.find.is(200), but actually found 400
REQUEST	injecteur 1	7		request_0	1462879759222	1462879759255	KO	status.find.is(200), but actually found 400
REQUEST	injecteur 4	1		request_3	1462879759224	1462879759256	KO	status.find.is(200), but actually found 400
REQUEST	injecteur 7	2		request_6	1462879759226	1462879759258	KO	status.find.is(200), but actually found 400
REQUEST	injecteur 9	6		request_8	1462879759240	1462879759267	KO	status.find.is(200), but actually found 400
REQUEST	injecteur 6	8		request_5	1462879759240	1462879759268	KO	status.find.is(200), but actually found 400
REQUEST	injecteur 2	9		request_1	1462879759241	1462879759269	KO	status.find.is(200), but actually found 400
REQUEST	injecteur 5	10		request_4	1462879759242	1462879759270	KO	status.find.is(200), but actually found 400
REQUEST	injecteur 8	4		request_7	1462879759242	1462879759271	KO	status.find.is(200), but actually found 400
REQUEST	injecteur 10	5		request_9	1462879759244	1462879759272	KO	status.find.is(200), but actually found 400
REQUEST	injecteur 3	3		request_2	1462879759256	1462879759282	KO	status.find.is(200), but actually found 400
REQUEST	injecteur 1	7		request_0	1462879759256	1462879759283	KO	status.find.is(200), but actually found 400
REQUEST	injecteur 4	1		request_3	1462879759257	1462879759284	KO	status.find.is(200), but actually found 400
REQUEST	injecteur 7	2		request_6	1462879759259	1462879759286	KO	status.find.is(200), but actually found 400
REQUEST	injecteur 6	8		request_5	1462879759270	1462879759297	KO	status.find.is(200), but actually found 400
REQUEST	injecteur 9	6		request_8	1462879759270	1462879759297	KO	status.find.is(200), but actually found 400
REQUEST	injecteur 2	9		request_1	1462879759272	1462879759299	KO	status.find.is(200), but actually found 400
REQUEST	injecteur 5	10		request_4	1462879759273	1462879759299	KO	status.find.is(200), but actually found 400
REQUEST	injecteur 10	5		request_9	1462879759273	1462879759301	KO	status.find.is(200), but actually found 400
REQUEST	injecteur 8	4		request_7	1462879759273	1462879759301	KO	status.find.is(200), but actually found 400
REQUEST	injecteur 3	3		request_2	1462879759283	1462879759316	KO	status.find.is(200), but actually found 400
REQUEST	injecteur 4	1		request_3	1462879759285	1462879759316	KO	status.find.is(200), but actually found 400
REQUEST	injecteur 1	7		request_0	1462879759285	1462879759317	KO	status.find.is(200), but actually found 400
REQUEST	injecteur 7	2		request_6	1462879759287	1462879759319	KO	status.find.is(200), but actually found 400
REQUEST	injecteur 6	8		request_5	1462879759298	1462879759331	KO	status.find.is(200), but actually found 400
REQUEST	injecteur 9	6		request_8	1462879759300	1462879759331	KO	status.find.is(200), but actually found 400
REQUEST	injecteur 2	9		request_1	1462879759302	1462879759332	KO	status.find.is(200), but actually found 400
REQUEST	injecteur 5	10		request_4	1462879759304	1462879759334	KO	status.find.is(200), but actually found 400
REQUEST	injecteur 10	5		request_9	1462879759304	1462879759335	KO	status.find.is(200), but actually found 400
REQUEST	injecteur 8	4		request_7	1462879759304	1462879759336	KO	status.find.is(200), but actually found 400
REQUEST	injecteur 3	3		request_2	1462879759317	1462879759349	KO	status.find.is(200), but actually found 400
REQUEST	injecteur 4	1		request_3	1462879759320	1462879759350	KO	status.find.is(200), but actually found 400
REQUEST	injecteur 1	7		request_0	1462879759321	1462879759351	KO	status.find.is(200), but actually found 400
REQUEST	injecteur 7	2		request_6	1462879759323	1462879759352	KO	status.find.is(200), but actually found 400
REQUEST	injecteur 6	8		request_5	1462879759332	1462879759367	KO	status.find.is(200), but actually found 400
REQUEST	injecteur 9	6		request_8	1462879759332	1462879759367	KO	status.find.is(200), but actually found 400
REQUEST	injecteur 2	9		request_1	1462879759333	1462879759368	KO	status.find.is(200), but actually found 400
REQUEST	injecteur 5	10		request_4	1462879759335	1462879759369	KO	status.find.is(200), but actually found 400
REQUEST	injecteur 10	5		request_9	1462879759338	1462879759370	KO	status.find.is(200), but actually found 400
REQUEST	injecteur 8	4		request_7	1462879759338	1462879759371	KO	status.find.is(200), but actually found 400
REQUEST	injecteur 3	3		request_2	1462879759350	1462879759387	KO	status.find.is(200), but actually found 400
REQUEST	injecteur 4	1		request_3	1462879759352	1462879759388	KO	status.find.is(200), but actually found 400
REQUEST	injecteur 1	7		request_0	1462879759353	1462879759389	KO	status.find.is(200), but actually found 400
REQUEST	injecteur 7	2		request_6	1462879759354	1462879759390	KO	status.find.is(200), but actually found 400
REQUEST	injecteur 6	8		request_5	1462879759369	1462879759400	KO	status.find.is(200), but actually found 400
REQUEST	injecteur 9	6		request_8	1462879759372	1462879759401	KO	status.find.is(200), but actually found 400
REQUEST	injecteur 2	9		request_1	1462879759374	1462879759402	KO	status.find.is(200), but actually found 400
REQUEST	injecteur 5	10		request_4	1462879759376	1462879759403	KO	status.find.is(200), but actually found 400
REQUEST	injecteur 8	4		request_7	1462879759377	1462879759403	KO	status.find.is(200), but actually found 400
REQUEST	injecteur 10	5		request_9	1462879759377	1462879759405	KO	status.find.is(200), but actually found 400
REQUEST	injecteur 3	3		request_2	1462879759389	1462879759418	KO	status.find.is(200), but actually found 400
REQUEST	injecteur 4	1		request_3	1462879759389	1462879759419	KO	status.find.is(200), but actually found 400
REQUEST	injecteur 1	7		request_0	1462879759390	1462879759420	KO	status.find.is(200), but actually found 400
REQUEST	injecteur 7	2		request_6	1462879759391	1462879759421	KO	status.find.is(200), but actually found 400
REQUEST	injecteur 6	8		request_5	1462879759403	1462879759437	KO	status.find.is(200), but actually found 400
REQUEST	injecteur 9	6		request_8	1462879759405	1462879759438	KO	status.find.is(200), but actually found 400
REQUEST	injecteur 2	9		request_1	1462879759406	1462879759439	KO	status.find.is(200), but actually found 400
REQUEST	injecteur 5	10		request_4	1462879759406	1462879759441	KO	status.find.is(200), but actually found 400
REQUEST	injecteur 10	5		request_9	1462879759409	1462879759442	KO	status.find.is(200), but actually found 400
REQUEST	injecteur 8	4		request_7	1462879759406	1462879759445	KO	status.find.is(200), but actually found 400
REQUEST	injecteur 3	3		request_2	1462879759421	1462879759467	KO	status.find.is(200), but actually found 400
REQUEST	injecteur 1	7		request_0	1462879759423	1462879759470	KO	status.find.is(200), but actually found 400
REQUEST	injecteur 4	1		request_3	1462879759421	1462879759468	KO	status.find.is(200), but actually found 400
REQUEST	injecteur 7	2		request_6	1462879759425	1462879759474	KO	status.find.is(200), but actually found 400
REQUEST	injecteur 6	8		request_5	1462879759439	1462879759488	KO	status.find.is(200), but actually found 400
REQUEST	injecteur 9	6		request_8	1462879759444	1462879759489	KO	status.find.is(200), but actually found 400
REQUEST	injecteur 2	9		request_1	1462879759447	1462879759492	KO	status.find.is(200), but actually found 400
REQUEST	injecteur 5	10		request_4	1462879759448	1462879759493	KO	status.find.is(200), but actually found 400
REQUEST	injecteur 10	5		request_9	1462879759451	1462879759494	KO	status.find.is(200), but actually found 400
REQUEST	injecteur 8	4		request_7	1462879759451	1462879759497	KO	status.find.is(200), but actually found 400
REQUEST	injecteur 3	3		request_2	1462879759468	1462879759511	KO	status.find.is(200), but actually found 400
REQUEST	injecteur 1	7		request_0	1462879759472	1462879759511	KO	status.find.is(200), but actually found 400
REQUEST	injecteur 4	1		request_3	1462879759475	1462879759513	KO	status.find.is(200), but actually found 400
REQUEST	injecteur 7	2		request_6	1462879759475	1462879759514	KO	status.find.is(200), but actually found 400
REQUEST	injecteur 6	8		request_5	1462879759490	1462879759534	KO	status.find.is(200), but actually found 400
REQUEST	injecteur 2	9		request_1	1462879759494	1462879759536	KO	status.find.is(200), but actually found 400
REQUEST	injecteur 5	10		request_4	1462879759494	1462879759538	KO	status.find.is(200), but actually found 400
REQUEST	injecteur 9	6		request_8	1462879759491	1462879759538	KO	status.find.is(200), but actually found 400
REQUEST	injecteur 10	5		request_9	1462879759496	1462879759539	KO	status.find.is(200), but actually found 400
REQUEST	injecteur 8	4		request_7	1462879759498	1462879759547	KO	status.find.is(200), but actually found 400
REQUEST	injecteur 3	3		request_2	1462879759512	1462879759566	KO	status.find.is(200), but actually found 400
REQUEST	injecteur 1	7		request_0	1462879759513	1462879759567	KO	status.find.is(200), but actually found 400
REQUEST	injecteur 4	1		request_3	1462879759514	1462879759571	KO	status.find.is(200), but actually found 400
REQUEST	injecteur 7	2		request_6	1462879759520	1462879759574	KO	status.find.is(200), but actually found 400
REQUEST	injecteur 6	8		request_5	1462879759540	1462879759593	KO	status.find.is(200), but actually found 400
REQUEST	injecteur 2	9		request_1	1462879759543	1462879759594	KO	status.find.is(200), but actually found 400
REQUEST	injecteur 5	10		request_4	1462879759546	1462879759595	KO	status.find.is(200), but actually found 400
REQUEST	injecteur 10	5		request_9	1462879759551	1462879759598	KO	status.find.is(200), but actually found 400
REQUEST	injecteur 8	4		request_7	1462879759555	1462879759598	KO	status.find.is(200), but actually found 400
REQUEST	injecteur 9	6		request_8	1462879759548	1462879759598	KO	status.find.is(200), but actually found 400
REQUEST	injecteur 3	3		request_2	1462879759568	1462879759622	KO	status.find.is(200), but actually found 400
REQUEST	injecteur 1	7		request_0	1462879759569	1462879759623	KO	status.find.is(200), but actually found 400
REQUEST	injecteur 4	1		request_3	1462879759575	1462879759624	KO	status.find.is(200), but actually found 400
REQUEST	injecteur 7	2		request_6	1462879759578	1462879759632	KO	status.find.is(200), but actually found 400
REQUEST	injecteur 6	8		request_5	1462879759599	1462879759643	KO	status.find.is(200), but actually found 400
REQUEST	injecteur 2	9		request_1	1462879759606	1462879759658	KO	status.find.is(200), but actually found 400
REQUEST	injecteur 5	10		request_4	1462879759610	1462879759658	KO	status.find.is(200), but actually found 400
REQUEST	injecteur 8	4		request_7	1462879759612	1462879759662	KO	status.find.is(200), but actually found 400
REQUEST	injecteur 10	5		request_9	1462879759612	1462879759662	KO	status.find.is(200), but actually found 400
REQUEST	injecteur 9	6		request_8	1462879759614	1462879759667	KO	status.find.is(200), but actually found 400
REQUEST	injecteur 3	3		request_2	1462879759631	1462879759686	KO	status.find.is(200), but actually found 400
REQUEST	injecteur 1	7		request_0	1462879759636	1462879759688	KO	status.find.is(200), but actually found 400
REQUEST	injecteur 7	2		request_6	1462879759644	1462879759690	KO	status.find.is(200), but actually found 400
REQUEST	injecteur 4	1		request_3	1462879759640	1462879759689	KO	status.find.is(200), but actually found 400
REQUEST	injecteur 6	8		request_5	1462879759645	1462879759692	KO	status.find.is(200), but actually found 400
REQUEST	injecteur 2	9		request_1	1462879759659	1462879759711	KO	status.find.is(200), but actually found 400
REQUEST	injecteur 5	10		request_4	1462879759661	1462879759712	KO	status.find.is(200), but actually found 400
REQUEST	injecteur 8	4		request_7	1462879759663	1462879759713	KO	status.find.is(200), but actually found 400
REQUEST	injecteur 9	6		request_8	1462879759675	1462879759716	KO	status.find.is(200), but actually found 400
REQUEST	injecteur 10	5		request_9	1462879759664	1462879759716	KO	status.find.is(200), but actually found 400
REQUEST	injecteur 3	3		request_2	1462879759688	1462879759736	KO	status.find.is(200), but actually found 400
REQUEST	injecteur 1	7		request_0	1462879759691	1462879759737	KO	status.find.is(200), but actually found 400
REQUEST	injecteur 7	2		request_6	1462879759694	1462879759739	KO	status.find.is(200), but actually found 400
REQUEST	injecteur 4	1		request_3	1462879759696	1462879759741	KO	status.find.is(200), but actually found 400
REQUEST	injecteur 6	8		request_5	1462879759698	1462879759743	KO	status.find.is(200), but actually found 400
REQUEST	injecteur 2	9		request_1	1462879759713	1462879759757	KO	status.find.is(200), but actually found 400
REQUEST	injecteur 5	10		request_4	1462879759714	1462879759758	KO	status.find.is(200), but actually found 400
REQUEST	injecteur 8	4		request_7	1462879759714	1462879759759	KO	status.find.is(200), but actually found 400
REQUEST	injecteur 9	6		request_8	1462879759717	1462879759760	KO	status.find.is(200), but actually found 400
REQUEST	injecteur 10	5		request_9	1462879759722	1462879759763	KO	status.find.is(200), but actually found 400
REQUEST	injecteur 3	3		request_2	1462879759738	1462879759778	KO	status.find.is(200), but actually found 400
REQUEST	injecteur 1	7		request_0	1462879759740	1462879759778	KO	status.find.is(200), but actually found 400
REQUEST	injecteur 4	1		request_3	1462879759743	1462879759780	KO	status.find.is(200), but actually found 400
REQUEST	injecteur 7	2		request_6	1462879759742	1462879759780	KO	status.find.is(200), but actually found 400
REQUEST	injecteur 6	8		request_5	1462879759745	1462879759782	KO	status.find.is(200), but actually found 400
REQUEST	injecteur 2	9		request_1	1462879759759	1462879759799	KO	status.find.is(200), but actually found 400
REQUEST	injecteur 5	10		request_4	1462879759760	1462879759800	KO	status.find.is(200), but actually found 400
REQUEST	injecteur 8	4		request_7	1462879759761	1462879759803	KO	status.find.is(200), but actually found 400
REQUEST	injecteur 9	6		request_8	1462879759762	1462879759805	KO	status.find.is(200), but actually found 400
REQUEST	injecteur 10	5		request_9	1462879759765	1462879759805	KO	status.find.is(200), but actually found 400
REQUEST	injecteur 3	3		request_2	1462879759779	1462879759826	KO	status.find.is(200), but actually found 400
REQUEST	injecteur 4	1		request_3	1462879759781	1462879759827	KO	status.find.is(200), but actually found 400
REQUEST	injecteur 1	7		request_0	1462879759781	1462879759828	KO	status.find.is(200), but actually found 400
REQUEST	injecteur 7	2		request_6	1462879759783	1462879759831	KO	status.find.is(200), but actually found 400
REQUEST	injecteur 6	8		request_5	1462879759784	1462879759833	KO	status.find.is(200), but actually found 400
REQUEST	injecteur 2	9		request_1	1462879759801	1462879759854	KO	status.find.is(200), but actually found 400
REQUEST	injecteur 5	10		request_4	1462879759804	1462879759855	KO	status.find.is(200), but actually found 400
REQUEST	injecteur 8	4		request_7	1462879759804	1462879759856	KO	status.find.is(200), but actually found 400
REQUEST	injecteur 10	5		request_9	1462879759812	1462879759858	KO	status.find.is(200), but actually found 400
REQUEST	injecteur 9	6		request_8	1462879759812	1462879759859	KO	status.find.is(200), but actually found 400
REQUEST	injecteur 3	3		request_2	1462879759827	1462879759878	KO	status.find.is(200), but actually found 400
REQUEST	injecteur 4	1		request_3	1462879759829	1462879759879	KO	status.find.is(200), but actually found 400
REQUEST	injecteur 1	7		request_0	1462879759831	1462879759880	KO	status.find.is(200), but actually found 400
REQUEST	injecteur 7	2		request_6	1462879759842	1462879759883	KO	status.find.is(200), but actually found 400
REQUEST	injecteur 6	8		request_5	1462879759844	1462879759883	KO	status.find.is(200), but actually found 400
REQUEST	injecteur 2	9		request_1	1462879759856	1462879759901	KO	status.find.is(200), but actually found 400
REQUEST	injecteur 8	4		request_7	1462879759857	1462879759901	KO	status.find.is(200), but actually found 400
REQUEST	injecteur 10	5		request_9	1462879759859	1462879759905	KO	status.find.is(200), but actually found 400
REQUEST	injecteur 5	10		request_4	1462879759857	1462879759906	KO	status.find.is(200), but actually found 400
REQUEST	injecteur 9	6		request_8	1462879759861	1462879759906	KO	status.find.is(200), but actually found 400
REQUEST	injecteur 3	3		request_2	1462879759879	1462879759923	KO	status.find.is(200), but actually found 400
REQUEST	injecteur 4	1		request_3	1462879759881	1462879759924	KO	status.find.is(200), but actually found 400
REQUEST	injecteur 1	7		request_0	1462879759881	1462879759925	KO	status.find.is(200), but actually found 400
REQUEST	injecteur 7	2		request_6	1462879759884	1462879759926	KO	status.find.is(200), but actually found 400
REQUEST	injecteur 6	8		request_5	1462879759886	1462879759927	KO	status.find.is(200), but actually found 400
REQUEST	injecteur 2	9		request_1	1462879759902	1462879759943	KO	status.find.is(200), but actually found 400
REQUEST	injecteur 8	4		request_7	1462879759907	1462879759943	KO	status.find.is(200), but actually found 400
REQUEST	injecteur 10	5		request_9	1462879759909	1462879759945	KO	status.find.is(200), but actually found 400
REQUEST	injecteur 5	10		request_4	1462879759909	1462879759946	KO	status.find.is(200), but actually found 400
REQUEST	injecteur 9	6		request_8	1462879759910	1462879759947	KO	status.find.is(200), but actually found 400
REQUEST	injecteur 3	3		request_2	1462879759924	1462879759964	KO	status.find.is(200), but actually found 400
REQUEST	injecteur 4	1		request_3	1462879759926	1462879759965	KO	status.find.is(200), but actually found 400
REQUEST	injecteur 1	7		request_0	1462879759927	1462879759966	KO	status.find.is(200), but actually found 400
REQUEST	injecteur 7	2		request_6	1462879759928	1462879759968	KO	status.find.is(200), but actually found 400
REQUEST	injecteur 6	8		request_5	1462879759928	1462879759971	KO	status.find.is(200), but actually found 400
REQUEST	injecteur 2	9		request_1	1462879759944	1462879759987	KO	status.find.is(200), but actually found 400
REQUEST	injecteur 8	4		request_7	1462879759944	1462879759988	KO	status.find.is(200), but actually found 400
REQUEST	injecteur 10	5		request_9	1462879759946	1462879759989	KO	status.find.is(200), but actually found 400
REQUEST	injecteur 5	10		request_4	1462879759948	1462879759990	KO	status.find.is(200), but actually found 400
REQUEST	injecteur 9	6		request_8	1462879759948	1462879759992	KO	status.find.is(200), but actually found 400
REQUEST	injecteur 3	3		request_2	1462879759965	1462879760010	KO	status.find.is(200), but actually found 400
REQUEST	injecteur 4	1		request_3	1462879759966	1462879760011	KO	status.find.is(200), but actually found 400
REQUEST	injecteur 7	2		request_6	1462879759974	1462879760014	KO	status.find.is(200), but actually found 400
REQUEST	injecteur 1	7		request_0	1462879759973	1462879760013	KO	status.find.is(200), but actually found 400
REQUEST	injecteur 6	8		request_5	1462879759976	1462879760014	KO	status.find.is(200), but actually found 400
