ASSERTION	AAMBAAMDBABk
RUN	Injections		injections	1461921262027	 	2.0
USER	injecteur 4	1	START	1461921263122	1461921263122
USER	injecteur 7	2	START	1461921263193	1461921263193
USER	injecteur 3	3	START	1461921263196	1461921263196
USER	injecteur 8	4	START	1461921263198	1461921263198
USER	injecteur 10	5	START	1461921263202	1461921263202
USER	injecteur 9	6	START	1461921263204	1461921263204
USER	injecteur 1	7	START	1461921263208	1461921263208
USER	injecteur 6	8	START	1461921263210	1461921263210
USER	injecteur 2	9	START	1461921263217	1461921263217
USER	injecteur 5	10	START	1461921263219	1461921263219
REQUEST	injecteur 4	1		request_4	1461921263183	1461921263214	KO	status.find.is(200), but actually found 400
REQUEST	injecteur 6	8		request_6	1461921263210	1461921263308	KO	status.find.is(200), but actually found 400
REQUEST	injecteur 1	7		request_1	1461921263209	1461921263314	KO	status.find.is(200), but actually found 400
REQUEST	injecteur 9	6		request_9	1461921263206	1461921263306	KO	status.find.is(200), but actually found 400
REQUEST	injecteur 8	4		request_8	1461921263199	1461921263283	KO	status.find.is(200), but actually found 400
REQUEST	injecteur 7	2		request_7	1461921263194	1461921263335	KO	status.find.is(200), but actually found 400
REQUEST	injecteur 10	5		request_10	1461921263203	1461921263268	KO	status.find.is(200), but actually found 400
REQUEST	injecteur 3	3		request_3	1461921263196	1461921263253	KO	status.find.is(200), but actually found 400
REQUEST	injecteur 5	10		request_5	1461921263220	1461921263348	KO	status.find.is(200), but actually found 400
REQUEST	injecteur 6	8		request_6	1461921263336	1461921263360	KO	status.find.is(200), but actually found 400
REQUEST	injecteur 4	1		request_4	1461921263333	1461921263367	KO	status.find.is(200), but actually found 400
REQUEST	injecteur 1	7		request_1	1461921263339	1461921263396	KO	status.find.is(200), but actually found 400
REQUEST	injecteur 2	9		request_2	1461921263218	1461921263396	KO	status.find.is(200), but actually found 400
REQUEST	injecteur 8	4		request_8	1461921263341	1461921263397	KO	status.find.is(200), but actually found 400
REQUEST	injecteur 9	6		request_9	1461921263341	1461921263402	KO	status.find.is(200), but actually found 400
REQUEST	injecteur 7	2		request_7	1461921263344	1461921263403	KO	status.find.is(200), but actually found 400
REQUEST	injecteur 5	10		request_5	1461921263351	1461921263411	KO	status.find.is(200), but actually found 400
REQUEST	injecteur 10	5		request_10	1461921263347	1461921263414	KO	status.find.is(200), but actually found 400
REQUEST	injecteur 6	8		request_6	1461921263362	1461921263438	KO	status.find.is(200), but actually found 400
REQUEST	injecteur 3	3		request_3	1461921263353	1461921263436	KO	status.find.is(200), but actually found 400
REQUEST	injecteur 4	1		request_4	1461921263377	1461921263446	KO	status.find.is(200), but actually found 400
REQUEST	injecteur 1	7		request_1	1461921263398	1461921263468	KO	status.find.is(200), but actually found 400
REQUEST	injecteur 8	4		request_8	1461921263403	1461921263472	KO	status.find.is(200), but actually found 400
REQUEST	injecteur 9	6		request_9	1461921263406	1461921263477	KO	status.find.is(200), but actually found 400
REQUEST	injecteur 7	2		request_7	1461921263408	1461921263478	KO	status.find.is(200), but actually found 400
REQUEST	injecteur 2	9		request_2	1461921263401	1461921263484	KO	status.find.is(200), but actually found 400
REQUEST	injecteur 5	10		request_5	1461921263418	1461921263502	KO	status.find.is(200), but actually found 400
REQUEST	injecteur 10	5		request_10	1461921263425	1461921263503	KO	status.find.is(200), but actually found 400
REQUEST	injecteur 6	8		request_6	1461921263441	1461921263504	KO	status.find.is(200), but actually found 400
REQUEST	injecteur 3	3		request_3	1461921263450	1461921263509	KO	status.find.is(200), but actually found 400
REQUEST	injecteur 4	1		request_4	1461921263460	1461921263533	KO	status.find.is(200), but actually found 400
REQUEST	injecteur 1	7		request_1	1461921263470	1461921263534	KO	status.find.is(200), but actually found 400
REQUEST	injecteur 8	4		request_8	1461921263474	1461921263535	KO	status.find.is(200), but actually found 400
REQUEST	injecteur 9	6		request_9	1461921263480	1461921263536	KO	status.find.is(200), but actually found 400
REQUEST	injecteur 7	2		request_7	1461921263482	1461921263537	KO	status.find.is(200), but actually found 400
REQUEST	injecteur 2	9		request_2	1461921263487	1461921263544	KO	status.find.is(200), but actually found 400
REQUEST	injecteur 5	10		request_5	1461921263505	1461921263565	KO	status.find.is(200), but actually found 400
REQUEST	injecteur 6	8		request_6	1461921263508	1461921263567	KO	status.find.is(200), but actually found 400
REQUEST	injecteur 10	5		request_10	1461921263507	1461921263568	KO	status.find.is(200), but actually found 400
REQUEST	injecteur 3	3		request_3	1461921263511	1461921263569	KO	status.find.is(200), but actually found 400
REQUEST	injecteur 4	1		request_4	1461921263537	1461921263592	KO	status.find.is(200), but actually found 400
REQUEST	injecteur 1	7		request_1	1461921263539	1461921263594	KO	status.find.is(200), but actually found 400
REQUEST	injecteur 9	6		request_9	1461921263542	1461921263596	KO	status.find.is(200), but actually found 400
REQUEST	injecteur 8	4		request_8	1461921263542	1461921263597	KO	status.find.is(200), but actually found 400
REQUEST	injecteur 7	2		request_7	1461921263545	1461921263600	KO	status.find.is(200), but actually found 400
REQUEST	injecteur 2	9		request_2	1461921263549	1461921263605	KO	status.find.is(200), but actually found 400
REQUEST	injecteur 5	10		request_5	1461921263567	1461921263627	KO	status.find.is(200), but actually found 400
REQUEST	injecteur 10	5		request_10	1461921263570	1461921263628	KO	status.find.is(200), but actually found 400
REQUEST	injecteur 6	8		request_6	1461921263571	1461921263630	KO	status.find.is(200), but actually found 400
REQUEST	injecteur 3	3		request_3	1461921263574	1461921263634	KO	status.find.is(200), but actually found 400
REQUEST	injecteur 4	1		request_4	1461921263596	1461921263656	KO	status.find.is(200), but actually found 400
REQUEST	injecteur 1	7		request_1	1461921263601	1461921263656	KO	status.find.is(200), but actually found 400
REQUEST	injecteur 9	6		request_9	1461921263601	1461921263660	KO	status.find.is(200), but actually found 400
REQUEST	injecteur 8	4		request_8	1461921263604	1461921263661	KO	status.find.is(200), but actually found 400
REQUEST	injecteur 2	9		request_2	1461921263608	1461921263662	KO	status.find.is(200), but actually found 400
REQUEST	injecteur 7	2		request_7	1461921263604	1461921263663	KO	status.find.is(200), but actually found 400
REQUEST	injecteur 5	10		request_5	1461921263635	1461921263686	KO	status.find.is(200), but actually found 400
REQUEST	injecteur 6	8		request_6	1461921263637	1461921263687	KO	status.find.is(200), but actually found 400
REQUEST	injecteur 10	5		request_10	1461921263639	1461921263688	KO	status.find.is(200), but actually found 400
REQUEST	injecteur 3	3		request_3	1461921263643	1461921263691	KO	status.find.is(200), but actually found 400
REQUEST	injecteur 4	1		request_4	1461921263658	1461921263716	KO	status.find.is(200), but actually found 400
REQUEST	injecteur 1	7		request_1	1461921263659	1461921263717	KO	status.find.is(200), but actually found 400
REQUEST	injecteur 8	4		request_8	1461921263664	1461921263718	KO	status.find.is(200), but actually found 400
REQUEST	injecteur 9	6		request_9	1461921263667	1461921263720	KO	status.find.is(200), but actually found 400
REQUEST	injecteur 2	9		request_2	1461921263668	1461921263721	KO	status.find.is(200), but actually found 400
REQUEST	injecteur 7	2		request_7	1461921263670	1461921263721	KO	status.find.is(200), but actually found 400
REQUEST	injecteur 5	10		request_5	1461921263688	1461921263744	KO	status.find.is(200), but actually found 400
REQUEST	injecteur 6	8		request_6	1461921263690	1461921263744	KO	status.find.is(200), but actually found 400
REQUEST	injecteur 10	5		request_10	1461921263693	1461921263747	KO	status.find.is(200), but actually found 400
REQUEST	injecteur 3	3		request_3	1461921263694	1461921263752	KO	status.find.is(200), but actually found 400
REQUEST	injecteur 4	1		request_4	1461921263719	1461921263776	KO	status.find.is(200), but actually found 400
REQUEST	injecteur 1	7		request_1	1461921263723	1461921263777	KO	status.find.is(200), but actually found 400
REQUEST	injecteur 9	6		request_9	1461921263728	1461921263779	KO	status.find.is(200), but actually found 400
REQUEST	injecteur 2	9		request_2	1461921263728	1461921263781	KO	status.find.is(200), but actually found 400
REQUEST	injecteur 7	2		request_7	1461921263731	1461921263781	KO	status.find.is(200), but actually found 400
REQUEST	injecteur 8	4		request_8	1461921263726	1461921263782	KO	status.find.is(200), but actually found 400
REQUEST	injecteur 5	10		request_5	1461921263748	1461921263809	KO	status.find.is(200), but actually found 400
REQUEST	injecteur 10	5		request_10	1461921263753	1461921263811	KO	status.find.is(200), but actually found 400
REQUEST	injecteur 6	8		request_6	1461921263750	1461921263810	KO	status.find.is(200), but actually found 400
REQUEST	injecteur 3	3		request_3	1461921263755	1461921263819	KO	status.find.is(200), but actually found 400
REQUEST	injecteur 4	1		request_4	1461921263779	1461921263838	KO	status.find.is(200), but actually found 400
REQUEST	injecteur 1	7		request_1	1461921263785	1461921263838	KO	status.find.is(200), but actually found 400
REQUEST	injecteur 2	9		request_2	1461921263788	1461921263842	KO	status.find.is(200), but actually found 400
REQUEST	injecteur 9	6		request_9	1461921263785	1461921263842	KO	status.find.is(200), but actually found 400
REQUEST	injecteur 8	4		request_8	1461921263793	1461921263845	KO	status.find.is(200), but actually found 400
REQUEST	injecteur 7	2		request_7	1461921263789	1461921263845	KO	status.find.is(200), but actually found 400
REQUEST	injecteur 5	10		request_5	1461921263813	1461921263869	KO	status.find.is(200), but actually found 400
REQUEST	injecteur 10	5		request_10	1461921263817	1461921263871	KO	status.find.is(200), but actually found 400
REQUEST	injecteur 6	8		request_6	1461921263821	1461921263872	KO	status.find.is(200), but actually found 400
REQUEST	injecteur 3	3		request_3	1461921263824	1461921263879	KO	status.find.is(200), but actually found 400
REQUEST	injecteur 1	7		request_1	1461921263840	1461921263900	KO	status.find.is(200), but actually found 400
REQUEST	injecteur 4	1		request_4	1461921263839	1461921263901	KO	status.find.is(200), but actually found 400
REQUEST	injecteur 2	9		request_2	1461921263845	1461921263904	KO	status.find.is(200), but actually found 400
REQUEST	injecteur 8	4		request_8	1461921263847	1461921263904	KO	status.find.is(200), but actually found 400
REQUEST	injecteur 9	6		request_9	1461921263847	1461921263906	KO	status.find.is(200), but actually found 400
REQUEST	injecteur 7	2		request_7	1461921263853	1461921263908	KO	status.find.is(200), but actually found 400
REQUEST	injecteur 5	10		request_5	1461921263872	1461921263928	KO	status.find.is(200), but actually found 400
REQUEST	injecteur 6	8		request_6	1461921263875	1461921263930	KO	status.find.is(200), but actually found 400
REQUEST	injecteur 10	5		request_10	1461921263873	1461921263930	KO	status.find.is(200), but actually found 400
REQUEST	injecteur 3	3		request_3	1461921263881	1461921263935	KO	status.find.is(200), but actually found 400
REQUEST	injecteur 1	7		request_1	1461921263902	1461921263957	KO	status.find.is(200), but actually found 400
REQUEST	injecteur 4	1		request_4	1461921263903	1461921263958	KO	status.find.is(200), but actually found 400
REQUEST	injecteur 2	9		request_2	1461921263905	1461921263962	KO	status.find.is(200), but actually found 400
REQUEST	injecteur 8	4		request_8	1461921263907	1461921263962	KO	status.find.is(200), but actually found 400
REQUEST	injecteur 9	6		request_9	1461921263909	1461921263964	KO	status.find.is(200), but actually found 400
REQUEST	injecteur 7	2		request_7	1461921263911	1461921263967	KO	status.find.is(200), but actually found 400
REQUEST	injecteur 5	10		request_5	1461921263931	1461921263984	KO	status.find.is(200), but actually found 400
REQUEST	injecteur 6	8		request_6	1461921263931	1461921263985	KO	status.find.is(200), but actually found 400
REQUEST	injecteur 10	5		request_10	1461921263934	1461921263986	KO	status.find.is(200), but actually found 400
REQUEST	injecteur 3	3		request_3	1461921263937	1461921263997	KO	status.find.is(200), but actually found 400
REQUEST	injecteur 1	7		request_1	1461921263959	1461921264010	KO	status.find.is(200), but actually found 400
REQUEST	injecteur 8	4		request_8	1461921263964	1461921264013	KO	status.find.is(200), but actually found 400
REQUEST	injecteur 4	1		request_4	1461921263961	1461921264012	KO	status.find.is(200), but actually found 400
REQUEST	injecteur 9	6		request_9	1461921263965	1461921264016	KO	status.find.is(200), but actually found 400
REQUEST	injecteur 7	2		request_7	1461921263968	1461921264017	KO	status.find.is(200), but actually found 400
REQUEST	injecteur 2	9		request_2	1461921263963	1461921264020	KO	status.find.is(200), but actually found 400
REQUEST	injecteur 5	10		request_5	1461921263987	1461921264042	KO	status.find.is(200), but actually found 400
REQUEST	injecteur 6	8		request_6	1461921263989	1461921264043	KO	status.find.is(200), but actually found 400
REQUEST	injecteur 10	5		request_10	1461921263998	1461921264051	KO	status.find.is(200), but actually found 400
REQUEST	injecteur 3	3		request_3	1461921263998	1461921264054	KO	status.find.is(200), but actually found 400
REQUEST	injecteur 1	7		request_1	1461921264014	1461921264071	KO	status.find.is(200), but actually found 400
REQUEST	injecteur 8	4		request_8	1461921264015	1461921264072	KO	status.find.is(200), but actually found 400
REQUEST	injecteur 4	1		request_4	1461921264019	1461921264073	KO	status.find.is(200), but actually found 400
REQUEST	injecteur 9	6		request_9	1461921264022	1461921264077	KO	status.find.is(200), but actually found 400
REQUEST	injecteur 7	2		request_7	1461921264024	1461921264078	KO	status.find.is(200), but actually found 400
REQUEST	injecteur 2	9		request_2	1461921264034	1461921264095	KO	status.find.is(200), but actually found 400
REQUEST	injecteur 5	10		request_5	1461921264046	1461921264095	KO	status.find.is(200), but actually found 400
REQUEST	injecteur 6	8		request_6	1461921264046	1461921264097	KO	status.find.is(200), but actually found 400
REQUEST	injecteur 10	5		request_10	1461921264055	1461921264099	KO	status.find.is(200), but actually found 400
REQUEST	injecteur 3	3		request_3	1461921264066	1461921264117	KO	status.find.is(200), but actually found 400
REQUEST	injecteur 1	7		request_1	1461921264073	1461921264118	KO	status.find.is(200), but actually found 400
REQUEST	injecteur 8	4		request_8	1461921264075	1461921264119	KO	status.find.is(200), but actually found 400
REQUEST	injecteur 4	1		request_4	1461921264075	1461921264120	KO	status.find.is(200), but actually found 400
REQUEST	injecteur 9	6		request_9	1461921264079	1461921264122	KO	status.find.is(200), but actually found 400
REQUEST	injecteur 7	2		request_7	1461921264081	1461921264122	KO	status.find.is(200), but actually found 400
REQUEST	injecteur 2	9		request_2	1461921264097	1461921264140	KO	status.find.is(200), but actually found 400
REQUEST	injecteur 5	10		request_5	1461921264097	1461921264140	KO	status.find.is(200), but actually found 400
REQUEST	injecteur 10	5		request_10	1461921264101	1461921264141	KO	status.find.is(200), but actually found 400
REQUEST	injecteur 6	8		request_6	1461921264101	1461921264142	KO	status.find.is(200), but actually found 400
REQUEST	injecteur 3	3		request_3	1461921264119	1461921264159	KO	status.find.is(200), but actually found 400
REQUEST	injecteur 1	7		request_1	1461921264119	1461921264159	KO	status.find.is(200), but actually found 400
REQUEST	injecteur 8	4		request_8	1461921264121	1461921264160	KO	status.find.is(200), but actually found 400
REQUEST	injecteur 4	1		request_4	1461921264123	1461921264161	KO	status.find.is(200), but actually found 400
REQUEST	injecteur 9	6		request_9	1461921264124	1461921264164	KO	status.find.is(200), but actually found 400
REQUEST	injecteur 7	2		request_7	1461921264126	1461921264165	KO	status.find.is(200), but actually found 400
REQUEST	injecteur 2	9		request_2	1461921264141	1461921264183	KO	status.find.is(200), but actually found 400
REQUEST	injecteur 5	10		request_5	1461921264142	1461921264184	KO	status.find.is(200), but actually found 400
REQUEST	injecteur 10	5		request_10	1461921264145	1461921264185	KO	status.find.is(200), but actually found 400
REQUEST	injecteur 6	8		request_6	1461921264145	1461921264186	KO	status.find.is(200), but actually found 400
REQUEST	injecteur 1	7		request_1	1461921264161	1461921264203	KO	status.find.is(200), but actually found 400
REQUEST	injecteur 8	4		request_8	1461921264162	1461921264203	KO	status.find.is(200), but actually found 400
REQUEST	injecteur 3	3		request_3	1461921264161	1461921264205	KO	status.find.is(200), but actually found 400
REQUEST	injecteur 4	1		request_4	1461921264164	1461921264205	KO	status.find.is(200), but actually found 400
REQUEST	injecteur 9	6		request_9	1461921264166	1461921264206	KO	status.find.is(200), but actually found 400
REQUEST	injecteur 7	2		request_7	1461921264168	1461921264207	KO	status.find.is(200), but actually found 400
REQUEST	injecteur 2	9		request_2	1461921264185	1461921264222	KO	status.find.is(200), but actually found 400
REQUEST	injecteur 5	10		request_5	1461921264187	1461921264222	KO	status.find.is(200), but actually found 400
REQUEST	injecteur 10	5		request_10	1461921264187	1461921264224	KO	status.find.is(200), but actually found 400
REQUEST	injecteur 6	8		request_6	1461921264189	1461921264225	KO	status.find.is(200), but actually found 400
REQUEST	injecteur 1	7		request_1	1461921264204	1461921264241	KO	status.find.is(200), but actually found 400
REQUEST	injecteur 8	4		request_8	1461921264204	1461921264242	KO	status.find.is(200), but actually found 400
REQUEST	injecteur 4	1		request_4	1461921264206	1461921264242	KO	status.find.is(200), but actually found 400
REQUEST	injecteur 9	6		request_9	1461921264208	1461921264245	KO	status.find.is(200), but actually found 400
REQUEST	injecteur 3	3		request_3	1461921264208	1461921264246	KO	status.find.is(200), but actually found 400
REQUEST	injecteur 7	2		request_7	1461921264211	1461921264249	KO	status.find.is(200), but actually found 400
REQUEST	injecteur 2	9		request_2	1461921264224	1461921264261	KO	status.find.is(200), but actually found 400
REQUEST	injecteur 5	10		request_5	1461921264224	1461921264262	KO	status.find.is(200), but actually found 400
REQUEST	injecteur 10	5		request_10	1461921264225	1461921264262	KO	status.find.is(200), but actually found 400
REQUEST	injecteur 6	8		request_6	1461921264226	1461921264264	KO	status.find.is(200), but actually found 400
REQUEST	injecteur 1	7		request_1	1461921264243	1461921264281	KO	status.find.is(200), but actually found 400
REQUEST	injecteur 8	4		request_8	1461921264244	1461921264282	KO	status.find.is(200), but actually found 400
REQUEST	injecteur 4	1		request_4	1461921264245	1461921264283	KO	status.find.is(200), but actually found 400
REQUEST	injecteur 9	6		request_9	1461921264247	1461921264286	KO	status.find.is(200), but actually found 400
REQUEST	injecteur 3	3		request_3	1461921264247	1461921264288	KO	status.find.is(200), but actually found 400
REQUEST	injecteur 7	2		request_7	1461921264250	1461921264288	KO	status.find.is(200), but actually found 400
REQUEST	injecteur 2	9		request_2	1461921264263	1461921264303	KO	status.find.is(200), but actually found 400
REQUEST	injecteur 6	8		request_6	1461921264266	1461921264303	KO	status.find.is(200), but actually found 400
REQUEST	injecteur 5	10		request_5	1461921264265	1461921264304	KO	status.find.is(200), but actually found 400
REQUEST	injecteur 10	5		request_10	1461921264265	1461921264307	KO	status.find.is(200), but actually found 400
REQUEST	injecteur 1	7		request_1	1461921264283	1461921264323	KO	status.find.is(200), but actually found 400
REQUEST	injecteur 8	4		request_8	1461921264285	1461921264324	KO	status.find.is(200), but actually found 400
REQUEST	injecteur 9	6		request_9	1461921264287	1461921264324	KO	status.find.is(200), but actually found 400
REQUEST	injecteur 4	1		request_4	1461921264287	1461921264325	KO	status.find.is(200), but actually found 400
REQUEST	injecteur 7	2		request_7	1461921264289	1461921264328	KO	status.find.is(200), but actually found 400
REQUEST	injecteur 3	3		request_3	1461921264289	1461921264329	KO	status.find.is(200), but actually found 400
REQUEST	injecteur 6	8		request_6	1461921264304	1461921264343	KO	status.find.is(200), but actually found 400
REQUEST	injecteur 2	9		request_2	1461921264304	1461921264344	KO	status.find.is(200), but actually found 400
REQUEST	injecteur 5	10		request_5	1461921264305	1461921264345	KO	status.find.is(200), but actually found 400
REQUEST	injecteur 10	5		request_10	1461921264308	1461921264346	KO	status.find.is(200), but actually found 400
REQUEST	injecteur 8	4		request_8	1461921264325	1461921264366	KO	status.find.is(200), but actually found 400
REQUEST	injecteur 1	7		request_1	1461921264325	1461921264366	KO	status.find.is(200), but actually found 400
REQUEST	injecteur 9	6		request_9	1461921264327	1461921264368	KO	status.find.is(200), but actually found 400
REQUEST	injecteur 4	1		request_4	1461921264327	1461921264369	KO	status.find.is(200), but actually found 400
REQUEST	injecteur 7	2		request_7	1461921264330	1461921264372	KO	status.find.is(200), but actually found 400
REQUEST	injecteur 3	3		request_3	1461921264331	1461921264373	KO	status.find.is(200), but actually found 400
REQUEST	injecteur 6	8		request_6	1461921264345	1461921264387	KO	status.find.is(200), but actually found 400
REQUEST	injecteur 2	9		request_2	1461921264346	1461921264388	KO	status.find.is(200), but actually found 400
REQUEST	injecteur 5	10		request_5	1461921264349	1461921264389	KO	status.find.is(200), but actually found 400
REQUEST	injecteur 10	5		request_10	1461921264352	1461921264389	KO	status.find.is(200), but actually found 400
REQUEST	injecteur 8	4		request_8	1461921264368	1461921264409	KO	status.find.is(200), but actually found 400
REQUEST	injecteur 1	7		request_1	1461921264369	1461921264410	KO	status.find.is(200), but actually found 400
REQUEST	injecteur 4	1		request_4	1461921264370	1461921264411	KO	status.find.is(200), but actually found 400
REQUEST	injecteur 7	2		request_7	1461921264373	1461921264414	KO	status.find.is(200), but actually found 400
REQUEST	injecteur 9	6		request_9	1461921264370	1461921264413	KO	status.find.is(200), but actually found 400
REQUEST	injecteur 3	3		request_3	1461921264375	1461921264417	KO	status.find.is(200), but actually found 400
REQUEST	injecteur 6	8		request_6	1461921264389	1461921264434	KO	status.find.is(200), but actually found 400
REQUEST	injecteur 2	9		request_2	1461921264390	1461921264435	KO	status.find.is(200), but actually found 400
REQUEST	injecteur 10	5		request_10	1461921264394	1461921264436	KO	status.find.is(200), but actually found 400
REQUEST	injecteur 5	10		request_5	1461921264394	1461921264438	KO	status.find.is(200), but actually found 400
REQUEST	injecteur 8	4		request_8	1461921264412	1461921264457	KO	status.find.is(200), but actually found 400
REQUEST	injecteur 1	7		request_1	1461921264413	1461921264457	KO	status.find.is(200), but actually found 400
REQUEST	injecteur 7	2		request_7	1461921264415	1461921264458	KO	status.find.is(200), but actually found 400
REQUEST	injecteur 4	1		request_4	1461921264414	1461921264459	KO	status.find.is(200), but actually found 400
REQUEST	injecteur 9	6		request_9	1461921264418	1461921264461	KO	status.find.is(200), but actually found 400
REQUEST	injecteur 3	3		request_3	1461921264419	1461921264463	KO	status.find.is(200), but actually found 400
REQUEST	injecteur 6	8		request_6	1461921264437	1461921264479	KO	status.find.is(200), but actually found 400
REQUEST	injecteur 2	9		request_2	1461921264438	1461921264479	KO	status.find.is(200), but actually found 400
REQUEST	injecteur 5	10		request_5	1461921264439	1461921264480	KO	status.find.is(200), but actually found 400
REQUEST	injecteur 10	5		request_10	1461921264439	1461921264485	KO	status.find.is(200), but actually found 400
REQUEST	injecteur 8	4		request_8	1461921264459	1461921264502	KO	status.find.is(200), but actually found 400
REQUEST	injecteur 1	7		request_1	1461921264459	1461921264502	KO	status.find.is(200), but actually found 400
REQUEST	injecteur 7	2		request_7	1461921264460	1461921264503	KO	status.find.is(200), but actually found 400
REQUEST	injecteur 4	1		request_4	1461921264460	1461921264505	KO	status.find.is(200), but actually found 400
REQUEST	injecteur 9	6		request_9	1461921264463	1461921264508	KO	status.find.is(200), but actually found 400
REQUEST	injecteur 3	3		request_3	1461921264465	1461921264509	KO	status.find.is(200), but actually found 400
REQUEST	injecteur 2	9		request_2	1461921264482	1461921264525	KO	status.find.is(200), but actually found 400
REQUEST	injecteur 6	8		request_6	1461921264481	1461921264525	KO	status.find.is(200), but actually found 400
REQUEST	injecteur 10	5		request_10	1461921264487	1461921264535	KO	status.find.is(200), but actually found 400
REQUEST	injecteur 5	10		request_5	1461921264483	1461921264536	KO	status.find.is(200), but actually found 400
REQUEST	injecteur 8	4		request_8	1461921264503	1461921264547	KO	status.find.is(200), but actually found 400
REQUEST	injecteur 1	7		request_1	1461921264504	1461921264547	KO	status.find.is(200), but actually found 400
REQUEST	injecteur 7	2		request_7	1461921264505	1461921264548	KO	status.find.is(200), but actually found 400
REQUEST	injecteur 4	1		request_4	1461921264507	1461921264550	KO	status.find.is(200), but actually found 400
REQUEST	injecteur 9	6		request_9	1461921264510	1461921264553	KO	status.find.is(200), but actually found 400
REQUEST	injecteur 3	3		request_3	1461921264512	1461921264554	KO	status.find.is(200), but actually found 400
REQUEST	injecteur 2	9		request_2	1461921264526	1461921264572	KO	status.find.is(200), but actually found 400
REQUEST	injecteur 6	8		request_6	1461921264526	1461921264572	KO	status.find.is(200), but actually found 400
REQUEST	injecteur 10	5		request_10	1461921264536	1461921264573	KO	status.find.is(200), but actually found 400
REQUEST	injecteur 5	10		request_5	1461921264537	1461921264574	KO	status.find.is(200), but actually found 400
REQUEST	injecteur 8	4		request_8	1461921264549	1461921264591	KO	status.find.is(200), but actually found 400
REQUEST	injecteur 7	2		request_7	1461921264552	1461921264592	KO	status.find.is(200), but actually found 400
REQUEST	injecteur 1	7		request_1	1461921264552	1461921264593	KO	status.find.is(200), but actually found 400
REQUEST	injecteur 4	1		request_4	1461921264555	1461921264593	KO	status.find.is(200), but actually found 400
REQUEST	injecteur 9	6		request_9	1461921264555	1461921264595	KO	status.find.is(200), but actually found 400
REQUEST	injecteur 3	3		request_3	1461921264556	1461921264596	KO	status.find.is(200), but actually found 400
REQUEST	injecteur 6	8		request_6	1461921264575	1461921264613	KO	status.find.is(200), but actually found 400
REQUEST	injecteur 2	9		request_2	1461921264574	1461921264613	KO	status.find.is(200), but actually found 400
REQUEST	injecteur 10	5		request_10	1461921264576	1461921264616	KO	status.find.is(200), but actually found 400
REQUEST	injecteur 5	10		request_5	1461921264578	1461921264619	KO	status.find.is(200), but actually found 400
REQUEST	injecteur 8	4		request_8	1461921264593	1461921264640	KO	status.find.is(200), but actually found 400
REQUEST	injecteur 7	2		request_7	1461921264594	1461921264641	KO	status.find.is(200), but actually found 400
REQUEST	injecteur 1	7		request_1	1461921264595	1461921264642	KO	status.find.is(200), but actually found 400
REQUEST	injecteur 4	1		request_4	1461921264598	1461921264642	KO	status.find.is(200), but actually found 400
REQUEST	injecteur 9	6		request_9	1461921264598	1461921264644	KO	status.find.is(200), but actually found 400
REQUEST	injecteur 3	3		request_3	1461921264600	1461921264647	KO	status.find.is(200), but actually found 400
REQUEST	injecteur 6	8		request_6	1461921264615	1461921264713	KO	status.find.is(200), but actually found 400
REQUEST	injecteur 2	9		request_2	1461921264621	1461921264714	KO	status.find.is(200), but actually found 400
REQUEST	injecteur 10	5		request_10	1461921264627	1461921264720	KO	status.find.is(200), but actually found 400
REQUEST	injecteur 5	10		request_5	1461921264628	1461921264721	KO	status.find.is(200), but actually found 400
REQUEST	injecteur 7	2		request_7	1461921264643	1461921264741	KO	status.find.is(200), but actually found 400
REQUEST	injecteur 8	4		request_8	1461921264643	1461921264741	KO	status.find.is(200), but actually found 400
REQUEST	injecteur 4	1		request_4	1461921264645	1461921264744	KO	status.find.is(200), but actually found 400
REQUEST	injecteur 9	6		request_9	1461921264647	1461921264747	KO	status.find.is(200), but actually found 400
REQUEST	injecteur 1	7		request_1	1461921264645	1461921264746	KO	status.find.is(200), but actually found 400
REQUEST	injecteur 3	3		request_3	1461921264649	1461921264749	KO	status.find.is(200), but actually found 400
REQUEST	injecteur 6	8		request_6	1461921264715	1461921264763	KO	status.find.is(200), but actually found 400
REQUEST	injecteur 2	9		request_2	1461921264719	1461921264764	KO	status.find.is(200), but actually found 400
REQUEST	injecteur 10	5		request_10	1461921264722	1461921264768	KO	status.find.is(200), but actually found 400
REQUEST	injecteur 5	10		request_5	1461921264723	1461921264769	KO	status.find.is(200), but actually found 400
REQUEST	injecteur 7	2		request_7	1461921264742	1461921264784	KO	status.find.is(200), but actually found 400
REQUEST	injecteur 8	4		request_8	1461921264744	1461921264784	KO	status.find.is(200), but actually found 400
REQUEST	injecteur 4	1		request_4	1461921264745	1461921264787	KO	status.find.is(200), but actually found 400
REQUEST	injecteur 9	6		request_9	1461921264748	1461921264790	KO	status.find.is(200), but actually found 400
REQUEST	injecteur 1	7		request_1	1461921264748	1461921264791	KO	status.find.is(200), but actually found 400
REQUEST	injecteur 3	3		request_3	1461921264751	1461921264793	KO	status.find.is(200), but actually found 400
REQUEST	injecteur 6	8		request_6	1461921264764	1461921264807	KO	status.find.is(200), but actually found 400
REQUEST	injecteur 2	9		request_2	1461921264766	1461921264808	KO	status.find.is(200), but actually found 400
REQUEST	injecteur 10	5		request_10	1461921264770	1461921264809	KO	status.find.is(200), but actually found 400
REQUEST	injecteur 5	10		request_5	1461921264775	1461921264810	KO	status.find.is(200), but actually found 400
REQUEST	injecteur 7	2		request_7	1461921264786	1461921264825	KO	status.find.is(200), but actually found 400
REQUEST	injecteur 8	4		request_8	1461921264788	1461921264825	KO	status.find.is(200), but actually found 400
REQUEST	injecteur 4	1		request_4	1461921264789	1461921264826	KO	status.find.is(200), but actually found 400
REQUEST	injecteur 9	6		request_9	1461921264792	1461921264827	KO	status.find.is(200), but actually found 400
REQUEST	injecteur 1	7		request_1	1461921264792	1461921264829	KO	status.find.is(200), but actually found 400
REQUEST	injecteur 3	3		request_3	1461921264794	1461921264829	KO	status.find.is(200), but actually found 400
REQUEST	injecteur 6	8		request_6	1461921264809	1461921264841	KO	status.find.is(200), but actually found 400
REQUEST	injecteur 2	9		request_2	1461921264811	1461921264842	KO	status.find.is(200), but actually found 400
REQUEST	injecteur 5	10		request_5	1461921264820	1461921264857	KO	status.find.is(200), but actually found 400
REQUEST	injecteur 10	5		request_10	1461921264820	1461921264858	KO	status.find.is(200), but actually found 400
REQUEST	injecteur 7	2		request_7	1461921264827	1461921264860	KO	status.find.is(200), but actually found 400
REQUEST	injecteur 4	1		request_4	1461921264830	1461921264860	KO	status.find.is(200), but actually found 400
REQUEST	injecteur 3	3		request_3	1461921264832	1461921264861	KO	status.find.is(200), but actually found 400
REQUEST	injecteur 9	6		request_9	1461921264831	1461921264861	KO	status.find.is(200), but actually found 400
REQUEST	injecteur 8	4		request_8	1461921264827	1461921264871	KO	status.find.is(200), but actually found 400
REQUEST	injecteur 1	7		request_1	1461921264830	1461921264872	KO	status.find.is(200), but actually found 400
REQUEST	injecteur 2	9		request_2	1461921264843	1461921264884	KO	status.find.is(200), but actually found 400
REQUEST	injecteur 6	8		request_6	1461921264843	1461921264886	KO	status.find.is(200), but actually found 400
REQUEST	injecteur 5	10		request_5	1461921264859	1461921264899	KO	status.find.is(200), but actually found 400
REQUEST	injecteur 10	5		request_10	1461921264862	1461921264899	KO	status.find.is(200), but actually found 400
REQUEST	injecteur 7	2		request_7	1461921264864	1461921264903	KO	status.find.is(200), but actually found 400
REQUEST	injecteur 3	3		request_3	1461921264867	1461921264902	KO	status.find.is(200), but actually found 400
REQUEST	injecteur 4	1		request_4	1461921264866	1461921264904	KO	status.find.is(200), but actually found 400
REQUEST	injecteur 9	6		request_9	1461921264869	1461921264920	KO	status.find.is(200), but actually found 400
REQUEST	injecteur 8	4		request_8	1461921264874	1461921264920	KO	status.find.is(200), but actually found 400
REQUEST	injecteur 1	7		request_1	1461921264876	1461921264921	KO	status.find.is(200), but actually found 400
REQUEST	injecteur 2	9		request_2	1461921264886	1461921264922	KO	status.find.is(200), but actually found 400
REQUEST	injecteur 6	8		request_6	1461921264888	1461921264925	KO	status.find.is(200), but actually found 400
REQUEST	injecteur 5	10		request_5	1461921264901	1461921264940	KO	status.find.is(200), but actually found 400
REQUEST	injecteur 10	5		request_10	1461921264902	1461921264941	KO	status.find.is(200), but actually found 400
REQUEST	injecteur 3	3		request_3	1461921264906	1461921264943	KO	status.find.is(200), but actually found 400
REQUEST	injecteur 7	2		request_7	1461921264905	1461921264943	KO	status.find.is(200), but actually found 400
REQUEST	injecteur 4	1		request_4	1461921264907	1461921264946	KO	status.find.is(200), but actually found 400
REQUEST	injecteur 8	4		request_8	1461921264922	1461921264961	KO	status.find.is(200), but actually found 400
REQUEST	injecteur 1	7		request_1	1461921264923	1461921264961	KO	status.find.is(200), but actually found 400
REQUEST	injecteur 6	8		request_6	1461921264926	1461921264965	KO	status.find.is(200), but actually found 400
REQUEST	injecteur 2	9		request_2	1461921264925	1461921264966	KO	status.find.is(200), but actually found 400
REQUEST	injecteur 9	6		request_9	1461921264922	1461921264966	KO	status.find.is(200), but actually found 400
REQUEST	injecteur 10	5		request_10	1461921264942	1461921264986	KO	status.find.is(200), but actually found 400
REQUEST	injecteur 5	10		request_5	1461921264942	1461921264986	KO	status.find.is(200), but actually found 400
REQUEST	injecteur 7	2		request_7	1461921264944	1461921264989	KO	status.find.is(200), but actually found 400
REQUEST	injecteur 3	3		request_3	1461921264944	1461921264992	KO	status.find.is(200), but actually found 400
REQUEST	injecteur 4	1		request_4	1461921264947	1461921264991	KO	status.find.is(200), but actually found 400
REQUEST	injecteur 8	4		request_8	1461921264963	1461921265009	KO	status.find.is(200), but actually found 400
REQUEST	injecteur 1	7		request_1	1461921264969	1461921265009	KO	status.find.is(200), but actually found 400
REQUEST	injecteur 6	8		request_6	1461921264972	1461921265010	KO	status.find.is(200), but actually found 400
REQUEST	injecteur 9	6		request_9	1461921264975	1461921265012	KO	status.find.is(200), but actually found 400
REQUEST	injecteur 2	9		request_2	1461921264974	1461921265012	KO	status.find.is(200), but actually found 400
REQUEST	injecteur 10	5		request_10	1461921264988	1461921265027	KO	status.find.is(200), but actually found 400
REQUEST	injecteur 5	10		request_5	1461921264988	1461921265027	KO	status.find.is(200), but actually found 400
REQUEST	injecteur 3	3		request_3	1461921264993	1461921265028	KO	status.find.is(200), but actually found 400
REQUEST	injecteur 4	1		request_4	1461921264994	1461921265029	KO	status.find.is(200), but actually found 400
REQUEST	injecteur 7	2		request_7	1461921264991	1461921265030	KO	status.find.is(200), but actually found 400
REQUEST	injecteur 8	4		request_8	1461921265010	1461921265043	KO	status.find.is(200), but actually found 400
REQUEST	injecteur 1	7		request_1	1461921265011	1461921265044	KO	status.find.is(200), but actually found 400
REQUEST	injecteur 6	8		request_6	1461921265012	1461921265044	KO	status.find.is(200), but actually found 400
REQUEST	injecteur 2	9		request_2	1461921265015	1461921265046	KO	status.find.is(200), but actually found 400
REQUEST	injecteur 9	6		request_9	1461921265014	1461921265046	KO	status.find.is(200), but actually found 400
REQUEST	injecteur 5	10		request_5	1461921265028	1461921265060	KO	status.find.is(200), but actually found 400
REQUEST	injecteur 10	5		request_10	1461921265028	1461921265060	KO	status.find.is(200), but actually found 400
REQUEST	injecteur 3	3		request_3	1461921265029	1461921265061	KO	status.find.is(200), but actually found 400
REQUEST	injecteur 7	2		request_7	1461921265031	1461921265062	KO	status.find.is(200), but actually found 400
REQUEST	injecteur 4	1		request_4	1461921265031	1461921265062	KO	status.find.is(200), but actually found 400
REQUEST	injecteur 8	4		request_8	1461921265045	1461921265076	KO	status.find.is(200), but actually found 400
REQUEST	injecteur 6	8		request_6	1461921265045	1461921265077	KO	status.find.is(200), but actually found 400
REQUEST	injecteur 1	7		request_1	1461921265045	1461921265078	KO	status.find.is(200), but actually found 400
REQUEST	injecteur 2	9		request_2	1461921265047	1461921265078	KO	status.find.is(200), but actually found 400
REQUEST	injecteur 9	6		request_9	1461921265047	1461921265079	KO	status.find.is(200), but actually found 400
REQUEST	injecteur 5	10		request_5	1461921265061	1461921265094	KO	status.find.is(200), but actually found 400
REQUEST	injecteur 10	5		request_10	1461921265061	1461921265094	KO	status.find.is(200), but actually found 400
REQUEST	injecteur 3	3		request_3	1461921265062	1461921265097	KO	status.find.is(200), but actually found 400
REQUEST	injecteur 4	1		request_4	1461921265063	1461921265097	KO	status.find.is(200), but actually found 400
REQUEST	injecteur 7	2		request_7	1461921265063	1461921265097	KO	status.find.is(200), but actually found 400
REQUEST	injecteur 8	4		request_8	1461921265078	1461921265111	KO	status.find.is(200), but actually found 400
REQUEST	injecteur 1	7		request_1	1461921265079	1461921265112	KO	status.find.is(200), but actually found 400
REQUEST	injecteur 6	8		request_6	1461921265079	1461921265113	KO	status.find.is(200), but actually found 400
REQUEST	injecteur 2	9		request_2	1461921265080	1461921265114	KO	status.find.is(200), but actually found 400
REQUEST	injecteur 9	6		request_9	1461921265081	1461921265117	KO	status.find.is(200), but actually found 400
REQUEST	injecteur 10	5		request_10	1461921265095	1461921265133	KO	status.find.is(200), but actually found 400
REQUEST	injecteur 5	10		request_5	1461921265095	1461921265135	KO	status.find.is(200), but actually found 400
REQUEST	injecteur 4	1		request_4	1461921265098	1461921265136	KO	status.find.is(200), but actually found 400
REQUEST	injecteur 7	2		request_7	1461921265098	1461921265139	KO	status.find.is(200), but actually found 400
REQUEST	injecteur 3	3		request_3	1461921265098	1461921265139	KO	status.find.is(200), but actually found 400
REQUEST	injecteur 8	4		request_8	1461921265113	1461921265152	KO	status.find.is(200), but actually found 400
REQUEST	injecteur 6	8		request_6	1461921265116	1461921265152	KO	status.find.is(200), but actually found 400
REQUEST	injecteur 1	7		request_1	1461921265116	1461921265153	KO	status.find.is(200), but actually found 400
REQUEST	injecteur 9	6		request_9	1461921265121	1461921265156	KO	status.find.is(200), but actually found 400
REQUEST	injecteur 2	9		request_2	1461921265121	1461921265157	KO	status.find.is(200), but actually found 400
REQUEST	injecteur 10	5		request_10	1461921265135	1461921265170	KO	status.find.is(200), but actually found 400
REQUEST	injecteur 5	10		request_5	1461921265137	1461921265171	KO	status.find.is(200), but actually found 400
REQUEST	injecteur 3	3		request_3	1461921265142	1461921265175	KO	status.find.is(200), but actually found 400
REQUEST	injecteur 4	1		request_4	1461921265138	1461921265172	KO	status.find.is(200), but actually found 400
REQUEST	injecteur 7	2		request_7	1461921265140	1461921265179	KO	status.find.is(200), but actually found 400
REQUEST	injecteur 8	4		request_8	1461921265154	1461921265194	KO	status.find.is(200), but actually found 400
REQUEST	injecteur 6	8		request_6	1461921265154	1461921265194	KO	status.find.is(200), but actually found 400
REQUEST	injecteur 1	7		request_1	1461921265156	1461921265195	KO	status.find.is(200), but actually found 400
REQUEST	injecteur 9	6		request_9	1461921265158	1461921265196	KO	status.find.is(200), but actually found 400
REQUEST	injecteur 2	9		request_2	1461921265159	1461921265197	KO	status.find.is(200), but actually found 400
REQUEST	injecteur 10	5		request_10	1461921265173	1461921265211	KO	status.find.is(200), but actually found 400
REQUEST	injecteur 5	10		request_5	1461921265178	1461921265212	KO	status.find.is(200), but actually found 400
REQUEST	injecteur 3	3		request_3	1461921265181	1461921265213	KO	status.find.is(200), but actually found 400
REQUEST	injecteur 4	1		request_4	1461921265184	1461921265214	KO	status.find.is(200), but actually found 400
REQUEST	injecteur 7	2		request_7	1461921265186	1461921265231	KO	status.find.is(200), but actually found 400
REQUEST	injecteur 8	4		request_8	1461921265195	1461921265232	KO	status.find.is(200), but actually found 400
REQUEST	injecteur 6	8		request_6	1461921265196	1461921265232	KO	status.find.is(200), but actually found 400
REQUEST	injecteur 9	6		request_9	1461921265199	1461921265234	KO	status.find.is(200), but actually found 400
REQUEST	injecteur 2	9		request_2	1461921265199	1461921265235	KO	status.find.is(200), but actually found 400
REQUEST	injecteur 1	7		request_1	1461921265198	1461921265236	KO	status.find.is(200), but actually found 400
REQUEST	injecteur 10	5		request_10	1461921265213	1461921265250	KO	status.find.is(200), but actually found 400
REQUEST	injecteur 5	10		request_5	1461921265213	1461921265250	KO	status.find.is(200), but actually found 400
REQUEST	injecteur 3	3		request_3	1461921265215	1461921265251	KO	status.find.is(200), but actually found 400
REQUEST	injecteur 4	1		request_4	1461921265215	1461921265253	KO	status.find.is(200), but actually found 400
REQUEST	injecteur 7	2		request_7	1461921265233	1461921265270	KO	status.find.is(200), but actually found 400
REQUEST	injecteur 8	4		request_8	1461921265235	1461921265270	KO	status.find.is(200), but actually found 400
REQUEST	injecteur 6	8		request_6	1461921265238	1461921265271	KO	status.find.is(200), but actually found 400
REQUEST	injecteur 9	6		request_9	1461921265238	1461921265272	KO	status.find.is(200), but actually found 400
REQUEST	injecteur 2	9		request_2	1461921265240	1461921265273	KO	status.find.is(200), but actually found 400
REQUEST	injecteur 1	7		request_1	1461921265241	1461921265276	KO	status.find.is(200), but actually found 400
REQUEST	injecteur 5	10		request_5	1461921265254	1461921265287	KO	status.find.is(200), but actually found 400
REQUEST	injecteur 10	5		request_10	1461921265258	1461921265287	KO	status.find.is(200), but actually found 400
REQUEST	injecteur 3	3		request_3	1461921265260	1461921265288	KO	status.find.is(200), but actually found 400
REQUEST	injecteur 4	1		request_4	1461921265260	1461921265289	KO	status.find.is(200), but actually found 400
REQUEST	injecteur 8	4		request_8	1461921265272	1461921265303	KO	status.find.is(200), but actually found 400
REQUEST	injecteur 7	2		request_7	1461921265272	1461921265303	KO	status.find.is(200), but actually found 400
REQUEST	injecteur 9	6		request_9	1461921265274	1461921265304	KO	status.find.is(200), but actually found 400
REQUEST	injecteur 2	9		request_2	1461921265275	1461921265306	KO	status.find.is(200), but actually found 400
REQUEST	injecteur 6	8		request_6	1461921265272	1461921265307	KO	status.find.is(200), but actually found 400
REQUEST	injecteur 1	7		request_1	1461921265277	1461921265308	KO	status.find.is(200), but actually found 400
REQUEST	injecteur 5	10		request_5	1461921265288	1461921265321	KO	status.find.is(200), but actually found 400
REQUEST	injecteur 10	5		request_10	1461921265288	1461921265322	KO	status.find.is(200), but actually found 400
REQUEST	injecteur 3	3		request_3	1461921265290	1461921265323	KO	status.find.is(200), but actually found 400
REQUEST	injecteur 4	1		request_4	1461921265291	1461921265324	KO	status.find.is(200), but actually found 400
REQUEST	injecteur 8	4		request_8	1461921265304	1461921265339	KO	status.find.is(200), but actually found 400
REQUEST	injecteur 7	2		request_7	1461921265305	1461921265340	KO	status.find.is(200), but actually found 400
REQUEST	injecteur 9	6		request_9	1461921265307	1461921265340	KO	status.find.is(200), but actually found 400
REQUEST	injecteur 2	9		request_2	1461921265308	1461921265342	KO	status.find.is(200), but actually found 400
REQUEST	injecteur 6	8		request_6	1461921265309	1461921265343	KO	status.find.is(200), but actually found 400
REQUEST	injecteur 1	7		request_1	1461921265309	1461921265344	KO	status.find.is(200), but actually found 400
REQUEST	injecteur 5	10		request_5	1461921265323	1461921265358	KO	status.find.is(200), but actually found 400
REQUEST	injecteur 10	5		request_10	1461921265324	1461921265359	KO	status.find.is(200), but actually found 400
REQUEST	injecteur 4	1		request_4	1461921265326	1461921265360	KO	status.find.is(200), but actually found 400
REQUEST	injecteur 3	3		request_3	1461921265326	1461921265361	KO	status.find.is(200), but actually found 400
REQUEST	injecteur 7	2		request_7	1461921265341	1461921265380	KO	status.find.is(200), but actually found 400
REQUEST	injecteur 8	4		request_8	1461921265341	1461921265381	KO	status.find.is(200), but actually found 400
REQUEST	injecteur 9	6		request_9	1461921265342	1461921265382	KO	status.find.is(200), but actually found 400
REQUEST	injecteur 2	9		request_2	1461921265343	1461921265382	KO	status.find.is(200), but actually found 400
REQUEST	injecteur 6	8		request_6	1461921265345	1461921265384	KO	status.find.is(200), but actually found 400
REQUEST	injecteur 1	7		request_1	1461921265346	1461921265386	KO	status.find.is(200), but actually found 400
REQUEST	injecteur 10	5		request_10	1461921265361	1461921265403	KO	status.find.is(200), but actually found 400
REQUEST	injecteur 5	10		request_5	1461921265360	1461921265403	KO	status.find.is(200), but actually found 400
REQUEST	injecteur 4	1		request_4	1461921265364	1461921265405	KO	status.find.is(200), but actually found 400
REQUEST	injecteur 3	3		request_3	1461921265365	1461921265406	KO	status.find.is(200), but actually found 400
REQUEST	injecteur 7	2		request_7	1461921265381	1461921265424	KO	status.find.is(200), but actually found 400
REQUEST	injecteur 8	4		request_8	1461921265383	1461921265425	KO	status.find.is(200), but actually found 400
REQUEST	injecteur 2	9		request_2	1461921265386	1461921265426	KO	status.find.is(200), but actually found 400
REQUEST	injecteur 9	6		request_9	1461921265386	1461921265426	KO	status.find.is(200), but actually found 400
REQUEST	injecteur 6	8		request_6	1461921265389	1461921265428	KO	status.find.is(200), but actually found 400
REQUEST	injecteur 1	7		request_1	1461921265390	1461921265429	KO	status.find.is(200), but actually found 400
REQUEST	injecteur 10	5		request_10	1461921265405	1461921265443	KO	status.find.is(200), but actually found 400
REQUEST	injecteur 5	10		request_5	1461921265406	1461921265444	KO	status.find.is(200), but actually found 400
REQUEST	injecteur 4	1		request_4	1461921265407	1461921265445	KO	status.find.is(200), but actually found 400
REQUEST	injecteur 3	3		request_3	1461921265408	1461921265446	KO	status.find.is(200), but actually found 400
REQUEST	injecteur 7	2		request_7	1461921265426	1461921265462	KO	status.find.is(200), but actually found 400
REQUEST	injecteur 8	4		request_8	1461921265426	1461921265462	KO	status.find.is(200), but actually found 400
REQUEST	injecteur 2	9		request_2	1461921265427	1461921265463	KO	status.find.is(200), but actually found 400
REQUEST	injecteur 6	8		request_6	1461921265430	1461921265464	KO	status.find.is(200), but actually found 400
REQUEST	injecteur 1	7		request_1	1461921265431	1461921265465	KO	status.find.is(200), but actually found 400
REQUEST	injecteur 9	6		request_9	1461921265429	1461921265465	KO	status.find.is(200), but actually found 400
REQUEST	injecteur 10	5		request_10	1461921265445	1461921265485	KO	status.find.is(200), but actually found 400
REQUEST	injecteur 5	10		request_5	1461921265445	1461921265485	KO	status.find.is(200), but actually found 400
REQUEST	injecteur 4	1		request_4	1461921265446	1461921265487	KO	status.find.is(200), but actually found 400
REQUEST	injecteur 3	3		request_3	1461921265448	1461921265488	KO	status.find.is(200), but actually found 400
REQUEST	injecteur 7	2		request_7	1461921265463	1461921265498	KO	status.find.is(200), but actually found 400
REQUEST	injecteur 8	4		request_8	1461921265464	1461921265499	KO	status.find.is(200), but actually found 400
REQUEST	injecteur 2	9		request_2	1461921265466	1461921265499	KO	status.find.is(200), but actually found 400
REQUEST	injecteur 6	8		request_6	1461921265469	1461921265502	KO	status.find.is(200), but actually found 400
REQUEST	injecteur 1	7		request_1	1461921265475	1461921265515	KO	status.find.is(200), but actually found 400
REQUEST	injecteur 9	6		request_9	1461921265478	1461921265515	KO	status.find.is(200), but actually found 400
REQUEST	injecteur 10	5		request_10	1461921265487	1461921265516	KO	status.find.is(200), but actually found 400
REQUEST	injecteur 5	10		request_5	1461921265487	1461921265517	KO	status.find.is(200), but actually found 400
REQUEST	injecteur 3	3		request_3	1461921265489	1461921265520	KO	status.find.is(200), but actually found 400
REQUEST	injecteur 4	1		request_4	1461921265489	1461921265521	KO	status.find.is(200), but actually found 400
REQUEST	injecteur 8	4		request_8	1461921265500	1461921265534	KO	status.find.is(200), but actually found 400
REQUEST	injecteur 7	2		request_7	1461921265500	1461921265534	KO	status.find.is(200), but actually found 400
REQUEST	injecteur 2	9		request_2	1461921265501	1461921265536	KO	status.find.is(200), but actually found 400
REQUEST	injecteur 6	8		request_6	1461921265504	1461921265537	KO	status.find.is(200), but actually found 400
REQUEST	injecteur 1	7		request_1	1461921265516	1461921265552	KO	status.find.is(200), but actually found 400
REQUEST	injecteur 9	6		request_9	1461921265516	1461921265553	KO	status.find.is(200), but actually found 400
REQUEST	injecteur 10	5		request_10	1461921265519	1461921265553	KO	status.find.is(200), but actually found 400
REQUEST	injecteur 5	10		request_5	1461921265519	1461921265555	KO	status.find.is(200), but actually found 400
REQUEST	injecteur 3	3		request_3	1461921265521	1461921265558	KO	status.find.is(200), but actually found 400
REQUEST	injecteur 4	1		request_4	1461921265522	1461921265558	KO	status.find.is(200), but actually found 400
REQUEST	injecteur 8	4		request_8	1461921265536	1461921265574	KO	status.find.is(200), but actually found 400
REQUEST	injecteur 7	2		request_7	1461921265539	1461921265575	KO	status.find.is(200), but actually found 400
REQUEST	injecteur 2	9		request_2	1461921265540	1461921265576	KO	status.find.is(200), but actually found 400
REQUEST	injecteur 6	8		request_6	1461921265541	1461921265577	KO	status.find.is(200), but actually found 400
REQUEST	injecteur 1	7		request_1	1461921265555	1461921265590	KO	status.find.is(200), but actually found 400
REQUEST	injecteur 9	6		request_9	1461921265555	1461921265591	KO	status.find.is(200), but actually found 400
REQUEST	injecteur 10	5		request_10	1461921265557	1461921265592	KO	status.find.is(200), but actually found 400
REQUEST	injecteur 5	10		request_5	1461921265558	1461921265593	KO	status.find.is(200), but actually found 400
REQUEST	injecteur 3	3		request_3	1461921265559	1461921265593	KO	status.find.is(200), but actually found 400
REQUEST	injecteur 4	1		request_4	1461921265559	1461921265593	KO	status.find.is(200), but actually found 400
REQUEST	injecteur 8	4		request_8	1461921265576	1461921265609	KO	status.find.is(200), but actually found 400
REQUEST	injecteur 7	2		request_7	1461921265577	1461921265610	KO	status.find.is(200), but actually found 400
REQUEST	injecteur 2	9		request_2	1461921265577	1461921265611	KO	status.find.is(200), but actually found 400
REQUEST	injecteur 6	8		request_6	1461921265578	1461921265612	KO	status.find.is(200), but actually found 400
REQUEST	injecteur 1	7		request_1	1461921265591	1461921265626	KO	status.find.is(200), but actually found 400
REQUEST	injecteur 9	6		request_9	1461921265594	1461921265626	KO	status.find.is(200), but actually found 400
REQUEST	injecteur 10	5		request_10	1461921265594	1461921265627	KO	status.find.is(200), but actually found 400
REQUEST	injecteur 5	10		request_5	1461921265595	1461921265628	KO	status.find.is(200), but actually found 400
REQUEST	injecteur 3	3		request_3	1461921265595	1461921265629	KO	status.find.is(200), but actually found 400
REQUEST	injecteur 4	1		request_4	1461921265596	1461921265630	KO	status.find.is(200), but actually found 400
REQUEST	injecteur 8	4		request_8	1461921265611	1461921265643	KO	status.find.is(200), but actually found 400
REQUEST	injecteur 7	2		request_7	1461921265612	1461921265643	KO	status.find.is(200), but actually found 400
REQUEST	injecteur 2	9		request_2	1461921265612	1461921265644	KO	status.find.is(200), but actually found 400
REQUEST	injecteur 6	8		request_6	1461921265613	1461921265646	KO	status.find.is(200), but actually found 400
REQUEST	injecteur 1	7		request_1	1461921265627	1461921265659	KO	status.find.is(200), but actually found 400
REQUEST	injecteur 9	6		request_9	1461921265627	1461921265659	KO	status.find.is(200), but actually found 400
REQUEST	injecteur 10	5		request_10	1461921265628	1461921265660	KO	status.find.is(200), but actually found 400
REQUEST	injecteur 5	10		request_5	1461921265629	1461921265661	KO	status.find.is(200), but actually found 400
REQUEST	injecteur 3	3		request_3	1461921265630	1461921265663	KO	status.find.is(200), but actually found 400
REQUEST	injecteur 4	1		request_4	1461921265631	1461921265663	KO	status.find.is(200), but actually found 400
REQUEST	injecteur 8	4		request_8	1461921265644	1461921265680	KO	status.find.is(200), but actually found 400
REQUEST	injecteur 7	2		request_7	1461921265645	1461921265680	KO	status.find.is(200), but actually found 400
REQUEST	injecteur 2	9		request_2	1461921265645	1461921265681	KO	status.find.is(200), but actually found 400
REQUEST	injecteur 6	8		request_6	1461921265647	1461921265684	KO	status.find.is(200), but actually found 400
REQUEST	injecteur 1	7		request_1	1461921265660	1461921265699	KO	status.find.is(200), but actually found 400
REQUEST	injecteur 9	6		request_9	1461921265660	1461921265700	KO	status.find.is(200), but actually found 400
REQUEST	injecteur 10	5		request_10	1461921265661	1461921265701	KO	status.find.is(200), but actually found 400
REQUEST	injecteur 3	3		request_3	1461921265664	1461921265703	KO	status.find.is(200), but actually found 400
REQUEST	injecteur 5	10		request_5	1461921265662	1461921265702	KO	status.find.is(200), but actually found 400
REQUEST	injecteur 4	1		request_4	1461921265666	1461921265707	KO	status.find.is(200), but actually found 400
REQUEST	injecteur 8	4		request_8	1461921265682	1461921265723	KO	status.find.is(200), but actually found 400
REQUEST	injecteur 7	2		request_7	1461921265682	1461921265723	KO	status.find.is(200), but actually found 400
REQUEST	injecteur 2	9		request_2	1461921265682	1461921265724	KO	status.find.is(200), but actually found 400
REQUEST	injecteur 6	8		request_6	1461921265686	1461921265725	KO	status.find.is(200), but actually found 400
REQUEST	injecteur 1	7		request_1	1461921265702	1461921265748	KO	status.find.is(200), but actually found 400
REQUEST	injecteur 9	6		request_9	1461921265703	1461921265749	KO	status.find.is(200), but actually found 400
REQUEST	injecteur 10	5		request_10	1461921265706	1461921265750	KO	status.find.is(200), but actually found 400
REQUEST	injecteur 3	3		request_3	1461921265708	1461921265753	KO	status.find.is(200), but actually found 400
REQUEST	injecteur 4	1		request_4	1461921265710	1461921265756	KO	status.find.is(200), but actually found 400
REQUEST	injecteur 5	10		request_5	1461921265709	1461921265757	KO	status.find.is(200), but actually found 400
REQUEST	injecteur 8	4		request_8	1461921265726	1461921265770	KO	status.find.is(200), but actually found 400
REQUEST	injecteur 6	8		request_6	1461921265731	1461921265771	KO	status.find.is(200), but actually found 400
REQUEST	injecteur 7	2		request_7	1461921265729	1461921265784	KO	status.find.is(200), but actually found 400
REQUEST	injecteur 2	9		request_2	1461921265741	1461921265785	KO	status.find.is(200), but actually found 400
REQUEST	injecteur 1	7		request_1	1461921265750	1461921265787	KO	status.find.is(200), but actually found 400
REQUEST	injecteur 9	6		request_9	1461921265754	1461921265789	KO	status.find.is(200), but actually found 400
REQUEST	injecteur 10	5		request_10	1461921265757	1461921265790	KO	status.find.is(200), but actually found 400
REQUEST	injecteur 3	3		request_3	1461921265759	1461921265791	KO	status.find.is(200), but actually found 400
REQUEST	injecteur 5	10		request_5	1461921265761	1461921265803	KO	status.find.is(200), but actually found 400
REQUEST	injecteur 4	1		request_4	1461921265762	1461921265803	KO	status.find.is(200), but actually found 400
REQUEST	injecteur 6	8		request_6	1461921265772	1461921265804	KO	status.find.is(200), but actually found 400
REQUEST	injecteur 8	4		request_8	1461921265772	1461921265806	KO	status.find.is(200), but actually found 400
REQUEST	injecteur 7	2		request_7	1461921265786	1461921265830	KO	status.find.is(200), but actually found 400
REQUEST	injecteur 2	9		request_2	1461921265787	1461921265831	KO	status.find.is(200), but actually found 400
REQUEST	injecteur 9	6		request_9	1461921265790	1461921265835	KO	status.find.is(200), but actually found 400
REQUEST	injecteur 10	5		request_10	1461921265791	1461921265837	KO	status.find.is(200), but actually found 400
REQUEST	injecteur 1	7		request_1	1461921265788	1461921265838	KO	status.find.is(200), but actually found 400
REQUEST	injecteur 3	3		request_3	1461921265792	1461921265841	KO	status.find.is(200), but actually found 400
REQUEST	injecteur 5	10		request_5	1461921265804	1461921265861	KO	status.find.is(200), but actually found 400
REQUEST	injecteur 6	8		request_6	1461921265807	1461921265862	KO	status.find.is(200), but actually found 400
REQUEST	injecteur 8	4		request_8	1461921265810	1461921265865	KO	status.find.is(200), but actually found 400
REQUEST	injecteur 4	1		request_4	1461921265807	1461921265865	KO	status.find.is(200), but actually found 400
REQUEST	injecteur 7	2		request_7	1461921265832	1461921265887	KO	status.find.is(200), but actually found 400
REQUEST	injecteur 9	6		request_9	1461921265837	1461921265888	KO	status.find.is(200), but actually found 400
REQUEST	injecteur 2	9		request_2	1461921265837	1461921265889	KO	status.find.is(200), but actually found 400
REQUEST	injecteur 10	5		request_10	1461921265839	1461921265891	KO	status.find.is(200), but actually found 400
REQUEST	injecteur 3	3		request_3	1461921265845	1461921265892	KO	status.find.is(200), but actually found 400
REQUEST	injecteur 1	7		request_1	1461921265843	1461921265897	KO	status.find.is(200), but actually found 400
REQUEST	injecteur 6	8		request_6	1461921265863	1461921265920	KO	status.find.is(200), but actually found 400
REQUEST	injecteur 8	4		request_8	1461921265866	1461921265921	KO	status.find.is(200), but actually found 400
REQUEST	injecteur 4	1		request_4	1461921265870	1461921265922	KO	status.find.is(200), but actually found 400
REQUEST	injecteur 5	10		request_5	1461921265863	1461921265925	KO	status.find.is(200), but actually found 400
REQUEST	injecteur 7	2		request_7	1461921265890	1461921265939	KO	status.find.is(200), but actually found 400
REQUEST	injecteur 9	6		request_9	1461921265898	1461921265941	KO	status.find.is(200), but actually found 400
REQUEST	injecteur 2	9		request_2	1461921265904	1461921265955	KO	status.find.is(200), but actually found 400
REQUEST	injecteur 10	5		request_10	1461921265905	1461921265957	KO	status.find.is(200), but actually found 400
REQUEST	injecteur 3	3		request_3	1461921265907	1461921265958	KO	status.find.is(200), but actually found 400
REQUEST	injecteur 1	7		request_1	1461921265910	1461921265959	KO	status.find.is(200), but actually found 400
REQUEST	injecteur 6	8		request_6	1461921265923	1461921265960	KO	status.find.is(200), but actually found 400
REQUEST	injecteur 8	4		request_8	1461921265931	1461921265982	KO	status.find.is(200), but actually found 400
REQUEST	injecteur 4	1		request_4	1461921265935	1461921265983	KO	status.find.is(200), but actually found 400
REQUEST	injecteur 5	10		request_5	1461921265938	1461921265986	KO	status.find.is(200), but actually found 400
REQUEST	injecteur 7	2		request_7	1461921265942	1461921265989	KO	status.find.is(200), but actually found 400
REQUEST	injecteur 9	6		request_9	1461921265944	1461921265990	KO	status.find.is(200), but actually found 400
REQUEST	injecteur 2	9		request_2	1461921265958	1461921266011	KO	status.find.is(200), but actually found 400
REQUEST	injecteur 1	7		request_1	1461921265963	1461921266013	KO	status.find.is(200), but actually found 400
REQUEST	injecteur 3	3		request_3	1461921265961	1461921266012	KO	status.find.is(200), but actually found 400
REQUEST	injecteur 10	5		request_10	1461921265961	1461921266016	KO	status.find.is(200), but actually found 400
REQUEST	injecteur 6	8		request_6	1461921265964	1461921266017	KO	status.find.is(200), but actually found 400
REQUEST	injecteur 8	4		request_8	1461921265983	1461921266036	KO	status.find.is(200), but actually found 400
REQUEST	injecteur 4	1		request_4	1461921265984	1461921266036	KO	status.find.is(200), but actually found 400
REQUEST	injecteur 5	10		request_5	1461921265987	1461921266038	KO	status.find.is(200), but actually found 400
REQUEST	injecteur 7	2		request_7	1461921265991	1461921266041	KO	status.find.is(200), but actually found 400
REQUEST	injecteur 9	6		request_9	1461921265993	1461921266041	KO	status.find.is(200), but actually found 400
REQUEST	injecteur 2	9		request_2	1461921266013	1461921266057	KO	status.find.is(200), but actually found 400
REQUEST	injecteur 1	7		request_1	1461921266015	1461921266057	KO	status.find.is(200), but actually found 400
REQUEST	injecteur 3	3		request_3	1461921266015	1461921266058	KO	status.find.is(200), but actually found 400
REQUEST	injecteur 10	5		request_10	1461921266017	1461921266061	KO	status.find.is(200), but actually found 400
REQUEST	injecteur 6	8		request_6	1461921266018	1461921266062	KO	status.find.is(200), but actually found 400
REQUEST	injecteur 8	4		request_8	1461921266037	1461921266078	KO	status.find.is(200), but actually found 400
REQUEST	injecteur 4	1		request_4	1461921266039	1461921266079	KO	status.find.is(200), but actually found 400
REQUEST	injecteur 5	10		request_5	1461921266040	1461921266080	KO	status.find.is(200), but actually found 400
REQUEST	injecteur 7	2		request_7	1461921266042	1461921266082	KO	status.find.is(200), but actually found 400
REQUEST	injecteur 9	6		request_9	1461921266043	1461921266084	KO	status.find.is(200), but actually found 400
REQUEST	injecteur 2	9		request_2	1461921266059	1461921266103	KO	status.find.is(200), but actually found 400
REQUEST	injecteur 3	3		request_3	1461921266060	1461921266103	KO	status.find.is(200), but actually found 400
REQUEST	injecteur 10	5		request_10	1461921266062	1461921266106	KO	status.find.is(200), but actually found 400
REQUEST	injecteur 1	7		request_1	1461921266060	1461921266109	KO	status.find.is(200), but actually found 400
REQUEST	injecteur 6	8		request_6	1461921266063	1461921266110	KO	status.find.is(200), but actually found 400
REQUEST	injecteur 4	1		request_4	1461921266080	1461921266125	KO	status.find.is(200), but actually found 400
REQUEST	injecteur 8	4		request_8	1461921266080	1461921266126	KO	status.find.is(200), but actually found 400
REQUEST	injecteur 5	10		request_5	1461921266081	1461921266127	KO	status.find.is(200), but actually found 400
REQUEST	injecteur 7	2		request_7	1461921266083	1461921266129	KO	status.find.is(200), but actually found 400
REQUEST	injecteur 9	6		request_9	1461921266085	1461921266129	KO	status.find.is(200), but actually found 400
REQUEST	injecteur 2	9		request_2	1461921266105	1461921266148	KO	status.find.is(200), but actually found 400
REQUEST	injecteur 3	3		request_3	1461921266105	1461921266149	KO	status.find.is(200), but actually found 400
REQUEST	injecteur 10	5		request_10	1461921266108	1461921266150	KO	status.find.is(200), but actually found 400
REQUEST	injecteur 1	7		request_1	1461921266112	1461921266151	KO	status.find.is(200), but actually found 400
REQUEST	injecteur 6	8		request_6	1461921266113	1461921266154	KO	status.find.is(200), but actually found 400
REQUEST	injecteur 4	1		request_4	1461921266126	1461921266174	KO	status.find.is(200), but actually found 400
REQUEST	injecteur 8	4		request_8	1461921266128	1461921266175	KO	status.find.is(200), but actually found 400
REQUEST	injecteur 5	10		request_5	1461921266128	1461921266176	KO	status.find.is(200), but actually found 400
REQUEST	injecteur 7	2		request_7	1461921266130	1461921266179	KO	status.find.is(200), but actually found 400
REQUEST	injecteur 9	6		request_9	1461921266132	1461921266179	KO	status.find.is(200), but actually found 400
REQUEST	injecteur 2	9		request_2	1461921266151	1461921266196	KO	status.find.is(200), but actually found 400
REQUEST	injecteur 3	3		request_3	1461921266153	1461921266197	KO	status.find.is(200), but actually found 400
REQUEST	injecteur 10	5		request_10	1461921266153	1461921266198	KO	status.find.is(200), but actually found 400
REQUEST	injecteur 1	7		request_1	1461921266156	1461921266199	KO	status.find.is(200), but actually found 400
REQUEST	injecteur 6	8		request_6	1461921266158	1461921266200	KO	status.find.is(200), but actually found 400
REQUEST	injecteur 4	1		request_4	1461921266176	1461921266219	KO	status.find.is(200), but actually found 400
REQUEST	injecteur 8	4		request_8	1461921266176	1461921266220	KO	status.find.is(200), but actually found 400
REQUEST	injecteur 5	10		request_5	1461921266178	1461921266222	KO	status.find.is(200), but actually found 400
REQUEST	injecteur 9	6		request_9	1461921266180	1461921266223	KO	status.find.is(200), but actually found 400
REQUEST	injecteur 7	2		request_7	1461921266180	1461921266225	KO	status.find.is(200), but actually found 400
REQUEST	injecteur 2	9		request_2	1461921266197	1461921266240	KO	status.find.is(200), but actually found 400
REQUEST	injecteur 3	3		request_3	1461921266198	1461921266240	KO	status.find.is(200), but actually found 400
REQUEST	injecteur 10	5		request_10	1461921266201	1461921266241	KO	status.find.is(200), but actually found 400
REQUEST	injecteur 1	7		request_1	1461921266203	1461921266243	KO	status.find.is(200), but actually found 400
REQUEST	injecteur 6	8		request_6	1461921266204	1461921266244	KO	status.find.is(200), but actually found 400
REQUEST	injecteur 4	1		request_4	1461921266220	1461921266262	KO	status.find.is(200), but actually found 400
REQUEST	injecteur 8	4		request_8	1461921266222	1461921266263	KO	status.find.is(200), but actually found 400
REQUEST	injecteur 5	10		request_5	1461921266224	1461921266264	KO	status.find.is(200), but actually found 400
REQUEST	injecteur 9	6		request_9	1461921266225	1461921266266	KO	status.find.is(200), but actually found 400
REQUEST	injecteur 7	2		request_7	1461921266227	1461921266266	KO	status.find.is(200), but actually found 400
REQUEST	injecteur 2	9		request_2	1461921266242	1461921266283	KO	status.find.is(200), but actually found 400
REQUEST	injecteur 3	3		request_3	1461921266243	1461921266284	KO	status.find.is(200), but actually found 400
REQUEST	injecteur 10	5		request_10	1461921266244	1461921266286	KO	status.find.is(200), but actually found 400
REQUEST	injecteur 1	7		request_1	1461921266245	1461921266287	KO	status.find.is(200), but actually found 400
REQUEST	injecteur 6	8		request_6	1461921266246	1461921266291	KO	status.find.is(200), but actually found 400
REQUEST	injecteur 4	1		request_4	1461921266263	1461921266309	KO	status.find.is(200), but actually found 400
REQUEST	injecteur 8	4		request_8	1461921266264	1461921266310	KO	status.find.is(200), but actually found 400
REQUEST	injecteur 5	10		request_5	1461921266265	1461921266313	KO	status.find.is(200), but actually found 400
REQUEST	injecteur 9	6		request_9	1461921266267	1461921266313	KO	status.find.is(200), but actually found 400
REQUEST	injecteur 7	2		request_7	1461921266269	1461921266318	KO	status.find.is(200), but actually found 400
REQUEST	injecteur 2	9		request_2	1461921266284	1461921266337	KO	status.find.is(200), but actually found 400
REQUEST	injecteur 3	3		request_3	1461921266285	1461921266338	KO	status.find.is(200), but actually found 400
REQUEST	injecteur 10	5		request_10	1461921266288	1461921266340	KO	status.find.is(200), but actually found 400
REQUEST	injecteur 1	7		request_1	1461921266292	1461921266343	KO	status.find.is(200), but actually found 400
REQUEST	injecteur 6	8		request_6	1461921266295	1461921266344	KO	status.find.is(200), but actually found 400
REQUEST	injecteur 4	1		request_4	1461921266311	1461921266363	KO	status.find.is(200), but actually found 400
REQUEST	injecteur 5	10		request_5	1461921266317	1461921266365	KO	status.find.is(200), but actually found 400
REQUEST	injecteur 8	4		request_8	1461921266317	1461921266365	KO	status.find.is(200), but actually found 400
REQUEST	injecteur 9	6		request_9	1461921266319	1461921266368	KO	status.find.is(200), but actually found 400
REQUEST	injecteur 7	2		request_7	1461921266322	1461921266369	KO	status.find.is(200), but actually found 400
REQUEST	injecteur 2	9		request_2	1461921266339	1461921266385	KO	status.find.is(200), but actually found 400
REQUEST	injecteur 3	3		request_3	1461921266340	1461921266386	KO	status.find.is(200), but actually found 400
REQUEST	injecteur 10	5		request_10	1461921266341	1461921266388	KO	status.find.is(200), but actually found 400
REQUEST	injecteur 1	7		request_1	1461921266344	1461921266389	KO	status.find.is(200), but actually found 400
REQUEST	injecteur 6	8		request_6	1461921266347	1461921266389	KO	status.find.is(200), but actually found 400
REQUEST	injecteur 4	1		request_4	1461921266364	1461921266404	KO	status.find.is(200), but actually found 400
REQUEST	injecteur 5	10		request_5	1461921266366	1461921266404	KO	status.find.is(200), but actually found 400
REQUEST	injecteur 8	4		request_8	1461921266366	1461921266405	KO	status.find.is(200), but actually found 400
REQUEST	injecteur 9	6		request_9	1461921266370	1461921266408	KO	status.find.is(200), but actually found 400
REQUEST	injecteur 7	2		request_7	1461921266371	1461921266409	KO	status.find.is(200), but actually found 400
REQUEST	injecteur 2	9		request_2	1461921266387	1461921266423	KO	status.find.is(200), but actually found 400
REQUEST	injecteur 3	3		request_3	1461921266388	1461921266424	KO	status.find.is(200), but actually found 400
REQUEST	injecteur 1	7		request_1	1461921266391	1461921266426	KO	status.find.is(200), but actually found 400
REQUEST	injecteur 10	5		request_10	1461921266390	1461921266425	KO	status.find.is(200), but actually found 400
REQUEST	injecteur 6	8		request_6	1461921266392	1461921266427	KO	status.find.is(200), but actually found 400
REQUEST	injecteur 4	1		request_4	1461921266405	1461921266448	KO	status.find.is(200), but actually found 400
REQUEST	injecteur 5	10		request_5	1461921266406	1461921266448	KO	status.find.is(200), but actually found 400
REQUEST	injecteur 8	4		request_8	1461921266407	1461921266449	KO	status.find.is(200), but actually found 400
REQUEST	injecteur 9	6		request_9	1461921266409	1461921266451	KO	status.find.is(200), but actually found 400
REQUEST	injecteur 7	2		request_7	1461921266411	1461921266452	KO	status.find.is(200), but actually found 400
REQUEST	injecteur 2	9		request_2	1461921266424	1461921266466	KO	status.find.is(200), but actually found 400
REQUEST	injecteur 3	3		request_3	1461921266425	1461921266467	KO	status.find.is(200), but actually found 400
REQUEST	injecteur 1	7		request_1	1461921266428	1461921266468	KO	status.find.is(200), but actually found 400
REQUEST	injecteur 10	5		request_10	1461921266430	1461921266469	KO	status.find.is(200), but actually found 400
REQUEST	injecteur 6	8		request_6	1461921266432	1461921266469	KO	status.find.is(200), but actually found 400
REQUEST	injecteur 4	1		request_4	1461921266449	1461921266484	KO	status.find.is(200), but actually found 400
REQUEST	injecteur 5	10		request_5	1461921266450	1461921266484	KO	status.find.is(200), but actually found 400
REQUEST	injecteur 8	4		request_8	1461921266451	1461921266487	KO	status.find.is(200), but actually found 400
REQUEST	injecteur 9	6		request_9	1461921266453	1461921266488	KO	status.find.is(200), but actually found 400
REQUEST	injecteur 7	2		request_7	1461921266454	1461921266488	KO	status.find.is(200), but actually found 400
REQUEST	injecteur 2	9		request_2	1461921266467	1461921266502	KO	status.find.is(200), but actually found 400
REQUEST	injecteur 3	3		request_3	1461921266468	1461921266503	KO	status.find.is(200), but actually found 400
REQUEST	injecteur 1	7		request_1	1461921266470	1461921266504	KO	status.find.is(200), but actually found 400
REQUEST	injecteur 10	5		request_10	1461921266470	1461921266505	KO	status.find.is(200), but actually found 400
REQUEST	injecteur 6	8		request_6	1461921266471	1461921266505	KO	status.find.is(200), but actually found 400
REQUEST	injecteur 4	1		request_4	1461921266485	1461921266519	KO	status.find.is(200), but actually found 400
REQUEST	injecteur 5	10		request_5	1461921266486	1461921266520	KO	status.find.is(200), but actually found 400
REQUEST	injecteur 8	4		request_8	1461921266487	1461921266521	KO	status.find.is(200), but actually found 400
REQUEST	injecteur 9	6		request_9	1461921266489	1461921266522	KO	status.find.is(200), but actually found 400
REQUEST	injecteur 7	2		request_7	1461921266489	1461921266524	KO	status.find.is(200), but actually found 400
REQUEST	injecteur 2	9		request_2	1461921266503	1461921266543	KO	status.find.is(200), but actually found 400
REQUEST	injecteur 3	3		request_3	1461921266504	1461921266544	KO	status.find.is(200), but actually found 400
REQUEST	injecteur 1	7		request_1	1461921266505	1461921266545	KO	status.find.is(200), but actually found 400
REQUEST	injecteur 6	8		request_6	1461921266506	1461921266546	KO	status.find.is(200), but actually found 400
REQUEST	injecteur 10	5		request_10	1461921266506	1461921266548	KO	status.find.is(200), but actually found 400
REQUEST	injecteur 4	1		request_4	1461921266520	1461921266565	KO	status.find.is(200), but actually found 400
REQUEST	injecteur 5	10		request_5	1461921266521	1461921266566	KO	status.find.is(200), but actually found 400
REQUEST	injecteur 9	6		request_9	1461921266522	1461921266567	KO	status.find.is(200), but actually found 400
REQUEST	injecteur 8	4		request_8	1461921266522	1461921266567	KO	status.find.is(200), but actually found 400
REQUEST	injecteur 7	2		request_7	1461921266525	1461921266570	KO	status.find.is(200), but actually found 400
REQUEST	injecteur 2	9		request_2	1461921266544	1461921266583	KO	status.find.is(200), but actually found 400
REQUEST	injecteur 3	3		request_3	1461921266546	1461921266584	KO	status.find.is(200), but actually found 400
REQUEST	injecteur 1	7		request_1	1461921266547	1461921266584	KO	status.find.is(200), but actually found 400
REQUEST	injecteur 6	8		request_6	1461921266549	1461921266585	KO	status.find.is(200), but actually found 400
REQUEST	injecteur 10	5		request_10	1461921266549	1461921266588	KO	status.find.is(200), but actually found 400
REQUEST	injecteur 4	1		request_4	1461921266566	1461921266601	KO	status.find.is(200), but actually found 400
REQUEST	injecteur 5	10		request_5	1461921266567	1461921266602	KO	status.find.is(200), but actually found 400
REQUEST	injecteur 9	6		request_9	1461921266568	1461921266602	KO	status.find.is(200), but actually found 400
REQUEST	injecteur 8	4		request_8	1461921266570	1461921266603	KO	status.find.is(200), but actually found 400
REQUEST	injecteur 7	2		request_7	1461921266571	1461921266605	KO	status.find.is(200), but actually found 400
REQUEST	injecteur 2	9		request_2	1461921266584	1461921266618	KO	status.find.is(200), but actually found 400
REQUEST	injecteur 3	3		request_3	1461921266585	1461921266619	KO	status.find.is(200), but actually found 400
REQUEST	injecteur 1	7		request_1	1461921266586	1461921266620	KO	status.find.is(200), but actually found 400
REQUEST	injecteur 6	8		request_6	1461921266587	1461921266621	KO	status.find.is(200), but actually found 400
REQUEST	injecteur 10	5		request_10	1461921266588	1461921266623	KO	status.find.is(200), but actually found 400
REQUEST	injecteur 4	1		request_4	1461921266603	1461921266640	KO	status.find.is(200), but actually found 400
REQUEST	injecteur 5	10		request_5	1461921266604	1461921266641	KO	status.find.is(200), but actually found 400
REQUEST	injecteur 9	6		request_9	1461921266605	1461921266642	KO	status.find.is(200), but actually found 400
REQUEST	injecteur 8	4		request_8	1461921266606	1461921266643	KO	status.find.is(200), but actually found 400
REQUEST	injecteur 7	2		request_7	1461921266606	1461921266644	KO	status.find.is(200), but actually found 400
REQUEST	injecteur 2	9		request_2	1461921266620	1461921266660	KO	status.find.is(200), but actually found 400
REQUEST	injecteur 3	3		request_3	1461921266621	1461921266661	KO	status.find.is(200), but actually found 400
REQUEST	injecteur 1	7		request_1	1461921266622	1461921266663	KO	status.find.is(200), but actually found 400
REQUEST	injecteur 6	8		request_6	1461921266623	1461921266663	KO	status.find.is(200), but actually found 400
REQUEST	injecteur 10	5		request_10	1461921266624	1461921266664	KO	status.find.is(200), but actually found 400
REQUEST	injecteur 4	1		request_4	1461921266642	1461921266681	KO	status.find.is(200), but actually found 400
REQUEST	injecteur 5	10		request_5	1461921266643	1461921266682	KO	status.find.is(200), but actually found 400
REQUEST	injecteur 9	6		request_9	1461921266645	1461921266683	KO	status.find.is(200), but actually found 400
REQUEST	injecteur 8	4		request_8	1461921266647	1461921266683	KO	status.find.is(200), but actually found 400
REQUEST	injecteur 7	2		request_7	1461921266647	1461921266684	KO	status.find.is(200), but actually found 400
REQUEST	injecteur 2	9		request_2	1461921266661	1461921266698	KO	status.find.is(200), but actually found 400
REQUEST	injecteur 3	3		request_3	1461921266662	1461921266699	KO	status.find.is(200), but actually found 400
REQUEST	injecteur 1	7		request_1	1461921266664	1461921266699	KO	status.find.is(200), but actually found 400
REQUEST	injecteur 6	8		request_6	1461921266664	1461921266701	KO	status.find.is(200), but actually found 400
REQUEST	injecteur 10	5		request_10	1461921266666	1461921266701	KO	status.find.is(200), but actually found 400
REQUEST	injecteur 4	1		request_4	1461921266682	1461921266715	KO	status.find.is(200), but actually found 400
REQUEST	injecteur 5	10		request_5	1461921266683	1461921266716	KO	status.find.is(200), but actually found 400
REQUEST	injecteur 9	6		request_9	1461921266683	1461921266717	KO	status.find.is(200), but actually found 400
REQUEST	injecteur 8	4		request_8	1461921266684	1461921266718	KO	status.find.is(200), but actually found 400
REQUEST	injecteur 7	2		request_7	1461921266685	1461921266719	KO	status.find.is(200), but actually found 400
REQUEST	injecteur 2	9		request_2	1461921266699	1461921266732	KO	status.find.is(200), but actually found 400
REQUEST	injecteur 3	3		request_3	1461921266700	1461921266733	KO	status.find.is(200), but actually found 400
REQUEST	injecteur 1	7		request_1	1461921266700	1461921266734	KO	status.find.is(200), but actually found 400
REQUEST	injecteur 6	8		request_6	1461921266702	1461921266735	KO	status.find.is(200), but actually found 400
REQUEST	injecteur 10	5		request_10	1461921266702	1461921266735	KO	status.find.is(200), but actually found 400
REQUEST	injecteur 4	1		request_4	1461921266717	1461921266750	KO	status.find.is(200), but actually found 400
REQUEST	injecteur 5	10		request_5	1461921266717	1461921266750	KO	status.find.is(200), but actually found 400
REQUEST	injecteur 9	6		request_9	1461921266718	1461921266751	KO	status.find.is(200), but actually found 400
REQUEST	injecteur 8	4		request_8	1461921266720	1461921266752	KO	status.find.is(200), but actually found 400
REQUEST	injecteur 7	2		request_7	1461921266720	1461921266754	KO	status.find.is(200), but actually found 400
REQUEST	injecteur 2	9		request_2	1461921266733	1461921266767	KO	status.find.is(200), but actually found 400
REQUEST	injecteur 3	3		request_3	1461921266734	1461921266767	KO	status.find.is(200), but actually found 400
REQUEST	injecteur 1	7		request_1	1461921266736	1461921266768	KO	status.find.is(200), but actually found 400
REQUEST	injecteur 6	8		request_6	1461921266737	1461921266770	KO	status.find.is(200), but actually found 400
REQUEST	injecteur 10	5		request_10	1461921266737	1461921266771	KO	status.find.is(200), but actually found 400
REQUEST	injecteur 4	1		request_4	1461921266751	1461921266784	KO	status.find.is(200), but actually found 400
REQUEST	injecteur 9	6		request_9	1461921266752	1461921266784	KO	status.find.is(200), but actually found 400
REQUEST	injecteur 5	10		request_5	1461921266751	1461921266785	KO	status.find.is(200), but actually found 400
REQUEST	injecteur 8	4		request_8	1461921266753	1461921266787	KO	status.find.is(200), but actually found 400
REQUEST	injecteur 7	2		request_7	1461921266755	1461921266789	KO	status.find.is(200), but actually found 400
REQUEST	injecteur 2	9		request_2	1461921266768	1461921266802	KO	status.find.is(200), but actually found 400
REQUEST	injecteur 3	3		request_3	1461921266768	1461921266803	KO	status.find.is(200), but actually found 400
REQUEST	injecteur 1	7		request_1	1461921266770	1461921266804	KO	status.find.is(200), but actually found 400
REQUEST	injecteur 6	8		request_6	1461921266771	1461921266807	KO	status.find.is(200), but actually found 400
REQUEST	injecteur 10	5		request_10	1461921266771	1461921266816	KO	status.find.is(200), but actually found 400
REQUEST	injecteur 4	1		request_4	1461921266785	1461921266829	KO	status.find.is(200), but actually found 400
REQUEST	injecteur 9	6		request_9	1461921266786	1461921266830	KO	status.find.is(200), but actually found 400
REQUEST	injecteur 5	10		request_5	1461921266787	1461921266831	KO	status.find.is(200), but actually found 400
REQUEST	injecteur 8	4		request_8	1461921266788	1461921266832	KO	status.find.is(200), but actually found 400
REQUEST	injecteur 7	2		request_7	1461921266789	1461921266835	KO	status.find.is(200), but actually found 400
REQUEST	injecteur 2	9		request_2	1461921266804	1461921266850	KO	status.find.is(200), but actually found 400
REQUEST	injecteur 3	3		request_3	1461921266805	1461921266851	KO	status.find.is(200), but actually found 400
REQUEST	injecteur 1	7		request_1	1461921266806	1461921266851	KO	status.find.is(200), but actually found 400
REQUEST	injecteur 10	5		request_10	1461921266821	1461921266854	KO	status.find.is(200), but actually found 400
REQUEST	injecteur 6	8		request_6	1461921266808	1461921266854	KO	status.find.is(200), but actually found 400
REQUEST	injecteur 4	1		request_4	1461921266832	1461921266869	KO	status.find.is(200), but actually found 400
REQUEST	injecteur 9	6		request_9	1461921266832	1461921266870	KO	status.find.is(200), but actually found 400
REQUEST	injecteur 8	4		request_8	1461921266834	1461921266872	KO	status.find.is(200), but actually found 400
REQUEST	injecteur 5	10		request_5	1461921266834	1461921266872	KO	status.find.is(200), but actually found 400
REQUEST	injecteur 7	2		request_7	1461921266837	1461921266875	KO	status.find.is(200), but actually found 400
REQUEST	injecteur 2	9		request_2	1461921266851	1461921266890	KO	status.find.is(200), but actually found 400
REQUEST	injecteur 3	3		request_3	1461921266853	1461921266891	KO	status.find.is(200), but actually found 400
REQUEST	injecteur 1	7		request_1	1461921266853	1461921266892	KO	status.find.is(200), but actually found 400
REQUEST	injecteur 6	8		request_6	1461921266855	1461921266894	KO	status.find.is(200), but actually found 400
REQUEST	injecteur 10	5		request_10	1461921266855	1461921266895	KO	status.find.is(200), but actually found 400
REQUEST	injecteur 4	1		request_4	1461921266871	1461921266915	KO	status.find.is(200), but actually found 400
REQUEST	injecteur 9	6		request_9	1461921266872	1461921266915	KO	status.find.is(200), but actually found 400
REQUEST	injecteur 8	4		request_8	1461921266873	1461921266916	KO	status.find.is(200), but actually found 400
REQUEST	injecteur 5	10		request_5	1461921266874	1461921266917	KO	status.find.is(200), but actually found 400
REQUEST	injecteur 7	2		request_7	1461921266876	1461921266919	KO	status.find.is(200), but actually found 400
REQUEST	injecteur 2	9		request_2	1461921266892	1461921266934	KO	status.find.is(200), but actually found 400
REQUEST	injecteur 3	3		request_3	1461921266893	1461921266935	KO	status.find.is(200), but actually found 400
REQUEST	injecteur 1	7		request_1	1461921266893	1461921266936	KO	status.find.is(200), but actually found 400
REQUEST	injecteur 6	8		request_6	1461921266895	1461921266937	KO	status.find.is(200), but actually found 400
REQUEST	injecteur 10	5		request_10	1461921266896	1461921266938	KO	status.find.is(200), but actually found 400
REQUEST	injecteur 4	1		request_4	1461921266916	1461921266960	KO	status.find.is(200), but actually found 400
REQUEST	injecteur 9	6		request_9	1461921266916	1461921266961	KO	status.find.is(200), but actually found 400
REQUEST	injecteur 8	4		request_8	1461921266917	1461921266962	KO	status.find.is(200), but actually found 400
REQUEST	injecteur 5	10		request_5	1461921266918	1461921266963	KO	status.find.is(200), but actually found 400
REQUEST	injecteur 7	2		request_7	1461921266920	1461921266967	KO	status.find.is(200), but actually found 400
REQUEST	injecteur 2	9		request_2	1461921266936	1461921266982	KO	status.find.is(200), but actually found 400
REQUEST	injecteur 3	3		request_3	1461921266944	1461921266982	KO	status.find.is(200), but actually found 400
REQUEST	injecteur 1	7		request_1	1461921266944	1461921266983	KO	status.find.is(200), but actually found 400
REQUEST	injecteur 6	8		request_6	1461921266945	1461921266984	KO	status.find.is(200), but actually found 400
REQUEST	injecteur 10	5		request_10	1461921266946	1461921266985	KO	status.find.is(200), but actually found 400
REQUEST	injecteur 4	1		request_4	1461921266962	1461921266999	KO	status.find.is(200), but actually found 400
REQUEST	injecteur 9	6		request_9	1461921266964	1461921266999	KO	status.find.is(200), but actually found 400
REQUEST	injecteur 8	4		request_8	1461921266965	1461921267000	KO	status.find.is(200), but actually found 400
REQUEST	injecteur 5	10		request_5	1461921266966	1461921267001	KO	status.find.is(200), but actually found 400
REQUEST	injecteur 7	2		request_7	1461921266967	1461921267005	KO	status.find.is(200), but actually found 400
REQUEST	injecteur 2	9		request_2	1461921266983	1461921267018	KO	status.find.is(200), but actually found 400
REQUEST	injecteur 3	3		request_3	1461921266984	1461921267018	KO	status.find.is(200), but actually found 400
REQUEST	injecteur 1	7		request_1	1461921266985	1461921267020	KO	status.find.is(200), but actually found 400
REQUEST	injecteur 6	8		request_6	1461921266985	1461921267020	KO	status.find.is(200), but actually found 400
REQUEST	injecteur 10	5		request_10	1461921266987	1461921267022	KO	status.find.is(200), but actually found 400
REQUEST	injecteur 4	1		request_4	1461921267000	1461921267036	KO	status.find.is(200), but actually found 400
REQUEST	injecteur 9	6		request_9	1461921267001	1461921267037	KO	status.find.is(200), but actually found 400
REQUEST	injecteur 8	4		request_8	1461921267002	1461921267038	KO	status.find.is(200), but actually found 400
REQUEST	injecteur 5	10		request_5	1461921267004	1461921267039	KO	status.find.is(200), but actually found 400
REQUEST	injecteur 7	2		request_7	1461921267006	1461921267040	KO	status.find.is(200), but actually found 400
REQUEST	injecteur 2	9		request_2	1461921267019	1461921267054	KO	status.find.is(200), but actually found 400
REQUEST	injecteur 3	3		request_3	1461921267019	1461921267054	KO	status.find.is(200), but actually found 400
REQUEST	injecteur 1	7		request_1	1461921267021	1461921267055	KO	status.find.is(200), but actually found 400
REQUEST	injecteur 6	8		request_6	1461921267021	1461921267056	KO	status.find.is(200), but actually found 400
REQUEST	injecteur 10	5		request_10	1461921267023	1461921267057	KO	status.find.is(200), but actually found 400
