ASSERTION	AAMBAAMDBABk
RUN	InjectionsAndVerifications		injectionsandverifications	1462973590450	 	2.0
USER	injecteur 4	1	START	1462973591947	1462973591947
REQUEST	injecteur 4	1		request_3	1462973592039	1462973592136	OK	 
USER	injecteur 7	2	START	1462973592063	1462973592063
USER	injecteur 3	3	START	1462973592197	1462973592197
USER	injecteur 8	4	START	1462973592201	1462973592201
USER	injecteur 10	5	START	1462973592207	1462973592207
USER	injecteur 9	6	START	1462973592209	1462973592209
USER	injecteur 1	7	START	1462973592211	1462973592211
USER	injecteur 6	8	START	1462973592213	1462973592213
USER	injecteur 2	9	START	1462973592215	1462973592215
USER	injecteur 5	10	START	1462973592217	1462973592217
REQUEST	injecteur 6	8		request_5	1462973592214	1462973592280	OK	 
REQUEST	injecteur 6	8		request_5	1462973592282	1462973592289	OK	 
REQUEST	injecteur 8	4		request_7	1462973592206	1462973592323	OK	 
REQUEST	injecteur 3	3		request_2	1462973592199	1462973592317	OK	 
REQUEST	injecteur 4	1		request_3	1462973592261	1462973592323	OK	 
REQUEST	injecteur 6	8		request_5	1462973592291	1462973592331	OK	 
REQUEST	injecteur 8	4		request_7	1462973592324	1462973592359	OK	 
REQUEST	injecteur 3	3		request_2	1462973592324	1462973592362	OK	 
REQUEST	injecteur 4	1		request_3	1462973592324	1462973592366	OK	 
REQUEST	injecteur 10	5		request_9	1462973592208	1462973592370	OK	 
REQUEST	injecteur 2	9		request_1	1462973592216	1462973592373	OK	 
REQUEST	injecteur 5	10		request_4	1462973592218	1462973592377	OK	 
REQUEST	injecteur 6	8		request_5	1462973592338	1462973592381	OK	 
REQUEST	injecteur 9	6		request_8	1462973592210	1462973592384	OK	 
REQUEST	injecteur 7	2		request_6	1462973592064	1462973592386	OK	 
REQUEST	injecteur 8	4		request_7	1462973592360	1462973592394	OK	 
REQUEST	injecteur 3	3		request_2	1462973592364	1462973592401	OK	 
REQUEST	injecteur 4	1		request_3	1462973592367	1462973592407	OK	 
REQUEST	injecteur 1	7		request_0	1462973592212	1462973592411	OK	 
REQUEST	injecteur 8	4		request_7	1462973592395	1462973592416	OK	 
REQUEST	injecteur 10	5		request_9	1462973592371	1462973592420	OK	 
REQUEST	injecteur 2	9		request_1	1462973592374	1462973592423	OK	 
REQUEST	injecteur 5	10		request_4	1462973592379	1462973592429	OK	 
REQUEST	injecteur 6	8		request_5	1462973592382	1462973592432	OK	 
REQUEST	injecteur 9	6		request_8	1462973592386	1462973592437	OK	 
REQUEST	injecteur 3	3		request_2	1462973592403	1462973592439	OK	 
REQUEST	injecteur 7	2		request_6	1462973592387	1462973592442	OK	 
REQUEST	injecteur 4	1		request_3	1462973592408	1462973592451	OK	 
REQUEST	injecteur 1	7		request_0	1462973592412	1462973592457	OK	 
REQUEST	injecteur 8	4		request_7	1462973592417	1462973592460	OK	 
REQUEST	injecteur 10	5		request_9	1462973592421	1462973592463	OK	 
REQUEST	injecteur 2	9		request_1	1462973592424	1462973592470	OK	 
REQUEST	injecteur 5	10		request_4	1462973592430	1462973592476	OK	 
REQUEST	injecteur 3	3		request_2	1462973592440	1462973592483	OK	 
REQUEST	injecteur 6	8		request_5	1462973592436	1462973592488	OK	 
REQUEST	injecteur 9	6		request_8	1462973592438	1462973592491	OK	 
REQUEST	injecteur 7	2		request_6	1462973592443	1462973592507	OK	 
REQUEST	injecteur 3	3		request_2	1462973592484	1462973592521	OK	 
REQUEST	injecteur 4	1		request_3	1462973592453	1462973592533	OK	 
REQUEST	injecteur 8	4		request_7	1462973592461	1462973592543	OK	 
REQUEST	injecteur 10	5		request_9	1462973592464	1462973592546	OK	 
REQUEST	injecteur 1	7		request_0	1462973592458	1462973592547	OK	 
REQUEST	injecteur 2	9		request_1	1462973592471	1462973592554	OK	 
REQUEST	injecteur 5	10		request_4	1462973592477	1462973592560	OK	 
REQUEST	injecteur 9	6		request_8	1462973592492	1462973592566	OK	 
REQUEST	injecteur 6	8		request_5	1462973592489	1462973592566	OK	 
REQUEST	injecteur 3	3		request_2	1462973592522	1462973592572	OK	 
REQUEST	injecteur 4	1		request_3	1462973592534	1462973592578	OK	 
REQUEST	injecteur 7	2		request_6	1462973592508	1462973592584	OK	 
REQUEST	injecteur 8	4		request_7	1462973592544	1462973592593	OK	 
REQUEST	injecteur 1	7		request_0	1462973592553	1462973592600	OK	 
REQUEST	injecteur 10	5		request_9	1462973592550	1462973592600	OK	 
REQUEST	injecteur 2	9		request_1	1462973592555	1462973592608	OK	 
REQUEST	injecteur 5	10		request_4	1462973592562	1462973592611	OK	 
REQUEST	injecteur 7	2		request_6	1462973592586	1462973592617	OK	 
REQUEST	injecteur 1	7		request_0	1462973592601	1462973592625	OK	 
REQUEST	injecteur 9	6		request_8	1462973592567	1462973592630	OK	 
REQUEST	injecteur 6	8		request_5	1462973592569	1462973592633	OK	 
REQUEST	injecteur 3	3		request_2	1462973592574	1462973592637	OK	 
REQUEST	injecteur 4	1		request_3	1462973592579	1462973592645	OK	 
REQUEST	injecteur 8	4		request_7	1462973592594	1462973592647	OK	 
REQUEST	injecteur 10	5		request_9	1462973592603	1462973592650	OK	 
REQUEST	injecteur 2	9		request_1	1462973592609	1462973592657	OK	 
REQUEST	injecteur 5	10		request_4	1462973592612	1462973592664	OK	 
REQUEST	injecteur 7	2		request_6	1462973592618	1462973592671	OK	 
REQUEST	injecteur 1	7		request_0	1462973592626	1462973592675	OK	 
REQUEST	injecteur 6	8		request_5	1462973592634	1462973592677	OK	 
REQUEST	injecteur 3	3		request_2	1462973592638	1462973592682	OK	 
REQUEST	injecteur 9	6		request_8	1462973592634	1462973592683	OK	 
REQUEST	injecteur 4	1		request_3	1462973592646	1462973592689	OK	 
REQUEST	injecteur 8	4		request_7	1462973592649	1462973592691	OK	 
REQUEST	injecteur 10	5		request_9	1462973592651	1462973592695	OK	 
REQUEST	injecteur 3	3		request_2	1462973592684	1462973592703	OK	 
REQUEST	injecteur 2	9		request_1	1462973592658	1462973592706	OK	 
REQUEST	injecteur 5	10		request_4	1462973592666	1462973592711	OK	 
REQUEST	injecteur 7	2		request_6	1462973592674	1462973592715	OK	 
REQUEST	injecteur 1	7		request_0	1462973592676	1462973592719	OK	 
REQUEST	injecteur 4	1		request_3	1462973592690	1462973592733	OK	 
REQUEST	injecteur 6	8		request_5	1462973592678	1462973592736	OK	 
REQUEST	injecteur 9	6		request_8	1462973592692	1462973592737	OK	 
REQUEST	injecteur 8	4		request_7	1462973592692	1462973592741	OK	 
REQUEST	injecteur 10	5		request_9	1462973592696	1462973592749	OK	 
REQUEST	injecteur 3	3		request_2	1462973592705	1462973592753	OK	 
REQUEST	injecteur 2	9		request_1	1462973592707	1462973592759	OK	 
REQUEST	injecteur 5	10		request_4	1462973592713	1462973592763	OK	 
REQUEST	injecteur 7	2		request_6	1462973592716	1462973592766	OK	 
REQUEST	injecteur 1	7		request_0	1462973592720	1462973592769	OK	 
REQUEST	injecteur 4	1		request_3	1462973592734	1462973592776	OK	 
REQUEST	injecteur 6	8		request_5	1462973592737	1462973592782	OK	 
REQUEST	injecteur 9	6		request_8	1462973592739	1462973592786	OK	 
REQUEST	injecteur 8	4		request_7	1462973592742	1462973592791	OK	 
REQUEST	injecteur 10	5		request_9	1462973592750	1462973592797	OK	 
REQUEST	injecteur 3	3		request_2	1462973592754	1462973592801	OK	 
REQUEST	injecteur 2	9		request_1	1462973592761	1462973592804	OK	 
REQUEST	injecteur 5	10		request_4	1462973592764	1462973592807	OK	 
REQUEST	injecteur 7	2		request_6	1462973592767	1462973592813	OK	 
REQUEST	injecteur 1	7		request_0	1462973592770	1462973592820	OK	 
REQUEST	injecteur 4	1		request_3	1462973592778	1462973592824	OK	 
REQUEST	injecteur 8	4		request_7	1462973592792	1462973592829	OK	 
REQUEST	injecteur 6	8		request_5	1462973592785	1462973592835	OK	 
REQUEST	injecteur 9	6		request_8	1462973592788	1462973592842	OK	 
REQUEST	injecteur 10	5		request_9	1462973592798	1462973592846	OK	 
REQUEST	injecteur 3	3		request_2	1462973592802	1462973592851	OK	 
REQUEST	injecteur 2	9		request_1	1462973592805	1462973592854	OK	 
REQUEST	injecteur 5	10		request_4	1462973592808	1462973592858	OK	 
REQUEST	injecteur 7	2		request_6	1462973592814	1462973592862	OK	 
REQUEST	injecteur 1	7		request_0	1462973592821	1462973592864	OK	 
REQUEST	injecteur 4	1		request_3	1462973592826	1462973592873	OK	 
REQUEST	injecteur 8	4		request_7	1462973592830	1462973592876	OK	 
REQUEST	injecteur 6	8		request_5	1462973592836	1462973592880	OK	 
REQUEST	injecteur 9	6		request_8	1462973592844	1462973592886	OK	 
REQUEST	injecteur 10	5		request_9	1462973592847	1462973592890	OK	 
REQUEST	injecteur 3	3		request_2	1462973592853	1462973592893	OK	 
REQUEST	injecteur 2	9		request_1	1462973592856	1462973592896	OK	 
REQUEST	injecteur 5	10		request_4	1462973592859	1462973592901	OK	 
REQUEST	injecteur 7	2		request_6	1462973592863	1462973592912	OK	 
REQUEST	injecteur 1	7		request_0	1462973592865	1462973592923	OK	 
REQUEST	injecteur 8	4		request_7	1462973592877	1462973592927	OK	 
REQUEST	injecteur 4	1		request_3	1462973592878	1462973592929	OK	 
REQUEST	injecteur 6	8		request_5	1462973592881	1462973592933	OK	 
REQUEST	injecteur 9	6		request_8	1462973592887	1462973592935	OK	 
REQUEST	injecteur 10	5		request_9	1462973592891	1462973592937	OK	 
REQUEST	injecteur 3	3		request_2	1462973592894	1462973592943	OK	 
REQUEST	injecteur 2	9		request_1	1462973592897	1462973592948	OK	 
REQUEST	injecteur 5	10		request_4	1462973592903	1462973592954	OK	 
REQUEST	injecteur 2	9		request_1	1462973592949	1462973592969	OK	 
REQUEST	injecteur 7	2		request_6	1462973592915	1462973592971	OK	 
REQUEST	injecteur 1	7		request_0	1462973592924	1462973592975	OK	 
REQUEST	injecteur 8	4		request_7	1462973592928	1462973592982	OK	 
REQUEST	injecteur 4	1		request_3	1462973592930	1462973592985	OK	 
REQUEST	injecteur 6	8		request_5	1462973592933	1462973593007	OK	 
REQUEST	injecteur 9	6		request_8	1462973592936	1462973593011	OK	 
REQUEST	injecteur 10	5		request_9	1462973592938	1462973593014	OK	 
REQUEST	injecteur 3	3		request_2	1462973592944	1462973593017	OK	 
REQUEST	injecteur 5	10		request_4	1462973592955	1462973593023	OK	 
REQUEST	injecteur 2	9		request_1	1462973592970	1462973593027	OK	 
REQUEST	injecteur 7	2		request_6	1462973592973	1462973593029	OK	 
REQUEST	injecteur 1	7		request_0	1462973592976	1462973593033	OK	 
REQUEST	injecteur 8	4		request_7	1462973592983	1462973593034	OK	 
REQUEST	injecteur 4	1		request_3	1462973592986	1462973593039	OK	 
REQUEST	injecteur 6	8		request_5	1462973593009	1462973593044	OK	 
REQUEST	injecteur 9	6		request_8	1462973593012	1462973593047	OK	 
REQUEST	injecteur 10	5		request_9	1462973593015	1462973593049	OK	 
REQUEST	injecteur 8	4		request_7	1462973593035	1462973593055	OK	 
REQUEST	injecteur 4	1		request_3	1462973593040	1462973593058	OK	 
REQUEST	injecteur 3	3		request_2	1462973593018	1462973593060	OK	 
REQUEST	injecteur 5	10		request_4	1462973593025	1462973593064	OK	 
REQUEST	injecteur 2	9		request_1	1462973593027	1462973593066	OK	 
REQUEST	injecteur 7	2		request_6	1462973593030	1462973593069	OK	 
REQUEST	injecteur 1	7		request_0	1462973593033	1462973593073	OK	 
REQUEST	injecteur 6	8		request_5	1462973593045	1462973593077	OK	 
REQUEST	injecteur 9	6		request_8	1462973593048	1462973593080	OK	 
REQUEST	injecteur 10	5		request_9	1462973593050	1462973593084	OK	 
REQUEST	injecteur 8	4		request_7	1462973593056	1462973593088	OK	 
REQUEST	injecteur 4	1		request_3	1462973593059	1462973593091	OK	 
REQUEST	injecteur 3	3		request_2	1462973593061	1462973593105	OK	 
REQUEST	injecteur 5	10		request_4	1462973593065	1462973593110	OK	 
REQUEST	injecteur 2	9		request_1	1462973593067	1462973593112	OK	 
REQUEST	injecteur 7	2		request_6	1462973593070	1462973593115	OK	 
REQUEST	injecteur 1	7		request_0	1462973593074	1462973593120	OK	 
REQUEST	injecteur 6	8		request_5	1462973593078	1462973593129	OK	 
REQUEST	injecteur 9	6		request_8	1462973593081	1462973593137	OK	 
REQUEST	injecteur 10	5		request_9	1462973593086	1462973593140	OK	 
REQUEST	injecteur 8	4		request_7	1462973593089	1462973593144	OK	 
REQUEST	injecteur 4	1		request_3	1462973593092	1462973593147	OK	 
REQUEST	injecteur 3	3		request_2	1462973593106	1462973593148	OK	 
REQUEST	injecteur 5	10		request_4	1462973593111	1462973593151	OK	 
REQUEST	injecteur 2	9		request_1	1462973593113	1462973593155	OK	 
REQUEST	injecteur 7	2		request_6	1462973593116	1462973593157	OK	 
REQUEST	injecteur 1	7		request_0	1462973593121	1462973593160	OK	 
REQUEST	injecteur 6	8		request_5	1462973593130	1462973593165	OK	 
REQUEST	injecteur 9	6		request_8	1462973593139	1462973593168	OK	 
REQUEST	injecteur 10	5		request_9	1462973593141	1462973593171	OK	 
REQUEST	injecteur 8	4		request_7	1462973593145	1462973593173	OK	 
REQUEST	injecteur 4	1		request_3	1462973593148	1462973593175	OK	 
REQUEST	injecteur 3	3		request_2	1462973593149	1462973593178	OK	 
REQUEST	injecteur 2	9		request_1	1462973593155	1462973593184	OK	 
REQUEST	injecteur 5	10		request_4	1462973593152	1462973593184	OK	 
REQUEST	injecteur 7	2		request_6	1462973593158	1462973593193	OK	 
REQUEST	injecteur 2	9		request_1	1462973593184	1462973593200	OK	 
REQUEST	injecteur 1	7		request_0	1462973593161	1462973593202	OK	 
REQUEST	injecteur 6	8		request_5	1462973593166	1462973593213	OK	 
REQUEST	injecteur 10	5		request_9	1462973593172	1462973593217	OK	 
REQUEST	injecteur 8	4		request_7	1462973593174	1462973593220	OK	 
REQUEST	injecteur 9	6		request_8	1462973593169	1462973593225	OK	 
REQUEST	injecteur 3	3		request_2	1462973593179	1462973593227	OK	 
REQUEST	injecteur 4	1		request_3	1462973593176	1462973593228	OK	 
REQUEST	injecteur 1	7		request_0	1462973593203	1462973593231	OK	 
REQUEST	injecteur 8	4		request_7	1462973593220	1462973593233	OK	 
REQUEST	injecteur 5	10		request_4	1462973593187	1462973593233	OK	 
REQUEST	injecteur 7	2		request_6	1462973593194	1462973593242	OK	 
REQUEST	injecteur 2	9		request_1	1462973593201	1462973593252	OK	 
REQUEST	injecteur 10	5		request_9	1462973593218	1462973593255	OK	 
REQUEST	injecteur 3	3		request_2	1462973593228	1462973593260	OK	 
REQUEST	injecteur 8	4		request_7	1462973593234	1462973593262	OK	 
REQUEST	injecteur 6	8		request_5	1462973593216	1462973593270	OK	 
REQUEST	injecteur 4	1		request_3	1462973593229	1462973593274	OK	 
REQUEST	injecteur 9	6		request_8	1462973593226	1462973593276	OK	 
REQUEST	injecteur 1	7		request_0	1462973593232	1462973593278	OK	 
REQUEST	injecteur 5	10		request_4	1462973593240	1462973593281	OK	 
REQUEST	injecteur 7	2		request_6	1462973593243	1462973593283	OK	 
REQUEST	injecteur 2	9		request_1	1462973593253	1462973593284	OK	 
REQUEST	injecteur 10	5		request_9	1462973593256	1462973593297	OK	 
REQUEST	injecteur 4	1		request_3	1462973593275	1462973593307	OK	 
REQUEST	injecteur 2	9		request_1	1462973593293	1462973593311	OK	 
REQUEST	injecteur 10	5		request_9	1462973593303	1462973593315	OK	 
REQUEST	injecteur 3	3		request_2	1462973593261	1462973593323	OK	 
REQUEST	injecteur 8	4		request_7	1462973593263	1462973593325	OK	 
REQUEST	injecteur 1	7		request_0	1462973593279	1462973593330	OK	 
REQUEST	injecteur 4	1		request_3	1462973593307	1462973593335	OK	 
REQUEST	injecteur 9	6		request_8	1462973593277	1462973593336	OK	 
REQUEST	injecteur 2	9		request_1	1462973593312	1462973593339	OK	 
REQUEST	injecteur 10	5		request_9	1462973593316	1462973593343	OK	 
REQUEST	injecteur 5	10		request_4	1462973593282	1462973593344	OK	 
REQUEST	injecteur 3	3		request_2	1462973593324	1462973593347	OK	 
REQUEST	injecteur 7	2		request_6	1462973593284	1462973593348	OK	 
REQUEST	injecteur 6	8		request_5	1462973593271	1462973593335	OK	 
REQUEST	injecteur 1	7		request_0	1462973593331	1462973593352	OK	 
REQUEST	injecteur 8	4		request_7	1462973593326	1462973593353	OK	 
REQUEST	injecteur 4	1		request_3	1462973593336	1462973593355	OK	 
REQUEST	injecteur 2	9		request_1	1462973593340	1462973593367	OK	 
REQUEST	injecteur 10	5		request_9	1462973593344	1462973593371	OK	 
REQUEST	injecteur 9	6		request_8	1462973593343	1462973593375	OK	 
REQUEST	injecteur 3	3		request_2	1462973593348	1462973593379	OK	 
REQUEST	injecteur 4	1		request_3	1462973593356	1462973593383	OK	 
REQUEST	injecteur 2	9		request_1	1462973593368	1462973593387	OK	 
REQUEST	injecteur 10	5		request_9	1462973593372	1462973593391	OK	 
REQUEST	injecteur 5	10		request_4	1462973593346	1462973593390	OK	 
REQUEST	injecteur 7	2		request_6	1462973593349	1462973593395	OK	 
REQUEST	injecteur 1	7		request_0	1462973593353	1462973593396	OK	 
REQUEST	injecteur 8	4		request_7	1462973593356	1462973593398	OK	 
REQUEST	injecteur 4	1		request_3	1462973593384	1462973593402	OK	 
REQUEST	injecteur 6	8		request_5	1462973593351	1462973593401	OK	 
REQUEST	injecteur 9	6		request_8	1462973593379	1462973593404	OK	 
REQUEST	injecteur 2	9		request_1	1462973593387	1462973593406	OK	 
REQUEST	injecteur 10	5		request_9	1462973593391	1462973593411	OK	 
REQUEST	injecteur 3	3		request_2	1462973593380	1462973593416	OK	 
REQUEST	injecteur 1	7		request_0	1462973593397	1462973593419	OK	 
REQUEST	injecteur 4	1		request_3	1462973593402	1462973593421	OK	 
REQUEST	injecteur 10	5		request_9	1462973593412	1462973593425	OK	 
REQUEST	injecteur 5	10		request_4	1462973593394	1462973593421	OK	 
REQUEST	injecteur 8	4		request_7	1462973593400	1462973593431	OK	 
REQUEST	injecteur 2	9		request_1	1462973593406	1462973593436	OK	 
REQUEST	injecteur 7	2		request_6	1462973593397	1462973593436	OK	 
REQUEST	injecteur 3	3		request_2	1462973593417	1462973593442	OK	 
REQUEST	injecteur 10	5		request_9	1462973593426	1462973593445	OK	 
REQUEST	injecteur 2	9		request_1	1462973593437	1462973593449	OK	 
REQUEST	injecteur 1	7		request_0	1462973593420	1462973593454	OK	 
REQUEST	injecteur 6	8		request_5	1462973593403	1462973593455	OK	 
REQUEST	injecteur 4	1		request_3	1462973593423	1462973593456	OK	 
REQUEST	injecteur 9	6		request_8	1462973593406	1462973593457	OK	 
REQUEST	injecteur 8	4		request_7	1462973593432	1462973593462	OK	 
REQUEST	injecteur 10	5		request_9	1462973593446	1462973593466	OK	 
REQUEST	injecteur 5	10		request_4	1462973593431	1462973593472	OK	 
REQUEST	injecteur 2	9		request_1	1462973593450	1462973593486	OK	 
REQUEST	injecteur 4	1		request_3	1462973593459	1462973593490	OK	 
REQUEST	injecteur 3	3		request_2	1462973593443	1462973593494	OK	 
REQUEST	injecteur 7	2		request_6	1462973593454	1462973593510	OK	 
REQUEST	injecteur 1	7		request_0	1462973593454	1462973593512	OK	 
REQUEST	injecteur 6	8		request_5	1462973593456	1462973593515	OK	 
REQUEST	injecteur 9	6		request_8	1462973593458	1462973593517	OK	 
REQUEST	injecteur 10	5		request_9	1462973593472	1462973593519	OK	 
REQUEST	injecteur 2	9		request_1	1462973593487	1462973593522	OK	 
REQUEST	injecteur 4	1		request_3	1462973593491	1462973593526	OK	 
REQUEST	injecteur 8	4		request_7	1462973593463	1462973593530	OK	 
REQUEST	injecteur 5	10		request_4	1462973593472	1462973593531	OK	 
REQUEST	injecteur 3	3		request_2	1462973593495	1462973593533	OK	 
REQUEST	injecteur 7	2		request_6	1462973593511	1462973593535	OK	 
REQUEST	injecteur 1	7		request_0	1462973593513	1462973593538	OK	 
REQUEST	injecteur 6	8		request_5	1462973593516	1462973593540	OK	 
REQUEST	injecteur 10	5		request_9	1462973593520	1462973593542	OK	 
REQUEST	injecteur 2	9		request_1	1462973593523	1462973593545	OK	 
REQUEST	injecteur 4	1		request_3	1462973593527	1462973593552	OK	 
REQUEST	injecteur 9	6		request_8	1462973593518	1462973593561	OK	 
REQUEST	injecteur 8	4		request_7	1462973593530	1462973593561	OK	 
REQUEST	injecteur 3	3		request_2	1462973593534	1462973593565	OK	 
REQUEST	injecteur 5	10		request_4	1462973593532	1462973593566	OK	 
REQUEST	injecteur 7	2		request_6	1462973593536	1462973593568	OK	 
REQUEST	injecteur 1	7		request_0	1462973593539	1462973593570	OK	 
REQUEST	injecteur 10	5		request_9	1462973593543	1462973593572	OK	 
REQUEST	injecteur 2	9		request_1	1462973593546	1462973593576	OK	 
REQUEST	injecteur 4	1		request_3	1462973593553	1462973593580	OK	 
REQUEST	injecteur 6	8		request_5	1462973593542	1462973593587	OK	 
REQUEST	injecteur 8	4		request_7	1462973593562	1462973593588	OK	 
REQUEST	injecteur 3	3		request_2	1462973593566	1462973593592	OK	 
REQUEST	injecteur 9	6		request_8	1462973593562	1462973593594	OK	 
REQUEST	injecteur 5	10		request_4	1462973593566	1462973593596	OK	 
REQUEST	injecteur 10	5		request_9	1462973593573	1462973593597	OK	 
REQUEST	injecteur 2	9		request_1	1462973593577	1462973593601	OK	 
REQUEST	injecteur 4	1		request_3	1462973593581	1462973593605	OK	 
REQUEST	injecteur 1	7		request_0	1462973593571	1462973593608	OK	 
REQUEST	injecteur 7	2		request_6	1462973593571	1462973593611	OK	 
REQUEST	injecteur 8	4		request_7	1462973593589	1462973593629	OK	 
REQUEST	injecteur 6	8		request_5	1462973593592	1462973593631	OK	 
REQUEST	injecteur 3	3		request_2	1462973593593	1462973593632	OK	 
REQUEST	injecteur 9	6		request_8	1462973593594	1462973593634	OK	 
REQUEST	injecteur 10	5		request_9	1462973593598	1462973593637	OK	 
REQUEST	injecteur 2	9		request_1	1462973593602	1462973593645	OK	 
REQUEST	injecteur 4	1		request_3	1462973593606	1462973593649	OK	 
REQUEST	injecteur 7	2		request_6	1462973593611	1462973593653	OK	 
REQUEST	injecteur 5	10		request_4	1462973593596	1462973593655	OK	 
REQUEST	injecteur 1	7		request_0	1462973593609	1462973593657	OK	 
REQUEST	injecteur 8	4		request_7	1462973593630	1462973593659	OK	 
REQUEST	injecteur 6	8		request_5	1462973593631	1462973593661	OK	 
REQUEST	injecteur 3	3		request_2	1462973593633	1462973593663	OK	 
REQUEST	injecteur 10	5		request_9	1462973593637	1462973593676	OK	 
REQUEST	injecteur 2	9		request_1	1462973593646	1462973593682	OK	 
REQUEST	injecteur 4	1		request_3	1462973593650	1462973593685	OK	 
REQUEST	injecteur 9	6		request_8	1462973593638	1462973593690	OK	 
REQUEST	injecteur 7	2		request_6	1462973593654	1462973593694	OK	 
REQUEST	injecteur 1	7		request_0	1462973593657	1462973593695	OK	 
REQUEST	injecteur 5	10		request_4	1462973593658	1462973593701	OK	 
REQUEST	injecteur 10	5		request_9	1462973593677	1462973593703	OK	 
REQUEST	injecteur 6	8		request_5	1462973593662	1462973593704	OK	 
REQUEST	injecteur 8	4		request_7	1462973593660	1462973593713	OK	 
REQUEST	injecteur 2	9		request_1	1462973593683	1462973593714	OK	 
REQUEST	injecteur 4	1		request_3	1462973593686	1462973593727	OK	 
REQUEST	injecteur 3	3		request_2	1462973593664	1462973593731	OK	 
REQUEST	injecteur 9	6		request_8	1462973593690	1462973593733	OK	 
REQUEST	injecteur 1	7		request_0	1462973593696	1462973593735	OK	 
REQUEST	injecteur 10	5		request_9	1462973593704	1462973593737	OK	 
REQUEST	injecteur 2	9		request_1	1462973593722	1462973593741	OK	 
REQUEST	injecteur 4	1		request_3	1462973593728	1462973593744	OK	 
REQUEST	injecteur 7	2		request_6	1462973593700	1462973593748	OK	 
REQUEST	injecteur 5	10		request_4	1462973593703	1462973593749	OK	 
REQUEST	injecteur 8	4		request_7	1462973593714	1462973593757	OK	 
REQUEST	injecteur 3	3		request_2	1462973593731	1462973593759	OK	 
REQUEST	injecteur 6	8		request_5	1462973593705	1462973593762	OK	 
REQUEST	injecteur 10	5		request_9	1462973593737	1462973593762	OK	 
REQUEST	injecteur 9	6		request_8	1462973593733	1462973593764	OK	 
REQUEST	injecteur 2	9		request_1	1462973593741	1462973593766	OK	 
REQUEST	injecteur 4	1		request_3	1462973593745	1462973593770	OK	 
REQUEST	injecteur 1	7		request_0	1462973593735	1462973593774	OK	 
REQUEST	injecteur 7	2		request_6	1462973593748	1462973593776	OK	 
REQUEST	injecteur 5	10		request_4	1462973593753	1462973593778	OK	 
REQUEST	injecteur 8	4		request_7	1462973593757	1462973593779	OK	 
REQUEST	injecteur 3	3		request_2	1462973593759	1462973593781	OK	 
REQUEST	injecteur 2	9		request_1	1462973593767	1462973593784	OK	 
REQUEST	injecteur 4	1		request_3	1462973593771	1462973593787	OK	 
REQUEST	injecteur 6	8		request_5	1462973593763	1462973593790	OK	 
REQUEST	injecteur 10	5		request_9	1462973593763	1462973593803	OK	 
REQUEST	injecteur 9	6		request_8	1462973593765	1462973593805	OK	 
REQUEST	injecteur 1	7		request_0	1462973593775	1462973593807	OK	 
REQUEST	injecteur 7	2		request_6	1462973593777	1462973593809	OK	 
REQUEST	injecteur 5	10		request_4	1462973593779	1462973593811	OK	 
REQUEST	injecteur 8	4		request_7	1462973593780	1462973593813	OK	 
REQUEST	injecteur 2	9		request_1	1462973593784	1462973593816	OK	 
REQUEST	injecteur 4	1		request_3	1462973593788	1462973593818	OK	 
REQUEST	injecteur 3	3		request_2	1462973593782	1462973593819	OK	 
REQUEST	injecteur 6	8		request_5	1462973593791	1462973593822	OK	 
REQUEST	injecteur 10	5		request_9	1462973593804	1462973593826	OK	 
REQUEST	injecteur 9	6		request_8	1462973593806	1462973593827	OK	 
REQUEST	injecteur 1	7		request_0	1462973593808	1462973593830	OK	 
REQUEST	injecteur 7	2		request_6	1462973593810	1462973593832	OK	 
REQUEST	injecteur 5	10		request_4	1462973593812	1462973593835	OK	 
REQUEST	injecteur 8	4		request_7	1462973593814	1462973593839	OK	 
REQUEST	injecteur 2	9		request_1	1462973593816	1462973593841	OK	 
REQUEST	injecteur 4	1		request_3	1462973593818	1462973593843	OK	 
REQUEST	injecteur 10	5		request_9	1462973593827	1462973593855	OK	 
REQUEST	injecteur 3	3		request_2	1462973593820	1462973593856	OK	 
REQUEST	injecteur 6	8		request_5	1462973593822	1462973593855	OK	 
REQUEST	injecteur 9	6		request_8	1462973593828	1462973593860	OK	 
REQUEST	injecteur 1	7		request_0	1462973593830	1462973593862	OK	 
REQUEST	injecteur 7	2		request_6	1462973593832	1462973593865	OK	 
REQUEST	injecteur 5	10		request_4	1462973593836	1462973593870	OK	 
REQUEST	injecteur 8	4		request_7	1462973593840	1462973593874	OK	 
REQUEST	injecteur 2	9		request_1	1462973593842	1462973593877	OK	 
REQUEST	injecteur 4	1		request_3	1462973593855	1462973593881	OK	 
REQUEST	injecteur 3	3		request_2	1462973593857	1462973593883	OK	 
REQUEST	injecteur 10	5		request_9	1462973593858	1462973593885	OK	 
REQUEST	injecteur 9	6		request_8	1462973593860	1462973593887	OK	 
REQUEST	injecteur 6	8		request_5	1462973593862	1462973593889	OK	 
REQUEST	injecteur 1	7		request_0	1462973593862	1462973593892	OK	 
REQUEST	injecteur 7	2		request_6	1462973593867	1462973593896	OK	 
REQUEST	injecteur 5	10		request_4	1462973593871	1462973593898	OK	 
REQUEST	injecteur 8	4		request_7	1462973593875	1462973593900	OK	 
REQUEST	injecteur 2	9		request_1	1462973593878	1462973593903	OK	 
REQUEST	injecteur 4	1		request_3	1462973593882	1462973593907	OK	 
REQUEST	injecteur 3	3		request_2	1462973593884	1462973593910	OK	 
REQUEST	injecteur 10	5		request_9	1462973593885	1462973593912	OK	 
REQUEST	injecteur 9	6		request_8	1462973593887	1462973593914	OK	 
REQUEST	injecteur 6	8		request_5	1462973593890	1462973593916	OK	 
REQUEST	injecteur 1	7		request_0	1462973593893	1462973593921	OK	 
REQUEST	injecteur 7	2		request_6	1462973593897	1462973593927	OK	 
REQUEST	injecteur 5	10		request_4	1462973593899	1462973593931	OK	 
REQUEST	injecteur 8	4		request_7	1462973593901	1462973593933	OK	 
REQUEST	injecteur 2	9		request_1	1462973593904	1462973593935	OK	 
REQUEST	injecteur 4	1		request_3	1462973593907	1462973593938	OK	 
REQUEST	injecteur 3	3		request_2	1462973593911	1462973593940	OK	 
REQUEST	injecteur 10	5		request_9	1462973593913	1462973593943	OK	 
REQUEST	injecteur 9	6		request_8	1462973593915	1462973593946	OK	 
REQUEST	injecteur 6	8		request_5	1462973593917	1462973593950	OK	 
REQUEST	injecteur 1	7		request_0	1462973593922	1462973593970	OK	 
REQUEST	injecteur 7	2		request_6	1462973593928	1462973593973	OK	 
REQUEST	injecteur 5	10		request_4	1462973593932	1462973593975	OK	 
REQUEST	injecteur 8	4		request_7	1462973593934	1462973593978	OK	 
REQUEST	injecteur 2	9		request_1	1462973593935	1462973593982	OK	 
REQUEST	injecteur 4	1		request_3	1462973593939	1462973593983	OK	 
REQUEST	injecteur 3	3		request_2	1462973593941	1462973593985	OK	 
REQUEST	injecteur 10	5		request_9	1462973593944	1462973593987	OK	 
REQUEST	injecteur 9	6		request_8	1462973593947	1462973593995	OK	 
REQUEST	injecteur 6	8		request_5	1462973593951	1462973593998	OK	 
REQUEST	injecteur 1	7		request_0	1462973593971	1462973594002	OK	 
REQUEST	injecteur 7	2		request_6	1462973593974	1462973594004	OK	 
REQUEST	injecteur 5	10		request_4	1462973593976	1462973594007	OK	 
REQUEST	injecteur 8	4		request_7	1462973593978	1462973594008	OK	 
REQUEST	injecteur 2	9		request_1	1462973593982	1462973594011	OK	 
REQUEST	injecteur 4	1		request_3	1462973593984	1462973594013	OK	 
REQUEST	injecteur 3	3		request_2	1462973593986	1462973594015	OK	 
REQUEST	injecteur 8	4		request_7	1462973594009	1462973594017	OK	 
REQUEST	injecteur 10	5		request_9	1462973593988	1462973594021	OK	 
REQUEST	injecteur 9	6		request_8	1462973593997	1462973594024	OK	 
REQUEST	injecteur 6	8		request_5	1462973593999	1462973594026	OK	 
REQUEST	injecteur 1	7		request_0	1462973594003	1462973594026	OK	 
REQUEST	injecteur 7	2		request_6	1462973594005	1462973594030	OK	 
REQUEST	injecteur 5	10		request_4	1462973594007	1462973594032	OK	 
REQUEST	injecteur 2	9		request_1	1462973594012	1462973594037	OK	 
REQUEST	injecteur 4	1		request_3	1462973594014	1462973594038	OK	 
REQUEST	injecteur 8	4		request_7	1462973594018	1462973594037	OK	 
REQUEST	injecteur 3	3		request_2	1462973594016	1462973594043	OK	 
REQUEST	injecteur 10	5		request_9	1462973594021	1462973594053	OK	 
REQUEST	injecteur 9	6		request_8	1462973594025	1462973594055	OK	 
REQUEST	injecteur 6	8		request_5	1462973594027	1462973594057	OK	 
REQUEST	injecteur 1	7		request_0	1462973594027	1462973594059	OK	 
REQUEST	injecteur 7	2		request_6	1462973594031	1462973594061	OK	 
REQUEST	injecteur 5	10		request_4	1462973594033	1462973594063	OK	 
REQUEST	injecteur 8	4		request_7	1462973594039	1462973594065	OK	 
REQUEST	injecteur 2	9		request_1	1462973594037	1462973594068	OK	 
REQUEST	injecteur 4	1		request_3	1462973594039	1462973594070	OK	 
REQUEST	injecteur 3	3		request_2	1462973594044	1462973594072	OK	 
REQUEST	injecteur 10	5		request_9	1462973594054	1462973594074	OK	 
REQUEST	injecteur 9	6		request_8	1462973594056	1462973594076	OK	 
REQUEST	injecteur 6	8		request_5	1462973594058	1462973594078	OK	 
REQUEST	injecteur 1	7		request_0	1462973594060	1462973594080	OK	 
REQUEST	injecteur 8	4		request_7	1462973594066	1462973594082	OK	 
REQUEST	injecteur 7	2		request_6	1462973594062	1462973594085	OK	 
REQUEST	injecteur 5	10		request_4	1462973594065	1462973594089	OK	 
REQUEST	injecteur 2	9		request_1	1462973594069	1462973594091	OK	 
REQUEST	injecteur 3	3		request_2	1462973594073	1462973594094	OK	 
REQUEST	injecteur 4	1		request_3	1462973594071	1462973594092	OK	 
REQUEST	injecteur 10	5		request_9	1462973594075	1462973594099	OK	 
REQUEST	injecteur 9	6		request_8	1462973594077	1462973594099	OK	 
REQUEST	injecteur 6	8		request_5	1462973594079	1462973594120	OK	 
REQUEST	injecteur 8	4		request_7	1462973594082	1462973594120	OK	 
REQUEST	injecteur 1	7		request_0	1462973594080	1462973594124	OK	 
REQUEST	injecteur 7	2		request_6	1462973594086	1462973594128	OK	 
REQUEST	injecteur 5	10		request_4	1462973594090	1462973594130	OK	 
REQUEST	injecteur 2	9		request_1	1462973594091	1462973594132	OK	 
REQUEST	injecteur 3	3		request_2	1462973594095	1462973594134	OK	 
REQUEST	injecteur 4	1		request_3	1462973594095	1462973594136	OK	 
REQUEST	injecteur 9	6		request_8	1462973594100	1462973594138	OK	 
REQUEST	injecteur 10	5		request_9	1462973594100	1462973594141	OK	 
REQUEST	injecteur 8	4		request_7	1462973594121	1462973594143	OK	 
REQUEST	injecteur 6	8		request_5	1462973594121	1462973594146	OK	 
REQUEST	injecteur 1	7		request_0	1462973594125	1462973594148	OK	 
REQUEST	injecteur 7	2		request_6	1462973594128	1462973594150	OK	 
REQUEST	injecteur 5	10		request_4	1462973594130	1462973594151	OK	 
REQUEST	injecteur 2	9		request_1	1462973594132	1462973594153	OK	 
REQUEST	injecteur 3	3		request_2	1462973594135	1462973594155	OK	 
REQUEST	injecteur 4	1		request_3	1462973594136	1462973594159	OK	 
REQUEST	injecteur 10	5		request_9	1462973594142	1462973594161	OK	 
REQUEST	injecteur 9	6		request_8	1462973594139	1462973594163	OK	 
REQUEST	injecteur 8	4		request_7	1462973594144	1462973594165	OK	 
REQUEST	injecteur 6	8		request_5	1462973594147	1462973594168	OK	 
REQUEST	injecteur 1	7		request_0	1462973594149	1462973594170	OK	 
REQUEST	injecteur 7	2		request_6	1462973594150	1462973594172	OK	 
REQUEST	injecteur 5	10		request_4	1462973594152	1462973594174	OK	 
REQUEST	injecteur 2	9		request_1	1462973594154	1462973594175	OK	 
REQUEST	injecteur 3	3		request_2	1462973594156	1462973594177	OK	 
REQUEST	injecteur 8	4		request_7	1462973594165	1462973594179	OK	 
REQUEST	injecteur 4	1		request_3	1462973594160	1462973594184	OK	 
REQUEST	injecteur 10	5		request_9	1462973594162	1462973594186	OK	 
REQUEST	injecteur 9	6		request_8	1462973594163	1462973594187	OK	 
REQUEST	injecteur 1	7		request_0	1462973594170	1462973594192	OK	 
REQUEST	injecteur 6	8		request_5	1462973594169	1462973594193	OK	 
REQUEST	injecteur 7	2		request_6	1462973594172	1462973594196	OK	 
REQUEST	injecteur 5	10		request_4	1462973594174	1462973594198	OK	 
REQUEST	injecteur 2	9		request_1	1462973594176	1462973594200	OK	 
REQUEST	injecteur 8	4		request_7	1462973594179	1462973594204	OK	 
REQUEST	injecteur 3	3		request_2	1462973594178	1462973594208	OK	 
REQUEST	injecteur 4	1		request_3	1462973594184	1462973594210	OK	 
REQUEST	injecteur 10	5		request_9	1462973594186	1462973594212	OK	 
REQUEST	injecteur 1	7		request_0	1462973594193	1462973594216	OK	 
REQUEST	injecteur 9	6		request_8	1462973594188	1462973594219	OK	 
REQUEST	injecteur 6	8		request_5	1462973594194	1462973594220	OK	 
REQUEST	injecteur 7	2		request_6	1462973594197	1462973594222	OK	 
REQUEST	injecteur 5	10		request_4	1462973594199	1462973594224	OK	 
REQUEST	injecteur 8	4		request_7	1462973594205	1462973594239	OK	 
REQUEST	injecteur 2	9		request_1	1462973594200	1462973594242	OK	 
REQUEST	injecteur 3	3		request_2	1462973594209	1462973594244	OK	 
REQUEST	injecteur 4	1		request_3	1462973594210	1462973594245	OK	 
REQUEST	injecteur 10	5		request_9	1462973594212	1462973594247	OK	 
REQUEST	injecteur 1	7		request_0	1462973594217	1462973594249	OK	 
REQUEST	injecteur 8	4		request_7	1462973594239	1462973594253	OK	 
REQUEST	injecteur 9	6		request_8	1462973594219	1462973594253	OK	 
REQUEST	injecteur 6	8		request_5	1462973594221	1462973594256	OK	 
REQUEST	injecteur 7	2		request_6	1462973594223	1462973594259	OK	 
REQUEST	injecteur 5	10		request_4	1462973594225	1462973594261	OK	 
REQUEST	injecteur 2	9		request_1	1462973594243	1462973594263	OK	 
REQUEST	injecteur 3	3		request_2	1462973594244	1462973594265	OK	 
REQUEST	injecteur 4	1		request_3	1462973594246	1462973594267	OK	 
REQUEST	injecteur 10	5		request_9	1462973594248	1462973594269	OK	 
REQUEST	injecteur 1	7		request_0	1462973594250	1462973594271	OK	 
REQUEST	injecteur 8	4		request_7	1462973594253	1462973594273	OK	 
REQUEST	injecteur 2	9		request_1	1462973594264	1462973594285	OK	 
REQUEST	injecteur 3	3		request_2	1462973594266	1462973594287	OK	 
REQUEST	injecteur 4	1		request_3	1462973594268	1462973594290	OK	 
REQUEST	injecteur 8	4		request_7	1462973594274	1462973594292	OK	 
REQUEST	injecteur 9	6		request_8	1462973594255	1462973594293	OK	 
REQUEST	injecteur 6	8		request_5	1462973594257	1462973594295	OK	 
REQUEST	injecteur 10	5		request_9	1462973594270	1462973594296	OK	 
REQUEST	injecteur 1	7		request_0	1462973594272	1462973594298	OK	 
REQUEST	injecteur 2	9		request_1	1462973594286	1462973594302	OK	 
REQUEST	injecteur 3	3		request_2	1462973594288	1462973594307	OK	 
REQUEST	injecteur 8	4		request_7	1462973594292	1462973594309	OK	 
REQUEST	injecteur 4	1		request_3	1462973594290	1462973594315	OK	 
REQUEST	injecteur 10	5		request_9	1462973594297	1462973594318	OK	 
REQUEST	injecteur 7	2		request_6	1462973594260	1462973594324	OK	 
REQUEST	injecteur 1	7		request_0	1462973594299	1462973594325	OK	 
REQUEST	injecteur 5	10		request_4	1462973594262	1462973594326	OK	 
REQUEST	injecteur 2	9		request_1	1462973594303	1462973594328	OK	 
REQUEST	injecteur 9	6		request_8	1462973594293	1462973594327	OK	 
REQUEST	injecteur 6	8		request_5	1462973594295	1462973594329	OK	 
REQUEST	injecteur 3	3		request_2	1462973594308	1462973594342	OK	 
REQUEST	injecteur 8	4		request_7	1462973594310	1462973594345	OK	 
REQUEST	injecteur 4	1		request_3	1462973594316	1462973594347	OK	 
REQUEST	injecteur 10	5		request_9	1462973594319	1462973594350	OK	 
REQUEST	injecteur 7	2		request_6	1462973594324	1462973594351	OK	 
REQUEST	injecteur 1	7		request_0	1462973594326	1462973594353	OK	 
REQUEST	injecteur 5	10		request_4	1462973594326	1462973594354	OK	 
REQUEST	injecteur 2	9		request_1	1462973594328	1462973594356	OK	 
REQUEST	injecteur 9	6		request_8	1462973594328	1462973594358	OK	 
REQUEST	injecteur 6	8		request_5	1462973594330	1462973594360	OK	 
REQUEST	injecteur 3	3		request_2	1462973594343	1462973594366	OK	 
REQUEST	injecteur 8	4		request_7	1462973594346	1462973594368	OK	 
REQUEST	injecteur 4	1		request_3	1462973594348	1462973594369	OK	 
REQUEST	injecteur 10	5		request_9	1462973594350	1462973594371	OK	 
REQUEST	injecteur 7	2		request_6	1462973594352	1462973594373	OK	 
REQUEST	injecteur 1	7		request_0	1462973594353	1462973594376	OK	 
REQUEST	injecteur 5	10		request_4	1462973594355	1462973594379	OK	 
REQUEST	injecteur 2	9		request_1	1462973594357	1462973594381	OK	 
REQUEST	injecteur 9	6		request_8	1462973594359	1462973594382	OK	 
REQUEST	injecteur 6	8		request_5	1462973594361	1462973594383	OK	 
REQUEST	injecteur 3	3		request_2	1462973594366	1462973594386	OK	 
REQUEST	injecteur 8	4		request_7	1462973594368	1462973594387	OK	 
REQUEST	injecteur 4	1		request_3	1462973594370	1462973594389	OK	 
REQUEST	injecteur 10	5		request_9	1462973594372	1462973594390	OK	 
REQUEST	injecteur 7	2		request_6	1462973594374	1462973594392	OK	 
REQUEST	injecteur 1	7		request_0	1462973594376	1462973594396	OK	 
REQUEST	injecteur 5	10		request_4	1462973594380	1462973594400	OK	 
REQUEST	injecteur 2	9		request_1	1462973594381	1462973594402	OK	 
REQUEST	injecteur 9	6		request_8	1462973594383	1462973594403	OK	 
REQUEST	injecteur 6	8		request_5	1462973594384	1462973594405	OK	 
REQUEST	injecteur 3	3		request_2	1462973594386	1462973594407	OK	 
REQUEST	injecteur 8	4		request_7	1462973594388	1462973594409	OK	 
REQUEST	injecteur 4	1		request_3	1462973594389	1462973594411	OK	 
REQUEST	injecteur 10	5		request_9	1462973594391	1462973594413	OK	 
REQUEST	injecteur 7	2		request_6	1462973594392	1462973594418	OK	 
REQUEST	injecteur 1	7		request_0	1462973594397	1462973594420	OK	 
REQUEST	injecteur 5	10		request_4	1462973594401	1462973594427	OK	 
REQUEST	injecteur 2	9		request_1	1462973594402	1462973594429	OK	 
REQUEST	injecteur 9	6		request_8	1462973594404	1462973594430	OK	 
REQUEST	injecteur 6	8		request_5	1462973594406	1462973594432	OK	 
REQUEST	injecteur 3	3		request_2	1462973594408	1462973594433	OK	 
REQUEST	injecteur 8	4		request_7	1462973594410	1462973594435	OK	 
REQUEST	injecteur 4	1		request_3	1462973594412	1462973594437	OK	 
REQUEST	injecteur 10	5		request_9	1462973594414	1462973594442	OK	 
REQUEST	injecteur 7	2		request_6	1462973594419	1462973594444	OK	 
REQUEST	injecteur 1	7		request_0	1462973594421	1462973594446	OK	 
REQUEST	injecteur 5	10		request_4	1462973594427	1462973594447	OK	 
REQUEST	injecteur 2	9		request_1	1462973594429	1462973594449	OK	 
REQUEST	injecteur 9	6		request_8	1462973594431	1462973594450	OK	 
REQUEST	injecteur 6	8		request_5	1462973594432	1462973594452	OK	 
REQUEST	injecteur 3	3		request_2	1462973594434	1462973594454	OK	 
REQUEST	injecteur 8	4		request_7	1462973594436	1462973594458	OK	 
REQUEST	injecteur 4	1		request_3	1462973594438	1462973594460	OK	 
REQUEST	injecteur 10	5		request_9	1462973594443	1462973594465	OK	 
REQUEST	injecteur 7	2		request_6	1462973594445	1462973594467	OK	 
REQUEST	injecteur 1	7		request_0	1462973594446	1462973594469	OK	 
REQUEST	injecteur 5	10		request_4	1462973594448	1462973594471	OK	 
REQUEST	injecteur 2	9		request_1	1462973594450	1462973594473	OK	 
REQUEST	injecteur 9	6		request_8	1462973594451	1462973594476	OK	 
REQUEST	injecteur 6	8		request_5	1462973594453	1462973594477	OK	 
REQUEST	injecteur 3	3		request_2	1462973594455	1462973594479	OK	 
REQUEST	injecteur 8	4		request_7	1462973594459	1462973594481	OK	 
REQUEST	injecteur 4	1		request_3	1462973594461	1462973594483	OK	 
REQUEST	injecteur 10	5		request_9	1462973594466	1462973594486	OK	 
REQUEST	injecteur 7	2		request_6	1462973594468	1462973594488	OK	 
REQUEST	injecteur 1	7		request_0	1462973594470	1462973594489	OK	 
REQUEST	injecteur 5	10		request_4	1462973594472	1462973594494	OK	 
REQUEST	injecteur 2	9		request_1	1462973594474	1462973594495	OK	 
REQUEST	injecteur 9	6		request_8	1462973594476	1462973594497	OK	 
REQUEST	injecteur 6	8		request_5	1462973594478	1462973594499	OK	 
REQUEST	injecteur 3	3		request_2	1462973594479	1462973594506	OK	 
REQUEST	injecteur 8	4		request_7	1462973594482	1462973594511	OK	 
REQUEST	injecteur 4	1		request_3	1462973594484	1462973594515	OK	 
REQUEST	injecteur 10	5		request_9	1462973594486	1462973594517	OK	 
REQUEST	injecteur 7	2		request_6	1462973594488	1462973594519	OK	 
REQUEST	injecteur 1	7		request_0	1462973594490	1462973594521	OK	 
REQUEST	injecteur 2	9		request_1	1462973594496	1462973594525	OK	 
REQUEST	injecteur 8	4		request_7	1462973594512	1462973594528	OK	 
REQUEST	injecteur 5	10		request_4	1462973594494	1462973594523	OK	 
REQUEST	injecteur 9	6		request_8	1462973594498	1462973594532	OK	 
REQUEST	injecteur 6	8		request_5	1462973594500	1462973594534	OK	 
REQUEST	injecteur 3	3		request_2	1462973594507	1462973594546	OK	 
REQUEST	injecteur 4	1		request_3	1462973594516	1462973594547	OK	 
REQUEST	injecteur 10	5		request_9	1462973594518	1462973594549	OK	 
REQUEST	injecteur 7	2		request_6	1462973594519	1462973594550	OK	 
REQUEST	injecteur 1	7		request_0	1462973594521	1462973594552	OK	 
REQUEST	injecteur 2	9		request_1	1462973594525	1462973594554	OK	 
REQUEST	injecteur 8	4		request_7	1462973594529	1462973594560	OK	 
REQUEST	injecteur 5	10		request_4	1462973594531	1462973594565	OK	 
REQUEST	injecteur 9	6		request_8	1462973594533	1462973594567	OK	 
REQUEST	injecteur 6	8		request_5	1462973594535	1462973594570	OK	 
REQUEST	injecteur 3	3		request_2	1462973594547	1462973594571	OK	 
REQUEST	injecteur 4	1		request_3	1462973594547	1462973594574	OK	 
REQUEST	injecteur 10	5		request_9	1462973594551	1462973594577	OK	 
REQUEST	injecteur 7	2		request_6	1462973594551	1462973594579	OK	 
REQUEST	injecteur 1	7		request_0	1462973594553	1462973594581	OK	 
REQUEST	injecteur 8	4		request_7	1462973594562	1462973594583	OK	 
REQUEST	injecteur 2	9		request_1	1462973594555	1462973594586	OK	 
REQUEST	injecteur 5	10		request_4	1462973594566	1462973594587	OK	 
REQUEST	injecteur 9	6		request_8	1462973594568	1462973594589	OK	 
REQUEST	injecteur 6	8		request_5	1462973594571	1462973594592	OK	 
REQUEST	injecteur 3	3		request_2	1462973594572	1462973594593	OK	 
REQUEST	injecteur 4	1		request_3	1462973594575	1462973594595	OK	 
REQUEST	injecteur 10	5		request_9	1462973594578	1462973594596	OK	 
REQUEST	injecteur 8	4		request_7	1462973594583	1462973594598	OK	 
REQUEST	injecteur 1	7		request_0	1462973594582	1462973594602	OK	 
REQUEST	injecteur 2	9		request_1	1462973594587	1462973594606	OK	 
REQUEST	injecteur 3	3		request_2	1462973594594	1462973594616	OK	 
REQUEST	injecteur 4	1		request_3	1462973594595	1462973594618	OK	 
REQUEST	injecteur 8	4		request_7	1462973594599	1462973594620	OK	 
REQUEST	injecteur 10	5		request_9	1462973594597	1462973594624	OK	 
REQUEST	injecteur 1	7		request_0	1462973594602	1462973594626	OK	 
REQUEST	injecteur 2	9		request_1	1462973594606	1462973594628	OK	 
REQUEST	injecteur 3	3		request_2	1462973594616	1462973594631	OK	 
REQUEST	injecteur 8	4		request_7	1462973594620	1462973594636	OK	 
REQUEST	injecteur 4	1		request_3	1462973594618	1462973594640	OK	 
REQUEST	injecteur 10	5		request_9	1462973594625	1462973594642	OK	 
REQUEST	injecteur 7	2		request_6	1462973594581	1462973594643	OK	 
REQUEST	injecteur 5	10		request_4	1462973594588	1462973594644	OK	 
REQUEST	injecteur 1	7		request_0	1462973594627	1462973594644	OK	 
REQUEST	injecteur 9	6		request_8	1462973594591	1462973594646	OK	 
REQUEST	injecteur 6	8		request_5	1462973594593	1462973594648	OK	 
REQUEST	injecteur 2	9		request_1	1462973594629	1462973594650	OK	 
REQUEST	injecteur 8	4		request_7	1462973594637	1462973594653	OK	 
REQUEST	injecteur 3	3		request_2	1462973594631	1462973594657	OK	 
REQUEST	injecteur 4	1		request_3	1462973594641	1462973594658	OK	 
REQUEST	injecteur 10	5		request_9	1462973594643	1462973594660	OK	 
REQUEST	injecteur 7	2		request_6	1462973594643	1462973594662	OK	 
REQUEST	injecteur 1	7		request_0	1462973594645	1462973594664	OK	 
REQUEST	injecteur 5	10		request_4	1462973594645	1462973594667	OK	 
REQUEST	injecteur 9	6		request_8	1462973594647	1462973594669	OK	 
REQUEST	injecteur 6	8		request_5	1462973594648	1462973594671	OK	 
REQUEST	injecteur 8	4		request_7	1462973594653	1462973594672	OK	 
REQUEST	injecteur 3	3		request_2	1462973594657	1462973594680	OK	 
REQUEST	injecteur 7	2		request_6	1462973594663	1462973594692	OK	 
REQUEST	injecteur 1	7		request_0	1462973594664	1462973594694	OK	 
REQUEST	injecteur 5	10		request_4	1462973594668	1462973594696	OK	 
REQUEST	injecteur 9	6		request_8	1462973594670	1462973594698	OK	 
REQUEST	injecteur 2	9		request_1	1462973594650	1462973594700	OK	 
REQUEST	injecteur 8	4		request_7	1462973594673	1462973594700	OK	 
REQUEST	injecteur 4	1		request_3	1462973594659	1462973594701	OK	 
REQUEST	injecteur 10	5		request_9	1462973594661	1462973594703	OK	 
REQUEST	injecteur 6	8		request_5	1462973594671	1462973594703	OK	 
REQUEST	injecteur 3	3		request_2	1462973594680	1462973594705	OK	 
REQUEST	injecteur 7	2		request_6	1462973594693	1462973594707	OK	 
REQUEST	injecteur 1	7		request_0	1462973594695	1462973594721	OK	 
REQUEST	injecteur 5	10		request_4	1462973594697	1462973594722	OK	 
REQUEST	injecteur 9	6		request_8	1462973594699	1462973594725	OK	 
REQUEST	injecteur 2	9		request_1	1462973594700	1462973594728	OK	 
REQUEST	injecteur 8	4		request_7	1462973594700	1462973594730	OK	 
REQUEST	injecteur 4	1		request_3	1462973594702	1462973594733	OK	 
REQUEST	injecteur 10	5		request_9	1462973594703	1462973594735	OK	 
REQUEST	injecteur 6	8		request_5	1462973594703	1462973594736	OK	 
REQUEST	injecteur 3	3		request_2	1462973594706	1462973594738	OK	 
REQUEST	injecteur 1	7		request_0	1462973594721	1462973594742	OK	 
REQUEST	injecteur 7	2		request_6	1462973594708	1462973594743	OK	 
REQUEST	injecteur 8	4		request_7	1462973594731	1462973594746	OK	 
REQUEST	injecteur 5	10		request_4	1462973594723	1462973594750	OK	 
REQUEST	injecteur 9	6		request_8	1462973594726	1462973594752	OK	 
REQUEST	injecteur 2	9		request_1	1462973594729	1462973594753	OK	 
REQUEST	injecteur 4	1		request_3	1462973594734	1462973594755	OK	 
REQUEST	injecteur 10	5		request_9	1462973594735	1462973594757	OK	 
REQUEST	injecteur 6	8		request_5	1462973594737	1462973594759	OK	 
REQUEST	injecteur 3	3		request_2	1462973594739	1462973594761	OK	 
REQUEST	injecteur 8	4		request_7	1462973594746	1462973594762	OK	 
REQUEST	injecteur 1	7		request_0	1462973594743	1462973594789	OK	 
REQUEST	injecteur 7	2		request_6	1462973594744	1462973594791	OK	 
REQUEST	injecteur 5	10		request_4	1462973594751	1462973594792	OK	 
REQUEST	injecteur 8	4		request_7	1462973594786	1462973594801	OK	 
REQUEST	injecteur 10	5		request_9	1462973594757	1462973594801	OK	 
REQUEST	injecteur 6	8		request_5	1462973594759	1462973594801	OK	 
REQUEST	injecteur 9	6		request_8	1462973594752	1462973594804	OK	 
REQUEST	injecteur 2	9		request_1	1462973594754	1462973594803	OK	 
REQUEST	injecteur 3	3		request_2	1462973594761	1462973594804	OK	 
REQUEST	injecteur 4	1		request_3	1462973594756	1462973594805	OK	 
REQUEST	injecteur 1	7		request_0	1462973594789	1462973594807	OK	 
REQUEST	injecteur 7	2		request_6	1462973594791	1462973594808	OK	 
REQUEST	injecteur 5	10		request_4	1462973594793	1462973594810	OK	 
REQUEST	injecteur 8	4		request_7	1462973594801	1462973594813	OK	 
REQUEST	injecteur 6	8		request_5	1462973594801	1462973594816	OK	 
REQUEST	injecteur 10	5		request_9	1462973594801	1462973594818	OK	 
REQUEST	injecteur 3	3		request_2	1462973594804	1462973594820	OK	 
REQUEST	injecteur 2	9		request_1	1462973594804	1462973594821	OK	 
REQUEST	injecteur 4	1		request_3	1462973594806	1462973594825	OK	 
REQUEST	injecteur 1	7		request_0	1462973594807	1462973594826	OK	 
REQUEST	injecteur 9	6		request_8	1462973594804	1462973594829	OK	 
REQUEST	injecteur 7	2		request_6	1462973594809	1462973594831	OK	 
REQUEST	injecteur 8	4		request_7	1462973594813	1462973594832	OK	 
REQUEST	injecteur 5	10		request_4	1462973594811	1462973594835	OK	 
REQUEST	injecteur 6	8		request_5	1462973594816	1462973594837	OK	 
REQUEST	injecteur 10	5		request_9	1462973594818	1462973594839	OK	 
REQUEST	injecteur 3	3		request_2	1462973594820	1462973594841	OK	 
REQUEST	injecteur 2	9		request_1	1462973594822	1462973594845	OK	 
REQUEST	injecteur 4	1		request_3	1462973594825	1462973594847	OK	 
REQUEST	injecteur 1	7		request_0	1462973594827	1462973594848	OK	 
REQUEST	injecteur 8	4		request_7	1462973594832	1462973594850	OK	 
REQUEST	injecteur 9	6		request_8	1462973594830	1462973594854	OK	 
REQUEST	injecteur 7	2		request_6	1462973594831	1462973594860	OK	 
REQUEST	injecteur 10	5		request_9	1462973594840	1462973594860	OK	 
REQUEST	injecteur 5	10		request_4	1462973594836	1462973594861	OK	 
REQUEST	injecteur 3	3		request_2	1462973594842	1462973594862	OK	 
REQUEST	injecteur 6	8		request_5	1462973594838	1462973594863	OK	 
REQUEST	injecteur 2	9		request_1	1462973594845	1462973594864	OK	 
REQUEST	injecteur 4	1		request_3	1462973594847	1462973594866	OK	 
REQUEST	injecteur 8	4		request_7	1462973594851	1462973594868	OK	 
REQUEST	injecteur 1	7		request_0	1462973594849	1462973594871	OK	 
REQUEST	injecteur 9	6		request_8	1462973594859	1462973594873	OK	 
REQUEST	injecteur 10	5		request_9	1462973594860	1462973594875	OK	 
REQUEST	injecteur 7	2		request_6	1462973594860	1462973594878	OK	 
REQUEST	injecteur 5	10		request_4	1462973594862	1462973594943	OK	 
REQUEST	injecteur 3	3		request_2	1462973594863	1462973594945	OK	 
REQUEST	injecteur 6	8		request_5	1462973594863	1462973594947	OK	 
REQUEST	injecteur 2	9		request_1	1462973594865	1462973594949	OK	 
REQUEST	injecteur 8	4		request_7	1462973594868	1462973594950	OK	 
REQUEST	injecteur 4	1		request_3	1462973594867	1462973594954	OK	 
REQUEST	injecteur 1	7		request_0	1462973594871	1462973594955	OK	 
REQUEST	injecteur 10	5		request_9	1462973594876	1462973594957	OK	 
REQUEST	injecteur 9	6		request_8	1462973594874	1462973594960	OK	 
REQUEST	injecteur 7	2		request_6	1462973594878	1462973594961	OK	 
REQUEST	injecteur 5	10		request_4	1462973594943	1462973594963	OK	 
REQUEST	injecteur 3	3		request_2	1462973594945	1462973594965	OK	 
REQUEST	injecteur 6	8		request_5	1462973594947	1462973594966	OK	 
REQUEST	injecteur 8	4		request_7	1462973594951	1462973594968	OK	 
REQUEST	injecteur 2	9		request_1	1462973594949	1462973594971	OK	 
REQUEST	injecteur 4	1		request_3	1462973594954	1462973594973	OK	 
REQUEST	injecteur 1	7		request_0	1462973594956	1462973594975	OK	 
REQUEST	injecteur 10	5		request_9	1462973594958	1462973594976	OK	 
REQUEST	injecteur 9	6		request_8	1462973594960	1462973594978	OK	 
REQUEST	injecteur 7	2		request_6	1462973594962	1462973594980	OK	 
REQUEST	injecteur 5	10		request_4	1462973594964	1462973594982	OK	 
REQUEST	injecteur 3	3		request_2	1462973594965	1462973594983	OK	 
REQUEST	injecteur 8	4		request_7	1462973594969	1462973594985	OK	 
REQUEST	injecteur 6	8		request_5	1462973594967	1462973594988	OK	 
REQUEST	injecteur 1	7		request_0	1462973594975	1462973594994	OK	 
REQUEST	injecteur 2	9		request_1	1462973594972	1462973595022	OK	 
REQUEST	injecteur 4	1		request_3	1462973594973	1462973595024	OK	 
REQUEST	injecteur 9	6		request_8	1462973594979	1462973595132	OK	 
REQUEST	injecteur 8	4		request_7	1462973594986	1462973595133	OK	 
REQUEST	injecteur 3	3		request_2	1462973594984	1462973595146	OK	 
REQUEST	injecteur 1	7		request_0	1462973594994	1462973595151	OK	 
REQUEST	injecteur 10	5		request_9	1462973594977	1462973595154	OK	 
REQUEST	injecteur 2	9		request_1	1462973595022	1462973595156	OK	 
REQUEST	injecteur 4	1		request_3	1462973595024	1462973595157	OK	 
REQUEST	injecteur 8	4		request_7	1462973595133	1462973595159	OK	 
REQUEST	injecteur 7	2		request_6	1462973594980	1462973595167	OK	 
REQUEST	injecteur 3	3		request_2	1462973595147	1462973595169	OK	 
REQUEST	injecteur 6	8		request_5	1462973594989	1462973595169	OK	 
REQUEST	injecteur 1	7		request_0	1462973595152	1462973595172	OK	 
REQUEST	injecteur 8	4		request_7	1462973595159	1462973595177	OK	 
REQUEST	injecteur 10	5		request_9	1462973595154	1462973595191	OK	 
REQUEST	injecteur 2	9		request_1	1462973595156	1462973595191	OK	 
REQUEST	injecteur 4	1		request_3	1462973595158	1462973595193	OK	 
REQUEST	injecteur 3	3		request_2	1462973595169	1462973595195	OK	 
REQUEST	injecteur 8	4		request_7	1462973595178	1462973595199	OK	 
REQUEST	injecteur 1	7		request_0	1462973595173	1462973595205	OK	 
REQUEST	injecteur 10	5		request_9	1462973595191	1462973595207	OK	 
REQUEST	injecteur 7	2		request_6	1462973595168	1462973595208	OK	 
REQUEST	injecteur 5	10		request_4	1462973594982	1462973595210	OK	 
REQUEST	injecteur 2	9		request_1	1462973595192	1462973595210	OK	 
REQUEST	injecteur 4	1		request_3	1462973595194	1462973595212	OK	 
REQUEST	injecteur 9	6		request_8	1462973595166	1462973595212	OK	 
REQUEST	injecteur 3	3		request_2	1462973595195	1462973595214	OK	 
REQUEST	injecteur 6	8		request_5	1462973595170	1462973595215	OK	 
REQUEST	injecteur 8	4		request_7	1462973595200	1462973595228	OK	 
REQUEST	injecteur 1	7		request_0	1462973595206	1462973595232	OK	 
REQUEST	injecteur 10	5		request_9	1462973595209	1462973595234	OK	 
REQUEST	injecteur 7	2		request_6	1462973595209	1462973595236	OK	 
REQUEST	injecteur 2	9		request_1	1462973595211	1462973595237	OK	 
REQUEST	injecteur 5	10		request_4	1462973595211	1462973595239	OK	 
REQUEST	injecteur 4	1		request_3	1462973595212	1462973595241	OK	 
REQUEST	injecteur 9	6		request_8	1462973595214	1462973595242	OK	 
REQUEST	injecteur 3	3		request_2	1462973595215	1462973595245	OK	 
REQUEST	injecteur 6	8		request_5	1462973595217	1462973595249	OK	 
REQUEST	injecteur 8	4		request_7	1462973595228	1462973595253	OK	 
REQUEST	injecteur 1	7		request_0	1462973595233	1462973595255	OK	 
REQUEST	injecteur 10	5		request_9	1462973595235	1462973595257	OK	 
REQUEST	injecteur 7	2		request_6	1462973595236	1462973595259	OK	 
REQUEST	injecteur 2	9		request_1	1462973595238	1462973595260	OK	 
REQUEST	injecteur 5	10		request_4	1462973595239	1462973595262	OK	 
REQUEST	injecteur 4	1		request_3	1462973595241	1462973595264	OK	 
REQUEST	injecteur 9	6		request_8	1462973595243	1462973595266	OK	 
REQUEST	injecteur 3	3		request_2	1462973595245	1462973595268	OK	 
REQUEST	injecteur 6	8		request_5	1462973595249	1462973595271	OK	 
REQUEST	injecteur 8	4		request_7	1462973595253	1462973595275	OK	 
REQUEST	injecteur 1	7		request_0	1462973595256	1462973595277	OK	 
REQUEST	injecteur 10	5		request_9	1462973595257	1462973595279	OK	 
REQUEST	injecteur 7	2		request_6	1462973595259	1462973595281	OK	 
REQUEST	injecteur 2	9		request_1	1462973595261	1462973595283	OK	 
REQUEST	injecteur 5	10		request_4	1462973595262	1462973595285	OK	 
REQUEST	injecteur 4	1		request_3	1462973595264	1462973595287	OK	 
REQUEST	injecteur 9	6		request_8	1462973595267	1462973595289	OK	 
REQUEST	injecteur 3	3		request_2	1462973595268	1462973595291	OK	 
REQUEST	injecteur 6	8		request_5	1462973595271	1462973595309	OK	 
REQUEST	injecteur 8	4		request_7	1462973595276	1462973595312	OK	 
REQUEST	injecteur 1	7		request_0	1462973595277	1462973595316	OK	 
REQUEST	injecteur 7	2		request_6	1462973595281	1462973595329	OK	 
REQUEST	injecteur 5	10		request_4	1462973595286	1462973595333	OK	 
REQUEST	injecteur 9	6		request_8	1462973595290	1462973595337	OK	 
REQUEST	injecteur 8	4		request_7	1462973595313	1462973595339	OK	 
REQUEST	injecteur 3	3		request_2	1462973595292	1462973595343	OK	 
REQUEST	injecteur 6	8		request_5	1462973595310	1462973595345	OK	 
REQUEST	injecteur 1	7		request_0	1462973595316	1462973595347	OK	 
REQUEST	injecteur 7	2		request_6	1462973595330	1462973595348	OK	 
REQUEST	injecteur 5	10		request_4	1462973595334	1462973595350	OK	 
REQUEST	injecteur 8	4		request_7	1462973595340	1462973595353	OK	 
REQUEST	injecteur 9	6		request_8	1462973595338	1462973595356	OK	 
REQUEST	injecteur 10	5		request_9	1462973595280	1462973595358	OK	 
REQUEST	injecteur 3	3		request_2	1462973595344	1462973595359	OK	 
REQUEST	injecteur 2	9		request_1	1462973595283	1462973595359	OK	 
REQUEST	injecteur 6	8		request_5	1462973595345	1462973595361	OK	 
REQUEST	injecteur 4	1		request_3	1462973595288	1462973595361	OK	 
REQUEST	injecteur 1	7		request_0	1462973595347	1462973595363	OK	 
REQUEST	injecteur 7	2		request_6	1462973595349	1462973595364	OK	 
REQUEST	injecteur 8	4		request_7	1462973595353	1462973595366	OK	 
REQUEST	injecteur 5	10		request_4	1462973595351	1462973595371	OK	 
REQUEST	injecteur 9	6		request_8	1462973595358	1462973595373	OK	 
REQUEST	injecteur 3	3		request_2	1462973595360	1462973595378	OK	 
REQUEST	injecteur 6	8		request_5	1462973595361	1462973595382	OK	 
REQUEST	injecteur 1	7		request_0	1462973595363	1462973595384	OK	 
REQUEST	injecteur 8	4		request_7	1462973595367	1462973595386	OK	 
REQUEST	injecteur 7	2		request_6	1462973595365	1462973595389	OK	 
REQUEST	injecteur 5	10		request_4	1462973595372	1462973595392	OK	 
REQUEST	injecteur 9	6		request_8	1462973595373	1462973595394	OK	 
REQUEST	injecteur 10	5		request_9	1462973595358	1462973595395	OK	 
REQUEST	injecteur 2	9		request_1	1462973595360	1462973595396	OK	 
REQUEST	injecteur 3	3		request_2	1462973595379	1462973595396	OK	 
REQUEST	injecteur 4	1		request_3	1462973595361	1462973595397	OK	 
REQUEST	injecteur 6	8		request_5	1462973595383	1462973595399	OK	 
REQUEST	injecteur 8	4		request_7	1462973595387	1462973595400	OK	 
REQUEST	injecteur 1	7		request_0	1462973595385	1462973595404	OK	 
REQUEST	injecteur 7	2		request_6	1462973595390	1462973595406	OK	 
REQUEST	injecteur 5	10		request_4	1462973595393	1462973595408	OK	 
REQUEST	injecteur 9	6		request_8	1462973595396	1462973595412	OK	 
REQUEST	injecteur 3	3		request_2	1462973595397	1462973595414	OK	 
REQUEST	injecteur 8	4		request_7	1462973595401	1462973595417	OK	 
REQUEST	injecteur 6	8		request_5	1462973595399	1462973595422	OK	 
REQUEST	injecteur 1	7		request_0	1462973595404	1462973595424	OK	 
REQUEST	injecteur 7	2		request_6	1462973595406	1462973595426	OK	 
REQUEST	injecteur 5	10		request_4	1462973595408	1462973595429	OK	 
REQUEST	injecteur 10	5		request_9	1462973595395	1462973595431	OK	 
REQUEST	injecteur 2	9		request_1	1462973595397	1462973595432	OK	 
REQUEST	injecteur 4	1		request_3	1462973595398	1462973595433	OK	 
REQUEST	injecteur 3	3		request_2	1462973595414	1462973595438	OK	 
REQUEST	injecteur 8	4		request_7	1462973595418	1462973595440	OK	 
REQUEST	injecteur 9	6		request_8	1462973595412	1462973595441	OK	 
REQUEST	injecteur 6	8		request_5	1462973595423	1462973595447	OK	 
REQUEST	injecteur 1	7		request_0	1462973595425	1462973595449	OK	 
REQUEST	injecteur 7	2		request_6	1462973595427	1462973595453	OK	 
REQUEST	injecteur 5	10		request_4	1462973595429	1462973595455	OK	 
REQUEST	injecteur 3	3		request_2	1462973595439	1462973595462	OK	 
REQUEST	injecteur 9	6		request_8	1462973595446	1462973595464	OK	 
REQUEST	injecteur 6	8		request_5	1462973595448	1462973595466	OK	 
REQUEST	injecteur 10	5		request_9	1462973595431	1462973595467	OK	 
REQUEST	injecteur 2	9		request_1	1462973595433	1462973595468	OK	 
REQUEST	injecteur 4	1		request_3	1462973595434	1462973595470	OK	 
REQUEST	injecteur 1	7		request_0	1462973595449	1462973595478	OK	 
REQUEST	injecteur 7	2		request_6	1462973595454	1462973595480	OK	 
REQUEST	injecteur 5	10		request_4	1462973595455	1462973595482	OK	 
REQUEST	injecteur 3	3		request_2	1462973595463	1462973595484	OK	 
REQUEST	injecteur 9	6		request_8	1462973595464	1462973595486	OK	 
REQUEST	injecteur 6	8		request_5	1462973595466	1462973595488	OK	 
REQUEST	injecteur 1	7		request_0	1462973595478	1462973595494	OK	 
REQUEST	injecteur 7	2		request_6	1462973595481	1462973595495	OK	 
REQUEST	injecteur 10	5		request_9	1462973595467	1462973595503	OK	 
REQUEST	injecteur 2	9		request_1	1462973595469	1462973595504	OK	 
REQUEST	injecteur 4	1		request_3	1462973595470	1462973595506	OK	 
REQUEST	injecteur 3	3		request_2	1462973595484	1462973595547	OK	 
REQUEST	injecteur 1	7		request_0	1462973595494	1462973595552	OK	 
REQUEST	injecteur 10	5		request_9	1462973595503	1462973595556	OK	 
REQUEST	injecteur 2	9		request_1	1462973595505	1462973595558	OK	 
REQUEST	injecteur 4	1		request_3	1462973595506	1462973595560	OK	 
REQUEST	injecteur 3	3		request_2	1462973595547	1462973595564	OK	 
REQUEST	injecteur 5	10		request_4	1462973595483	1462973595566	OK	 
REQUEST	injecteur 1	7		request_0	1462973595553	1462973595566	OK	 
REQUEST	injecteur 7	2		request_6	1462973595496	1462973595568	OK	 
REQUEST	injecteur 9	6		request_8	1462973595486	1462973595569	OK	 
REQUEST	injecteur 10	5		request_9	1462973595556	1462973595570	OK	 
REQUEST	injecteur 6	8		request_5	1462973595488	1462973595571	OK	 
REQUEST	injecteur 2	9		request_1	1462973595559	1462973595577	OK	 
REQUEST	injecteur 3	3		request_2	1462973595564	1462973595577	OK	 
REQUEST	injecteur 4	1		request_3	1462973595561	1462973595579	OK	 
REQUEST	injecteur 1	7		request_0	1462973595567	1462973595580	OK	 
REQUEST	injecteur 5	10		request_4	1462973595567	1462973595591	OK	 
REQUEST	injecteur 7	2		request_6	1462973595568	1462973595593	OK	 
REQUEST	injecteur 9	6		request_8	1462973595570	1462973595594	OK	 
REQUEST	injecteur 6	8		request_5	1462973595572	1462973595596	OK	 
REQUEST	injecteur 10	5		request_9	1462973595570	1462973595597	OK	 
REQUEST	injecteur 3	3		request_2	1462973595578	1462973595599	OK	 
REQUEST	injecteur 2	9		request_1	1462973595578	1462973595599	OK	 
REQUEST	injecteur 4	1		request_3	1462973595579	1462973595601	OK	 
REQUEST	injecteur 1	7		request_0	1462973595580	1462973595603	OK	 
REQUEST	injecteur 10	5		request_9	1462973595598	1462973595613	OK	 
REQUEST	injecteur 5	10		request_4	1462973595592	1462973595615	OK	 
REQUEST	injecteur 7	2		request_6	1462973595593	1462973595616	OK	 
REQUEST	injecteur 9	6		request_8	1462973595595	1462973595620	OK	 
REQUEST	injecteur 6	8		request_5	1462973595596	1462973595621	OK	 
REQUEST	injecteur 3	3		request_2	1462973595600	1462973595622	OK	 
REQUEST	injecteur 2	9		request_1	1462973595600	1462973595624	OK	 
REQUEST	injecteur 4	1		request_3	1462973595602	1462973595626	OK	 
REQUEST	injecteur 1	7		request_0	1462973595604	1462973595628	OK	 
REQUEST	injecteur 10	5		request_9	1462973595614	1462973595630	OK	 
REQUEST	injecteur 5	10		request_4	1462973595615	1462973595632	OK	 
REQUEST	injecteur 7	2		request_6	1462973595618	1462973595634	OK	 
REQUEST	injecteur 9	6		request_8	1462973595620	1462973595636	OK	 
REQUEST	injecteur 6	8		request_5	1462973595622	1462973595638	OK	 
REQUEST	injecteur 3	3		request_2	1462973595623	1462973595640	OK	 
REQUEST	injecteur 2	9		request_1	1462973595625	1462973595642	OK	 
REQUEST	injecteur 4	1		request_3	1462973595628	1462973595643	OK	 
REQUEST	injecteur 1	7		request_0	1462973595629	1462973595645	OK	 
REQUEST	injecteur 5	10		request_4	1462973595633	1462973595649	OK	 
REQUEST	injecteur 10	5		request_9	1462973595631	1462973595651	OK	 
REQUEST	injecteur 7	2		request_6	1462973595635	1462973595652	OK	 
REQUEST	injecteur 9	6		request_8	1462973595637	1462973595654	OK	 
REQUEST	injecteur 6	8		request_5	1462973595639	1462973595656	OK	 
REQUEST	injecteur 1	7		request_0	1462973595646	1462973595662	OK	 
REQUEST	injecteur 5	10		request_4	1462973595650	1462973595664	OK	 
REQUEST	injecteur 2	9		request_1	1462973595642	1462973595666	OK	 
REQUEST	injecteur 4	1		request_3	1462973595644	1462973595667	OK	 
REQUEST	injecteur 10	5		request_9	1462973595651	1462973595668	OK	 
REQUEST	injecteur 7	2		request_6	1462973595653	1462973595668	OK	 
REQUEST	injecteur 9	6		request_8	1462973595655	1462973595670	OK	 
REQUEST	injecteur 6	8		request_5	1462973595657	1462973595672	OK	 
REQUEST	injecteur 1	7		request_0	1462973595663	1462973595674	OK	 
REQUEST	injecteur 5	10		request_4	1462973595665	1462973595677	OK	 
REQUEST	injecteur 2	9		request_1	1462973595666	1462973595678	OK	 
REQUEST	injecteur 4	1		request_3	1462973595668	1462973595680	OK	 
REQUEST	injecteur 10	5		request_9	1462973595669	1462973595682	OK	 
REQUEST	injecteur 7	2		request_6	1462973595669	1462973595684	OK	 
REQUEST	injecteur 9	6		request_8	1462973595671	1462973595686	OK	 
REQUEST	injecteur 6	8		request_5	1462973595673	1462973595689	OK	 
REQUEST	injecteur 1	7		request_0	1462973595675	1462973595689	OK	 
REQUEST	injecteur 5	10		request_4	1462973595678	1462973595691	OK	 
REQUEST	injecteur 2	9		request_1	1462973595679	1462973595693	OK	 
REQUEST	injecteur 10	5		request_9	1462973595682	1462973595694	OK	 
REQUEST	injecteur 7	2		request_6	1462973595684	1462973595698	OK	 
REQUEST	injecteur 9	6		request_8	1462973595688	1462973595700	OK	 
REQUEST	injecteur 6	8		request_5	1462973595690	1462973595702	OK	 
REQUEST	injecteur 5	10		request_4	1462973595692	1462973595705	OK	 
REQUEST	injecteur 7	2		request_6	1462973595699	1462973595706	OK	 
REQUEST	injecteur 9	6		request_8	1462973595700	1462973595709	OK	 
REQUEST	injecteur 6	8		request_5	1462973595702	1462973595711	OK	 
REQUEST	injecteur 5	10		request_4	1462973595706	1462973595712	OK	 
REQUEST	injecteur 7	2		request_6	1462973595707	1462973595714	OK	 
