ASSERTION	AAMBAAMDBABk
RUN	InjectionsAndVerifications		injectionsandverifications	1462966926912	 	2.0
USER	injecteur 4	1	START	1462966928027	1462966928027
USER	injecteur 7	2	START	1462966928108	1462966928108
USER	injecteur 3	3	START	1462966928110	1462966928110
USER	injecteur 8	4	START	1462966928113	1462966928113
USER	injecteur 10	5	START	1462966928115	1462966928115
USER	injecteur 9	6	START	1462966928118	1462966928118
USER	injecteur 1	7	START	1462966928121	1462966928121
USER	injecteur 6	8	START	1462966928123	1462966928123
USER	injecteur 2	9	START	1462966928126	1462966928126
USER	injecteur 5	10	START	1462966928128	1462966928128
REQUEST	injecteur 1	7		request_0	1462966928122	1462966928291	OK	 
REQUEST	injecteur 10	5		request_9	1462966928116	1462966928290	OK	 
REQUEST	injecteur 3	3		request_2	1462966928111	1462966928256	OK	 
REQUEST	injecteur 6	8		request_5	1462966928125	1462966928280	OK	 
REQUEST	injecteur 4	1		request_3	1462966928094	1462966928256	OK	 
REQUEST	injecteur 9	6		request_8	1462966928119	1462966928320	OK	 
REQUEST	injecteur 8	4		request_7	1462966928113	1462966928253	OK	 
REQUEST	injecteur 5	10		request_4	1462966928128	1462966928298	OK	 
REQUEST	injecteur 10	5		request_9	1462966928331	1462966928337	OK	 
REQUEST	injecteur 1	7		request_0	1462966928337	1462966928343	OK	 
REQUEST	injecteur 1	7		request_0	1462966928344	1462966928360	OK	 
REQUEST	injecteur 10	5		request_9	1462966928338	1462966928360	OK	 
REQUEST	injecteur 4	1		request_3	1462966928343	1462966928363	OK	 
REQUEST	injecteur 3	3		request_2	1462966928346	1462966928366	OK	 
REQUEST	injecteur 2	9		request_1	1462966928127	1462966928366	OK	 
REQUEST	injecteur 7	2		request_6	1462966928109	1462966928360	OK	 
REQUEST	injecteur 6	8		request_5	1462966928347	1462966928373	OK	 
REQUEST	injecteur 9	6		request_8	1462966928351	1462966928380	OK	 
REQUEST	injecteur 1	7		request_0	1462966928361	1462966928382	OK	 
REQUEST	injecteur 5	10		request_4	1462966928354	1462966928383	OK	 
REQUEST	injecteur 10	5		request_9	1462966928361	1462966928389	OK	 
REQUEST	injecteur 4	1		request_3	1462966928364	1462966928393	OK	 
REQUEST	injecteur 3	3		request_2	1462966928367	1462966928396	OK	 
REQUEST	injecteur 2	9		request_1	1462966928367	1462966928401	OK	 
REQUEST	injecteur 1	7		request_0	1462966928383	1462966928406	OK	 
REQUEST	injecteur 3	3		request_2	1462966928397	1462966928411	OK	 
REQUEST	injecteur 8	4		request_7	1462966928370	1462966928420	OK	 
REQUEST	injecteur 7	2		request_6	1462966928374	1462966928421	OK	 
REQUEST	injecteur 6	8		request_5	1462966928378	1462966928428	OK	 
REQUEST	injecteur 9	6		request_8	1462966928381	1462966928432	OK	 
REQUEST	injecteur 5	10		request_4	1462966928384	1462966928435	OK	 
REQUEST	injecteur 10	5		request_9	1462966928390	1462966928442	OK	 
REQUEST	injecteur 4	1		request_3	1462966928394	1462966928446	OK	 
REQUEST	injecteur 1	7		request_0	1462966928407	1462966928448	OK	 
REQUEST	injecteur 3	3		request_2	1462966928412	1462966928450	OK	 
REQUEST	injecteur 2	9		request_1	1462966928403	1462966928454	OK	 
REQUEST	injecteur 7	2		request_6	1462966928422	1462966928458	OK	 
REQUEST	injecteur 8	4		request_7	1462966928424	1462966928468	OK	 
REQUEST	injecteur 6	8		request_5	1462966928429	1462966928473	OK	 
REQUEST	injecteur 9	6		request_8	1462966928434	1462966928476	OK	 
REQUEST	injecteur 5	10		request_4	1462966928440	1462966928481	OK	 
REQUEST	injecteur 10	5		request_9	1462966928444	1462966928485	OK	 
REQUEST	injecteur 1	7		request_0	1462966928449	1462966928487	OK	 
REQUEST	injecteur 4	1		request_3	1462966928447	1462966928492	OK	 
REQUEST	injecteur 3	3		request_2	1462966928452	1462966928496	OK	 
REQUEST	injecteur 2	9		request_1	1462966928456	1462966928499	OK	 
REQUEST	injecteur 7	2		request_6	1462966928459	1462966928501	OK	 
REQUEST	injecteur 8	4		request_7	1462966928469	1462966928503	OK	 
REQUEST	injecteur 6	8		request_5	1462966928474	1462966928507	OK	 
REQUEST	injecteur 9	6		request_8	1462966928477	1462966928509	OK	 
REQUEST	injecteur 5	10		request_4	1462966928482	1462966928513	OK	 
REQUEST	injecteur 10	5		request_9	1462966928486	1462966928517	OK	 
REQUEST	injecteur 1	7		request_0	1462966928489	1462966928524	OK	 
REQUEST	injecteur 4	1		request_3	1462966928493	1462966928529	OK	 
REQUEST	injecteur 3	3		request_2	1462966928497	1462966928533	OK	 
REQUEST	injecteur 2	9		request_1	1462966928500	1462966928535	OK	 
REQUEST	injecteur 7	2		request_6	1462966928502	1462966928538	OK	 
REQUEST	injecteur 8	4		request_7	1462966928504	1462966928541	OK	 
REQUEST	injecteur 6	8		request_5	1462966928508	1462966928543	OK	 
REQUEST	injecteur 9	6		request_8	1462966928510	1462966928547	OK	 
REQUEST	injecteur 5	10		request_4	1462966928514	1462966928554	OK	 
REQUEST	injecteur 10	5		request_9	1462966928520	1462966928556	OK	 
REQUEST	injecteur 1	7		request_0	1462966928525	1462966928558	OK	 
REQUEST	injecteur 4	1		request_3	1462966928530	1462966928565	OK	 
REQUEST	injecteur 3	3		request_2	1462966928534	1462966928568	OK	 
REQUEST	injecteur 2	9		request_1	1462966928536	1462966928572	OK	 
REQUEST	injecteur 7	2		request_6	1462966928539	1462966928575	OK	 
REQUEST	injecteur 8	4		request_7	1462966928542	1462966928577	OK	 
REQUEST	injecteur 6	8		request_5	1462966928544	1462966928580	OK	 
REQUEST	injecteur 9	6		request_8	1462966928548	1462966928584	OK	 
REQUEST	injecteur 5	10		request_4	1462966928555	1462966928586	OK	 
REQUEST	injecteur 10	5		request_9	1462966928557	1462966928589	OK	 
REQUEST	injecteur 1	7		request_0	1462966928559	1462966928592	OK	 
REQUEST	injecteur 4	1		request_3	1462966928567	1462966928597	OK	 
REQUEST	injecteur 3	3		request_2	1462966928569	1462966928601	OK	 
REQUEST	injecteur 2	9		request_1	1462966928573	1462966928606	OK	 
REQUEST	injecteur 7	2		request_6	1462966928575	1462966928609	OK	 
REQUEST	injecteur 8	4		request_7	1462966928578	1462966928613	OK	 
REQUEST	injecteur 1	7		request_0	1462966928593	1462966928618	OK	 
REQUEST	injecteur 3	3		request_2	1462966928602	1462966928620	OK	 
REQUEST	injecteur 6	8		request_5	1462966928581	1462966928624	OK	 
REQUEST	injecteur 9	6		request_8	1462966928585	1462966928630	OK	 
REQUEST	injecteur 5	10		request_4	1462966928587	1462966928632	OK	 
REQUEST	injecteur 10	5		request_9	1462966928590	1462966928635	OK	 
REQUEST	injecteur 4	1		request_3	1462966928599	1462966928637	OK	 
REQUEST	injecteur 2	9		request_1	1462966928607	1462966928639	OK	 
REQUEST	injecteur 7	2		request_6	1462966928611	1462966928643	OK	 
REQUEST	injecteur 8	4		request_7	1462966928614	1462966928648	OK	 
REQUEST	injecteur 1	7		request_0	1462966928619	1462966928652	OK	 
REQUEST	injecteur 3	3		request_2	1462966928622	1462966928654	OK	 
REQUEST	injecteur 6	8		request_5	1462966928625	1462966928657	OK	 
REQUEST	injecteur 9	6		request_8	1462966928631	1462966928659	OK	 
REQUEST	injecteur 5	10		request_4	1462966928633	1462966928661	OK	 
REQUEST	injecteur 10	5		request_9	1462966928636	1462966928664	OK	 
REQUEST	injecteur 4	1		request_3	1462966928638	1462966928667	OK	 
REQUEST	injecteur 2	9		request_1	1462966928640	1462966928670	OK	 
REQUEST	injecteur 7	2		request_6	1462966928644	1462966928672	OK	 
REQUEST	injecteur 8	4		request_7	1462966928649	1462966928674	OK	 
REQUEST	injecteur 1	7		request_0	1462966928653	1462966928679	OK	 
REQUEST	injecteur 3	3		request_2	1462966928655	1462966928682	OK	 
REQUEST	injecteur 6	8		request_5	1462966928658	1462966928685	OK	 
REQUEST	injecteur 9	6		request_8	1462966928660	1462966928688	OK	 
REQUEST	injecteur 5	10		request_4	1462966928662	1462966928690	OK	 
REQUEST	injecteur 10	5		request_9	1462966928665	1462966928692	OK	 
REQUEST	injecteur 4	1		request_3	1462966928668	1462966928695	OK	 
REQUEST	injecteur 2	9		request_1	1462966928671	1462966928697	OK	 
REQUEST	injecteur 7	2		request_6	1462966928673	1462966928700	OK	 
REQUEST	injecteur 8	4		request_7	1462966928675	1462966928702	OK	 
REQUEST	injecteur 1	7		request_0	1462966928680	1462966928705	OK	 
REQUEST	injecteur 3	3		request_2	1462966928683	1462966928708	OK	 
REQUEST	injecteur 6	8		request_5	1462966928686	1462966928712	OK	 
REQUEST	injecteur 9	6		request_8	1462966928689	1462966928716	OK	 
REQUEST	injecteur 5	10		request_4	1462966928691	1462966928721	OK	 
REQUEST	injecteur 10	5		request_9	1462966928693	1462966928725	OK	 
REQUEST	injecteur 4	1		request_3	1462966928696	1462966928731	OK	 
REQUEST	injecteur 2	9		request_1	1462966928698	1462966928734	OK	 
REQUEST	injecteur 7	2		request_6	1462966928701	1462966928737	OK	 
REQUEST	injecteur 8	4		request_7	1462966928704	1462966928741	OK	 
REQUEST	injecteur 1	7		request_0	1462966928706	1462966928743	OK	 
REQUEST	injecteur 3	3		request_2	1462966928710	1462966928746	OK	 
REQUEST	injecteur 6	8		request_5	1462966928715	1462966928748	OK	 
REQUEST	injecteur 9	6		request_8	1462966928719	1462966928751	OK	 
REQUEST	injecteur 5	10		request_4	1462966928724	1462966928754	OK	 
REQUEST	injecteur 10	5		request_9	1462966928726	1462966928758	OK	 
REQUEST	injecteur 4	1		request_3	1462966928732	1462966928760	OK	 
REQUEST	injecteur 2	9		request_1	1462966928735	1462966928763	OK	 
REQUEST	injecteur 7	2		request_6	1462966928738	1462966928766	OK	 
REQUEST	injecteur 8	4		request_7	1462966928742	1462966928768	OK	 
REQUEST	injecteur 1	7		request_0	1462966928744	1462966928771	OK	 
REQUEST	injecteur 3	3		request_2	1462966928747	1462966928776	OK	 
REQUEST	injecteur 6	8		request_5	1462966928749	1462966928778	OK	 
REQUEST	injecteur 9	6		request_8	1462966928752	1462966928790	OK	 
REQUEST	injecteur 5	10		request_4	1462966928755	1462966928794	OK	 
REQUEST	injecteur 10	5		request_9	1462966928759	1462966928796	OK	 
REQUEST	injecteur 4	1		request_3	1462966928761	1462966928798	OK	 
REQUEST	injecteur 2	9		request_1	1462966928764	1462966928802	OK	 
REQUEST	injecteur 7	2		request_6	1462966928767	1462966928804	OK	 
REQUEST	injecteur 8	4		request_7	1462966928769	1462966928806	OK	 
REQUEST	injecteur 1	7		request_0	1462966928773	1462966928808	OK	 
REQUEST	injecteur 3	3		request_2	1462966928777	1462966928810	OK	 
REQUEST	injecteur 6	8		request_5	1462966928778	1462966928813	OK	 
REQUEST	injecteur 9	6		request_8	1462966928791	1462966928815	OK	 
REQUEST	injecteur 5	10		request_4	1462966928794	1462966928817	OK	 
REQUEST	injecteur 10	5		request_9	1462966928797	1462966928818	OK	 
REQUEST	injecteur 4	1		request_3	1462966928800	1462966928821	OK	 
REQUEST	injecteur 2	9		request_1	1462966928803	1462966928823	OK	 
REQUEST	injecteur 7	2		request_6	1462966928805	1462966928825	OK	 
REQUEST	injecteur 8	4		request_7	1462966928807	1462966928826	OK	 
REQUEST	injecteur 1	7		request_0	1462966928809	1462966928829	OK	 
REQUEST	injecteur 3	3		request_2	1462966928811	1462966928831	OK	 
REQUEST	injecteur 6	8		request_5	1462966928814	1462966928834	OK	 
REQUEST	injecteur 9	6		request_8	1462966928816	1462966928837	OK	 
REQUEST	injecteur 5	10		request_4	1462966928817	1462966928841	OK	 
REQUEST	injecteur 10	5		request_9	1462966928819	1462966928844	OK	 
REQUEST	injecteur 4	1		request_3	1462966928822	1462966928853	OK	 
REQUEST	injecteur 2	9		request_1	1462966928823	1462966928859	OK	 
REQUEST	injecteur 7	2		request_6	1462966928825	1462966928861	OK	 
REQUEST	injecteur 8	4		request_7	1462966928827	1462966928864	OK	 
REQUEST	injecteur 1	7		request_0	1462966928829	1462966928866	OK	 
REQUEST	injecteur 3	3		request_2	1462966928832	1462966928868	OK	 
REQUEST	injecteur 6	8		request_5	1462966928835	1462966928871	OK	 
REQUEST	injecteur 9	6		request_8	1462966928838	1462966928874	OK	 
REQUEST	injecteur 5	10		request_4	1462966928842	1462966928877	OK	 
REQUEST	injecteur 10	5		request_9	1462966928845	1462966928879	OK	 
REQUEST	injecteur 4	1		request_3	1462966928854	1462966928882	OK	 
REQUEST	injecteur 2	9		request_1	1462966928860	1462966928886	OK	 
REQUEST	injecteur 7	2		request_6	1462966928862	1462966928890	OK	 
REQUEST	injecteur 8	4		request_7	1462966928865	1462966928893	OK	 
REQUEST	injecteur 1	7		request_0	1462966928867	1462966928895	OK	 
REQUEST	injecteur 3	3		request_2	1462966928869	1462966928898	OK	 
REQUEST	injecteur 6	8		request_5	1462966928872	1462966928900	OK	 
REQUEST	injecteur 9	6		request_8	1462966928875	1462966928902	OK	 
REQUEST	injecteur 5	10		request_4	1462966928877	1462966928904	OK	 
REQUEST	injecteur 10	5		request_9	1462966928880	1462966928906	OK	 
REQUEST	injecteur 4	1		request_3	1462966928883	1462966928908	OK	 
REQUEST	injecteur 2	9		request_1	1462966928887	1462966928910	OK	 
REQUEST	injecteur 7	2		request_6	1462966928891	1462966928913	OK	 
REQUEST	injecteur 8	4		request_7	1462966928894	1462966928916	OK	 
REQUEST	injecteur 1	7		request_0	1462966928896	1462966928918	OK	 
REQUEST	injecteur 3	3		request_2	1462966928899	1462966928920	OK	 
REQUEST	injecteur 6	8		request_5	1462966928901	1462966928923	OK	 
REQUEST	injecteur 9	6		request_8	1462966928903	1462966928925	OK	 
REQUEST	injecteur 5	10		request_4	1462966928905	1462966928927	OK	 
REQUEST	injecteur 10	5		request_9	1462966928907	1462966928931	OK	 
REQUEST	injecteur 4	1		request_3	1462966928909	1462966928933	OK	 
REQUEST	injecteur 2	9		request_1	1462966928911	1462966928935	OK	 
REQUEST	injecteur 7	2		request_6	1462966928914	1462966928938	OK	 
REQUEST	injecteur 1	7		request_0	1462966928919	1462966928941	OK	 
REQUEST	injecteur 3	3		request_2	1462966928921	1462966928946	OK	 
REQUEST	injecteur 8	4		request_7	1462966928917	1462966928952	OK	 
REQUEST	injecteur 1	7		request_0	1462966928942	1462966928952	OK	 
REQUEST	injecteur 6	8		request_5	1462966928924	1462966928954	OK	 
REQUEST	injecteur 9	6		request_8	1462966928926	1462966928960	OK	 
REQUEST	injecteur 5	10		request_4	1462966928928	1462966928962	OK	 
REQUEST	injecteur 10	5		request_9	1462966928932	1462966928964	OK	 
REQUEST	injecteur 4	1		request_3	1462966928934	1462966928966	OK	 
REQUEST	injecteur 2	9		request_1	1462966928936	1462966928971	OK	 
REQUEST	injecteur 7	2		request_6	1462966928938	1462966928974	OK	 
REQUEST	injecteur 3	3		request_2	1462966928947	1462966928977	OK	 
REQUEST	injecteur 1	7		request_0	1462966928953	1462966928979	OK	 
REQUEST	injecteur 8	4		request_7	1462966928953	1462966928981	OK	 
REQUEST	injecteur 6	8		request_5	1462966928955	1462966928984	OK	 
REQUEST	injecteur 9	6		request_8	1462966928961	1462966928986	OK	 
REQUEST	injecteur 5	10		request_4	1462966928964	1462966928988	OK	 
REQUEST	injecteur 10	5		request_9	1462966928965	1462966928990	OK	 
REQUEST	injecteur 4	1		request_3	1462966928967	1462966928995	OK	 
REQUEST	injecteur 2	9		request_1	1462966928972	1462966928997	OK	 
REQUEST	injecteur 7	2		request_6	1462966928975	1462966929000	OK	 
REQUEST	injecteur 10	5		request_9	1462966928991	1462966929003	OK	 
REQUEST	injecteur 3	3		request_2	1462966928978	1462966929005	OK	 
REQUEST	injecteur 1	7		request_0	1462966928979	1462966929007	OK	 
REQUEST	injecteur 8	4		request_7	1462966928982	1462966929009	OK	 
REQUEST	injecteur 6	8		request_5	1462966928985	1462966929011	OK	 
REQUEST	injecteur 9	6		request_8	1462966928987	1462966929013	OK	 
REQUEST	injecteur 5	10		request_4	1462966928990	1462966929015	OK	 
REQUEST	injecteur 4	1		request_3	1462966928995	1462966929017	OK	 
REQUEST	injecteur 2	9		request_1	1462966928998	1462966929019	OK	 
REQUEST	injecteur 7	2		request_6	1462966929001	1462966929023	OK	 
REQUEST	injecteur 10	5		request_9	1462966929004	1462966929025	OK	 
REQUEST	injecteur 3	3		request_2	1462966929006	1462966929029	OK	 
REQUEST	injecteur 1	7		request_0	1462966929008	1462966929033	OK	 
REQUEST	injecteur 8	4		request_7	1462966929010	1462966929035	OK	 
REQUEST	injecteur 6	8		request_5	1462966929012	1462966929038	OK	 
REQUEST	injecteur 9	6		request_8	1462966929014	1462966929039	OK	 
REQUEST	injecteur 5	10		request_4	1462966929016	1462966929042	OK	 
REQUEST	injecteur 4	1		request_3	1462966929018	1462966929043	OK	 
REQUEST	injecteur 2	9		request_1	1462966929020	1462966929046	OK	 
REQUEST	injecteur 7	2		request_6	1462966929024	1462966929047	OK	 
REQUEST	injecteur 10	5		request_9	1462966929026	1462966929050	OK	 
REQUEST	injecteur 3	3		request_2	1462966929029	1462966929053	OK	 
REQUEST	injecteur 1	7		request_0	1462966929034	1462966929055	OK	 
REQUEST	injecteur 8	4		request_7	1462966929036	1462966929057	OK	 
REQUEST	injecteur 6	8		request_5	1462966929039	1462966929059	OK	 
REQUEST	injecteur 9	6		request_8	1462966929040	1462966929061	OK	 
REQUEST	injecteur 5	10		request_4	1462966929043	1462966929064	OK	 
REQUEST	injecteur 4	1		request_3	1462966929044	1462966929066	OK	 
REQUEST	injecteur 2	9		request_1	1462966929047	1462966929069	OK	 
REQUEST	injecteur 7	2		request_6	1462966929048	1462966929071	OK	 
REQUEST	injecteur 10	5		request_9	1462966929051	1462966929073	OK	 
REQUEST	injecteur 3	3		request_2	1462966929054	1462966929076	OK	 
REQUEST	injecteur 1	7		request_0	1462966929056	1462966929078	OK	 
REQUEST	injecteur 8	4		request_7	1462966929058	1462966929080	OK	 
REQUEST	injecteur 6	8		request_5	1462966929060	1462966929082	OK	 
REQUEST	injecteur 9	6		request_8	1462966929062	1462966929087	OK	 
REQUEST	injecteur 5	10		request_4	1462966929065	1462966929088	OK	 
REQUEST	injecteur 4	1		request_3	1462966929066	1462966929090	OK	 
REQUEST	injecteur 2	9		request_1	1462966929070	1462966929093	OK	 
REQUEST	injecteur 7	2		request_6	1462966929072	1462966929094	OK	 
REQUEST	injecteur 10	5		request_9	1462966929074	1462966929098	OK	 
REQUEST	injecteur 3	3		request_2	1462966929077	1462966929101	OK	 
REQUEST	injecteur 1	7		request_0	1462966929078	1462966929103	OK	 
REQUEST	injecteur 8	4		request_7	1462966929081	1462966929106	OK	 
REQUEST	injecteur 6	8		request_5	1462966929083	1462966929107	OK	 
REQUEST	injecteur 9	6		request_8	1462966929087	1462966929110	OK	 
REQUEST	injecteur 5	10		request_4	1462966929089	1462966929114	OK	 
REQUEST	injecteur 4	1		request_3	1462966929091	1462966929118	OK	 
REQUEST	injecteur 2	9		request_1	1462966929094	1462966929121	OK	 
REQUEST	injecteur 7	2		request_6	1462966929095	1462966929123	OK	 
REQUEST	injecteur 3	3		request_2	1462966929102	1462966929126	OK	 
REQUEST	injecteur 10	5		request_9	1462966929099	1462966929129	OK	 
REQUEST	injecteur 3	3		request_2	1462966929127	1462966929130	OK	 
REQUEST	injecteur 1	7		request_0	1462966929104	1462966929133	OK	 
REQUEST	injecteur 8	4		request_7	1462966929106	1462966929136	OK	 
REQUEST	injecteur 6	8		request_5	1462966929108	1462966929139	OK	 
REQUEST	injecteur 9	6		request_8	1462966929111	1462966929141	OK	 
REQUEST	injecteur 5	10		request_4	1462966929117	1462966929143	OK	 
REQUEST	injecteur 4	1		request_3	1462966929119	1462966929145	OK	 
REQUEST	injecteur 2	9		request_1	1462966929122	1462966929147	OK	 
REQUEST	injecteur 10	5		request_9	1462966929130	1462966929151	OK	 
REQUEST	injecteur 7	2		request_6	1462966929129	1462966929153	OK	 
REQUEST	injecteur 3	3		request_2	1462966929131	1462966929155	OK	 
REQUEST	injecteur 1	7		request_0	1462966929134	1462966929157	OK	 
REQUEST	injecteur 8	4		request_7	1462966929137	1462966929159	OK	 
REQUEST	injecteur 6	8		request_5	1462966929139	1462966929162	OK	 
REQUEST	injecteur 9	6		request_8	1462966929142	1462966929163	OK	 
REQUEST	injecteur 5	10		request_4	1462966929144	1462966929165	OK	 
REQUEST	injecteur 4	1		request_3	1462966929146	1462966929167	OK	 
REQUEST	injecteur 2	9		request_1	1462966929148	1462966929169	OK	 
REQUEST	injecteur 10	5		request_9	1462966929151	1462966929171	OK	 
REQUEST	injecteur 7	2		request_6	1462966929154	1462966929173	OK	 
REQUEST	injecteur 3	3		request_2	1462966929156	1462966929175	OK	 
REQUEST	injecteur 1	7		request_0	1462966929158	1462966929177	OK	 
REQUEST	injecteur 8	4		request_7	1462966929160	1462966929179	OK	 
REQUEST	injecteur 6	8		request_5	1462966929162	1462966929181	OK	 
REQUEST	injecteur 9	6		request_8	1462966929164	1462966929183	OK	 
REQUEST	injecteur 5	10		request_4	1462966929166	1462966929184	OK	 
REQUEST	injecteur 4	1		request_3	1462966929168	1462966929187	OK	 
REQUEST	injecteur 2	9		request_1	1462966929170	1462966929189	OK	 
REQUEST	injecteur 10	5		request_9	1462966929172	1462966929191	OK	 
REQUEST	injecteur 7	2		request_6	1462966929174	1462966929193	OK	 
REQUEST	injecteur 3	3		request_2	1462966929176	1462966929195	OK	 
REQUEST	injecteur 1	7		request_0	1462966929178	1462966929198	OK	 
REQUEST	injecteur 8	4		request_7	1462966929180	1462966929200	OK	 
REQUEST	injecteur 6	8		request_5	1462966929182	1462966929204	OK	 
REQUEST	injecteur 9	6		request_8	1462966929183	1462966929206	OK	 
REQUEST	injecteur 5	10		request_4	1462966929185	1462966929210	OK	 
REQUEST	injecteur 4	1		request_3	1462966929188	1462966929210	OK	 
REQUEST	injecteur 2	9		request_1	1462966929190	1462966929214	OK	 
REQUEST	injecteur 10	5		request_9	1462966929191	1462966929216	OK	 
REQUEST	injecteur 7	2		request_6	1462966929194	1462966929219	OK	 
REQUEST	injecteur 3	3		request_2	1462966929196	1462966929225	OK	 
REQUEST	injecteur 1	7		request_0	1462966929199	1462966929227	OK	 
REQUEST	injecteur 8	4		request_7	1462966929201	1462966929229	OK	 
REQUEST	injecteur 6	8		request_5	1462966929205	1462966929232	OK	 
REQUEST	injecteur 4	1		request_3	1462966929211	1462966929236	OK	 
REQUEST	injecteur 6	8		request_5	1462966929233	1462966929238	OK	 
REQUEST	injecteur 9	6		request_8	1462966929207	1462966929242	OK	 
REQUEST	injecteur 5	10		request_4	1462966929212	1462966929246	OK	 
REQUEST	injecteur 2	9		request_1	1462966929215	1462966929252	OK	 
REQUEST	injecteur 10	5		request_9	1462966929218	1462966929252	OK	 
REQUEST	injecteur 7	2		request_6	1462966929221	1462966929258	OK	 
REQUEST	injecteur 3	3		request_2	1462966929226	1462966929263	OK	 
REQUEST	injecteur 1	7		request_0	1462966929227	1462966929265	OK	 
REQUEST	injecteur 6	8		request_5	1462966929239	1462966929271	OK	 
REQUEST	injecteur 8	4		request_7	1462966929230	1462966929272	OK	 
REQUEST	injecteur 9	6		request_8	1462966929243	1462966929275	OK	 
REQUEST	injecteur 5	10		request_4	1462966929246	1462966929279	OK	 
REQUEST	injecteur 7	2		request_6	1462966929259	1462966929282	OK	 
REQUEST	injecteur 4	1		request_3	1462966929237	1462966929286	OK	 
REQUEST	injecteur 2	9		request_1	1462966929253	1462966929288	OK	 
REQUEST	injecteur 10	5		request_9	1462966929253	1462966929290	OK	 
REQUEST	injecteur 3	3		request_2	1462966929264	1462966929294	OK	 
REQUEST	injecteur 1	7		request_0	1462966929266	1462966929298	OK	 
REQUEST	injecteur 6	8		request_5	1462966929271	1462966929300	OK	 
REQUEST	injecteur 9	6		request_8	1462966929275	1462966929304	OK	 
REQUEST	injecteur 5	10		request_4	1462966929279	1462966929309	OK	 
REQUEST	injecteur 7	2		request_6	1462966929283	1462966929312	OK	 
REQUEST	injecteur 8	4		request_7	1462966929272	1462966929318	OK	 
REQUEST	injecteur 4	1		request_3	1462966929287	1462966929320	OK	 
REQUEST	injecteur 2	9		request_1	1462966929289	1462966929322	OK	 
REQUEST	injecteur 10	5		request_9	1462966929291	1462966929325	OK	 
REQUEST	injecteur 3	3		request_2	1462966929294	1462966929327	OK	 
REQUEST	injecteur 6	8		request_5	1462966929301	1462966929329	OK	 
REQUEST	injecteur 9	6		request_8	1462966929306	1462966929333	OK	 
REQUEST	injecteur 5	10		request_4	1462966929309	1462966929338	OK	 
REQUEST	injecteur 7	2		request_6	1462966929315	1462966929341	OK	 
REQUEST	injecteur 1	7		request_0	1462966929298	1462966929345	OK	 
REQUEST	injecteur 8	4		request_7	1462966929319	1462966929347	OK	 
REQUEST	injecteur 4	1		request_3	1462966929321	1462966929349	OK	 
REQUEST	injecteur 2	9		request_1	1462966929323	1462966929351	OK	 
REQUEST	injecteur 10	5		request_9	1462966929325	1462966929360	OK	 
REQUEST	injecteur 6	8		request_5	1462966929330	1462966929362	OK	 
REQUEST	injecteur 9	6		request_8	1462966929335	1462966929366	OK	 
REQUEST	injecteur 5	10		request_4	1462966929338	1462966929369	OK	 
REQUEST	injecteur 7	2		request_6	1462966929342	1462966929373	OK	 
REQUEST	injecteur 3	3		request_2	1462966929327	1462966929376	OK	 
REQUEST	injecteur 1	7		request_0	1462966929345	1462966929378	OK	 
REQUEST	injecteur 8	4		request_7	1462966929347	1462966929384	OK	 
REQUEST	injecteur 4	1		request_3	1462966929350	1462966929386	OK	 
REQUEST	injecteur 2	9		request_1	1462966929356	1462966929388	OK	 
REQUEST	injecteur 6	8		request_5	1462966929362	1462966929390	OK	 
REQUEST	injecteur 9	6		request_8	1462966929366	1462966929393	OK	 
REQUEST	injecteur 5	10		request_4	1462966929370	1462966929397	OK	 
REQUEST	injecteur 7	2		request_6	1462966929373	1462966929402	OK	 
REQUEST	injecteur 1	7		request_0	1462966929379	1462966929414	OK	 
REQUEST	injecteur 10	5		request_9	1462966929360	1462966929424	OK	 
REQUEST	injecteur 3	3		request_2	1462966929377	1462966929429	OK	 
REQUEST	injecteur 8	4		request_7	1462966929385	1462966929431	OK	 
REQUEST	injecteur 4	1		request_3	1462966929386	1462966929434	OK	 
REQUEST	injecteur 6	8		request_5	1462966929391	1462966929438	OK	 
REQUEST	injecteur 9	6		request_8	1462966929394	1462966929442	OK	 
REQUEST	injecteur 5	10		request_4	1462966929399	1462966929446	OK	 
REQUEST	injecteur 7	2		request_6	1462966929404	1462966929451	OK	 
REQUEST	injecteur 2	9		request_1	1462966929389	1462966929454	OK	 
REQUEST	injecteur 1	7		request_0	1462966929414	1462966929456	OK	 
REQUEST	injecteur 10	5		request_9	1462966929425	1462966929459	OK	 
REQUEST	injecteur 3	3		request_2	1462966929430	1462966929464	OK	 
REQUEST	injecteur 8	4		request_7	1462966929432	1462966929468	OK	 
REQUEST	injecteur 6	8		request_5	1462966929440	1462966929470	OK	 
REQUEST	injecteur 9	6		request_8	1462966929444	1462966929474	OK	 
REQUEST	injecteur 5	10		request_4	1462966929448	1462966929481	OK	 
REQUEST	injecteur 7	2		request_6	1462966929451	1462966929487	OK	 
REQUEST	injecteur 4	1		request_3	1462966929435	1462966929492	OK	 
REQUEST	injecteur 2	9		request_1	1462966929455	1462966929498	OK	 
REQUEST	injecteur 1	7		request_0	1462966929457	1462966929500	OK	 
REQUEST	injecteur 10	5		request_9	1462966929460	1462966929503	OK	 
REQUEST	injecteur 3	3		request_2	1462966929465	1462966929504	OK	 
REQUEST	injecteur 6	8		request_5	1462966929471	1462966929507	OK	 
REQUEST	injecteur 9	6		request_8	1462966929474	1462966929509	OK	 
REQUEST	injecteur 5	10		request_4	1462966929482	1462966929511	OK	 
REQUEST	injecteur 7	2		request_6	1462966929487	1462966929513	OK	 
REQUEST	injecteur 8	4		request_7	1462966929468	1462966929515	OK	 
REQUEST	injecteur 4	1		request_3	1462966929493	1462966929517	OK	 
REQUEST	injecteur 2	9		request_1	1462966929499	1462966929521	OK	 
REQUEST	injecteur 1	7		request_0	1462966929501	1462966929524	OK	 
REQUEST	injecteur 10	5		request_9	1462966929503	1462966929528	OK	 
REQUEST	injecteur 3	3		request_2	1462966929505	1462966929530	OK	 
REQUEST	injecteur 6	8		request_5	1462966929507	1462966929533	OK	 
REQUEST	injecteur 9	6		request_8	1462966929509	1462966929534	OK	 
REQUEST	injecteur 5	10		request_4	1462966929512	1462966929536	OK	 
REQUEST	injecteur 7	2		request_6	1462966929514	1462966929539	OK	 
REQUEST	injecteur 8	4		request_7	1462966929516	1462966929542	OK	 
REQUEST	injecteur 4	1		request_3	1462966929518	1462966929547	OK	 
REQUEST	injecteur 2	9		request_1	1462966929521	1462966929563	OK	 
REQUEST	injecteur 1	7		request_0	1462966929525	1462966929565	OK	 
REQUEST	injecteur 10	5		request_9	1462966929529	1462966929568	OK	 
REQUEST	injecteur 3	3		request_2	1462966929531	1462966929570	OK	 
REQUEST	injecteur 6	8		request_5	1462966929533	1462966929572	OK	 
REQUEST	injecteur 9	6		request_8	1462966929535	1462966929573	OK	 
REQUEST	injecteur 5	10		request_4	1462966929537	1462966929575	OK	 
REQUEST	injecteur 7	2		request_6	1462966929539	1462966929576	OK	 
REQUEST	injecteur 8	4		request_7	1462966929543	1462966929578	OK	 
REQUEST	injecteur 4	1		request_3	1462966929547	1462966929581	OK	 
REQUEST	injecteur 2	9		request_1	1462966929564	1462966929583	OK	 
REQUEST	injecteur 1	7		request_0	1462966929566	1462966929585	OK	 
REQUEST	injecteur 10	5		request_9	1462966929569	1462966929586	OK	 
REQUEST	injecteur 3	3		request_2	1462966929571	1462966929588	OK	 
REQUEST	injecteur 6	8		request_5	1462966929572	1462966929590	OK	 
REQUEST	injecteur 9	6		request_8	1462966929574	1462966929592	OK	 
REQUEST	injecteur 5	10		request_4	1462966929575	1462966929594	OK	 
REQUEST	injecteur 7	2		request_6	1462966929577	1462966929597	OK	 
REQUEST	injecteur 8	4		request_7	1462966929579	1462966929603	OK	 
REQUEST	injecteur 4	1		request_3	1462966929582	1462966929605	OK	 
REQUEST	injecteur 2	9		request_1	1462966929583	1462966929607	OK	 
REQUEST	injecteur 1	7		request_0	1462966929585	1462966929609	OK	 
REQUEST	injecteur 10	5		request_9	1462966929587	1462966929611	OK	 
REQUEST	injecteur 3	3		request_2	1462966929589	1462966929613	OK	 
REQUEST	injecteur 6	8		request_5	1462966929591	1462966929615	OK	 
REQUEST	injecteur 9	6		request_8	1462966929593	1462966929616	OK	 
REQUEST	injecteur 5	10		request_4	1462966929595	1462966929619	OK	 
REQUEST	injecteur 7	2		request_6	1462966929598	1462966929621	OK	 
REQUEST	injecteur 8	4		request_7	1462966929604	1462966929623	OK	 
REQUEST	injecteur 4	1		request_3	1462966929605	1462966929626	OK	 
REQUEST	injecteur 2	9		request_1	1462966929608	1462966929627	OK	 
REQUEST	injecteur 1	7		request_0	1462966929610	1462966929629	OK	 
REQUEST	injecteur 10	5		request_9	1462966929612	1462966929630	OK	 
REQUEST	injecteur 3	3		request_2	1462966929614	1462966929632	OK	 
REQUEST	injecteur 6	8		request_5	1462966929616	1462966929634	OK	 
REQUEST	injecteur 9	6		request_8	1462966929617	1462966929636	OK	 
REQUEST	injecteur 5	10		request_4	1462966929620	1462966929638	OK	 
REQUEST	injecteur 7	2		request_6	1462966929622	1462966929640	OK	 
REQUEST	injecteur 8	4		request_7	1462966929624	1462966929641	OK	 
REQUEST	injecteur 4	1		request_3	1462966929626	1462966929643	OK	 
REQUEST	injecteur 2	9		request_1	1462966929628	1462966929645	OK	 
REQUEST	injecteur 1	7		request_0	1462966929629	1462966929646	OK	 
REQUEST	injecteur 10	5		request_9	1462966929631	1462966929647	OK	 
REQUEST	injecteur 3	3		request_2	1462966929633	1462966929649	OK	 
REQUEST	injecteur 6	8		request_5	1462966929635	1462966929652	OK	 
REQUEST	injecteur 9	6		request_8	1462966929637	1462966929654	OK	 
REQUEST	injecteur 5	10		request_4	1462966929639	1462966929656	OK	 
REQUEST	injecteur 7	2		request_6	1462966929641	1462966929658	OK	 
REQUEST	injecteur 8	4		request_7	1462966929642	1462966929659	OK	 
REQUEST	injecteur 4	1		request_3	1462966929643	1462966929661	OK	 
REQUEST	injecteur 2	9		request_1	1462966929645	1462966929662	OK	 
REQUEST	injecteur 1	7		request_0	1462966929646	1462966929664	OK	 
REQUEST	injecteur 10	5		request_9	1462966929648	1462966929665	OK	 
REQUEST	injecteur 3	3		request_2	1462966929650	1462966929668	OK	 
REQUEST	injecteur 6	8		request_5	1462966929653	1462966929669	OK	 
REQUEST	injecteur 9	6		request_8	1462966929655	1462966929672	OK	 
REQUEST	injecteur 5	10		request_4	1462966929657	1462966929674	OK	 
REQUEST	injecteur 7	2		request_6	1462966929658	1462966929677	OK	 
REQUEST	injecteur 8	4		request_7	1462966929660	1462966929679	OK	 
REQUEST	injecteur 4	1		request_3	1462966929661	1462966929681	OK	 
REQUEST	injecteur 2	9		request_1	1462966929663	1462966929684	OK	 
REQUEST	injecteur 1	7		request_0	1462966929664	1462966929686	OK	 
REQUEST	injecteur 10	5		request_9	1462966929666	1462966929688	OK	 
REQUEST	injecteur 3	3		request_2	1462966929668	1462966929690	OK	 
REQUEST	injecteur 6	8		request_5	1462966929670	1462966929692	OK	 
REQUEST	injecteur 9	6		request_8	1462966929673	1462966929694	OK	 
REQUEST	injecteur 5	10		request_4	1462966929675	1462966929695	OK	 
REQUEST	injecteur 7	2		request_6	1462966929677	1462966929696	OK	 
REQUEST	injecteur 8	4		request_7	1462966929679	1462966929698	OK	 
REQUEST	injecteur 4	1		request_3	1462966929682	1462966929699	OK	 
REQUEST	injecteur 2	9		request_1	1462966929684	1462966929701	OK	 
REQUEST	injecteur 1	7		request_0	1462966929686	1462966929703	OK	 
REQUEST	injecteur 10	5		request_9	1462966929689	1462966929704	OK	 
REQUEST	injecteur 3	3		request_2	1462966929691	1462966929707	OK	 
REQUEST	injecteur 6	8		request_5	1462966929693	1462966929708	OK	 
REQUEST	injecteur 9	6		request_8	1462966929694	1462966929711	OK	 
REQUEST	injecteur 5	10		request_4	1462966929695	1462966929713	OK	 
REQUEST	injecteur 7	2		request_6	1462966929697	1462966929716	OK	 
REQUEST	injecteur 8	4		request_7	1462966929698	1462966929718	OK	 
REQUEST	injecteur 4	1		request_3	1462966929700	1462966929722	OK	 
REQUEST	injecteur 2	9		request_1	1462966929701	1462966929723	OK	 
REQUEST	injecteur 1	7		request_0	1462966929704	1462966929725	OK	 
REQUEST	injecteur 10	5		request_9	1462966929705	1462966929728	OK	 
REQUEST	injecteur 3	3		request_2	1462966929707	1462966929730	OK	 
REQUEST	injecteur 6	8		request_5	1462966929709	1462966929731	OK	 
REQUEST	injecteur 9	6		request_8	1462966929712	1462966929732	OK	 
REQUEST	injecteur 5	10		request_4	1462966929714	1462966929734	OK	 
REQUEST	injecteur 7	2		request_6	1462966929717	1462966929736	OK	 
REQUEST	injecteur 8	4		request_7	1462966929719	1462966929737	OK	 
REQUEST	injecteur 4	1		request_3	1462966929722	1462966929740	OK	 
REQUEST	injecteur 2	9		request_1	1462966929724	1462966929743	OK	 
REQUEST	injecteur 1	7		request_0	1462966929726	1462966929746	OK	 
REQUEST	injecteur 10	5		request_9	1462966929729	1462966929748	OK	 
REQUEST	injecteur 3	3		request_2	1462966929730	1462966929750	OK	 
REQUEST	injecteur 6	8		request_5	1462966929731	1462966929750	OK	 
REQUEST	injecteur 9	6		request_8	1462966929733	1462966929752	OK	 
REQUEST	injecteur 5	10		request_4	1462966929735	1462966929754	OK	 
REQUEST	injecteur 7	2		request_6	1462966929737	1462966929756	OK	 
REQUEST	injecteur 8	4		request_7	1462966929738	1462966929757	OK	 
REQUEST	injecteur 4	1		request_3	1462966929740	1462966929759	OK	 
REQUEST	injecteur 2	9		request_1	1462966929744	1462966929760	OK	 
REQUEST	injecteur 1	7		request_0	1462966929747	1462966929763	OK	 
REQUEST	injecteur 10	5		request_9	1462966929749	1462966929765	OK	 
REQUEST	injecteur 3	3		request_2	1462966929751	1462966929768	OK	 
REQUEST	injecteur 6	8		request_5	1462966929751	1462966929770	OK	 
REQUEST	injecteur 9	6		request_8	1462966929753	1462966929772	OK	 
REQUEST	injecteur 5	10		request_4	1462966929754	1462966929773	OK	 
REQUEST	injecteur 7	2		request_6	1462966929756	1462966929776	OK	 
REQUEST	injecteur 8	4		request_7	1462966929758	1462966929778	OK	 
REQUEST	injecteur 4	1		request_3	1462966929759	1462966929780	OK	 
REQUEST	injecteur 2	9		request_1	1462966929761	1462966929783	OK	 
REQUEST	injecteur 1	7		request_0	1462966929764	1462966929785	OK	 
REQUEST	injecteur 10	5		request_9	1462966929766	1462966929787	OK	 
REQUEST	injecteur 3	3		request_2	1462966929769	1462966929789	OK	 
REQUEST	injecteur 6	8		request_5	1462966929771	1462966929791	OK	 
REQUEST	injecteur 9	6		request_8	1462966929773	1462966929793	OK	 
REQUEST	injecteur 5	10		request_4	1462966929774	1462966929795	OK	 
REQUEST	injecteur 7	2		request_6	1462966929776	1462966929798	OK	 
REQUEST	injecteur 8	4		request_7	1462966929779	1462966929801	OK	 
REQUEST	injecteur 4	1		request_3	1462966929781	1462966929806	OK	 
REQUEST	injecteur 2	9		request_1	1462966929784	1462966929809	OK	 
REQUEST	injecteur 1	7		request_0	1462966929786	1462966929809	OK	 
REQUEST	injecteur 10	5		request_9	1462966929787	1462966929812	OK	 
REQUEST	injecteur 3	3		request_2	1462966929789	1462966929815	OK	 
REQUEST	injecteur 6	8		request_5	1462966929791	1462966929817	OK	 
REQUEST	injecteur 9	6		request_8	1462966929793	1462966929820	OK	 
REQUEST	injecteur 5	10		request_4	1462966929796	1462966929823	OK	 
REQUEST	injecteur 7	2		request_6	1462966929799	1462966929825	OK	 
REQUEST	injecteur 8	4		request_7	1462966929803	1462966929826	OK	 
REQUEST	injecteur 4	1		request_3	1462966929807	1462966929830	OK	 
REQUEST	injecteur 1	7		request_0	1462966929810	1462966929832	OK	 
REQUEST	injecteur 2	9		request_1	1462966929810	1462966929839	OK	 
REQUEST	injecteur 10	5		request_9	1462966929813	1462966929841	OK	 
REQUEST	injecteur 3	3		request_2	1462966929816	1462966929842	OK	 
REQUEST	injecteur 6	8		request_5	1462966929818	1462966929843	OK	 
REQUEST	injecteur 9	6		request_8	1462966929821	1462966929846	OK	 
REQUEST	injecteur 5	10		request_4	1462966929823	1462966929848	OK	 
REQUEST	injecteur 7	2		request_6	1462966929825	1462966929850	OK	 
REQUEST	injecteur 8	4		request_7	1462966929826	1462966929852	OK	 
REQUEST	injecteur 4	1		request_3	1462966929831	1462966929854	OK	 
REQUEST	injecteur 1	7		request_0	1462966929833	1462966929855	OK	 
REQUEST	injecteur 2	9		request_1	1462966929839	1462966929857	OK	 
REQUEST	injecteur 10	5		request_9	1462966929841	1462966929859	OK	 
REQUEST	injecteur 3	3		request_2	1462966929843	1462966929861	OK	 
REQUEST	injecteur 6	8		request_5	1462966929844	1462966929863	OK	 
REQUEST	injecteur 9	6		request_8	1462966929847	1462966929865	OK	 
REQUEST	injecteur 5	10		request_4	1462966929848	1462966929866	OK	 
REQUEST	injecteur 7	2		request_6	1462966929850	1462966929868	OK	 
REQUEST	injecteur 8	4		request_7	1462966929852	1462966929869	OK	 
REQUEST	injecteur 4	1		request_3	1462966929854	1462966929871	OK	 
REQUEST	injecteur 1	7		request_0	1462966929856	1462966929872	OK	 
REQUEST	injecteur 2	9		request_1	1462966929858	1462966929874	OK	 
REQUEST	injecteur 10	5		request_9	1462966929860	1462966929875	OK	 
REQUEST	injecteur 3	3		request_2	1462966929861	1462966929877	OK	 
REQUEST	injecteur 6	8		request_5	1462966929864	1462966929879	OK	 
REQUEST	injecteur 9	6		request_8	1462966929865	1462966929880	OK	 
REQUEST	injecteur 5	10		request_4	1462966929867	1462966929883	OK	 
REQUEST	injecteur 7	2		request_6	1462966929869	1462966929885	OK	 
REQUEST	injecteur 8	4		request_7	1462966929870	1462966929886	OK	 
REQUEST	injecteur 4	1		request_3	1462966929872	1462966929888	OK	 
REQUEST	injecteur 1	7		request_0	1462966929873	1462966929889	OK	 
REQUEST	injecteur 2	9		request_1	1462966929874	1462966929891	OK	 
REQUEST	injecteur 10	5		request_9	1462966929876	1462966929895	OK	 
REQUEST	injecteur 3	3		request_2	1462966929878	1462966929897	OK	 
REQUEST	injecteur 6	8		request_5	1462966929879	1462966929899	OK	 
REQUEST	injecteur 9	6		request_8	1462966929881	1462966929902	OK	 
REQUEST	injecteur 5	10		request_4	1462966929884	1462966929904	OK	 
REQUEST	injecteur 7	2		request_6	1462966929886	1462966929905	OK	 
REQUEST	injecteur 8	4		request_7	1462966929887	1462966929910	OK	 
REQUEST	injecteur 1	7		request_0	1462966929890	1462966929912	OK	 
REQUEST	injecteur 4	1		request_3	1462966929888	1462966929912	OK	 
REQUEST	injecteur 2	9		request_1	1462966929892	1462966929916	OK	 
REQUEST	injecteur 10	5		request_9	1462966929895	1462966929918	OK	 
REQUEST	injecteur 3	3		request_2	1462966929898	1462966929920	OK	 
REQUEST	injecteur 6	8		request_5	1462966929900	1462966929921	OK	 
REQUEST	injecteur 9	6		request_8	1462966929902	1462966929923	OK	 
REQUEST	injecteur 5	10		request_4	1462966929904	1462966929925	OK	 
REQUEST	injecteur 7	2		request_6	1462966929906	1462966929926	OK	 
REQUEST	injecteur 1	7		request_0	1462966929912	1462966929928	OK	 
REQUEST	injecteur 8	4		request_7	1462966929911	1462966929930	OK	 
REQUEST	injecteur 4	1		request_3	1462966929912	1462966929931	OK	 
REQUEST	injecteur 2	9		request_1	1462966929917	1462966929933	OK	 
REQUEST	injecteur 10	5		request_9	1462966929919	1462966929936	OK	 
REQUEST	injecteur 3	3		request_2	1462966929921	1462966929937	OK	 
REQUEST	injecteur 6	8		request_5	1462966929922	1462966929940	OK	 
REQUEST	injecteur 9	6		request_8	1462966929924	1462966929941	OK	 
REQUEST	injecteur 5	10		request_4	1462966929925	1462966929943	OK	 
REQUEST	injecteur 7	2		request_6	1462966929927	1462966929945	OK	 
REQUEST	injecteur 1	7		request_0	1462966929929	1462966929947	OK	 
REQUEST	injecteur 8	4		request_7	1462966929930	1462966929949	OK	 
REQUEST	injecteur 4	1		request_3	1462966929932	1462966929951	OK	 
REQUEST	injecteur 2	9		request_1	1462966929934	1462966929952	OK	 
REQUEST	injecteur 10	5		request_9	1462966929936	1462966929954	OK	 
REQUEST	injecteur 3	3		request_2	1462966929938	1462966929955	OK	 
REQUEST	injecteur 6	8		request_5	1462966929940	1462966929957	OK	 
REQUEST	injecteur 9	6		request_8	1462966929942	1462966929958	OK	 
REQUEST	injecteur 5	10		request_4	1462966929944	1462966929960	OK	 
REQUEST	injecteur 7	2		request_6	1462966929946	1462966929961	OK	 
REQUEST	injecteur 1	7		request_0	1462966929948	1462966929963	OK	 
REQUEST	injecteur 8	4		request_7	1462966929949	1462966929965	OK	 
REQUEST	injecteur 4	1		request_3	1462966929951	1462966929966	OK	 
REQUEST	injecteur 2	9		request_1	1462966929953	1462966929968	OK	 
REQUEST	injecteur 10	5		request_9	1462966929954	1462966929970	OK	 
REQUEST	injecteur 3	3		request_2	1462966929956	1462966929971	OK	 
REQUEST	injecteur 6	8		request_5	1462966929957	1462966929973	OK	 
REQUEST	injecteur 9	6		request_8	1462966929959	1462966929975	OK	 
REQUEST	injecteur 5	10		request_4	1462966929960	1462966929976	OK	 
REQUEST	injecteur 7	2		request_6	1462966929962	1462966929978	OK	 
REQUEST	injecteur 1	7		request_0	1462966929963	1462966929980	OK	 
REQUEST	injecteur 8	4		request_7	1462966929965	1462966929981	OK	 
REQUEST	injecteur 4	1		request_3	1462966929967	1462966929983	OK	 
REQUEST	injecteur 2	9		request_1	1462966929969	1462966929985	OK	 
REQUEST	injecteur 10	5		request_9	1462966929970	1462966929987	OK	 
REQUEST	injecteur 3	3		request_2	1462966929972	1462966929991	OK	 
REQUEST	injecteur 6	8		request_5	1462966929974	1462966929992	OK	 
REQUEST	injecteur 9	6		request_8	1462966929975	1462966929994	OK	 
REQUEST	injecteur 5	10		request_4	1462966929977	1462966929996	OK	 
REQUEST	injecteur 7	2		request_6	1462966929978	1462966929999	OK	 
REQUEST	injecteur 1	7		request_0	1462966929981	1462966930001	OK	 
REQUEST	injecteur 8	4		request_7	1462966929982	1462966930003	OK	 
REQUEST	injecteur 4	1		request_3	1462966929984	1462966930006	OK	 
REQUEST	injecteur 2	9		request_1	1462966929986	1462966930008	OK	 
REQUEST	injecteur 10	5		request_9	1462966929988	1462966930009	OK	 
REQUEST	injecteur 3	3		request_2	1462966929991	1462966930011	OK	 
REQUEST	injecteur 6	8		request_5	1462966929993	1462966930012	OK	 
REQUEST	injecteur 9	6		request_8	1462966929995	1462966930014	OK	 
REQUEST	injecteur 5	10		request_4	1462966929997	1462966930016	OK	 
REQUEST	injecteur 7	2		request_6	1462966930000	1462966930018	OK	 
REQUEST	injecteur 1	7		request_0	1462966930002	1462966930019	OK	 
REQUEST	injecteur 8	4		request_7	1462966930004	1462966930021	OK	 
REQUEST	injecteur 4	1		request_3	1462966930006	1462966930023	OK	 
REQUEST	injecteur 2	9		request_1	1462966930009	1462966930024	OK	 
REQUEST	injecteur 10	5		request_9	1462966930010	1462966930026	OK	 
REQUEST	injecteur 3	3		request_2	1462966930012	1462966930028	OK	 
REQUEST	injecteur 6	8		request_5	1462966930013	1462966930029	OK	 
REQUEST	injecteur 9	6		request_8	1462966930015	1462966930031	OK	 
REQUEST	injecteur 5	10		request_4	1462966930016	1462966930033	OK	 
REQUEST	injecteur 7	2		request_6	1462966930018	1462966930035	OK	 
REQUEST	injecteur 1	7		request_0	1462966930020	1462966930039	OK	 
REQUEST	injecteur 8	4		request_7	1462966930022	1462966930041	OK	 
REQUEST	injecteur 4	1		request_3	1462966930023	1462966930043	OK	 
REQUEST	injecteur 2	9		request_1	1462966930025	1462966930045	OK	 
REQUEST	injecteur 10	5		request_9	1462966930027	1462966930047	OK	 
REQUEST	injecteur 3	3		request_2	1462966930028	1462966930049	OK	 
REQUEST	injecteur 6	8		request_5	1462966930030	1462966930051	OK	 
REQUEST	injecteur 9	6		request_8	1462966930031	1462966930054	OK	 
REQUEST	injecteur 5	10		request_4	1462966930034	1462966930057	OK	 
REQUEST	injecteur 7	2		request_6	1462966930036	1462966930060	OK	 
REQUEST	injecteur 1	7		request_0	1462966930040	1462966930062	OK	 
REQUEST	injecteur 8	4		request_7	1462966930042	1462966930065	OK	 
REQUEST	injecteur 4	1		request_3	1462966930044	1462966930069	OK	 
REQUEST	injecteur 2	9		request_1	1462966930046	1462966930071	OK	 
REQUEST	injecteur 10	5		request_9	1462966930048	1462966930074	OK	 
REQUEST	injecteur 3	3		request_2	1462966930050	1462966930076	OK	 
REQUEST	injecteur 6	8		request_5	1462966930052	1462966930080	OK	 
REQUEST	injecteur 9	6		request_8	1462966930055	1462966930083	OK	 
REQUEST	injecteur 5	10		request_4	1462966930058	1462966930087	OK	 
REQUEST	injecteur 8	4		request_7	1462966930066	1462966930089	OK	 
REQUEST	injecteur 7	2		request_6	1462966930060	1462966930091	OK	 
REQUEST	injecteur 1	7		request_0	1462966930063	1462966930094	OK	 
REQUEST	injecteur 4	1		request_3	1462966930070	1462966930098	OK	 
REQUEST	injecteur 2	9		request_1	1462966930072	1462966930100	OK	 
REQUEST	injecteur 3	3		request_2	1462966930077	1462966930106	OK	 
REQUEST	injecteur 10	5		request_9	1462966930075	1462966930107	OK	 
REQUEST	injecteur 6	8		request_5	1462966930081	1462966930110	OK	 
REQUEST	injecteur 9	6		request_8	1462966930084	1462966930112	OK	 
REQUEST	injecteur 1	7		request_0	1462966930094	1462966930115	OK	 
REQUEST	injecteur 3	3		request_2	1462966930107	1462966930121	OK	 
REQUEST	injecteur 5	10		request_4	1462966930088	1462966930125	OK	 
REQUEST	injecteur 8	4		request_7	1462966930090	1462966930128	OK	 
REQUEST	injecteur 7	2		request_6	1462966930092	1462966930130	OK	 
REQUEST	injecteur 6	8		request_5	1462966930111	1462966930138	OK	 
REQUEST	injecteur 1	7		request_0	1462966930116	1462966930140	OK	 
REQUEST	injecteur 4	1		request_3	1462966930098	1462966930141	OK	 
REQUEST	injecteur 10	5		request_9	1462966930108	1462966930141	OK	 
REQUEST	injecteur 2	9		request_1	1462966930101	1462966930142	OK	 
REQUEST	injecteur 3	3		request_2	1462966930121	1462966930146	OK	 
REQUEST	injecteur 9	6		request_8	1462966930113	1462966930149	OK	 
REQUEST	injecteur 5	10		request_4	1462966930125	1462966930151	OK	 
REQUEST	injecteur 8	4		request_7	1462966930129	1462966930153	OK	 
REQUEST	injecteur 7	2		request_6	1462966930131	1462966930159	OK	 
REQUEST	injecteur 1	7		request_0	1462966930141	1462966930159	OK	 
REQUEST	injecteur 8	4		request_7	1462966930154	1462966930162	OK	 
REQUEST	injecteur 6	8		request_5	1462966930139	1462966930165	OK	 
REQUEST	injecteur 4	1		request_3	1462966930141	1462966930172	OK	 
REQUEST	injecteur 2	9		request_1	1462966930142	1462966930173	OK	 
REQUEST	injecteur 10	5		request_9	1462966930142	1462966930176	OK	 
REQUEST	injecteur 3	3		request_2	1462966930147	1462966930177	OK	 
REQUEST	injecteur 9	6		request_8	1462966930149	1462966930179	OK	 
REQUEST	injecteur 5	10		request_4	1462966930151	1462966930182	OK	 
REQUEST	injecteur 6	8		request_5	1462966930166	1462966930184	OK	 
REQUEST	injecteur 7	2		request_6	1462966930159	1462966930185	OK	 
REQUEST	injecteur 1	7		request_0	1462966930160	1462966930187	OK	 
REQUEST	injecteur 8	4		request_7	1462966930163	1462966930189	OK	 
REQUEST	injecteur 4	1		request_3	1462966930172	1462966930191	OK	 
REQUEST	injecteur 2	9		request_1	1462966930174	1462966930193	OK	 
REQUEST	injecteur 10	5		request_9	1462966930177	1462966930195	OK	 
REQUEST	injecteur 3	3		request_2	1462966930177	1462966930196	OK	 
REQUEST	injecteur 9	6		request_8	1462966930180	1462966930198	OK	 
REQUEST	injecteur 5	10		request_4	1462966930183	1462966930200	OK	 
REQUEST	injecteur 6	8		request_5	1462966930184	1462966930202	OK	 
REQUEST	injecteur 7	2		request_6	1462966930186	1462966930204	OK	 
REQUEST	injecteur 1	7		request_0	1462966930187	1462966930206	OK	 
REQUEST	injecteur 8	4		request_7	1462966930190	1462966930207	OK	 
REQUEST	injecteur 4	1		request_3	1462966930192	1462966930209	OK	 
REQUEST	injecteur 2	9		request_1	1462966930194	1462966930210	OK	 
REQUEST	injecteur 10	5		request_9	1462966930196	1462966930211	OK	 
REQUEST	injecteur 3	3		request_2	1462966930197	1462966930213	OK	 
REQUEST	injecteur 9	6		request_8	1462966930199	1462966930215	OK	 
REQUEST	injecteur 5	10		request_4	1462966930201	1462966930216	OK	 
REQUEST	injecteur 6	8		request_5	1462966930202	1462966930217	OK	 
REQUEST	injecteur 7	2		request_6	1462966930204	1462966930220	OK	 
REQUEST	injecteur 1	7		request_0	1462966930206	1462966930222	OK	 
REQUEST	injecteur 8	4		request_7	1462966930208	1462966930223	OK	 
REQUEST	injecteur 4	1		request_3	1462966930209	1462966930224	OK	 
REQUEST	injecteur 2	9		request_1	1462966930211	1462966930226	OK	 
REQUEST	injecteur 10	5		request_9	1462966930212	1462966930227	OK	 
REQUEST	injecteur 3	3		request_2	1462966930214	1462966930229	OK	 
REQUEST	injecteur 9	6		request_8	1462966930215	1462966930231	OK	 
REQUEST	injecteur 5	10		request_4	1462966930217	1462966930232	OK	 
REQUEST	injecteur 6	8		request_5	1462966930218	1462966930234	OK	 
REQUEST	injecteur 7	2		request_6	1462966930221	1462966930236	OK	 
REQUEST	injecteur 1	7		request_0	1462966930222	1462966930239	OK	 
REQUEST	injecteur 8	4		request_7	1462966930224	1462966930241	OK	 
REQUEST	injecteur 4	1		request_3	1462966930225	1462966930242	OK	 
REQUEST	injecteur 2	9		request_1	1462966930226	1462966930244	OK	 
REQUEST	injecteur 10	5		request_9	1462966930228	1462966930245	OK	 
REQUEST	injecteur 3	3		request_2	1462966930229	1462966930247	OK	 
REQUEST	injecteur 9	6		request_8	1462966930231	1462966930248	OK	 
REQUEST	injecteur 5	10		request_4	1462966930233	1462966930251	OK	 
REQUEST	injecteur 6	8		request_5	1462966930235	1462966930253	OK	 
REQUEST	injecteur 7	2		request_6	1462966930237	1462966930255	OK	 
REQUEST	injecteur 1	7		request_0	1462966930239	1462966930256	OK	 
REQUEST	injecteur 8	4		request_7	1462966930241	1462966930258	OK	 
REQUEST	injecteur 4	1		request_3	1462966930243	1462966930259	OK	 
REQUEST	injecteur 2	9		request_1	1462966930244	1462966930261	OK	 
REQUEST	injecteur 10	5		request_9	1462966930246	1462966930262	OK	 
REQUEST	injecteur 3	3		request_2	1462966930247	1462966930264	OK	 
REQUEST	injecteur 9	6		request_8	1462966930249	1462966930266	OK	 
REQUEST	injecteur 5	10		request_4	1462966930252	1462966930268	OK	 
REQUEST	injecteur 6	8		request_5	1462966930254	1462966930269	OK	 
REQUEST	injecteur 7	2		request_6	1462966930255	1462966930270	OK	 
REQUEST	injecteur 1	7		request_0	1462966930257	1462966930271	OK	 
REQUEST	injecteur 8	4		request_7	1462966930258	1462966930273	OK	 
REQUEST	injecteur 4	1		request_3	1462966930260	1462966930275	OK	 
REQUEST	injecteur 2	9		request_1	1462966930261	1462966930276	OK	 
REQUEST	injecteur 10	5		request_9	1462966930263	1462966930277	OK	 
REQUEST	injecteur 3	3		request_2	1462966930264	1462966930279	OK	 
REQUEST	injecteur 9	6		request_8	1462966930266	1462966930281	OK	 
REQUEST	injecteur 5	10		request_4	1462966930268	1462966930283	OK	 
REQUEST	injecteur 6	8		request_5	1462966930269	1462966930284	OK	 
REQUEST	injecteur 7	2		request_6	1462966930271	1462966930286	OK	 
REQUEST	injecteur 1	7		request_0	1462966930272	1462966930288	OK	 
REQUEST	injecteur 8	4		request_7	1462966930273	1462966930290	OK	 
REQUEST	injecteur 4	1		request_3	1462966930275	1462966930291	OK	 
REQUEST	injecteur 2	9		request_1	1462966930276	1462966930292	OK	 
REQUEST	injecteur 10	5		request_9	1462966930278	1462966930294	OK	 
REQUEST	injecteur 3	3		request_2	1462966930280	1462966930297	OK	 
REQUEST	injecteur 9	6		request_8	1462966930282	1462966930298	OK	 
REQUEST	injecteur 5	10		request_4	1462966930283	1462966930300	OK	 
REQUEST	injecteur 6	8		request_5	1462966930285	1462966930301	OK	 
REQUEST	injecteur 7	2		request_6	1462966930287	1462966930302	OK	 
REQUEST	injecteur 1	7		request_0	1462966930288	1462966930304	OK	 
REQUEST	injecteur 8	4		request_7	1462966930290	1462966930305	OK	 
REQUEST	injecteur 4	1		request_3	1462966930291	1462966930307	OK	 
REQUEST	injecteur 2	9		request_1	1462966930293	1462966930310	OK	 
REQUEST	injecteur 10	5		request_9	1462966930295	1462966930313	OK	 
REQUEST	injecteur 3	3		request_2	1462966930297	1462966930315	OK	 
REQUEST	injecteur 9	6		request_8	1462966930299	1462966930317	OK	 
REQUEST	injecteur 5	10		request_4	1462966930300	1462966930319	OK	 
REQUEST	injecteur 6	8		request_5	1462966930301	1462966930321	OK	 
REQUEST	injecteur 7	2		request_6	1462966930303	1462966930323	OK	 
REQUEST	injecteur 1	7		request_0	1462966930305	1462966930325	OK	 
REQUEST	injecteur 8	4		request_7	1462966930306	1462966930326	OK	 
REQUEST	injecteur 4	1		request_3	1462966930308	1462966930329	OK	 
REQUEST	injecteur 2	9		request_1	1462966930312	1462966930331	OK	 
REQUEST	injecteur 10	5		request_9	1462966930314	1462966930333	OK	 
REQUEST	injecteur 3	3		request_2	1462966930316	1462966930336	OK	 
REQUEST	injecteur 9	6		request_8	1462966930318	1462966930337	OK	 
REQUEST	injecteur 5	10		request_4	1462966930320	1462966930340	OK	 
REQUEST	injecteur 6	8		request_5	1462966930322	1462966930343	OK	 
REQUEST	injecteur 7	2		request_6	1462966930324	1462966930344	OK	 
REQUEST	injecteur 1	7		request_0	1462966930326	1462966930346	OK	 
REQUEST	injecteur 4	1		request_3	1462966930330	1462966930356	OK	 
REQUEST	injecteur 8	4		request_7	1462966930327	1462966930357	OK	 
REQUEST	injecteur 2	9		request_1	1462966930332	1462966930358	OK	 
REQUEST	injecteur 10	5		request_9	1462966930335	1462966930359	OK	 
REQUEST	injecteur 3	3		request_2	1462966930336	1462966930359	OK	 
REQUEST	injecteur 9	6		request_8	1462966930338	1462966930362	OK	 
REQUEST	injecteur 5	10		request_4	1462966930341	1462966930365	OK	 
REQUEST	injecteur 6	8		request_5	1462966930343	1462966930367	OK	 
REQUEST	injecteur 7	2		request_6	1462966930345	1462966930370	OK	 
REQUEST	injecteur 4	1		request_3	1462966930356	1462966930373	OK	 
REQUEST	injecteur 1	7		request_0	1462966930348	1462966930374	OK	 
REQUEST	injecteur 8	4		request_7	1462966930358	1462966930379	OK	 
REQUEST	injecteur 2	9		request_1	1462966930358	1462966930380	OK	 
REQUEST	injecteur 10	5		request_9	1462966930359	1462966930382	OK	 
REQUEST	injecteur 3	3		request_2	1462966930360	1462966930384	OK	 
REQUEST	injecteur 1	7		request_0	1462966930374	1462966930388	OK	 
REQUEST	injecteur 9	6		request_8	1462966930363	1462966930393	OK	 
REQUEST	injecteur 5	10		request_4	1462966930366	1462966930395	OK	 
REQUEST	injecteur 6	8		request_5	1462966930368	1462966930397	OK	 
REQUEST	injecteur 7	2		request_6	1462966930370	1462966930398	OK	 
REQUEST	injecteur 4	1		request_3	1462966930374	1462966930401	OK	 
REQUEST	injecteur 8	4		request_7	1462966930379	1462966930403	OK	 
REQUEST	injecteur 2	9		request_1	1462966930381	1462966930406	OK	 
REQUEST	injecteur 10	5		request_9	1462966930382	1462966930408	OK	 
REQUEST	injecteur 3	3		request_2	1462966930384	1462966930411	OK	 
REQUEST	injecteur 1	7		request_0	1462966930388	1462966930414	OK	 
REQUEST	injecteur 4	1		request_3	1462966930402	1462966930425	OK	 
REQUEST	injecteur 8	4		request_7	1462966930404	1462966930427	OK	 
REQUEST	injecteur 2	9		request_1	1462966930407	1462966930429	OK	 
REQUEST	injecteur 10	5		request_9	1462966930409	1462966930432	OK	 
REQUEST	injecteur 3	3		request_2	1462966930412	1462966930434	OK	 
REQUEST	injecteur 1	7		request_0	1462966930414	1462966930437	OK	 
REQUEST	injecteur 4	1		request_3	1462966930426	1462966930441	OK	 
REQUEST	injecteur 8	4		request_7	1462966930428	1462966930443	OK	 
REQUEST	injecteur 9	6		request_8	1462966930393	1462966930443	OK	 
REQUEST	injecteur 5	10		request_4	1462966930396	1462966930444	OK	 
REQUEST	injecteur 3	3		request_2	1462966930434	1462966930445	OK	 
REQUEST	injecteur 7	2		request_6	1462966930399	1462966930446	OK	 
REQUEST	injecteur 6	8		request_5	1462966930397	1462966930447	OK	 
REQUEST	injecteur 1	7		request_0	1462966930438	1462966930448	OK	 
REQUEST	injecteur 2	9		request_1	1462966930430	1462966930456	OK	 
REQUEST	injecteur 4	1		request_3	1462966930441	1462966930457	OK	 
REQUEST	injecteur 3	3		request_2	1462966930445	1462966930457	OK	 
REQUEST	injecteur 10	5		request_9	1462966930433	1462966930459	OK	 
REQUEST	injecteur 1	7		request_0	1462966930449	1462966930461	OK	 
REQUEST	injecteur 8	4		request_7	1462966930443	1462966930465	OK	 
REQUEST	injecteur 9	6		request_8	1462966930443	1462966930466	OK	 
REQUEST	injecteur 5	10		request_4	1462966930445	1462966930468	OK	 
REQUEST	injecteur 7	2		request_6	1462966930446	1462966930470	OK	 
REQUEST	injecteur 6	8		request_5	1462966930447	1462966930472	OK	 
REQUEST	injecteur 2	9		request_1	1462966930456	1462966930475	OK	 
REQUEST	injecteur 4	1		request_3	1462966930458	1462966930477	OK	 
REQUEST	injecteur 3	3		request_2	1462966930458	1462966930478	OK	 
REQUEST	injecteur 10	5		request_9	1462966930460	1462966930480	OK	 
REQUEST	injecteur 1	7		request_0	1462966930461	1462966930482	OK	 
REQUEST	injecteur 8	4		request_7	1462966930466	1462966930484	OK	 
REQUEST	injecteur 9	6		request_8	1462966930467	1462966930486	OK	 
REQUEST	injecteur 5	10		request_4	1462966930468	1462966930488	OK	 
REQUEST	injecteur 7	2		request_6	1462966930470	1462966930490	OK	 
REQUEST	injecteur 6	8		request_5	1462966930472	1462966930494	OK	 
REQUEST	injecteur 2	9		request_1	1462966930475	1462966930495	OK	 
REQUEST	injecteur 4	1		request_3	1462966930477	1462966930497	OK	 
REQUEST	injecteur 3	3		request_2	1462966930479	1462966930501	OK	 
REQUEST	injecteur 10	5		request_9	1462966930481	1462966930503	OK	 
REQUEST	injecteur 1	7		request_0	1462966930482	1462966930505	OK	 
REQUEST	injecteur 8	4		request_7	1462966930485	1462966930507	OK	 
REQUEST	injecteur 9	6		request_8	1462966930486	1462966930509	OK	 
REQUEST	injecteur 5	10		request_4	1462966930489	1462966930511	OK	 
REQUEST	injecteur 7	2		request_6	1462966930490	1462966930513	OK	 
REQUEST	injecteur 6	8		request_5	1462966930495	1462966930516	OK	 
REQUEST	injecteur 2	9		request_1	1462966930496	1462966930518	OK	 
REQUEST	injecteur 4	1		request_3	1462966930498	1462966930520	OK	 
REQUEST	injecteur 3	3		request_2	1462966930501	1462966930521	OK	 
REQUEST	injecteur 10	5		request_9	1462966930504	1462966930524	OK	 
REQUEST	injecteur 1	7		request_0	1462966930506	1462966930526	OK	 
REQUEST	injecteur 8	4		request_7	1462966930508	1462966930527	OK	 
REQUEST	injecteur 9	6		request_8	1462966930510	1462966930529	OK	 
REQUEST	injecteur 5	10		request_4	1462966930512	1462966930531	OK	 
REQUEST	injecteur 7	2		request_6	1462966930514	1462966930533	OK	 
REQUEST	injecteur 6	8		request_5	1462966930516	1462966930535	OK	 
REQUEST	injecteur 2	9		request_1	1462966930519	1462966930537	OK	 
REQUEST	injecteur 4	1		request_3	1462966930520	1462966930539	OK	 
REQUEST	injecteur 3	3		request_2	1462966930522	1462966930541	OK	 
REQUEST	injecteur 10	5		request_9	1462966930524	1462966930543	OK	 
REQUEST	injecteur 1	7		request_0	1462966930526	1462966930545	OK	 
REQUEST	injecteur 8	4		request_7	1462966930528	1462966930547	OK	 
REQUEST	injecteur 9	6		request_8	1462966930530	1462966930549	OK	 
REQUEST	injecteur 5	10		request_4	1462966930532	1462966930552	OK	 
REQUEST	injecteur 7	2		request_6	1462966930534	1462966930554	OK	 
REQUEST	injecteur 6	8		request_5	1462966930536	1462966930556	OK	 
REQUEST	injecteur 2	9		request_1	1462966930538	1462966930558	OK	 
REQUEST	injecteur 4	1		request_3	1462966930539	1462966930560	OK	 
REQUEST	injecteur 3	3		request_2	1462966930542	1462966930562	OK	 
REQUEST	injecteur 10	5		request_9	1462966930544	1462966930564	OK	 
REQUEST	injecteur 1	7		request_0	1462966930546	1462966930566	OK	 
REQUEST	injecteur 8	4		request_7	1462966930548	1462966930569	OK	 
REQUEST	injecteur 9	6		request_8	1462966930550	1462966930571	OK	 
REQUEST	injecteur 5	10		request_4	1462966930553	1462966930573	OK	 
REQUEST	injecteur 7	2		request_6	1462966930555	1462966930575	OK	 
REQUEST	injecteur 6	8		request_5	1462966930557	1462966930577	OK	 
REQUEST	injecteur 2	9		request_1	1462966930559	1462966930579	OK	 
REQUEST	injecteur 4	1		request_3	1462966930561	1462966930580	OK	 
REQUEST	injecteur 3	3		request_2	1462966930563	1462966930582	OK	 
REQUEST	injecteur 10	5		request_9	1462966930565	1462966930586	OK	 
REQUEST	injecteur 1	7		request_0	1462966930567	1462966930589	OK	 
REQUEST	injecteur 8	4		request_7	1462966930569	1462966930592	OK	 
REQUEST	injecteur 9	6		request_8	1462966930572	1462966930594	OK	 
REQUEST	injecteur 5	10		request_4	1462966930574	1462966930596	OK	 
REQUEST	injecteur 7	2		request_6	1462966930576	1462966930599	OK	 
REQUEST	injecteur 6	8		request_5	1462966930577	1462966930602	OK	 
REQUEST	injecteur 2	9		request_1	1462966930579	1462966930605	OK	 
REQUEST	injecteur 4	1		request_3	1462966930581	1462966930611	OK	 
REQUEST	injecteur 3	3		request_2	1462966930583	1462966930613	OK	 
REQUEST	injecteur 2	9		request_1	1462966930606	1462966930616	OK	 
REQUEST	injecteur 10	5		request_9	1462966930587	1462966930618	OK	 
REQUEST	injecteur 1	7		request_0	1462966930590	1462966930620	OK	 
REQUEST	injecteur 9	6		request_8	1462966930595	1462966930628	OK	 
REQUEST	injecteur 5	10		request_4	1462966930597	1462966930630	OK	 
REQUEST	injecteur 8	4		request_7	1462966930593	1462966930632	OK	 
REQUEST	injecteur 7	2		request_6	1462966930600	1462966930634	OK	 
REQUEST	injecteur 6	8		request_5	1462966930603	1462966930636	OK	 
REQUEST	injecteur 1	7		request_0	1462966930621	1462966930638	OK	 
REQUEST	injecteur 3	3		request_2	1462966930614	1462966930644	OK	 
REQUEST	injecteur 4	1		request_3	1462966930611	1462966930637	OK	 
REQUEST	injecteur 9	6		request_8	1462966930629	1462966930653	OK	 
REQUEST	injecteur 2	9		request_1	1462966930617	1462966930653	OK	 
REQUEST	injecteur 10	5		request_9	1462966930619	1462966930655	OK	 
REQUEST	injecteur 5	10		request_4	1462966930631	1462966930656	OK	 
REQUEST	injecteur 7	2		request_6	1462966930635	1462966930661	OK	 
REQUEST	injecteur 1	7		request_0	1462966930639	1462966930663	OK	 
REQUEST	injecteur 3	3		request_2	1462966930645	1462966930668	OK	 
REQUEST	injecteur 8	4		request_7	1462966930633	1462966930669	OK	 
REQUEST	injecteur 6	8		request_5	1462966930636	1462966930671	OK	 
REQUEST	injecteur 4	1		request_3	1462966930652	1462966930674	OK	 
REQUEST	injecteur 9	6		request_8	1462966930654	1462966930677	OK	 
REQUEST	injecteur 2	9		request_1	1462966930654	1462966930680	OK	 
REQUEST	injecteur 10	5		request_9	1462966930655	1462966930682	OK	 
REQUEST	injecteur 5	10		request_4	1462966930657	1462966930684	OK	 
REQUEST	injecteur 1	7		request_0	1462966930663	1462966930686	OK	 
REQUEST	injecteur 3	3		request_2	1462966930669	1462966930689	OK	 
REQUEST	injecteur 7	2		request_6	1462966930661	1462966930691	OK	 
REQUEST	injecteur 8	4		request_7	1462966930670	1462966930693	OK	 
REQUEST	injecteur 6	8		request_5	1462966930672	1462966930695	OK	 
REQUEST	injecteur 4	1		request_3	1462966930675	1462966930697	OK	 
REQUEST	injecteur 9	6		request_8	1462966930678	1462966930699	OK	 
REQUEST	injecteur 2	9		request_1	1462966930680	1462966930700	OK	 
REQUEST	injecteur 10	5		request_9	1462966930683	1462966930702	OK	 
REQUEST	injecteur 5	10		request_4	1462966930685	1462966930704	OK	 
REQUEST	injecteur 1	7		request_0	1462966930687	1462966930707	OK	 
REQUEST	injecteur 3	3		request_2	1462966930689	1462966930709	OK	 
REQUEST	injecteur 7	2		request_6	1462966930692	1462966930712	OK	 
REQUEST	injecteur 8	4		request_7	1462966930694	1462966930716	OK	 
REQUEST	injecteur 6	8		request_5	1462966930696	1462966930718	OK	 
REQUEST	injecteur 4	1		request_3	1462966930697	1462966930721	OK	 
REQUEST	injecteur 9	6		request_8	1462966930699	1462966930724	OK	 
REQUEST	injecteur 2	9		request_1	1462966930701	1462966930726	OK	 
REQUEST	injecteur 7	2		request_6	1462966930713	1462966930728	OK	 
REQUEST	injecteur 10	5		request_9	1462966930703	1462966930732	OK	 
REQUEST	injecteur 5	10		request_4	1462966930705	1462966930734	OK	 
REQUEST	injecteur 1	7		request_0	1462966930708	1462966930736	OK	 
REQUEST	injecteur 3	3		request_2	1462966930710	1462966930741	OK	 
REQUEST	injecteur 4	1		request_3	1462966930722	1462966930745	OK	 
REQUEST	injecteur 6	8		request_5	1462966930719	1462966930746	OK	 
REQUEST	injecteur 8	4		request_7	1462966930717	1462966930748	OK	 
REQUEST	injecteur 9	6		request_8	1462966930724	1462966930749	OK	 
REQUEST	injecteur 7	2		request_6	1462966930729	1462966930758	OK	 
REQUEST	injecteur 4	1		request_3	1462966930745	1462966930760	OK	 
REQUEST	injecteur 2	9		request_1	1462966930726	1462966930762	OK	 
REQUEST	injecteur 10	5		request_9	1462966930732	1462966930764	OK	 
REQUEST	injecteur 5	10		request_4	1462966930734	1462966930764	OK	 
REQUEST	injecteur 3	3		request_2	1462966930742	1462966930767	OK	 
REQUEST	injecteur 6	8		request_5	1462966930747	1462966930770	OK	 
REQUEST	injecteur 7	2		request_6	1462966930758	1462966930772	OK	 
REQUEST	injecteur 5	10		request_4	1462966930765	1462966930775	OK	 
REQUEST	injecteur 8	4		request_7	1462966930749	1462966930777	OK	 
REQUEST	injecteur 9	6		request_8	1462966930749	1462966930781	OK	 
REQUEST	injecteur 4	1		request_3	1462966930761	1462966930784	OK	 
REQUEST	injecteur 2	9		request_1	1462966930762	1462966930787	OK	 
REQUEST	injecteur 10	5		request_9	1462966930764	1462966930789	OK	 
REQUEST	injecteur 3	3		request_2	1462966930768	1462966930791	OK	 
REQUEST	injecteur 6	8		request_5	1462966930771	1462966930800	OK	 
REQUEST	injecteur 8	4		request_7	1462966930777	1462966930800	OK	 
REQUEST	injecteur 7	2		request_6	1462966930773	1462966930802	OK	 
REQUEST	injecteur 5	10		request_4	1462966930775	1462966930803	OK	 
REQUEST	injecteur 4	1		request_3	1462966930785	1462966930805	OK	 
REQUEST	injecteur 2	9		request_1	1462966930787	1462966930807	OK	 
REQUEST	injecteur 9	6		request_8	1462966930781	1462966930807	OK	 
REQUEST	injecteur 10	5		request_9	1462966930789	1462966930809	OK	 
REQUEST	injecteur 6	8		request_5	1462966930800	1462966930820	OK	 
REQUEST	injecteur 4	1		request_3	1462966930806	1462966930822	OK	 
REQUEST	injecteur 2	9		request_1	1462966930807	1462966930824	OK	 
