ASSERTION	AAMBAAMDBABk
RUN	Injections		injections	1461840733190	 	2.0
USER	injecteur 4	1	START	1461840734843	1461840734843
USER	injecteur 7	2	START	1461840734894	1461840734894
USER	injecteur 3	3	START	1461840734896	1461840734896
USER	injecteur 8	4	START	1461840734899	1461840734899
USER	injecteur 10	5	START	1461840734913	1461840734913
USER	injecteur 9	6	START	1461840734918	1461840734918
USER	injecteur 1	7	START	1461840734921	1461840734921
USER	injecteur 6	8	START	1461840734926	1461840734926
USER	injecteur 2	9	START	1461840734929	1461840734929
USER	injecteur 5	10	START	1461840734930	1461840734930
REQUEST	injecteur 3	3		request_3	1461840734897	1461840734983	OK	 
REQUEST	injecteur 8	4		request_8	1461840734912	1461840734981	OK	 
REQUEST	injecteur 10	5		request_10	1461840734914	1461840734981	OK	 
REQUEST	injecteur 4	1		request_4	1461840734886	1461840735039	OK	 
REQUEST	injecteur 9	6		request_9	1461840734919	1461840735042	OK	 
REQUEST	injecteur 6	8		request_6	1461840734927	1461840735054	OK	 
REQUEST	injecteur 9	6		request_9	1461840735051	1461840735057	OK	 
REQUEST	injecteur 10	5		request_10	1461840735051	1461840735063	OK	 
REQUEST	injecteur 3	3		request_3	1461840735051	1461840735068	OK	 
REQUEST	injecteur 1	7		request_1	1461840734924	1461840735075	OK	 
REQUEST	injecteur 4	1		request_4	1461840735052	1461840735077	OK	 
REQUEST	injecteur 2	9		request_2	1461840734929	1461840735080	OK	 
REQUEST	injecteur 9	6		request_9	1461840735058	1461840735092	OK	 
REQUEST	injecteur 6	8		request_6	1461840735055	1461840735093	OK	 
REQUEST	injecteur 8	4		request_8	1461840735053	1461840735095	OK	 
REQUEST	injecteur 9	6		request_9	1461840735093	1461840735102	OK	 
REQUEST	injecteur 10	5		request_10	1461840735064	1461840735106	OK	 
REQUEST	injecteur 7	2		request_7	1461840734895	1461840735041	KO	status.find.is(200), but actually found 400
REQUEST	injecteur 5	10		request_5	1461840734931	1461840735123	OK	 
REQUEST	injecteur 3	3		request_3	1461840735069	1461840735130	OK	 
REQUEST	injecteur 4	1		request_4	1461840735078	1461840735133	OK	 
REQUEST	injecteur 1	7		request_1	1461840735076	1461840735146	OK	 
REQUEST	injecteur 2	9		request_2	1461840735082	1461840735151	OK	 
REQUEST	injecteur 6	8		request_6	1461840735094	1461840735158	OK	 
REQUEST	injecteur 9	6		request_9	1461840735104	1461840735159	OK	 
REQUEST	injecteur 10	5		request_10	1461840735115	1461840735166	OK	 
REQUEST	injecteur 5	10		request_5	1461840735125	1461840735175	OK	 
REQUEST	injecteur 8	4		request_8	1461840735096	1461840735187	OK	 
REQUEST	injecteur 4	1		request_4	1461840735135	1461840735194	OK	 
REQUEST	injecteur 1	7		request_1	1461840735150	1461840735197	OK	 
REQUEST	injecteur 7	2		request_7	1461840735121	1461840735196	KO	status.find.is(200), but actually found 400
REQUEST	injecteur 3	3		request_3	1461840735131	1461840735201	OK	 
REQUEST	injecteur 5	10		request_5	1461840735177	1461840735203	OK	 
REQUEST	injecteur 2	9		request_2	1461840735152	1461840735217	OK	 
REQUEST	injecteur 9	6		request_9	1461840735170	1461840735228	OK	 
REQUEST	injecteur 6	8		request_6	1461840735164	1461840735232	OK	 
REQUEST	injecteur 10	5		request_10	1461840735167	1461840735228	OK	 
REQUEST	injecteur 5	10		request_5	1461840735204	1461840735245	OK	 
REQUEST	injecteur 9	6		request_9	1461840735229	1461840735251	OK	 
REQUEST	injecteur 4	1		request_4	1461840735196	1461840735259	OK	 
REQUEST	injecteur 1	7		request_1	1461840735198	1461840735265	OK	 
REQUEST	injecteur 3	3		request_3	1461840735202	1461840735274	OK	 
REQUEST	injecteur 2	9		request_2	1461840735226	1461840735282	OK	 
REQUEST	injecteur 9	6		request_9	1461840735252	1461840735287	OK	 
REQUEST	injecteur 8	4		request_8	1461840735212	1461840735289	OK	 
REQUEST	injecteur 7	2		request_7	1461840735198	1461840735277	KO	status.find.is(200), but actually found 400
REQUEST	injecteur 5	10		request_5	1461840735246	1461840735292	OK	 
REQUEST	injecteur 10	5		request_10	1461840735236	1461840735297	OK	 
REQUEST	injecteur 6	8		request_6	1461840735239	1461840735300	OK	 
REQUEST	injecteur 4	1		request_4	1461840735267	1461840735307	OK	 
REQUEST	injecteur 9	6		request_9	1461840735289	1461840735313	OK	 
REQUEST	injecteur 1	7		request_1	1461840735266	1461840735321	OK	 
REQUEST	injecteur 2	9		request_2	1461840735286	1461840735327	OK	 
REQUEST	injecteur 3	3		request_3	1461840735277	1461840735332	OK	 
REQUEST	injecteur 5	10		request_5	1461840735293	1461840735337	OK	 
REQUEST	injecteur 7	2		request_7	1461840735290	1461840735341	KO	status.find.is(200), but actually found 400
REQUEST	injecteur 5	10		request_5	1461840735338	1461840735347	OK	 
REQUEST	injecteur 10	5		request_10	1461840735306	1461840735352	OK	 
REQUEST	injecteur 8	4		request_8	1461840735290	1461840735355	OK	 
REQUEST	injecteur 4	1		request_4	1461840735309	1461840735356	OK	 
REQUEST	injecteur 9	6		request_9	1461840735318	1461840735357	OK	 
REQUEST	injecteur 1	7		request_1	1461840735323	1461840735367	OK	 
REQUEST	injecteur 2	9		request_2	1461840735329	1461840735373	OK	 
REQUEST	injecteur 5	10		request_5	1461840735348	1461840735379	OK	 
REQUEST	injecteur 6	8		request_6	1461840735318	1461840735378	OK	 
REQUEST	injecteur 9	6		request_9	1461840735358	1461840735386	OK	 
REQUEST	injecteur 3	3		request_3	1461840735337	1461840735396	OK	 
REQUEST	injecteur 10	5		request_10	1461840735353	1461840735402	OK	 
REQUEST	injecteur 7	2		request_7	1461840735343	1461840735403	KO	status.find.is(200), but actually found 400
REQUEST	injecteur 5	10		request_5	1461840735380	1461840735409	OK	 
REQUEST	injecteur 4	1		request_4	1461840735357	1461840735408	OK	 
REQUEST	injecteur 9	6		request_9	1461840735387	1461840735413	OK	 
REQUEST	injecteur 8	4		request_8	1461840735356	1461840735422	OK	 
REQUEST	injecteur 1	7		request_1	1461840735370	1461840735425	OK	 
REQUEST	injecteur 2	9		request_2	1461840735374	1461840735430	OK	 
REQUEST	injecteur 5	10		request_5	1461840735409	1461840735439	OK	 
REQUEST	injecteur 3	3		request_3	1461840735401	1461840735440	OK	 
REQUEST	injecteur 6	8		request_6	1461840735381	1461840735439	OK	 
REQUEST	injecteur 9	6		request_9	1461840735414	1461840735444	OK	 
REQUEST	injecteur 9	6		request_9	1461840735445	1461840735465	OK	 
REQUEST	injecteur 7	2		request_7	1461840735404	1461840735464	KO	status.find.is(200), but actually found 400
REQUEST	injecteur 8	4		request_8	1461840735423	1461840735470	OK	 
REQUEST	injecteur 5	10		request_5	1461840735440	1461840735470	OK	 
REQUEST	injecteur 3	3		request_3	1461840735441	1461840735476	OK	 
REQUEST	injecteur 1	7		request_1	1461840735428	1461840735479	OK	 
REQUEST	injecteur 4	1		request_4	1461840735411	1461840735484	OK	 
REQUEST	injecteur 2	9		request_2	1461840735436	1461840735488	OK	 
REQUEST	injecteur 8	4		request_8	1461840735471	1461840735489	OK	 
REQUEST	injecteur 9	6		request_9	1461840735466	1461840735493	OK	 
REQUEST	injecteur 10	5		request_10	1461840735406	1461840735493	OK	 
REQUEST	injecteur 5	10		request_5	1461840735471	1461840735495	OK	 
REQUEST	injecteur 8	4		request_8	1461840735490	1461840735496	OK	 
REQUEST	injecteur 3	3		request_3	1461840735477	1461840735504	OK	 
REQUEST	injecteur 1	7		request_1	1461840735480	1461840735512	OK	 
REQUEST	injecteur 4	1		request_4	1461840735486	1461840735517	OK	 
REQUEST	injecteur 6	8		request_6	1461840735448	1461840735521	OK	 
REQUEST	injecteur 8	4		request_8	1461840735497	1461840735523	OK	 
REQUEST	injecteur 7	2		request_7	1461840735469	1461840735497	KO	status.find.is(200), but actually found 400
REQUEST	injecteur 2	9		request_2	1461840735491	1461840735530	OK	 
REQUEST	injecteur 9	6		request_9	1461840735494	1461840735532	OK	 
REQUEST	injecteur 10	5		request_10	1461840735499	1461840735538	OK	 
REQUEST	injecteur 3	3		request_3	1461840735505	1461840735544	OK	 
REQUEST	injecteur 4	1		request_4	1461840735518	1461840735548	OK	 
REQUEST	injecteur 1	7		request_1	1461840735514	1461840735554	OK	 
REQUEST	injecteur 8	4		request_8	1461840735524	1461840735555	OK	 
REQUEST	injecteur 6	8		request_6	1461840735522	1461840735563	OK	 
REQUEST	injecteur 5	10		request_5	1461840735496	1461840735566	OK	 
REQUEST	injecteur 2	9		request_2	1461840735532	1461840735577	OK	 
REQUEST	injecteur 9	6		request_9	1461840735536	1461840735586	OK	 
REQUEST	injecteur 10	5		request_10	1461840735539	1461840735587	OK	 
REQUEST	injecteur 8	4		request_8	1461840735556	1461840735596	OK	 
REQUEST	injecteur 7	2		request_7	1461840735528	1461840735595	KO	status.find.is(200), but actually found 400
REQUEST	injecteur 3	3		request_3	1461840735546	1461840735604	OK	 
REQUEST	injecteur 10	5		request_10	1461840735588	1461840735606	OK	 
REQUEST	injecteur 4	1		request_4	1461840735550	1461840735609	OK	 
REQUEST	injecteur 1	7		request_1	1461840735555	1461840735612	OK	 
REQUEST	injecteur 6	8		request_6	1461840735566	1461840735624	OK	 
REQUEST	injecteur 5	10		request_5	1461840735567	1461840735629	OK	 
REQUEST	injecteur 2	9		request_2	1461840735578	1461840735638	OK	 
REQUEST	injecteur 3	3		request_3	1461840735605	1461840735651	OK	 
REQUEST	injecteur 8	4		request_8	1461840735597	1461840735656	OK	 
REQUEST	injecteur 9	6		request_9	1461840735587	1461840735658	OK	 
REQUEST	injecteur 6	8		request_6	1461840735625	1461840735660	OK	 
REQUEST	injecteur 10	5		request_10	1461840735607	1461840735665	OK	 
REQUEST	injecteur 1	7		request_1	1461840735613	1461840735671	OK	 
REQUEST	injecteur 4	1		request_4	1461840735611	1461840735671	OK	 
REQUEST	injecteur 3	3		request_3	1461840735652	1461840735677	OK	 
REQUEST	injecteur 2	9		request_2	1461840735639	1461840735689	OK	 
REQUEST	injecteur 8	4		request_8	1461840735657	1461840735694	OK	 
REQUEST	injecteur 7	2		request_7	1461840735608	1461840735677	KO	status.find.is(200), but actually found 400
REQUEST	injecteur 6	8		request_6	1461840735661	1461840735711	OK	 
REQUEST	injecteur 9	6		request_9	1461840735659	1461840735716	OK	 
REQUEST	injecteur 10	5		request_10	1461840735668	1461840735718	OK	 
REQUEST	injecteur 3	3		request_3	1461840735678	1461840735722	OK	 
REQUEST	injecteur 5	10		request_5	1461840735637	1461840735722	OK	 
REQUEST	injecteur 6	8		request_6	1461840735712	1461840735727	OK	 
REQUEST	injecteur 4	1		request_4	1461840735673	1461840735730	OK	 
REQUEST	injecteur 1	7		request_1	1461840735673	1461840735736	OK	 
REQUEST	injecteur 2	9		request_2	1461840735692	1461840735738	OK	 
REQUEST	injecteur 8	4		request_8	1461840735695	1461840735746	OK	 
REQUEST	injecteur 3	3		request_3	1461840735723	1461840735749	OK	 
REQUEST	injecteur 4	1		request_4	1461840735732	1461840735750	OK	 
REQUEST	injecteur 10	5		request_10	1461840735719	1461840735753	OK	 
REQUEST	injecteur 9	6		request_9	1461840735720	1461840735758	OK	 
REQUEST	injecteur 7	2		request_7	1461840735699	1461840735756	KO	status.find.is(200), but actually found 400
REQUEST	injecteur 5	10		request_5	1461840735725	1461840735762	OK	 
REQUEST	injecteur 6	8		request_6	1461840735728	1461840735764	OK	 
REQUEST	injecteur 1	7		request_1	1461840735737	1461840735766	OK	 
REQUEST	injecteur 2	9		request_2	1461840735739	1461840735769	OK	 
REQUEST	injecteur 8	4		request_8	1461840735747	1461840735774	OK	 
REQUEST	injecteur 3	3		request_3	1461840735749	1461840735776	OK	 
REQUEST	injecteur 4	1		request_4	1461840735751	1461840735778	OK	 
REQUEST	injecteur 10	5		request_10	1461840735754	1461840735781	OK	 
REQUEST	injecteur 9	6		request_9	1461840735759	1461840735786	OK	 
REQUEST	injecteur 5	10		request_5	1461840735762	1461840735789	OK	 
REQUEST	injecteur 6	8		request_6	1461840735765	1461840735791	OK	 
REQUEST	injecteur 1	7		request_1	1461840735767	1461840735795	OK	 
REQUEST	injecteur 2	9		request_2	1461840735770	1461840735797	OK	 
REQUEST	injecteur 7	2		request_7	1461840735760	1461840735794	KO	status.find.is(200), but actually found 400
REQUEST	injecteur 8	4		request_8	1461840735775	1461840735800	OK	 
REQUEST	injecteur 4	1		request_4	1461840735779	1461840735805	OK	 
REQUEST	injecteur 10	5		request_10	1461840735782	1461840735810	OK	 
REQUEST	injecteur 3	3		request_3	1461840735780	1461840735817	OK	 
REQUEST	injecteur 8	4		request_8	1461840735801	1461840735819	OK	 
REQUEST	injecteur 6	8		request_6	1461840735792	1461840735827	OK	 
REQUEST	injecteur 1	7		request_1	1461840735796	1461840735828	OK	 
REQUEST	injecteur 2	9		request_2	1461840735798	1461840735831	OK	 
REQUEST	injecteur 9	6		request_9	1461840735787	1461840735834	OK	 
REQUEST	injecteur 8	4		request_8	1461840735820	1461840735834	OK	 
REQUEST	injecteur 4	1		request_4	1461840735806	1461840735834	OK	 
REQUEST	injecteur 5	10		request_5	1461840735790	1461840735836	OK	 
REQUEST	injecteur 10	5		request_10	1461840735812	1461840735839	OK	 
REQUEST	injecteur 3	3		request_3	1461840735818	1461840735846	OK	 
REQUEST	injecteur 2	9		request_2	1461840735832	1461840735851	OK	 
REQUEST	injecteur 6	8		request_6	1461840735828	1461840735853	OK	 
REQUEST	injecteur 8	4		request_8	1461840735835	1461840735854	OK	 
REQUEST	injecteur 1	7		request_1	1461840735828	1461840735856	OK	 
REQUEST	injecteur 4	1		request_4	1461840735836	1461840735861	OK	 
REQUEST	injecteur 8	4		request_8	1461840735855	1461840735866	OK	 
REQUEST	injecteur 7	2		request_7	1461840735799	1461840735839	KO	status.find.is(200), but actually found 400
REQUEST	injecteur 10	5		request_10	1461840735840	1461840735872	OK	 
REQUEST	injecteur 5	10		request_5	1461840735837	1461840735874	OK	 
REQUEST	injecteur 2	9		request_2	1461840735851	1461840735876	OK	 
REQUEST	injecteur 9	6		request_9	1461840735835	1461840735877	OK	 
REQUEST	injecteur 3	3		request_3	1461840735848	1461840735883	OK	 
REQUEST	injecteur 8	4		request_8	1461840735867	1461840735892	OK	 
REQUEST	injecteur 1	7		request_1	1461840735860	1461840735894	OK	 
REQUEST	injecteur 6	8		request_6	1461840735854	1461840735894	OK	 
REQUEST	injecteur 4	1		request_4	1461840735864	1461840735909	OK	 
REQUEST	injecteur 10	5		request_10	1461840735874	1461840735911	OK	 
REQUEST	injecteur 5	10		request_5	1461840735875	1461840735913	OK	 
REQUEST	injecteur 9	6		request_9	1461840735877	1461840735915	OK	 
REQUEST	injecteur 3	3		request_3	1461840735885	1461840735916	OK	 
REQUEST	injecteur 2	9		request_2	1461840735877	1461840735923	OK	 
REQUEST	injecteur 3	3		request_3	1461840735917	1461840735925	OK	 
REQUEST	injecteur 8	4		request_8	1461840735893	1461840735928	OK	 
REQUEST	injecteur 6	8		request_6	1461840735909	1461840735929	OK	 
REQUEST	injecteur 4	1		request_4	1461840735909	1461840735933	OK	 
REQUEST	injecteur 7	2		request_7	1461840735873	1461840735920	KO	status.find.is(200), but actually found 400
REQUEST	injecteur 10	5		request_10	1461840735911	1461840735938	OK	 
REQUEST	injecteur 1	7		request_1	1461840735913	1461840735943	OK	 
REQUEST	injecteur 5	10		request_5	1461840735913	1461840735946	OK	 
REQUEST	injecteur 9	6		request_9	1461840735915	1461840735950	OK	 
REQUEST	injecteur 3	3		request_3	1461840735926	1461840735953	OK	 
REQUEST	injecteur 6	8		request_6	1461840735930	1461840735954	OK	 
REQUEST	injecteur 4	1		request_4	1461840735935	1461840735956	OK	 
REQUEST	injecteur 2	9		request_2	1461840735924	1461840735958	OK	 
REQUEST	injecteur 8	4		request_8	1461840735929	1461840735960	OK	 
REQUEST	injecteur 7	2		request_7	1461840735938	1461840735973	KO	status.find.is(200), but actually found 400
REQUEST	injecteur 8	4		request_8	1461840735961	1461840735976	OK	 
REQUEST	injecteur 5	10		request_5	1461840735947	1461840735979	OK	 
REQUEST	injecteur 9	6		request_9	1461840735952	1461840735982	OK	 
REQUEST	injecteur 10	5		request_10	1461840735940	1461840735986	OK	 
REQUEST	injecteur 4	1		request_4	1461840735957	1461840735987	OK	 
REQUEST	injecteur 2	9		request_2	1461840735959	1461840735989	OK	 
REQUEST	injecteur 1	7		request_1	1461840735944	1461840735991	OK	 
REQUEST	injecteur 6	8		request_6	1461840735955	1461840735993	OK	 
REQUEST	injecteur 3	3		request_3	1461840735964	1461840735995	OK	 
REQUEST	injecteur 8	4		request_8	1461840735976	1461840735997	OK	 
REQUEST	injecteur 10	5		request_10	1461840735987	1461840736009	OK	 
REQUEST	injecteur 4	1		request_4	1461840735987	1461840736014	OK	 
REQUEST	injecteur 5	10		request_5	1461840735980	1461840736022	OK	 
REQUEST	injecteur 1	7		request_1	1461840735992	1461840736022	OK	 
REQUEST	injecteur 2	9		request_2	1461840735989	1461840736022	OK	 
REQUEST	injecteur 9	6		request_9	1461840735983	1461840736024	OK	 
REQUEST	injecteur 6	8		request_6	1461840735994	1461840736027	OK	 
REQUEST	injecteur 3	3		request_3	1461840735996	1461840736032	OK	 
REQUEST	injecteur 7	2		request_7	1461840735976	1461840736024	KO	status.find.is(200), but actually found 400
REQUEST	injecteur 10	5		request_10	1461840736011	1461840736039	OK	 
REQUEST	injecteur 1	7		request_1	1461840736022	1461840736045	OK	 
REQUEST	injecteur 6	8		request_6	1461840736028	1461840736048	OK	 
REQUEST	injecteur 3	3		request_3	1461840736033	1461840736051	OK	 
REQUEST	injecteur 4	1		request_4	1461840736016	1461840736052	OK	 
REQUEST	injecteur 8	4		request_8	1461840735998	1461840736055	OK	 
REQUEST	injecteur 5	10		request_5	1461840736022	1461840736056	OK	 
REQUEST	injecteur 2	9		request_2	1461840736023	1461840736061	OK	 
REQUEST	injecteur 9	6		request_9	1461840736025	1461840736068	OK	 
REQUEST	injecteur 7	2		request_7	1461840736035	1461840736072	KO	status.find.is(200), but actually found 400
REQUEST	injecteur 9	6		request_9	1461840736068	1461840736080	OK	 
REQUEST	injecteur 5	10		request_5	1461840736057	1461840736077	OK	 
REQUEST	injecteur 10	5		request_10	1461840736040	1461840736086	OK	 
REQUEST	injecteur 1	7		request_1	1461840736046	1461840736089	OK	 
REQUEST	injecteur 4	1		request_4	1461840736053	1461840736096	OK	 
REQUEST	injecteur 3	3		request_3	1461840736052	1461840736099	OK	 
REQUEST	injecteur 6	8		request_6	1461840736049	1461840736097	OK	 
REQUEST	injecteur 2	9		request_2	1461840736063	1461840736101	OK	 
REQUEST	injecteur 8	4		request_8	1461840736056	1461840736103	OK	 
REQUEST	injecteur 9	6		request_9	1461840736080	1461840736103	OK	 
REQUEST	injecteur 5	10		request_5	1461840736084	1461840736110	OK	 
REQUEST	injecteur 10	5		request_10	1461840736086	1461840736116	OK	 
REQUEST	injecteur 1	7		request_1	1461840736094	1461840736121	OK	 
REQUEST	injecteur 7	2		request_7	1461840736074	1461840736118	KO	status.find.is(200), but actually found 400
REQUEST	injecteur 5	10		request_5	1461840736111	1461840736126	OK	 
REQUEST	injecteur 4	1		request_4	1461840736099	1461840736130	OK	 
REQUEST	injecteur 3	3		request_3	1461840736100	1461840736134	OK	 
REQUEST	injecteur 2	9		request_2	1461840736102	1461840736136	OK	 
REQUEST	injecteur 8	4		request_8	1461840736104	1461840736137	OK	 
REQUEST	injecteur 9	6		request_9	1461840736104	1461840736138	OK	 
REQUEST	injecteur 6	8		request_6	1461840736101	1461840736145	OK	 
REQUEST	injecteur 9	6		request_9	1461840736139	1461840736151	OK	 
REQUEST	injecteur 1	7		request_1	1461840736121	1461840736156	OK	 
REQUEST	injecteur 10	5		request_10	1461840736119	1461840736162	OK	 
REQUEST	injecteur 5	10		request_5	1461840736127	1461840736164	OK	 
REQUEST	injecteur 4	1		request_4	1461840736132	1461840736166	OK	 
REQUEST	injecteur 3	3		request_3	1461840736134	1461840736168	OK	 
REQUEST	injecteur 8	4		request_8	1461840736138	1461840736170	OK	 
REQUEST	injecteur 7	2		request_7	1461840736125	1461840736170	KO	status.find.is(200), but actually found 400
REQUEST	injecteur 9	6		request_9	1461840736152	1461840736172	OK	 
REQUEST	injecteur 2	9		request_2	1461840736145	1461840736174	OK	 
REQUEST	injecteur 6	8		request_6	1461840736146	1461840736176	OK	 
REQUEST	injecteur 1	7		request_1	1461840736157	1461840736177	OK	 
REQUEST	injecteur 10	5		request_10	1461840736163	1461840736179	OK	 
REQUEST	injecteur 5	10		request_5	1461840736165	1461840736181	OK	 
REQUEST	injecteur 4	1		request_4	1461840736167	1461840736185	OK	 
REQUEST	injecteur 3	3		request_3	1461840736169	1461840736185	OK	 
REQUEST	injecteur 8	4		request_8	1461840736170	1461840736190	OK	 
REQUEST	injecteur 9	6		request_9	1461840736173	1461840736193	OK	 
REQUEST	injecteur 2	9		request_2	1461840736175	1461840736196	OK	 
REQUEST	injecteur 6	8		request_6	1461840736177	1461840736198	OK	 
REQUEST	injecteur 1	7		request_1	1461840736178	1461840736201	OK	 
REQUEST	injecteur 10	5		request_10	1461840736180	1461840736203	OK	 
REQUEST	injecteur 7	2		request_7	1461840736172	1461840736204	KO	status.find.is(200), but actually found 400
REQUEST	injecteur 5	10		request_5	1461840736184	1461840736208	OK	 
REQUEST	injecteur 4	1		request_4	1461840736185	1461840736212	OK	 
REQUEST	injecteur 3	3		request_3	1461840736186	1461840736214	OK	 
REQUEST	injecteur 8	4		request_8	1461840736192	1461840736216	OK	 
REQUEST	injecteur 9	6		request_9	1461840736194	1461840736219	OK	 
REQUEST	injecteur 2	9		request_2	1461840736197	1461840736223	OK	 
REQUEST	injecteur 6	8		request_6	1461840736199	1461840736225	OK	 
REQUEST	injecteur 1	7		request_1	1461840736202	1461840736228	OK	 
REQUEST	injecteur 5	10		request_5	1461840736209	1461840736232	OK	 
REQUEST	injecteur 10	5		request_10	1461840736204	1461840736236	OK	 
REQUEST	injecteur 4	1		request_4	1461840736213	1461840736239	OK	 
REQUEST	injecteur 3	3		request_3	1461840736215	1461840736241	OK	 
REQUEST	injecteur 8	4		request_8	1461840736217	1461840736243	OK	 
REQUEST	injecteur 9	6		request_9	1461840736219	1461840736245	OK	 
REQUEST	injecteur 2	9		request_2	1461840736224	1461840736247	OK	 
REQUEST	injecteur 6	8		request_6	1461840736225	1461840736249	OK	 
REQUEST	injecteur 7	2		request_7	1461840736206	1461840736250	KO	status.find.is(200), but actually found 400
REQUEST	injecteur 5	10		request_5	1461840736232	1461840736254	OK	 
REQUEST	injecteur 1	7		request_1	1461840736228	1461840736256	OK	 
REQUEST	injecteur 10	5		request_10	1461840736237	1461840736258	OK	 
REQUEST	injecteur 4	1		request_4	1461840736240	1461840736260	OK	 
REQUEST	injecteur 3	3		request_3	1461840736242	1461840736262	OK	 
REQUEST	injecteur 8	4		request_8	1461840736243	1461840736263	OK	 
REQUEST	injecteur 9	6		request_9	1461840736246	1461840736265	OK	 
REQUEST	injecteur 2	9		request_2	1461840736248	1461840736267	OK	 
REQUEST	injecteur 6	8		request_6	1461840736250	1461840736270	OK	 
REQUEST	injecteur 5	10		request_5	1461840736255	1461840736272	OK	 
REQUEST	injecteur 1	7		request_1	1461840736257	1461840736274	OK	 
REQUEST	injecteur 10	5		request_10	1461840736258	1461840736276	OK	 
REQUEST	injecteur 4	1		request_4	1461840736261	1461840736277	OK	 
REQUEST	injecteur 3	3		request_3	1461840736262	1461840736279	OK	 
REQUEST	injecteur 8	4		request_8	1461840736264	1461840736281	OK	 
REQUEST	injecteur 9	6		request_9	1461840736266	1461840736283	OK	 
REQUEST	injecteur 7	2		request_7	1461840736251	1461840736284	KO	status.find.is(200), but actually found 400
REQUEST	injecteur 2	9		request_2	1461840736268	1461840736286	OK	 
REQUEST	injecteur 6	8		request_6	1461840736271	1461840736289	OK	 
REQUEST	injecteur 5	10		request_5	1461840736273	1461840736290	OK	 
REQUEST	injecteur 1	7		request_1	1461840736274	1461840736292	OK	 
REQUEST	injecteur 10	5		request_10	1461840736276	1461840736295	OK	 
REQUEST	injecteur 4	1		request_4	1461840736278	1461840736297	OK	 
REQUEST	injecteur 3	3		request_3	1461840736280	1461840736299	OK	 
REQUEST	injecteur 8	4		request_8	1461840736281	1461840736302	OK	 
REQUEST	injecteur 9	6		request_9	1461840736284	1461840736306	OK	 
REQUEST	injecteur 2	9		request_2	1461840736287	1461840736310	OK	 
REQUEST	injecteur 6	8		request_6	1461840736289	1461840736312	OK	 
REQUEST	injecteur 5	10		request_5	1461840736291	1461840736313	OK	 
REQUEST	injecteur 1	7		request_1	1461840736293	1461840736315	OK	 
REQUEST	injecteur 10	5		request_10	1461840736295	1461840736318	OK	 
REQUEST	injecteur 4	1		request_4	1461840736297	1461840736319	OK	 
REQUEST	injecteur 7	2		request_7	1461840736285	1461840736319	KO	status.find.is(200), but actually found 400
REQUEST	injecteur 3	3		request_3	1461840736300	1461840736321	OK	 
REQUEST	injecteur 8	4		request_8	1461840736303	1461840736323	OK	 
REQUEST	injecteur 9	6		request_9	1461840736307	1461840736324	OK	 
REQUEST	injecteur 2	9		request_2	1461840736310	1461840736326	OK	 
REQUEST	injecteur 6	8		request_6	1461840736312	1461840736327	OK	 
REQUEST	injecteur 5	10		request_5	1461840736314	1461840736329	OK	 
REQUEST	injecteur 1	7		request_1	1461840736316	1461840736330	OK	 
REQUEST	injecteur 10	5		request_10	1461840736318	1461840736333	OK	 
REQUEST	injecteur 4	1		request_4	1461840736320	1461840736335	OK	 
REQUEST	injecteur 3	3		request_3	1461840736322	1461840736337	OK	 
REQUEST	injecteur 8	4		request_8	1461840736323	1461840736339	OK	 
REQUEST	injecteur 9	6		request_9	1461840736325	1461840736341	OK	 
REQUEST	injecteur 2	9		request_2	1461840736326	1461840736342	OK	 
REQUEST	injecteur 6	8		request_6	1461840736328	1461840736344	OK	 
REQUEST	injecteur 5	10		request_5	1461840736329	1461840736345	OK	 
REQUEST	injecteur 7	2		request_7	1461840736320	1461840736347	KO	status.find.is(200), but actually found 400
REQUEST	injecteur 1	7		request_1	1461840736331	1461840736350	OK	 
REQUEST	injecteur 10	5		request_10	1461840736334	1461840736353	OK	 
REQUEST	injecteur 4	1		request_4	1461840736335	1461840736355	OK	 
REQUEST	injecteur 3	3		request_3	1461840736338	1461840736357	OK	 
REQUEST	injecteur 8	4		request_8	1461840736339	1461840736359	OK	 
REQUEST	injecteur 9	6		request_9	1461840736341	1461840736361	OK	 
REQUEST	injecteur 2	9		request_2	1461840736343	1461840736364	OK	 
REQUEST	injecteur 6	8		request_6	1461840736344	1461840736368	OK	 
REQUEST	injecteur 1	7		request_1	1461840736351	1461840736374	OK	 
REQUEST	injecteur 10	5		request_10	1461840736354	1461840736376	OK	 
REQUEST	injecteur 5	10		request_5	1461840736346	1461840736376	OK	 
REQUEST	injecteur 4	1		request_4	1461840736356	1461840736379	OK	 
REQUEST	injecteur 3	3		request_3	1461840736358	1461840736380	OK	 
REQUEST	injecteur 8	4		request_8	1461840736360	1461840736382	OK	 
REQUEST	injecteur 9	6		request_9	1461840736362	1461840736384	OK	 
REQUEST	injecteur 7	2		request_7	1461840736348	1461840736385	KO	status.find.is(200), but actually found 400
REQUEST	injecteur 2	9		request_2	1461840736365	1461840736387	OK	 
REQUEST	injecteur 6	8		request_6	1461840736369	1461840736389	OK	 
REQUEST	injecteur 1	7		request_1	1461840736375	1461840736392	OK	 
REQUEST	injecteur 5	10		request_5	1461840736377	1461840736394	OK	 
REQUEST	injecteur 10	5		request_10	1461840736378	1461840736395	OK	 
REQUEST	injecteur 4	1		request_4	1461840736379	1461840736397	OK	 
REQUEST	injecteur 3	3		request_3	1461840736381	1461840736399	OK	 
REQUEST	injecteur 8	4		request_8	1461840736383	1461840736400	OK	 
REQUEST	injecteur 9	6		request_9	1461840736385	1461840736411	OK	 
REQUEST	injecteur 2	9		request_2	1461840736388	1461840736413	OK	 
REQUEST	injecteur 6	8		request_6	1461840736390	1461840736415	OK	 
REQUEST	injecteur 1	7		request_1	1461840736393	1461840736419	OK	 
REQUEST	injecteur 5	10		request_5	1461840736394	1461840736421	OK	 
REQUEST	injecteur 10	5		request_10	1461840736396	1461840736422	OK	 
REQUEST	injecteur 4	1		request_4	1461840736398	1461840736424	OK	 
REQUEST	injecteur 3	3		request_3	1461840736400	1461840736426	OK	 
REQUEST	injecteur 7	2		request_7	1461840736386	1461840736427	KO	status.find.is(200), but actually found 400
REQUEST	injecteur 8	4		request_8	1461840736401	1461840736430	OK	 
REQUEST	injecteur 9	6		request_9	1461840736412	1461840736432	OK	 
REQUEST	injecteur 2	9		request_2	1461840736414	1461840736439	OK	 
REQUEST	injecteur 6	8		request_6	1461840736416	1461840736441	OK	 
REQUEST	injecteur 1	7		request_1	1461840736420	1461840736443	OK	 
REQUEST	injecteur 5	10		request_5	1461840736421	1461840736446	OK	 
REQUEST	injecteur 10	5		request_10	1461840736423	1461840736447	OK	 
REQUEST	injecteur 4	1		request_4	1461840736425	1461840736449	OK	 
REQUEST	injecteur 3	3		request_3	1461840736427	1461840736453	OK	 
REQUEST	injecteur 8	4		request_8	1461840736431	1461840736458	OK	 
REQUEST	injecteur 9	6		request_9	1461840736433	1461840736467	OK	 
REQUEST	injecteur 2	9		request_2	1461840736440	1461840736468	OK	 
REQUEST	injecteur 6	8		request_6	1461840736442	1461840736470	OK	 
REQUEST	injecteur 1	7		request_1	1461840736444	1461840736471	OK	 
REQUEST	injecteur 5	10		request_5	1461840736446	1461840736473	OK	 
REQUEST	injecteur 10	5		request_10	1461840736448	1461840736475	OK	 
REQUEST	injecteur 7	2		request_7	1461840736429	1461840736476	KO	status.find.is(200), but actually found 400
REQUEST	injecteur 4	1		request_4	1461840736450	1461840736478	OK	 
REQUEST	injecteur 3	3		request_3	1461840736454	1461840736479	OK	 
REQUEST	injecteur 8	4		request_8	1461840736459	1461840736480	OK	 
REQUEST	injecteur 9	6		request_9	1461840736467	1461840736482	OK	 
REQUEST	injecteur 2	9		request_2	1461840736469	1461840736484	OK	 
REQUEST	injecteur 6	8		request_6	1461840736471	1461840736485	OK	 
REQUEST	injecteur 1	7		request_1	1461840736472	1461840736488	OK	 
REQUEST	injecteur 5	10		request_5	1461840736474	1461840736489	OK	 
REQUEST	injecteur 10	5		request_10	1461840736476	1461840736493	OK	 
REQUEST	injecteur 4	1		request_4	1461840736478	1461840736495	OK	 
REQUEST	injecteur 3	3		request_3	1461840736479	1461840736497	OK	 
REQUEST	injecteur 8	4		request_8	1461840736481	1461840736498	OK	 
REQUEST	injecteur 9	6		request_9	1461840736483	1461840736501	OK	 
REQUEST	injecteur 2	9		request_2	1461840736484	1461840736506	OK	 
REQUEST	injecteur 6	8		request_6	1461840736486	1461840736508	OK	 
REQUEST	injecteur 1	7		request_1	1461840736488	1461840736509	OK	 
REQUEST	injecteur 7	2		request_7	1461840736477	1461840736507	KO	status.find.is(200), but actually found 400
REQUEST	injecteur 5	10		request_5	1461840736490	1461840736512	OK	 
REQUEST	injecteur 10	5		request_10	1461840736494	1461840736513	OK	 
REQUEST	injecteur 4	1		request_4	1461840736496	1461840736516	OK	 
REQUEST	injecteur 3	3		request_3	1461840736497	1461840736518	OK	 
REQUEST	injecteur 8	4		request_8	1461840736499	1461840736522	OK	 
REQUEST	injecteur 9	6		request_9	1461840736503	1461840736524	OK	 
REQUEST	injecteur 2	9		request_2	1461840736507	1461840736527	OK	 
REQUEST	injecteur 6	8		request_6	1461840736509	1461840736529	OK	 
REQUEST	injecteur 1	7		request_1	1461840736510	1461840736531	OK	 
REQUEST	injecteur 5	10		request_5	1461840736512	1461840736534	OK	 
REQUEST	injecteur 10	5		request_10	1461840736513	1461840736536	OK	 
REQUEST	injecteur 4	1		request_4	1461840736517	1461840736537	OK	 
REQUEST	injecteur 3	3		request_3	1461840736519	1461840736539	OK	 
REQUEST	injecteur 8	4		request_8	1461840736523	1461840736540	OK	 
REQUEST	injecteur 7	2		request_7	1461840736510	1461840736541	KO	status.find.is(200), but actually found 400
REQUEST	injecteur 9	6		request_9	1461840736525	1461840736543	OK	 
REQUEST	injecteur 2	9		request_2	1461840736528	1461840736545	OK	 
REQUEST	injecteur 6	8		request_6	1461840736529	1461840736546	OK	 
REQUEST	injecteur 1	7		request_1	1461840736531	1461840736548	OK	 
REQUEST	injecteur 5	10		request_5	1461840736535	1461840736550	OK	 
REQUEST	injecteur 10	5		request_10	1461840736536	1461840736551	OK	 
REQUEST	injecteur 4	1		request_4	1461840736538	1461840736553	OK	 
REQUEST	injecteur 3	3		request_3	1461840736539	1461840736554	OK	 
REQUEST	injecteur 8	4		request_8	1461840736541	1461840736557	OK	 
REQUEST	injecteur 9	6		request_9	1461840736543	1461840736560	OK	 
REQUEST	injecteur 2	9		request_2	1461840736545	1461840736562	OK	 
REQUEST	injecteur 6	8		request_6	1461840736547	1461840736565	OK	 
REQUEST	injecteur 1	7		request_1	1461840736549	1461840736566	OK	 
REQUEST	injecteur 5	10		request_5	1461840736550	1461840736569	OK	 
REQUEST	injecteur 10	5		request_10	1461840736552	1461840736571	OK	 
REQUEST	injecteur 4	1		request_4	1461840736553	1461840736573	OK	 
REQUEST	injecteur 3	3		request_3	1461840736555	1461840736575	OK	 
REQUEST	injecteur 7	2		request_7	1461840736542	1461840736574	KO	status.find.is(200), but actually found 400
REQUEST	injecteur 8	4		request_8	1461840736558	1461840736577	OK	 
REQUEST	injecteur 9	6		request_9	1461840736561	1461840736579	OK	 
REQUEST	injecteur 2	9		request_2	1461840736563	1461840736581	OK	 
REQUEST	injecteur 1	7		request_1	1461840736567	1461840736583	OK	 
REQUEST	injecteur 6	8		request_6	1461840736565	1461840736585	OK	 
REQUEST	injecteur 5	10		request_5	1461840736570	1461840736587	OK	 
REQUEST	injecteur 10	5		request_10	1461840736571	1461840736590	OK	 
REQUEST	injecteur 4	1		request_4	1461840736573	1461840736592	OK	 
REQUEST	injecteur 3	3		request_3	1461840736576	1461840736594	OK	 
REQUEST	injecteur 8	4		request_8	1461840736578	1461840736596	OK	 
REQUEST	injecteur 9	6		request_9	1461840736579	1461840736597	OK	 
REQUEST	injecteur 2	9		request_2	1461840736581	1461840736599	OK	 
REQUEST	injecteur 1	7		request_1	1461840736584	1461840736601	OK	 
REQUEST	injecteur 6	8		request_6	1461840736586	1461840736603	OK	 
REQUEST	injecteur 7	2		request_7	1461840736576	1461840736603	KO	status.find.is(200), but actually found 400
REQUEST	injecteur 5	10		request_5	1461840736588	1461840736605	OK	 
REQUEST	injecteur 10	5		request_10	1461840736591	1461840736606	OK	 
REQUEST	injecteur 4	1		request_4	1461840736592	1461840736608	OK	 
REQUEST	injecteur 3	3		request_3	1461840736594	1461840736611	OK	 
REQUEST	injecteur 8	4		request_8	1461840736597	1461840736612	OK	 
REQUEST	injecteur 9	6		request_9	1461840736598	1461840736614	OK	 
REQUEST	injecteur 2	9		request_2	1461840736600	1461840736616	OK	 
REQUEST	injecteur 1	7		request_1	1461840736602	1461840736619	OK	 
REQUEST	injecteur 6	8		request_6	1461840736603	1461840736620	OK	 
REQUEST	injecteur 5	10		request_5	1461840736605	1461840736623	OK	 
REQUEST	injecteur 10	5		request_10	1461840736607	1461840736624	OK	 
REQUEST	injecteur 4	1		request_4	1461840736609	1461840736626	OK	 
REQUEST	injecteur 3	3		request_3	1461840736611	1461840736627	OK	 
REQUEST	injecteur 8	4		request_8	1461840736613	1461840736629	OK	 
REQUEST	injecteur 9	6		request_9	1461840736615	1461840736630	OK	 
REQUEST	injecteur 7	2		request_7	1461840736604	1461840736630	KO	status.find.is(200), but actually found 400
REQUEST	injecteur 2	9		request_2	1461840736617	1461840736632	OK	 
REQUEST	injecteur 1	7		request_1	1461840736619	1461840736634	OK	 
REQUEST	injecteur 6	8		request_6	1461840736621	1461840736637	OK	 
REQUEST	injecteur 5	10		request_5	1461840736623	1461840736639	OK	 
REQUEST	injecteur 10	5		request_10	1461840736625	1461840736641	OK	 
REQUEST	injecteur 4	1		request_4	1461840736626	1461840736643	OK	 
REQUEST	injecteur 3	3		request_3	1461840736628	1461840736645	OK	 
REQUEST	injecteur 8	4		request_8	1461840736629	1461840736646	OK	 
REQUEST	injecteur 9	6		request_9	1461840736630	1461840736649	OK	 
REQUEST	injecteur 2	9		request_2	1461840736633	1461840736653	OK	 
REQUEST	injecteur 1	7		request_1	1461840736635	1461840736654	OK	 
REQUEST	injecteur 6	8		request_6	1461840736637	1461840736656	OK	 
REQUEST	injecteur 5	10		request_5	1461840736640	1461840736657	OK	 
REQUEST	injecteur 10	5		request_10	1461840736641	1461840736659	OK	 
REQUEST	injecteur 4	1		request_4	1461840736644	1461840736661	OK	 
REQUEST	injecteur 3	3		request_3	1461840736646	1461840736665	OK	 
REQUEST	injecteur 8	4		request_8	1461840736647	1461840736666	OK	 
REQUEST	injecteur 2	9		request_2	1461840736653	1461840736670	OK	 
REQUEST	injecteur 9	6		request_9	1461840736650	1461840736671	OK	 
REQUEST	injecteur 7	2		request_7	1461840736631	1461840736670	KO	status.find.is(200), but actually found 400
REQUEST	injecteur 1	7		request_1	1461840736654	1461840736674	OK	 
REQUEST	injecteur 6	8		request_6	1461840736656	1461840736676	OK	 
REQUEST	injecteur 5	10		request_5	1461840736658	1461840736677	OK	 
REQUEST	injecteur 10	5		request_10	1461840736660	1461840736679	OK	 
REQUEST	injecteur 4	1		request_4	1461840736662	1461840736682	OK	 
REQUEST	injecteur 3	3		request_3	1461840736665	1461840736685	OK	 
REQUEST	injecteur 8	4		request_8	1461840736666	1461840736686	OK	 
REQUEST	injecteur 9	6		request_9	1461840736671	1461840736688	OK	 
REQUEST	injecteur 2	9		request_2	1461840736671	1461840736690	OK	 
REQUEST	injecteur 1	7		request_1	1461840736675	1461840736693	OK	 
REQUEST	injecteur 6	8		request_6	1461840736676	1461840736694	OK	 
REQUEST	injecteur 7	2		request_7	1461840736672	1461840736695	KO	status.find.is(200), but actually found 400
REQUEST	injecteur 5	10		request_5	1461840736678	1461840736698	OK	 
REQUEST	injecteur 10	5		request_10	1461840736680	1461840736705	OK	 
REQUEST	injecteur 8	4		request_8	1461840736687	1461840736710	OK	 
REQUEST	injecteur 4	1		request_4	1461840736684	1461840736710	OK	 
REQUEST	injecteur 2	9		request_2	1461840736691	1461840736712	OK	 
REQUEST	injecteur 9	6		request_9	1461840736689	1461840736710	OK	 
REQUEST	injecteur 3	3		request_3	1461840736686	1461840736710	OK	 
REQUEST	injecteur 1	7		request_1	1461840736694	1461840736717	OK	 
REQUEST	injecteur 6	8		request_6	1461840736695	1461840736719	OK	 
REQUEST	injecteur 5	10		request_5	1461840736700	1461840736721	OK	 
REQUEST	injecteur 10	5		request_10	1461840736709	1461840736722	OK	 
REQUEST	injecteur 8	4		request_8	1461840736711	1461840736725	OK	 
REQUEST	injecteur 4	1		request_4	1461840736711	1461840736727	OK	 
REQUEST	injecteur 7	2		request_7	1461840736697	1461840736728	KO	status.find.is(200), but actually found 400
REQUEST	injecteur 2	9		request_2	1461840736712	1461840736729	OK	 
REQUEST	injecteur 9	6		request_9	1461840736714	1461840736732	OK	 
REQUEST	injecteur 3	3		request_3	1461840736715	1461840736734	OK	 
REQUEST	injecteur 1	7		request_1	1461840736718	1461840736736	OK	 
REQUEST	injecteur 6	8		request_6	1461840736719	1461840736738	OK	 
REQUEST	injecteur 5	10		request_5	1461840736722	1461840736739	OK	 
REQUEST	injecteur 10	5		request_10	1461840736723	1461840736741	OK	 
REQUEST	injecteur 8	4		request_8	1461840736726	1461840736743	OK	 
REQUEST	injecteur 4	1		request_4	1461840736728	1461840736746	OK	 
REQUEST	injecteur 2	9		request_2	1461840736730	1461840736749	OK	 
REQUEST	injecteur 9	6		request_9	1461840736732	1461840736751	OK	 
REQUEST	injecteur 3	3		request_3	1461840736735	1461840736753	OK	 
REQUEST	injecteur 1	7		request_1	1461840736736	1461840736756	OK	 
REQUEST	injecteur 6	8		request_6	1461840736738	1461840736757	OK	 
REQUEST	injecteur 5	10		request_5	1461840736740	1461840736759	OK	 
REQUEST	injecteur 10	5		request_10	1461840736742	1461840736762	OK	 
REQUEST	injecteur 7	2		request_7	1461840736729	1461840736763	KO	status.find.is(200), but actually found 400
REQUEST	injecteur 8	4		request_8	1461840736744	1461840736764	OK	 
REQUEST	injecteur 4	1		request_4	1461840736747	1461840736766	OK	 
REQUEST	injecteur 2	9		request_2	1461840736750	1461840736767	OK	 
REQUEST	injecteur 9	6		request_9	1461840736752	1461840736769	OK	 
REQUEST	injecteur 3	3		request_3	1461840736754	1461840736771	OK	 
REQUEST	injecteur 1	7		request_1	1461840736756	1461840736772	OK	 
REQUEST	injecteur 6	8		request_6	1461840736758	1461840736774	OK	 
REQUEST	injecteur 5	10		request_5	1461840736760	1461840736776	OK	 
REQUEST	injecteur 10	5		request_10	1461840736763	1461840736778	OK	 
REQUEST	injecteur 8	4		request_8	1461840736765	1461840736781	OK	 
REQUEST	injecteur 4	1		request_4	1461840736767	1461840736782	OK	 
REQUEST	injecteur 2	9		request_2	1461840736768	1461840736784	OK	 
REQUEST	injecteur 9	6		request_9	1461840736770	1461840736785	OK	 
REQUEST	injecteur 3	3		request_3	1461840736771	1461840736787	OK	 
REQUEST	injecteur 1	7		request_1	1461840736773	1461840736788	OK	 
REQUEST	injecteur 6	8		request_6	1461840736774	1461840736790	OK	 
REQUEST	injecteur 7	2		request_7	1461840736764	1461840736791	KO	status.find.is(200), but actually found 400
REQUEST	injecteur 5	10		request_5	1461840736776	1461840736793	OK	 
REQUEST	injecteur 10	5		request_10	1461840736779	1461840736794	OK	 
REQUEST	injecteur 8	4		request_8	1461840736781	1461840736796	OK	 
REQUEST	injecteur 4	1		request_4	1461840736782	1461840736798	OK	 
REQUEST	injecteur 2	9		request_2	1461840736785	1461840736799	OK	 
REQUEST	injecteur 9	6		request_9	1461840736786	1461840736801	OK	 
REQUEST	injecteur 3	3		request_3	1461840736787	1461840736803	OK	 
REQUEST	injecteur 1	7		request_1	1461840736789	1461840736804	OK	 
REQUEST	injecteur 6	8		request_6	1461840736791	1461840736807	OK	 
REQUEST	injecteur 5	10		request_5	1461840736794	1461840736810	OK	 
REQUEST	injecteur 10	5		request_10	1461840736795	1461840736811	OK	 
REQUEST	injecteur 8	4		request_8	1461840736797	1461840736813	OK	 
REQUEST	injecteur 4	1		request_4	1461840736798	1461840736814	OK	 
REQUEST	injecteur 2	9		request_2	1461840736800	1461840736815	OK	 
REQUEST	injecteur 9	6		request_9	1461840736802	1461840736817	OK	 
REQUEST	injecteur 7	2		request_7	1461840736792	1461840736818	KO	status.find.is(200), but actually found 400
REQUEST	injecteur 3	3		request_3	1461840736804	1461840736820	OK	 
REQUEST	injecteur 1	7		request_1	1461840736805	1461840736822	OK	 
REQUEST	injecteur 6	8		request_6	1461840736808	1461840736823	OK	 
REQUEST	injecteur 5	10		request_5	1461840736810	1461840736825	OK	 
REQUEST	injecteur 10	5		request_10	1461840736812	1461840736826	OK	 
REQUEST	injecteur 8	4		request_8	1461840736813	1461840736828	OK	 
REQUEST	injecteur 4	1		request_4	1461840736815	1461840736829	OK	 
REQUEST	injecteur 2	9		request_2	1461840736816	1461840736831	OK	 
REQUEST	injecteur 9	6		request_9	1461840736818	1461840736834	OK	 
REQUEST	injecteur 3	3		request_3	1461840736820	1461840736836	OK	 
REQUEST	injecteur 1	7		request_1	1461840736822	1461840736837	OK	 
REQUEST	injecteur 6	8		request_6	1461840736824	1461840736839	OK	 
REQUEST	injecteur 5	10		request_5	1461840736825	1461840736840	OK	 
REQUEST	injecteur 10	5		request_10	1461840736827	1461840736841	OK	 
REQUEST	injecteur 8	4		request_8	1461840736829	1461840736843	OK	 
REQUEST	injecteur 7	2		request_7	1461840736819	1461840736844	KO	status.find.is(200), but actually found 400
REQUEST	injecteur 4	1		request_4	1461840736830	1461840736846	OK	 
REQUEST	injecteur 2	9		request_2	1461840736832	1461840736848	OK	 
REQUEST	injecteur 9	6		request_9	1461840736834	1461840736851	OK	 
REQUEST	injecteur 3	3		request_3	1461840736837	1461840736853	OK	 
REQUEST	injecteur 1	7		request_1	1461840736838	1461840736855	OK	 
REQUEST	injecteur 6	8		request_6	1461840736839	1461840736857	OK	 
REQUEST	injecteur 5	10		request_5	1461840736841	1461840736859	OK	 
REQUEST	injecteur 10	5		request_10	1461840736842	1461840736860	OK	 
REQUEST	injecteur 8	4		request_8	1461840736844	1461840736863	OK	 
REQUEST	injecteur 4	1		request_4	1461840736847	1461840736866	OK	 
REQUEST	injecteur 2	9		request_2	1461840736849	1461840736868	OK	 
REQUEST	injecteur 9	6		request_9	1461840736852	1461840736869	OK	 
REQUEST	injecteur 3	3		request_3	1461840736853	1461840736871	OK	 
REQUEST	injecteur 1	7		request_1	1461840736855	1461840736872	OK	 
REQUEST	injecteur 6	8		request_6	1461840736857	1461840736873	OK	 
REQUEST	injecteur 5	10		request_5	1461840736859	1461840736875	OK	 
REQUEST	injecteur 7	2		request_7	1461840736845	1461840736876	KO	status.find.is(200), but actually found 400
REQUEST	injecteur 10	5		request_10	1461840736861	1461840736878	OK	 
REQUEST	injecteur 8	4		request_8	1461840736864	1461840736879	OK	 
REQUEST	injecteur 4	1		request_4	1461840736867	1461840736881	OK	 
REQUEST	injecteur 2	9		request_2	1461840736869	1461840736882	OK	 
REQUEST	injecteur 9	6		request_9	1461840736870	1461840736884	OK	 
REQUEST	injecteur 3	3		request_3	1461840736871	1461840736886	OK	 
REQUEST	injecteur 1	7		request_1	1461840736873	1461840736888	OK	 
REQUEST	injecteur 6	8		request_6	1461840736874	1461840736890	OK	 
REQUEST	injecteur 5	10		request_5	1461840736875	1461840736893	OK	 
REQUEST	injecteur 10	5		request_10	1461840736878	1461840736898	OK	 
REQUEST	injecteur 8	4		request_8	1461840736880	1461840736902	OK	 
REQUEST	injecteur 4	1		request_4	1461840736881	1461840736905	OK	 
REQUEST	injecteur 2	9		request_2	1461840736883	1461840736907	OK	 
REQUEST	injecteur 9	6		request_9	1461840736885	1461840736909	OK	 
REQUEST	injecteur 3	3		request_3	1461840736887	1461840736915	OK	 
REQUEST	injecteur 1	7		request_1	1461840736889	1461840736916	OK	 
REQUEST	injecteur 7	2		request_7	1461840736877	1461840736912	KO	status.find.is(200), but actually found 400
REQUEST	injecteur 5	10		request_5	1461840736894	1461840736920	OK	 
REQUEST	injecteur 10	5		request_10	1461840736899	1461840736920	OK	 
REQUEST	injecteur 6	8		request_6	1461840736891	1461840736922	OK	 
REQUEST	injecteur 8	4		request_8	1461840736902	1461840736926	OK	 
REQUEST	injecteur 4	1		request_4	1461840736906	1461840736927	OK	 
REQUEST	injecteur 9	6		request_9	1461840736910	1461840736929	OK	 
REQUEST	injecteur 2	9		request_2	1461840736908	1461840736929	OK	 
REQUEST	injecteur 10	5		request_10	1461840736920	1461840736936	OK	 
REQUEST	injecteur 9	6		request_9	1461840736930	1461840736938	OK	 
REQUEST	injecteur 3	3		request_3	1461840736915	1461840736941	OK	 
REQUEST	injecteur 1	7		request_1	1461840736917	1461840736941	OK	 
REQUEST	injecteur 5	10		request_5	1461840736920	1461840736945	OK	 
REQUEST	injecteur 6	8		request_6	1461840736922	1461840736947	OK	 
REQUEST	injecteur 8	4		request_8	1461840736926	1461840736949	OK	 
REQUEST	injecteur 4	1		request_4	1461840736928	1461840736950	OK	 
REQUEST	injecteur 2	9		request_2	1461840736930	1461840736952	OK	 
REQUEST	injecteur 7	2		request_7	1461840736919	1461840736953	KO	status.find.is(200), but actually found 400
REQUEST	injecteur 10	5		request_10	1461840736937	1461840736955	OK	 
REQUEST	injecteur 9	6		request_9	1461840736939	1461840736956	OK	 
REQUEST	injecteur 3	3		request_3	1461840736941	1461840736958	OK	 
REQUEST	injecteur 1	7		request_1	1461840736942	1461840736959	OK	 
REQUEST	injecteur 5	10		request_5	1461840736946	1461840736964	OK	 
REQUEST	injecteur 6	8		request_6	1461840736948	1461840736966	OK	 
REQUEST	injecteur 8	4		request_8	1461840736949	1461840736968	OK	 
REQUEST	injecteur 4	1		request_4	1461840736951	1461840736971	OK	 
REQUEST	injecteur 2	9		request_2	1461840736953	1461840736972	OK	 
REQUEST	injecteur 10	5		request_10	1461840736955	1461840736975	OK	 
REQUEST	injecteur 9	6		request_9	1461840736957	1461840736976	OK	 
REQUEST	injecteur 3	3		request_3	1461840736958	1461840736978	OK	 
REQUEST	injecteur 1	7		request_1	1461840736960	1461840736979	OK	 
REQUEST	injecteur 5	10		request_5	1461840736964	1461840736980	OK	 
REQUEST	injecteur 6	8		request_6	1461840736967	1461840736981	OK	 
REQUEST	injecteur 7	2		request_7	1461840736954	1461840736982	KO	status.find.is(200), but actually found 400
REQUEST	injecteur 8	4		request_8	1461840736969	1461840736985	OK	 
REQUEST	injecteur 4	1		request_4	1461840736972	1461840736987	OK	 
REQUEST	injecteur 2	9		request_2	1461840736973	1461840736988	OK	 
REQUEST	injecteur 10	5		request_10	1461840736975	1461840736991	OK	 
REQUEST	injecteur 9	6		request_9	1461840736977	1461840736992	OK	 
REQUEST	injecteur 3	3		request_3	1461840736978	1461840736993	OK	 
REQUEST	injecteur 1	7		request_1	1461840736979	1461840736995	OK	 
REQUEST	injecteur 5	10		request_5	1461840736981	1461840736997	OK	 
REQUEST	injecteur 6	8		request_6	1461840736982	1461840737001	OK	 
REQUEST	injecteur 8	4		request_8	1461840736986	1461840737004	OK	 
REQUEST	injecteur 4	1		request_4	1461840736987	1461840737006	OK	 
REQUEST	injecteur 2	9		request_2	1461840736989	1461840737008	OK	 
REQUEST	injecteur 10	5		request_10	1461840736991	1461840737010	OK	 
REQUEST	injecteur 9	6		request_9	1461840736993	1461840737011	OK	 
REQUEST	injecteur 3	3		request_3	1461840736994	1461840737012	OK	 
REQUEST	injecteur 1	7		request_1	1461840736995	1461840737014	OK	 
REQUEST	injecteur 7	2		request_7	1461840736984	1461840737015	KO	status.find.is(200), but actually found 400
REQUEST	injecteur 5	10		request_5	1461840736997	1461840737018	OK	 
REQUEST	injecteur 6	8		request_6	1461840737002	1461840737019	OK	 
REQUEST	injecteur 8	4		request_8	1461840737005	1461840737021	OK	 
REQUEST	injecteur 4	1		request_4	1461840737007	1461840737023	OK	 
REQUEST	injecteur 2	9		request_2	1461840737009	1461840737024	OK	 
REQUEST	injecteur 10	5		request_10	1461840737010	1461840737025	OK	 
REQUEST	injecteur 9	6		request_9	1461840737012	1461840737027	OK	 
REQUEST	injecteur 3	3		request_3	1461840737013	1461840737028	OK	 
REQUEST	injecteur 1	7		request_1	1461840737015	1461840737031	OK	 
REQUEST	injecteur 5	10		request_5	1461840737018	1461840737034	OK	 
REQUEST	injecteur 6	8		request_6	1461840737019	1461840737036	OK	 
REQUEST	injecteur 8	4		request_8	1461840737022	1461840737037	OK	 
REQUEST	injecteur 4	1		request_4	1461840737023	1461840737038	OK	 
REQUEST	injecteur 2	9		request_2	1461840737025	1461840737040	OK	 
REQUEST	injecteur 10	5		request_10	1461840737026	1461840737041	OK	 
REQUEST	injecteur 9	6		request_9	1461840737028	1461840737043	OK	 
REQUEST	injecteur 7	2		request_7	1461840737016	1461840737043	KO	status.find.is(200), but actually found 400
REQUEST	injecteur 3	3		request_3	1461840737029	1461840737046	OK	 
REQUEST	injecteur 1	7		request_1	1461840737032	1461840737048	OK	 
REQUEST	injecteur 5	10		request_5	1461840737035	1461840737049	OK	 
REQUEST	injecteur 6	8		request_6	1461840737036	1461840737051	OK	 
REQUEST	injecteur 8	4		request_8	1461840737038	1461840737053	OK	 
REQUEST	injecteur 4	1		request_4	1461840737039	1461840737055	OK	 
REQUEST	injecteur 2	9		request_2	1461840737040	1461840737057	OK	 
REQUEST	injecteur 10	5		request_10	1461840737042	1461840737060	OK	 
REQUEST	injecteur 9	6		request_9	1461840737044	1461840737062	OK	 
REQUEST	injecteur 3	3		request_3	1461840737047	1461840737065	OK	 
REQUEST	injecteur 1	7		request_1	1461840737048	1461840737066	OK	 
REQUEST	injecteur 5	10		request_5	1461840737050	1461840737069	OK	 
REQUEST	injecteur 6	8		request_6	1461840737052	1461840737070	OK	 
REQUEST	injecteur 8	4		request_8	1461840737054	1461840737072	OK	 
REQUEST	injecteur 4	1		request_4	1461840737056	1461840737073	OK	 
REQUEST	injecteur 7	2		request_7	1461840737045	1461840737073	KO	status.find.is(200), but actually found 400
REQUEST	injecteur 2	9		request_2	1461840737058	1461840737075	OK	 
REQUEST	injecteur 10	5		request_10	1461840737061	1461840737077	OK	 
REQUEST	injecteur 9	6		request_9	1461840737062	1461840737078	OK	 
REQUEST	injecteur 3	3		request_3	1461840737065	1461840737080	OK	 
REQUEST	injecteur 1	7		request_1	1461840737067	1461840737081	OK	 
REQUEST	injecteur 5	10		request_5	1461840737069	1461840737082	OK	 
REQUEST	injecteur 6	8		request_6	1461840737071	1461840737084	OK	 
REQUEST	injecteur 8	4		request_8	1461840737072	1461840737087	OK	 
REQUEST	injecteur 4	1		request_4	1461840737074	1461840737088	OK	 
REQUEST	injecteur 2	9		request_2	1461840737076	1461840737090	OK	 
REQUEST	injecteur 10	5		request_10	1461840737077	1461840737092	OK	 
REQUEST	injecteur 9	6		request_9	1461840737079	1461840737093	OK	 
REQUEST	injecteur 3	3		request_3	1461840737080	1461840737094	OK	 
REQUEST	injecteur 1	7		request_1	1461840737082	1461840737096	OK	 
REQUEST	injecteur 5	10		request_5	1461840737083	1461840737098	OK	 
REQUEST	injecteur 7	2		request_7	1461840737074	1461840737099	KO	status.find.is(200), but actually found 400
REQUEST	injecteur 6	8		request_6	1461840737085	1461840737100	OK	 
REQUEST	injecteur 8	4		request_8	1461840737087	1461840737102	OK	 
REQUEST	injecteur 4	1		request_4	1461840737088	1461840737104	OK	 
REQUEST	injecteur 2	9		request_2	1461840737091	1461840737105	OK	 
REQUEST	injecteur 10	5		request_10	1461840737092	1461840737106	OK	 
REQUEST	injecteur 9	6		request_9	1461840737094	1461840737107	OK	 
REQUEST	injecteur 3	3		request_3	1461840737095	1461840737109	OK	 
REQUEST	injecteur 1	7		request_1	1461840737097	1461840737111	OK	 
REQUEST	injecteur 5	10		request_5	1461840737098	1461840737114	OK	 
REQUEST	injecteur 6	8		request_6	1461840737101	1461840737115	OK	 
REQUEST	injecteur 8	4		request_8	1461840737103	1461840737120	OK	 
REQUEST	injecteur 4	1		request_4	1461840737104	1461840737122	OK	 
REQUEST	injecteur 2	9		request_2	1461840737106	1461840737123	OK	 
REQUEST	injecteur 10	5		request_10	1461840737107	1461840737126	OK	 
REQUEST	injecteur 9	6		request_9	1461840737108	1461840737127	OK	 
REQUEST	injecteur 3	3		request_3	1461840737110	1461840737131	OK	 
REQUEST	injecteur 3	3		request_3	1461840737131	1461840737135	OK	 
REQUEST	injecteur 7	2		request_7	1461840737101	1461840737138	KO	status.find.is(200), but actually found 400
REQUEST	injecteur 1	7		request_1	1461840737111	1461840737139	OK	 
REQUEST	injecteur 6	8		request_6	1461840737116	1461840737144	OK	 
REQUEST	injecteur 8	4		request_8	1461840737120	1461840737146	OK	 
REQUEST	injecteur 4	1		request_4	1461840737122	1461840737155	OK	 
REQUEST	injecteur 10	5		request_10	1461840737126	1461840737156	OK	 
REQUEST	injecteur 2	9		request_2	1461840737124	1461840737157	OK	 
REQUEST	injecteur 3	3		request_3	1461840737136	1461840737159	OK	 
REQUEST	injecteur 5	10		request_5	1461840737115	1461840737161	OK	 
REQUEST	injecteur 9	6		request_9	1461840737128	1461840737162	OK	 
REQUEST	injecteur 1	7		request_1	1461840737140	1461840737164	OK	 
REQUEST	injecteur 6	8		request_6	1461840737145	1461840737166	OK	 
REQUEST	injecteur 8	4		request_8	1461840737147	1461840737169	OK	 
REQUEST	injecteur 7	2		request_7	1461840737139	1461840737171	KO	status.find.is(200), but actually found 400
REQUEST	injecteur 4	1		request_4	1461840737156	1461840737173	OK	 
REQUEST	injecteur 10	5		request_10	1461840737156	1461840737178	OK	 
REQUEST	injecteur 3	3		request_3	1461840737160	1461840737181	OK	 
REQUEST	injecteur 2	9		request_2	1461840737158	1461840737181	OK	 
REQUEST	injecteur 1	7		request_1	1461840737165	1461840737194	OK	 
REQUEST	injecteur 6	8		request_6	1461840737167	1461840737196	OK	 
REQUEST	injecteur 5	10		request_5	1461840737162	1461840737198	OK	 
REQUEST	injecteur 8	4		request_8	1461840737170	1461840737198	OK	 
REQUEST	injecteur 9	6		request_9	1461840737163	1461840737199	OK	 
REQUEST	injecteur 8	4		request_8	1461840737199	1461840737213	OK	 
REQUEST	injecteur 4	1		request_4	1461840737174	1461840737214	OK	 
REQUEST	injecteur 3	3		request_3	1461840737181	1461840737214	OK	 
REQUEST	injecteur 2	9		request_2	1461840737181	1461840737217	OK	 
REQUEST	injecteur 10	5		request_10	1461840737179	1461840737223	OK	 
REQUEST	injecteur 8	4		request_8	1461840737213	1461840737228	OK	 
REQUEST	injecteur 9	6		request_9	1461840737200	1461840737235	OK	 
REQUEST	injecteur 8	4		request_8	1461840737228	1461840737240	OK	 
REQUEST	injecteur 8	4		request_8	1461840737240	1461840737247	OK	 
REQUEST	injecteur 8	4		request_8	1461840737248	1461840737253	OK	 
REQUEST	injecteur 8	4		request_8	1461840737254	1461840737257	OK	 
REQUEST	injecteur 4	1		request_4	1461840737215	1461840737257	OK	 
REQUEST	injecteur 10	5		request_10	1461840737224	1461840737258	OK	 
REQUEST	injecteur 2	9		request_2	1461840737222	1461840737261	OK	 
REQUEST	injecteur 8	4		request_8	1461840737258	1461840737261	OK	 
REQUEST	injecteur 10	5		request_10	1461840737258	1461840737265	OK	 
REQUEST	injecteur 8	4		request_8	1461840737262	1461840737267	OK	 
REQUEST	injecteur 6	8		request_6	1461840737197	1461840737247	OK	 
REQUEST	injecteur 7	2		request_7	1461840737172	1461840737235	KO	status.find.is(200), but actually found 400
REQUEST	injecteur 3	3		request_3	1461840737215	1461840737248	OK	 
REQUEST	injecteur 5	10		request_5	1461840737198	1461840737272	OK	 
REQUEST	injecteur 4	1		request_4	1461840737260	1461840737272	OK	 
REQUEST	injecteur 2	9		request_2	1461840737262	1461840737274	OK	 
REQUEST	injecteur 9	6		request_9	1461840737236	1461840737274	OK	 
REQUEST	injecteur 1	7		request_1	1461840737213	1461840737248	OK	 
REQUEST	injecteur 8	4		request_8	1461840737268	1461840737275	OK	 
REQUEST	injecteur 10	5		request_10	1461840737266	1461840737279	OK	 
REQUEST	injecteur 6	8		request_6	1461840737270	1461840737285	OK	 
REQUEST	injecteur 3	3		request_3	1461840737272	1461840737291	OK	 
REQUEST	injecteur 5	10		request_5	1461840737272	1461840737293	OK	 
REQUEST	injecteur 7	2		request_7	1461840737271	1461840737294	KO	status.find.is(200), but actually found 400
REQUEST	injecteur 10	5		request_10	1461840737279	1461840737296	OK	 
REQUEST	injecteur 4	1		request_4	1461840737273	1461840737298	OK	 
REQUEST	injecteur 2	9		request_2	1461840737274	1461840737299	OK	 
REQUEST	injecteur 9	6		request_9	1461840737274	1461840737301	OK	 
REQUEST	injecteur 1	7		request_1	1461840737276	1461840737303	OK	 
REQUEST	injecteur 8	4		request_8	1461840737276	1461840737305	OK	 
REQUEST	injecteur 6	8		request_6	1461840737286	1461840737307	OK	 
REQUEST	injecteur 3	3		request_3	1461840737291	1461840737309	OK	 
REQUEST	injecteur 5	10		request_5	1461840737293	1461840737312	OK	 
REQUEST	injecteur 10	5		request_10	1461840737297	1461840737315	OK	 
REQUEST	injecteur 4	1		request_4	1461840737298	1461840737317	OK	 
REQUEST	injecteur 2	9		request_2	1461840737300	1461840737319	OK	 
REQUEST	injecteur 9	6		request_9	1461840737302	1461840737320	OK	 
REQUEST	injecteur 1	7		request_1	1461840737304	1461840737322	OK	 
REQUEST	injecteur 8	4		request_8	1461840737305	1461840737324	OK	 
REQUEST	injecteur 6	8		request_6	1461840737307	1461840737326	OK	 
REQUEST	injecteur 7	2		request_7	1461840737295	1461840737327	KO	status.find.is(200), but actually found 400
REQUEST	injecteur 3	3		request_3	1461840737309	1461840737330	OK	 
REQUEST	injecteur 5	10		request_5	1461840737313	1461840737332	OK	 
REQUEST	injecteur 10	5		request_10	1461840737316	1461840737335	OK	 
