ASSERTION	AAMBAAMDBABk
RUN	Injections		injections	1461849860298	 	2.0
USER	injecteur 4	1	START	1461849863091	1461849863091
USER	injecteur 7	2	START	1461849863247	1461849863247
USER	injecteur 3	3	START	1461849863251	1461849863251
USER	injecteur 8	4	START	1461849863284	1461849863284
USER	injecteur 10	5	START	1461849863286	1461849863286
USER	injecteur 9	6	START	1461849863291	1461849863291
USER	injecteur 1	7	START	1461849863315	1461849863315
USER	injecteur 6	8	START	1461849863317	1461849863317
USER	injecteur 2	9	START	1461849863319	1461849863319
USER	injecteur 5	10	START	1461849863332	1461849863332
REQUEST	injecteur 1	7		request_1	1461849863316	1461849863872	OK	 
REQUEST	injecteur 8	4		request_8	1461849863284	1461849863831	OK	 
REQUEST	injecteur 9	6		request_9	1461849863293	1461849863907	OK	 
REQUEST	injecteur 4	1		request_4	1461849863219	1461849863778	OK	 
REQUEST	injecteur 2	9		request_2	1461849863320	1461849863914	OK	 
REQUEST	injecteur 10	5		request_10	1461849863289	1461849863815	OK	 
REQUEST	injecteur 3	3		request_3	1461849863282	1461849863842	OK	 
REQUEST	injecteur 6	8		request_6	1461849863318	1461849863924	OK	 
REQUEST	injecteur 1	7		request_1	1461849863899	1461849863932	OK	 
REQUEST	injecteur 8	4		request_8	1461849863901	1461849863941	OK	 
REQUEST	injecteur 9	6		request_9	1461849863908	1461849863953	OK	 
REQUEST	injecteur 4	1		request_4	1461849863912	1461849863963	OK	 
REQUEST	injecteur 7	2		request_7	1461849863249	1461849863853	KO	status.find.is(200), but actually found 400
REQUEST	injecteur 10	5		request_10	1461849863916	1461849863994	OK	 
REQUEST	injecteur 5	10		request_5	1461849863334	1461849864002	OK	 
REQUEST	injecteur 2	9		request_2	1461849863917	1461849864015	OK	 
REQUEST	injecteur 3	3		request_3	1461849863921	1461849864027	OK	 
REQUEST	injecteur 4	1		request_4	1461849863964	1461849864031	OK	 
REQUEST	injecteur 6	8		request_6	1461849863927	1461849864038	OK	 
REQUEST	injecteur 1	7		request_1	1461849863934	1461849864049	OK	 
REQUEST	injecteur 8	4		request_8	1461849863943	1461849864057	OK	 
REQUEST	injecteur 9	6		request_9	1461849863954	1461849864064	OK	 
REQUEST	injecteur 10	5		request_10	1461849863995	1461849864073	OK	 
REQUEST	injecteur 5	10		request_5	1461849864006	1461849864083	OK	 
REQUEST	injecteur 2	9		request_2	1461849864016	1461849864090	OK	 
REQUEST	injecteur 7	2		request_7	1461849863991	1461849864092	KO	status.find.is(200), but actually found 400
REQUEST	injecteur 3	3		request_3	1461849864029	1461849864099	OK	 
REQUEST	injecteur 4	1		request_4	1461849864032	1461849864104	OK	 
REQUEST	injecteur 6	8		request_6	1461849864040	1461849864109	OK	 
REQUEST	injecteur 1	7		request_1	1461849864050	1461849864114	OK	 
REQUEST	injecteur 8	4		request_8	1461849864058	1461849864118	OK	 
REQUEST	injecteur 9	6		request_9	1461849864067	1461849864124	OK	 
REQUEST	injecteur 10	5		request_10	1461849864075	1461849864128	OK	 
REQUEST	injecteur 5	10		request_5	1461849864085	1461849864132	OK	 
REQUEST	injecteur 2	9		request_2	1461849864091	1461849864139	OK	 
REQUEST	injecteur 3	3		request_3	1461849864100	1461849864145	OK	 
REQUEST	injecteur 4	1		request_4	1461849864105	1461849864150	OK	 
REQUEST	injecteur 6	8		request_6	1461849864111	1461849864154	OK	 
REQUEST	injecteur 1	7		request_1	1461849864115	1461849864158	OK	 
REQUEST	injecteur 8	4		request_8	1461849864119	1461849864163	OK	 
REQUEST	injecteur 9	6		request_9	1461849864125	1461849864167	OK	 
REQUEST	injecteur 10	5		request_10	1461849864129	1461849864172	OK	 
REQUEST	injecteur 7	2		request_7	1461849864094	1461849864175	KO	status.find.is(200), but actually found 400
REQUEST	injecteur 5	10		request_5	1461849864135	1461849864181	OK	 
REQUEST	injecteur 2	9		request_2	1461849864140	1461849864187	OK	 
REQUEST	injecteur 3	3		request_3	1461849864146	1461849864193	OK	 
REQUEST	injecteur 4	1		request_4	1461849864151	1461849864197	OK	 
REQUEST	injecteur 6	8		request_6	1461849864156	1461849864202	OK	 
REQUEST	injecteur 1	7		request_1	1461849864160	1461849864208	OK	 
REQUEST	injecteur 8	4		request_8	1461849864165	1461849864212	OK	 
REQUEST	injecteur 9	6		request_9	1461849864168	1461849864219	OK	 
REQUEST	injecteur 10	5		request_10	1461849864173	1461849864226	OK	 
REQUEST	injecteur 5	10		request_5	1461849864182	1461849864232	OK	 
REQUEST	injecteur 2	9		request_2	1461849864189	1461849864236	OK	 
REQUEST	injecteur 3	3		request_3	1461849864194	1461849864243	OK	 
REQUEST	injecteur 4	1		request_4	1461849864198	1461849864247	OK	 
REQUEST	injecteur 6	8		request_6	1461849864203	1461849864252	OK	 
REQUEST	injecteur 1	7		request_1	1461849864209	1461849864257	OK	 
REQUEST	injecteur 8	4		request_8	1461849864213	1461849864260	OK	 
REQUEST	injecteur 7	2		request_7	1461849864178	1461849864261	KO	status.find.is(200), but actually found 400
REQUEST	injecteur 9	6		request_9	1461849864221	1461849864266	OK	 
REQUEST	injecteur 10	5		request_10	1461849864227	1461849864269	OK	 
REQUEST	injecteur 5	10		request_5	1461849864234	1461849864273	OK	 
REQUEST	injecteur 2	9		request_2	1461849864238	1461849864278	OK	 
REQUEST	injecteur 3	3		request_3	1461849864244	1461849864282	OK	 
REQUEST	injecteur 4	1		request_4	1461849864248	1461849864288	OK	 
REQUEST	injecteur 6	8		request_6	1461849864253	1461849864293	OK	 
REQUEST	injecteur 1	7		request_1	1461849864258	1461849864297	OK	 
REQUEST	injecteur 8	4		request_8	1461849864261	1461849864304	OK	 
REQUEST	injecteur 9	6		request_9	1461849864267	1461849864310	OK	 
REQUEST	injecteur 10	5		request_10	1461849864270	1461849864314	OK	 
REQUEST	injecteur 5	10		request_5	1461849864274	1461849864318	OK	 
REQUEST	injecteur 2	9		request_2	1461849864279	1461849864322	OK	 
REQUEST	injecteur 3	3		request_3	1461849864283	1461849864327	OK	 
REQUEST	injecteur 4	1		request_4	1461849864289	1461849864331	OK	 
REQUEST	injecteur 6	8		request_6	1461849864294	1461849864337	OK	 
REQUEST	injecteur 7	2		request_7	1461849864263	1461849864338	KO	status.find.is(200), but actually found 400
REQUEST	injecteur 1	7		request_1	1461849864298	1461849864344	OK	 
REQUEST	injecteur 8	4		request_8	1461849864305	1461849864349	OK	 
REQUEST	injecteur 9	6		request_9	1461849864310	1461849864353	OK	 
REQUEST	injecteur 10	5		request_10	1461849864315	1461849864363	OK	 
REQUEST	injecteur 5	10		request_5	1461849864319	1461849864367	OK	 
REQUEST	injecteur 2	9		request_2	1461849864323	1461849864372	OK	 
REQUEST	injecteur 3	3		request_3	1461849864328	1461849864376	OK	 
REQUEST	injecteur 4	1		request_4	1461849864332	1461849864379	OK	 
REQUEST	injecteur 6	8		request_6	1461849864338	1461849864385	OK	 
REQUEST	injecteur 1	7		request_1	1461849864345	1461849864391	OK	 
REQUEST	injecteur 8	4		request_8	1461849864350	1461849864396	OK	 
REQUEST	injecteur 9	6		request_9	1461849864354	1461849864399	OK	 
REQUEST	injecteur 10	5		request_10	1461849864364	1461849864404	OK	 
REQUEST	injecteur 5	10		request_5	1461849864368	1461849864408	OK	 
REQUEST	injecteur 2	9		request_2	1461849864373	1461849864412	OK	 
REQUEST	injecteur 3	3		request_3	1461849864377	1461849864415	OK	 
REQUEST	injecteur 7	2		request_7	1461849864340	1461849864417	KO	status.find.is(200), but actually found 400
REQUEST	injecteur 4	1		request_4	1461849864380	1461849864420	OK	 
REQUEST	injecteur 6	8		request_6	1461849864386	1461849864425	OK	 
REQUEST	injecteur 1	7		request_1	1461849864392	1461849864429	OK	 
REQUEST	injecteur 8	4		request_8	1461849864397	1461849864433	OK	 
REQUEST	injecteur 9	6		request_9	1461849864400	1461849864436	OK	 
REQUEST	injecteur 10	5		request_10	1461849864405	1461849864440	OK	 
REQUEST	injecteur 5	10		request_5	1461849864409	1461849864444	OK	 
REQUEST	injecteur 2	9		request_2	1461849864412	1461849864448	OK	 
REQUEST	injecteur 3	3		request_3	1461849864416	1461849864455	OK	 
REQUEST	injecteur 4	1		request_4	1461849864421	1461849864461	OK	 
REQUEST	injecteur 6	8		request_6	1461849864426	1461849864466	OK	 
REQUEST	injecteur 1	7		request_1	1461849864430	1461849864470	OK	 
REQUEST	injecteur 8	4		request_8	1461849864434	1461849864474	OK	 
REQUEST	injecteur 9	6		request_9	1461849864437	1461849864477	OK	 
REQUEST	injecteur 10	5		request_10	1461849864441	1461849864481	OK	 
