ASSERTION	AAMBAAMDBABk
RUN	Injections		injections	1462185151918	 	2.0
USER	injecteur 4	1	START	1462185153603	1462185153603
USER	injecteur 7	2	START	1462185153657	1462185153657
USER	injecteur 3	3	START	1462185153661	1462185153661
USER	injecteur 8	4	START	1462185153669	1462185153669
USER	injecteur 10	5	START	1462185153679	1462185153679
USER	injecteur 9	6	START	1462185153693	1462185153693
USER	injecteur 1	7	START	1462185153705	1462185153705
USER	injecteur 6	8	START	1462185153715	1462185153715
USER	injecteur 2	9	START	1462185153726	1462185153726
USER	injecteur 5	10	START	1462185153743	1462185153743
REQUEST	injecteur 4	1		request_4	1462185153646	1462185153792	OK	 
REQUEST	injecteur 3	3		request_3	1462185153664	1462185153816	OK	 
REQUEST	injecteur 8	4		request_8	1462185153671	1462185153841	OK	 
REQUEST	injecteur 10	5		request_10	1462185153686	1462185153886	OK	 
REQUEST	injecteur 9	6		request_9	1462185153699	1462185153900	OK	 
REQUEST	injecteur 1	7		request_1	1462185153709	1462185153907	OK	 
REQUEST	injecteur 6	8		request_6	1462185153719	1462185153916	OK	 
REQUEST	injecteur 7	2		request_7	1462185153659	1462185153828	KO	status.find.is(200), but actually found 400
REQUEST	injecteur 2	9		request_2	1462185153731	1462185154003	OK	 
REQUEST	injecteur 5	10		request_5	1462185153749	1462185154014	OK	 
REQUEST	injecteur 3	3		request_3	1462185153908	1462185154021	OK	 
REQUEST	injecteur 8	4		request_8	1462185153917	1462185154030	OK	 
REQUEST	injecteur 4	1		request_4	1462185153902	1462185154032	OK	 
REQUEST	injecteur 10	5		request_10	1462185153927	1462185154048	OK	 
REQUEST	injecteur 9	6		request_9	1462185153937	1462185154055	OK	 
REQUEST	injecteur 1	7		request_1	1462185153940	1462185154065	OK	 
REQUEST	injecteur 6	8		request_6	1462185153955	1462185154072	OK	 
REQUEST	injecteur 7	2		request_7	1462185153979	1462185154095	KO	status.find.is(200), but actually found 400
REQUEST	injecteur 3	3		request_3	1462185154028	1462185154125	OK	 
REQUEST	injecteur 2	9		request_2	1462185154009	1462185154128	OK	 
REQUEST	injecteur 8	4		request_8	1462185154046	1462185154154	OK	 
REQUEST	injecteur 10	5		request_10	1462185154064	1462185154175	OK	 
REQUEST	injecteur 9	6		request_9	1462185154071	1462185154193	OK	 
REQUEST	injecteur 5	10		request_5	1462185154022	1462185154196	OK	 
REQUEST	injecteur 4	1		request_4	1462185154050	1462185154201	OK	 
REQUEST	injecteur 1	7		request_1	1462185154089	1462185154205	OK	 
REQUEST	injecteur 6	8		request_6	1462185154094	1462185154213	OK	 
REQUEST	injecteur 3	3		request_3	1462185154148	1462185154265	OK	 
REQUEST	injecteur 2	9		request_2	1462185154146	1462185154270	OK	 
REQUEST	injecteur 8	4		request_8	1462185154161	1462185154272	OK	 
REQUEST	injecteur 7	2		request_7	1462185154143	1462185154268	KO	status.find.is(200), but actually found 400
REQUEST	injecteur 10	5		request_10	1462185154194	1462185154304	OK	 
REQUEST	injecteur 9	6		request_9	1462185154209	1462185154323	OK	 
REQUEST	injecteur 5	10		request_5	1462185154210	1462185154340	OK	 
REQUEST	injecteur 4	1		request_4	1462185154215	1462185154358	OK	 
REQUEST	injecteur 1	7		request_1	1462185154216	1462185154360	OK	 
REQUEST	injecteur 6	8		request_6	1462185154223	1462185154380	OK	 
REQUEST	injecteur 3	3		request_3	1462185154275	1462185154400	OK	 
REQUEST	injecteur 2	9		request_2	1462185154277	1462185154412	OK	 
REQUEST	injecteur 8	4		request_8	1462185154278	1462185154419	OK	 
REQUEST	injecteur 10	5		request_10	1462185154323	1462185154428	OK	 
REQUEST	injecteur 9	6		request_9	1462185154329	1462185154438	OK	 
REQUEST	injecteur 5	10		request_5	1462185154356	1462185154445	OK	 
REQUEST	injecteur 4	1		request_4	1462185154366	1462185154478	OK	 
REQUEST	injecteur 1	7		request_1	1462185154369	1462185154485	OK	 
REQUEST	injecteur 7	2		request_7	1462185154286	1462185154481	KO	status.find.is(200), but actually found 400
REQUEST	injecteur 6	8		request_6	1462185154389	1462185154509	OK	 
REQUEST	injecteur 3	3		request_3	1462185154403	1462185154512	OK	 
REQUEST	injecteur 8	4		request_8	1462185154422	1462185154536	OK	 
REQUEST	injecteur 2	9		request_2	1462185154414	1462185154539	OK	 
REQUEST	injecteur 10	5		request_10	1462185154437	1462185154546	OK	 
REQUEST	injecteur 9	6		request_9	1462185154443	1462185154553	OK	 
REQUEST	injecteur 5	10		request_5	1462185154457	1462185154571	OK	 
REQUEST	injecteur 1	7		request_1	1462185154495	1462185154611	OK	 
REQUEST	injecteur 4	1		request_4	1462185154490	1462185154620	OK	 
REQUEST	injecteur 6	8		request_6	1462185154517	1462185154644	OK	 
REQUEST	injecteur 3	3		request_3	1462185154529	1462185154669	OK	 
REQUEST	injecteur 7	2		request_7	1462185154504	1462185154671	KO	status.find.is(200), but actually found 400
REQUEST	injecteur 8	4		request_8	1462185154562	1462185154696	OK	 
REQUEST	injecteur 2	9		request_2	1462185154565	1462185154705	OK	 
REQUEST	injecteur 10	5		request_10	1462185154572	1462185154706	OK	 
REQUEST	injecteur 9	6		request_9	1462185154577	1462185154708	OK	 
REQUEST	injecteur 1	7		request_1	1462185154621	1462185154731	OK	 
REQUEST	injecteur 5	10		request_5	1462185154585	1462185154775	OK	 
REQUEST	injecteur 4	1		request_4	1462185154625	1462185154788	OK	 
REQUEST	injecteur 6	8		request_6	1462185154647	1462185154802	OK	 
REQUEST	injecteur 3	3		request_3	1462185154677	1462185154824	OK	 
REQUEST	injecteur 8	4		request_8	1462185154711	1462185154854	OK	 
REQUEST	injecteur 2	9		request_2	1462185154718	1462185154864	OK	 
REQUEST	injecteur 10	5		request_10	1462185154719	1462185154871	OK	 
REQUEST	injecteur 9	6		request_9	1462185154722	1462185154899	OK	 
REQUEST	injecteur 1	7		request_1	1462185154750	1462185154932	OK	 
REQUEST	injecteur 6	8		request_6	1462185154822	1462185154953	OK	 
REQUEST	injecteur 7	2		request_7	1462185154701	1462185154936	KO	status.find.is(200), but actually found 400
REQUEST	injecteur 3	3		request_3	1462185154844	1462185155008	OK	 
REQUEST	injecteur 4	1		request_4	1462185154796	1462185155014	OK	 
REQUEST	injecteur 8	4		request_8	1462185154869	1462185155064	OK	 
REQUEST	injecteur 10	5		request_10	1462185154923	1462185155101	OK	 
REQUEST	injecteur 5	10		request_5	1462185154786	1462185155117	OK	 
REQUEST	injecteur 9	6		request_9	1462185154942	1462185155129	OK	 
REQUEST	injecteur 1	7		request_1	1462185154962	1462185155137	OK	 
REQUEST	injecteur 6	8		request_6	1462185154986	1462185155140	OK	 
REQUEST	injecteur 2	9		request_2	1462185154899	1462185155159	OK	 
REQUEST	injecteur 3	3		request_3	1462185155032	1462185155190	OK	 
REQUEST	injecteur 8	4		request_8	1462185155119	1462185155245	OK	 
REQUEST	injecteur 10	5		request_10	1462185155141	1462185155257	OK	 
REQUEST	injecteur 7	2		request_7	1462185154999	1462185155245	KO	status.find.is(200), but actually found 400
REQUEST	injecteur 4	1		request_4	1462185155043	1462185155270	OK	 
REQUEST	injecteur 9	6		request_9	1462185155157	1462185155278	OK	 
REQUEST	injecteur 1	7		request_1	1462185155164	1462185155281	OK	 
REQUEST	injecteur 6	8		request_6	1462185155164	1462185155286	OK	 
REQUEST	injecteur 3	3		request_3	1462185155215	1462185155308	OK	 
REQUEST	injecteur 5	10		request_5	1462185155145	1462185155331	OK	 
REQUEST	injecteur 8	4		request_8	1462185155260	1462185155338	OK	 
REQUEST	injecteur 2	9		request_2	1462185155192	1462185155344	OK	 
REQUEST	injecteur 10	5		request_10	1462185155268	1462185155357	OK	 
REQUEST	injecteur 9	6		request_9	1462185155291	1462185155377	OK	 
REQUEST	injecteur 1	7		request_1	1462185155297	1462185155389	OK	 
REQUEST	injecteur 6	8		request_6	1462185155305	1462185155428	OK	 
REQUEST	injecteur 3	3		request_3	1462185155321	1462185155445	OK	 
REQUEST	injecteur 8	4		request_8	1462185155358	1462185155453	OK	 
REQUEST	injecteur 4	1		request_4	1462185155282	1462185155459	OK	 
REQUEST	injecteur 7	2		request_7	1462185155273	1462185155441	KO	status.find.is(200), but actually found 400
REQUEST	injecteur 10	5		request_10	1462185155367	1462185155497	OK	 
REQUEST	injecteur 9	6		request_9	1462185155396	1462185155524	OK	 
REQUEST	injecteur 1	7		request_1	1462185155445	1462185155533	OK	 
REQUEST	injecteur 6	8		request_6	1462185155458	1462185155544	OK	 
REQUEST	injecteur 2	9		request_2	1462185155361	1462185155545	OK	 
REQUEST	injecteur 5	10		request_5	1462185155353	1462185155556	OK	 
REQUEST	injecteur 3	3		request_3	1462185155463	1462185155560	OK	 
REQUEST	injecteur 8	4		request_8	1462185155477	1462185155570	OK	 
REQUEST	injecteur 4	1		request_4	1462185155479	1462185155598	OK	 
REQUEST	injecteur 10	5		request_10	1462185155520	1462185155616	OK	 
REQUEST	injecteur 9	6		request_9	1462185155540	1462185155618	OK	 
REQUEST	injecteur 1	7		request_1	1462185155550	1462185155620	OK	 
REQUEST	injecteur 7	2		request_7	1462185155480	1462185155615	KO	status.find.is(200), but actually found 400
REQUEST	injecteur 6	8		request_6	1462185155560	1462185155644	OK	 
REQUEST	injecteur 3	3		request_3	1462185155572	1462185155673	OK	 
REQUEST	injecteur 2	9		request_2	1462185155560	1462185155673	OK	 
REQUEST	injecteur 8	4		request_8	1462185155582	1462185155682	OK	 
REQUEST	injecteur 5	10		request_5	1462185155568	1462185155701	OK	 
REQUEST	injecteur 10	5		request_10	1462185155629	1462185155705	OK	 
REQUEST	injecteur 9	6		request_9	1462185155635	1462185155717	OK	 
REQUEST	injecteur 1	7		request_1	1462185155636	1462185155730	OK	 
REQUEST	injecteur 4	1		request_4	1462185155617	1462185155746	OK	 
REQUEST	injecteur 6	8		request_6	1462185155661	1462185155758	OK	 
REQUEST	injecteur 3	3		request_3	1462185155693	1462185155780	OK	 
REQUEST	injecteur 7	2		request_7	1462185155639	1462185155785	KO	status.find.is(200), but actually found 400
REQUEST	injecteur 8	4		request_8	1462185155697	1462185155797	OK	 
REQUEST	injecteur 2	9		request_2	1462185155695	1462185155799	OK	 
REQUEST	injecteur 10	5		request_10	1462185155720	1462185155839	OK	 
REQUEST	injecteur 5	10		request_5	1462185155714	1462185155846	OK	 
REQUEST	injecteur 9	6		request_9	1462185155739	1462185155847	OK	 
REQUEST	injecteur 1	7		request_1	1462185155745	1462185155869	OK	 
REQUEST	injecteur 4	1		request_4	1462185155756	1462185155883	OK	 
REQUEST	injecteur 6	8		request_6	1462185155764	1462185155891	OK	 
REQUEST	injecteur 3	3		request_3	1462185155793	1462185155899	OK	 
REQUEST	injecteur 8	4		request_8	1462185155813	1462185155926	OK	 
REQUEST	injecteur 7	2		request_7	1462185155812	1462185155929	KO	status.find.is(200), but actually found 400
REQUEST	injecteur 2	9		request_2	1462185155815	1462185155964	OK	 
REQUEST	injecteur 10	5		request_10	1462185155848	1462185155968	OK	 
REQUEST	injecteur 9	6		request_9	1462185155860	1462185155979	OK	 
REQUEST	injecteur 1	7		request_1	1462185155880	1462185155999	OK	 
REQUEST	injecteur 5	10		request_5	1462185155859	1462185156030	OK	 
REQUEST	injecteur 4	1		request_4	1462185155894	1462185156045	OK	 
REQUEST	injecteur 6	8		request_6	1462185155902	1462185156063	OK	 
REQUEST	injecteur 3	3		request_3	1462185155911	1462185156069	OK	 
REQUEST	injecteur 8	4		request_8	1462185155947	1462185156074	OK	 
REQUEST	injecteur 10	5		request_10	1462185155991	1462185156150	OK	 
REQUEST	injecteur 1	7		request_1	1462185156011	1462185156158	OK	 
REQUEST	injecteur 9	6		request_9	1462185156000	1462185156159	OK	 
REQUEST	injecteur 2	9		request_2	1462185155981	1462185156168	OK	 
REQUEST	injecteur 7	2		request_7	1462185155966	1462185156147	KO	status.find.is(200), but actually found 400
REQUEST	injecteur 6	8		request_6	1462185156082	1462185156883	OK	 
REQUEST	injecteur 3	3		request_3	1462185156091	1462185156879	OK	 
REQUEST	injecteur 8	4		request_8	1462185156098	1462185156887	OK	 
REQUEST	injecteur 4	1		request_4	1462185156072	1462185156938	OK	 
REQUEST	injecteur 5	10		request_5	1462185156056	1462185156942	OK	 
REQUEST	injecteur 10	5		request_10	1462185156181	1462185156951	OK	 
REQUEST	injecteur 1	7		request_1	1462185156184	1462185156965	OK	 
REQUEST	injecteur 9	6		request_9	1462185156186	1462185156970	OK	 
REQUEST	injecteur 3	3		request_3	1462185156918	1462185156990	OK	 
REQUEST	injecteur 6	8		request_6	1462185156918	1462185156999	OK	 
REQUEST	injecteur 8	4		request_8	1462185156918	1462185157041	OK	 
REQUEST	injecteur 2	9		request_2	1462185156197	1462185157072	OK	 
REQUEST	injecteur 10	5		request_10	1462185156984	1462185157097	OK	 
REQUEST	injecteur 7	2		request_7	1462185156835	1462185157083	KO	status.find.is(200), but actually found 400
REQUEST	injecteur 1	7		request_1	1462185156989	1462185157107	OK	 
REQUEST	injecteur 9	6		request_9	1462185156998	1462185157118	OK	 
REQUEST	injecteur 3	3		request_3	1462185157035	1462185157132	OK	 
REQUEST	injecteur 6	8		request_6	1462185157040	1462185157137	OK	 
REQUEST	injecteur 4	1		request_4	1462185156960	1462185157154	OK	 
REQUEST	injecteur 8	4		request_8	1462185157078	1462185157161	OK	 
REQUEST	injecteur 5	10		request_5	1462185156968	1462185157176	OK	 
REQUEST	injecteur 10	5		request_10	1462185157119	1462185157193	OK	 
REQUEST	injecteur 2	9		request_2	1462185157094	1462185157198	OK	 
REQUEST	injecteur 1	7		request_1	1462185157129	1462185157211	OK	 
REQUEST	injecteur 9	6		request_9	1462185157135	1462185157215	OK	 
REQUEST	injecteur 3	3		request_3	1462185157143	1462185157221	OK	 
REQUEST	injecteur 6	8		request_6	1462185157151	1462185157228	OK	 
REQUEST	injecteur 4	1		request_4	1462185157169	1462185157251	OK	 
REQUEST	injecteur 8	4		request_8	1462185157172	1462185157252	OK	 
REQUEST	injecteur 7	2		request_7	1462185157126	1462185157246	KO	status.find.is(200), but actually found 400
REQUEST	injecteur 10	5		request_10	1462185157198	1462185157274	OK	 
REQUEST	injecteur 1	7		request_1	1462185157218	1462185157307	OK	 
REQUEST	injecteur 9	6		request_9	1462185157225	1462185157317	OK	 
REQUEST	injecteur 3	3		request_3	1462185157228	1462185157324	OK	 
REQUEST	injecteur 2	9		request_2	1462185157202	1462185157338	OK	 
REQUEST	injecteur 5	10		request_5	1462185157185	1462185157346	OK	 
REQUEST	injecteur 6	8		request_6	1462185157248	1462185157348	OK	 
REQUEST	injecteur 8	4		request_8	1462185157268	1462185157378	OK	 
REQUEST	injecteur 4	1		request_4	1462185157268	1462185157395	OK	 
REQUEST	injecteur 10	5		request_10	1462185157291	1462185157396	OK	 
REQUEST	injecteur 1	7		request_1	1462185157332	1462185157417	OK	 
REQUEST	injecteur 9	6		request_9	1462185157337	1462185157430	OK	 
REQUEST	injecteur 3	3		request_3	1462185157341	1462185157436	OK	 
REQUEST	injecteur 7	2		request_7	1462185157283	1462185157432	KO	status.find.is(200), but actually found 400
REQUEST	injecteur 2	9		request_2	1462185157351	1462185157445	OK	 
REQUEST	injecteur 6	8		request_6	1462185157361	1462185157475	OK	 
REQUEST	injecteur 8	4		request_8	1462185157397	1462185157485	OK	 
REQUEST	injecteur 10	5		request_10	1462185157401	1462185157499	OK	 
REQUEST	injecteur 5	10		request_5	1462185157361	1462185157526	OK	 
REQUEST	injecteur 4	1		request_4	1462185157401	1462185157533	OK	 
REQUEST	injecteur 1	7		request_1	1462185157433	1462185157550	OK	 
REQUEST	injecteur 9	6		request_9	1462185157440	1462185157554	OK	 
REQUEST	injecteur 3	3		request_3	1462185157451	1462185157566	OK	 
REQUEST	injecteur 6	8		request_6	1462185157493	1462185157586	OK	 
REQUEST	injecteur 2	9		request_2	1462185157468	1462185157608	OK	 
REQUEST	injecteur 8	4		request_8	1462185157502	1462185157612	OK	 
REQUEST	injecteur 7	2		request_7	1462185157464	1462185157604	KO	status.find.is(200), but actually found 400
REQUEST	injecteur 10	5		request_10	1462185157510	1462185157633	OK	 
REQUEST	injecteur 4	1		request_4	1462185157562	1462185157655	OK	 
REQUEST	injecteur 5	10		request_5	1462185157557	1462185157661	OK	 
REQUEST	injecteur 1	7		request_1	1462185157567	1462185157665	OK	 
REQUEST	injecteur 9	6		request_9	1462185157568	1462185157671	OK	 
REQUEST	injecteur 3	3		request_3	1462185157575	1462185157684	OK	 
REQUEST	injecteur 6	8		request_6	1462185157607	1462185157703	OK	 
REQUEST	injecteur 2	9		request_2	1462185157613	1462185157717	OK	 
REQUEST	injecteur 8	4		request_8	1462185157633	1462185157739	OK	 
REQUEST	injecteur 10	5		request_10	1462185157640	1462185157750	OK	 
REQUEST	injecteur 4	1		request_4	1462185157665	1462185157770	OK	 
REQUEST	injecteur 7	2		request_7	1462185157633	1462185157769	KO	status.find.is(200), but actually found 400
REQUEST	injecteur 1	7		request_1	1462185157672	1462185157786	OK	 
REQUEST	injecteur 9	6		request_9	1462185157675	1462185157797	OK	 
REQUEST	injecteur 3	3		request_3	1462185157695	1462185157803	OK	 
