ASSERTION	AAMBAAMDBABk
RUN	InjectionsAndVerifications		injectionsandverifications	1462966091615	 	2.0
USER	injecteur 4	1	START	1462966093908	1462966093908
USER	injecteur 7	2	START	1462966093989	1462966093989
USER	injecteur 3	3	START	1462966094233	1462966094233
USER	injecteur 8	4	START	1462966094262	1462966094262
USER	injecteur 10	5	START	1462966094268	1462966094268
USER	injecteur 9	6	START	1462966094284	1462966094284
REQUEST	injecteur 8	4		request_7	1462966094263	1462966094307	OK	 
REQUEST	injecteur 4	1		request_3	1462966093975	1462966094241	OK	 
REQUEST	injecteur 9	6		request_8	1462966094285	1462966094337	OK	 
REQUEST	injecteur 8	4		request_7	1462966094333	1462966094339	OK	 
REQUEST	injecteur 4	1		request_3	1462966094334	1462966094344	OK	 
REQUEST	injecteur 7	2		request_6	1462966093990	1462966094345	OK	 
REQUEST	injecteur 10	5		request_9	1462966094275	1462966094349	OK	 
REQUEST	injecteur 8	4		request_7	1462966094340	1462966094354	OK	 
USER	injecteur 1	7	START	1462966094288	1462966094288
REQUEST	injecteur 3	3		request_2	1462966094236	1462966094356	OK	 
USER	injecteur 6	8	START	1462966094356	1462966094356
USER	injecteur 2	9	START	1462966094358	1462966094358
USER	injecteur 5	10	START	1462966094360	1462966094360
REQUEST	injecteur 10	5		request_9	1462966094350	1462966094379	OK	 
REQUEST	injecteur 8	4		request_7	1462966094355	1462966094379	OK	 
REQUEST	injecteur 3	3		request_2	1462966094357	1462966094388	OK	 
REQUEST	injecteur 9	6		request_8	1462966094339	1462966094390	OK	 
REQUEST	injecteur 3	3		request_2	1462966094390	1462966094403	OK	 
REQUEST	injecteur 3	3		request_2	1462966094405	1462966094411	OK	 
REQUEST	injecteur 10	5		request_9	1462966094381	1462966094423	OK	 
REQUEST	injecteur 8	4		request_7	1462966094381	1462966094424	OK	 
REQUEST	injecteur 3	3		request_2	1462966094412	1462966094428	OK	 
REQUEST	injecteur 9	6		request_8	1462966094395	1462966094432	OK	 
REQUEST	injecteur 3	3		request_2	1462966094429	1462966094436	OK	 
REQUEST	injecteur 8	4		request_7	1462966094425	1462966094443	OK	 
REQUEST	injecteur 3	3		request_2	1462966094437	1462966094455	OK	 
REQUEST	injecteur 10	5		request_9	1462966094429	1462966094457	OK	 
REQUEST	injecteur 9	6		request_8	1462966094439	1462966094460	OK	 
REQUEST	injecteur 3	3		request_2	1462966094457	1462966094462	OK	 
REQUEST	injecteur 3	3		request_2	1462966094464	1462966094469	OK	 
REQUEST	injecteur 10	5		request_9	1462966094458	1462966094475	OK	 
REQUEST	injecteur 8	4		request_7	1462966094444	1462966094492	OK	 
REQUEST	injecteur 3	3		request_2	1462966094470	1462966094492	OK	 
REQUEST	injecteur 10	5		request_9	1462966094476	1462966094492	OK	 
REQUEST	injecteur 9	6		request_8	1462966094461	1462966094492	OK	 
REQUEST	injecteur 8	4		request_7	1462966094493	1462966094512	OK	 
REQUEST	injecteur 3	3		request_2	1462966094493	1462966094513	OK	 
REQUEST	injecteur 10	5		request_9	1462966094493	1462966094515	OK	 
REQUEST	injecteur 4	1		request_3	1462966094345	1462966094520	OK	 
REQUEST	injecteur 9	6		request_8	1462966094496	1462966094524	OK	 
REQUEST	injecteur 7	2		request_6	1462966094348	1462966094531	OK	 
REQUEST	injecteur 3	3		request_2	1462966094514	1462966094537	OK	 
REQUEST	injecteur 3	3		request_2	1462966094538	1462966094544	OK	 
REQUEST	injecteur 8	4		request_7	1462966094514	1462966094550	OK	 
REQUEST	injecteur 10	5		request_9	1462966094517	1462966094554	OK	 
REQUEST	injecteur 4	1		request_3	1462966094521	1462966094562	OK	 
REQUEST	injecteur 1	7		request_0	1462966094289	1462966094569	OK	 
REQUEST	injecteur 9	6		request_8	1462966094528	1462966094576	OK	 
REQUEST	injecteur 3	3		request_2	1462966094545	1462966094595	OK	 
REQUEST	injecteur 4	1		request_3	1462966094563	1462966094602	OK	 
REQUEST	injecteur 2	9		request_1	1462966094359	1462966094606	OK	 
REQUEST	injecteur 9	6		request_8	1462966094584	1462966094610	OK	 
REQUEST	injecteur 5	10		request_4	1462966094360	1462966094620	OK	 
REQUEST	injecteur 7	2		request_6	1462966094534	1462966094626	OK	 
REQUEST	injecteur 8	4		request_7	1462966094551	1462966094629	OK	 
REQUEST	injecteur 10	5		request_9	1462966094555	1462966094647	OK	 
REQUEST	injecteur 1	7		request_0	1462966094570	1462966094649	OK	 
REQUEST	injecteur 9	6		request_8	1462966094613	1462966094656	OK	 
REQUEST	injecteur 6	8		request_5	1462966094357	1462966094663	OK	 
REQUEST	injecteur 3	3		request_2	1462966094597	1462966094665	OK	 
REQUEST	injecteur 4	1		request_3	1462966094603	1462966094671	OK	 
REQUEST	injecteur 2	9		request_1	1462966094607	1462966094673	OK	 
REQUEST	injecteur 5	10		request_4	1462966094625	1462966094677	OK	 
REQUEST	injecteur 7	2		request_6	1462966094628	1462966094686	OK	 
REQUEST	injecteur 8	4		request_7	1462966094631	1462966094689	OK	 
REQUEST	injecteur 10	5		request_9	1462966094648	1462966094692	OK	 
REQUEST	injecteur 3	3		request_2	1462966094666	1462966094696	OK	 
REQUEST	injecteur 1	7		request_0	1462966094651	1462966094704	OK	 
REQUEST	injecteur 9	6		request_8	1462966094659	1462966094712	OK	 
REQUEST	injecteur 6	8		request_5	1462966094664	1462966094720	OK	 
REQUEST	injecteur 4	1		request_3	1462966094672	1462966094725	OK	 
REQUEST	injecteur 2	9		request_1	1462966094674	1462966094730	OK	 
REQUEST	injecteur 5	10		request_4	1462966094679	1462966094733	OK	 
REQUEST	injecteur 8	4		request_7	1462966094690	1462966094737	OK	 
REQUEST	injecteur 3	3		request_2	1462966094697	1462966094741	OK	 
REQUEST	injecteur 1	7		request_0	1462966094705	1462966094748	OK	 
REQUEST	injecteur 10	5		request_9	1462966094693	1462966094754	OK	 
REQUEST	injecteur 7	2		request_6	1462966094698	1462966094760	OK	 
REQUEST	injecteur 9	6		request_8	1462966094714	1462966094764	OK	 
REQUEST	injecteur 4	1		request_3	1462966094727	1462966094770	OK	 
REQUEST	injecteur 2	9		request_1	1462966094731	1462966094773	OK	 
REQUEST	injecteur 6	8		request_5	1462966094723	1462966094770	OK	 
REQUEST	injecteur 3	3		request_2	1462966094742	1462966094785	OK	 
REQUEST	injecteur 1	7		request_0	1462966094749	1462966094791	OK	 
REQUEST	injecteur 5	10		request_4	1462966094734	1462966094793	OK	 
REQUEST	injecteur 8	4		request_7	1462966094738	1462966094796	OK	 
REQUEST	injecteur 10	5		request_9	1462966094755	1462966094799	OK	 
REQUEST	injecteur 7	2		request_6	1462966094761	1462966094801	OK	 
REQUEST	injecteur 9	6		request_8	1462966094765	1462966094804	OK	 
REQUEST	injecteur 4	1		request_3	1462966094771	1462966094811	OK	 
REQUEST	injecteur 2	9		request_1	1462966094774	1462966094813	OK	 
REQUEST	injecteur 3	3		request_2	1462966094786	1462966094816	OK	 
REQUEST	injecteur 1	7		request_0	1462966094792	1462966094821	OK	 
REQUEST	injecteur 6	8		request_5	1462966094777	1462966094826	OK	 
REQUEST	injecteur 5	10		request_4	1462966094795	1462966094832	OK	 
REQUEST	injecteur 8	4		request_7	1462966094797	1462966094835	OK	 
REQUEST	injecteur 10	5		request_9	1462966094799	1462966094838	OK	 
REQUEST	injecteur 7	2		request_6	1462966094803	1462966094843	OK	 
REQUEST	injecteur 4	1		request_3	1462966094812	1462966094848	OK	 
REQUEST	injecteur 3	3		request_2	1462966094817	1462966094852	OK	 
REQUEST	injecteur 9	6		request_8	1462966094807	1462966094852	OK	 
REQUEST	injecteur 1	7		request_0	1462966094822	1462966094857	OK	 
REQUEST	injecteur 2	9		request_1	1462966094814	1462966094863	OK	 
REQUEST	injecteur 6	8		request_5	1462966094828	1462966094867	OK	 
REQUEST	injecteur 5	10		request_4	1462966094833	1462966094872	OK	 
REQUEST	injecteur 8	4		request_7	1462966094836	1462966094876	OK	 
REQUEST	injecteur 10	5		request_9	1462966094839	1462966094879	OK	 
REQUEST	injecteur 4	1		request_3	1462966094849	1462966094883	OK	 
REQUEST	injecteur 7	2		request_6	1462966094849	1462966094888	OK	 
REQUEST	injecteur 3	3		request_2	1462966094853	1462966094891	OK	 
REQUEST	injecteur 1	7		request_0	1462966094858	1462966094896	OK	 
REQUEST	injecteur 9	6		request_8	1462966094857	1462966094900	OK	 
REQUEST	injecteur 2	9		request_1	1462966094864	1462966094904	OK	 
REQUEST	injecteur 6	8		request_5	1462966094869	1462966094907	OK	 
REQUEST	injecteur 5	10		request_4	1462966094874	1462966094910	OK	 
REQUEST	injecteur 8	4		request_7	1462966094877	1462966094916	OK	 
REQUEST	injecteur 3	3		request_2	1462966094892	1462966094916	OK	 
REQUEST	injecteur 1	7		request_0	1462966094896	1462966094922	OK	 
REQUEST	injecteur 10	5		request_9	1462966094880	1462966094928	OK	 
REQUEST	injecteur 4	1		request_3	1462966094884	1462966094931	OK	 
REQUEST	injecteur 7	2		request_6	1462966094890	1462966094935	OK	 
REQUEST	injecteur 2	9		request_1	1462966094905	1462966094942	OK	 
REQUEST	injecteur 9	6		request_8	1462966094902	1462966094943	OK	 
REQUEST	injecteur 3	3		request_2	1462966094917	1462966094951	OK	 
REQUEST	injecteur 1	7		request_0	1462966094923	1462966094957	OK	 
REQUEST	injecteur 8	4		request_7	1462966094917	1462966094967	OK	 
REQUEST	injecteur 3	3		request_2	1462966094953	1462966094988	OK	 
REQUEST	injecteur 4	1		request_3	1462966094933	1462966094990	OK	 
REQUEST	injecteur 2	9		request_1	1462966094944	1462966094993	OK	 
REQUEST	injecteur 10	5		request_9	1462966094929	1462966094995	OK	 
REQUEST	injecteur 5	10		request_4	1462966094911	1462966094995	OK	 
REQUEST	injecteur 1	7		request_0	1462966094958	1462966095000	OK	 
REQUEST	injecteur 1	7		request_0	1462966095001	1462966095009	OK	 
REQUEST	injecteur 7	2		request_6	1462966094938	1462966095013	OK	 
REQUEST	injecteur 6	8		request_5	1462966094908	1462966095027	OK	 
REQUEST	injecteur 8	4		request_7	1462966094968	1462966095031	OK	 
REQUEST	injecteur 3	3		request_2	1462966094989	1462966095035	OK	 
REQUEST	injecteur 4	1		request_3	1462966094991	1462966095040	OK	 
REQUEST	injecteur 2	9		request_1	1462966094994	1462966095043	OK	 
REQUEST	injecteur 10	5		request_9	1462966094996	1462966095046	OK	 
REQUEST	injecteur 5	10		request_4	1462966094997	1462966095049	OK	 
REQUEST	injecteur 1	7		request_0	1462966095010	1462966095053	OK	 
REQUEST	injecteur 3	3		request_2	1462966095036	1462966095059	OK	 
REQUEST	injecteur 7	2		request_6	1462966095020	1462966095064	OK	 
REQUEST	injecteur 6	8		request_5	1462966095029	1462966095066	OK	 
REQUEST	injecteur 9	6		request_8	1462966094963	1462966095070	OK	 
REQUEST	injecteur 8	4		request_7	1462966095032	1462966095072	OK	 
REQUEST	injecteur 4	1		request_3	1462966095041	1462966095075	OK	 
REQUEST	injecteur 2	9		request_1	1462966095044	1462966095082	OK	 
REQUEST	injecteur 10	5		request_9	1462966095047	1462966095085	OK	 
REQUEST	injecteur 1	7		request_0	1462966095054	1462966095086	OK	 
REQUEST	injecteur 3	3		request_2	1462966095060	1462966095092	OK	 
REQUEST	injecteur 5	10		request_4	1462966095050	1462966095104	OK	 
REQUEST	injecteur 7	2		request_6	1462966095065	1462966095118	OK	 
REQUEST	injecteur 6	8		request_5	1462966095067	1462966095122	OK	 
REQUEST	injecteur 9	6		request_8	1462966095071	1462966095125	OK	 
REQUEST	injecteur 8	4		request_7	1462966095073	1462966095128	OK	 
REQUEST	injecteur 4	1		request_3	1462966095077	1462966095135	OK	 
REQUEST	injecteur 1	7		request_0	1462966095087	1462966095138	OK	 
REQUEST	injecteur 3	3		request_2	1462966095093	1462966095144	OK	 
REQUEST	injecteur 2	9		request_1	1462966095083	1462966095149	OK	 
REQUEST	injecteur 10	5		request_9	1462966095085	1462966095152	OK	 
REQUEST	injecteur 5	10		request_4	1462966095105	1462966095156	OK	 
REQUEST	injecteur 7	2		request_6	1462966095120	1462966095159	OK	 
REQUEST	injecteur 6	8		request_5	1462966095123	1462966095162	OK	 
REQUEST	injecteur 9	6		request_8	1462966095127	1462966095165	OK	 
REQUEST	injecteur 8	4		request_7	1462966095129	1462966095167	OK	 
REQUEST	injecteur 1	7		request_0	1462966095139	1462966095170	OK	 
REQUEST	injecteur 3	3		request_2	1462966095145	1462966095177	OK	 
REQUEST	injecteur 4	1		request_3	1462966095136	1462966095181	OK	 
REQUEST	injecteur 2	9		request_1	1462966095150	1462966095183	OK	 
REQUEST	injecteur 10	5		request_9	1462966095153	1462966095187	OK	 
REQUEST	injecteur 1	7		request_0	1462966095171	1462966095194	OK	 
REQUEST	injecteur 5	10		request_4	1462966095157	1462966095196	OK	 
REQUEST	injecteur 7	2		request_6	1462966095160	1462966095198	OK	 
REQUEST	injecteur 3	3		request_2	1462966095178	1462966095199	OK	 
REQUEST	injecteur 8	4		request_7	1462966095168	1462966095203	OK	 
REQUEST	injecteur 4	1		request_3	1462966095182	1462966095208	OK	 
REQUEST	injecteur 2	9		request_1	1462966095186	1462966095210	OK	 
REQUEST	injecteur 6	8		request_5	1462966095163	1462966095203	OK	 
REQUEST	injecteur 10	5		request_9	1462966095188	1462966095212	OK	 
REQUEST	injecteur 1	7		request_0	1462966095195	1462966095215	OK	 
REQUEST	injecteur 9	6		request_8	1462966095169	1462966095219	OK	 
REQUEST	injecteur 3	3		request_2	1462966095200	1462966095220	OK	 
REQUEST	injecteur 5	10		request_4	1462966095196	1462966095225	OK	 
REQUEST	injecteur 7	2		request_6	1462966095199	1462966095228	OK	 
REQUEST	injecteur 8	4		request_7	1462966095204	1462966095230	OK	 
REQUEST	injecteur 1	7		request_0	1462966095216	1462966095240	OK	 
REQUEST	injecteur 4	1		request_3	1462966095209	1462966095245	OK	 
REQUEST	injecteur 3	3		request_2	1462966095221	1462966095245	OK	 
REQUEST	injecteur 2	9		request_1	1462966095211	1462966095247	OK	 
REQUEST	injecteur 10	5		request_9	1462966095213	1462966095249	OK	 
REQUEST	injecteur 6	8		request_5	1462966095218	1462966095251	OK	 
REQUEST	injecteur 8	4		request_7	1462966095231	1462966095260	OK	 
REQUEST	injecteur 9	6		request_8	1462966095221	1462966095262	OK	 
REQUEST	injecteur 1	7		request_0	1462966095241	1462966095262	OK	 
REQUEST	injecteur 5	10		request_4	1462966095227	1462966095260	OK	 
REQUEST	injecteur 3	3		request_2	1462966095245	1462966095266	OK	 
REQUEST	injecteur 4	1		request_3	1462966095245	1462966095274	OK	 
REQUEST	injecteur 7	2		request_6	1462966095235	1462966095276	OK	 
REQUEST	injecteur 2	9		request_1	1462966095248	1462966095281	OK	 
REQUEST	injecteur 10	5		request_9	1462966095250	1462966095283	OK	 
REQUEST	injecteur 6	8		request_5	1462966095259	1462966095286	OK	 
REQUEST	injecteur 1	7		request_0	1462966095263	1462966095288	OK	 
REQUEST	injecteur 3	3		request_2	1462966095267	1462966095292	OK	 
REQUEST	injecteur 8	4		request_7	1462966095261	1462966095297	OK	 
REQUEST	injecteur 9	6		request_8	1462966095262	1462966095300	OK	 
REQUEST	injecteur 4	1		request_3	1462966095275	1462966095304	OK	 
REQUEST	injecteur 5	10		request_4	1462966095265	1462966095305	OK	 
REQUEST	injecteur 7	2		request_6	1462966095277	1462966095307	OK	 
REQUEST	injecteur 2	9		request_1	1462966095282	1462966095309	OK	 
REQUEST	injecteur 10	5		request_9	1462966095284	1462966095312	OK	 
REQUEST	injecteur 1	7		request_0	1462966095289	1462966095314	OK	 
REQUEST	injecteur 3	3		request_2	1462966095293	1462966095319	OK	 
REQUEST	injecteur 6	8		request_5	1462966095289	1462966095324	OK	 
REQUEST	injecteur 8	4		request_7	1462966095298	1462966095326	OK	 
REQUEST	injecteur 9	6		request_8	1462966095302	1462966095328	OK	 
REQUEST	injecteur 4	1		request_3	1462966095305	1462966095331	OK	 
REQUEST	injecteur 5	10		request_4	1462966095306	1462966095333	OK	 
REQUEST	injecteur 2	9		request_1	1462966095309	1462966095335	OK	 
REQUEST	injecteur 7	2		request_6	1462966095309	1462966095338	OK	 
REQUEST	injecteur 1	7		request_0	1462966095315	1462966095340	OK	 
REQUEST	injecteur 3	3		request_2	1462966095320	1462966095345	OK	 
REQUEST	injecteur 10	5		request_9	1462966095314	1462966095350	OK	 
REQUEST	injecteur 6	8		request_5	1462966095325	1462966095354	OK	 
REQUEST	injecteur 8	4		request_7	1462966095327	1462966095356	OK	 
REQUEST	injecteur 4	1		request_3	1462966095332	1462966095361	OK	 
REQUEST	injecteur 9	6		request_8	1462966095329	1462966095365	OK	 
REQUEST	injecteur 2	9		request_1	1462966095336	1462966095367	OK	 
REQUEST	injecteur 1	7		request_0	1462966095341	1462966095369	OK	 
REQUEST	injecteur 5	10		request_4	1462966095334	1462966095371	OK	 
REQUEST	injecteur 3	3		request_2	1462966095345	1462966095374	OK	 
REQUEST	injecteur 7	2		request_6	1462966095339	1462966095378	OK	 
REQUEST	injecteur 10	5		request_9	1462966095351	1462966095381	OK	 
REQUEST	injecteur 8	4		request_7	1462966095357	1462966095385	OK	 
REQUEST	injecteur 4	1		request_3	1462966095362	1462966095388	OK	 
REQUEST	injecteur 1	7		request_0	1462966095370	1462966095392	OK	 
REQUEST	injecteur 6	8		request_5	1462966095355	1462966095392	OK	 
REQUEST	injecteur 3	3		request_2	1462966095375	1462966095396	OK	 
REQUEST	injecteur 9	6		request_8	1462966095366	1462966095401	OK	 
REQUEST	injecteur 2	9		request_1	1462966095368	1462966095404	OK	 
REQUEST	injecteur 5	10		request_4	1462966095374	1462966095407	OK	 
REQUEST	injecteur 10	5		request_9	1462966095382	1462966095409	OK	 
REQUEST	injecteur 8	4		request_7	1462966095386	1462966095411	OK	 
REQUEST	injecteur 1	7		request_0	1462966095392	1462966095413	OK	 
REQUEST	injecteur 3	3		request_2	1462966095397	1462966095418	OK	 
REQUEST	injecteur 4	1		request_3	1462966095389	1462966095424	OK	 
REQUEST	injecteur 7	2		request_6	1462966095388	1462966095428	OK	 
REQUEST	injecteur 2	9		request_1	1462966095405	1462966095435	OK	 
REQUEST	injecteur 10	5		request_9	1462966095410	1462966095437	OK	 
REQUEST	injecteur 1	7		request_0	1462966095414	1462966095442	OK	 
REQUEST	injecteur 3	3		request_2	1462966095419	1462966095447	OK	 
REQUEST	injecteur 8	4		request_7	1462966095412	1462966095452	OK	 
REQUEST	injecteur 6	8		request_5	1462966095398	1462966095451	OK	 
REQUEST	injecteur 4	1		request_3	1462966095425	1462966095456	OK	 
REQUEST	injecteur 2	9		request_1	1462966095436	1462966095464	OK	 
REQUEST	injecteur 1	7		request_0	1462966095443	1462966095466	OK	 
REQUEST	injecteur 9	6		request_8	1462966095402	1462966095464	OK	 
REQUEST	injecteur 3	3		request_2	1462966095448	1462966095470	OK	 
REQUEST	injecteur 8	4		request_7	1462966095453	1462966095477	OK	 
REQUEST	injecteur 5	10		request_4	1462966095415	1462966095481	OK	 
REQUEST	injecteur 7	2		request_6	1462966095431	1462966095483	OK	 
REQUEST	injecteur 4	1		request_3	1462966095457	1462966095493	OK	 
REQUEST	injecteur 10	5		request_9	1462966095438	1462966095475	OK	 
REQUEST	injecteur 3	3		request_2	1462966095471	1462966095496	OK	 
REQUEST	injecteur 1	7		request_0	1462966095467	1462966095497	OK	 
REQUEST	injecteur 6	8		request_5	1462966095462	1462966095498	OK	 
REQUEST	injecteur 2	9		request_1	1462966095465	1462966095502	OK	 
REQUEST	injecteur 9	6		request_8	1462966095469	1462966095504	OK	 
REQUEST	injecteur 5	10		request_4	1462966095482	1462966095508	OK	 
REQUEST	injecteur 8	4		request_7	1462966095478	1462966095509	OK	 
REQUEST	injecteur 4	1		request_3	1462966095494	1462966095512	OK	 
REQUEST	injecteur 3	3		request_2	1462966095496	1462966095515	OK	 
REQUEST	injecteur 7	2		request_6	1462966095484	1462966095516	OK	 
REQUEST	injecteur 10	5		request_9	1462966095496	1462966095519	OK	 
REQUEST	injecteur 1	7		request_0	1462966095498	1462966095521	OK	 
REQUEST	injecteur 6	8		request_5	1462966095499	1462966095525	OK	 
REQUEST	injecteur 2	9		request_1	1462966095502	1462966095528	OK	 
REQUEST	injecteur 9	6		request_8	1462966095505	1462966095530	OK	 
REQUEST	injecteur 3	3		request_2	1462966095515	1462966095533	OK	 
REQUEST	injecteur 1	7		request_0	1462966095521	1462966095537	OK	 
REQUEST	injecteur 8	4		request_7	1462966095510	1462966095541	OK	 
REQUEST	injecteur 4	1		request_3	1462966095513	1462966095544	OK	 
REQUEST	injecteur 5	10		request_4	1462966095511	1462966095546	OK	 
REQUEST	injecteur 7	2		request_6	1462966095517	1462966095548	OK	 
REQUEST	injecteur 10	5		request_9	1462966095520	1462966095550	OK	 
REQUEST	injecteur 6	8		request_5	1462966095526	1462966095552	OK	 
REQUEST	injecteur 2	9		request_1	1462966095529	1462966095555	OK	 
REQUEST	injecteur 3	3		request_2	1462966095533	1462966095557	OK	 
REQUEST	injecteur 1	7		request_0	1462966095537	1462966095561	OK	 
REQUEST	injecteur 9	6		request_8	1462966095531	1462966095565	OK	 
REQUEST	injecteur 8	4		request_7	1462966095542	1462966095568	OK	 
REQUEST	injecteur 4	1		request_3	1462966095545	1462966095571	OK	 
REQUEST	injecteur 5	10		request_4	1462966095547	1462966095573	OK	 
REQUEST	injecteur 7	2		request_6	1462966095549	1462966095576	OK	 
REQUEST	injecteur 10	5		request_9	1462966095550	1462966095578	OK	 
REQUEST	injecteur 6	8		request_5	1462966095553	1462966095580	OK	 
REQUEST	injecteur 3	3		request_2	1462966095557	1462966095583	OK	 
REQUEST	injecteur 1	7		request_0	1462966095561	1462966095587	OK	 
REQUEST	injecteur 2	9		request_1	1462966095556	1462966095591	OK	 
REQUEST	injecteur 9	6		request_8	1462966095566	1462966095594	OK	 
REQUEST	injecteur 8	4		request_7	1462966095569	1462966095596	OK	 
REQUEST	injecteur 4	1		request_3	1462966095572	1462966095598	OK	 
REQUEST	injecteur 5	10		request_4	1462966095574	1462966095600	OK	 
REQUEST	injecteur 7	2		request_6	1462966095576	1462966095602	OK	 
REQUEST	injecteur 10	5		request_9	1462966095579	1462966095605	OK	 
REQUEST	injecteur 3	3		request_2	1462966095583	1462966095609	OK	 
REQUEST	injecteur 1	7		request_0	1462966095587	1462966095614	OK	 
REQUEST	injecteur 6	8		request_5	1462966095581	1462966095619	OK	 
REQUEST	injecteur 2	9		request_1	1462966095592	1462966095622	OK	 
REQUEST	injecteur 9	6		request_8	1462966095594	1462966095624	OK	 
REQUEST	injecteur 4	1		request_3	1462966095599	1462966095629	OK	 
REQUEST	injecteur 5	10		request_4	1462966095601	1462966095630	OK	 
REQUEST	injecteur 3	3		request_2	1462966095610	1462966095633	OK	 
REQUEST	injecteur 1	7		request_0	1462966095615	1462966095637	OK	 
REQUEST	injecteur 7	2		request_6	1462966095605	1462966095642	OK	 
REQUEST	injecteur 10	5		request_9	1462966095606	1462966095644	OK	 
REQUEST	injecteur 8	4		request_7	1462966095610	1462966095646	OK	 
REQUEST	injecteur 6	8		request_5	1462966095620	1462966095668	OK	 
REQUEST	injecteur 9	6		request_8	1462966095625	1462966095670	OK	 
REQUEST	injecteur 1	7		request_0	1462966095638	1462966095670	OK	 
REQUEST	injecteur 2	9		request_1	1462966095623	1462966095676	OK	 
REQUEST	injecteur 3	3		request_2	1462966095633	1462966095676	OK	 
REQUEST	injecteur 8	4		request_7	1462966095647	1462966095676	OK	 
REQUEST	injecteur 5	10		request_4	1462966095631	1462966095676	OK	 
REQUEST	injecteur 7	2		request_6	1462966095642	1462966095677	OK	 
REQUEST	injecteur 4	1		request_3	1462966095630	1462966095677	OK	 
REQUEST	injecteur 10	5		request_9	1462966095645	1462966095680	OK	 
REQUEST	injecteur 1	7		request_0	1462966095671	1462966095682	OK	 
REQUEST	injecteur 6	8		request_5	1462966095669	1462966095683	OK	 
REQUEST	injecteur 9	6		request_8	1462966095671	1462966095686	OK	 
REQUEST	injecteur 3	3		request_2	1462966095677	1462966095689	OK	 
REQUEST	injecteur 8	4		request_7	1462966095677	1462966095693	OK	 
REQUEST	injecteur 2	9		request_1	1462966095677	1462966095695	OK	 
REQUEST	injecteur 5	10		request_4	1462966095677	1462966095697	OK	 
REQUEST	injecteur 4	1		request_3	1462966095678	1462966095700	OK	 
REQUEST	injecteur 7	2		request_6	1462966095678	1462966095703	OK	 
REQUEST	injecteur 1	7		request_0	1462966095682	1462966095704	OK	 
REQUEST	injecteur 3	3		request_2	1462966095690	1462966095708	OK	 
REQUEST	injecteur 6	8		request_5	1462966095684	1462966095712	OK	 
REQUEST	injecteur 9	6		request_8	1462966095687	1462966095715	OK	 
REQUEST	injecteur 8	4		request_7	1462966095694	1462966095717	OK	 
REQUEST	injecteur 2	9		request_1	1462966095696	1462966095719	OK	 
REQUEST	injecteur 10	5		request_9	1462966095680	1462966095721	OK	 
REQUEST	injecteur 5	10		request_4	1462966095698	1462966095724	OK	 
REQUEST	injecteur 4	1		request_3	1462966095701	1462966095727	OK	 
REQUEST	injecteur 3	3		request_2	1462966095708	1462966095731	OK	 
REQUEST	injecteur 7	2		request_6	1462966095704	1462966095736	OK	 
REQUEST	injecteur 6	8		request_5	1462966095713	1462966095739	OK	 
REQUEST	injecteur 9	6		request_8	1462966095715	1462966095744	OK	 
REQUEST	injecteur 8	4		request_7	1462966095718	1462966095744	OK	 
REQUEST	injecteur 2	9		request_1	1462966095720	1462966095747	OK	 
REQUEST	injecteur 10	5		request_9	1462966095722	1462966095749	OK	 
REQUEST	injecteur 5	10		request_4	1462966095725	1462966095752	OK	 
REQUEST	injecteur 3	3		request_2	1462966095732	1462966095754	OK	 
REQUEST	injecteur 4	1		request_3	1462966095727	1462966095759	OK	 
REQUEST	injecteur 7	2		request_6	1462966095737	1462966095763	OK	 
REQUEST	injecteur 6	8		request_5	1462966095740	1462966095765	OK	 
REQUEST	injecteur 1	7		request_0	1462966095705	1462966095819	OK	 
REQUEST	injecteur 10	5		request_9	1462966095750	1462966095821	OK	 
REQUEST	injecteur 3	3		request_2	1462966095755	1462966095821	OK	 
REQUEST	injecteur 5	10		request_4	1462966095752	1462966095821	OK	 
REQUEST	injecteur 2	9		request_1	1462966095748	1462966095822	OK	 
REQUEST	injecteur 4	1		request_3	1462966095760	1462966095823	OK	 
REQUEST	injecteur 7	2		request_6	1462966095764	1462966095828	OK	 
REQUEST	injecteur 8	4		request_7	1462966095745	1462966095832	OK	 
REQUEST	injecteur 8	4		request_7	1462966095833	1462966095860	OK	 
REQUEST	injecteur 10	5		request_9	1462966095825	1462966095860	OK	 
REQUEST	injecteur 9	6		request_8	1462966095745	1462966095860	OK	 
REQUEST	injecteur 3	3		request_2	1462966095821	1462966095861	OK	 
REQUEST	injecteur 5	10		request_4	1462966095821	1462966095861	OK	 
REQUEST	injecteur 2	9		request_1	1462966095822	1462966095862	OK	 
REQUEST	injecteur 1	7		request_0	1462966095820	1462966095862	OK	 
REQUEST	injecteur 7	2		request_6	1462966095831	1462966095868	OK	 
REQUEST	injecteur 4	1		request_3	1462966095824	1462966095870	OK	 
REQUEST	injecteur 10	5		request_9	1462966095861	1462966095881	OK	 
REQUEST	injecteur 8	4		request_7	1462966095861	1462966095883	OK	 
REQUEST	injecteur 3	3		request_2	1462966095861	1462966095888	OK	 
REQUEST	injecteur 5	10		request_4	1462966095861	1462966095894	OK	 
REQUEST	injecteur 1	7		request_0	1462966095863	1462966095922	OK	 
REQUEST	injecteur 2	9		request_1	1462966095862	1462966095924	OK	 
REQUEST	injecteur 7	2		request_6	1462966095869	1462966095929	OK	 
REQUEST	injecteur 4	1		request_3	1462966095870	1462966095931	OK	 
REQUEST	injecteur 9	6		request_8	1462966095872	1462966095936	OK	 
REQUEST	injecteur 2	9		request_1	1462966095925	1462966095943	OK	 
REQUEST	injecteur 4	1		request_3	1462966095932	1462966095948	OK	 
REQUEST	injecteur 6	8		request_5	1462966095873	1462966095953	OK	 
REQUEST	injecteur 10	5		request_9	1462966095882	1462966095955	OK	 
REQUEST	injecteur 5	10		request_4	1462966095898	1462966095962	OK	 
REQUEST	injecteur 8	4		request_7	1462966095884	1462966095963	OK	 
REQUEST	injecteur 3	3		request_2	1462966095889	1462966095967	OK	 
REQUEST	injecteur 1	7		request_0	1462966095922	1462966095970	OK	 
REQUEST	injecteur 2	9		request_1	1462966095945	1462966095975	OK	 
REQUEST	injecteur 4	1		request_3	1462966095949	1462966095981	OK	 
REQUEST	injecteur 10	5		request_9	1462966095956	1462966095987	OK	 
REQUEST	injecteur 7	2		request_6	1462966095930	1462966095987	OK	 
REQUEST	injecteur 9	6		request_8	1462966095952	1462966096001	OK	 
REQUEST	injecteur 6	8		request_5	1462966095960	1462966096027	OK	 
REQUEST	injecteur 8	4		request_7	1462966095964	1462966096030	OK	 
REQUEST	injecteur 3	3		request_2	1462966095968	1462966096036	OK	 
REQUEST	injecteur 1	7		request_0	1462966095971	1462966096040	OK	 
REQUEST	injecteur 2	9		request_1	1462966095975	1462966096045	OK	 
REQUEST	injecteur 4	1		request_3	1462966095982	1462966096048	OK	 
REQUEST	injecteur 10	5		request_9	1462966095988	1462966096051	OK	 
REQUEST	injecteur 3	3		request_2	1462966096036	1462966096054	OK	 
REQUEST	injecteur 1	7		request_0	1462966096041	1462966096058	OK	 
REQUEST	injecteur 5	10		request_4	1462966095974	1462966096062	OK	 
REQUEST	injecteur 7	2		request_6	1462966096000	1462966096066	OK	 
REQUEST	injecteur 9	6		request_8	1462966096003	1462966096071	OK	 
REQUEST	injecteur 6	8		request_5	1462966096028	1462966096074	OK	 
REQUEST	injecteur 8	4		request_7	1462966096031	1462966096076	OK	 
REQUEST	injecteur 3	3		request_2	1462966096055	1462966096085	OK	 
REQUEST	injecteur 1	7		request_0	1462966096059	1462966096089	OK	 
REQUEST	injecteur 2	9		request_1	1462966096046	1462966096096	OK	 
REQUEST	injecteur 4	1		request_3	1462966096049	1462966096098	OK	 
REQUEST	injecteur 10	5		request_9	1462966096052	1462966096101	OK	 
REQUEST	injecteur 5	10		request_4	1462966096063	1462966096103	OK	 
REQUEST	injecteur 7	2		request_6	1462966096067	1462966096106	OK	 
REQUEST	injecteur 9	6		request_8	1462966096071	1462966096109	OK	 
REQUEST	injecteur 3	3		request_2	1462966096085	1462966096114	OK	 
REQUEST	injecteur 1	7		request_0	1462966096090	1462966096118	OK	 
REQUEST	injecteur 8	4		request_7	1462966096077	1462966096122	OK	 
REQUEST	injecteur 6	8		request_5	1462966096074	1462966096127	OK	 
REQUEST	injecteur 2	9		request_1	1462966096096	1462966096127	OK	 
REQUEST	injecteur 4	1		request_3	1462966096099	1462966096130	OK	 
REQUEST	injecteur 10	5		request_9	1462966096104	1462966096133	OK	 
REQUEST	injecteur 5	10		request_4	1462966096104	1462966096136	OK	 
REQUEST	injecteur 7	2		request_6	1462966096108	1462966096138	OK	 
REQUEST	injecteur 9	6		request_8	1462966096125	1462966096141	OK	 
REQUEST	injecteur 8	4		request_7	1462966096125	1462966096144	OK	 
REQUEST	injecteur 3	3		request_2	1462966096125	1462966096146	OK	 
REQUEST	injecteur 1	7		request_0	1462966096126	1462966096150	OK	 
REQUEST	injecteur 6	8		request_5	1462966096128	1462966096155	OK	 
REQUEST	injecteur 2	9		request_1	1462966096128	1462966096157	OK	 
REQUEST	injecteur 4	1		request_3	1462966096131	1462966096160	OK	 
REQUEST	injecteur 10	5		request_9	1462966096134	1462966096162	OK	 
REQUEST	injecteur 5	10		request_4	1462966096136	1462966096164	OK	 
REQUEST	injecteur 3	3		request_2	1462966096147	1462966096167	OK	 
REQUEST	injecteur 1	7		request_0	1462966096151	1462966096171	OK	 
REQUEST	injecteur 7	2		request_6	1462966096139	1462966096177	OK	 
REQUEST	injecteur 9	6		request_8	1462966096141	1462966096180	OK	 
REQUEST	injecteur 8	4		request_7	1462966096144	1462966096181	OK	 
REQUEST	injecteur 6	8		request_5	1462966096155	1462966096184	OK	 
REQUEST	injecteur 2	9		request_1	1462966096158	1462966096187	OK	 
REQUEST	injecteur 4	1		request_3	1462966096160	1462966096191	OK	 
REQUEST	injecteur 10	5		request_9	1462966096163	1462966096195	OK	 
REQUEST	injecteur 3	3		request_2	1462966096168	1462966096197	OK	 
REQUEST	injecteur 1	7		request_0	1462966096172	1462966096201	OK	 
REQUEST	injecteur 5	10		request_4	1462966096165	1462966096206	OK	 
REQUEST	injecteur 7	2		request_6	1462966096178	1462966096210	OK	 
REQUEST	injecteur 9	6		request_8	1462966096181	1462966096213	OK	 
REQUEST	injecteur 8	4		request_7	1462966096182	1462966096217	OK	 
REQUEST	injecteur 6	8		request_5	1462966096186	1462966096220	OK	 
REQUEST	injecteur 2	9		request_1	1462966096188	1462966096225	OK	 
REQUEST	injecteur 3	3		request_2	1462966096198	1462966096228	OK	 
REQUEST	injecteur 1	7		request_0	1462966096202	1462966096234	OK	 
REQUEST	injecteur 4	1		request_3	1462966096194	1462966096239	OK	 
REQUEST	injecteur 10	5		request_9	1462966096196	1462966096243	OK	 
REQUEST	injecteur 5	10		request_4	1462966096207	1462966096247	OK	 
REQUEST	injecteur 7	2		request_6	1462966096210	1462966096250	OK	 
REQUEST	injecteur 9	6		request_8	1462966096214	1462966096255	OK	 
REQUEST	injecteur 8	4		request_7	1462966096218	1462966096258	OK	 
REQUEST	injecteur 6	8		request_5	1462966096221	1462966096261	OK	 
REQUEST	injecteur 3	3		request_2	1462966096229	1462966096265	OK	 
REQUEST	injecteur 1	7		request_0	1462966096234	1462966096269	OK	 
REQUEST	injecteur 2	9		request_1	1462966096225	1462966096273	OK	 
REQUEST	injecteur 4	1		request_3	1462966096240	1462966096278	OK	 
REQUEST	injecteur 10	5		request_9	1462966096244	1462966096280	OK	 
REQUEST	injecteur 5	10		request_4	1462966096248	1462966096284	OK	 
REQUEST	injecteur 7	2		request_6	1462966096251	1462966096286	OK	 
REQUEST	injecteur 9	6		request_8	1462966096256	1462966096289	OK	 
REQUEST	injecteur 3	3		request_2	1462966096265	1462966096294	OK	 
REQUEST	injecteur 1	7		request_0	1462966096270	1462966096298	OK	 
REQUEST	injecteur 6	8		request_5	1462966096262	1462966096303	OK	 
REQUEST	injecteur 2	9		request_1	1462966096274	1462966096305	OK	 
REQUEST	injecteur 4	1		request_3	1462966096279	1462966096308	OK	 
REQUEST	injecteur 8	4		request_7	1462966096258	1462966096309	OK	 
REQUEST	injecteur 10	5		request_9	1462966096281	1462966096310	OK	 
REQUEST	injecteur 5	10		request_4	1462966096284	1462966096313	OK	 
REQUEST	injecteur 7	2		request_6	1462966096287	1462966096316	OK	 
REQUEST	injecteur 9	6		request_8	1462966096289	1462966096319	OK	 
REQUEST	injecteur 3	3		request_2	1462966096294	1462966096322	OK	 
REQUEST	injecteur 1	7		request_0	1462966096299	1462966096326	OK	 
REQUEST	injecteur 6	8		request_5	1462966096303	1462966096330	OK	 
REQUEST	injecteur 2	9		request_1	1462966096306	1462966096333	OK	 
REQUEST	injecteur 4	1		request_3	1462966096308	1462966096335	OK	 
REQUEST	injecteur 8	4		request_7	1462966096310	1462966096337	OK	 
REQUEST	injecteur 10	5		request_9	1462966096311	1462966096340	OK	 
REQUEST	injecteur 5	10		request_4	1462966096314	1462966096342	OK	 
REQUEST	injecteur 7	2		request_6	1462966096317	1462966096345	OK	 
REQUEST	injecteur 3	3		request_2	1462966096322	1462966096347	OK	 
REQUEST	injecteur 1	7		request_0	1462966096326	1462966096352	OK	 
REQUEST	injecteur 9	6		request_8	1462966096320	1462966096356	OK	 
REQUEST	injecteur 6	8		request_5	1462966096331	1462966096359	OK	 
REQUEST	injecteur 2	9		request_1	1462966096333	1462966096361	OK	 
REQUEST	injecteur 4	1		request_3	1462966096336	1462966096363	OK	 
REQUEST	injecteur 8	4		request_7	1462966096338	1462966096365	OK	 
REQUEST	injecteur 10	5		request_9	1462966096341	1462966096368	OK	 
REQUEST	injecteur 5	10		request_4	1462966096343	1462966096371	OK	 
REQUEST	injecteur 3	3		request_2	1462966096348	1462966096373	OK	 
REQUEST	injecteur 1	7		request_0	1462966096353	1462966096377	OK	 
REQUEST	injecteur 7	2		request_6	1462966096345	1462966096381	OK	 
REQUEST	injecteur 9	6		request_8	1462966096357	1462966096384	OK	 
REQUEST	injecteur 6	8		request_5	1462966096359	1462966096386	OK	 
REQUEST	injecteur 2	9		request_1	1462966096362	1462966096389	OK	 
REQUEST	injecteur 4	1		request_3	1462966096364	1462966096391	OK	 
REQUEST	injecteur 8	4		request_7	1462966096366	1462966096394	OK	 
REQUEST	injecteur 10	5		request_9	1462966096368	1462966096396	OK	 
REQUEST	injecteur 3	3		request_2	1462966096373	1462966096399	OK	 
REQUEST	injecteur 1	7		request_0	1462966096378	1462966096403	OK	 
REQUEST	injecteur 5	10		request_4	1462966096371	1462966096416	OK	 
REQUEST	injecteur 2	9		request_1	1462966096389	1462966096427	OK	 
REQUEST	injecteur 4	1		request_3	1462966096392	1462966096432	OK	 
REQUEST	injecteur 8	4		request_7	1462966096394	1462966096434	OK	 
REQUEST	injecteur 3	3		request_2	1462966096400	1462966096438	OK	 
REQUEST	injecteur 7	2		request_6	1462966096382	1462966096442	OK	 
REQUEST	injecteur 1	7		request_0	1462966096404	1462966096443	OK	 
REQUEST	injecteur 8	4		request_7	1462966096434	1462966096447	OK	 
REQUEST	injecteur 9	6		request_8	1462966096384	1462966096451	OK	 
REQUEST	injecteur 10	5		request_9	1462966096397	1462966096453	OK	 
REQUEST	injecteur 2	9		request_1	1462966096430	1462966096456	OK	 
REQUEST	injecteur 3	3		request_2	1462966096439	1462966096460	OK	 
REQUEST	injecteur 1	7		request_0	1462966096444	1462966096466	OK	 
REQUEST	injecteur 6	8		request_5	1462966096387	1462966096472	OK	 
REQUEST	injecteur 4	1		request_3	1462966096433	1462966096458	OK	 
REQUEST	injecteur 5	10		request_4	1462966096428	1462966096481	OK	 
REQUEST	injecteur 8	4		request_7	1462966096448	1462966096486	OK	 
REQUEST	injecteur 9	6		request_8	1462966096452	1462966096492	OK	 
REQUEST	injecteur 10	5		request_9	1462966096454	1462966096494	OK	 
REQUEST	injecteur 2	9		request_1	1462966096457	1462966096499	OK	 
REQUEST	injecteur 3	3		request_2	1462966096461	1462966096502	OK	 
REQUEST	injecteur 1	7		request_0	1462966096467	1462966096507	OK	 
REQUEST	injecteur 6	8		request_5	1462966096478	1462966096512	OK	 
REQUEST	injecteur 7	2		request_6	1462966096451	1462966096515	OK	 
REQUEST	injecteur 4	1		request_3	1462966096480	1462966096518	OK	 
REQUEST	injecteur 5	10		request_4	1462966096482	1462966096521	OK	 
REQUEST	injecteur 9	6		request_8	1462966096493	1462966096527	OK	 
REQUEST	injecteur 8	4		request_7	1462966096487	1462966096529	OK	 
REQUEST	injecteur 10	5		request_9	1462966096495	1462966096533	OK	 
REQUEST	injecteur 3	3		request_2	1462966096502	1462966096535	OK	 
REQUEST	injecteur 1	7		request_0	1462966096508	1462966096539	OK	 
REQUEST	injecteur 2	9		request_1	1462966096499	1462966096545	OK	 
REQUEST	injecteur 6	8		request_5	1462966096513	1462966096547	OK	 
REQUEST	injecteur 7	2		request_6	1462966096516	1462966096549	OK	 
REQUEST	injecteur 5	10		request_4	1462966096522	1462966096552	OK	 
REQUEST	injecteur 9	6		request_8	1462966096527	1462966096554	OK	 
REQUEST	injecteur 1	7		request_0	1462966096539	1462966096556	OK	 
REQUEST	injecteur 8	4		request_7	1462966096530	1462966096560	OK	 
REQUEST	injecteur 4	1		request_3	1462966096533	1462966096564	OK	 
REQUEST	injecteur 10	5		request_9	1462966096534	1462966096567	OK	 
REQUEST	injecteur 3	3		request_2	1462966096536	1462966096569	OK	 
REQUEST	injecteur 2	9		request_1	1462966096546	1462966096572	OK	 
REQUEST	injecteur 6	8		request_5	1462966096548	1462966096575	OK	 
REQUEST	injecteur 7	2		request_6	1462966096550	1462966096577	OK	 
REQUEST	injecteur 10	5		request_9	1462966096568	1462966096609	OK	 
REQUEST	injecteur 6	8		request_5	1462966096575	1462966096609	OK	 
REQUEST	injecteur 3	3		request_2	1462966096569	1462966096610	OK	 
REQUEST	injecteur 8	4		request_7	1462966096561	1462966096610	OK	 
REQUEST	injecteur 9	6		request_8	1462966096555	1462966096610	OK	 
REQUEST	injecteur 4	1		request_3	1462966096565	1462966096610	OK	 
REQUEST	injecteur 5	10		request_4	1462966096552	1462966096612	OK	 
REQUEST	injecteur 1	7		request_0	1462966096557	1462966096612	OK	 
REQUEST	injecteur 7	2		request_6	1462966096577	1462966096613	OK	 
REQUEST	injecteur 2	9		request_1	1462966096573	1462966096615	OK	 
REQUEST	injecteur 10	5		request_9	1462966096610	1462966096619	OK	 
REQUEST	injecteur 6	8		request_5	1462966096610	1462966096621	OK	 
REQUEST	injecteur 3	3		request_2	1462966096611	1462966096624	OK	 
REQUEST	injecteur 9	6		request_8	1462966096611	1462966096627	OK	 
REQUEST	injecteur 8	4		request_7	1462966096611	1462966096630	OK	 
REQUEST	injecteur 5	10		request_4	1462966096612	1462966096632	OK	 
REQUEST	injecteur 1	7		request_0	1462966096612	1462966096634	OK	 
REQUEST	injecteur 7	2		request_6	1462966096614	1462966096638	OK	 
REQUEST	injecteur 4	1		request_3	1462966096614	1462966096640	OK	 
REQUEST	injecteur 2	9		request_1	1462966096616	1462966096642	OK	 
REQUEST	injecteur 10	5		request_9	1462966096620	1462966096645	OK	 
REQUEST	injecteur 3	3		request_2	1462966096624	1462966096647	OK	 
REQUEST	injecteur 1	7		request_0	1462966096635	1462966096650	OK	 
REQUEST	injecteur 6	8		request_5	1462966096622	1462966096653	OK	 
REQUEST	injecteur 9	6		request_8	1462966096628	1462966096657	OK	 
REQUEST	injecteur 8	4		request_7	1462966096631	1462966096662	OK	 
REQUEST	injecteur 5	10		request_4	1462966096633	1462966096664	OK	 
REQUEST	injecteur 7	2		request_6	1462966096639	1462966096668	OK	 
REQUEST	injecteur 4	1		request_3	1462966096640	1462966096683	OK	 
REQUEST	injecteur 2	9		request_1	1462966096642	1462966096701	OK	 
REQUEST	injecteur 3	3		request_2	1462966096647	1462966096704	OK	 
REQUEST	injecteur 6	8		request_5	1462966096653	1462966096707	OK	 
REQUEST	injecteur 9	6		request_8	1462966096659	1462966096712	OK	 
REQUEST	injecteur 5	10		request_4	1462966096665	1462966096718	OK	 
REQUEST	injecteur 7	2		request_6	1462966096669	1462966096722	OK	 
REQUEST	injecteur 10	5		request_9	1462966096645	1462966096726	OK	 
REQUEST	injecteur 1	7		request_0	1462966096651	1462966096734	OK	 
REQUEST	injecteur 8	4		request_7	1462966096663	1462966096737	OK	 
REQUEST	injecteur 4	1		request_3	1462966096683	1462966096740	OK	 
REQUEST	injecteur 6	8		request_5	1462966096708	1462966096742	OK	 
REQUEST	injecteur 9	6		request_8	1462966096714	1462966096747	OK	 
REQUEST	injecteur 5	10		request_4	1462966096719	1462966096750	OK	 
REQUEST	injecteur 7	2		request_6	1462966096723	1462966096754	OK	 
REQUEST	injecteur 2	9		request_1	1462966096702	1462966096757	OK	 
REQUEST	injecteur 3	3		request_2	1462966096704	1462966096760	OK	 
REQUEST	injecteur 10	5		request_9	1462966096728	1462966096762	OK	 
REQUEST	injecteur 1	7		request_0	1462966096735	1462966096764	OK	 
REQUEST	injecteur 8	4		request_7	1462966096738	1462966096767	OK	 
REQUEST	injecteur 6	8		request_5	1462966096743	1462966096769	OK	 
REQUEST	injecteur 9	6		request_8	1462966096747	1462966096773	OK	 
REQUEST	injecteur 5	10		request_4	1462966096751	1462966096777	OK	 
REQUEST	injecteur 7	2		request_6	1462966096755	1462966096781	OK	 
REQUEST	injecteur 4	1		request_3	1462966096740	1462966096785	OK	 
REQUEST	injecteur 2	9		request_1	1462966096758	1462966096792	OK	 
REQUEST	injecteur 3	3		request_2	1462966096760	1462966096795	OK	 
REQUEST	injecteur 10	5		request_9	1462966096763	1462966096797	OK	 
REQUEST	injecteur 1	7		request_0	1462966096765	1462966096805	OK	 
REQUEST	injecteur 6	8		request_5	1462966096769	1462966096808	OK	 
REQUEST	injecteur 9	6		request_8	1462966096774	1462966096812	OK	 
REQUEST	injecteur 5	10		request_4	1462966096777	1462966096816	OK	 
REQUEST	injecteur 7	2		request_6	1462966096781	1462966096821	OK	 
REQUEST	injecteur 8	4		request_7	1462966096767	1462966096825	OK	 
REQUEST	injecteur 4	1		request_3	1462966096785	1462966096828	OK	 
REQUEST	injecteur 2	9		request_1	1462966096793	1462966096830	OK	 
REQUEST	injecteur 3	3		request_2	1462966096796	1462966096832	OK	 
REQUEST	injecteur 10	5		request_9	1462966096798	1462966096834	OK	 
REQUEST	injecteur 6	8		request_5	1462966096809	1462966096836	OK	 
REQUEST	injecteur 9	6		request_8	1462966096813	1462966096841	OK	 
REQUEST	injecteur 5	10		request_4	1462966096817	1462966096844	OK	 
REQUEST	injecteur 7	2		request_6	1462966096822	1462966096848	OK	 
REQUEST	injecteur 1	7		request_0	1462966096806	1462966096852	OK	 
REQUEST	injecteur 8	4		request_7	1462966096825	1462966096855	OK	 
REQUEST	injecteur 4	1		request_3	1462966096828	1462966096857	OK	 
REQUEST	injecteur 2	9		request_1	1462966096831	1462966096859	OK	 
REQUEST	injecteur 3	3		request_2	1462966096833	1462966096861	OK	 
REQUEST	injecteur 6	8		request_5	1462966096837	1462966096863	OK	 
REQUEST	injecteur 9	6		request_8	1462966096841	1462966096868	OK	 
REQUEST	injecteur 5	10		request_4	1462966096845	1462966096871	OK	 
REQUEST	injecteur 7	2		request_6	1462966096849	1462966096875	OK	 
REQUEST	injecteur 10	5		request_9	1462966096835	1462966096879	OK	 
REQUEST	injecteur 1	7		request_0	1462966096853	1462966096881	OK	 
REQUEST	injecteur 8	4		request_7	1462966096855	1462966096886	OK	 
REQUEST	injecteur 4	1		request_3	1462966096858	1462966096892	OK	 
REQUEST	injecteur 2	9		request_1	1462966096860	1462966096911	OK	 
REQUEST	injecteur 6	8		request_5	1462966096864	1462966096928	OK	 
REQUEST	injecteur 9	6		request_8	1462966096868	1462966096956	OK	 
REQUEST	injecteur 5	10		request_4	1462966096872	1462966096974	OK	 
REQUEST	injecteur 7	2		request_6	1462966096876	1462966096985	OK	 
REQUEST	injecteur 3	3		request_2	1462966096862	1462966096992	OK	 
REQUEST	injecteur 10	5		request_9	1462966096879	1462966097005	OK	 
REQUEST	injecteur 1	7		request_0	1462966096881	1462966097011	OK	 
REQUEST	injecteur 8	4		request_7	1462966096887	1462966097014	OK	 
REQUEST	injecteur 4	1		request_3	1462966096893	1462966097018	OK	 
REQUEST	injecteur 6	8		request_5	1462966096932	1462966097021	OK	 
REQUEST	injecteur 9	6		request_8	1462966096968	1462966097026	OK	 
REQUEST	injecteur 4	1		request_3	1462966097018	1462966097031	OK	 
REQUEST	injecteur 2	9		request_1	1462966096912	1462966097035	OK	 
REQUEST	injecteur 3	3		request_2	1462966096993	1462966097039	OK	 
REQUEST	injecteur 10	5		request_9	1462966097006	1462966097041	OK	 
REQUEST	injecteur 1	7		request_0	1462966097012	1462966097045	OK	 
REQUEST	injecteur 8	4		request_7	1462966097015	1462966097047	OK	 
REQUEST	injecteur 4	1		request_3	1462966097032	1462966097049	OK	 
REQUEST	injecteur 2	9		request_1	1462966097036	1462966097053	OK	 
REQUEST	injecteur 5	10		request_4	1462966096975	1462966097030	OK	 
REQUEST	injecteur 10	5		request_9	1462966097042	1462966097057	OK	 
REQUEST	injecteur 7	2		request_6	1462966096989	1462966097058	OK	 
REQUEST	injecteur 6	8		request_5	1462966097024	1462966097062	OK	 
REQUEST	injecteur 9	6		request_8	1462966097027	1462966097065	OK	 
REQUEST	injecteur 3	3		request_2	1462966097040	1462966097075	OK	 
REQUEST	injecteur 1	7		request_0	1462966097046	1462966097077	OK	 
REQUEST	injecteur 4	1		request_3	1462966097050	1462966097084	OK	 
REQUEST	injecteur 2	9		request_1	1462966097054	1462966097088	OK	 
REQUEST	injecteur 10	5		request_9	1462966097059	1462966097091	OK	 
REQUEST	injecteur 8	4		request_7	1462966097048	1462966097095	OK	 
REQUEST	injecteur 3	3		request_2	1462966097076	1462966097129	OK	 
REQUEST	injecteur 4	1		request_3	1462966097085	1462966097131	OK	 
REQUEST	injecteur 2	9		request_1	1462966097088	1462966097138	OK	 
REQUEST	injecteur 5	10		request_4	1462966097057	1462966097140	OK	 
REQUEST	injecteur 10	5		request_9	1462966097092	1462966097142	OK	 
REQUEST	injecteur 7	2		request_6	1462966097059	1462966097142	OK	 
REQUEST	injecteur 6	8		request_5	1462966097063	1462966097143	OK	 
REQUEST	injecteur 1	7		request_0	1462966097078	1462966097145	OK	 
REQUEST	injecteur 9	6		request_8	1462966097065	1462966097145	OK	 
REQUEST	injecteur 8	4		request_7	1462966097096	1462966097148	OK	 
REQUEST	injecteur 4	1		request_3	1462966097132	1462966097152	OK	 
REQUEST	injecteur 2	9		request_1	1462966097138	1462966097155	OK	 
REQUEST	injecteur 3	3		request_2	1462966097130	1462966097160	OK	 
REQUEST	injecteur 5	10		request_4	1462966097141	1462966097173	OK	 
REQUEST	injecteur 7	2		request_6	1462966097142	1462966097176	OK	 
REQUEST	injecteur 10	5		request_9	1462966097142	1462966097178	OK	 
REQUEST	injecteur 6	8		request_5	1462966097144	1462966097192	OK	 
REQUEST	injecteur 9	6		request_8	1462966097145	1462966097195	OK	 
REQUEST	injecteur 1	7		request_0	1462966097145	1462966097197	OK	 
REQUEST	injecteur 8	4		request_7	1462966097149	1462966097200	OK	 
REQUEST	injecteur 4	1		request_3	1462966097152	1462966097211	OK	 
REQUEST	injecteur 2	9		request_1	1462966097156	1462966097214	OK	 
REQUEST	injecteur 10	5		request_9	1462966097183	1462966097219	OK	 
REQUEST	injecteur 3	3		request_2	1462966097160	1462966097223	OK	 
REQUEST	injecteur 5	10		request_4	1462966097174	1462966097225	OK	 
REQUEST	injecteur 7	2		request_6	1462966097176	1462966097227	OK	 
REQUEST	injecteur 6	8		request_5	1462966097193	1462966097233	OK	 
REQUEST	injecteur 9	6		request_8	1462966097196	1462966097235	OK	 
REQUEST	injecteur 1	7		request_0	1462966097198	1462966097237	OK	 
REQUEST	injecteur 4	1		request_3	1462966097211	1462966097239	OK	 
REQUEST	injecteur 2	9		request_1	1462966097215	1462966097243	OK	 
REQUEST	injecteur 10	5		request_9	1462966097219	1462966097248	OK	 
REQUEST	injecteur 8	4		request_7	1462966097200	1462966097251	OK	 
REQUEST	injecteur 3	3		request_2	1462966097223	1462966097254	OK	 
REQUEST	injecteur 5	10		request_4	1462966097225	1462966097256	OK	 
REQUEST	injecteur 7	2		request_6	1462966097227	1462966097258	OK	 
REQUEST	injecteur 6	8		request_5	1462966097233	1462966097260	OK	 
REQUEST	injecteur 9	6		request_8	1462966097235	1462966097262	OK	 
REQUEST	injecteur 4	1		request_3	1462966097240	1462966097265	OK	 
REQUEST	injecteur 2	9		request_1	1462966097243	1462966097268	OK	 
REQUEST	injecteur 10	5		request_9	1462966097248	1462966097274	OK	 
REQUEST	injecteur 1	7		request_0	1462966097238	1462966097278	OK	 
REQUEST	injecteur 8	4		request_7	1462966097252	1462966097280	OK	 
REQUEST	injecteur 3	3		request_2	1462966097255	1462966097283	OK	 
REQUEST	injecteur 5	10		request_4	1462966097257	1462966097285	OK	 
REQUEST	injecteur 7	2		request_6	1462966097259	1462966097287	OK	 
REQUEST	injecteur 6	8		request_5	1462966097261	1462966097289	OK	 
REQUEST	injecteur 4	1		request_3	1462966097265	1462966097293	OK	 
REQUEST	injecteur 2	9		request_1	1462966097269	1462966097296	OK	 
REQUEST	injecteur 10	5		request_9	1462966097275	1462966097301	OK	 
REQUEST	injecteur 9	6		request_8	1462966097263	1462966097304	OK	 
REQUEST	injecteur 1	7		request_0	1462966097278	1462966097306	OK	 
REQUEST	injecteur 8	4		request_7	1462966097281	1462966097309	OK	 
REQUEST	injecteur 3	3		request_2	1462966097284	1462966097311	OK	 
REQUEST	injecteur 5	10		request_4	1462966097285	1462966097314	OK	 
REQUEST	injecteur 7	2		request_6	1462966097287	1462966097315	OK	 
REQUEST	injecteur 4	1		request_3	1462966097293	1462966097317	OK	 
REQUEST	injecteur 2	9		request_1	1462966097297	1462966097321	OK	 
REQUEST	injecteur 10	5		request_9	1462966097301	1462966097325	OK	 
REQUEST	injecteur 6	8		request_5	1462966097290	1462966097329	OK	 
REQUEST	injecteur 9	6		request_8	1462966097305	1462966097331	OK	 
REQUEST	injecteur 1	7		request_0	1462966097307	1462966097333	OK	 
REQUEST	injecteur 8	4		request_7	1462966097309	1462966097336	OK	 
REQUEST	injecteur 3	3		request_2	1462966097312	1462966097338	OK	 
REQUEST	injecteur 5	10		request_4	1462966097314	1462966097340	OK	 
REQUEST	injecteur 4	1		request_3	1462966097318	1462966097342	OK	 
REQUEST	injecteur 2	9		request_1	1462966097321	1462966097346	OK	 
REQUEST	injecteur 10	5		request_9	1462966097326	1462966097350	OK	 
REQUEST	injecteur 7	2		request_6	1462966097316	1462966097353	OK	 
REQUEST	injecteur 6	8		request_5	1462966097329	1462966097355	OK	 
REQUEST	injecteur 9	6		request_8	1462966097332	1462966097358	OK	 
REQUEST	injecteur 1	7		request_0	1462966097334	1462966097360	OK	 
REQUEST	injecteur 8	4		request_7	1462966097336	1462966097362	OK	 
REQUEST	injecteur 3	3		request_2	1462966097339	1462966097365	OK	 
REQUEST	injecteur 4	1		request_3	1462966097343	1462966097367	OK	 
REQUEST	injecteur 2	9		request_1	1462966097346	1462966097370	OK	 
REQUEST	injecteur 10	5		request_9	1462966097350	1462966097374	OK	 
REQUEST	injecteur 5	10		request_4	1462966097341	1462966097377	OK	 
REQUEST	injecteur 7	2		request_6	1462966097354	1462966097379	OK	 
REQUEST	injecteur 6	8		request_5	1462966097356	1462966097382	OK	 
REQUEST	injecteur 9	6		request_8	1462966097358	1462966097384	OK	 
REQUEST	injecteur 1	7		request_0	1462966097360	1462966097386	OK	 
REQUEST	injecteur 8	4		request_7	1462966097363	1462966097388	OK	 
REQUEST	injecteur 4	1		request_3	1462966097367	1462966097391	OK	 
REQUEST	injecteur 2	9		request_1	1462966097371	1462966097397	OK	 
REQUEST	injecteur 10	5		request_9	1462966097374	1462966097401	OK	 
REQUEST	injecteur 3	3		request_2	1462966097366	1462966097406	OK	 
REQUEST	injecteur 5	10		request_4	1462966097378	1462966097409	OK	 
REQUEST	injecteur 6	8		request_5	1462966097382	1462966097410	OK	 
REQUEST	injecteur 9	6		request_8	1462966097384	1462966097412	OK	 
REQUEST	injecteur 1	7		request_0	1462966097387	1462966097415	OK	 
REQUEST	injecteur 7	2		request_6	1462966097379	1462966097417	OK	 
REQUEST	injecteur 4	1		request_3	1462966097392	1462966097419	OK	 
REQUEST	injecteur 2	9		request_1	1462966097398	1462966097422	OK	 
REQUEST	injecteur 10	5		request_9	1462966097401	1462966097426	OK	 
REQUEST	injecteur 8	4		request_7	1462966097389	1462966097432	OK	 
REQUEST	injecteur 3	3		request_2	1462966097407	1462966097720	OK	 
REQUEST	injecteur 5	10		request_4	1462966097409	1462966097722	OK	 
REQUEST	injecteur 1	7		request_0	1462966097416	1462966097729	OK	 
REQUEST	injecteur 4	1		request_3	1462966097420	1462966097731	OK	 
REQUEST	injecteur 2	9		request_1	1462966097423	1462966097734	OK	 
REQUEST	injecteur 10	5		request_9	1462966097427	1462966097736	OK	 
REQUEST	injecteur 6	8		request_5	1462966097411	1462966097736	OK	 
REQUEST	injecteur 9	6		request_8	1462966097413	1462966097738	OK	 
REQUEST	injecteur 7	2		request_6	1462966097418	1462966097739	OK	 
REQUEST	injecteur 8	4		request_7	1462966097432	1462966097741	OK	 
REQUEST	injecteur 3	3		request_2	1462966097720	1462966097779	OK	 
REQUEST	injecteur 8	4		request_7	1462966097741	1462966097781	OK	 
REQUEST	injecteur 1	7		request_0	1462966097729	1462966097787	OK	 
REQUEST	injecteur 4	1		request_3	1462966097732	1462966097790	OK	 
REQUEST	injecteur 2	9		request_1	1462966097734	1462966097792	OK	 
REQUEST	injecteur 5	10		request_4	1462966097723	1462966097806	OK	 
REQUEST	injecteur 10	5		request_9	1462966097736	1462966097834	OK	 
REQUEST	injecteur 7	2		request_6	1462966097742	1462966097841	OK	 
REQUEST	injecteur 6	8		request_5	1462966097737	1462966097843	OK	 
REQUEST	injecteur 9	6		request_8	1462966097743	1462966097845	OK	 
REQUEST	injecteur 8	4		request_7	1462966097781	1462966097846	OK	 
REQUEST	injecteur 3	3		request_2	1462966097779	1462966097852	OK	 
REQUEST	injecteur 1	7		request_0	1462966097787	1462966097854	OK	 
REQUEST	injecteur 4	1		request_3	1462966097790	1462966097857	OK	 
REQUEST	injecteur 2	9		request_1	1462966097793	1462966097869	OK	 
REQUEST	injecteur 5	10		request_4	1462966097808	1462966097872	OK	 
REQUEST	injecteur 10	5		request_9	1462966097835	1462966097878	OK	 
REQUEST	injecteur 7	2		request_6	1462966097842	1462966097881	OK	 
REQUEST	injecteur 8	4		request_7	1462966097846	1462966097883	OK	 
REQUEST	injecteur 6	8		request_5	1462966097844	1462966097888	OK	 
REQUEST	injecteur 9	6		request_8	1462966097845	1462966097891	OK	 
REQUEST	injecteur 3	3		request_2	1462966097852	1462966097893	OK	 
REQUEST	injecteur 1	7		request_0	1462966097855	1462966097898	OK	 
REQUEST	injecteur 4	1		request_3	1462966097857	1462966097905	OK	 
REQUEST	injecteur 2	9		request_1	1462966097870	1462966097907	OK	 
REQUEST	injecteur 5	10		request_4	1462966097872	1462966097915	OK	 
REQUEST	injecteur 10	5		request_9	1462966097879	1462966097918	OK	 
REQUEST	injecteur 8	4		request_7	1462966097884	1462966097920	OK	 
REQUEST	injecteur 7	2		request_6	1462966097881	1462966097925	OK	 
REQUEST	injecteur 6	8		request_5	1462966097888	1462966097929	OK	 
REQUEST	injecteur 9	6		request_8	1462966097891	1462966097931	OK	 
REQUEST	injecteur 1	7		request_0	1462966097899	1462966097933	OK	 
REQUEST	injecteur 4	1		request_3	1462966097906	1462966097937	OK	 
REQUEST	injecteur 2	9		request_1	1462966097908	1462966097939	OK	 
REQUEST	injecteur 5	10		request_4	1462966097916	1462966097941	OK	 
REQUEST	injecteur 8	4		request_7	1462966097921	1462966097943	OK	 
REQUEST	injecteur 10	5		request_9	1462966097919	1462966097948	OK	 
REQUEST	injecteur 7	2		request_6	1462966097926	1462966097950	OK	 
REQUEST	injecteur 6	8		request_5	1462966097929	1462966097952	OK	 
REQUEST	injecteur 9	6		request_8	1462966097932	1462966097954	OK	 
REQUEST	injecteur 1	7		request_0	1462966097934	1462966097956	OK	 
REQUEST	injecteur 4	1		request_3	1462966097937	1462966097959	OK	 
REQUEST	injecteur 2	9		request_1	1462966097939	1462966097961	OK	 
REQUEST	injecteur 5	10		request_4	1462966097941	1462966097968	OK	 
REQUEST	injecteur 8	4		request_7	1462966097943	1462966097970	OK	 
REQUEST	injecteur 10	5		request_9	1462966097948	1462966097973	OK	 
REQUEST	injecteur 7	2		request_6	1462966097950	1462966097975	OK	 
REQUEST	injecteur 6	8		request_5	1462966097952	1462966097977	OK	 
REQUEST	injecteur 9	6		request_8	1462966097954	1462966097980	OK	 
REQUEST	injecteur 1	7		request_0	1462966097957	1462966097982	OK	 
REQUEST	injecteur 4	1		request_3	1462966097959	1462966097996	OK	 
REQUEST	injecteur 8	4		request_7	1462966097971	1462966097999	OK	 
REQUEST	injecteur 2	9		request_1	1462966097961	1462966098003	OK	 
REQUEST	injecteur 5	10		request_4	1462966097968	1462966098005	OK	 
REQUEST	injecteur 10	5		request_9	1462966097974	1462966098007	OK	 
REQUEST	injecteur 7	2		request_6	1462966097976	1462966098009	OK	 
REQUEST	injecteur 6	8		request_5	1462966097978	1462966098011	OK	 
REQUEST	injecteur 9	6		request_8	1462966097980	1462966098014	OK	 
REQUEST	injecteur 1	7		request_0	1462966097983	1462966098016	OK	 
REQUEST	injecteur 8	4		request_7	1462966098000	1462966098019	OK	 
REQUEST	injecteur 4	1		request_3	1462966097996	1462966098023	OK	 
REQUEST	injecteur 2	9		request_1	1462966098004	1462966098041	OK	 
REQUEST	injecteur 5	10		request_4	1462966098006	1462966098043	OK	 
REQUEST	injecteur 10	5		request_9	1462966098008	1462966098045	OK	 
REQUEST	injecteur 7	2		request_6	1462966098010	1462966098047	OK	 
REQUEST	injecteur 6	8		request_5	1462966098012	1462966098049	OK	 
REQUEST	injecteur 9	6		request_8	1462966098014	1462966098051	OK	 
REQUEST	injecteur 8	4		request_7	1462966098020	1462966098054	OK	 
REQUEST	injecteur 1	7		request_0	1462966098017	1462966098060	OK	 
REQUEST	injecteur 4	1		request_3	1462966098023	1462966098065	OK	 
REQUEST	injecteur 2	9		request_1	1462966098042	1462966098067	OK	 
REQUEST	injecteur 5	10		request_4	1462966098044	1462966098080	OK	 
REQUEST	injecteur 10	5		request_9	1462966098045	1462966098083	OK	 
REQUEST	injecteur 7	2		request_6	1462966098047	1462966098085	OK	 
REQUEST	injecteur 6	8		request_5	1462966098049	1462966098087	OK	 
REQUEST	injecteur 9	6		request_8	1462966098051	1462966098089	OK	 
REQUEST	injecteur 8	4		request_7	1462966098055	1462966098091	OK	 
REQUEST	injecteur 1	7		request_0	1462966098060	1462966098094	OK	 
REQUEST	injecteur 4	1		request_3	1462966098066	1462966098096	OK	 
REQUEST	injecteur 2	9		request_1	1462966098068	1462966098099	OK	 
REQUEST	injecteur 5	10		request_4	1462966098081	1462966098102	OK	 
REQUEST	injecteur 10	5		request_9	1462966098083	1462966098104	OK	 
REQUEST	injecteur 7	2		request_6	1462966098085	1462966098106	OK	 
REQUEST	injecteur 6	8		request_5	1462966098087	1462966098107	OK	 
REQUEST	injecteur 8	4		request_7	1462966098091	1462966098109	OK	 
REQUEST	injecteur 9	6		request_8	1462966098089	1462966098113	OK	 
REQUEST	injecteur 1	7		request_0	1462966098095	1462966098117	OK	 
REQUEST	injecteur 4	1		request_3	1462966098097	1462966098119	OK	 
REQUEST	injecteur 2	9		request_1	1462966098099	1462966098120	OK	 
REQUEST	injecteur 5	10		request_4	1462966098102	1462966098123	OK	 
REQUEST	injecteur 10	5		request_9	1462966098104	1462966098125	OK	 
REQUEST	injecteur 7	2		request_6	1462966098106	1462966098127	OK	 
REQUEST	injecteur 8	4		request_7	1462966098110	1462966098129	OK	 
REQUEST	injecteur 6	8		request_5	1462966098108	1462966098133	OK	 
REQUEST	injecteur 9	6		request_8	1462966098114	1462966098135	OK	 
REQUEST	injecteur 1	7		request_0	1462966098117	1462966098137	OK	 
REQUEST	injecteur 4	1		request_3	1462966098119	1462966098139	OK	 
REQUEST	injecteur 2	9		request_1	1462966098121	1462966098142	OK	 
REQUEST	injecteur 5	10		request_4	1462966098123	1462966098143	OK	 
REQUEST	injecteur 10	5		request_9	1462966098125	1462966098145	OK	 
REQUEST	injecteur 8	4		request_7	1462966098129	1462966098147	OK	 
REQUEST	injecteur 7	2		request_6	1462966098127	1462966098151	OK	 
REQUEST	injecteur 6	8		request_5	1462966098134	1462966098153	OK	 
REQUEST	injecteur 9	6		request_8	1462966098135	1462966098156	OK	 
REQUEST	injecteur 1	7		request_0	1462966098138	1462966098158	OK	 
REQUEST	injecteur 4	1		request_3	1462966098140	1462966098160	OK	 
REQUEST	injecteur 2	9		request_1	1462966098142	1462966098164	OK	 
REQUEST	injecteur 5	10		request_4	1462966098144	1462966098166	OK	 
REQUEST	injecteur 8	4		request_7	1462966098148	1462966098168	OK	 
REQUEST	injecteur 10	5		request_9	1462966098146	1462966098173	OK	 
REQUEST	injecteur 7	2		request_6	1462966098152	1462966098175	OK	 
REQUEST	injecteur 6	8		request_5	1462966098154	1462966098177	OK	 
REQUEST	injecteur 9	6		request_8	1462966098156	1462966098179	OK	 
REQUEST	injecteur 4	1		request_3	1462966098161	1462966098183	OK	 
REQUEST	injecteur 2	9		request_1	1462966098164	1462966098185	OK	 
REQUEST	injecteur 1	7		request_0	1462966098158	1462966098181	OK	 
REQUEST	injecteur 8	4		request_7	1462966098169	1462966098191	OK	 
REQUEST	injecteur 5	10		request_4	1462966098167	1462966098194	OK	 
REQUEST	injecteur 10	5		request_9	1462966098174	1462966098196	OK	 
REQUEST	injecteur 7	2		request_6	1462966098176	1462966098198	OK	 
REQUEST	injecteur 6	8		request_5	1462966098178	1462966098200	OK	 
REQUEST	injecteur 9	6		request_8	1462966098180	1462966098202	OK	 
REQUEST	injecteur 4	1		request_3	1462966098184	1462966098203	OK	 
REQUEST	injecteur 8	4		request_7	1462966098192	1462966098205	OK	 
REQUEST	injecteur 2	9		request_1	1462966098186	1462966098208	OK	 
REQUEST	injecteur 1	7		request_0	1462966098191	1462966098210	OK	 
REQUEST	injecteur 5	10		request_4	1462966098195	1462966098212	OK	 
REQUEST	injecteur 7	2		request_6	1462966098198	1462966098216	OK	 
REQUEST	injecteur 6	8		request_5	1462966098200	1462966098218	OK	 
REQUEST	injecteur 9	6		request_8	1462966098202	1462966098219	OK	 
REQUEST	injecteur 10	5		request_9	1462966098196	1462966098224	OK	 
REQUEST	injecteur 8	4		request_7	1462966098206	1462966098228	OK	 
REQUEST	injecteur 4	1		request_3	1462966098204	1462966098232	OK	 
REQUEST	injecteur 2	9		request_1	1462966098209	1462966098234	OK	 
REQUEST	injecteur 1	7		request_0	1462966098211	1462966098236	OK	 
REQUEST	injecteur 5	10		request_4	1462966098213	1462966098238	OK	 
REQUEST	injecteur 7	2		request_6	1462966098216	1462966098240	OK	 
REQUEST	injecteur 6	8		request_5	1462966098218	1462966098242	OK	 
REQUEST	injecteur 8	4		request_7	1462966098229	1462966098244	OK	 
REQUEST	injecteur 9	6		request_8	1462966098220	1462966098249	OK	 
REQUEST	injecteur 10	5		request_9	1462966098225	1462966098259	OK	 
REQUEST	injecteur 4	1		request_3	1462966098232	1462966098262	OK	 
REQUEST	injecteur 2	9		request_1	1462966098235	1462966098264	OK	 
REQUEST	injecteur 1	7		request_0	1462966098237	1462966098266	OK	 
REQUEST	injecteur 5	10		request_4	1462966098239	1462966098268	OK	 
REQUEST	injecteur 7	2		request_6	1462966098241	1462966098270	OK	 
REQUEST	injecteur 8	4		request_7	1462966098245	1462966098272	OK	 
REQUEST	injecteur 6	8		request_5	1462966098243	1462966098274	OK	 
REQUEST	injecteur 9	6		request_8	1462966098250	1462966098277	OK	 
REQUEST	injecteur 10	5		request_9	1462966098260	1462966098279	OK	 
REQUEST	injecteur 4	1		request_3	1462966098262	1462966098281	OK	 
REQUEST	injecteur 2	9		request_1	1462966098264	1462966098283	OK	 
REQUEST	injecteur 1	7		request_0	1462966098267	1462966098286	OK	 
REQUEST	injecteur 5	10		request_4	1462966098269	1462966098287	OK	 
REQUEST	injecteur 7	2		request_6	1462966098271	1462966098289	OK	 
REQUEST	injecteur 6	8		request_5	1462966098275	1462966098291	OK	 
REQUEST	injecteur 9	6		request_8	1462966098278	1462966098295	OK	 
REQUEST	injecteur 1	7		request_0	1462966098286	1462966098303	OK	 
REQUEST	injecteur 5	10		request_4	1462966098288	1462966098306	OK	 
REQUEST	injecteur 7	2		request_6	1462966098290	1462966098308	OK	 
REQUEST	injecteur 6	8		request_5	1462966098292	1462966098314	OK	 
REQUEST	injecteur 9	6		request_8	1462966098295	1462966098317	OK	 
REQUEST	injecteur 10	5		request_9	1462966098279	1462966098319	OK	 
REQUEST	injecteur 4	1		request_3	1462966098282	1462966098320	OK	 
REQUEST	injecteur 2	9		request_1	1462966098284	1462966098321	OK	 
REQUEST	injecteur 5	10		request_4	1462966098307	1462966098323	OK	 
REQUEST	injecteur 7	2		request_6	1462966098309	1462966098324	OK	 
REQUEST	injecteur 6	8		request_5	1462966098314	1462966098325	OK	 
REQUEST	injecteur 9	6		request_8	1462966098317	1462966098327	OK	 
REQUEST	injecteur 10	5		request_9	1462966098319	1462966098329	OK	 
REQUEST	injecteur 4	1		request_3	1462966098320	1462966098331	OK	 
REQUEST	injecteur 2	9		request_1	1462966098322	1462966098333	OK	 
REQUEST	injecteur 5	10		request_4	1462966098323	1462966098336	OK	 
REQUEST	injecteur 7	2		request_6	1462966098324	1462966098340	OK	 
REQUEST	injecteur 6	8		request_5	1462966098326	1462966098342	OK	 
REQUEST	injecteur 9	6		request_8	1462966098327	1462966098343	OK	 
REQUEST	injecteur 10	5		request_9	1462966098330	1462966098346	OK	 
REQUEST	injecteur 4	1		request_3	1462966098332	1462966098348	OK	 
REQUEST	injecteur 2	9		request_1	1462966098334	1462966098349	OK	 
REQUEST	injecteur 5	10		request_4	1462966098337	1462966098353	OK	 
REQUEST	injecteur 7	2		request_6	1462966098340	1462966098356	OK	 
REQUEST	injecteur 6	8		request_5	1462966098342	1462966098358	OK	 
REQUEST	injecteur 9	6		request_8	1462966098344	1462966098359	OK	 
REQUEST	injecteur 2	9		request_1	1462966098350	1462966098362	OK	 
REQUEST	injecteur 5	10		request_4	1462966098353	1462966098365	OK	 
REQUEST	injecteur 7	2		request_6	1462966098356	1462966098368	OK	 
REQUEST	injecteur 6	8		request_5	1462966098358	1462966098370	OK	 
REQUEST	injecteur 9	6		request_8	1462966098360	1462966098372	OK	 
REQUEST	injecteur 2	9		request_1	1462966098363	1462966098376	OK	 
REQUEST	injecteur 5	10		request_4	1462966098366	1462966098378	OK	 
REQUEST	injecteur 7	2		request_6	1462966098368	1462966098380	OK	 
REQUEST	injecteur 6	8		request_5	1462966098370	1462966098383	OK	 
REQUEST	injecteur 9	6		request_8	1462966098373	1462966098385	OK	 
REQUEST	injecteur 2	9		request_1	1462966098376	1462966098392	OK	 
REQUEST	injecteur 5	10		request_4	1462966098379	1462966098394	OK	 
REQUEST	injecteur 7	2		request_6	1462966098381	1462966098397	OK	 
REQUEST	injecteur 6	8		request_5	1462966098384	1462966098399	OK	 
