ASSERTION	AAMBAAMDBABk
RUN	InjectionsAndVerifications		injectionsandverifications	1462970487264	 	2.0
USER	injecteur 4	1	START	1462970488334	1462970488334
USER	injecteur 7	2	START	1462970488432	1462970488432
USER	injecteur 3	3	START	1462970488438	1462970488438
USER	injecteur 8	4	START	1462970488441	1462970488441
USER	injecteur 10	5	START	1462970488443	1462970488443
USER	injecteur 9	6	START	1462970488445	1462970488445
USER	injecteur 1	7	START	1462970488447	1462970488447
USER	injecteur 6	8	START	1462970488449	1462970488449
USER	injecteur 2	9	START	1462970488451	1462970488451
USER	injecteur 5	10	START	1462970488453	1462970488453
REQUEST	injecteur 10	5		request_9	1462970488444	1462970488578	OK	 
REQUEST	injecteur 7	2		request_6	1462970488437	1462970488610	OK	 
REQUEST	injecteur 8	4		request_7	1462970488442	1462970488575	OK	 
REQUEST	injecteur 3	3		request_2	1462970488440	1462970488620	OK	 
REQUEST	injecteur 6	8		request_5	1462970488450	1462970488548	OK	 
REQUEST	injecteur 4	1		request_3	1462970488404	1462970488624	OK	 
REQUEST	injecteur 1	7		request_0	1462970488448	1462970488579	OK	 
REQUEST	injecteur 9	6		request_8	1462970488446	1462970488629	OK	 
REQUEST	injecteur 5	10		request_4	1462970488454	1462970488635	OK	 
REQUEST	injecteur 1	7		request_0	1462970488632	1462970488646	OK	 
REQUEST	injecteur 7	2		request_6	1462970488634	1462970488652	OK	 
REQUEST	injecteur 10	5		request_9	1462970488634	1462970488652	OK	 
REQUEST	injecteur 5	10		request_4	1462970488637	1462970488659	OK	 
REQUEST	injecteur 8	4		request_7	1462970488638	1462970488662	OK	 
REQUEST	injecteur 6	8		request_5	1462970488640	1462970488667	OK	 
REQUEST	injecteur 3	3		request_2	1462970488643	1462970488671	OK	 
REQUEST	injecteur 1	7		request_0	1462970488647	1462970488677	OK	 
REQUEST	injecteur 4	1		request_3	1462970488647	1462970488678	OK	 
REQUEST	injecteur 2	9		request_1	1462970488452	1462970488683	OK	 
REQUEST	injecteur 9	6		request_8	1462970488651	1462970488686	OK	 
REQUEST	injecteur 10	5		request_9	1462970488655	1462970488692	OK	 
REQUEST	injecteur 7	2		request_6	1462970488654	1462970488695	OK	 
REQUEST	injecteur 5	10		request_4	1462970488660	1462970488705	OK	 
REQUEST	injecteur 8	4		request_7	1462970488664	1462970488705	OK	 
REQUEST	injecteur 4	1		request_3	1462970488679	1462970488712	OK	 
REQUEST	injecteur 8	4		request_7	1462970488706	1462970488716	OK	 
REQUEST	injecteur 6	8		request_5	1462970488668	1462970488719	OK	 
REQUEST	injecteur 3	3		request_2	1462970488672	1462970488722	OK	 
REQUEST	injecteur 1	7		request_0	1462970488681	1462970488727	OK	 
REQUEST	injecteur 9	6		request_8	1462970488687	1462970488730	OK	 
REQUEST	injecteur 2	9		request_1	1462970488685	1462970488733	OK	 
REQUEST	injecteur 10	5		request_9	1462970488693	1462970488736	OK	 
REQUEST	injecteur 7	2		request_6	1462970488696	1462970488741	OK	 
REQUEST	injecteur 9	6		request_8	1462970488731	1462970488752	OK	 
REQUEST	injecteur 7	2		request_6	1462970488746	1462970488754	OK	 
REQUEST	injecteur 5	10		request_4	1462970488706	1462970488759	OK	 
REQUEST	injecteur 4	1		request_3	1462970488714	1462970488762	OK	 
REQUEST	injecteur 8	4		request_7	1462970488717	1462970488768	OK	 
REQUEST	injecteur 6	8		request_5	1462970488720	1462970488772	OK	 
REQUEST	injecteur 3	3		request_2	1462970488730	1462970488779	OK	 
REQUEST	injecteur 1	7		request_0	1462970488732	1462970488782	OK	 
REQUEST	injecteur 2	9		request_1	1462970488734	1462970488786	OK	 
REQUEST	injecteur 10	5		request_9	1462970488737	1462970488790	OK	 
REQUEST	injecteur 6	8		request_5	1462970488773	1462970488795	OK	 
REQUEST	injecteur 9	6		request_8	1462970488753	1462970488806	OK	 
REQUEST	injecteur 7	2		request_6	1462970488755	1462970488809	OK	 
REQUEST	injecteur 5	10		request_4	1462970488760	1462970488812	OK	 
REQUEST	injecteur 4	1		request_3	1462970488763	1462970488815	OK	 
REQUEST	injecteur 8	4		request_7	1462970488769	1462970488819	OK	 
REQUEST	injecteur 3	3		request_2	1462970488781	1462970488821	OK	 
REQUEST	injecteur 1	7		request_0	1462970488783	1462970488825	OK	 
REQUEST	injecteur 2	9		request_1	1462970488788	1462970488831	OK	 
REQUEST	injecteur 2	9		request_1	1462970488832	1462970488839	OK	 
REQUEST	injecteur 10	5		request_9	1462970488791	1462970488844	OK	 
REQUEST	injecteur 6	8		request_5	1462970488796	1462970488849	OK	 
REQUEST	injecteur 9	6		request_8	1462970488808	1462970488853	OK	 
REQUEST	injecteur 7	2		request_6	1462970488810	1462970488858	OK	 
REQUEST	injecteur 5	10		request_4	1462970488813	1462970488861	OK	 
REQUEST	injecteur 4	1		request_3	1462970488816	1462970488863	OK	 
REQUEST	injecteur 8	4		request_7	1462970488820	1462970488866	OK	 
REQUEST	injecteur 3	3		request_2	1462970488823	1462970488870	OK	 
REQUEST	injecteur 1	7		request_0	1462970488826	1462970488873	OK	 
REQUEST	injecteur 2	9		request_1	1462970488841	1462970488880	OK	 
REQUEST	injecteur 10	5		request_9	1462970488846	1462970488884	OK	 
REQUEST	injecteur 6	8		request_5	1462970488850	1462970488889	OK	 
REQUEST	injecteur 9	6		request_8	1462970488854	1462970488894	OK	 
REQUEST	injecteur 7	2		request_6	1462970488859	1462970488897	OK	 
REQUEST	injecteur 5	10		request_4	1462970488862	1462970488899	OK	 
REQUEST	injecteur 4	1		request_3	1462970488864	1462970488902	OK	 
REQUEST	injecteur 8	4		request_7	1462970488867	1462970488906	OK	 
REQUEST	injecteur 3	3		request_2	1462970488871	1462970488909	OK	 
REQUEST	injecteur 1	7		request_0	1462970488875	1462970489033	OK	 
REQUEST	injecteur 2	9		request_1	1462970488881	1462970489037	OK	 
REQUEST	injecteur 10	5		request_9	1462970488885	1462970489040	OK	 
REQUEST	injecteur 6	8		request_5	1462970488890	1462970489042	OK	 
REQUEST	injecteur 9	6		request_8	1462970488895	1462970489044	OK	 
REQUEST	injecteur 7	2		request_6	1462970488898	1462970489047	OK	 
REQUEST	injecteur 5	10		request_4	1462970488900	1462970489050	OK	 
REQUEST	injecteur 4	1		request_3	1462970488903	1462970489055	OK	 
REQUEST	injecteur 8	4		request_7	1462970488907	1462970489061	OK	 
REQUEST	injecteur 5	10		request_4	1462970489051	1462970489066	OK	 
REQUEST	injecteur 3	3		request_2	1462970488910	1462970489072	OK	 
REQUEST	injecteur 1	7		request_0	1462970489034	1462970489074	OK	 
REQUEST	injecteur 2	9		request_1	1462970489038	1462970489075	OK	 
REQUEST	injecteur 10	5		request_9	1462970489041	1462970489078	OK	 
REQUEST	injecteur 6	8		request_5	1462970489043	1462970489080	OK	 
REQUEST	injecteur 9	6		request_8	1462970489045	1462970489083	OK	 
REQUEST	injecteur 7	2		request_6	1462970489048	1462970489085	OK	 
REQUEST	injecteur 4	1		request_3	1462970489056	1462970489088	OK	 
REQUEST	injecteur 8	4		request_7	1462970489062	1462970489094	OK	 
REQUEST	injecteur 5	10		request_4	1462970489068	1462970489097	OK	 
REQUEST	injecteur 3	3		request_2	1462970489072	1462970489099	OK	 
REQUEST	injecteur 2	9		request_1	1462970489076	1462970489102	OK	 
REQUEST	injecteur 1	7		request_0	1462970489077	1462970489105	OK	 
REQUEST	injecteur 10	5		request_9	1462970489079	1462970489109	OK	 
REQUEST	injecteur 6	8		request_5	1462970489081	1462970489112	OK	 
REQUEST	injecteur 9	6		request_8	1462970489084	1462970489115	OK	 
REQUEST	injecteur 7	2		request_6	1462970489086	1462970489118	OK	 
REQUEST	injecteur 4	1		request_3	1462970489089	1462970489123	OK	 
REQUEST	injecteur 8	4		request_7	1462970489095	1462970489127	OK	 
REQUEST	injecteur 5	10		request_4	1462970489098	1462970489130	OK	 
REQUEST	injecteur 3	3		request_2	1462970489100	1462970489134	OK	 
REQUEST	injecteur 2	9		request_1	1462970489103	1462970489137	OK	 
REQUEST	injecteur 1	7		request_0	1462970489106	1462970489145	OK	 
REQUEST	injecteur 10	5		request_9	1462970489110	1462970489148	OK	 
REQUEST	injecteur 6	8		request_5	1462970489113	1462970489153	OK	 
REQUEST	injecteur 9	6		request_8	1462970489116	1462970489156	OK	 
REQUEST	injecteur 7	2		request_6	1462970489119	1462970489162	OK	 
REQUEST	injecteur 4	1		request_3	1462970489124	1462970489164	OK	 
REQUEST	injecteur 8	4		request_7	1462970489128	1462970489168	OK	 
REQUEST	injecteur 5	10		request_4	1462970489132	1462970489171	OK	 
REQUEST	injecteur 3	3		request_2	1462970489135	1462970489173	OK	 
REQUEST	injecteur 2	9		request_1	1462970489138	1462970489175	OK	 
REQUEST	injecteur 1	7		request_0	1462970489146	1462970489177	OK	 
REQUEST	injecteur 10	5		request_9	1462970489149	1462970489181	OK	 
REQUEST	injecteur 6	8		request_5	1462970489154	1462970489190	OK	 
REQUEST	injecteur 9	6		request_8	1462970489157	1462970489194	OK	 
REQUEST	injecteur 7	2		request_6	1462970489163	1462970489199	OK	 
REQUEST	injecteur 4	1		request_3	1462970489166	1462970489201	OK	 
REQUEST	injecteur 8	4		request_7	1462970489169	1462970489205	OK	 
REQUEST	injecteur 5	10		request_4	1462970489171	1462970489207	OK	 
REQUEST	injecteur 3	3		request_2	1462970489174	1462970489210	OK	 
REQUEST	injecteur 2	9		request_1	1462970489176	1462970489213	OK	 
REQUEST	injecteur 10	5		request_9	1462970489182	1462970489218	OK	 
REQUEST	injecteur 1	7		request_0	1462970489179	1462970489220	OK	 
REQUEST	injecteur 6	8		request_5	1462970489191	1462970489222	OK	 
REQUEST	injecteur 9	6		request_8	1462970489195	1462970489225	OK	 
REQUEST	injecteur 7	2		request_6	1462970489200	1462970489231	OK	 
REQUEST	injecteur 4	1		request_3	1462970489203	1462970489236	OK	 
REQUEST	injecteur 8	4		request_7	1462970489206	1462970489242	OK	 
REQUEST	injecteur 5	10		request_4	1462970489208	1462970489245	OK	 
REQUEST	injecteur 3	3		request_2	1462970489211	1462970489260	OK	 
REQUEST	injecteur 5	10		request_4	1462970489246	1462970489266	OK	 
REQUEST	injecteur 2	9		request_1	1462970489214	1462970489269	OK	 
REQUEST	injecteur 10	5		request_9	1462970489219	1462970489271	OK	 
REQUEST	injecteur 1	7		request_0	1462970489221	1462970489274	OK	 
REQUEST	injecteur 6	8		request_5	1462970489223	1462970489277	OK	 
REQUEST	injecteur 9	6		request_8	1462970489226	1462970489279	OK	 
REQUEST	injecteur 7	2		request_6	1462970489232	1462970489282	OK	 
REQUEST	injecteur 4	1		request_3	1462970489237	1462970489284	OK	 
REQUEST	injecteur 8	4		request_7	1462970489243	1462970489285	OK	 
REQUEST	injecteur 3	3		request_2	1462970489261	1462970489288	OK	 
REQUEST	injecteur 5	10		request_4	1462970489267	1462970489293	OK	 
REQUEST	injecteur 2	9		request_1	1462970489270	1462970489296	OK	 
REQUEST	injecteur 10	5		request_9	1462970489272	1462970489299	OK	 
REQUEST	injecteur 1	7		request_0	1462970489275	1462970489302	OK	 
REQUEST	injecteur 6	8		request_5	1462970489278	1462970489304	OK	 
REQUEST	injecteur 9	6		request_8	1462970489280	1462970489307	OK	 
REQUEST	injecteur 7	2		request_6	1462970489283	1462970489309	OK	 
REQUEST	injecteur 4	1		request_3	1462970489284	1462970489315	OK	 
REQUEST	injecteur 8	4		request_7	1462970489286	1462970489318	OK	 
REQUEST	injecteur 3	3		request_2	1462970489289	1462970489320	OK	 
REQUEST	injecteur 5	10		request_4	1462970489294	1462970489323	OK	 
REQUEST	injecteur 2	9		request_1	1462970489297	1462970489325	OK	 
REQUEST	injecteur 10	5		request_9	1462970489299	1462970489328	OK	 
REQUEST	injecteur 1	7		request_0	1462970489302	1462970489333	OK	 
REQUEST	injecteur 6	8		request_5	1462970489305	1462970489336	OK	 
REQUEST	injecteur 9	6		request_8	1462970489308	1462970489339	OK	 
REQUEST	injecteur 7	2		request_6	1462970489310	1462970489343	OK	 
REQUEST	injecteur 4	1		request_3	1462970489316	1462970489346	OK	 
REQUEST	injecteur 8	4		request_7	1462970489319	1462970489355	OK	 
REQUEST	injecteur 3	3		request_2	1462970489321	1462970489358	OK	 
REQUEST	injecteur 5	10		request_4	1462970489324	1462970489360	OK	 
REQUEST	injecteur 2	9		request_1	1462970489326	1462970489363	OK	 
REQUEST	injecteur 10	5		request_9	1462970489329	1462970489366	OK	 
REQUEST	injecteur 1	7		request_0	1462970489334	1462970489369	OK	 
REQUEST	injecteur 6	8		request_5	1462970489337	1462970489372	OK	 
REQUEST	injecteur 9	6		request_8	1462970489340	1462970489377	OK	 
REQUEST	injecteur 7	2		request_6	1462970489344	1462970489379	OK	 
REQUEST	injecteur 4	1		request_3	1462970489347	1462970489381	OK	 
REQUEST	injecteur 8	4		request_7	1462970489356	1462970489383	OK	 
REQUEST	injecteur 3	3		request_2	1462970489359	1462970489385	OK	 
REQUEST	injecteur 5	10		request_4	1462970489361	1462970489387	OK	 
REQUEST	injecteur 2	9		request_1	1462970489364	1462970489389	OK	 
REQUEST	injecteur 10	5		request_9	1462970489367	1462970489391	OK	 
REQUEST	injecteur 1	7		request_0	1462970489370	1462970489393	OK	 
REQUEST	injecteur 6	8		request_5	1462970489373	1462970489396	OK	 
REQUEST	injecteur 9	6		request_8	1462970489378	1462970489400	OK	 
REQUEST	injecteur 7	2		request_6	1462970489380	1462970489403	OK	 
REQUEST	injecteur 4	1		request_3	1462970489382	1462970489405	OK	 
REQUEST	injecteur 8	4		request_7	1462970489384	1462970489407	OK	 
REQUEST	injecteur 3	3		request_2	1462970489386	1462970489409	OK	 
REQUEST	injecteur 5	10		request_4	1462970489388	1462970489411	OK	 
REQUEST	injecteur 2	9		request_1	1462970489390	1462970489413	OK	 
REQUEST	injecteur 10	5		request_9	1462970489392	1462970489417	OK	 
REQUEST	injecteur 1	7		request_0	1462970489394	1462970489420	OK	 
REQUEST	injecteur 6	8		request_5	1462970489397	1462970489423	OK	 
REQUEST	injecteur 9	6		request_8	1462970489401	1462970489425	OK	 
REQUEST	injecteur 7	2		request_6	1462970489404	1462970489427	OK	 
REQUEST	injecteur 4	1		request_3	1462970489406	1462970489429	OK	 
REQUEST	injecteur 8	4		request_7	1462970489408	1462970489431	OK	 
REQUEST	injecteur 3	3		request_2	1462970489410	1462970489434	OK	 
REQUEST	injecteur 5	10		request_4	1462970489412	1462970489437	OK	 
REQUEST	injecteur 2	9		request_1	1462970489414	1462970489444	OK	 
REQUEST	injecteur 10	5		request_9	1462970489417	1462970489447	OK	 
REQUEST	injecteur 1	7		request_0	1462970489421	1462970489452	OK	 
REQUEST	injecteur 6	8		request_5	1462970489424	1462970489458	OK	 
REQUEST	injecteur 9	6		request_8	1462970489426	1462970489460	OK	 
REQUEST	injecteur 7	2		request_6	1462970489428	1462970489462	OK	 
REQUEST	injecteur 4	1		request_3	1462970489430	1462970489466	OK	 
REQUEST	injecteur 8	4		request_7	1462970489432	1462970489468	OK	 
REQUEST	injecteur 3	3		request_2	1462970489435	1462970489471	OK	 
REQUEST	injecteur 5	10		request_4	1462970489438	1462970489473	OK	 
REQUEST	injecteur 2	9		request_1	1462970489445	1462970489476	OK	 
REQUEST	injecteur 10	5		request_9	1462970489447	1462970489478	OK	 
REQUEST	injecteur 1	7		request_0	1462970489453	1462970489481	OK	 
REQUEST	injecteur 6	8		request_5	1462970489459	1462970489484	OK	 
REQUEST	injecteur 9	6		request_8	1462970489461	1462970489487	OK	 
REQUEST	injecteur 7	2		request_6	1462970489463	1462970489489	OK	 
REQUEST	injecteur 4	1		request_3	1462970489467	1462970489491	OK	 
REQUEST	injecteur 8	4		request_7	1462970489469	1462970489495	OK	 
REQUEST	injecteur 3	3		request_2	1462970489472	1462970489497	OK	 
REQUEST	injecteur 5	10		request_4	1462970489474	1462970489501	OK	 
REQUEST	injecteur 2	9		request_1	1462970489477	1462970489502	OK	 
REQUEST	injecteur 10	5		request_9	1462970489479	1462970489504	OK	 
REQUEST	injecteur 1	7		request_0	1462970489482	1462970489506	OK	 
REQUEST	injecteur 6	8		request_5	1462970489485	1462970489508	OK	 
REQUEST	injecteur 9	6		request_8	1462970489488	1462970489510	OK	 
REQUEST	injecteur 7	2		request_6	1462970489490	1462970489514	OK	 
REQUEST	injecteur 4	1		request_3	1462970489492	1462970489516	OK	 
REQUEST	injecteur 8	4		request_7	1462970489496	1462970489518	OK	 
REQUEST	injecteur 3	3		request_2	1462970489499	1462970489520	OK	 
REQUEST	injecteur 5	10		request_4	1462970489502	1462970489521	OK	 
REQUEST	injecteur 2	9		request_1	1462970489503	1462970489524	OK	 
REQUEST	injecteur 10	5		request_9	1462970489505	1462970489527	OK	 
REQUEST	injecteur 1	7		request_0	1462970489507	1462970489529	OK	 
REQUEST	injecteur 6	8		request_5	1462970489509	1462970489532	OK	 
REQUEST	injecteur 9	6		request_8	1462970489511	1462970489534	OK	 
REQUEST	injecteur 7	2		request_6	1462970489515	1462970489537	OK	 
REQUEST	injecteur 4	1		request_3	1462970489517	1462970489539	OK	 
REQUEST	injecteur 8	4		request_7	1462970489519	1462970489541	OK	 
REQUEST	injecteur 3	3		request_2	1462970489520	1462970489543	OK	 
REQUEST	injecteur 5	10		request_4	1462970489522	1462970489545	OK	 
REQUEST	injecteur 2	9		request_1	1462970489525	1462970489547	OK	 
REQUEST	injecteur 10	5		request_9	1462970489528	1462970489550	OK	 
REQUEST	injecteur 1	7		request_0	1462970489530	1462970489553	OK	 
REQUEST	injecteur 6	8		request_5	1462970489533	1462970489561	OK	 
REQUEST	injecteur 9	6		request_8	1462970489535	1462970489563	OK	 
REQUEST	injecteur 7	2		request_6	1462970489538	1462970489565	OK	 
REQUEST	injecteur 4	1		request_3	1462970489540	1462970489567	OK	 
REQUEST	injecteur 8	4		request_7	1462970489542	1462970489569	OK	 
REQUEST	injecteur 3	3		request_2	1462970489543	1462970489574	OK	 
REQUEST	injecteur 5	10		request_4	1462970489546	1462970489576	OK	 
REQUEST	injecteur 2	9		request_1	1462970489548	1462970489583	OK	 
REQUEST	injecteur 10	5		request_9	1462970489551	1462970489586	OK	 
REQUEST	injecteur 1	7		request_0	1462970489554	1462970489588	OK	 
REQUEST	injecteur 6	8		request_5	1462970489562	1462970489590	OK	 
REQUEST	injecteur 9	6		request_8	1462970489564	1462970489592	OK	 
REQUEST	injecteur 7	2		request_6	1462970489566	1462970489595	OK	 
REQUEST	injecteur 4	1		request_3	1462970489568	1462970489597	OK	 
REQUEST	injecteur 8	4		request_7	1462970489570	1462970489598	OK	 
REQUEST	injecteur 3	3		request_2	1462970489576	1462970489601	OK	 
REQUEST	injecteur 5	10		request_4	1462970489577	1462970489604	OK	 
REQUEST	injecteur 2	9		request_1	1462970489584	1462970489609	OK	 
REQUEST	injecteur 10	5		request_9	1462970489587	1462970489612	OK	 
REQUEST	injecteur 1	7		request_0	1462970489589	1462970489614	OK	 
REQUEST	injecteur 6	8		request_5	1462970489591	1462970489617	OK	 
REQUEST	injecteur 9	6		request_8	1462970489593	1462970489619	OK	 
REQUEST	injecteur 7	2		request_6	1462970489596	1462970489622	OK	 
REQUEST	injecteur 4	1		request_3	1462970489597	1462970489624	OK	 
REQUEST	injecteur 8	4		request_7	1462970489599	1462970489629	OK	 
REQUEST	injecteur 3	3		request_2	1462970489602	1462970489632	OK	 
REQUEST	injecteur 5	10		request_4	1462970489605	1462970489637	OK	 
REQUEST	injecteur 2	9		request_1	1462970489609	1462970489642	OK	 
REQUEST	injecteur 10	5		request_9	1462970489613	1462970489643	OK	 
REQUEST	injecteur 1	7		request_0	1462970489615	1462970489645	OK	 
REQUEST	injecteur 6	8		request_5	1462970489618	1462970489647	OK	 
REQUEST	injecteur 9	6		request_8	1462970489620	1462970489649	OK	 
REQUEST	injecteur 7	2		request_6	1462970489623	1462970489653	OK	 
REQUEST	injecteur 4	1		request_3	1462970489625	1462970489655	OK	 
REQUEST	injecteur 8	4		request_7	1462970489630	1462970489657	OK	 
REQUEST	injecteur 3	3		request_2	1462970489633	1462970489659	OK	 
REQUEST	injecteur 5	10		request_4	1462970489638	1462970489662	OK	 
REQUEST	injecteur 2	9		request_1	1462970489643	1462970489663	OK	 
REQUEST	injecteur 10	5		request_9	1462970489644	1462970489665	OK	 
REQUEST	injecteur 1	7		request_0	1462970489646	1462970489668	OK	 
REQUEST	injecteur 6	8		request_5	1462970489648	1462970489671	OK	 
REQUEST	injecteur 9	6		request_8	1462970489649	1462970489673	OK	 
REQUEST	injecteur 7	2		request_6	1462970489654	1462970489676	OK	 
REQUEST	injecteur 4	1		request_3	1462970489656	1462970489678	OK	 
REQUEST	injecteur 8	4		request_7	1462970489658	1462970489679	OK	 
REQUEST	injecteur 3	3		request_2	1462970489660	1462970489681	OK	 
REQUEST	injecteur 5	10		request_4	1462970489662	1462970489683	OK	 
REQUEST	injecteur 2	9		request_1	1462970489664	1462970489686	OK	 
REQUEST	injecteur 10	5		request_9	1462970489666	1462970489688	OK	 
REQUEST	injecteur 1	7		request_0	1462970489669	1462970489691	OK	 
REQUEST	injecteur 6	8		request_5	1462970489672	1462970489693	OK	 
REQUEST	injecteur 9	6		request_8	1462970489674	1462970489695	OK	 
REQUEST	injecteur 7	2		request_6	1462970489677	1462970489696	OK	 
REQUEST	injecteur 4	1		request_3	1462970489678	1462970489699	OK	 
REQUEST	injecteur 8	4		request_7	1462970489680	1462970489700	OK	 
REQUEST	injecteur 3	3		request_2	1462970489682	1462970489702	OK	 
REQUEST	injecteur 5	10		request_4	1462970489684	1462970489704	OK	 
REQUEST	injecteur 2	9		request_1	1462970489687	1462970489705	OK	 
REQUEST	injecteur 10	5		request_9	1462970489688	1462970489708	OK	 
REQUEST	injecteur 1	7		request_0	1462970489692	1462970489710	OK	 
REQUEST	injecteur 6	8		request_5	1462970489694	1462970489712	OK	 
REQUEST	injecteur 9	6		request_8	1462970489696	1462970489714	OK	 
REQUEST	injecteur 7	2		request_6	1462970489697	1462970489716	OK	 
REQUEST	injecteur 4	1		request_3	1462970489699	1462970489718	OK	 
REQUEST	injecteur 8	4		request_7	1462970489701	1462970489720	OK	 
REQUEST	injecteur 3	3		request_2	1462970489703	1462970489724	OK	 
REQUEST	injecteur 5	10		request_4	1462970489704	1462970489726	OK	 
REQUEST	injecteur 2	9		request_1	1462970489706	1462970489729	OK	 
REQUEST	injecteur 10	5		request_9	1462970489709	1462970489732	OK	 
REQUEST	injecteur 1	7		request_0	1462970489711	1462970489735	OK	 
REQUEST	injecteur 6	8		request_5	1462970489713	1462970489737	OK	 
REQUEST	injecteur 9	6		request_8	1462970489715	1462970489740	OK	 
REQUEST	injecteur 7	2		request_6	1462970489717	1462970489742	OK	 
REQUEST	injecteur 4	1		request_3	1462970489719	1462970489744	OK	 
REQUEST	injecteur 8	4		request_7	1462970489721	1462970489747	OK	 
REQUEST	injecteur 3	3		request_2	1462970489725	1462970489751	OK	 
REQUEST	injecteur 5	10		request_4	1462970489727	1462970489754	OK	 
REQUEST	injecteur 2	9		request_1	1462970489730	1462970489756	OK	 
REQUEST	injecteur 10	5		request_9	1462970489733	1462970489759	OK	 
REQUEST	injecteur 1	7		request_0	1462970489736	1462970489761	OK	 
REQUEST	injecteur 6	8		request_5	1462970489738	1462970489763	OK	 
REQUEST	injecteur 9	6		request_8	1462970489740	1462970489765	OK	 
REQUEST	injecteur 7	2		request_6	1462970489743	1462970489770	OK	 
REQUEST	injecteur 4	1		request_3	1462970489744	1462970489774	OK	 
REQUEST	injecteur 8	4		request_7	1462970489748	1462970489778	OK	 
REQUEST	injecteur 3	3		request_2	1462970489751	1462970489781	OK	 
REQUEST	injecteur 5	10		request_4	1462970489755	1462970489782	OK	 
REQUEST	injecteur 2	9		request_1	1462970489757	1462970489784	OK	 
REQUEST	injecteur 10	5		request_9	1462970489760	1462970489786	OK	 
REQUEST	injecteur 1	7		request_0	1462970489762	1462970489788	OK	 
REQUEST	injecteur 6	8		request_5	1462970489764	1462970489791	OK	 
REQUEST	injecteur 9	6		request_8	1462970489766	1462970489794	OK	 
REQUEST	injecteur 7	2		request_6	1462970489770	1462970489796	OK	 
REQUEST	injecteur 4	1		request_3	1462970489775	1462970489798	OK	 
REQUEST	injecteur 8	4		request_7	1462970489779	1462970489799	OK	 
REQUEST	injecteur 3	3		request_2	1462970489782	1462970489801	OK	 
REQUEST	injecteur 5	10		request_4	1462970489782	1462970489803	OK	 
REQUEST	injecteur 2	9		request_1	1462970489785	1462970489804	OK	 
REQUEST	injecteur 10	5		request_9	1462970489787	1462970489806	OK	 
REQUEST	injecteur 1	7		request_0	1462970489789	1462970489808	OK	 
REQUEST	injecteur 9	6		request_8	1462970489795	1462970489814	OK	 
REQUEST	injecteur 6	8		request_5	1462970489792	1462970489815	OK	 
REQUEST	injecteur 7	2		request_6	1462970489796	1462970489819	OK	 
REQUEST	injecteur 4	1		request_3	1462970489799	1462970489821	OK	 
REQUEST	injecteur 8	4		request_7	1462970489800	1462970489822	OK	 
REQUEST	injecteur 3	3		request_2	1462970489802	1462970489824	OK	 
REQUEST	injecteur 5	10		request_4	1462970489804	1462970489826	OK	 
REQUEST	injecteur 2	9		request_1	1462970489805	1462970489828	OK	 
REQUEST	injecteur 10	5		request_9	1462970489807	1462970489829	OK	 
REQUEST	injecteur 1	7		request_0	1462970489814	1462970489832	OK	 
REQUEST	injecteur 9	6		request_8	1462970489815	1462970489834	OK	 
REQUEST	injecteur 6	8		request_5	1462970489816	1462970489836	OK	 
REQUEST	injecteur 7	2		request_6	1462970489820	1462970489838	OK	 
REQUEST	injecteur 4	1		request_3	1462970489821	1462970489840	OK	 
REQUEST	injecteur 8	4		request_7	1462970489823	1462970489842	OK	 
REQUEST	injecteur 3	3		request_2	1462970489825	1462970489843	OK	 
REQUEST	injecteur 5	10		request_4	1462970489827	1462970489845	OK	 
REQUEST	injecteur 2	9		request_1	1462970489828	1462970489847	OK	 
REQUEST	injecteur 10	5		request_9	1462970489830	1462970489851	OK	 
REQUEST	injecteur 1	7		request_0	1462970489833	1462970489854	OK	 
REQUEST	injecteur 9	6		request_8	1462970489835	1462970489857	OK	 
REQUEST	injecteur 6	8		request_5	1462970489836	1462970489859	OK	 
REQUEST	injecteur 7	2		request_6	1462970489839	1462970489861	OK	 
REQUEST	injecteur 4	1		request_3	1462970489841	1462970489862	OK	 
REQUEST	injecteur 8	4		request_7	1462970489842	1462970489864	OK	 
REQUEST	injecteur 3	3		request_2	1462970489844	1462970489866	OK	 
REQUEST	injecteur 5	10		request_4	1462970489846	1462970489868	OK	 
REQUEST	injecteur 2	9		request_1	1462970489848	1462970489872	OK	 
REQUEST	injecteur 10	5		request_9	1462970489851	1462970489876	OK	 
REQUEST	injecteur 1	7		request_0	1462970489855	1462970489878	OK	 
REQUEST	injecteur 9	6		request_8	1462970489858	1462970489880	OK	 
REQUEST	injecteur 6	8		request_5	1462970489860	1462970489882	OK	 
REQUEST	injecteur 7	2		request_6	1462970489861	1462970489884	OK	 
REQUEST	injecteur 4	1		request_3	1462970489863	1462970489887	OK	 
REQUEST	injecteur 8	4		request_7	1462970489864	1462970489889	OK	 
REQUEST	injecteur 3	3		request_2	1462970489866	1462970489891	OK	 
REQUEST	injecteur 5	10		request_4	1462970489869	1462970489896	OK	 
REQUEST	injecteur 2	9		request_1	1462970489873	1462970489899	OK	 
REQUEST	injecteur 10	5		request_9	1462970489877	1462970489901	OK	 
REQUEST	injecteur 1	7		request_0	1462970489879	1462970489904	OK	 
REQUEST	injecteur 9	6		request_8	1462970489881	1462970489906	OK	 
REQUEST	injecteur 6	8		request_5	1462970489883	1462970489908	OK	 
REQUEST	injecteur 7	2		request_6	1462970489885	1462970489909	OK	 
REQUEST	injecteur 4	1		request_3	1462970489888	1462970489912	OK	 
REQUEST	injecteur 8	4		request_7	1462970489890	1462970489918	OK	 
REQUEST	injecteur 3	3		request_2	1462970489891	1462970489922	OK	 
REQUEST	injecteur 5	10		request_4	1462970489896	1462970489925	OK	 
REQUEST	injecteur 2	9		request_1	1462970489900	1462970489927	OK	 
REQUEST	injecteur 10	5		request_9	1462970489902	1462970489933	OK	 
REQUEST	injecteur 1	7		request_0	1462970489905	1462970489937	OK	 
REQUEST	injecteur 9	6		request_8	1462970489907	1462970489941	OK	 
REQUEST	injecteur 6	8		request_5	1462970489909	1462970489943	OK	 
REQUEST	injecteur 7	2		request_6	1462970489910	1462970489948	OK	 
REQUEST	injecteur 4	1		request_3	1462970489913	1462970489954	OK	 
REQUEST	injecteur 8	4		request_7	1462970489919	1462970489957	OK	 
REQUEST	injecteur 3	3		request_2	1462970489923	1462970489965	OK	 
REQUEST	injecteur 5	10		request_4	1462970489926	1462970489968	OK	 
REQUEST	injecteur 2	9		request_1	1462970489928	1462970489988	OK	 
REQUEST	injecteur 10	5		request_9	1462970489935	1462970489990	OK	 
REQUEST	injecteur 1	7		request_0	1462970489938	1462970489992	OK	 
REQUEST	injecteur 9	6		request_8	1462970489942	1462970489993	OK	 
REQUEST	injecteur 6	8		request_5	1462970489944	1462970489995	OK	 
REQUEST	injecteur 7	2		request_6	1462970489948	1462970489999	OK	 
REQUEST	injecteur 4	1		request_3	1462970489955	1462970490002	OK	 
REQUEST	injecteur 8	4		request_7	1462970489959	1462970490003	OK	 
REQUEST	injecteur 3	3		request_2	1462970489966	1462970490005	OK	 
REQUEST	injecteur 5	10		request_4	1462970489969	1462970490010	OK	 
REQUEST	injecteur 2	9		request_1	1462970489988	1462970490013	OK	 
REQUEST	injecteur 10	5		request_9	1462970489991	1462970490015	OK	 
REQUEST	injecteur 1	7		request_0	1462970489992	1462970490017	OK	 
REQUEST	injecteur 9	6		request_8	1462970489994	1462970490018	OK	 
REQUEST	injecteur 6	8		request_5	1462970489996	1462970490021	OK	 
REQUEST	injecteur 7	2		request_6	1462970489999	1462970490024	OK	 
REQUEST	injecteur 4	1		request_3	1462970490002	1462970490026	OK	 
REQUEST	injecteur 8	4		request_7	1462970490004	1462970490027	OK	 
REQUEST	injecteur 3	3		request_2	1462970490006	1462970490029	OK	 
REQUEST	injecteur 5	10		request_4	1462970490010	1462970490030	OK	 
REQUEST	injecteur 2	9		request_1	1462970490014	1462970490032	OK	 
REQUEST	injecteur 10	5		request_9	1462970490016	1462970490034	OK	 
REQUEST	injecteur 1	7		request_0	1462970490017	1462970490035	OK	 
REQUEST	injecteur 9	6		request_8	1462970490019	1462970490038	OK	 
REQUEST	injecteur 6	8		request_5	1462970490022	1462970490042	OK	 
REQUEST	injecteur 7	2		request_6	1462970490024	1462970490044	OK	 
REQUEST	injecteur 4	1		request_3	1462970490026	1462970490046	OK	 
REQUEST	injecteur 8	4		request_7	1462970490028	1462970490047	OK	 
REQUEST	injecteur 3	3		request_2	1462970490030	1462970490049	OK	 
REQUEST	injecteur 5	10		request_4	1462970490031	1462970490050	OK	 
REQUEST	injecteur 2	9		request_1	1462970490032	1462970490052	OK	 
REQUEST	injecteur 10	5		request_9	1462970490034	1462970490055	OK	 
REQUEST	injecteur 1	7		request_0	1462970490036	1462970490058	OK	 
REQUEST	injecteur 9	6		request_8	1462970490039	1462970490060	OK	 
REQUEST	injecteur 6	8		request_5	1462970490043	1462970490062	OK	 
REQUEST	injecteur 7	2		request_6	1462970490045	1462970490064	OK	 
REQUEST	injecteur 4	1		request_3	1462970490047	1462970490065	OK	 
REQUEST	injecteur 8	4		request_7	1462970490048	1462970490067	OK	 
REQUEST	injecteur 3	3		request_2	1462970490050	1462970490068	OK	 
REQUEST	injecteur 5	10		request_4	1462970490051	1462970490070	OK	 
REQUEST	injecteur 2	9		request_1	1462970490053	1462970490074	OK	 
REQUEST	injecteur 10	5		request_9	1462970490055	1462970490077	OK	 
REQUEST	injecteur 1	7		request_0	1462970490059	1462970490078	OK	 
REQUEST	injecteur 9	6		request_8	1462970490061	1462970490080	OK	 
REQUEST	injecteur 6	8		request_5	1462970490062	1462970490082	OK	 
REQUEST	injecteur 7	2		request_6	1462970490064	1462970490083	OK	 
REQUEST	injecteur 4	1		request_3	1462970490066	1462970490085	OK	 
REQUEST	injecteur 8	4		request_7	1462970490067	1462970490087	OK	 
REQUEST	injecteur 3	3		request_2	1462970490069	1462970490089	OK	 
REQUEST	injecteur 5	10		request_4	1462970490071	1462970490093	OK	 
REQUEST	injecteur 2	9		request_1	1462970490076	1462970490097	OK	 
REQUEST	injecteur 10	5		request_9	1462970490077	1462970490099	OK	 
REQUEST	injecteur 1	7		request_0	1462970490079	1462970490101	OK	 
REQUEST	injecteur 9	6		request_8	1462970490080	1462970490105	OK	 
REQUEST	injecteur 6	8		request_5	1462970490082	1462970490107	OK	 
REQUEST	injecteur 7	2		request_6	1462970490084	1462970490110	OK	 
REQUEST	injecteur 8	4		request_7	1462970490087	1462970490114	OK	 
REQUEST	injecteur 4	1		request_3	1462970490086	1462970490111	OK	 
REQUEST	injecteur 8	4		request_7	1462970490114	1462970490122	OK	 
REQUEST	injecteur 3	3		request_2	1462970490089	1462970490125	OK	 
REQUEST	injecteur 5	10		request_4	1462970490094	1462970490129	OK	 
REQUEST	injecteur 2	9		request_1	1462970490098	1462970490134	OK	 
REQUEST	injecteur 10	5		request_9	1462970490100	1462970490135	OK	 
REQUEST	injecteur 1	7		request_0	1462970490102	1462970490137	OK	 
REQUEST	injecteur 9	6		request_8	1462970490106	1462970490139	OK	 
REQUEST	injecteur 6	8		request_5	1462970490108	1462970490141	OK	 
REQUEST	injecteur 7	2		request_6	1462970490111	1462970490143	OK	 
REQUEST	injecteur 4	1		request_3	1462970490115	1462970490145	OK	 
REQUEST	injecteur 8	4		request_7	1462970490123	1462970490149	OK	 
REQUEST	injecteur 3	3		request_2	1462970490126	1462970490151	OK	 
REQUEST	injecteur 5	10		request_4	1462970490130	1462970490155	OK	 
REQUEST	injecteur 2	9		request_1	1462970490134	1462970490157	OK	 
REQUEST	injecteur 10	5		request_9	1462970490136	1462970490159	OK	 
REQUEST	injecteur 1	7		request_0	1462970490138	1462970490161	OK	 
REQUEST	injecteur 9	6		request_8	1462970490140	1462970490163	OK	 
REQUEST	injecteur 6	8		request_5	1462970490142	1462970490164	OK	 
REQUEST	injecteur 7	2		request_6	1462970490144	1462970490166	OK	 
REQUEST	injecteur 4	1		request_3	1462970490146	1462970490169	OK	 
REQUEST	injecteur 8	4		request_7	1462970490150	1462970490170	OK	 
REQUEST	injecteur 3	3		request_2	1462970490152	1462970490172	OK	 
REQUEST	injecteur 5	10		request_4	1462970490156	1462970490173	OK	 
REQUEST	injecteur 2	9		request_1	1462970490158	1462970490176	OK	 
REQUEST	injecteur 10	5		request_9	1462970490160	1462970490178	OK	 
REQUEST	injecteur 1	7		request_0	1462970490162	1462970490180	OK	 
REQUEST	injecteur 9	6		request_8	1462970490163	1462970490182	OK	 
REQUEST	injecteur 6	8		request_5	1462970490165	1462970490184	OK	 
REQUEST	injecteur 7	2		request_6	1462970490166	1462970490187	OK	 
REQUEST	injecteur 4	1		request_3	1462970490169	1462970490189	OK	 
REQUEST	injecteur 8	4		request_7	1462970490171	1462970490192	OK	 
REQUEST	injecteur 3	3		request_2	1462970490172	1462970490193	OK	 
REQUEST	injecteur 5	10		request_4	1462970490175	1462970490195	OK	 
REQUEST	injecteur 2	9		request_1	1462970490177	1462970490198	OK	 
REQUEST	injecteur 10	5		request_9	1462970490179	1462970490200	OK	 
REQUEST	injecteur 1	7		request_0	1462970490181	1462970490202	OK	 
REQUEST	injecteur 9	6		request_8	1462970490183	1462970490204	OK	 
REQUEST	injecteur 6	8		request_5	1462970490185	1462970490207	OK	 
REQUEST	injecteur 7	2		request_6	1462970490187	1462970490210	OK	 
REQUEST	injecteur 4	1		request_3	1462970490190	1462970490212	OK	 
REQUEST	injecteur 8	4		request_7	1462970490192	1462970490214	OK	 
REQUEST	injecteur 3	3		request_2	1462970490194	1462970490216	OK	 
REQUEST	injecteur 5	10		request_4	1462970490197	1462970490218	OK	 
REQUEST	injecteur 2	9		request_1	1462970490199	1462970490220	OK	 
REQUEST	injecteur 10	5		request_9	1462970490201	1462970490222	OK	 
REQUEST	injecteur 1	7		request_0	1462970490203	1462970490224	OK	 
REQUEST	injecteur 9	6		request_8	1462970490204	1462970490227	OK	 
REQUEST	injecteur 6	8		request_5	1462970490208	1462970490232	OK	 
REQUEST	injecteur 7	2		request_6	1462970490211	1462970490234	OK	 
REQUEST	injecteur 4	1		request_3	1462970490213	1462970490236	OK	 
REQUEST	injecteur 8	4		request_7	1462970490214	1462970490237	OK	 
REQUEST	injecteur 3	3		request_2	1462970490217	1462970490241	OK	 
REQUEST	injecteur 5	10		request_4	1462970490219	1462970490242	OK	 
REQUEST	injecteur 2	9		request_1	1462970490221	1462970490248	OK	 
REQUEST	injecteur 10	5		request_9	1462970490223	1462970490249	OK	 
REQUEST	injecteur 5	10		request_4	1462970490243	1462970490252	OK	 
REQUEST	injecteur 1	7		request_0	1462970490225	1462970490255	OK	 
REQUEST	injecteur 9	6		request_8	1462970490228	1462970490259	OK	 
REQUEST	injecteur 6	8		request_5	1462970490232	1462970490262	OK	 
REQUEST	injecteur 7	2		request_6	1462970490234	1462970490265	OK	 
REQUEST	injecteur 4	1		request_3	1462970490236	1462970490267	OK	 
REQUEST	injecteur 8	4		request_7	1462970490239	1462970490269	OK	 
REQUEST	injecteur 3	3		request_2	1462970490242	1462970490271	OK	 
REQUEST	injecteur 10	5		request_9	1462970490249	1462970490282	OK	 
REQUEST	injecteur 2	9		request_1	1462970490249	1462970490284	OK	 
REQUEST	injecteur 5	10		request_4	1462970490253	1462970490288	OK	 
REQUEST	injecteur 1	7		request_0	1462970490256	1462970490293	OK	 
REQUEST	injecteur 9	6		request_8	1462970490261	1462970490294	OK	 
REQUEST	injecteur 6	8		request_5	1462970490263	1462970490296	OK	 
REQUEST	injecteur 7	2		request_6	1462970490266	1462970490297	OK	 
REQUEST	injecteur 4	1		request_3	1462970490269	1462970490299	OK	 
REQUEST	injecteur 8	4		request_7	1462970490270	1462970490304	OK	 
REQUEST	injecteur 5	10		request_4	1462970490289	1462970490306	OK	 
REQUEST	injecteur 3	3		request_2	1462970490272	1462970490316	OK	 
REQUEST	injecteur 10	5		request_9	1462970490282	1462970490319	OK	 
REQUEST	injecteur 2	9		request_1	1462970490284	1462970490321	OK	 
REQUEST	injecteur 1	7		request_0	1462970490293	1462970490327	OK	 
REQUEST	injecteur 9	6		request_8	1462970490295	1462970490328	OK	 
REQUEST	injecteur 6	8		request_5	1462970490296	1462970490330	OK	 
REQUEST	injecteur 7	2		request_6	1462970490298	1462970490331	OK	 
REQUEST	injecteur 4	1		request_3	1462970490300	1462970490333	OK	 
REQUEST	injecteur 8	4		request_7	1462970490305	1462970490337	OK	 
REQUEST	injecteur 5	10		request_4	1462970490307	1462970490338	OK	 
REQUEST	injecteur 3	3		request_2	1462970490316	1462970490340	OK	 
REQUEST	injecteur 10	5		request_9	1462970490320	1462970490342	OK	 
REQUEST	injecteur 2	9		request_1	1462970490322	1462970490345	OK	 
REQUEST	injecteur 1	7		request_0	1462970490327	1462970490348	OK	 
REQUEST	injecteur 9	6		request_8	1462970490328	1462970490350	OK	 
REQUEST	injecteur 6	8		request_5	1462970490330	1462970490352	OK	 
REQUEST	injecteur 7	2		request_6	1462970490332	1462970490354	OK	 
REQUEST	injecteur 4	1		request_3	1462970490334	1462970490357	OK	 
REQUEST	injecteur 8	4		request_7	1462970490338	1462970490359	OK	 
REQUEST	injecteur 5	10		request_4	1462970490339	1462970490361	OK	 
REQUEST	injecteur 3	3		request_2	1462970490341	1462970490363	OK	 
REQUEST	injecteur 10	5		request_9	1462970490343	1462970490365	OK	 
REQUEST	injecteur 2	9		request_1	1462970490345	1462970490367	OK	 
REQUEST	injecteur 1	7		request_0	1462970490349	1462970490370	OK	 
REQUEST	injecteur 9	6		request_8	1462970490351	1462970490372	OK	 
REQUEST	injecteur 6	8		request_5	1462970490353	1462970490377	OK	 
REQUEST	injecteur 7	2		request_6	1462970490354	1462970490378	OK	 
REQUEST	injecteur 4	1		request_3	1462970490358	1462970490380	OK	 
REQUEST	injecteur 8	4		request_7	1462970490360	1462970490382	OK	 
REQUEST	injecteur 5	10		request_4	1462970490362	1462970490385	OK	 
REQUEST	injecteur 3	3		request_2	1462970490363	1462970490387	OK	 
REQUEST	injecteur 10	5		request_9	1462970490366	1462970490388	OK	 
REQUEST	injecteur 2	9		request_1	1462970490368	1462970490390	OK	 
REQUEST	injecteur 1	7		request_0	1462970490370	1462970490393	OK	 
REQUEST	injecteur 9	6		request_8	1462970490373	1462970490394	OK	 
REQUEST	injecteur 6	8		request_5	1462970490378	1462970490397	OK	 
REQUEST	injecteur 7	2		request_6	1462970490379	1462970490399	OK	 
REQUEST	injecteur 4	1		request_3	1462970490381	1462970490401	OK	 
REQUEST	injecteur 8	4		request_7	1462970490383	1462970490403	OK	 
REQUEST	injecteur 5	10		request_4	1462970490385	1462970490404	OK	 
REQUEST	injecteur 3	3		request_2	1462970490387	1462970490406	OK	 
REQUEST	injecteur 10	5		request_9	1462970490389	1462970490407	OK	 
REQUEST	injecteur 2	9		request_1	1462970490391	1462970490410	OK	 
REQUEST	injecteur 1	7		request_0	1462970490393	1462970490412	OK	 
REQUEST	injecteur 9	6		request_8	1462970490395	1462970490415	OK	 
REQUEST	injecteur 6	8		request_5	1462970490398	1462970490417	OK	 
REQUEST	injecteur 7	2		request_6	1462970490400	1462970490419	OK	 
REQUEST	injecteur 4	1		request_3	1462970490402	1462970490420	OK	 
REQUEST	injecteur 8	4		request_7	1462970490403	1462970490422	OK	 
REQUEST	injecteur 5	10		request_4	1462970490405	1462970490423	OK	 
REQUEST	injecteur 3	3		request_2	1462970490406	1462970490425	OK	 
REQUEST	injecteur 10	5		request_9	1462970490408	1462970490427	OK	 
REQUEST	injecteur 2	9		request_1	1462970490411	1462970490430	OK	 
REQUEST	injecteur 1	7		request_0	1462970490413	1462970490432	OK	 
REQUEST	injecteur 9	6		request_8	1462970490416	1462970490433	OK	 
REQUEST	injecteur 6	8		request_5	1462970490418	1462970490435	OK	 
REQUEST	injecteur 7	2		request_6	1462970490419	1462970490437	OK	 
REQUEST	injecteur 4	1		request_3	1462970490421	1462970490439	OK	 
REQUEST	injecteur 8	4		request_7	1462970490423	1462970490441	OK	 
REQUEST	injecteur 5	10		request_4	1462970490424	1462970490443	OK	 
REQUEST	injecteur 3	3		request_2	1462970490426	1462970490446	OK	 
REQUEST	injecteur 10	5		request_9	1462970490428	1462970490449	OK	 
REQUEST	injecteur 2	9		request_1	1462970490431	1462970490453	OK	 
REQUEST	injecteur 1	7		request_0	1462970490432	1462970490454	OK	 
REQUEST	injecteur 9	6		request_8	1462970490434	1462970490456	OK	 
REQUEST	injecteur 6	8		request_5	1462970490436	1462970490459	OK	 
REQUEST	injecteur 7	2		request_6	1462970490438	1462970490461	OK	 
REQUEST	injecteur 4	1		request_3	1462970490440	1462970490471	OK	 
REQUEST	injecteur 8	4		request_7	1462970490442	1462970490475	OK	 
REQUEST	injecteur 5	10		request_4	1462970490443	1462970490479	OK	 
REQUEST	injecteur 3	3		request_2	1462970490447	1462970490480	OK	 
REQUEST	injecteur 10	5		request_9	1462970490449	1462970490482	OK	 
REQUEST	injecteur 2	9		request_1	1462970490453	1462970490484	OK	 
REQUEST	injecteur 1	7		request_0	1462970490455	1462970490485	OK	 
REQUEST	injecteur 9	6		request_8	1462970490457	1462970490487	OK	 
REQUEST	injecteur 6	8		request_5	1462970490459	1462970490488	OK	 
REQUEST	injecteur 7	2		request_6	1462970490461	1462970490490	OK	 
REQUEST	injecteur 4	1		request_3	1462970490472	1462970490492	OK	 
REQUEST	injecteur 8	4		request_7	1462970490476	1462970490494	OK	 
REQUEST	injecteur 5	10		request_4	1462970490480	1462970490498	OK	 
REQUEST	injecteur 3	3		request_2	1462970490481	1462970490500	OK	 
REQUEST	injecteur 10	5		request_9	1462970490483	1462970490502	OK	 
REQUEST	injecteur 2	9		request_1	1462970490484	1462970490503	OK	 
REQUEST	injecteur 1	7		request_0	1462970490486	1462970490505	OK	 
REQUEST	injecteur 9	6		request_8	1462970490487	1462970490506	OK	 
REQUEST	injecteur 6	8		request_5	1462970490489	1462970490508	OK	 
REQUEST	injecteur 7	2		request_6	1462970490490	1462970490512	OK	 
REQUEST	injecteur 4	1		request_3	1462970490492	1462970490514	OK	 
REQUEST	injecteur 8	4		request_7	1462970490495	1462970490516	OK	 
REQUEST	injecteur 5	10		request_4	1462970490499	1462970490518	OK	 
REQUEST	injecteur 3	3		request_2	1462970490501	1462970490519	OK	 
REQUEST	injecteur 10	5		request_9	1462970490502	1462970490521	OK	 
REQUEST	injecteur 2	9		request_1	1462970490504	1462970490522	OK	 
REQUEST	injecteur 1	7		request_0	1462970490505	1462970490524	OK	 
REQUEST	injecteur 9	6		request_8	1462970490507	1462970490526	OK	 
REQUEST	injecteur 6	8		request_5	1462970490509	1462970490529	OK	 
REQUEST	injecteur 7	2		request_6	1462970490512	1462970490530	OK	 
REQUEST	injecteur 4	1		request_3	1462970490515	1462970490532	OK	 
REQUEST	injecteur 8	4		request_7	1462970490517	1462970490533	OK	 
REQUEST	injecteur 5	10		request_4	1462970490519	1462970490535	OK	 
REQUEST	injecteur 3	3		request_2	1462970490520	1462970490537	OK	 
REQUEST	injecteur 10	5		request_9	1462970490521	1462970490542	OK	 
REQUEST	injecteur 2	9		request_1	1462970490523	1462970490543	OK	 
REQUEST	injecteur 1	7		request_0	1462970490525	1462970490545	OK	 
REQUEST	injecteur 9	6		request_8	1462970490526	1462970490548	OK	 
REQUEST	injecteur 6	8		request_5	1462970490529	1462970490551	OK	 
REQUEST	injecteur 7	2		request_6	1462970490530	1462970490555	OK	 
REQUEST	injecteur 4	1		request_3	1462970490533	1462970490556	OK	 
REQUEST	injecteur 8	4		request_7	1462970490534	1462970490558	OK	 
REQUEST	injecteur 5	10		request_4	1462970490536	1462970490561	OK	 
REQUEST	injecteur 3	3		request_2	1462970490538	1462970490562	OK	 
REQUEST	injecteur 10	5		request_9	1462970490543	1462970490566	OK	 
REQUEST	injecteur 2	9		request_1	1462970490543	1462970490568	OK	 
REQUEST	injecteur 1	7		request_0	1462970490546	1462970490570	OK	 
REQUEST	injecteur 9	6		request_8	1462970490549	1462970490572	OK	 
REQUEST	injecteur 6	8		request_5	1462970490552	1462970490575	OK	 
REQUEST	injecteur 7	2		request_6	1462970490555	1462970490577	OK	 
REQUEST	injecteur 4	1		request_3	1462970490557	1462970490579	OK	 
REQUEST	injecteur 8	4		request_7	1462970490559	1462970490581	OK	 
REQUEST	injecteur 5	10		request_4	1462970490561	1462970490583	OK	 
REQUEST	injecteur 3	3		request_2	1462970490563	1462970490588	OK	 
REQUEST	injecteur 10	5		request_9	1462970490566	1462970490591	OK	 
REQUEST	injecteur 2	9		request_1	1462970490569	1462970490593	OK	 
REQUEST	injecteur 1	7		request_0	1462970490571	1462970490595	OK	 
REQUEST	injecteur 9	6		request_8	1462970490573	1462970490597	OK	 
REQUEST	injecteur 6	8		request_5	1462970490576	1462970490599	OK	 
REQUEST	injecteur 7	2		request_6	1462970490578	1462970490601	OK	 
REQUEST	injecteur 4	1		request_3	1462970490580	1462970490603	OK	 
REQUEST	injecteur 8	4		request_7	1462970490582	1462970490605	OK	 
REQUEST	injecteur 5	10		request_4	1462970490584	1462970490609	OK	 
REQUEST	injecteur 3	3		request_2	1462970490589	1462970490611	OK	 
REQUEST	injecteur 10	5		request_9	1462970490592	1462970490613	OK	 
REQUEST	injecteur 2	9		request_1	1462970490594	1462970490615	OK	 
REQUEST	injecteur 1	7		request_0	1462970490596	1462970490616	OK	 
REQUEST	injecteur 9	6		request_8	1462970490598	1462970490618	OK	 
REQUEST	injecteur 6	8		request_5	1462970490600	1462970490619	OK	 
REQUEST	injecteur 7	2		request_6	1462970490602	1462970490621	OK	 
REQUEST	injecteur 4	1		request_3	1462970490604	1462970490622	OK	 
REQUEST	injecteur 8	4		request_7	1462970490606	1462970490624	OK	 
REQUEST	injecteur 5	10		request_4	1462970490610	1462970490627	OK	 
REQUEST	injecteur 3	3		request_2	1462970490612	1462970490628	OK	 
REQUEST	injecteur 10	5		request_9	1462970490613	1462970490630	OK	 
REQUEST	injecteur 2	9		request_1	1462970490615	1462970490631	OK	 
REQUEST	injecteur 1	7		request_0	1462970490617	1462970490633	OK	 
REQUEST	injecteur 9	6		request_8	1462970490618	1462970490634	OK	 
REQUEST	injecteur 6	8		request_5	1462970490620	1462970490636	OK	 
REQUEST	injecteur 7	2		request_6	1462970490621	1462970490638	OK	 
REQUEST	injecteur 4	1		request_3	1462970490623	1462970490642	OK	 
REQUEST	injecteur 8	4		request_7	1462970490625	1462970490645	OK	 
REQUEST	injecteur 5	10		request_4	1462970490628	1462970490650	OK	 
REQUEST	injecteur 3	3		request_2	1462970490629	1462970490654	OK	 
REQUEST	injecteur 1	7		request_0	1462970490634	1462970490661	OK	 
REQUEST	injecteur 9	6		request_8	1462970490635	1462970490663	OK	 
REQUEST	injecteur 5	10		request_4	1462970490651	1462970490670	OK	 
REQUEST	injecteur 9	6		request_8	1462970490663	1462970490673	OK	 
REQUEST	injecteur 7	2		request_6	1462970490639	1462970490677	OK	 
REQUEST	injecteur 3	3		request_2	1462970490655	1462970490685	OK	 
REQUEST	injecteur 1	7		request_0	1462970490661	1462970490687	OK	 
REQUEST	injecteur 10	5		request_9	1462970490631	1462970490688	OK	 
REQUEST	injecteur 5	10		request_4	1462970490670	1462970490689	OK	 
REQUEST	injecteur 6	8		request_5	1462970490637	1462970490690	OK	 
REQUEST	injecteur 2	9		request_1	1462970490632	1462970490689	OK	 
REQUEST	injecteur 9	6		request_8	1462970490674	1462970490693	OK	 
REQUEST	injecteur 4	1		request_3	1462970490642	1462970490693	OK	 
REQUEST	injecteur 7	2		request_6	1462970490678	1462970490696	OK	 
REQUEST	injecteur 3	3		request_2	1462970490686	1462970490701	OK	 
REQUEST	injecteur 7	2		request_6	1462970490697	1462970490703	OK	 
REQUEST	injecteur 8	4		request_7	1462970490645	1462970490706	OK	 
REQUEST	injecteur 1	7		request_0	1462970490688	1462970490706	OK	 
REQUEST	injecteur 10	5		request_9	1462970490688	1462970490709	OK	 
REQUEST	injecteur 6	8		request_5	1462970490690	1462970490711	OK	 
REQUEST	injecteur 2	9		request_1	1462970490692	1462970490712	OK	 
REQUEST	injecteur 5	10		request_4	1462970490692	1462970490714	OK	 
REQUEST	injecteur 4	1		request_3	1462970490693	1462970490715	OK	 
REQUEST	injecteur 9	6		request_8	1462970490693	1462970490717	OK	 
REQUEST	injecteur 7	2		request_6	1462970490703	1462970490718	OK	 
REQUEST	injecteur 3	3		request_2	1462970490701	1462970490719	OK	 
REQUEST	injecteur 1	7		request_0	1462970490706	1462970490721	OK	 
REQUEST	injecteur 8	4		request_7	1462970490706	1462970490722	OK	 
REQUEST	injecteur 10	5		request_9	1462970490710	1462970490726	OK	 
REQUEST	injecteur 6	8		request_5	1462970490712	1462970490728	OK	 
REQUEST	injecteur 2	9		request_1	1462970490713	1462970490730	OK	 
REQUEST	injecteur 5	10		request_4	1462970490714	1462970490732	OK	 
REQUEST	injecteur 4	1		request_3	1462970490716	1462970490733	OK	 
REQUEST	injecteur 9	6		request_8	1462970490717	1462970490735	OK	 
REQUEST	injecteur 7	2		request_6	1462970490719	1462970490737	OK	 
REQUEST	injecteur 3	3		request_2	1462970490720	1462970490738	OK	 
REQUEST	injecteur 1	7		request_0	1462970490721	1462970490740	OK	 
REQUEST	injecteur 8	4		request_7	1462970490723	1462970490744	OK	 
REQUEST	injecteur 10	5		request_9	1462970490727	1462970490747	OK	 
REQUEST	injecteur 6	8		request_5	1462970490729	1462970490749	OK	 
REQUEST	injecteur 2	9		request_1	1462970490731	1462970490750	OK	 
REQUEST	injecteur 5	10		request_4	1462970490732	1462970490752	OK	 
REQUEST	injecteur 4	1		request_3	1462970490734	1462970490755	OK	 
REQUEST	injecteur 9	6		request_8	1462970490736	1462970490756	OK	 
REQUEST	injecteur 7	2		request_6	1462970490737	1462970490758	OK	 
REQUEST	injecteur 3	3		request_2	1462970490738	1462970490760	OK	 
REQUEST	injecteur 1	7		request_0	1462970490740	1462970490761	OK	 
REQUEST	injecteur 8	4		request_7	1462970490744	1462970490763	OK	 
REQUEST	injecteur 10	5		request_9	1462970490747	1462970490765	OK	 
REQUEST	injecteur 6	8		request_5	1462970490749	1462970490766	OK	 
REQUEST	injecteur 2	9		request_1	1462970490751	1462970490768	OK	 
REQUEST	injecteur 5	10		request_4	1462970490753	1462970490770	OK	 
REQUEST	injecteur 4	1		request_3	1462970490755	1462970490773	OK	 
REQUEST	injecteur 9	6		request_8	1462970490757	1462970490774	OK	 
REQUEST	injecteur 7	2		request_6	1462970490758	1462970490776	OK	 
REQUEST	injecteur 3	3		request_2	1462970490760	1462970490778	OK	 
REQUEST	injecteur 1	7		request_0	1462970490762	1462970490780	OK	 
REQUEST	injecteur 8	4		request_7	1462970490763	1462970490782	OK	 
REQUEST	injecteur 10	5		request_9	1462970490765	1462970490784	OK	 
REQUEST	injecteur 6	8		request_5	1462970490767	1462970490786	OK	 
REQUEST	injecteur 2	9		request_1	1462970490768	1462970490788	OK	 
REQUEST	injecteur 5	10		request_4	1462970490771	1462970490790	OK	 
REQUEST	injecteur 4	1		request_3	1462970490773	1462970490792	OK	 
REQUEST	injecteur 9	6		request_8	1462970490775	1462970490793	OK	 
REQUEST	injecteur 7	2		request_6	1462970490776	1462970490795	OK	 
REQUEST	injecteur 3	3		request_2	1462970490779	1462970490796	OK	 
REQUEST	injecteur 1	7		request_0	1462970490781	1462970490798	OK	 
REQUEST	injecteur 8	4		request_7	1462970490783	1462970490799	OK	 
REQUEST	injecteur 10	5		request_9	1462970490784	1462970490801	OK	 
REQUEST	injecteur 6	8		request_5	1462970490787	1462970490804	OK	 
REQUEST	injecteur 2	9		request_1	1462970490789	1462970490806	OK	 
REQUEST	injecteur 5	10		request_4	1462970490791	1462970490808	OK	 
REQUEST	injecteur 4	1		request_3	1462970490793	1462970490810	OK	 
REQUEST	injecteur 9	6		request_8	1462970490794	1462970490811	OK	 
REQUEST	injecteur 7	2		request_6	1462970490795	1462970490813	OK	 
REQUEST	injecteur 3	3		request_2	1462970490797	1462970490815	OK	 
REQUEST	injecteur 1	7		request_0	1462970490798	1462970490816	OK	 
REQUEST	injecteur 8	4		request_7	1462970490800	1462970490819	OK	 
REQUEST	injecteur 10	5		request_9	1462970490802	1462970490821	OK	 
REQUEST	injecteur 6	8		request_5	1462970490805	1462970490822	OK	 
REQUEST	injecteur 2	9		request_1	1462970490807	1462970490824	OK	 
REQUEST	injecteur 5	10		request_4	1462970490809	1462970490826	OK	 
REQUEST	injecteur 4	1		request_3	1462970490810	1462970490828	OK	 
REQUEST	injecteur 9	6		request_8	1462970490812	1462970490832	OK	 
REQUEST	injecteur 7	2		request_6	1462970490813	1462970490835	OK	 
REQUEST	injecteur 3	3		request_2	1462970490815	1462970490837	OK	 
REQUEST	injecteur 1	7		request_0	1462970490817	1462970490840	OK	 
REQUEST	injecteur 8	4		request_7	1462970490820	1462970490842	OK	 
REQUEST	injecteur 10	5		request_9	1462970490822	1462970490844	OK	 
REQUEST	injecteur 6	8		request_5	1462970490823	1462970490845	OK	 
REQUEST	injecteur 2	9		request_1	1462970490825	1462970490846	OK	 
REQUEST	injecteur 5	10		request_4	1462970490827	1462970490848	OK	 
REQUEST	injecteur 4	1		request_3	1462970490829	1462970490853	OK	 
REQUEST	injecteur 9	6		request_8	1462970490832	1462970490855	OK	 
REQUEST	injecteur 7	2		request_6	1462970490835	1462970490859	OK	 
REQUEST	injecteur 3	3		request_2	1462970490838	1462970490861	OK	 
REQUEST	injecteur 1	7		request_0	1462970490841	1462970490863	OK	 
REQUEST	injecteur 8	4		request_7	1462970490843	1462970490865	OK	 
REQUEST	injecteur 10	5		request_9	1462970490844	1462970490867	OK	 
REQUEST	injecteur 6	8		request_5	1462970490846	1462970490868	OK	 
REQUEST	injecteur 2	9		request_1	1462970490847	1462970490869	OK	 
REQUEST	injecteur 5	10		request_4	1462970490849	1462970490872	OK	 
REQUEST	injecteur 4	1		request_3	1462970490855	1462970490875	OK	 
REQUEST	injecteur 9	6		request_8	1462970490856	1462970490878	OK	 
REQUEST	injecteur 7	2		request_6	1462970490860	1462970490880	OK	 
REQUEST	injecteur 3	3		request_2	1462970490862	1462970490882	OK	 
REQUEST	injecteur 1	7		request_0	1462970490864	1462970490884	OK	 
REQUEST	injecteur 8	4		request_7	1462970490866	1462970490885	OK	 
REQUEST	injecteur 10	5		request_9	1462970490867	1462970490887	OK	 
REQUEST	injecteur 6	8		request_5	1462970490869	1462970490888	OK	 
REQUEST	injecteur 2	9		request_1	1462970490870	1462970490890	OK	 
REQUEST	injecteur 5	10		request_4	1462970490873	1462970490893	OK	 
REQUEST	injecteur 4	1		request_3	1462970490876	1462970490895	OK	 
REQUEST	injecteur 9	6		request_8	1462970490879	1462970490896	OK	 
REQUEST	injecteur 7	2		request_6	1462970490880	1462970490898	OK	 
REQUEST	injecteur 3	3		request_2	1462970490882	1462970490900	OK	 
REQUEST	injecteur 1	7		request_0	1462970490884	1462970490901	OK	 
REQUEST	injecteur 8	4		request_7	1462970490886	1462970490902	OK	 
REQUEST	injecteur 10	5		request_9	1462970490887	1462970490904	OK	 
REQUEST	injecteur 6	8		request_5	1462970490889	1462970490907	OK	 
REQUEST	injecteur 2	9		request_1	1462970490891	1462970490909	OK	 
REQUEST	injecteur 5	10		request_4	1462970490894	1462970490912	OK	 
REQUEST	injecteur 4	1		request_3	1462970490895	1462970490914	OK	 
REQUEST	injecteur 9	6		request_8	1462970490897	1462970490916	OK	 
REQUEST	injecteur 7	2		request_6	1462970490899	1462970490917	OK	 
REQUEST	injecteur 3	3		request_2	1462970490900	1462970490919	OK	 
REQUEST	injecteur 1	7		request_0	1462970490902	1462970490920	OK	 
REQUEST	injecteur 8	4		request_7	1462970490903	1462970490921	OK	 
REQUEST	injecteur 10	5		request_9	1462970490905	1462970490924	OK	 
REQUEST	injecteur 6	8		request_5	1462970490908	1462970490926	OK	 
REQUEST	injecteur 2	9		request_1	1462970490910	1462970490928	OK	 
REQUEST	injecteur 5	10		request_4	1462970490913	1462970490931	OK	 
REQUEST	injecteur 4	1		request_3	1462970490914	1462970490932	OK	 
REQUEST	injecteur 9	6		request_8	1462970490916	1462970490934	OK	 
REQUEST	injecteur 7	2		request_6	1462970490918	1462970490936	OK	 
REQUEST	injecteur 3	3		request_2	1462970490919	1462970490937	OK	 
REQUEST	injecteur 1	7		request_0	1462970490921	1462970490938	OK	 
REQUEST	injecteur 8	4		request_7	1462970490922	1462970490942	OK	 
REQUEST	injecteur 10	5		request_9	1462970490924	1462970490944	OK	 
REQUEST	injecteur 6	8		request_5	1462970490927	1462970490946	OK	 
REQUEST	injecteur 2	9		request_1	1462970490929	1462970490947	OK	 
REQUEST	injecteur 5	10		request_4	1462970490931	1462970490949	OK	 
REQUEST	injecteur 4	1		request_3	1462970490933	1462970490951	OK	 
REQUEST	injecteur 9	6		request_8	1462970490934	1462970490953	OK	 
REQUEST	injecteur 7	2		request_6	1462970490936	1462970490954	OK	 
REQUEST	injecteur 3	3		request_2	1462970490938	1462970490955	OK	 
REQUEST	injecteur 1	7		request_0	1462970490939	1462970490961	OK	 
REQUEST	injecteur 8	4		request_7	1462970490943	1462970490965	OK	 
REQUEST	injecteur 10	5		request_9	1462970490945	1462970490966	OK	 
REQUEST	injecteur 6	8		request_5	1462970490946	1462970490968	OK	 
REQUEST	injecteur 2	9		request_1	1462970490948	1462970490969	OK	 
REQUEST	injecteur 5	10		request_4	1462970490950	1462970490971	OK	 
REQUEST	injecteur 4	1		request_3	1462970490952	1462970490972	OK	 
REQUEST	injecteur 9	6		request_8	1462970490953	1462970490974	OK	 
REQUEST	injecteur 7	2		request_6	1462970490954	1462970490976	OK	 
REQUEST	injecteur 3	3		request_2	1462970490956	1462970490977	OK	 
REQUEST	injecteur 1	7		request_0	1462970490962	1462970490979	OK	 
REQUEST	injecteur 8	4		request_7	1462970490965	1462970490983	OK	 
REQUEST	injecteur 10	5		request_9	1462970490967	1462970490987	OK	 
REQUEST	injecteur 6	8		request_5	1462970490968	1462970490989	OK	 
REQUEST	injecteur 2	9		request_1	1462970490970	1462970490990	OK	 
REQUEST	injecteur 5	10		request_4	1462970490972	1462970490992	OK	 
REQUEST	injecteur 4	1		request_3	1462970490973	1462970490994	OK	 
REQUEST	injecteur 9	6		request_8	1462970490975	1462970490997	OK	 
REQUEST	injecteur 7	2		request_6	1462970490977	1462970490998	OK	 
REQUEST	injecteur 3	3		request_2	1462970490978	1462970491000	OK	 
REQUEST	injecteur 1	7		request_0	1462970490980	1462970491002	OK	 
REQUEST	injecteur 8	4		request_7	1462970490983	1462970491005	OK	 
REQUEST	injecteur 10	5		request_9	1462970490988	1462970491007	OK	 
REQUEST	injecteur 6	8		request_5	1462970490990	1462970491010	OK	 
REQUEST	injecteur 2	9		request_1	1462970490991	1462970491012	OK	 
REQUEST	injecteur 5	10		request_4	1462970490993	1462970491014	OK	 
REQUEST	injecteur 4	1		request_3	1462970490994	1462970491018	OK	 
REQUEST	injecteur 9	6		request_8	1462970490997	1462970491021	OK	 
REQUEST	injecteur 7	2		request_6	1462970490999	1462970491022	OK	 
REQUEST	injecteur 3	3		request_2	1462970491000	1462970491024	OK	 
REQUEST	injecteur 1	7		request_0	1462970491003	1462970491026	OK	 
REQUEST	injecteur 8	4		request_7	1462970491005	1462970491028	OK	 
REQUEST	injecteur 10	5		request_9	1462970491008	1462970491029	OK	 
REQUEST	injecteur 6	8		request_5	1462970491011	1462970491030	OK	 
REQUEST	injecteur 2	9		request_1	1462970491013	1462970491032	OK	 
REQUEST	injecteur 5	10		request_4	1462970491014	1462970491034	OK	 
REQUEST	injecteur 4	1		request_3	1462970491019	1462970491036	OK	 
REQUEST	injecteur 9	6		request_8	1462970491021	1462970491037	OK	 
REQUEST	injecteur 7	2		request_6	1462970491023	1462970491039	OK	 
REQUEST	injecteur 3	3		request_2	1462970491025	1462970491041	OK	 
REQUEST	injecteur 1	7		request_0	1462970491027	1462970491043	OK	 
REQUEST	injecteur 8	4		request_7	1462970491028	1462970491045	OK	 
REQUEST	injecteur 10	5		request_9	1462970491029	1462970491046	OK	 
REQUEST	injecteur 6	8		request_5	1462970491031	1462970491048	OK	 
REQUEST	injecteur 2	9		request_1	1462970491032	1462970491050	OK	 
REQUEST	injecteur 5	10		request_4	1462970491034	1462970491052	OK	 
REQUEST	injecteur 4	1		request_3	1462970491036	1462970491054	OK	 
REQUEST	injecteur 9	6		request_8	1462970491038	1462970491056	OK	 
REQUEST	injecteur 7	2		request_6	1462970491039	1462970491059	OK	 
REQUEST	injecteur 3	3		request_2	1462970491042	1462970491060	OK	 
REQUEST	injecteur 1	7		request_0	1462970491044	1462970491062	OK	 
REQUEST	injecteur 8	4		request_7	1462970491045	1462970491063	OK	 
REQUEST	injecteur 10	5		request_9	1462970491047	1462970491065	OK	 
REQUEST	injecteur 6	8		request_5	1462970491048	1462970491067	OK	 
REQUEST	injecteur 2	9		request_1	1462970491050	1462970491069	OK	 
REQUEST	injecteur 5	10		request_4	1462970491053	1462970491071	OK	 
REQUEST	injecteur 4	1		request_3	1462970491055	1462970491072	OK	 
REQUEST	injecteur 9	6		request_8	1462970491057	1462970491073	OK	 
REQUEST	injecteur 7	2		request_6	1462970491059	1462970491077	OK	 
REQUEST	injecteur 3	3		request_2	1462970491061	1462970491079	OK	 
REQUEST	injecteur 1	7		request_0	1462970491062	1462970491080	OK	 
REQUEST	injecteur 8	4		request_7	1462970491064	1462970491084	OK	 
REQUEST	injecteur 10	5		request_9	1462970491066	1462970491087	OK	 
REQUEST	injecteur 6	8		request_5	1462970491068	1462970491089	OK	 
REQUEST	injecteur 2	9		request_1	1462970491070	1462970491091	OK	 
REQUEST	injecteur 5	10		request_4	1462970491071	1462970491093	OK	 
REQUEST	injecteur 4	1		request_3	1462970491073	1462970491095	OK	 
REQUEST	injecteur 9	6		request_8	1462970491074	1462970491098	OK	 
REQUEST	injecteur 7	2		request_6	1462970491078	1462970491100	OK	 
REQUEST	injecteur 3	3		request_2	1462970491079	1462970491104	OK	 
REQUEST	injecteur 1	7		request_0	1462970491081	1462970491106	OK	 
REQUEST	injecteur 8	4		request_7	1462970491085	1462970491107	OK	 
REQUEST	injecteur 10	5		request_9	1462970491087	1462970491110	OK	 
REQUEST	injecteur 6	8		request_5	1462970491090	1462970491111	OK	 
REQUEST	injecteur 2	9		request_1	1462970491092	1462970491113	OK	 
REQUEST	injecteur 5	10		request_4	1462970491094	1462970491115	OK	 
REQUEST	injecteur 4	1		request_3	1462970491095	1462970491117	OK	 
REQUEST	injecteur 9	6		request_8	1462970491098	1462970491121	OK	 
REQUEST	injecteur 7	2		request_6	1462970491101	1462970491123	OK	 
REQUEST	injecteur 3	3		request_2	1462970491104	1462970491125	OK	 
REQUEST	injecteur 1	7		request_0	1462970491107	1462970491127	OK	 
REQUEST	injecteur 8	4		request_7	1462970491108	1462970491129	OK	 
REQUEST	injecteur 10	5		request_9	1462970491110	1462970491132	OK	 
REQUEST	injecteur 6	8		request_5	1462970491112	1462970491134	OK	 
REQUEST	injecteur 2	9		request_1	1462970491113	1462970491136	OK	 
REQUEST	injecteur 5	10		request_4	1462970491115	1462970491138	OK	 
REQUEST	injecteur 9	6		request_8	1462970491122	1462970491146	OK	 
REQUEST	injecteur 4	1		request_3	1462970491117	1462970491147	OK	 
REQUEST	injecteur 7	2		request_6	1462970491124	1462970491151	OK	 
REQUEST	injecteur 3	3		request_2	1462970491126	1462970491153	OK	 
REQUEST	injecteur 1	7		request_0	1462970491127	1462970491157	OK	 
REQUEST	injecteur 10	5		request_9	1462970491133	1462970491162	OK	 
REQUEST	injecteur 6	8		request_5	1462970491135	1462970491163	OK	 
REQUEST	injecteur 2	9		request_1	1462970491137	1462970491165	OK	 
REQUEST	injecteur 9	6		request_8	1462970491147	1462970491170	OK	 
REQUEST	injecteur 8	4		request_7	1462970491129	1462970491172	OK	 
REQUEST	injecteur 3	3		request_2	1462970491153	1462970491175	OK	 
REQUEST	injecteur 5	10		request_4	1462970491139	1462970491177	OK	 
REQUEST	injecteur 4	1		request_3	1462970491148	1462970491182	OK	 
REQUEST	injecteur 7	2		request_6	1462970491152	1462970491184	OK	 
REQUEST	injecteur 1	7		request_0	1462970491158	1462970491186	OK	 
REQUEST	injecteur 10	5		request_9	1462970491162	1462970491189	OK	 
REQUEST	injecteur 9	6		request_8	1462970491170	1462970491197	OK	 
REQUEST	injecteur 6	8		request_5	1462970491164	1462970491200	OK	 
REQUEST	injecteur 2	9		request_1	1462970491166	1462970491202	OK	 
REQUEST	injecteur 8	4		request_7	1462970491173	1462970491204	OK	 
REQUEST	injecteur 3	3		request_2	1462970491176	1462970491207	OK	 
REQUEST	injecteur 5	10		request_4	1462970491178	1462970491209	OK	 
REQUEST	injecteur 4	1		request_3	1462970491182	1462970491211	OK	 
REQUEST	injecteur 1	7		request_0	1462970491186	1462970491214	OK	 
REQUEST	injecteur 7	2		request_6	1462970491184	1462970491216	OK	 
REQUEST	injecteur 1	7		request_0	1462970491215	1462970491224	OK	 
REQUEST	injecteur 10	5		request_9	1462970491190	1462970491226	OK	 
REQUEST	injecteur 9	6		request_8	1462970491197	1462970491228	OK	 
REQUEST	injecteur 6	8		request_5	1462970491201	1462970491230	OK	 
REQUEST	injecteur 2	9		request_1	1462970491203	1462970491232	OK	 
REQUEST	injecteur 8	4		request_7	1462970491205	1462970491234	OK	 
REQUEST	injecteur 3	3		request_2	1462970491207	1462970491236	OK	 
REQUEST	injecteur 5	10		request_4	1462970491210	1462970491238	OK	 
REQUEST	injecteur 4	1		request_3	1462970491212	1462970491240	OK	 
REQUEST	injecteur 7	2		request_6	1462970491217	1462970491247	OK	 
REQUEST	injecteur 1	7		request_0	1462970491224	1462970491249	OK	 
REQUEST	injecteur 10	5		request_9	1462970491226	1462970491253	OK	 
REQUEST	injecteur 9	6		request_8	1462970491228	1462970491254	OK	 
REQUEST	injecteur 6	8		request_5	1462970491231	1462970491258	OK	 
REQUEST	injecteur 2	9		request_1	1462970491233	1462970491260	OK	 
REQUEST	injecteur 8	4		request_7	1462970491235	1462970491262	OK	 
REQUEST	injecteur 3	3		request_2	1462970491236	1462970491264	OK	 
REQUEST	injecteur 5	10		request_4	1462970491238	1462970491266	OK	 
REQUEST	injecteur 4	1		request_3	1462970491241	1462970491270	OK	 
REQUEST	injecteur 7	2		request_6	1462970491248	1462970491273	OK	 
REQUEST	injecteur 1	7		request_0	1462970491249	1462970491275	OK	 
REQUEST	injecteur 10	5		request_9	1462970491254	1462970491277	OK	 
REQUEST	injecteur 9	6		request_8	1462970491255	1462970491279	OK	 
REQUEST	injecteur 6	8		request_5	1462970491259	1462970491280	OK	 
REQUEST	injecteur 2	9		request_1	1462970491261	1462970491282	OK	 
REQUEST	injecteur 8	4		request_7	1462970491263	1462970491284	OK	 
REQUEST	injecteur 3	3		request_2	1462970491265	1462970491286	OK	 
REQUEST	injecteur 5	10		request_4	1462970491266	1462970491289	OK	 
REQUEST	injecteur 4	1		request_3	1462970491271	1462970491293	OK	 
REQUEST	injecteur 7	2		request_6	1462970491274	1462970491294	OK	 
REQUEST	injecteur 1	7		request_0	1462970491276	1462970491296	OK	 
REQUEST	injecteur 10	5		request_9	1462970491278	1462970491298	OK	 
REQUEST	injecteur 9	6		request_8	1462970491279	1462970491300	OK	 
REQUEST	injecteur 6	8		request_5	1462970491281	1462970491301	OK	 
REQUEST	injecteur 2	9		request_1	1462970491283	1462970491303	OK	 
