ASSERTION	AAMBAAMDBABk
RUN	Injections		injections	1462278547488	 	2.0
USER	injecteur 4	1	START	1462278548641	1462278548641
USER	injecteur 3	2	START	1462278548696	1462278548696
USER	injecteur 8	3	START	1462278548701	1462278548701
USER	injecteur 10	4	START	1462278548705	1462278548705
USER	injecteur 9	5	START	1462278548720	1462278548720
USER	injecteur 1	6	START	1462278548732	1462278548732
USER	injecteur 6	7	START	1462278548736	1462278548736
USER	injecteur 2	8	START	1462278548756	1462278548756
USER	injecteur 5	9	START	1462278548767	1462278548767
REQUEST	injecteur 10	4		request_10	1462278548719	1462278548810	OK	 
REQUEST	injecteur 3	2		request_3	1462278548700	1462278548788	OK	 
REQUEST	injecteur 9	5		request_9	1462278548730	1462278548846	OK	 
REQUEST	injecteur 2	8		request_2	1462278548759	1462278548846	OK	 
REQUEST	injecteur 1	6		request_1	1462278548735	1462278548847	OK	 
REQUEST	injecteur 6	7		request_6	1462278548755	1462278548849	OK	 
REQUEST	injecteur 8	3		request_8	1462278548703	1462278548801	OK	 
REQUEST	injecteur 4	1		request_4	1462278548686	1462278548773	OK	 
REQUEST	injecteur 10	4		request_10	1462278548861	1462278548869	OK	 
REQUEST	injecteur 6	7		request_6	1462278548864	1462278548873	OK	 
REQUEST	injecteur 8	3		request_8	1462278548875	1462278548887	OK	 
REQUEST	injecteur 9	5		request_9	1462278548896	1462278548902	OK	 
REQUEST	injecteur 4	1		request_4	1462278548883	1462278548901	OK	 
REQUEST	injecteur 2	8		request_2	1462278548905	1462278548914	OK	 
REQUEST	injecteur 2	8		request_2	1462278548922	1462278548935	OK	 
REQUEST	injecteur 1	6		request_1	1462278548919	1462278548940	OK	 
USER	injecteur 2	8	END	1462278548756	1462278548944
REQUEST	injecteur 4	1		request_4	1462278548937	1462278548958	OK	 
USER	injecteur 4	1	END	1462278548641	1462278548959
REQUEST	injecteur 9	5		request_9	1462278548946	1462278548961	OK	 
USER	injecteur 9	5	END	1462278548720	1462278548962
REQUEST	injecteur 5	9		request_5	1462278548779	1462278548962	OK	 
REQUEST	injecteur 8	3		request_8	1462278548974	1462278548986	OK	 
USER	injecteur 8	3	END	1462278548701	1462278548987
REQUEST	injecteur 10	4		request_10	1462278548972	1462278548988	OK	 
USER	injecteur 10	4	END	1462278548705	1462278548990
REQUEST	injecteur 6	7		request_6	1462278548988	1462278548996	OK	 
USER	injecteur 6	7	END	1462278548736	1462278548997
REQUEST	injecteur 3	2		request_3	1462278549018	1462278549029	OK	 
REQUEST	injecteur 3	2		request_3	1462278549033	1462278549052	OK	 
USER	injecteur 3	2	END	1462278548696	1462278549052
REQUEST	injecteur 1	6		request_1	1462278549048	1462278549057	OK	 
USER	injecteur 1	6	END	1462278548732	1462278549058
REQUEST	injecteur 5	9		request_5	1462278549030	1462278549062	OK	 
REQUEST	injecteur 5	9		request_5	1462278549071	1462278549078	OK	 
USER	injecteur 5	9	END	1462278548767	1462278549079
