ASSERTION	AAMBAAMDBABk
RUN	Injections		injections	1462277674884	 	2.0
USER	injecteur 4	1	START	1462277677711	1462277677711
USER	injecteur 3	2	START	1462277677810	1462277677810
USER	injecteur 8	3	START	1462277677813	1462277677813
USER	injecteur 10	4	START	1462277677823	1462277677823
USER	injecteur 9	5	START	1462277677831	1462277677831
USER	injecteur 1	6	START	1462277677850	1462277677850
USER	injecteur 6	7	START	1462277677860	1462277677860
USER	injecteur 2	8	START	1462277677867	1462277677867
USER	injecteur 5	9	START	1462277677877	1462277677877
REQUEST	injecteur 2	8		request_2	1462277677871	1462277678215	OK	 
REQUEST	injecteur 10	4		request_10	1462277677829	1462277678196	OK	 
REQUEST	injecteur 1	6		request_1	1462277677858	1462277678207	OK	 
REQUEST	injecteur 3	2		request_3	1462277677811	1462277678193	OK	 
REQUEST	injecteur 6	7		request_6	1462277677865	1462277678211	OK	 
REQUEST	injecteur 8	3		request_8	1462277677822	1462277678191	OK	 
REQUEST	injecteur 9	5		request_9	1462277677848	1462277678203	OK	 
REQUEST	injecteur 4	1		request_4	1462277677798	1462277678182	OK	 
REQUEST	injecteur 3	2		request_3	1462277678354	1462277678362	OK	 
REQUEST	injecteur 1	6		request_1	1462277678357	1462277678365	OK	 
REQUEST	injecteur 10	4		request_10	1462277678357	1462277678368	OK	 
REQUEST	injecteur 8	3		request_8	1462277678360	1462277678372	OK	 
REQUEST	injecteur 5	9		request_5	1462277677886	1462277678374	OK	 
REQUEST	injecteur 3	2		request_3	1462277678364	1462277678378	OK	 
REQUEST	injecteur 1	6		request_1	1462277678366	1462277678381	OK	 
REQUEST	injecteur 4	1		request_4	1462277678370	1462277678390	OK	 
REQUEST	injecteur 9	5		request_9	1462277678376	1462277678392	OK	 
REQUEST	injecteur 2	8		request_2	1462277678381	1462277678396	OK	 
REQUEST	injecteur 6	7		request_6	1462277678385	1462277678403	OK	 
REQUEST	injecteur 5	9		request_5	1462277678387	1462277678406	OK	 
REQUEST	injecteur 4	1		request_4	1462277678398	1462277678421	OK	 
REQUEST	injecteur 8	3		request_8	1462277678410	1462277678425	OK	 
REQUEST	injecteur 10	4		request_10	1462277678412	1462277678427	OK	 
REQUEST	injecteur 6	7		request_6	1462277678421	1462277678435	OK	 
REQUEST	injecteur 2	8		request_2	1462277678423	1462277678438	OK	 
REQUEST	injecteur 9	5		request_9	1462277678431	1462277678443	OK	 
USER	injecteur 1	6	END	1462277677850	1462277678509
USER	injecteur 3	2	END	1462277677810	1462277678509
USER	injecteur 9	5	END	1462277677831	1462277678510
USER	injecteur 10	4	END	1462277677823	1462277678512
USER	injecteur 2	8	END	1462277677867	1462277678512
USER	injecteur 4	1	END	1462277677711	1462277678512
USER	injecteur 6	7	END	1462277677860	1462277678515
USER	injecteur 8	3	END	1462277677813	1462277678516
REQUEST	injecteur 5	9		request_5	1462277678418	1462277678516	OK	 
USER	injecteur 5	9	END	1462277677877	1462277678519
