ASSERTION	AAMBAAMDBABk
RUN	InjectionsAndVerifications		injectionsandverifications	1462967118346	 	2.0
USER	injecteur 4	1	START	1462967119448	1462967119448
USER	injecteur 7	2	START	1462967119515	1462967119515
USER	injecteur 3	3	START	1462967119519	1462967119519
USER	injecteur 8	4	START	1462967119521	1462967119521
USER	injecteur 10	5	START	1462967119524	1462967119524
USER	injecteur 9	6	START	1462967119536	1462967119536
USER	injecteur 1	7	START	1462967119538	1462967119538
USER	injecteur 6	8	START	1462967119541	1462967119541
USER	injecteur 2	9	START	1462967119543	1462967119543
USER	injecteur 5	10	START	1462967119550	1462967119550
REQUEST	injecteur 7	2		request_6	1462967119517	1462967119610	OK	 
REQUEST	injecteur 3	3		request_2	1462967119520	1462967119601	OK	 
REQUEST	injecteur 4	1		request_3	1462967119503	1462967119583	OK	 
REQUEST	injecteur 8	4		request_7	1462967119522	1462967119601	OK	 
REQUEST	injecteur 10	5		request_9	1462967119525	1462967119635	OK	 
REQUEST	injecteur 6	8		request_5	1462967119542	1462967119637	OK	 
REQUEST	injecteur 9	6		request_8	1462967119537	1462967119641	OK	 
REQUEST	injecteur 1	7		request_0	1462967119540	1462967119655	OK	 
REQUEST	injecteur 5	10		request_4	1462967119553	1462967119656	OK	 
REQUEST	injecteur 2	9		request_1	1462967119544	1462967119659	OK	 
REQUEST	injecteur 7	2		request_6	1462967119631	1462967119665	OK	 
REQUEST	injecteur 9	6		request_8	1462967119646	1462967119668	OK	 
REQUEST	injecteur 10	5		request_9	1462967119652	1462967119671	OK	 
REQUEST	injecteur 3	3		request_2	1462967119653	1462967119673	OK	 
REQUEST	injecteur 6	8		request_5	1462967119650	1462967119682	OK	 
REQUEST	injecteur 1	7		request_0	1462967119656	1462967119686	OK	 
REQUEST	injecteur 8	4		request_7	1462967119653	1462967119686	OK	 
REQUEST	injecteur 4	1		request_3	1462967119650	1462967119703	OK	 
REQUEST	injecteur 5	10		request_4	1462967119659	1462967119704	OK	 
REQUEST	injecteur 2	9		request_1	1462967119660	1462967119707	OK	 
REQUEST	injecteur 9	6		request_8	1462967119670	1462967119713	OK	 
REQUEST	injecteur 7	2		request_6	1462967119666	1462967119713	OK	 
REQUEST	injecteur 10	5		request_9	1462967119672	1462967119717	OK	 
REQUEST	injecteur 3	3		request_2	1462967119674	1462967119720	OK	 
REQUEST	injecteur 6	8		request_5	1462967119683	1462967119724	OK	 
REQUEST	injecteur 8	4		request_7	1462967119692	1462967119726	OK	 
REQUEST	injecteur 1	7		request_0	1462967119693	1462967119729	OK	 
REQUEST	injecteur 4	1		request_3	1462967119706	1462967119732	OK	 
REQUEST	injecteur 2	9		request_1	1462967119709	1462967119735	OK	 
REQUEST	injecteur 5	10		request_4	1462967119709	1462967119740	OK	 
REQUEST	injecteur 7	2		request_6	1462967119714	1462967119742	OK	 
REQUEST	injecteur 9	6		request_8	1462967119714	1462967119745	OK	 
REQUEST	injecteur 10	5		request_9	1462967119718	1462967119748	OK	 
REQUEST	injecteur 3	3		request_2	1462967119721	1462967119751	OK	 
REQUEST	injecteur 6	8		request_5	1462967119725	1462967119753	OK	 
REQUEST	injecteur 8	4		request_7	1462967119728	1462967119756	OK	 
REQUEST	injecteur 1	7		request_0	1462967119730	1462967119758	OK	 
REQUEST	injecteur 4	1		request_3	1462967119733	1462967119764	OK	 
REQUEST	injecteur 2	9		request_1	1462967119737	1462967119771	OK	 
REQUEST	injecteur 5	10		request_4	1462967119741	1462967119777	OK	 
REQUEST	injecteur 7	2		request_6	1462967119743	1462967119783	OK	 
REQUEST	injecteur 9	6		request_8	1462967119746	1462967119786	OK	 
REQUEST	injecteur 10	5		request_9	1462967119750	1462967119789	OK	 
REQUEST	injecteur 3	3		request_2	1462967119752	1462967119792	OK	 
REQUEST	injecteur 6	8		request_5	1462967119755	1462967119795	OK	 
REQUEST	injecteur 8	4		request_7	1462967119757	1462967119799	OK	 
REQUEST	injecteur 1	7		request_0	1462967119759	1462967119802	OK	 
REQUEST	injecteur 4	1		request_3	1462967119765	1462967119805	OK	 
REQUEST	injecteur 2	9		request_1	1462967119772	1462967119810	OK	 
REQUEST	injecteur 5	10		request_4	1462967119778	1462967119812	OK	 
REQUEST	injecteur 7	2		request_6	1462967119784	1462967119815	OK	 
REQUEST	injecteur 9	6		request_8	1462967119788	1462967119818	OK	 
REQUEST	injecteur 10	5		request_9	1462967119790	1462967119822	OK	 
REQUEST	injecteur 3	3		request_2	1462967119794	1462967119825	OK	 
REQUEST	injecteur 6	8		request_5	1462967119797	1462967119833	OK	 
REQUEST	injecteur 8	4		request_7	1462967119800	1462967119836	OK	 
REQUEST	injecteur 1	7		request_0	1462967119803	1462967119839	OK	 
REQUEST	injecteur 4	1		request_3	1462967119806	1462967119844	OK	 
REQUEST	injecteur 2	9		request_1	1462967119811	1462967119848	OK	 
REQUEST	injecteur 5	10		request_4	1462967119813	1462967119852	OK	 
REQUEST	injecteur 7	2		request_6	1462967119816	1462967119856	OK	 
REQUEST	injecteur 9	6		request_8	1462967119824	1462967119858	OK	 
REQUEST	injecteur 10	5		request_9	1462967119825	1462967119860	OK	 
REQUEST	injecteur 3	3		request_2	1462967119826	1462967119864	OK	 
REQUEST	injecteur 6	8		request_5	1462967119834	1462967119867	OK	 
REQUEST	injecteur 8	4		request_7	1462967119837	1462967119871	OK	 
REQUEST	injecteur 1	7		request_0	1462967119840	1462967119874	OK	 
REQUEST	injecteur 4	1		request_3	1462967119845	1462967119878	OK	 
REQUEST	injecteur 2	9		request_1	1462967119849	1462967119880	OK	 
REQUEST	injecteur 5	10		request_4	1462967119853	1462967119883	OK	 
REQUEST	injecteur 7	2		request_6	1462967119857	1462967119885	OK	 
REQUEST	injecteur 9	6		request_8	1462967119859	1462967119887	OK	 
REQUEST	injecteur 10	5		request_9	1462967119861	1462967119890	OK	 
REQUEST	injecteur 3	3		request_2	1462967119865	1462967119892	OK	 
REQUEST	injecteur 6	8		request_5	1462967119868	1462967119894	OK	 
REQUEST	injecteur 8	4		request_7	1462967119872	1462967119898	OK	 
REQUEST	injecteur 1	7		request_0	1462967119875	1462967119903	OK	 
REQUEST	injecteur 4	1		request_3	1462967119879	1462967119906	OK	 
REQUEST	injecteur 2	9		request_1	1462967119881	1462967119909	OK	 
REQUEST	injecteur 5	10		request_4	1462967119884	1462967119912	OK	 
REQUEST	injecteur 7	2		request_6	1462967119886	1462967119918	OK	 
REQUEST	injecteur 9	6		request_8	1462967119888	1462967119922	OK	 
REQUEST	injecteur 10	5		request_9	1462967119891	1462967119924	OK	 
REQUEST	injecteur 3	3		request_2	1462967119893	1462967119927	OK	 
REQUEST	injecteur 6	8		request_5	1462967119895	1462967119929	OK	 
REQUEST	injecteur 8	4		request_7	1462967119899	1462967119932	OK	 
REQUEST	injecteur 1	7		request_0	1462967119904	1462967119936	OK	 
REQUEST	injecteur 4	1		request_3	1462967119907	1462967119939	OK	 
REQUEST	injecteur 2	9		request_1	1462967119910	1462967119942	OK	 
REQUEST	injecteur 5	10		request_4	1462967119913	1462967119944	OK	 
REQUEST	injecteur 7	2		request_6	1462967119919	1462967119947	OK	 
REQUEST	injecteur 9	6		request_8	1462967119923	1462967119949	OK	 
REQUEST	injecteur 10	5		request_9	1462967119925	1462967119951	OK	 
REQUEST	injecteur 3	3		request_2	1462967119928	1462967119954	OK	 
REQUEST	injecteur 6	8		request_5	1462967119930	1462967119956	OK	 
REQUEST	injecteur 8	4		request_7	1462967119933	1462967119960	OK	 
REQUEST	injecteur 1	7		request_0	1462967119937	1462967119963	OK	 
REQUEST	injecteur 4	1		request_3	1462967119940	1462967119966	OK	 
REQUEST	injecteur 2	9		request_1	1462967119942	1462967119969	OK	 
REQUEST	injecteur 5	10		request_4	1462967119945	1462967119971	OK	 
REQUEST	injecteur 7	2		request_6	1462967119948	1462967119974	OK	 
REQUEST	injecteur 9	6		request_8	1462967119950	1462967119977	OK	 
REQUEST	injecteur 10	5		request_9	1462967119952	1462967119979	OK	 
REQUEST	injecteur 3	3		request_2	1462967119955	1462967119982	OK	 
REQUEST	injecteur 6	8		request_5	1462967119957	1462967119986	OK	 
REQUEST	injecteur 8	4		request_7	1462967119961	1462967119989	OK	 
REQUEST	injecteur 1	7		request_0	1462967119964	1462967119991	OK	 
REQUEST	injecteur 4	1		request_3	1462967119967	1462967119994	OK	 
REQUEST	injecteur 2	9		request_1	1462967119970	1462967120004	OK	 
REQUEST	injecteur 5	10		request_4	1462967119972	1462967120009	OK	 
REQUEST	injecteur 7	2		request_6	1462967119975	1462967120018	OK	 
REQUEST	injecteur 9	6		request_8	1462967119978	1462967120022	OK	 
REQUEST	injecteur 5	10		request_4	1462967120012	1462967120026	OK	 
REQUEST	injecteur 10	5		request_9	1462967119980	1462967120029	OK	 
REQUEST	injecteur 3	3		request_2	1462967119983	1462967120032	OK	 
REQUEST	injecteur 6	8		request_5	1462967119987	1462967120038	OK	 
REQUEST	injecteur 8	4		request_7	1462967119990	1462967120040	OK	 
REQUEST	injecteur 1	7		request_0	1462967119992	1462967120044	OK	 
REQUEST	injecteur 4	1		request_3	1462967119995	1462967120048	OK	 
REQUEST	injecteur 2	9		request_1	1462967120005	1462967120053	OK	 
REQUEST	injecteur 7	2		request_6	1462967120020	1462967120057	OK	 
REQUEST	injecteur 9	6		request_8	1462967120024	1462967120060	OK	 
REQUEST	injecteur 5	10		request_4	1462967120028	1462967120064	OK	 
REQUEST	injecteur 10	5		request_9	1462967120031	1462967120069	OK	 
REQUEST	injecteur 3	3		request_2	1462967120033	1462967120071	OK	 
REQUEST	injecteur 8	4		request_7	1462967120041	1462967120075	OK	 
REQUEST	injecteur 6	8		request_5	1462967120042	1462967120077	OK	 
REQUEST	injecteur 1	7		request_0	1462967120046	1462967120080	OK	 
REQUEST	injecteur 4	1		request_3	1462967120049	1462967120083	OK	 
REQUEST	injecteur 2	9		request_1	1462967120054	1462967120090	OK	 
REQUEST	injecteur 7	2		request_6	1462967120058	1462967120092	OK	 
REQUEST	injecteur 9	6		request_8	1462967120060	1462967120112	OK	 
REQUEST	injecteur 5	10		request_4	1462967120066	1462967120116	OK	 
REQUEST	injecteur 10	5		request_9	1462967120070	1462967120119	OK	 
REQUEST	injecteur 3	3		request_2	1462967120072	1462967120121	OK	 
REQUEST	injecteur 8	4		request_7	1462967120076	1462967120124	OK	 
REQUEST	injecteur 6	8		request_5	1462967120078	1462967120126	OK	 
REQUEST	injecteur 1	7		request_0	1462967120081	1462967120128	OK	 
REQUEST	injecteur 9	6		request_8	1462967120113	1462967120131	OK	 
REQUEST	injecteur 4	1		request_3	1462967120084	1462967120132	OK	 
REQUEST	injecteur 2	9		request_1	1462967120091	1462967120135	OK	 
REQUEST	injecteur 7	2		request_6	1462967120093	1462967120137	OK	 
REQUEST	injecteur 5	10		request_4	1462967120117	1462967120139	OK	 
REQUEST	injecteur 10	5		request_9	1462967120119	1462967120142	OK	 
REQUEST	injecteur 3	3		request_2	1462967120123	1462967120144	OK	 
REQUEST	injecteur 8	4		request_7	1462967120125	1462967120146	OK	 
REQUEST	injecteur 6	8		request_5	1462967120127	1462967120148	OK	 
REQUEST	injecteur 1	7		request_0	1462967120129	1462967120151	OK	 
REQUEST	injecteur 9	6		request_8	1462967120131	1462967120152	OK	 
REQUEST	injecteur 4	1		request_3	1462967120133	1462967120155	OK	 
REQUEST	injecteur 2	9		request_1	1462967120135	1462967120157	OK	 
REQUEST	injecteur 7	2		request_6	1462967120138	1462967120161	OK	 
REQUEST	injecteur 5	10		request_4	1462967120140	1462967120165	OK	 
REQUEST	injecteur 10	5		request_9	1462967120142	1462967120168	OK	 
REQUEST	injecteur 3	3		request_2	1462967120145	1462967120171	OK	 
REQUEST	injecteur 8	4		request_7	1462967120147	1462967120174	OK	 
REQUEST	injecteur 6	8		request_5	1462967120149	1462967120176	OK	 
REQUEST	injecteur 1	7		request_0	1462967120152	1462967120185	OK	 
REQUEST	injecteur 9	6		request_8	1462967120153	1462967120189	OK	 
REQUEST	injecteur 4	1		request_3	1462967120156	1462967120192	OK	 
REQUEST	injecteur 2	9		request_1	1462967120158	1462967120194	OK	 
REQUEST	injecteur 7	2		request_6	1462967120162	1462967120200	OK	 
REQUEST	injecteur 5	10		request_4	1462967120166	1462967120203	OK	 
REQUEST	injecteur 10	5		request_9	1462967120169	1462967120206	OK	 
REQUEST	injecteur 3	3		request_2	1462967120172	1462967120208	OK	 
REQUEST	injecteur 8	4		request_7	1462967120175	1462967120211	OK	 
REQUEST	injecteur 6	8		request_5	1462967120177	1462967120213	OK	 
REQUEST	injecteur 1	7		request_0	1462967120186	1462967120215	OK	 
REQUEST	injecteur 9	6		request_8	1462967120190	1462967120216	OK	 
REQUEST	injecteur 4	1		request_3	1462967120193	1462967120219	OK	 
REQUEST	injecteur 2	9		request_1	1462967120195	1462967120221	OK	 
REQUEST	injecteur 7	2		request_6	1462967120202	1462967120223	OK	 
REQUEST	injecteur 5	10		request_4	1462967120204	1462967120225	OK	 
REQUEST	injecteur 10	5		request_9	1462967120207	1462967120227	OK	 
REQUEST	injecteur 3	3		request_2	1462967120209	1462967120229	OK	 
REQUEST	injecteur 8	4		request_7	1462967120211	1462967120231	OK	 
REQUEST	injecteur 6	8		request_5	1462967120214	1462967120233	OK	 
REQUEST	injecteur 1	7		request_0	1462967120216	1462967120235	OK	 
REQUEST	injecteur 9	6		request_8	1462967120217	1462967120238	OK	 
REQUEST	injecteur 4	1		request_3	1462967120219	1462967120240	OK	 
REQUEST	injecteur 2	9		request_1	1462967120222	1462967120243	OK	 
REQUEST	injecteur 7	2		request_6	1462967120224	1462967120245	OK	 
REQUEST	injecteur 5	10		request_4	1462967120226	1462967120247	OK	 
REQUEST	injecteur 10	5		request_9	1462967120228	1462967120249	OK	 
REQUEST	injecteur 3	3		request_2	1462967120230	1462967120252	OK	 
REQUEST	injecteur 8	4		request_7	1462967120232	1462967120255	OK	 
REQUEST	injecteur 6	8		request_5	1462967120234	1462967120260	OK	 
REQUEST	injecteur 1	7		request_0	1462967120236	1462967120262	OK	 
REQUEST	injecteur 4	1		request_3	1462967120241	1462967120270	OK	 
REQUEST	injecteur 2	9		request_1	1462967120243	1462967120272	OK	 
REQUEST	injecteur 8	4		request_7	1462967120256	1462967120272	OK	 
REQUEST	injecteur 9	6		request_8	1462967120239	1462967120269	OK	 
REQUEST	injecteur 7	2		request_6	1462967120246	1462967120276	OK	 
REQUEST	injecteur 5	10		request_4	1462967120248	1462967120278	OK	 
REQUEST	injecteur 10	5		request_9	1462967120250	1462967120280	OK	 
REQUEST	injecteur 3	3		request_2	1462967120252	1462967120282	OK	 
REQUEST	injecteur 6	8		request_5	1462967120260	1462967120285	OK	 
REQUEST	injecteur 1	7		request_0	1462967120263	1462967120288	OK	 
REQUEST	injecteur 4	1		request_3	1462967120271	1462967120292	OK	 
REQUEST	injecteur 2	9		request_1	1462967120273	1462967120294	OK	 
REQUEST	injecteur 8	4		request_7	1462967120273	1462967120296	OK	 
REQUEST	injecteur 9	6		request_8	1462967120275	1462967120298	OK	 
REQUEST	injecteur 7	2		request_6	1462967120277	1462967120300	OK	 
REQUEST	injecteur 5	10		request_4	1462967120279	1462967120303	OK	 
REQUEST	injecteur 10	5		request_9	1462967120281	1462967120304	OK	 
REQUEST	injecteur 3	3		request_2	1462967120282	1462967120306	OK	 
REQUEST	injecteur 6	8		request_5	1462967120286	1462967120310	OK	 
REQUEST	injecteur 1	7		request_0	1462967120289	1462967120312	OK	 
REQUEST	injecteur 4	1		request_3	1462967120293	1462967120315	OK	 
REQUEST	injecteur 2	9		request_1	1462967120295	1462967120317	OK	 
REQUEST	injecteur 8	4		request_7	1462967120297	1462967120319	OK	 
REQUEST	injecteur 9	6		request_8	1462967120299	1462967120323	OK	 
REQUEST	injecteur 7	2		request_6	1462967120301	1462967120326	OK	 
REQUEST	injecteur 10	5		request_9	1462967120305	1462967120327	OK	 
REQUEST	injecteur 5	10		request_4	1462967120306	1462967120331	OK	 
REQUEST	injecteur 3	3		request_2	1462967120307	1462967120334	OK	 
REQUEST	injecteur 6	8		request_5	1462967120311	1462967120337	OK	 
REQUEST	injecteur 10	5		request_9	1462967120328	1462967120339	OK	 
REQUEST	injecteur 1	7		request_0	1462967120313	1462967120344	OK	 
REQUEST	injecteur 4	1		request_3	1462967120316	1462967120347	OK	 
REQUEST	injecteur 2	9		request_1	1462967120318	1462967120349	OK	 
REQUEST	injecteur 8	4		request_7	1462967120320	1462967120351	OK	 
REQUEST	injecteur 9	6		request_8	1462967120324	1462967120353	OK	 
REQUEST	injecteur 7	2		request_6	1462967120327	1462967120355	OK	 
REQUEST	injecteur 5	10		request_4	1462967120333	1462967120359	OK	 
REQUEST	injecteur 3	3		request_2	1462967120335	1462967120361	OK	 
REQUEST	injecteur 6	8		request_5	1462967120338	1462967120364	OK	 
REQUEST	injecteur 10	5		request_9	1462967120340	1462967120366	OK	 
REQUEST	injecteur 1	7		request_0	1462967120345	1462967120369	OK	 
REQUEST	injecteur 4	1		request_3	1462967120348	1462967120371	OK	 
REQUEST	injecteur 2	9		request_1	1462967120350	1462967120373	OK	 
REQUEST	injecteur 8	4		request_7	1462967120352	1462967120374	OK	 
REQUEST	injecteur 9	6		request_8	1462967120354	1462967120376	OK	 
REQUEST	injecteur 7	2		request_6	1462967120355	1462967120377	OK	 
REQUEST	injecteur 5	10		request_4	1462967120360	1462967120379	OK	 
REQUEST	injecteur 3	3		request_2	1462967120362	1462967120382	OK	 
REQUEST	injecteur 6	8		request_5	1462967120365	1462967120386	OK	 
REQUEST	injecteur 10	5		request_9	1462967120367	1462967120389	OK	 
REQUEST	injecteur 1	7		request_0	1462967120370	1462967120391	OK	 
REQUEST	injecteur 4	1		request_3	1462967120372	1462967120392	OK	 
REQUEST	injecteur 2	9		request_1	1462967120374	1462967120394	OK	 
REQUEST	injecteur 8	4		request_7	1462967120375	1462967120396	OK	 
REQUEST	injecteur 9	6		request_8	1462967120377	1462967120399	OK	 
REQUEST	injecteur 7	2		request_6	1462967120378	1462967120400	OK	 
REQUEST	injecteur 5	10		request_4	1462967120381	1462967120403	OK	 
REQUEST	injecteur 3	3		request_2	1462967120383	1462967120406	OK	 
REQUEST	injecteur 6	8		request_5	1462967120387	1462967120408	OK	 
REQUEST	injecteur 10	5		request_9	1462967120390	1462967120410	OK	 
REQUEST	injecteur 1	7		request_0	1462967120391	1462967120413	OK	 
REQUEST	injecteur 4	1		request_3	1462967120393	1462967120415	OK	 
REQUEST	injecteur 2	9		request_1	1462967120395	1462967120417	OK	 
REQUEST	injecteur 8	4		request_7	1462967120397	1462967120418	OK	 
REQUEST	injecteur 9	6		request_8	1462967120400	1462967120421	OK	 
REQUEST	injecteur 7	2		request_6	1462967120401	1462967120425	OK	 
REQUEST	injecteur 5	10		request_4	1462967120404	1462967120430	OK	 
REQUEST	injecteur 3	3		request_2	1462967120407	1462967120433	OK	 
REQUEST	injecteur 6	8		request_5	1462967120409	1462967120435	OK	 
REQUEST	injecteur 10	5		request_9	1462967120411	1462967120440	OK	 
REQUEST	injecteur 1	7		request_0	1462967120414	1462967120441	OK	 
REQUEST	injecteur 4	1		request_3	1462967120416	1462967120443	OK	 
REQUEST	injecteur 2	9		request_1	1462967120418	1462967120445	OK	 
REQUEST	injecteur 8	4		request_7	1462967120419	1462967120448	OK	 
REQUEST	injecteur 9	6		request_8	1462967120422	1462967120450	OK	 
REQUEST	injecteur 7	2		request_6	1462967120426	1462967120453	OK	 
REQUEST	injecteur 5	10		request_4	1462967120431	1462967120455	OK	 
REQUEST	injecteur 3	3		request_2	1462967120434	1462967120457	OK	 
REQUEST	injecteur 6	8		request_5	1462967120436	1462967120459	OK	 
REQUEST	injecteur 10	5		request_9	1462967120441	1462967120461	OK	 
REQUEST	injecteur 1	7		request_0	1462967120442	1462967120463	OK	 
REQUEST	injecteur 1	7		request_0	1462967120463	1462967120467	OK	 
REQUEST	injecteur 4	1		request_3	1462967120444	1462967120472	OK	 
REQUEST	injecteur 2	9		request_1	1462967120446	1462967120477	OK	 
REQUEST	injecteur 8	4		request_7	1462967120449	1462967120479	OK	 
REQUEST	injecteur 9	6		request_8	1462967120451	1462967120481	OK	 
REQUEST	injecteur 7	2		request_6	1462967120453	1462967120482	OK	 
REQUEST	injecteur 5	10		request_4	1462967120455	1462967120484	OK	 
REQUEST	injecteur 3	3		request_2	1462967120457	1462967120486	OK	 
REQUEST	injecteur 6	8		request_5	1462967120460	1462967120489	OK	 
REQUEST	injecteur 1	7		request_0	1462967120467	1462967120490	OK	 
REQUEST	injecteur 10	5		request_9	1462967120463	1462967120493	OK	 
REQUEST	injecteur 4	1		request_3	1462967120473	1462967120494	OK	 
REQUEST	injecteur 2	9		request_1	1462967120478	1462967120497	OK	 
REQUEST	injecteur 8	4		request_7	1462967120480	1462967120498	OK	 
REQUEST	injecteur 9	6		request_8	1462967120481	1462967120500	OK	 
REQUEST	injecteur 7	2		request_6	1462967120483	1462967120502	OK	 
REQUEST	injecteur 5	10		request_4	1462967120485	1462967120504	OK	 
REQUEST	injecteur 3	3		request_2	1462967120487	1462967120506	OK	 
REQUEST	injecteur 6	8		request_5	1462967120489	1462967120508	OK	 
REQUEST	injecteur 1	7		request_0	1462967120491	1462967120510	OK	 
REQUEST	injecteur 10	5		request_9	1462967120493	1462967120512	OK	 
REQUEST	injecteur 4	1		request_3	1462967120495	1462967120514	OK	 
REQUEST	injecteur 2	9		request_1	1462967120497	1462967120516	OK	 
REQUEST	injecteur 8	4		request_7	1462967120499	1462967120518	OK	 
REQUEST	injecteur 9	6		request_8	1462967120501	1462967120520	OK	 
REQUEST	injecteur 7	2		request_6	1462967120503	1462967120521	OK	 
REQUEST	injecteur 5	10		request_4	1462967120505	1462967120523	OK	 
REQUEST	injecteur 3	3		request_2	1462967120506	1462967120525	OK	 
REQUEST	injecteur 6	8		request_5	1462967120509	1462967120527	OK	 
REQUEST	injecteur 1	7		request_0	1462967120511	1462967120529	OK	 
REQUEST	injecteur 10	5		request_9	1462967120513	1462967120531	OK	 
REQUEST	injecteur 4	1		request_3	1462967120515	1462967120535	OK	 
REQUEST	injecteur 2	9		request_1	1462967120517	1462967120537	OK	 
REQUEST	injecteur 8	4		request_7	1462967120519	1462967120539	OK	 
REQUEST	injecteur 9	6		request_8	1462967120520	1462967120541	OK	 
REQUEST	injecteur 7	2		request_6	1462967120522	1462967120543	OK	 
REQUEST	injecteur 5	10		request_4	1462967120524	1462967120545	OK	 
REQUEST	injecteur 3	3		request_2	1462967120526	1462967120548	OK	 
REQUEST	injecteur 6	8		request_5	1462967120528	1462967120550	OK	 
REQUEST	injecteur 1	7		request_0	1462967120529	1462967120552	OK	 
REQUEST	injecteur 10	5		request_9	1462967120532	1462967120554	OK	 
REQUEST	injecteur 4	1		request_3	1462967120536	1462967120556	OK	 
REQUEST	injecteur 2	9		request_1	1462967120538	1462967120558	OK	 
REQUEST	injecteur 9	6		request_8	1462967120542	1462967120563	OK	 
REQUEST	injecteur 8	4		request_7	1462967120540	1462967120564	OK	 
REQUEST	injecteur 7	2		request_6	1462967120544	1462967120565	OK	 
REQUEST	injecteur 5	10		request_4	1462967120546	1462967120569	OK	 
REQUEST	injecteur 3	3		request_2	1462967120548	1462967120571	OK	 
REQUEST	injecteur 6	8		request_5	1462967120550	1462967120574	OK	 
REQUEST	injecteur 1	7		request_0	1462967120553	1462967120575	OK	 
REQUEST	injecteur 10	5		request_9	1462967120554	1462967120577	OK	 
REQUEST	injecteur 4	1		request_3	1462967120557	1462967120579	OK	 
REQUEST	injecteur 8	4		request_7	1462967120564	1462967120590	OK	 
REQUEST	injecteur 7	2		request_6	1462967120566	1462967120589	OK	 
REQUEST	injecteur 9	6		request_8	1462967120564	1462967120590	OK	 
REQUEST	injecteur 2	9		request_1	1462967120559	1462967120591	OK	 
REQUEST	injecteur 5	10		request_4	1462967120570	1462967120591	OK	 
REQUEST	injecteur 3	3		request_2	1462967120572	1462967120594	OK	 
REQUEST	injecteur 1	7		request_0	1462967120576	1462967120598	OK	 
REQUEST	injecteur 6	8		request_5	1462967120574	1462967120601	OK	 
REQUEST	injecteur 10	5		request_9	1462967120578	1462967120603	OK	 
REQUEST	injecteur 4	1		request_3	1462967120589	1462967120604	OK	 
REQUEST	injecteur 7	2		request_6	1462967120590	1462967120607	OK	 
REQUEST	injecteur 9	6		request_8	1462967120591	1462967120608	OK	 
REQUEST	injecteur 5	10		request_4	1462967120592	1462967120610	OK	 
REQUEST	injecteur 2	9		request_1	1462967120592	1462967120612	OK	 
REQUEST	injecteur 8	4		request_7	1462967120593	1462967120613	OK	 
REQUEST	injecteur 3	3		request_2	1462967120594	1462967120615	OK	 
REQUEST	injecteur 1	7		request_0	1462967120599	1462967120617	OK	 
REQUEST	injecteur 6	8		request_5	1462967120602	1462967120618	OK	 
REQUEST	injecteur 10	5		request_9	1462967120604	1462967120621	OK	 
REQUEST	injecteur 4	1		request_3	1462967120604	1462967120623	OK	 
REQUEST	injecteur 7	2		request_6	1462967120607	1462967120625	OK	 
REQUEST	injecteur 9	6		request_8	1462967120609	1462967120627	OK	 
REQUEST	injecteur 5	10		request_4	1462967120611	1462967120628	OK	 
REQUEST	injecteur 2	9		request_1	1462967120613	1462967120630	OK	 
REQUEST	injecteur 8	4		request_7	1462967120614	1462967120632	OK	 
REQUEST	injecteur 3	3		request_2	1462967120616	1462967120633	OK	 
REQUEST	injecteur 1	7		request_0	1462967120617	1462967120636	OK	 
REQUEST	injecteur 6	8		request_5	1462967120619	1462967120639	OK	 
REQUEST	injecteur 10	5		request_9	1462967120622	1462967120640	OK	 
REQUEST	injecteur 4	1		request_3	1462967120624	1462967120642	OK	 
REQUEST	injecteur 7	2		request_6	1462967120625	1462967120644	OK	 
REQUEST	injecteur 9	6		request_8	1462967120627	1462967120645	OK	 
REQUEST	injecteur 5	10		request_4	1462967120629	1462967120647	OK	 
REQUEST	injecteur 2	9		request_1	1462967120631	1462967120649	OK	 
REQUEST	injecteur 8	4		request_7	1462967120632	1462967120651	OK	 
REQUEST	injecteur 3	3		request_2	1462967120634	1462967120654	OK	 
REQUEST	injecteur 1	7		request_0	1462967120637	1462967120658	OK	 
REQUEST	injecteur 6	8		request_5	1462967120639	1462967120659	OK	 
REQUEST	injecteur 10	5		request_9	1462967120641	1462967120661	OK	 
REQUEST	injecteur 4	1		request_3	1462967120642	1462967120663	OK	 
REQUEST	injecteur 7	2		request_6	1462967120644	1462967120665	OK	 
REQUEST	injecteur 9	6		request_8	1462967120646	1462967120667	OK	 
REQUEST	injecteur 5	10		request_4	1462967120648	1462967120670	OK	 
REQUEST	injecteur 2	9		request_1	1462967120650	1462967120672	OK	 
REQUEST	injecteur 8	4		request_7	1462967120652	1462967120674	OK	 
REQUEST	injecteur 3	3		request_2	1462967120655	1462967120677	OK	 
REQUEST	injecteur 1	7		request_0	1462967120658	1462967120680	OK	 
REQUEST	injecteur 6	8		request_5	1462967120660	1462967120681	OK	 
REQUEST	injecteur 10	5		request_9	1462967120662	1462967120684	OK	 
REQUEST	injecteur 4	1		request_3	1462967120664	1462967120685	OK	 
REQUEST	injecteur 7	2		request_6	1462967120666	1462967120687	OK	 
REQUEST	injecteur 9	6		request_8	1462967120668	1462967120690	OK	 
REQUEST	injecteur 5	10		request_4	1462967120670	1462967120693	OK	 
REQUEST	injecteur 2	9		request_1	1462967120673	1462967120695	OK	 
REQUEST	injecteur 8	4		request_7	1462967120675	1462967120698	OK	 
REQUEST	injecteur 3	3		request_2	1462967120678	1462967120701	OK	 
REQUEST	injecteur 1	7		request_0	1462967120680	1462967120703	OK	 
REQUEST	injecteur 6	8		request_5	1462967120682	1462967120705	OK	 
REQUEST	injecteur 10	5		request_9	1462967120684	1462967120708	OK	 
REQUEST	injecteur 4	1		request_3	1462967120686	1462967120710	OK	 
REQUEST	injecteur 7	2		request_6	1462967120688	1462967120713	OK	 
REQUEST	injecteur 9	6		request_8	1462967120691	1462967120715	OK	 
REQUEST	injecteur 5	10		request_4	1462967120693	1462967120717	OK	 
REQUEST	injecteur 2	9		request_1	1462967120696	1462967120719	OK	 
REQUEST	injecteur 8	4		request_7	1462967120699	1462967120723	OK	 
REQUEST	injecteur 3	3		request_2	1462967120702	1462967120725	OK	 
REQUEST	injecteur 1	7		request_0	1462967120704	1462967120728	OK	 
REQUEST	injecteur 6	8		request_5	1462967120706	1462967120729	OK	 
REQUEST	injecteur 10	5		request_9	1462967120709	1462967120731	OK	 
REQUEST	injecteur 4	1		request_3	1462967120711	1462967120736	OK	 
REQUEST	injecteur 7	2		request_6	1462967120714	1462967120739	OK	 
REQUEST	injecteur 9	6		request_8	1462967120716	1462967120742	OK	 
REQUEST	injecteur 5	10		request_4	1462967120718	1462967120758	OK	 
REQUEST	injecteur 2	9		request_1	1462967120720	1462967120761	OK	 
REQUEST	injecteur 8	4		request_7	1462967120724	1462967120763	OK	 
REQUEST	injecteur 3	3		request_2	1462967120726	1462967120764	OK	 
REQUEST	injecteur 1	7		request_0	1462967120728	1462967120766	OK	 
REQUEST	injecteur 6	8		request_5	1462967120730	1462967120767	OK	 
REQUEST	injecteur 10	5		request_9	1462967120732	1462967120770	OK	 
REQUEST	injecteur 4	1		request_3	1462967120737	1462967120772	OK	 
REQUEST	injecteur 7	2		request_6	1462967120739	1462967120774	OK	 
REQUEST	injecteur 9	6		request_8	1462967120743	1462967120777	OK	 
REQUEST	injecteur 5	10		request_4	1462967120759	1462967120779	OK	 
REQUEST	injecteur 2	9		request_1	1462967120762	1462967120781	OK	 
REQUEST	injecteur 8	4		request_7	1462967120763	1462967120783	OK	 
REQUEST	injecteur 3	3		request_2	1462967120765	1462967120784	OK	 
REQUEST	injecteur 1	7		request_0	1462967120766	1462967120785	OK	 
REQUEST	injecteur 6	8		request_5	1462967120768	1462967120787	OK	 
REQUEST	injecteur 10	5		request_9	1462967120771	1462967120789	OK	 
REQUEST	injecteur 4	1		request_3	1462967120773	1462967120791	OK	 
REQUEST	injecteur 7	2		request_6	1462967120774	1462967120792	OK	 
REQUEST	injecteur 9	6		request_8	1462967120777	1462967120794	OK	 
REQUEST	injecteur 5	10		request_4	1462967120780	1462967120796	OK	 
REQUEST	injecteur 2	9		request_1	1462967120782	1462967120798	OK	 
REQUEST	injecteur 8	4		request_7	1462967120783	1462967120800	OK	 
REQUEST	injecteur 3	3		request_2	1462967120785	1462967120802	OK	 
REQUEST	injecteur 1	7		request_0	1462967120786	1462967120805	OK	 
REQUEST	injecteur 6	8		request_5	1462967120788	1462967120806	OK	 
REQUEST	injecteur 10	5		request_9	1462967120790	1462967120808	OK	 
REQUEST	injecteur 4	1		request_3	1462967120791	1462967120809	OK	 
REQUEST	injecteur 7	2		request_6	1462967120793	1462967120811	OK	 
REQUEST	injecteur 9	6		request_8	1462967120795	1462967120813	OK	 
REQUEST	injecteur 5	10		request_4	1462967120796	1462967120815	OK	 
REQUEST	injecteur 2	9		request_1	1462967120798	1462967120816	OK	 
REQUEST	injecteur 8	4		request_7	1462967120800	1462967120817	OK	 
REQUEST	injecteur 3	3		request_2	1462967120803	1462967120819	OK	 
REQUEST	injecteur 1	7		request_0	1462967120806	1462967120821	OK	 
REQUEST	injecteur 6	8		request_5	1462967120807	1462967120823	OK	 
REQUEST	injecteur 10	5		request_9	1462967120809	1462967120824	OK	 
REQUEST	injecteur 4	1		request_3	1462967120810	1462967120826	OK	 
REQUEST	injecteur 7	2		request_6	1462967120812	1462967120828	OK	 
REQUEST	injecteur 9	6		request_8	1462967120814	1462967120829	OK	 
REQUEST	injecteur 5	10		request_4	1462967120815	1462967120831	OK	 
REQUEST	injecteur 2	9		request_1	1462967120817	1462967120832	OK	 
REQUEST	injecteur 8	4		request_7	1462967120818	1462967120835	OK	 
REQUEST	injecteur 3	3		request_2	1462967120820	1462967120837	OK	 
REQUEST	injecteur 1	7		request_0	1462967120822	1462967120838	OK	 
REQUEST	injecteur 6	8		request_5	1462967120823	1462967120840	OK	 
REQUEST	injecteur 10	5		request_9	1462967120825	1462967120842	OK	 
REQUEST	injecteur 4	1		request_3	1462967120827	1462967120844	OK	 
REQUEST	injecteur 7	2		request_6	1462967120828	1462967120847	OK	 
REQUEST	injecteur 9	6		request_8	1462967120830	1462967120849	OK	 
REQUEST	injecteur 5	10		request_4	1462967120832	1462967120851	OK	 
REQUEST	injecteur 2	9		request_1	1462967120833	1462967120853	OK	 
REQUEST	injecteur 8	4		request_7	1462967120835	1462967120855	OK	 
REQUEST	injecteur 3	3		request_2	1462967120837	1462967120857	OK	 
REQUEST	injecteur 1	7		request_0	1462967120839	1462967120859	OK	 
REQUEST	injecteur 6	8		request_5	1462967120840	1462967120861	OK	 
REQUEST	injecteur 10	5		request_9	1462967120843	1462967120863	OK	 
REQUEST	injecteur 4	1		request_3	1462967120845	1462967120866	OK	 
REQUEST	injecteur 7	2		request_6	1462967120848	1462967120867	OK	 
REQUEST	injecteur 9	6		request_8	1462967120850	1462967120869	OK	 
REQUEST	injecteur 5	10		request_4	1462967120852	1462967120871	OK	 
REQUEST	injecteur 2	9		request_1	1462967120854	1462967120872	OK	 
REQUEST	injecteur 8	4		request_7	1462967120856	1462967120874	OK	 
REQUEST	injecteur 3	3		request_2	1462967120857	1462967120876	OK	 
REQUEST	injecteur 1	7		request_0	1462967120859	1462967120879	OK	 
REQUEST	injecteur 6	8		request_5	1462967120861	1462967120880	OK	 
REQUEST	injecteur 10	5		request_9	1462967120864	1462967120883	OK	 
REQUEST	injecteur 4	1		request_3	1462967120867	1462967120885	OK	 
REQUEST	injecteur 7	2		request_6	1462967120868	1462967120887	OK	 
REQUEST	injecteur 9	6		request_8	1462967120869	1462967120889	OK	 
REQUEST	injecteur 5	10		request_4	1462967120872	1462967120891	OK	 
REQUEST	injecteur 2	9		request_1	1462967120873	1462967120892	OK	 
REQUEST	injecteur 8	4		request_7	1462967120875	1462967120894	OK	 
REQUEST	injecteur 3	3		request_2	1462967120877	1462967120896	OK	 
REQUEST	injecteur 1	7		request_0	1462967120879	1462967120897	OK	 
REQUEST	injecteur 6	8		request_5	1462967120881	1462967120899	OK	 
REQUEST	injecteur 10	5		request_9	1462967120884	1462967120901	OK	 
REQUEST	injecteur 4	1		request_3	1462967120886	1462967120902	OK	 
REQUEST	injecteur 7	2		request_6	1462967120888	1462967120905	OK	 
REQUEST	injecteur 9	6		request_8	1462967120889	1462967120906	OK	 
REQUEST	injecteur 5	10		request_4	1462967120892	1462967120909	OK	 
REQUEST	injecteur 2	9		request_1	1462967120893	1462967120911	OK	 
REQUEST	injecteur 8	4		request_7	1462967120895	1462967120913	OK	 
REQUEST	injecteur 3	3		request_2	1462967120896	1462967120915	OK	 
REQUEST	injecteur 1	7		request_0	1462967120898	1462967120916	OK	 
REQUEST	injecteur 6	8		request_5	1462967120900	1462967120919	OK	 
REQUEST	injecteur 10	5		request_9	1462967120901	1462967120921	OK	 
REQUEST	injecteur 4	1		request_3	1462967120903	1462967120923	OK	 
REQUEST	injecteur 7	2		request_6	1462967120905	1462967120925	OK	 
REQUEST	injecteur 9	6		request_8	1462967120907	1462967120927	OK	 
REQUEST	injecteur 5	10		request_4	1462967120910	1462967120930	OK	 
REQUEST	injecteur 2	9		request_1	1462967120912	1462967120931	OK	 
REQUEST	injecteur 8	4		request_7	1462967120914	1462967120933	OK	 
REQUEST	injecteur 3	3		request_2	1462967120916	1462967120935	OK	 
REQUEST	injecteur 3	3		request_2	1462967120936	1462967120939	OK	 
REQUEST	injecteur 1	7		request_0	1462967120917	1462967120942	OK	 
REQUEST	injecteur 6	8		request_5	1462967120919	1462967120944	OK	 
REQUEST	injecteur 10	5		request_9	1462967120921	1462967120945	OK	 
REQUEST	injecteur 4	1		request_3	1462967120924	1462967120948	OK	 
REQUEST	injecteur 7	2		request_6	1462967120926	1462967120950	OK	 
REQUEST	injecteur 9	6		request_8	1462967120928	1462967120952	OK	 
REQUEST	injecteur 5	10		request_4	1462967120930	1462967120953	OK	 
REQUEST	injecteur 2	9		request_1	1462967120932	1462967120955	OK	 
REQUEST	injecteur 8	4		request_7	1462967120934	1462967120957	OK	 
REQUEST	injecteur 3	3		request_2	1462967120940	1462967120959	OK	 
REQUEST	injecteur 1	7		request_0	1462967120943	1462967120961	OK	 
REQUEST	injecteur 6	8		request_5	1462967120945	1462967120962	OK	 
REQUEST	injecteur 10	5		request_9	1462967120946	1462967120965	OK	 
REQUEST	injecteur 4	1		request_3	1462967120949	1462967120967	OK	 
REQUEST	injecteur 7	2		request_6	1462967120951	1462967120968	OK	 
REQUEST	injecteur 9	6		request_8	1462967120953	1462967120971	OK	 
REQUEST	injecteur 5	10		request_4	1462967120954	1462967120974	OK	 
REQUEST	injecteur 2	9		request_1	1462967120956	1462967120976	OK	 
REQUEST	injecteur 8	4		request_7	1462967120958	1462967120978	OK	 
REQUEST	injecteur 3	3		request_2	1462967120960	1462967120981	OK	 
REQUEST	injecteur 1	7		request_0	1462967120961	1462967120983	OK	 
REQUEST	injecteur 6	8		request_5	1462967120963	1462967120986	OK	 
REQUEST	injecteur 10	5		request_9	1462967120965	1462967120988	OK	 
REQUEST	injecteur 7	2		request_6	1462967120970	1462967120991	OK	 
REQUEST	injecteur 4	1		request_3	1462967120968	1462967120994	OK	 
REQUEST	injecteur 9	6		request_8	1462967120972	1462967120996	OK	 
REQUEST	injecteur 5	10		request_4	1462967120974	1462967120999	OK	 
REQUEST	injecteur 2	9		request_1	1462967120976	1462967121001	OK	 
REQUEST	injecteur 8	4		request_7	1462967120979	1462967121003	OK	 
REQUEST	injecteur 3	3		request_2	1462967120982	1462967121006	OK	 
REQUEST	injecteur 1	7		request_0	1462967120984	1462967121010	OK	 
REQUEST	injecteur 6	8		request_5	1462967120986	1462967121012	OK	 
REQUEST	injecteur 10	5		request_9	1462967120989	1462967121014	OK	 
REQUEST	injecteur 7	2		request_6	1462967120993	1462967121016	OK	 
REQUEST	injecteur 4	1		request_3	1462967120995	1462967121022	OK	 
REQUEST	injecteur 9	6		request_8	1462967120997	1462967121025	OK	 
REQUEST	injecteur 5	10		request_4	1462967120999	1462967121033	OK	 
REQUEST	injecteur 2	9		request_1	1462967121002	1462967121035	OK	 
REQUEST	injecteur 8	4		request_7	1462967121004	1462967121037	OK	 
REQUEST	injecteur 3	3		request_2	1462967121007	1462967121039	OK	 
REQUEST	injecteur 1	7		request_0	1462967121010	1462967121041	OK	 
REQUEST	injecteur 6	8		request_5	1462967121012	1462967121044	OK	 
REQUEST	injecteur 10	5		request_9	1462967121014	1462967121045	OK	 
REQUEST	injecteur 7	2		request_6	1462967121016	1462967121048	OK	 
REQUEST	injecteur 9	6		request_8	1462967121026	1462967121051	OK	 
REQUEST	injecteur 4	1		request_3	1462967121026	1462967121052	OK	 
REQUEST	injecteur 5	10		request_4	1462967121034	1462967121054	OK	 
REQUEST	injecteur 2	9		request_1	1462967121036	1462967121056	OK	 
REQUEST	injecteur 8	4		request_7	1462967121038	1462967121058	OK	 
REQUEST	injecteur 3	3		request_2	1462967121040	1462967121061	OK	 
REQUEST	injecteur 1	7		request_0	1462967121042	1462967121064	OK	 
REQUEST	injecteur 6	8		request_5	1462967121045	1462967121068	OK	 
REQUEST	injecteur 3	3		request_2	1462967121061	1462967121070	OK	 
REQUEST	injecteur 1	7		request_0	1462967121065	1462967121073	OK	 
REQUEST	injecteur 10	5		request_9	1462967121046	1462967121076	OK	 
REQUEST	injecteur 7	2		request_6	1462967121049	1462967121078	OK	 
REQUEST	injecteur 9	6		request_8	1462967121051	1462967121080	OK	 
REQUEST	injecteur 4	1		request_3	1462967121053	1462967121081	OK	 
REQUEST	injecteur 5	10		request_4	1462967121055	1462967121083	OK	 
REQUEST	injecteur 2	9		request_1	1462967121057	1462967121085	OK	 
REQUEST	injecteur 8	4		request_7	1462967121059	1462967121087	OK	 
REQUEST	injecteur 3	3		request_2	1462967121070	1462967121088	OK	 
REQUEST	injecteur 1	7		request_0	1462967121073	1462967121089	OK	 
REQUEST	injecteur 6	8		request_5	1462967121068	1462967121091	OK	 
REQUEST	injecteur 10	5		request_9	1462967121077	1462967121092	OK	 
REQUEST	injecteur 7	2		request_6	1462967121079	1462967121094	OK	 
REQUEST	injecteur 9	6		request_8	1462967121080	1462967121096	OK	 
REQUEST	injecteur 4	1		request_3	1462967121082	1462967121097	OK	 
REQUEST	injecteur 5	10		request_4	1462967121084	1462967121099	OK	 
REQUEST	injecteur 2	9		request_1	1462967121086	1462967121102	OK	 
REQUEST	injecteur 8	4		request_7	1462967121087	1462967121103	OK	 
REQUEST	injecteur 3	3		request_2	1462967121089	1462967121105	OK	 
REQUEST	injecteur 1	7		request_0	1462967121090	1462967121106	OK	 
REQUEST	injecteur 6	8		request_5	1462967121091	1462967121108	OK	 
REQUEST	injecteur 10	5		request_9	1462967121093	1462967121110	OK	 
REQUEST	injecteur 7	2		request_6	1462967121095	1462967121111	OK	 
REQUEST	injecteur 9	6		request_8	1462967121096	1462967121113	OK	 
REQUEST	injecteur 4	1		request_3	1462967121098	1462967121115	OK	 
REQUEST	injecteur 5	10		request_4	1462967121100	1462967121118	OK	 
REQUEST	injecteur 2	9		request_1	1462967121102	1462967121120	OK	 
REQUEST	injecteur 8	4		request_7	1462967121104	1462967121122	OK	 
REQUEST	injecteur 3	3		request_2	1462967121105	1462967121124	OK	 
REQUEST	injecteur 1	7		request_0	1462967121107	1462967121126	OK	 
REQUEST	injecteur 6	8		request_5	1462967121108	1462967121127	OK	 
REQUEST	injecteur 10	5		request_9	1462967121110	1462967121129	OK	 
REQUEST	injecteur 7	2		request_6	1462967121112	1462967121131	OK	 
REQUEST	injecteur 9	6		request_8	1462967121114	1462967121133	OK	 
REQUEST	injecteur 4	1		request_3	1462967121116	1462967121138	OK	 
REQUEST	injecteur 5	10		request_4	1462967121119	1462967121139	OK	 
REQUEST	injecteur 2	9		request_1	1462967121120	1462967121141	OK	 
REQUEST	injecteur 8	4		request_7	1462967121122	1462967121143	OK	 
REQUEST	injecteur 3	3		request_2	1462967121124	1462967121145	OK	 
REQUEST	injecteur 1	7		request_0	1462967121126	1462967121146	OK	 
REQUEST	injecteur 6	8		request_5	1462967121128	1462967121148	OK	 
REQUEST	injecteur 10	5		request_9	1462967121130	1462967121149	OK	 
REQUEST	injecteur 7	2		request_6	1462967121132	1462967121152	OK	 
REQUEST	injecteur 9	6		request_8	1462967121134	1462967121154	OK	 
REQUEST	injecteur 4	1		request_3	1462967121138	1462967121156	OK	 
REQUEST	injecteur 5	10		request_4	1462967121140	1462967121158	OK	 
REQUEST	injecteur 2	9		request_1	1462967121142	1462967121160	OK	 
REQUEST	injecteur 8	4		request_7	1462967121144	1462967121163	OK	 
REQUEST	injecteur 3	3		request_2	1462967121146	1462967121165	OK	 
REQUEST	injecteur 1	7		request_0	1462967121147	1462967121167	OK	 
REQUEST	injecteur 6	8		request_5	1462967121149	1462967121169	OK	 
REQUEST	injecteur 10	5		request_9	1462967121150	1462967121172	OK	 
REQUEST	injecteur 7	2		request_6	1462967121153	1462967121176	OK	 
REQUEST	injecteur 9	6		request_8	1462967121155	1462967121178	OK	 
REQUEST	injecteur 4	1		request_3	1462967121157	1462967121179	OK	 
REQUEST	injecteur 5	10		request_4	1462967121159	1462967121181	OK	 
REQUEST	injecteur 2	9		request_1	1462967121161	1462967121183	OK	 
REQUEST	injecteur 8	4		request_7	1462967121164	1462967121184	OK	 
REQUEST	injecteur 3	3		request_2	1462967121166	1462967121185	OK	 
REQUEST	injecteur 1	7		request_0	1462967121168	1462967121187	OK	 
REQUEST	injecteur 6	8		request_5	1462967121170	1462967121189	OK	 
REQUEST	injecteur 10	5		request_9	1462967121173	1462967121191	OK	 
REQUEST	injecteur 7	2		request_6	1462967121177	1462967121193	OK	 
REQUEST	injecteur 9	6		request_8	1462967121179	1462967121194	OK	 
REQUEST	injecteur 4	1		request_3	1462967121180	1462967121196	OK	 
REQUEST	injecteur 5	10		request_4	1462967121181	1462967121198	OK	 
REQUEST	injecteur 2	9		request_1	1462967121183	1462967121200	OK	 
REQUEST	injecteur 8	4		request_7	1462967121185	1462967121201	OK	 
REQUEST	injecteur 3	3		request_2	1462967121186	1462967121202	OK	 
REQUEST	injecteur 1	7		request_0	1462967121188	1462967121204	OK	 
REQUEST	injecteur 6	8		request_5	1462967121189	1462967121205	OK	 
REQUEST	injecteur 10	5		request_9	1462967121191	1462967121208	OK	 
REQUEST	injecteur 7	2		request_6	1462967121194	1462967121209	OK	 
REQUEST	injecteur 9	6		request_8	1462967121195	1462967121211	OK	 
REQUEST	injecteur 4	1		request_3	1462967121197	1462967121212	OK	 
REQUEST	injecteur 5	10		request_4	1462967121199	1462967121213	OK	 
REQUEST	injecteur 2	9		request_1	1462967121200	1462967121215	OK	 
REQUEST	injecteur 8	4		request_7	1462967121201	1462967121216	OK	 
REQUEST	injecteur 3	3		request_2	1462967121203	1462967121218	OK	 
REQUEST	injecteur 1	7		request_0	1462967121204	1462967121222	OK	 
REQUEST	injecteur 6	8		request_5	1462967121206	1462967121224	OK	 
REQUEST	injecteur 10	5		request_9	1462967121208	1462967121225	OK	 
REQUEST	injecteur 7	2		request_6	1462967121210	1462967121227	OK	 
REQUEST	injecteur 9	6		request_8	1462967121211	1462967121228	OK	 
REQUEST	injecteur 4	1		request_3	1462967121213	1462967121230	OK	 
REQUEST	injecteur 5	10		request_4	1462967121214	1462967121231	OK	 
REQUEST	injecteur 2	9		request_1	1462967121215	1462967121232	OK	 
REQUEST	injecteur 8	4		request_7	1462967121217	1462967121234	OK	 
REQUEST	injecteur 3	3		request_2	1462967121219	1462967121236	OK	 
REQUEST	injecteur 1	7		request_0	1462967121222	1462967121241	OK	 
REQUEST	injecteur 10	5		request_9	1462967121226	1462967121248	OK	 
REQUEST	injecteur 4	1		request_3	1462967121230	1462967121253	OK	 
REQUEST	injecteur 6	8		request_5	1462967121225	1462967121274	OK	 
REQUEST	injecteur 3	3		request_2	1462967121237	1462967121266	OK	 
REQUEST	injecteur 1	7		request_0	1462967121242	1462967121266	OK	 
REQUEST	injecteur 3	3		request_2	1462967121284	1462967121287	OK	 
REQUEST	injecteur 1	7		request_0	1462967121286	1462967121289	OK	 
REQUEST	injecteur 9	6		request_8	1462967121229	1462967121284	OK	 
REQUEST	injecteur 3	3		request_2	1462967121288	1462967121292	OK	 
REQUEST	injecteur 6	8		request_5	1462967121278	1462967121293	OK	 
REQUEST	injecteur 1	7		request_0	1462967121289	1462967121295	OK	 
REQUEST	injecteur 7	2		request_6	1462967121227	1462967121280	OK	 
REQUEST	injecteur 5	10		request_4	1462967121231	1462967121296	OK	 
REQUEST	injecteur 2	9		request_1	1462967121233	1462967121266	OK	 
REQUEST	injecteur 8	4		request_7	1462967121234	1462967121266	OK	 
REQUEST	injecteur 3	3		request_2	1462967121292	1462967121300	OK	 
REQUEST	injecteur 10	5		request_9	1462967121249	1462967121266	OK	 
REQUEST	injecteur 1	7		request_0	1462967121296	1462967121304	OK	 
REQUEST	injecteur 4	1		request_3	1462967121254	1462967121305	OK	 
REQUEST	injecteur 9	6		request_8	1462967121292	1462967121306	OK	 
REQUEST	injecteur 6	8		request_5	1462967121294	1462967121308	OK	 
REQUEST	injecteur 7	2		request_6	1462967121296	1462967121309	OK	 
REQUEST	injecteur 5	10		request_4	1462967121297	1462967121311	OK	 
REQUEST	injecteur 8	4		request_7	1462967121298	1462967121311	OK	 
REQUEST	injecteur 3	3		request_2	1462967121301	1462967121313	OK	 
REQUEST	injecteur 10	5		request_9	1462967121303	1462967121314	OK	 
REQUEST	injecteur 1	7		request_0	1462967121304	1462967121318	OK	 
REQUEST	injecteur 2	9		request_1	1462967121304	1462967121321	OK	 
REQUEST	injecteur 4	1		request_3	1462967121305	1462967121323	OK	 
REQUEST	injecteur 9	6		request_8	1462967121307	1462967121326	OK	 
REQUEST	injecteur 6	8		request_5	1462967121309	1462967121328	OK	 
REQUEST	injecteur 7	2		request_6	1462967121310	1462967121330	OK	 
REQUEST	injecteur 5	10		request_4	1462967121312	1462967121332	OK	 
REQUEST	injecteur 3	3		request_2	1462967121313	1462967121333	OK	 
REQUEST	injecteur 8	4		request_7	1462967121312	1462967121334	OK	 
REQUEST	injecteur 10	5		request_9	1462967121315	1462967121336	OK	 
REQUEST	injecteur 1	7		request_0	1462967121318	1462967121337	OK	 
REQUEST	injecteur 2	9		request_1	1462967121322	1462967121341	OK	 
REQUEST	injecteur 4	1		request_3	1462967121324	1462967121343	OK	 
REQUEST	injecteur 9	6		request_8	1462967121326	1462967121345	OK	 
REQUEST	injecteur 6	8		request_5	1462967121329	1462967121347	OK	 
REQUEST	injecteur 7	2		request_6	1462967121331	1462967121349	OK	 
REQUEST	injecteur 3	3		request_2	1462967121333	1462967121352	OK	 
REQUEST	injecteur 5	10		request_4	1462967121333	1462967121354	OK	 
REQUEST	injecteur 8	4		request_7	1462967121335	1462967121356	OK	 
REQUEST	injecteur 10	5		request_9	1462967121336	1462967121358	OK	 
REQUEST	injecteur 1	7		request_0	1462967121338	1462967121360	OK	 
REQUEST	injecteur 2	9		request_1	1462967121342	1462967121361	OK	 
REQUEST	injecteur 4	1		request_3	1462967121344	1462967121363	OK	 
REQUEST	injecteur 9	6		request_8	1462967121345	1462967121367	OK	 
REQUEST	injecteur 6	8		request_5	1462967121348	1462967121370	OK	 
REQUEST	injecteur 7	2		request_6	1462967121350	1462967121372	OK	 
REQUEST	injecteur 3	3		request_2	1462967121352	1462967121374	OK	 
REQUEST	injecteur 5	10		request_4	1462967121354	1462967121375	OK	 
REQUEST	injecteur 8	4		request_7	1462967121357	1462967121377	OK	 
REQUEST	injecteur 10	5		request_9	1462967121358	1462967121379	OK	 
REQUEST	injecteur 1	7		request_0	1462967121360	1462967121382	OK	 
REQUEST	injecteur 2	9		request_1	1462967121362	1462967121383	OK	 
REQUEST	injecteur 4	1		request_3	1462967121364	1462967121385	OK	 
REQUEST	injecteur 9	6		request_8	1462967121368	1462967121386	OK	 
REQUEST	injecteur 6	8		request_5	1462967121371	1462967121389	OK	 
REQUEST	injecteur 7	2		request_6	1462967121373	1462967121390	OK	 
REQUEST	injecteur 3	3		request_2	1462967121374	1462967121392	OK	 
REQUEST	injecteur 5	10		request_4	1462967121376	1462967121394	OK	 
REQUEST	injecteur 8	4		request_7	1462967121378	1462967121396	OK	 
REQUEST	injecteur 10	5		request_9	1462967121380	1462967121397	OK	 
REQUEST	injecteur 1	7		request_0	1462967121382	1462967121400	OK	 
REQUEST	injecteur 2	9		request_1	1462967121384	1462967121401	OK	 
REQUEST	injecteur 4	1		request_3	1462967121386	1462967121403	OK	 
REQUEST	injecteur 9	6		request_8	1462967121387	1462967121405	OK	 
REQUEST	injecteur 6	8		request_5	1462967121389	1462967121406	OK	 
REQUEST	injecteur 7	2		request_6	1462967121391	1462967121408	OK	 
REQUEST	injecteur 3	3		request_2	1462967121392	1462967121409	OK	 
REQUEST	injecteur 5	10		request_4	1462967121394	1462967121411	OK	 
REQUEST	injecteur 8	4		request_7	1462967121396	1462967121412	OK	 
REQUEST	injecteur 10	5		request_9	1462967121398	1462967121415	OK	 
REQUEST	injecteur 1	7		request_0	1462967121400	1462967121416	OK	 
REQUEST	injecteur 2	9		request_1	1462967121402	1462967121418	OK	 
REQUEST	injecteur 4	1		request_3	1462967121403	1462967121420	OK	 
REQUEST	injecteur 9	6		request_8	1462967121405	1462967121422	OK	 
REQUEST	injecteur 6	8		request_5	1462967121407	1462967121424	OK	 
REQUEST	injecteur 7	2		request_6	1462967121408	1462967121426	OK	 
REQUEST	injecteur 3	3		request_2	1462967121410	1462967121428	OK	 
REQUEST	injecteur 5	10		request_4	1462967121411	1462967121429	OK	 
REQUEST	injecteur 8	4		request_7	1462967121413	1462967121431	OK	 
REQUEST	injecteur 1	7		request_0	1462967121417	1462967121435	OK	 
REQUEST	injecteur 10	5		request_9	1462967121415	1462967121438	OK	 
REQUEST	injecteur 2	9		request_1	1462967121418	1462967121440	OK	 
REQUEST	injecteur 9	6		request_8	1462967121422	1462967121440	OK	 
REQUEST	injecteur 4	1		request_3	1462967121421	1462967121441	OK	 
REQUEST	injecteur 6	8		request_5	1462967121425	1462967121441	OK	 
REQUEST	injecteur 7	2		request_6	1462967121427	1462967121443	OK	 
REQUEST	injecteur 3	3		request_2	1462967121428	1462967121445	OK	 
REQUEST	injecteur 5	10		request_4	1462967121430	1462967121446	OK	 
REQUEST	injecteur 8	4		request_7	1462967121432	1462967121448	OK	 
REQUEST	injecteur 1	7		request_0	1462967121436	1462967121451	OK	 
REQUEST	injecteur 10	5		request_9	1462967121439	1462967121453	OK	 
REQUEST	injecteur 2	9		request_1	1462967121440	1462967121455	OK	 
REQUEST	injecteur 9	6		request_8	1462967121440	1462967121456	OK	 
REQUEST	injecteur 6	8		request_5	1462967121442	1462967121458	OK	 
REQUEST	injecteur 8	4		request_7	1462967121449	1462967121460	OK	 
REQUEST	injecteur 4	1		request_3	1462967121442	1462967121463	OK	 
REQUEST	injecteur 7	2		request_6	1462967121444	1462967121465	OK	 
REQUEST	injecteur 3	3		request_2	1462967121445	1462967121467	OK	 
REQUEST	injecteur 5	10		request_4	1462967121447	1462967121469	OK	 
REQUEST	injecteur 1	7		request_0	1462967121452	1462967121470	OK	 
REQUEST	injecteur 10	5		request_9	1462967121454	1462967121473	OK	 
REQUEST	injecteur 2	9		request_1	1462967121455	1462967121474	OK	 
REQUEST	injecteur 9	6		request_8	1462967121457	1462967121476	OK	 
REQUEST	injecteur 8	4		request_7	1462967121461	1462967121478	OK	 
REQUEST	injecteur 6	8		request_5	1462967121459	1462967121481	OK	 
REQUEST	injecteur 4	1		request_3	1462967121464	1462967121482	OK	 
REQUEST	injecteur 7	2		request_6	1462967121465	1462967121484	OK	 
REQUEST	injecteur 3	3		request_2	1462967121467	1462967121486	OK	 
REQUEST	injecteur 5	10		request_4	1462967121469	1462967121488	OK	 
REQUEST	injecteur 1	7		request_0	1462967121471	1462967121489	OK	 
REQUEST	injecteur 10	5		request_9	1462967121473	1462967121491	OK	 
REQUEST	injecteur 2	9		request_1	1462967121475	1462967121493	OK	 
REQUEST	injecteur 8	4		request_7	1462967121478	1462967121494	OK	 
REQUEST	injecteur 9	6		request_8	1462967121476	1462967121497	OK	 
REQUEST	injecteur 6	8		request_5	1462967121482	1462967121501	OK	 
REQUEST	injecteur 4	1		request_3	1462967121483	1462967121502	OK	 
REQUEST	injecteur 7	2		request_6	1462967121485	1462967121504	OK	 
REQUEST	injecteur 3	3		request_2	1462967121487	1462967121506	OK	 
REQUEST	injecteur 5	10		request_4	1462967121488	1462967121507	OK	 
REQUEST	injecteur 1	7		request_0	1462967121490	1462967121509	OK	 
REQUEST	injecteur 10	5		request_9	1462967121492	1462967121518	OK	 
REQUEST	injecteur 3	3		request_2	1462967121506	1462967121526	OK	 
REQUEST	injecteur 1	7		request_0	1462967121510	1462967121534	OK	 
REQUEST	injecteur 3	3		request_2	1462967121527	1462967121538	OK	 
REQUEST	injecteur 8	4		request_7	1462967121495	1462967121534	OK	 
REQUEST	injecteur 9	6		request_8	1462967121498	1462967121542	OK	 
REQUEST	injecteur 6	8		request_5	1462967121501	1462967121543	OK	 
REQUEST	injecteur 1	7		request_0	1462967121535	1462967121544	OK	 
REQUEST	injecteur 2	9		request_1	1462967121493	1462967121545	OK	 
REQUEST	injecteur 7	2		request_6	1462967121505	1462967121545	OK	 
REQUEST	injecteur 5	10		request_4	1462967121508	1462967121546	OK	 
REQUEST	injecteur 4	1		request_3	1462967121503	1462967121546	OK	 
REQUEST	injecteur 3	3		request_2	1462967121539	1462967121548	OK	 
REQUEST	injecteur 1	7		request_0	1462967121545	1462967121553	OK	 
REQUEST	injecteur 9	6		request_8	1462967121542	1462967121562	OK	 
REQUEST	injecteur 6	8		request_5	1462967121544	1462967121564	OK	 
REQUEST	injecteur 1	7		request_0	1462967121554	1462967121565	OK	 
REQUEST	injecteur 10	5		request_9	1462967121544	1462967121568	OK	 
REQUEST	injecteur 2	9		request_1	1462967121545	1462967121570	OK	 
REQUEST	injecteur 7	2		request_6	1462967121545	1462967121571	OK	 
REQUEST	injecteur 4	1		request_3	1462967121547	1462967121573	OK	 
REQUEST	injecteur 5	10		request_4	1462967121547	1462967121576	OK	 
REQUEST	injecteur 3	3		request_2	1462967121548	1462967121579	OK	 
REQUEST	injecteur 1	7		request_0	1462967121565	1462967121584	OK	 
REQUEST	injecteur 3	3		request_2	1462967121580	1462967121587	OK	 
REQUEST	injecteur 9	6		request_8	1462967121563	1462967121591	OK	 
REQUEST	injecteur 6	8		request_5	1462967121565	1462967121593	OK	 
REQUEST	injecteur 7	2		request_6	1462967121572	1462967121599	OK	 
REQUEST	injecteur 1	7		request_0	1462967121584	1462967121605	OK	 
REQUEST	injecteur 5	10		request_4	1462967121577	1462967121606	OK	 
REQUEST	injecteur 3	3		request_2	1462967121588	1462967121609	OK	 
REQUEST	injecteur 10	5		request_9	1462967121569	1462967121613	OK	 
REQUEST	injecteur 2	9		request_1	1462967121570	1462967121614	OK	 
REQUEST	injecteur 9	6		request_8	1462967121592	1462967121615	OK	 
REQUEST	injecteur 4	1		request_3	1462967121574	1462967121616	OK	 
REQUEST	injecteur 6	8		request_5	1462967121594	1462967121619	OK	 
REQUEST	injecteur 7	2		request_6	1462967121599	1462967121620	OK	 
REQUEST	injecteur 1	7		request_0	1462967121606	1462967121631	OK	 
REQUEST	injecteur 3	3		request_2	1462967121610	1462967121634	OK	 
REQUEST	injecteur 5	10		request_4	1462967121607	1462967121636	OK	 
REQUEST	injecteur 8	4		request_7	1462967121542	1462967121639	OK	 
REQUEST	injecteur 10	5		request_9	1462967121613	1462967121643	OK	 
REQUEST	injecteur 2	9		request_1	1462967121615	1462967121645	OK	 
REQUEST	injecteur 9	6		request_8	1462967121616	1462967121646	OK	 
REQUEST	injecteur 4	1		request_3	1462967121618	1462967121649	OK	 
REQUEST	injecteur 6	8		request_5	1462967121619	1462967121651	OK	 
REQUEST	injecteur 7	2		request_6	1462967121621	1462967121654	OK	 
REQUEST	injecteur 1	7		request_0	1462967121632	1462967121662	OK	 
REQUEST	injecteur 5	10		request_4	1462967121637	1462967121664	OK	 
REQUEST	injecteur 3	3		request_2	1462967121634	1462967121666	OK	 
REQUEST	injecteur 10	5		request_9	1462967121644	1462967121666	OK	 
REQUEST	injecteur 8	4		request_7	1462967121640	1462967121668	OK	 
REQUEST	injecteur 2	9		request_1	1462967121645	1462967121669	OK	 
REQUEST	injecteur 9	6		request_8	1462967121647	1462967121671	OK	 
REQUEST	injecteur 4	1		request_3	1462967121649	1462967121675	OK	 
REQUEST	injecteur 9	6		request_8	1462967121672	1462967121682	OK	 
REQUEST	injecteur 6	8		request_5	1462967121651	1462967121685	OK	 
REQUEST	injecteur 7	2		request_6	1462967121655	1462967121689	OK	 
REQUEST	injecteur 5	10		request_4	1462967121665	1462967121694	OK	 
REQUEST	injecteur 10	5		request_9	1462967121666	1462967121700	OK	 
REQUEST	injecteur 1	7		request_0	1462967121663	1462967121702	OK	 
REQUEST	injecteur 3	3		request_2	1462967121666	1462967121703	OK	 
REQUEST	injecteur 2	9		request_1	1462967121670	1462967121704	OK	 
REQUEST	injecteur 9	6		request_8	1462967121682	1462967121706	OK	 
REQUEST	injecteur 6	8		request_5	1462967121686	1462967121709	OK	 
REQUEST	injecteur 8	4		request_7	1462967121668	1462967121712	OK	 
REQUEST	injecteur 7	2		request_6	1462967121690	1462967121712	OK	 
REQUEST	injecteur 5	10		request_4	1462967121695	1462967121716	OK	 
REQUEST	injecteur 4	1		request_3	1462967121676	1462967121719	OK	 
REQUEST	injecteur 10	5		request_9	1462967121701	1462967121721	OK	 
REQUEST	injecteur 1	7		request_0	1462967121702	1462967121722	OK	 
REQUEST	injecteur 9	6		request_8	1462967121706	1462967121724	OK	 
REQUEST	injecteur 6	8		request_5	1462967121710	1462967121727	OK	 
REQUEST	injecteur 5	10		request_4	1462967121716	1462967121736	OK	 
REQUEST	injecteur 3	3		request_2	1462967121704	1462967121739	OK	 
REQUEST	injecteur 2	9		request_1	1462967121704	1462967121741	OK	 
REQUEST	injecteur 7	2		request_6	1462967121713	1462967121744	OK	 
REQUEST	injecteur 8	4		request_7	1462967121713	1462967121747	OK	 
REQUEST	injecteur 4	1		request_3	1462967121719	1462967121747	OK	 
REQUEST	injecteur 10	5		request_9	1462967121721	1462967121749	OK	 
REQUEST	injecteur 9	6		request_8	1462967121725	1462967121751	OK	 
REQUEST	injecteur 6	8		request_5	1462967121728	1462967121756	OK	 
REQUEST	injecteur 5	10		request_4	1462967121736	1462967121759	OK	 
REQUEST	injecteur 7	2		request_6	1462967121745	1462967121763	OK	 
REQUEST	injecteur 1	7		request_0	1462967121723	1462967121766	OK	 
REQUEST	injecteur 3	3		request_2	1462967121740	1462967121768	OK	 
REQUEST	injecteur 2	9		request_1	1462967121741	1462967121770	OK	 
REQUEST	injecteur 4	1		request_3	1462967121747	1462967121773	OK	 
REQUEST	injecteur 9	6		request_8	1462967121752	1462967121775	OK	 
REQUEST	injecteur 6	8		request_5	1462967121756	1462967121778	OK	 
REQUEST	injecteur 8	4		request_7	1462967121747	1462967121781	OK	 
REQUEST	injecteur 5	10		request_4	1462967121760	1462967121781	OK	 
REQUEST	injecteur 7	2		request_6	1462967121764	1462967121785	OK	 
REQUEST	injecteur 10	5		request_9	1462967121750	1462967121788	OK	 
REQUEST	injecteur 1	7		request_0	1462967121767	1462967121789	OK	 
REQUEST	injecteur 3	3		request_2	1462967121769	1462967121791	OK	 
REQUEST	injecteur 2	9		request_1	1462967121770	1462967121793	OK	 
REQUEST	injecteur 9	6		request_8	1462967121775	1462967121794	OK	 
REQUEST	injecteur 6	8		request_5	1462967121779	1462967121798	OK	 
REQUEST	injecteur 7	2		request_6	1462967121785	1462967121801	OK	 
REQUEST	injecteur 4	1		request_3	1462967121774	1462967121804	OK	 
REQUEST	injecteur 5	10		request_4	1462967121782	1462967121808	OK	 
REQUEST	injecteur 10	5		request_9	1462967121788	1462967121811	OK	 
REQUEST	injecteur 1	7		request_0	1462967121790	1462967121812	OK	 
REQUEST	injecteur 3	3		request_2	1462967121792	1462967121814	OK	 
REQUEST	injecteur 8	4		request_7	1462967121782	1462967121816	OK	 
REQUEST	injecteur 9	6		request_8	1462967121795	1462967121816	OK	 
REQUEST	injecteur 6	8		request_5	1462967121798	1462967121818	OK	 
REQUEST	injecteur 7	2		request_6	1462967121802	1462967121822	OK	 
REQUEST	injecteur 5	10		request_4	1462967121808	1462967121827	OK	 
REQUEST	injecteur 2	9		request_1	1462967121793	1462967121831	OK	 
REQUEST	injecteur 4	1		request_3	1462967121805	1462967121832	OK	 
REQUEST	injecteur 10	5		request_9	1462967121811	1462967121834	OK	 
REQUEST	injecteur 1	7		request_0	1462967121813	1462967121836	OK	 
REQUEST	injecteur 6	8		request_5	1462967121819	1462967121838	OK	 
REQUEST	injecteur 7	2		request_6	1462967121822	1462967121841	OK	 
REQUEST	injecteur 5	10		request_4	1462967121827	1462967121846	OK	 
REQUEST	injecteur 3	3		request_2	1462967121814	1462967121849	OK	 
REQUEST	injecteur 9	6		request_8	1462967121816	1462967121854	OK	 
REQUEST	injecteur 2	9		request_1	1462967121831	1462967121859	OK	 
REQUEST	injecteur 8	4		request_7	1462967121816	1462967121860	OK	 
REQUEST	injecteur 4	1		request_3	1462967121833	1462967121860	OK	 
REQUEST	injecteur 10	5		request_9	1462967121835	1462967121862	OK	 
REQUEST	injecteur 6	8		request_5	1462967121838	1462967121864	OK	 
REQUEST	injecteur 7	2		request_6	1462967121843	1462967121866	OK	 
REQUEST	injecteur 5	10		request_4	1462967121846	1462967121870	OK	 
REQUEST	injecteur 1	7		request_0	1462967121837	1462967121871	OK	 
REQUEST	injecteur 3	3		request_2	1462967121850	1462967121874	OK	 
REQUEST	injecteur 9	6		request_8	1462967121854	1462967121877	OK	 
REQUEST	injecteur 2	9		request_1	1462967121859	1462967121879	OK	 
REQUEST	injecteur 4	1		request_3	1462967121861	1462967121881	OK	 
REQUEST	injecteur 8	4		request_7	1462967121861	1462967121883	OK	 
REQUEST	injecteur 10	5		request_9	1462967121863	1462967121886	OK	 
REQUEST	injecteur 6	8		request_5	1462967121865	1462967121888	OK	 
REQUEST	injecteur 7	2		request_6	1462967121867	1462967121890	OK	 
REQUEST	injecteur 5	10		request_4	1462967121870	1462967121892	OK	 
REQUEST	injecteur 1	7		request_0	1462967121872	1462967121893	OK	 
REQUEST	injecteur 9	6		request_8	1462967121878	1462967121899	OK	 
REQUEST	injecteur 9	6		request_8	1462967121900	1462967121904	OK	 
REQUEST	injecteur 3	3		request_2	1462967121875	1462967121907	OK	 
REQUEST	injecteur 2	9		request_1	1462967121879	1462967121910	OK	 
REQUEST	injecteur 4	1		request_3	1462967121882	1462967121911	OK	 
REQUEST	injecteur 6	8		request_5	1462967121888	1462967121913	OK	 
REQUEST	injecteur 8	4		request_7	1462967121884	1462967121916	OK	 
REQUEST	injecteur 7	2		request_6	1462967121890	1462967121917	OK	 
REQUEST	injecteur 10	5		request_9	1462967121886	1462967121919	OK	 
REQUEST	injecteur 5	10		request_4	1462967121892	1462967121927	OK	 
REQUEST	injecteur 9	6		request_8	1462967121905	1462967121930	OK	 
REQUEST	injecteur 6	8		request_5	1462967121914	1462967121931	OK	 
REQUEST	injecteur 7	2		request_6	1462967121918	1462967121933	OK	 
REQUEST	injecteur 1	7		request_0	1462967121894	1462967121936	OK	 
REQUEST	injecteur 2	9		request_1	1462967121910	1462967121937	OK	 
REQUEST	injecteur 3	3		request_2	1462967121908	1462967121938	OK	 
REQUEST	injecteur 4	1		request_3	1462967121912	1462967121943	OK	 
REQUEST	injecteur 8	4		request_7	1462967121917	1462967121947	OK	 
REQUEST	injecteur 10	5		request_9	1462967121919	1462967121949	OK	 
REQUEST	injecteur 4	1		request_3	1462967121943	1462967121951	OK	 
REQUEST	injecteur 5	10		request_4	1462967121928	1462967121953	OK	 
REQUEST	injecteur 9	6		request_8	1462967121930	1462967121955	OK	 
REQUEST	injecteur 6	8		request_5	1462967121932	1462967121957	OK	 
REQUEST	injecteur 7	2		request_6	1462967121933	1462967121958	OK	 
REQUEST	injecteur 1	7		request_0	1462967121937	1462967121960	OK	 
REQUEST	injecteur 3	3		request_2	1462967121938	1462967121961	OK	 
REQUEST	injecteur 2	9		request_1	1462967121938	1462967121963	OK	 
REQUEST	injecteur 8	4		request_7	1462967121948	1462967121966	OK	 
REQUEST	injecteur 10	5		request_9	1462967121950	1462967121968	OK	 
REQUEST	injecteur 4	1		request_3	1462967121952	1462967121970	OK	 
REQUEST	injecteur 5	10		request_4	1462967121954	1462967121972	OK	 
REQUEST	injecteur 9	6		request_8	1462967121956	1462967121974	OK	 
REQUEST	injecteur 6	8		request_5	1462967121957	1462967121975	OK	 
REQUEST	injecteur 7	2		request_6	1462967121959	1462967121977	OK	 
REQUEST	injecteur 1	7		request_0	1462967121960	1462967121979	OK	 
REQUEST	injecteur 3	3		request_2	1462967121962	1462967121980	OK	 
REQUEST	injecteur 2	9		request_1	1462967121964	1462967121983	OK	 
REQUEST	injecteur 8	4		request_7	1462967121967	1462967121985	OK	 
REQUEST	injecteur 10	5		request_9	1462967121969	1462967121987	OK	 
REQUEST	injecteur 4	1		request_3	1462967121971	1462967121988	OK	 
REQUEST	injecteur 5	10		request_4	1462967121973	1462967121990	OK	 
REQUEST	injecteur 9	6		request_8	1462967121974	1462967121992	OK	 
REQUEST	injecteur 6	8		request_5	1462967121976	1462967121994	OK	 
REQUEST	injecteur 7	2		request_6	1462967121978	1462967121996	OK	 
REQUEST	injecteur 1	7		request_0	1462967121979	1462967121997	OK	 
REQUEST	injecteur 3	3		request_2	1462967121981	1462967122004	OK	 
REQUEST	injecteur 2	9		request_1	1462967121984	1462967122006	OK	 
REQUEST	injecteur 8	4		request_7	1462967121986	1462967122009	OK	 
REQUEST	injecteur 10	5		request_9	1462967121988	1462967122011	OK	 
REQUEST	injecteur 4	1		request_3	1462967121989	1462967122014	OK	 
REQUEST	injecteur 5	10		request_4	1462967121991	1462967122016	OK	 
REQUEST	injecteur 9	6		request_8	1462967121992	1462967122018	OK	 
REQUEST	injecteur 6	8		request_5	1462967121994	1462967122020	OK	 
REQUEST	injecteur 7	2		request_6	1462967121996	1462967122021	OK	 
REQUEST	injecteur 2	9		request_1	1462967122007	1462967122025	OK	 
REQUEST	injecteur 8	4		request_7	1462967122010	1462967122026	OK	 
REQUEST	injecteur 10	5		request_9	1462967122011	1462967122028	OK	 
REQUEST	injecteur 4	1		request_3	1462967122014	1462967122030	OK	 
REQUEST	injecteur 5	10		request_4	1462967122017	1462967122033	OK	 
REQUEST	injecteur 9	6		request_8	1462967122018	1462967122035	OK	 
REQUEST	injecteur 6	8		request_5	1462967122020	1462967122037	OK	 
REQUEST	injecteur 7	2		request_6	1462967122022	1462967122039	OK	 
REQUEST	injecteur 2	9		request_1	1462967122025	1462967122042	OK	 
REQUEST	injecteur 8	4		request_7	1462967122027	1462967122043	OK	 
REQUEST	injecteur 10	5		request_9	1462967122029	1462967122045	OK	 
REQUEST	injecteur 4	1		request_3	1462967122030	1462967122047	OK	 
REQUEST	injecteur 5	10		request_4	1462967122034	1462967122049	OK	 
REQUEST	injecteur 9	6		request_8	1462967122035	1462967122051	OK	 
REQUEST	injecteur 6	8		request_5	1462967122037	1462967122054	OK	 
REQUEST	injecteur 7	2		request_6	1462967122040	1462967122058	OK	 
REQUEST	injecteur 2	9		request_1	1462967122042	1462967122061	OK	 
REQUEST	injecteur 8	4		request_7	1462967122044	1462967122061	OK	 
REQUEST	injecteur 10	5		request_9	1462967122046	1462967122064	OK	 
REQUEST	injecteur 4	1		request_3	1462967122048	1462967122066	OK	 
REQUEST	injecteur 5	10		request_4	1462967122050	1462967122068	OK	 
REQUEST	injecteur 9	6		request_8	1462967122052	1462967122071	OK	 
REQUEST	injecteur 6	8		request_5	1462967122055	1462967122073	OK	 
REQUEST	injecteur 7	2		request_6	1462967122058	1462967122076	OK	 
REQUEST	injecteur 2	9		request_1	1462967122062	1462967122078	OK	 
REQUEST	injecteur 8	4		request_7	1462967122062	1462967122080	OK	 
REQUEST	injecteur 10	5		request_9	1462967122065	1462967122082	OK	 
REQUEST	injecteur 4	1		request_3	1462967122067	1462967122084	OK	 
REQUEST	injecteur 5	10		request_4	1462967122069	1462967122086	OK	 
REQUEST	injecteur 6	8		request_5	1462967122074	1462967122088	OK	 
REQUEST	injecteur 7	2		request_6	1462967122077	1462967122091	OK	 
REQUEST	injecteur 2	9		request_1	1462967122079	1462967122092	OK	 
REQUEST	injecteur 8	4		request_7	1462967122081	1462967122093	OK	 
REQUEST	injecteur 10	5		request_9	1462967122083	1462967122095	OK	 
REQUEST	injecteur 4	1		request_3	1462967122085	1462967122096	OK	 
REQUEST	injecteur 5	10		request_4	1462967122086	1462967122098	OK	 
REQUEST	injecteur 2	9		request_1	1462967122093	1462967122100	OK	 
REQUEST	injecteur 8	4		request_7	1462967122094	1462967122102	OK	 
REQUEST	injecteur 10	5		request_9	1462967122095	1462967122103	OK	 
REQUEST	injecteur 4	1		request_3	1462967122097	1462967122105	OK	 
REQUEST	injecteur 2	9		request_1	1462967122101	1462967122107	OK	 
REQUEST	injecteur 8	4		request_7	1462967122102	1462967122108	OK	 
REQUEST	injecteur 10	5		request_9	1462967122104	1462967122110	OK	 
REQUEST	injecteur 4	1		request_3	1462967122106	1462967122112	OK	 
REQUEST	injecteur 2	9		request_1	1462967122107	1462967122114	OK	 
REQUEST	injecteur 8	4		request_7	1462967122109	1462967122116	OK	 
REQUEST	injecteur 4	1		request_3	1462967122113	1462967122118	OK	 
REQUEST	injecteur 2	9		request_1	1462967122114	1462967122119	OK	 
REQUEST	injecteur 8	4		request_7	1462967122116	1462967122122	OK	 
REQUEST	injecteur 2	9		request_1	1462967122120	1462967122125	OK	 
REQUEST	injecteur 8	4		request_7	1462967122122	1462967122127	OK	 
REQUEST	injecteur 8	4		request_7	1462967122128	1462967122130	OK	 
REQUEST	injecteur 1	7		Sensor_Synthesis_Check 0	1462967122958	1462967124002	KO	j.n.ConnectException: Connection refused: no further information: localhost/127.0.0.1:8080
REQUEST	injecteur 3	3		Sensor_Synthesis_Check 2	1462967122950	1462967124002	KO	j.n.ConnectException: Connection refused: no further information: localhost/127.0.0.1:8080
REQUEST	injecteur 7	2		Sensor_Synthesis_Check 6	1462967123047	1462967124050	KO	j.n.ConnectException: Connection refused: no further information: localhost/127.0.0.1:8080
REQUEST	injecteur 9	6		Sensor_Synthesis_Check 8	1462967123047	1462967124050	KO	j.n.ConnectException: Connection refused: no further information: localhost/127.0.0.1:8080
REQUEST	injecteur 4	1		Sensor_Synthesis_Check 3	1462967123047	1462967124051	KO	j.n.ConnectException: Connection refused: no further information: localhost/127.0.0.1:8080
REQUEST	injecteur 8	4		Sensor_Synthesis_Check 7	1462967123049	1462967124051	KO	j.n.ConnectException: Connection refused: no further information: localhost/127.0.0.1:8080
REQUEST	injecteur 10	5		Sensor_Synthesis_Check 9	1462967123069	1462967124071	KO	j.n.ConnectException: Connection refused: no further information: localhost/127.0.0.1:8080
REQUEST	injecteur 6	8		Sensor_Synthesis_Check 5	1462967123069	1462967124077	KO	j.n.ConnectException: Connection refused: no further information: localhost/127.0.0.1:8080
REQUEST	injecteur 2	9		Sensor_Synthesis_Check 1	1462967123079	1462967124088	KO	j.n.ConnectException: Connection refused: no further information: localhost/127.0.0.1:8080
REQUEST	injecteur 5	10		Sensor_Synthesis_Check 4	1462967123069	1462967124088	KO	j.n.ConnectException: Connection refused: no further information: localhost/127.0.0.1:8080
REQUEST	injecteur 1	7		request_0	1462967124031	1462967125031	KO	j.n.ConnectException: Connection refused: no further information: localhost/127.0.0.1:8080
REQUEST	injecteur 3	3		request_2	1462967124031	1462967125030	KO	j.n.ConnectException: Connection refused: no further information: localhost/127.0.0.1:8080
REQUEST	injecteur 7	2		request_6	1462967124052	1462967125060	KO	j.n.ConnectException: Connection refused: no further information: localhost/127.0.0.1:8080
REQUEST	injecteur 4	1		request_3	1462967124055	1462967125075	KO	j.n.ConnectException: Connection refused: no further information: localhost/127.0.0.1:8080
REQUEST	injecteur 9	6		request_8	1462967124057	1462967125077	KO	j.n.ConnectException: Connection refused: no further information: localhost/127.0.0.1:8080
REQUEST	injecteur 8	4		request_7	1462967124057	1462967125081	KO	j.n.ConnectException: Connection refused: no further information: localhost/127.0.0.1:8080
REQUEST	injecteur 10	5		request_9	1462967124073	1462967125083	KO	j.n.ConnectException: Connection refused: no further information: localhost/127.0.0.1:8080
REQUEST	injecteur 5	10		request_4	1462967124100	1462967125105	KO	j.n.ConnectException: Connection refused: no further information: localhost/127.0.0.1:8080
REQUEST	injecteur 2	9		request_1	1462967124094	1462967125108	KO	j.n.ConnectException: Connection refused: no further information: localhost/127.0.0.1:8080
REQUEST	injecteur 6	8		request_5	1462967124092	1462967125115	KO	j.n.ConnectException: Connection refused: no further information: localhost/127.0.0.1:8080
REQUEST	injecteur 3	3		request_2	1462967125032	1462967126037	KO	j.n.ConnectException: Connection refused: no further information: localhost/127.0.0.1:8080
REQUEST	injecteur 1	7		request_0	1462967125032	1462967126044	KO	j.n.ConnectException: Connection refused: no further information: localhost/127.0.0.1:8080
REQUEST	injecteur 7	2		request_6	1462967125062	1462967126074	KO	j.n.ConnectException: Connection refused: no further information: localhost/127.0.0.1:8080
REQUEST	injecteur 9	6		request_8	1462967125078	1462967126084	KO	j.n.ConnectException: Connection refused: no further information: localhost/127.0.0.1:8080
REQUEST	injecteur 4	1		request_3	1462967125076	1462967126084	KO	j.n.ConnectException: Connection refused: no further information: localhost/127.0.0.1:8080
REQUEST	injecteur 10	5		request_9	1462967125084	1462967126094	KO	j.n.ConnectException: Connection refused: no further information: localhost/127.0.0.1:8080
REQUEST	injecteur 8	4		request_7	1462967125081	1462967126104	KO	j.n.ConnectException: Connection refused: no further information: localhost/127.0.0.1:8080
REQUEST	injecteur 2	9		request_1	1462967125109	1462967126114	KO	j.n.ConnectException: Connection refused: no further information: localhost/127.0.0.1:8080
REQUEST	injecteur 5	10		request_4	1462967125109	1462967126114	KO	j.n.ConnectException: Connection refused: no further information: localhost/127.0.0.1:8080
REQUEST	injecteur 6	8		request_5	1462967125115	1462967126117	KO	j.n.ConnectException: Connection refused: no further information: localhost/127.0.0.1:8080
REQUEST	injecteur 3	3		request_2	1462967126038	1462967127046	KO	j.n.ConnectException: Connection refused: no further information: localhost/127.0.0.1:8080
REQUEST	injecteur 1	7		request_0	1462967126045	1462967127046	KO	j.n.ConnectException: Connection refused: no further information: localhost/127.0.0.1:8080
REQUEST	injecteur 7	2		request_6	1462967126075	1462967127076	KO	j.n.ConnectException: Connection refused: no further information: localhost/127.0.0.1:8080
REQUEST	injecteur 9	6		request_8	1462967126085	1462967127097	KO	j.n.ConnectException: Connection refused: no further information: localhost/127.0.0.1:8080
REQUEST	injecteur 4	1		request_3	1462967126088	1462967127097	KO	j.n.ConnectException: Connection refused: no further information: localhost/127.0.0.1:8080
REQUEST	injecteur 8	4		request_7	1462967126105	1462967127107	KO	j.n.ConnectException: Connection refused: no further information: localhost/127.0.0.1:8080
REQUEST	injecteur 10	5		request_9	1462967126095	1462967127109	KO	j.n.ConnectException: Connection refused: no further information: localhost/127.0.0.1:8080
REQUEST	injecteur 5	10		request_4	1462967126115	1462967127119	KO	j.n.ConnectException: Connection refused: no further information: localhost/127.0.0.1:8080
