ASSERTION	AAMBAAMDBABk
RUN	Injections		injections	1461851314757	 	2.0
USER	injecteur 4	1	START	1461851315835	1461851315835
USER	injecteur 7	2	START	1461851315893	1461851315893
USER	injecteur 3	3	START	1461851315896	1461851315896
USER	injecteur 8	4	START	1461851315898	1461851315898
USER	injecteur 10	5	START	1461851315901	1461851315901
USER	injecteur 9	6	START	1461851315903	1461851315903
USER	injecteur 1	7	START	1461851315905	1461851315905
USER	injecteur 6	8	START	1461851315908	1461851315908
USER	injecteur 2	9	START	1461851315910	1461851315910
USER	injecteur 5	10	START	1461851315911	1461851315911
REQUEST	injecteur 3	3		request_3	1461851315897	1461851316031	KO	status.find.is(200), but actually found 400
REQUEST	injecteur 6	8		request_6	1461851315908	1461851316054	KO	status.find.is(200), but actually found 400
REQUEST	injecteur 9	6		request_9	1461851315904	1461851316032	KO	status.find.is(200), but actually found 400
REQUEST	injecteur 1	7		request_1	1461851315906	1461851316036	KO	status.find.is(200), but actually found 400
REQUEST	injecteur 7	2		request_7	1461851315894	1461851316027	KO	status.find.is(200), but actually found 400
REQUEST	injecteur 8	4		request_8	1461851315899	1461851316009	KO	status.find.is(200), but actually found 400
REQUEST	injecteur 10	5		request_10	1461851315902	1461851316041	KO	status.find.is(200), but actually found 400
REQUEST	injecteur 3	3		request_3	1461851316066	1461851316081	KO	status.find.is(200), but actually found 400
REQUEST	injecteur 6	8		request_6	1461851316072	1461851316085	KO	status.find.is(200), but actually found 400
REQUEST	injecteur 5	10		request_5	1461851315912	1461851316090	KO	status.find.is(200), but actually found 400
REQUEST	injecteur 4	1		request_4	1461851315885	1461851315970	KO	status.find.is(200), but actually found 400
REQUEST	injecteur 9	6		request_9	1461851316075	1461851316098	KO	status.find.is(200), but actually found 400
REQUEST	injecteur 1	7		request_1	1461851316086	1461851316117	KO	status.find.is(200), but actually found 400
REQUEST	injecteur 8	4		request_8	1461851316095	1461851316132	KO	status.find.is(200), but actually found 400
REQUEST	injecteur 7	2		request_7	1461851316088	1461851316133	KO	status.find.is(200), but actually found 400
REQUEST	injecteur 10	5		request_10	1461851316101	1461851316135	KO	status.find.is(200), but actually found 400
REQUEST	injecteur 2	9		request_2	1461851315910	1461851316139	KO	status.find.is(200), but actually found 400
REQUEST	injecteur 3	3		request_3	1461851316113	1461851316168	KO	status.find.is(200), but actually found 400
REQUEST	injecteur 6	8		request_6	1461851316119	1461851316172	KO	status.find.is(200), but actually found 400
REQUEST	injecteur 5	10		request_5	1461851316127	1461851316175	KO	status.find.is(200), but actually found 400
REQUEST	injecteur 9	6		request_9	1461851316146	1461851316214	KO	status.find.is(200), but actually found 400
REQUEST	injecteur 1	7		request_1	1461851316150	1461851316215	KO	status.find.is(200), but actually found 400
REQUEST	injecteur 7	2		request_7	1461851316157	1461851316222	KO	status.find.is(200), but actually found 400
REQUEST	injecteur 8	4		request_8	1461851316155	1461851316222	KO	status.find.is(200), but actually found 400
REQUEST	injecteur 10	5		request_10	1461851316182	1461851316237	KO	status.find.is(200), but actually found 400
REQUEST	injecteur 4	1		request_4	1461851316137	1461851316241	KO	status.find.is(200), but actually found 400
REQUEST	injecteur 3	3		request_3	1461851316208	1461851316264	KO	status.find.is(200), but actually found 400
REQUEST	injecteur 1	7		request_1	1461851316217	1461851316268	KO	status.find.is(200), but actually found 400
REQUEST	injecteur 8	4		request_8	1461851316225	1461851316270	KO	status.find.is(200), but actually found 400
REQUEST	injecteur 5	10		request_5	1461851316215	1461851316284	KO	status.find.is(200), but actually found 400
REQUEST	injecteur 9	6		request_9	1461851316217	1461851316285	KO	status.find.is(200), but actually found 400
REQUEST	injecteur 6	8		request_6	1461851316211	1461851316282	KO	status.find.is(200), but actually found 400
REQUEST	injecteur 7	2		request_7	1461851316223	1461851316289	KO	status.find.is(200), but actually found 400
REQUEST	injecteur 2	9		request_2	1461851316208	1461851316326	KO	status.find.is(200), but actually found 400
REQUEST	injecteur 4	1		request_4	1461851316246	1461851316333	KO	status.find.is(200), but actually found 400
REQUEST	injecteur 10	5		request_10	1461851316239	1461851316329	KO	status.find.is(200), but actually found 400
REQUEST	injecteur 3	3		request_3	1461851316267	1461851316344	KO	status.find.is(200), but actually found 400
REQUEST	injecteur 1	7		request_1	1461851316270	1461851316348	KO	status.find.is(200), but actually found 400
REQUEST	injecteur 8	4		request_8	1461851316271	1461851316355	KO	status.find.is(200), but actually found 400
REQUEST	injecteur 5	10		request_5	1461851316287	1461851316377	KO	status.find.is(200), but actually found 400
REQUEST	injecteur 9	6		request_9	1461851316291	1461851316378	KO	status.find.is(200), but actually found 400
REQUEST	injecteur 7	2		request_7	1461851316296	1461851316387	KO	status.find.is(200), but actually found 400
REQUEST	injecteur 6	8		request_6	1461851316294	1461851316388	KO	status.find.is(200), but actually found 400
REQUEST	injecteur 3	3		request_3	1461851316346	1461851316417	KO	status.find.is(200), but actually found 400
REQUEST	injecteur 1	7		request_1	1461851316350	1461851316422	KO	status.find.is(200), but actually found 400
REQUEST	injecteur 2	9		request_2	1461851316331	1461851316419	KO	status.find.is(200), but actually found 400
REQUEST	injecteur 10	5		request_10	1461851316344	1461851316424	KO	status.find.is(200), but actually found 400
REQUEST	injecteur 8	4		request_8	1461851316357	1461851316427	KO	status.find.is(200), but actually found 400
REQUEST	injecteur 4	1		request_4	1461851316336	1461851316437	KO	status.find.is(200), but actually found 400
REQUEST	injecteur 5	10		request_5	1461851316386	1461851316462	KO	status.find.is(200), but actually found 400
REQUEST	injecteur 9	6		request_9	1461851316397	1461851316464	KO	status.find.is(200), but actually found 400
REQUEST	injecteur 7	2		request_7	1461851316402	1461851316472	KO	status.find.is(200), but actually found 400
REQUEST	injecteur 3	3		request_3	1461851316419	1461851316495	KO	status.find.is(200), but actually found 400
REQUEST	injecteur 1	7		request_1	1461851316424	1461851316496	KO	status.find.is(200), but actually found 400
REQUEST	injecteur 2	9		request_2	1461851316435	1461851316505	KO	status.find.is(200), but actually found 400
REQUEST	injecteur 6	8		request_6	1461851316407	1461851316494	KO	status.find.is(200), but actually found 400
REQUEST	injecteur 10	5		request_10	1461851316440	1461851316526	KO	status.find.is(200), but actually found 400
REQUEST	injecteur 8	4		request_8	1461851316444	1461851316527	KO	status.find.is(200), but actually found 400
REQUEST	injecteur 5	10		request_5	1461851316466	1461851316529	KO	status.find.is(200), but actually found 400
REQUEST	injecteur 9	6		request_9	1461851316477	1461851316531	KO	status.find.is(200), but actually found 400
REQUEST	injecteur 4	1		request_4	1461851316454	1461851316537	KO	status.find.is(200), but actually found 400
REQUEST	injecteur 7	2		request_7	1461851316480	1461851316548	KO	status.find.is(200), but actually found 400
REQUEST	injecteur 3	3		request_3	1461851316497	1461851316566	KO	status.find.is(200), but actually found 400
REQUEST	injecteur 1	7		request_1	1461851316500	1461851316567	KO	status.find.is(200), but actually found 400
REQUEST	injecteur 2	9		request_2	1461851316511	1461851316580	KO	status.find.is(200), but actually found 400
REQUEST	injecteur 6	8		request_6	1461851316515	1461851316592	KO	status.find.is(200), but actually found 400
REQUEST	injecteur 8	4		request_8	1461851316542	1461851316621	KO	status.find.is(200), but actually found 400
REQUEST	injecteur 10	5		request_10	1461851316543	1461851316622	KO	status.find.is(200), but actually found 400
REQUEST	injecteur 5	10		request_5	1461851316546	1461851316623	KO	status.find.is(200), but actually found 400
REQUEST	injecteur 9	6		request_9	1461851316550	1461851316628	KO	status.find.is(200), but actually found 400
REQUEST	injecteur 3	3		request_3	1461851316568	1461851316635	KO	status.find.is(200), but actually found 400
REQUEST	injecteur 1	7		request_1	1461851316572	1461851316635	KO	status.find.is(200), but actually found 400
REQUEST	injecteur 7	2		request_7	1461851316560	1461851316640	KO	status.find.is(200), but actually found 400
REQUEST	injecteur 4	1		request_4	1461851316556	1461851316635	KO	status.find.is(200), but actually found 400
REQUEST	injecteur 2	9		request_2	1461851316582	1461851316675	KO	status.find.is(200), but actually found 400
REQUEST	injecteur 6	8		request_6	1461851316594	1461851316677	KO	status.find.is(200), but actually found 400
REQUEST	injecteur 8	4		request_8	1461851316623	1461851316692	KO	status.find.is(200), but actually found 400
REQUEST	injecteur 10	5		request_10	1461851316637	1461851316712	KO	status.find.is(200), but actually found 400
REQUEST	injecteur 5	10		request_5	1461851316639	1461851316713	KO	status.find.is(200), but actually found 400
REQUEST	injecteur 9	6		request_9	1461851316643	1461851316716	KO	status.find.is(200), but actually found 400
REQUEST	injecteur 4	1		request_4	1461851316666	1461851316718	KO	status.find.is(200), but actually found 400
REQUEST	injecteur 7	2		request_7	1461851316653	1461851316719	KO	status.find.is(200), but actually found 400
REQUEST	injecteur 3	3		request_3	1461851316647	1461851316738	KO	status.find.is(200), but actually found 400
REQUEST	injecteur 1	7		request_1	1461851316649	1461851316739	KO	status.find.is(200), but actually found 400
REQUEST	injecteur 6	8		request_6	1461851316683	1461851316758	KO	status.find.is(200), but actually found 400
REQUEST	injecteur 8	4		request_8	1461851316694	1461851316764	KO	status.find.is(200), but actually found 400
REQUEST	injecteur 2	9		request_2	1461851316681	1461851316772	KO	status.find.is(200), but actually found 400
REQUEST	injecteur 10	5		request_10	1461851316714	1461851316787	KO	status.find.is(200), but actually found 400
REQUEST	injecteur 4	1		request_4	1461851316721	1461851316789	KO	status.find.is(200), but actually found 400
REQUEST	injecteur 5	10		request_5	1461851316718	1461851316805	KO	status.find.is(200), but actually found 400
REQUEST	injecteur 9	6		request_9	1461851316721	1461851316806	KO	status.find.is(200), but actually found 400
REQUEST	injecteur 7	2		request_7	1461851316725	1461851316813	KO	status.find.is(200), but actually found 400
REQUEST	injecteur 3	3		request_3	1461851316743	1461851316822	KO	status.find.is(200), but actually found 400
REQUEST	injecteur 1	7		request_1	1461851316743	1461851316823	KO	status.find.is(200), but actually found 400
REQUEST	injecteur 6	8		request_6	1461851316762	1461851316828	KO	status.find.is(200), but actually found 400
REQUEST	injecteur 8	4		request_8	1461851316776	1461851316842	KO	status.find.is(200), but actually found 400
REQUEST	injecteur 2	9		request_2	1461851316780	1461851316843	KO	status.find.is(200), but actually found 400
REQUEST	injecteur 10	5		request_10	1461851316790	1461851316849	KO	status.find.is(200), but actually found 400
REQUEST	injecteur 4	1		request_4	1461851316794	1461851316860	KO	status.find.is(200), but actually found 400
REQUEST	injecteur 5	10		request_5	1461851316811	1461851316872	KO	status.find.is(200), but actually found 400
REQUEST	injecteur 9	6		request_9	1461851316812	1461851316873	KO	status.find.is(200), but actually found 400
REQUEST	injecteur 7	2		request_7	1461851316815	1461851316879	KO	status.find.is(200), but actually found 400
REQUEST	injecteur 6	8		request_6	1461851316830	1461851316880	KO	status.find.is(200), but actually found 400
REQUEST	injecteur 3	3		request_3	1461851316824	1461851316884	KO	status.find.is(200), but actually found 400
REQUEST	injecteur 1	7		request_1	1461851316825	1461851316884	KO	status.find.is(200), but actually found 400
REQUEST	injecteur 8	4		request_8	1461851316844	1461851316901	KO	status.find.is(200), but actually found 400
REQUEST	injecteur 2	9		request_2	1461851316858	1461851316903	KO	status.find.is(200), but actually found 400
REQUEST	injecteur 10	5		request_10	1461851316863	1461851316918	KO	status.find.is(200), but actually found 400
REQUEST	injecteur 4	1		request_4	1461851316866	1461851316920	KO	status.find.is(200), but actually found 400
REQUEST	injecteur 5	10		request_5	1461851316877	1461851316924	KO	status.find.is(200), but actually found 400
REQUEST	injecteur 9	6		request_9	1461851316882	1461851316943	KO	status.find.is(200), but actually found 400
REQUEST	injecteur 8	4		request_8	1461851316904	1461851316947	KO	status.find.is(200), but actually found 400
REQUEST	injecteur 7	2		request_7	1461851316885	1461851316945	KO	status.find.is(200), but actually found 400
REQUEST	injecteur 6	8		request_6	1461851316890	1461851316949	KO	status.find.is(200), but actually found 400
REQUEST	injecteur 3	3		request_3	1461851316887	1461851316952	KO	status.find.is(200), but actually found 400
REQUEST	injecteur 1	7		request_1	1461851316889	1461851316953	KO	status.find.is(200), but actually found 400
REQUEST	injecteur 2	9		request_2	1461851316906	1461851316960	KO	status.find.is(200), but actually found 400
REQUEST	injecteur 10	5		request_10	1461851316921	1461851316984	KO	status.find.is(200), but actually found 400
REQUEST	injecteur 4	1		request_4	1461851316923	1461851316989	KO	status.find.is(200), but actually found 400
REQUEST	injecteur 5	10		request_5	1461851316936	1461851316987	KO	status.find.is(200), but actually found 400
REQUEST	injecteur 8	4		request_8	1461851316951	1461851317010	KO	status.find.is(200), but actually found 400
REQUEST	injecteur 7	2		request_7	1461851316954	1461851317019	KO	status.find.is(200), but actually found 400
REQUEST	injecteur 9	6		request_9	1461851316947	1461851317020	KO	status.find.is(200), but actually found 400
REQUEST	injecteur 6	8		request_6	1461851316957	1461851317021	KO	status.find.is(200), but actually found 400
REQUEST	injecteur 2	9		request_2	1461851316977	1461851317038	KO	status.find.is(200), but actually found 400
REQUEST	injecteur 3	3		request_3	1461851316966	1461851317039	KO	status.find.is(200), but actually found 400
REQUEST	injecteur 1	7		request_1	1461851316969	1461851317044	KO	status.find.is(200), but actually found 400
REQUEST	injecteur 5	10		request_5	1461851317017	1461851317066	KO	status.find.is(200), but actually found 400
REQUEST	injecteur 4	1		request_4	1461851317010	1461851317067	KO	status.find.is(200), but actually found 400
REQUEST	injecteur 10	5		request_10	1461851317008	1461851317064	KO	status.find.is(200), but actually found 400
REQUEST	injecteur 8	4		request_8	1461851317017	1461851317075	KO	status.find.is(200), but actually found 400
REQUEST	injecteur 7	2		request_7	1461851317024	1461851317099	KO	status.find.is(200), but actually found 400
REQUEST	injecteur 3	3		request_3	1461851317041	1461851317102	KO	status.find.is(200), but actually found 400
REQUEST	injecteur 1	7		request_1	1461851317045	1461851317103	KO	status.find.is(200), but actually found 400
REQUEST	injecteur 9	6		request_9	1461851317027	1461851317102	KO	status.find.is(200), but actually found 400
REQUEST	injecteur 6	8		request_6	1461851317030	1461851317106	KO	status.find.is(200), but actually found 400
REQUEST	injecteur 2	9		request_2	1461851317047	1461851317117	KO	status.find.is(200), but actually found 400
REQUEST	injecteur 5	10		request_5	1461851317068	1461851317127	KO	status.find.is(200), but actually found 400
REQUEST	injecteur 4	1		request_4	1461851317085	1461851317138	KO	status.find.is(200), but actually found 400
REQUEST	injecteur 10	5		request_10	1461851317089	1461851317139	KO	status.find.is(200), but actually found 400
REQUEST	injecteur 8	4		request_8	1461851317089	1461851317139	KO	status.find.is(200), but actually found 400
REQUEST	injecteur 3	3		request_3	1461851317104	1461851317143	KO	status.find.is(200), but actually found 400
REQUEST	injecteur 7	2		request_7	1461851317101	1461851317146	KO	status.find.is(200), but actually found 400
REQUEST	injecteur 1	7		request_1	1461851317106	1461851317160	KO	status.find.is(200), but actually found 400
REQUEST	injecteur 9	6		request_9	1461851317111	1461851317161	KO	status.find.is(200), but actually found 400
REQUEST	injecteur 6	8		request_6	1461851317115	1461851317163	KO	status.find.is(200), but actually found 400
REQUEST	injecteur 2	9		request_2	1461851317119	1461851317165	KO	status.find.is(200), but actually found 400
REQUEST	injecteur 5	10		request_5	1461851317129	1461851317168	KO	status.find.is(200), but actually found 400
REQUEST	injecteur 4	1		request_4	1461851317140	1461851317185	KO	status.find.is(200), but actually found 400
REQUEST	injecteur 10	5		request_10	1461851317141	1461851317185	KO	status.find.is(200), but actually found 400
REQUEST	injecteur 8	4		request_8	1461851317143	1461851317186	KO	status.find.is(200), but actually found 400
REQUEST	injecteur 3	3		request_3	1461851317145	1461851317187	KO	status.find.is(200), but actually found 400
REQUEST	injecteur 7	2		request_7	1461851317147	1461851317188	KO	status.find.is(200), but actually found 400
REQUEST	injecteur 1	7		request_1	1461851317164	1461851317206	KO	status.find.is(200), but actually found 400
REQUEST	injecteur 6	8		request_6	1461851317164	1461851317207	KO	status.find.is(200), but actually found 400
REQUEST	injecteur 2	9		request_2	1461851317167	1461851317208	KO	status.find.is(200), but actually found 400
REQUEST	injecteur 9	6		request_9	1461851317167	1461851317210	KO	status.find.is(200), but actually found 400
REQUEST	injecteur 5	10		request_5	1461851317169	1461851317215	KO	status.find.is(200), but actually found 400
REQUEST	injecteur 4	1		request_4	1461851317186	1461851317232	KO	status.find.is(200), but actually found 400
REQUEST	injecteur 10	5		request_10	1461851317187	1461851317233	KO	status.find.is(200), but actually found 400
REQUEST	injecteur 8	4		request_8	1461851317187	1461851317234	KO	status.find.is(200), but actually found 400
REQUEST	injecteur 3	3		request_3	1461851317188	1461851317235	KO	status.find.is(200), but actually found 400
REQUEST	injecteur 7	2		request_7	1461851317191	1461851317238	KO	status.find.is(200), but actually found 400
REQUEST	injecteur 1	7		request_1	1461851317211	1461851317251	KO	status.find.is(200), but actually found 400
REQUEST	injecteur 6	8		request_6	1461851317211	1461851317252	KO	status.find.is(200), but actually found 400
REQUEST	injecteur 2	9		request_2	1461851317213	1461851317252	KO	status.find.is(200), but actually found 400
REQUEST	injecteur 9	6		request_9	1461851317216	1461851317254	KO	status.find.is(200), but actually found 400
REQUEST	injecteur 5	10		request_5	1461851317218	1461851317256	KO	status.find.is(200), but actually found 400
REQUEST	injecteur 10	5		request_10	1461851317235	1461851317270	KO	status.find.is(200), but actually found 400
REQUEST	injecteur 8	4		request_8	1461851317235	1461851317271	KO	status.find.is(200), but actually found 400
REQUEST	injecteur 3	3		request_3	1461851317236	1461851317272	KO	status.find.is(200), but actually found 400
REQUEST	injecteur 4	1		request_4	1461851317234	1461851317274	KO	status.find.is(200), but actually found 400
REQUEST	injecteur 7	2		request_7	1461851317239	1461851317275	KO	status.find.is(200), but actually found 400
REQUEST	injecteur 1	7		request_1	1461851317253	1461851317288	KO	status.find.is(200), but actually found 400
REQUEST	injecteur 6	8		request_6	1461851317253	1461851317289	KO	status.find.is(200), but actually found 400
REQUEST	injecteur 2	9		request_2	1461851317254	1461851317289	KO	status.find.is(200), but actually found 400
REQUEST	injecteur 9	6		request_9	1461851317256	1461851317293	KO	status.find.is(200), but actually found 400
REQUEST	injecteur 5	10		request_5	1461851317257	1461851317295	KO	status.find.is(200), but actually found 400
REQUEST	injecteur 10	5		request_10	1461851317272	1461851317313	KO	status.find.is(200), but actually found 400
REQUEST	injecteur 8	4		request_8	1461851317273	1461851317314	KO	status.find.is(200), but actually found 400
REQUEST	injecteur 3	3		request_3	1461851317274	1461851317315	KO	status.find.is(200), but actually found 400
REQUEST	injecteur 4	1		request_4	1461851317276	1461851317316	KO	status.find.is(200), but actually found 400
REQUEST	injecteur 7	2		request_7	1461851317277	1461851317318	KO	status.find.is(200), but actually found 400
REQUEST	injecteur 1	7		request_1	1461851317290	1461851317331	KO	status.find.is(200), but actually found 400
REQUEST	injecteur 2	9		request_2	1461851317291	1461851317332	KO	status.find.is(200), but actually found 400
REQUEST	injecteur 6	8		request_6	1461851317290	1461851317333	KO	status.find.is(200), but actually found 400
REQUEST	injecteur 5	10		request_5	1461851317298	1461851317335	KO	status.find.is(200), but actually found 400
REQUEST	injecteur 9	6		request_9	1461851317296	1461851317336	KO	status.find.is(200), but actually found 400
REQUEST	injecteur 10	5		request_10	1461851317316	1461851317352	KO	status.find.is(200), but actually found 400
REQUEST	injecteur 8	4		request_8	1461851317317	1461851317353	KO	status.find.is(200), but actually found 400
REQUEST	injecteur 3	3		request_3	1461851317317	1461851317354	KO	status.find.is(200), but actually found 400
REQUEST	injecteur 4	1		request_4	1461851317319	1461851317358	KO	status.find.is(200), but actually found 400
REQUEST	injecteur 7	2		request_7	1461851317319	1461851317358	KO	status.find.is(200), but actually found 400
REQUEST	injecteur 1	7		request_1	1461851317333	1461851317379	KO	status.find.is(200), but actually found 400
REQUEST	injecteur 2	9		request_2	1461851317337	1461851317380	KO	status.find.is(200), but actually found 400
REQUEST	injecteur 6	8		request_6	1461851317337	1461851317381	KO	status.find.is(200), but actually found 400
REQUEST	injecteur 5	10		request_5	1461851317339	1461851317383	KO	status.find.is(200), but actually found 400
REQUEST	injecteur 9	6		request_9	1461851317340	1461851317384	KO	status.find.is(200), but actually found 400
REQUEST	injecteur 10	5		request_10	1461851317354	1461851317399	KO	status.find.is(200), but actually found 400
REQUEST	injecteur 3	3		request_3	1461851317356	1461851317401	KO	status.find.is(200), but actually found 400
REQUEST	injecteur 8	4		request_8	1461851317355	1461851317400	KO	status.find.is(200), but actually found 400
REQUEST	injecteur 7	2		request_7	1461851317363	1461851317402	KO	status.find.is(200), but actually found 400
REQUEST	injecteur 4	1		request_4	1461851317361	1461851317402	KO	status.find.is(200), but actually found 400
REQUEST	injecteur 1	7		request_1	1461851317382	1461851317419	KO	status.find.is(200), but actually found 400
REQUEST	injecteur 2	9		request_2	1461851317382	1461851317420	KO	status.find.is(200), but actually found 400
REQUEST	injecteur 6	8		request_6	1461851317382	1461851317422	KO	status.find.is(200), but actually found 400
REQUEST	injecteur 5	10		request_5	1461851317385	1461851317422	KO	status.find.is(200), but actually found 400
REQUEST	injecteur 9	6		request_9	1461851317386	1461851317422	KO	status.find.is(200), but actually found 400
REQUEST	injecteur 10	5		request_10	1461851317401	1461851317439	KO	status.find.is(200), but actually found 400
REQUEST	injecteur 3	3		request_3	1461851317403	1461851317440	KO	status.find.is(200), but actually found 400
REQUEST	injecteur 8	4		request_8	1461851317404	1461851317440	KO	status.find.is(200), but actually found 400
REQUEST	injecteur 4	1		request_4	1461851317406	1461851317442	KO	status.find.is(200), but actually found 400
REQUEST	injecteur 7	2		request_7	1461851317406	1461851317444	KO	status.find.is(200), but actually found 400
REQUEST	injecteur 1	7		request_1	1461851317421	1461851317464	KO	status.find.is(200), but actually found 400
REQUEST	injecteur 2	9		request_2	1461851317421	1461851317465	KO	status.find.is(200), but actually found 400
REQUEST	injecteur 5	10		request_5	1461851317424	1461851317466	KO	status.find.is(200), but actually found 400
REQUEST	injecteur 6	8		request_6	1461851317424	1461851317467	KO	status.find.is(200), but actually found 400
REQUEST	injecteur 9	6		request_9	1461851317427	1461851317469	KO	status.find.is(200), but actually found 400
REQUEST	injecteur 3	3		request_3	1461851317441	1461851317483	KO	status.find.is(200), but actually found 400
REQUEST	injecteur 10	5		request_10	1461851317441	1461851317484	KO	status.find.is(200), but actually found 400
REQUEST	injecteur 8	4		request_8	1461851317444	1461851317484	KO	status.find.is(200), but actually found 400
REQUEST	injecteur 7	2		request_7	1461851317447	1461851317486	KO	status.find.is(200), but actually found 400
REQUEST	injecteur 4	1		request_4	1461851317445	1461851317489	KO	status.find.is(200), but actually found 400
REQUEST	injecteur 1	7		request_1	1461851317466	1461851317505	KO	status.find.is(200), but actually found 400
REQUEST	injecteur 2	9		request_2	1461851317466	1461851317505	KO	status.find.is(200), but actually found 400
REQUEST	injecteur 5	10		request_5	1461851317470	1461851317506	KO	status.find.is(200), but actually found 400
REQUEST	injecteur 9	6		request_9	1461851317472	1461851317509	KO	status.find.is(200), but actually found 400
REQUEST	injecteur 6	8		request_6	1461851317470	1461851317509	KO	status.find.is(200), but actually found 400
REQUEST	injecteur 3	3		request_3	1461851317485	1461851317524	KO	status.find.is(200), but actually found 400
REQUEST	injecteur 8	4		request_8	1461851317490	1461851317526	KO	status.find.is(200), but actually found 400
REQUEST	injecteur 10	5		request_10	1461851317490	1461851317526	KO	status.find.is(200), but actually found 400
REQUEST	injecteur 7	2		request_7	1461851317492	1461851317529	KO	status.find.is(200), but actually found 400
REQUEST	injecteur 4	1		request_4	1461851317495	1461851317530	KO	status.find.is(200), but actually found 400
REQUEST	injecteur 1	7		request_1	1461851317507	1461851317542	KO	status.find.is(200), but actually found 400
REQUEST	injecteur 2	9		request_2	1461851317511	1461851317543	KO	status.find.is(200), but actually found 400
REQUEST	injecteur 5	10		request_5	1461851317512	1461851317544	KO	status.find.is(200), but actually found 400
REQUEST	injecteur 9	6		request_9	1461851317514	1461851317545	KO	status.find.is(200), but actually found 400
REQUEST	injecteur 6	8		request_6	1461851317515	1461851317547	KO	status.find.is(200), but actually found 400
REQUEST	injecteur 8	4		request_8	1461851317527	1461851317562	KO	status.find.is(200), but actually found 400
REQUEST	injecteur 10	5		request_10	1461851317527	1461851317564	KO	status.find.is(200), but actually found 400
REQUEST	injecteur 3	3		request_3	1461851317526	1461851317561	KO	status.find.is(200), but actually found 400
REQUEST	injecteur 4	1		request_4	1461851317531	1461851317567	KO	status.find.is(200), but actually found 400
REQUEST	injecteur 7	2		request_7	1461851317531	1461851317576	KO	status.find.is(200), but actually found 400
REQUEST	injecteur 1	7		request_1	1461851317544	1461851317588	KO	status.find.is(200), but actually found 400
REQUEST	injecteur 2	9		request_2	1461851317546	1461851317589	KO	status.find.is(200), but actually found 400
REQUEST	injecteur 5	10		request_5	1461851317548	1461851317591	KO	status.find.is(200), but actually found 400
REQUEST	injecteur 6	8		request_6	1461851317550	1461851317594	KO	status.find.is(200), but actually found 400
REQUEST	injecteur 9	6		request_9	1461851317550	1461851317594	KO	status.find.is(200), but actually found 400
REQUEST	injecteur 8	4		request_8	1461851317565	1461851317609	KO	status.find.is(200), but actually found 400
REQUEST	injecteur 3	3		request_3	1461851317569	1461851317609	KO	status.find.is(200), but actually found 400
REQUEST	injecteur 10	5		request_10	1461851317569	1461851317611	KO	status.find.is(200), but actually found 400
REQUEST	injecteur 4	1		request_4	1461851317572	1461851317612	KO	status.find.is(200), but actually found 400
REQUEST	injecteur 7	2		request_7	1461851317582	1461851317629	KO	status.find.is(200), but actually found 400
REQUEST	injecteur 1	7		request_1	1461851317590	1461851317629	KO	status.find.is(200), but actually found 400
REQUEST	injecteur 2	9		request_2	1461851317593	1461851317631	KO	status.find.is(200), but actually found 400
REQUEST	injecteur 6	8		request_6	1461851317595	1461851317633	KO	status.find.is(200), but actually found 400
REQUEST	injecteur 5	10		request_5	1461851317595	1461851317634	KO	status.find.is(200), but actually found 400
REQUEST	injecteur 9	6		request_9	1461851317598	1461851317635	KO	status.find.is(200), but actually found 400
REQUEST	injecteur 8	4		request_8	1461851317611	1461851317648	KO	status.find.is(200), but actually found 400
REQUEST	injecteur 3	3		request_3	1461851317612	1461851317649	KO	status.find.is(200), but actually found 400
REQUEST	injecteur 10	5		request_10	1461851317613	1461851317650	KO	status.find.is(200), but actually found 400
REQUEST	injecteur 4	1		request_4	1461851317615	1461851317652	KO	status.find.is(200), but actually found 400
REQUEST	injecteur 7	2		request_7	1461851317631	1461851317670	KO	status.find.is(200), but actually found 400
REQUEST	injecteur 1	7		request_1	1461851317631	1461851317670	KO	status.find.is(200), but actually found 400
REQUEST	injecteur 2	9		request_2	1461851317633	1461851317671	KO	status.find.is(200), but actually found 400
REQUEST	injecteur 6	8		request_6	1461851317635	1461851317672	KO	status.find.is(200), but actually found 400
REQUEST	injecteur 5	10		request_5	1461851317636	1461851317673	KO	status.find.is(200), but actually found 400
REQUEST	injecteur 9	6		request_9	1461851317637	1461851317674	KO	status.find.is(200), but actually found 400
REQUEST	injecteur 8	4		request_8	1461851317651	1461851317688	KO	status.find.is(200), but actually found 400
REQUEST	injecteur 3	3		request_3	1461851317651	1461851317689	KO	status.find.is(200), but actually found 400
REQUEST	injecteur 10	5		request_10	1461851317653	1461851317690	KO	status.find.is(200), but actually found 400
REQUEST	injecteur 4	1		request_4	1461851317654	1461851317693	KO	status.find.is(200), but actually found 400
REQUEST	injecteur 7	2		request_7	1461851317671	1461851317705	KO	status.find.is(200), but actually found 400
REQUEST	injecteur 1	7		request_1	1461851317672	1461851317705	KO	status.find.is(200), but actually found 400
REQUEST	injecteur 6	8		request_6	1461851317673	1461851317708	KO	status.find.is(200), but actually found 400
REQUEST	injecteur 5	10		request_5	1461851317675	1461851317709	KO	status.find.is(200), but actually found 400
REQUEST	injecteur 2	9		request_2	1461851317673	1461851317710	KO	status.find.is(200), but actually found 400
REQUEST	injecteur 9	6		request_9	1461851317676	1461851317710	KO	status.find.is(200), but actually found 400
REQUEST	injecteur 8	4		request_8	1461851317690	1461851317728	KO	status.find.is(200), but actually found 400
REQUEST	injecteur 3	3		request_3	1461851317690	1461851317729	KO	status.find.is(200), but actually found 400
REQUEST	injecteur 10	5		request_10	1461851317692	1461851317730	KO	status.find.is(200), but actually found 400
REQUEST	injecteur 4	1		request_4	1461851317695	1461851317731	KO	status.find.is(200), but actually found 400
REQUEST	injecteur 7	2		request_7	1461851317706	1461851317744	KO	status.find.is(200), but actually found 400
REQUEST	injecteur 1	7		request_1	1461851317707	1461851317745	KO	status.find.is(200), but actually found 400
REQUEST	injecteur 6	8		request_6	1461851317712	1461851317747	KO	status.find.is(200), but actually found 400
REQUEST	injecteur 2	9		request_2	1461851317714	1461851317750	KO	status.find.is(200), but actually found 400
REQUEST	injecteur 5	10		request_5	1461851317712	1461851317750	KO	status.find.is(200), but actually found 400
REQUEST	injecteur 9	6		request_9	1461851317719	1461851317764	KO	status.find.is(200), but actually found 400
REQUEST	injecteur 8	4		request_8	1461851317729	1461851317764	KO	status.find.is(200), but actually found 400
REQUEST	injecteur 3	3		request_3	1461851317730	1461851317765	KO	status.find.is(200), but actually found 400
REQUEST	injecteur 10	5		request_10	1461851317731	1461851317766	KO	status.find.is(200), but actually found 400
REQUEST	injecteur 4	1		request_4	1461851317733	1461851317769	KO	status.find.is(200), but actually found 400
REQUEST	injecteur 7	2		request_7	1461851317746	1461851317780	KO	status.find.is(200), but actually found 400
REQUEST	injecteur 1	7		request_1	1461851317747	1461851317781	KO	status.find.is(200), but actually found 400
REQUEST	injecteur 6	8		request_6	1461851317749	1461851317782	KO	status.find.is(200), but actually found 400
REQUEST	injecteur 5	10		request_5	1461851317751	1461851317783	KO	status.find.is(200), but actually found 400
REQUEST	injecteur 2	9		request_2	1461851317751	1461851317789	KO	status.find.is(200), but actually found 400
REQUEST	injecteur 9	6		request_9	1461851317766	1461851317803	KO	status.find.is(200), but actually found 400
REQUEST	injecteur 8	4		request_8	1461851317767	1461851317805	KO	status.find.is(200), but actually found 400
REQUEST	injecteur 3	3		request_3	1461851317767	1461851317806	KO	status.find.is(200), but actually found 400
REQUEST	injecteur 10	5		request_10	1461851317768	1461851317810	KO	status.find.is(200), but actually found 400
REQUEST	injecteur 4	1		request_4	1461851317770	1461851317813	KO	status.find.is(200), but actually found 400
REQUEST	injecteur 7	2		request_7	1461851317782	1461851317829	KO	status.find.is(200), but actually found 400
REQUEST	injecteur 6	8		request_6	1461851317784	1461851317830	KO	status.find.is(200), but actually found 400
REQUEST	injecteur 5	10		request_5	1461851317784	1461851317832	KO	status.find.is(200), but actually found 400
REQUEST	injecteur 1	7		request_1	1461851317783	1461851317833	KO	status.find.is(200), but actually found 400
REQUEST	injecteur 2	9		request_2	1461851317795	1461851317833	KO	status.find.is(200), but actually found 400
REQUEST	injecteur 9	6		request_9	1461851317805	1461851317849	KO	status.find.is(200), but actually found 400
REQUEST	injecteur 8	4		request_8	1461851317807	1461851317850	KO	status.find.is(200), but actually found 400
REQUEST	injecteur 3	3		request_3	1461851317807	1461851317852	KO	status.find.is(200), but actually found 400
REQUEST	injecteur 4	1		request_4	1461851317814	1461851317853	KO	status.find.is(200), but actually found 400
REQUEST	injecteur 10	5		request_10	1461851317812	1461851317852	KO	status.find.is(200), but actually found 400
REQUEST	injecteur 7	2		request_7	1461851317830	1461851317870	KO	status.find.is(200), but actually found 400
REQUEST	injecteur 6	8		request_6	1461851317832	1461851317870	KO	status.find.is(200), but actually found 400
REQUEST	injecteur 2	9		request_2	1461851317835	1461851317872	KO	status.find.is(200), but actually found 400
REQUEST	injecteur 5	10		request_5	1461851317834	1461851317873	KO	status.find.is(200), but actually found 400
REQUEST	injecteur 1	7		request_1	1461851317835	1461851317873	KO	status.find.is(200), but actually found 400
REQUEST	injecteur 9	6		request_9	1461851317851	1461851317890	KO	status.find.is(200), but actually found 400
REQUEST	injecteur 8	4		request_8	1461851317851	1461851317891	KO	status.find.is(200), but actually found 400
REQUEST	injecteur 3	3		request_3	1461851317854	1461851317892	KO	status.find.is(200), but actually found 400
REQUEST	injecteur 4	1		request_4	1461851317854	1461851317893	KO	status.find.is(200), but actually found 400
REQUEST	injecteur 10	5		request_10	1461851317859	1461851317896	KO	status.find.is(200), but actually found 400
REQUEST	injecteur 7	2		request_7	1461851317872	1461851317907	KO	status.find.is(200), but actually found 400
REQUEST	injecteur 6	8		request_6	1461851317873	1461851317907	KO	status.find.is(200), but actually found 400
REQUEST	injecteur 1	7		request_1	1461851317876	1461851317910	KO	status.find.is(200), but actually found 400
REQUEST	injecteur 5	10		request_5	1461851317876	1461851317912	KO	status.find.is(200), but actually found 400
REQUEST	injecteur 2	9		request_2	1461851317877	1461851317913	KO	status.find.is(200), but actually found 400
REQUEST	injecteur 9	6		request_9	1461851317892	1461851317928	KO	status.find.is(200), but actually found 400
REQUEST	injecteur 8	4		request_8	1461851317894	1461851317928	KO	status.find.is(200), but actually found 400
REQUEST	injecteur 4	1		request_4	1461851317894	1461851317930	KO	status.find.is(200), but actually found 400
REQUEST	injecteur 3	3		request_3	1461851317894	1461851317930	KO	status.find.is(200), but actually found 400
REQUEST	injecteur 10	5		request_10	1461851317897	1461851317932	KO	status.find.is(200), but actually found 400
REQUEST	injecteur 7	2		request_7	1461851317909	1461851317948	KO	status.find.is(200), but actually found 400
REQUEST	injecteur 6	8		request_6	1461851317911	1461851317949	KO	status.find.is(200), but actually found 400
REQUEST	injecteur 1	7		request_1	1461851317912	1461851317950	KO	status.find.is(200), but actually found 400
REQUEST	injecteur 5	10		request_5	1461851317914	1461851317951	KO	status.find.is(200), but actually found 400
REQUEST	injecteur 2	9		request_2	1461851317916	1461851317953	KO	status.find.is(200), but actually found 400
REQUEST	injecteur 9	6		request_9	1461851317929	1461851317967	KO	status.find.is(200), but actually found 400
REQUEST	injecteur 8	4		request_8	1461851317930	1461851317967	KO	status.find.is(200), but actually found 400
REQUEST	injecteur 3	3		request_3	1461851317932	1461851317969	KO	status.find.is(200), but actually found 400
REQUEST	injecteur 4	1		request_4	1461851317932	1461851317970	KO	status.find.is(200), but actually found 400
REQUEST	injecteur 10	5		request_10	1461851317933	1461851317972	KO	status.find.is(200), but actually found 400
REQUEST	injecteur 7	2		request_7	1461851317950	1461851317986	KO	status.find.is(200), but actually found 400
REQUEST	injecteur 6	8		request_6	1461851317950	1461851317986	KO	status.find.is(200), but actually found 400
REQUEST	injecteur 1	7		request_1	1461851317953	1461851317988	KO	status.find.is(200), but actually found 400
REQUEST	injecteur 5	10		request_5	1461851317955	1461851317989	KO	status.find.is(200), but actually found 400
REQUEST	injecteur 2	9		request_2	1461851317957	1461851317992	KO	status.find.is(200), but actually found 400
REQUEST	injecteur 9	6		request_9	1461851317969	1461851318004	KO	status.find.is(200), but actually found 400
REQUEST	injecteur 8	4		request_8	1461851317970	1461851318005	KO	status.find.is(200), but actually found 400
REQUEST	injecteur 3	3		request_3	1461851317970	1461851318006	KO	status.find.is(200), but actually found 400
REQUEST	injecteur 4	1		request_4	1461851317971	1461851318007	KO	status.find.is(200), but actually found 400
REQUEST	injecteur 10	5		request_10	1461851317973	1461851318008	KO	status.find.is(200), but actually found 400
REQUEST	injecteur 7	2		request_7	1461851317988	1461851318021	KO	status.find.is(200), but actually found 400
REQUEST	injecteur 6	8		request_6	1461851317989	1461851318022	KO	status.find.is(200), but actually found 400
REQUEST	injecteur 1	7		request_1	1461851317990	1461851318023	KO	status.find.is(200), but actually found 400
REQUEST	injecteur 5	10		request_5	1461851317990	1461851318034	KO	status.find.is(200), but actually found 400
REQUEST	injecteur 2	9		request_2	1461851317994	1461851318040	KO	status.find.is(200), but actually found 400
REQUEST	injecteur 9	6		request_9	1461851318006	1461851318048	KO	status.find.is(200), but actually found 400
REQUEST	injecteur 8	4		request_8	1461851318006	1461851318049	KO	status.find.is(200), but actually found 400
REQUEST	injecteur 3	3		request_3	1461851318007	1461851318050	KO	status.find.is(200), but actually found 400
REQUEST	injecteur 4	1		request_4	1461851318008	1461851318051	KO	status.find.is(200), but actually found 400
REQUEST	injecteur 10	5		request_10	1461851318011	1461851318053	KO	status.find.is(200), but actually found 400
REQUEST	injecteur 7	2		request_7	1461851318024	1461851318064	KO	status.find.is(200), but actually found 400
REQUEST	injecteur 1	7		request_1	1461851318027	1461851318065	KO	status.find.is(200), but actually found 400
REQUEST	injecteur 6	8		request_6	1461851318026	1461851318066	KO	status.find.is(200), but actually found 400
REQUEST	injecteur 5	10		request_5	1461851318039	1461851318078	KO	status.find.is(200), but actually found 400
REQUEST	injecteur 2	9		request_2	1461851318043	1461851318079	KO	status.find.is(200), but actually found 400
REQUEST	injecteur 9	6		request_9	1461851318050	1461851318080	KO	status.find.is(200), but actually found 400
REQUEST	injecteur 8	4		request_8	1461851318052	1461851318081	KO	status.find.is(200), but actually found 400
REQUEST	injecteur 3	3		request_3	1461851318053	1461851318083	KO	status.find.is(200), but actually found 400
REQUEST	injecteur 4	1		request_4	1461851318055	1461851318086	KO	status.find.is(200), but actually found 400
REQUEST	injecteur 10	5		request_10	1461851318055	1461851318088	KO	status.find.is(200), but actually found 400
REQUEST	injecteur 7	2		request_7	1461851318066	1461851318103	KO	status.find.is(200), but actually found 400
REQUEST	injecteur 1	7		request_1	1461851318066	1461851318104	KO	status.find.is(200), but actually found 400
REQUEST	injecteur 6	8		request_6	1461851318068	1461851318105	KO	status.find.is(200), but actually found 400
REQUEST	injecteur 5	10		request_5	1461851318081	1461851318125	KO	status.find.is(200), but actually found 400
REQUEST	injecteur 8	4		request_8	1461851318083	1461851318128	KO	status.find.is(200), but actually found 400
REQUEST	injecteur 9	6		request_9	1461851318083	1461851318129	KO	status.find.is(200), but actually found 400
REQUEST	injecteur 3	3		request_3	1461851318085	1461851318130	KO	status.find.is(200), but actually found 400
REQUEST	injecteur 2	9		request_2	1461851318082	1461851318131	KO	status.find.is(200), but actually found 400
REQUEST	injecteur 10	5		request_10	1461851318091	1461851318132	KO	status.find.is(200), but actually found 400
REQUEST	injecteur 4	1		request_4	1461851318089	1461851318135	KO	status.find.is(200), but actually found 400
REQUEST	injecteur 7	2		request_7	1461851318105	1461851318152	KO	status.find.is(200), but actually found 400
REQUEST	injecteur 1	7		request_1	1461851318106	1461851318153	KO	status.find.is(200), but actually found 400
REQUEST	injecteur 6	8		request_6	1461851318107	1461851318154	KO	status.find.is(200), but actually found 400
REQUEST	injecteur 5	10		request_5	1461851318127	1461851318171	KO	status.find.is(200), but actually found 400
REQUEST	injecteur 3	3		request_3	1461851318133	1461851318175	KO	status.find.is(200), but actually found 400
REQUEST	injecteur 8	4		request_8	1461851318131	1461851318171	KO	status.find.is(200), but actually found 400
REQUEST	injecteur 2	9		request_2	1461851318134	1461851318178	KO	status.find.is(200), but actually found 400
REQUEST	injecteur 10	5		request_10	1461851318136	1461851318178	KO	status.find.is(200), but actually found 400
REQUEST	injecteur 4	1		request_4	1461851318138	1461851318182	KO	status.find.is(200), but actually found 400
REQUEST	injecteur 9	6		request_9	1461851318136	1461851318214	KO	status.find.is(200), but actually found 400
REQUEST	injecteur 1	7		request_1	1461851318155	1461851318217	KO	status.find.is(200), but actually found 400
REQUEST	injecteur 7	2		request_7	1461851318154	1461851318218	KO	status.find.is(200), but actually found 400
REQUEST	injecteur 6	8		request_6	1461851318156	1461851318221	KO	status.find.is(200), but actually found 400
REQUEST	injecteur 5	10		request_5	1461851318178	1461851318236	KO	status.find.is(200), but actually found 400
REQUEST	injecteur 3	3		request_3	1461851318178	1461851318236	KO	status.find.is(200), but actually found 400
REQUEST	injecteur 8	4		request_8	1461851318180	1461851318237	KO	status.find.is(200), but actually found 400
REQUEST	injecteur 2	9		request_2	1461851318181	1461851318238	KO	status.find.is(200), but actually found 400
REQUEST	injecteur 10	5		request_10	1461851318182	1461851318239	KO	status.find.is(200), but actually found 400
REQUEST	injecteur 4	1		request_4	1461851318183	1461851318241	KO	status.find.is(200), but actually found 400
REQUEST	injecteur 1	7		request_1	1461851318220	1461851318254	KO	status.find.is(200), but actually found 400
REQUEST	injecteur 9	6		request_9	1461851318219	1461851318255	KO	status.find.is(200), but actually found 400
REQUEST	injecteur 7	2		request_7	1461851318224	1461851318256	KO	status.find.is(200), but actually found 400
REQUEST	injecteur 6	8		request_6	1461851318226	1461851318259	KO	status.find.is(200), but actually found 400
REQUEST	injecteur 5	10		request_5	1461851318237	1461851318270	KO	status.find.is(200), but actually found 400
REQUEST	injecteur 3	3		request_3	1461851318237	1461851318271	KO	status.find.is(200), but actually found 400
REQUEST	injecteur 8	4		request_8	1461851318239	1461851318272	KO	status.find.is(200), but actually found 400
REQUEST	injecteur 2	9		request_2	1461851318239	1461851318274	KO	status.find.is(200), but actually found 400
REQUEST	injecteur 10	5		request_10	1461851318241	1461851318274	KO	status.find.is(200), but actually found 400
REQUEST	injecteur 4	1		request_4	1461851318243	1461851318277	KO	status.find.is(200), but actually found 400
REQUEST	injecteur 1	7		request_1	1461851318256	1461851318297	KO	status.find.is(200), but actually found 400
REQUEST	injecteur 9	6		request_9	1461851318257	1461851318297	KO	status.find.is(200), but actually found 400
REQUEST	injecteur 7	2		request_7	1461851318258	1461851318298	KO	status.find.is(200), but actually found 400
REQUEST	injecteur 6	8		request_6	1461851318261	1461851318299	KO	status.find.is(200), but actually found 400
REQUEST	injecteur 5	10		request_5	1461851318272	1461851318310	KO	status.find.is(200), but actually found 400
REQUEST	injecteur 3	3		request_3	1461851318272	1461851318311	KO	status.find.is(200), but actually found 400
REQUEST	injecteur 8	4		request_8	1461851318274	1461851318311	KO	status.find.is(200), but actually found 400
REQUEST	injecteur 2	9		request_2	1461851318275	1461851318313	KO	status.find.is(200), but actually found 400
REQUEST	injecteur 10	5		request_10	1461851318286	1461851318325	KO	status.find.is(200), but actually found 400
REQUEST	injecteur 4	1		request_4	1461851318289	1461851318326	KO	status.find.is(200), but actually found 400
REQUEST	injecteur 1	7		request_1	1461851318299	1461851318327	KO	status.find.is(200), but actually found 400
REQUEST	injecteur 9	6		request_9	1461851318300	1461851318328	KO	status.find.is(200), but actually found 400
REQUEST	injecteur 7	2		request_7	1461851318300	1461851318329	KO	status.find.is(200), but actually found 400
REQUEST	injecteur 6	8		request_6	1461851318301	1461851318330	KO	status.find.is(200), but actually found 400
REQUEST	injecteur 5	10		request_5	1461851318311	1461851318347	KO	status.find.is(200), but actually found 400
REQUEST	injecteur 3	3		request_3	1461851318312	1461851318348	KO	status.find.is(200), but actually found 400
REQUEST	injecteur 8	4		request_8	1461851318313	1461851318349	KO	status.find.is(200), but actually found 400
REQUEST	injecteur 2	9		request_2	1461851318315	1461851318351	KO	status.find.is(200), but actually found 400
REQUEST	injecteur 10	5		request_10	1461851318327	1461851318364	KO	status.find.is(200), but actually found 400
REQUEST	injecteur 4	1		request_4	1461851318329	1461851318364	KO	status.find.is(200), but actually found 400
REQUEST	injecteur 1	7		request_1	1461851318331	1461851318365	KO	status.find.is(200), but actually found 400
REQUEST	injecteur 9	6		request_9	1461851318331	1461851318367	KO	status.find.is(200), but actually found 400
REQUEST	injecteur 7	2		request_7	1461851318333	1461851318367	KO	status.find.is(200), but actually found 400
REQUEST	injecteur 6	8		request_6	1461851318335	1461851318368	KO	status.find.is(200), but actually found 400
REQUEST	injecteur 5	10		request_5	1461851318348	1461851318381	KO	status.find.is(200), but actually found 400
REQUEST	injecteur 3	3		request_3	1461851318350	1461851318381	KO	status.find.is(200), but actually found 400
REQUEST	injecteur 8	4		request_8	1461851318350	1461851318382	KO	status.find.is(200), but actually found 400
REQUEST	injecteur 2	9		request_2	1461851318352	1461851318384	KO	status.find.is(200), but actually found 400
REQUEST	injecteur 10	5		request_10	1461851318365	1461851318397	KO	status.find.is(200), but actually found 400
REQUEST	injecteur 4	1		request_4	1461851318366	1461851318398	KO	status.find.is(200), but actually found 400
REQUEST	injecteur 1	7		request_1	1461851318367	1461851318400	KO	status.find.is(200), but actually found 400
REQUEST	injecteur 9	6		request_9	1461851318368	1461851318401	KO	status.find.is(200), but actually found 400
REQUEST	injecteur 7	2		request_7	1461851318368	1461851318402	KO	status.find.is(200), but actually found 400
REQUEST	injecteur 6	8		request_6	1461851318369	1461851318404	KO	status.find.is(200), but actually found 400
