ASSERTION	AAMBAAMDBABk
RUN	Injections		injections	1461921753627	 	2.0
USER	injecteur 4	1	START	1461921754761	1461921754761
USER	injecteur 7	2	START	1461921754833	1461921754833
USER	injecteur 3	3	START	1461921754836	1461921754836
USER	injecteur 8	4	START	1461921754838	1461921754838
USER	injecteur 10	5	START	1461921754840	1461921754840
USER	injecteur 9	6	START	1461921754851	1461921754851
USER	injecteur 1	7	START	1461921754856	1461921754856
USER	injecteur 6	8	START	1461921754865	1461921754865
USER	injecteur 2	9	START	1461921754867	1461921754867
USER	injecteur 5	10	START	1461921754869	1461921754869
REQUEST	injecteur 6	8		request_6	1461921754866	1461921754913	OK	 
REQUEST	injecteur 9	6		request_9	1461921754851	1461921754901	OK	 
REQUEST	injecteur 8	4		request_8	1461921754839	1461921754884	OK	 
REQUEST	injecteur 3	3		request_3	1461921754836	1461921754857	OK	 
REQUEST	injecteur 1	7		request_1	1461921754861	1461921754921	OK	 
REQUEST	injecteur 10	5		request_10	1461921754843	1461921754895	OK	 
REQUEST	injecteur 4	1		request_4	1461921754822	1461921754852	OK	 
REQUEST	injecteur 1	7		request_1	1461921754923	1461921754932	OK	 
REQUEST	injecteur 7	2		request_7	1461921754834	1461921754869	KO	status.find.is(200), but actually found 400
REQUEST	injecteur 10	5		request_10	1461921754923	1461921754935	OK	 
REQUEST	injecteur 3	3		request_3	1461921754926	1461921754946	OK	 
REQUEST	injecteur 9	6		request_9	1461921754926	1461921754947	OK	 
REQUEST	injecteur 8	4		request_8	1461921754925	1461921754952	OK	 
REQUEST	injecteur 6	8		request_6	1461921754930	1461921754958	OK	 
REQUEST	injecteur 4	1		request_4	1461921754932	1461921754964	OK	 
REQUEST	injecteur 1	7		request_1	1461921754934	1461921754966	OK	 
REQUEST	injecteur 10	5		request_10	1461921754939	1461921754972	OK	 
REQUEST	injecteur 3	3		request_3	1461921754947	1461921754978	OK	 
REQUEST	injecteur 9	6		request_9	1461921754947	1461921754981	OK	 
REQUEST	injecteur 8	4		request_8	1461921754954	1461921754984	OK	 
REQUEST	injecteur 7	2		request_7	1461921754942	1461921754984	KO	status.find.is(200), but actually found 400
REQUEST	injecteur 2	9		request_2	1461921754868	1461921754993	OK	 
REQUEST	injecteur 1	7		request_1	1461921754967	1461921754996	OK	 
REQUEST	injecteur 5	10		request_5	1461921754870	1461921754999	OK	 
REQUEST	injecteur 6	8		request_6	1461921754960	1461921755002	OK	 
REQUEST	injecteur 4	1		request_4	1461921754965	1461921755005	OK	 
REQUEST	injecteur 10	5		request_10	1461921754973	1461921755008	OK	 
REQUEST	injecteur 3	3		request_3	1461921754979	1461921755009	OK	 
REQUEST	injecteur 9	6		request_9	1461921754982	1461921755012	OK	 
REQUEST	injecteur 8	4		request_8	1461921754986	1461921755016	OK	 
REQUEST	injecteur 2	9		request_2	1461921754994	1461921755020	OK	 
REQUEST	injecteur 1	7		request_1	1461921754997	1461921755023	OK	 
REQUEST	injecteur 5	10		request_5	1461921755000	1461921755026	OK	 
REQUEST	injecteur 6	8		request_6	1461921755003	1461921755029	OK	 
REQUEST	injecteur 4	1		request_4	1461921755006	1461921755031	OK	 
REQUEST	injecteur 3	3		request_3	1461921755010	1461921755033	OK	 
REQUEST	injecteur 10	5		request_10	1461921755009	1461921755037	OK	 
REQUEST	injecteur 7	2		request_7	1461921754989	1461921755038	KO	status.find.is(200), but actually found 400
REQUEST	injecteur 9	6		request_9	1461921755013	1461921755041	OK	 
REQUEST	injecteur 8	4		request_8	1461921755017	1461921755043	OK	 
REQUEST	injecteur 2	9		request_2	1461921755022	1461921755047	OK	 
REQUEST	injecteur 1	7		request_1	1461921755024	1461921755049	OK	 
REQUEST	injecteur 5	10		request_5	1461921755027	1461921755051	OK	 
REQUEST	injecteur 6	8		request_6	1461921755030	1461921755053	OK	 
REQUEST	injecteur 4	1		request_4	1461921755032	1461921755056	OK	 
REQUEST	injecteur 3	3		request_3	1461921755035	1461921755059	OK	 
REQUEST	injecteur 10	5		request_10	1461921755038	1461921755063	OK	 
REQUEST	injecteur 9	6		request_9	1461921755042	1461921755067	OK	 
REQUEST	injecteur 8	4		request_8	1461921755045	1461921755069	OK	 
REQUEST	injecteur 2	9		request_2	1461921755048	1461921755072	OK	 
REQUEST	injecteur 1	7		request_1	1461921755050	1461921755074	OK	 
REQUEST	injecteur 5	10		request_5	1461921755052	1461921755077	OK	 
REQUEST	injecteur 6	8		request_6	1461921755054	1461921755080	OK	 
REQUEST	injecteur 7	2		request_7	1461921755040	1461921755083	KO	status.find.is(200), but actually found 400
REQUEST	injecteur 4	1		request_4	1461921755057	1461921755084	OK	 
REQUEST	injecteur 3	3		request_3	1461921755061	1461921755087	OK	 
REQUEST	injecteur 10	5		request_10	1461921755064	1461921755090	OK	 
REQUEST	injecteur 9	6		request_9	1461921755068	1461921755092	OK	 
REQUEST	injecteur 8	4		request_8	1461921755070	1461921755095	OK	 
REQUEST	injecteur 2	9		request_2	1461921755073	1461921755097	OK	 
REQUEST	injecteur 1	7		request_1	1461921755076	1461921755099	OK	 
REQUEST	injecteur 5	10		request_5	1461921755079	1461921755103	OK	 
REQUEST	injecteur 6	8		request_6	1461921755081	1461921755105	OK	 
REQUEST	injecteur 4	1		request_4	1461921755085	1461921755107	OK	 
REQUEST	injecteur 3	3		request_3	1461921755088	1461921755112	OK	 
REQUEST	injecteur 10	5		request_10	1461921755091	1461921755114	OK	 
REQUEST	injecteur 9	6		request_9	1461921755093	1461921755117	OK	 
REQUEST	injecteur 8	4		request_8	1461921755096	1461921755122	OK	 
REQUEST	injecteur 7	2		request_7	1461921755085	1461921755122	KO	status.find.is(200), but actually found 400
REQUEST	injecteur 2	9		request_2	1461921755098	1461921755125	OK	 
REQUEST	injecteur 1	7		request_1	1461921755101	1461921755127	OK	 
REQUEST	injecteur 5	10		request_5	1461921755104	1461921755130	OK	 
REQUEST	injecteur 6	8		request_6	1461921755106	1461921755132	OK	 
REQUEST	injecteur 4	1		request_4	1461921755109	1461921755134	OK	 
REQUEST	injecteur 3	3		request_3	1461921755114	1461921755136	OK	 
REQUEST	injecteur 10	5		request_10	1461921755116	1461921755139	OK	 
REQUEST	injecteur 9	6		request_9	1461921755118	1461921755142	OK	 
REQUEST	injecteur 8	4		request_8	1461921755123	1461921755147	OK	 
REQUEST	injecteur 2	9		request_2	1461921755126	1461921755151	OK	 
REQUEST	injecteur 1	7		request_1	1461921755129	1461921755153	OK	 
REQUEST	injecteur 5	10		request_5	1461921755131	1461921755156	OK	 
REQUEST	injecteur 6	8		request_6	1461921755133	1461921755159	OK	 
REQUEST	injecteur 4	1		request_4	1461921755135	1461921755162	OK	 
REQUEST	injecteur 3	3		request_3	1461921755138	1461921755164	OK	 
REQUEST	injecteur 10	5		request_10	1461921755140	1461921755166	OK	 
REQUEST	injecteur 7	2		request_7	1461921755124	1461921755167	KO	status.find.is(200), but actually found 400
REQUEST	injecteur 9	6		request_9	1461921755143	1461921755170	OK	 
REQUEST	injecteur 8	4		request_8	1461921755148	1461921755173	OK	 
REQUEST	injecteur 2	9		request_2	1461921755152	1461921755176	OK	 
REQUEST	injecteur 1	7		request_1	1461921755155	1461921755178	OK	 
REQUEST	injecteur 5	10		request_5	1461921755157	1461921755180	OK	 
REQUEST	injecteur 6	8		request_6	1461921755160	1461921755182	OK	 
REQUEST	injecteur 4	1		request_4	1461921755163	1461921755184	OK	 
REQUEST	injecteur 3	3		request_3	1461921755165	1461921755187	OK	 
REQUEST	injecteur 10	5		request_10	1461921755167	1461921755191	OK	 
REQUEST	injecteur 9	6		request_9	1461921755171	1461921755195	OK	 
REQUEST	injecteur 8	4		request_8	1461921755174	1461921755197	OK	 
REQUEST	injecteur 2	9		request_2	1461921755177	1461921755199	OK	 
REQUEST	injecteur 1	7		request_1	1461921755179	1461921755202	OK	 
REQUEST	injecteur 5	10		request_5	1461921755181	1461921755205	OK	 
REQUEST	injecteur 6	8		request_6	1461921755183	1461921755207	OK	 
REQUEST	injecteur 4	1		request_4	1461921755185	1461921755210	OK	 
REQUEST	injecteur 7	2		request_7	1461921755169	1461921755211	KO	status.find.is(200), but actually found 400
REQUEST	injecteur 3	3		request_3	1461921755188	1461921755213	OK	 
REQUEST	injecteur 10	5		request_10	1461921755192	1461921755215	OK	 
REQUEST	injecteur 9	6		request_9	1461921755196	1461921755218	OK	 
REQUEST	injecteur 8	4		request_8	1461921755198	1461921755220	OK	 
REQUEST	injecteur 2	9		request_2	1461921755201	1461921755223	OK	 
REQUEST	injecteur 1	7		request_1	1461921755203	1461921755225	OK	 
REQUEST	injecteur 5	10		request_5	1461921755206	1461921755229	OK	 
REQUEST	injecteur 6	8		request_6	1461921755208	1461921755231	OK	 
REQUEST	injecteur 4	1		request_4	1461921755211	1461921755234	OK	 
REQUEST	injecteur 3	3		request_3	1461921755215	1461921755238	OK	 
REQUEST	injecteur 10	5		request_10	1461921755217	1461921755241	OK	 
REQUEST	injecteur 9	6		request_9	1461921755219	1461921755245	OK	 
REQUEST	injecteur 8	4		request_8	1461921755221	1461921755247	OK	 
REQUEST	injecteur 2	9		request_2	1461921755224	1461921755250	OK	 
REQUEST	injecteur 1	7		request_1	1461921755227	1461921755252	OK	 
REQUEST	injecteur 7	2		request_7	1461921755213	1461921755252	KO	status.find.is(200), but actually found 400
REQUEST	injecteur 5	10		request_5	1461921755230	1461921755256	OK	 
REQUEST	injecteur 6	8		request_6	1461921755232	1461921755258	OK	 
REQUEST	injecteur 4	1		request_4	1461921755235	1461921755261	OK	 
REQUEST	injecteur 3	3		request_3	1461921755239	1461921755263	OK	 
REQUEST	injecteur 10	5		request_10	1461921755242	1461921755265	OK	 
REQUEST	injecteur 9	6		request_9	1461921755246	1461921755267	OK	 
REQUEST	injecteur 8	4		request_8	1461921755248	1461921755269	OK	 
REQUEST	injecteur 2	9		request_2	1461921755251	1461921755274	OK	 
REQUEST	injecteur 1	7		request_1	1461921755254	1461921755278	OK	 
REQUEST	injecteur 5	10		request_5	1461921755257	1461921755281	OK	 
REQUEST	injecteur 6	8		request_6	1461921755259	1461921755283	OK	 
REQUEST	injecteur 4	1		request_4	1461921755262	1461921755285	OK	 
REQUEST	injecteur 3	3		request_3	1461921755264	1461921755287	OK	 
REQUEST	injecteur 10	5		request_10	1461921755266	1461921755289	OK	 
REQUEST	injecteur 9	6		request_9	1461921755268	1461921755292	OK	 
REQUEST	injecteur 7	2		request_7	1461921755255	1461921755292	KO	status.find.is(200), but actually found 400
REQUEST	injecteur 8	4		request_8	1461921755270	1461921755296	OK	 
REQUEST	injecteur 2	9		request_2	1461921755275	1461921755298	OK	 
REQUEST	injecteur 1	7		request_1	1461921755280	1461921755301	OK	 
REQUEST	injecteur 5	10		request_5	1461921755282	1461921755303	OK	 
REQUEST	injecteur 6	8		request_6	1461921755284	1461921755306	OK	 
REQUEST	injecteur 4	1		request_4	1461921755286	1461921755308	OK	 
REQUEST	injecteur 3	3		request_3	1461921755288	1461921755310	OK	 
REQUEST	injecteur 10	5		request_10	1461921755290	1461921755314	OK	 
REQUEST	injecteur 9	6		request_9	1461921755293	1461921755315	OK	 
REQUEST	injecteur 8	4		request_8	1461921755297	1461921755319	OK	 
REQUEST	injecteur 2	9		request_2	1461921755299	1461921755321	OK	 
REQUEST	injecteur 1	7		request_1	1461921755302	1461921755323	OK	 
REQUEST	injecteur 5	10		request_5	1461921755304	1461921755325	OK	 
REQUEST	injecteur 6	8		request_6	1461921755306	1461921755327	OK	 
REQUEST	injecteur 4	1		request_4	1461921755309	1461921755330	OK	 
REQUEST	injecteur 7	2		request_7	1461921755294	1461921755330	KO	status.find.is(200), but actually found 400
REQUEST	injecteur 3	3		request_3	1461921755311	1461921755334	OK	 
REQUEST	injecteur 10	5		request_10	1461921755315	1461921755336	OK	 
REQUEST	injecteur 9	6		request_9	1461921755316	1461921755340	OK	 
REQUEST	injecteur 8	4		request_8	1461921755320	1461921755342	OK	 
REQUEST	injecteur 2	9		request_2	1461921755322	1461921755344	OK	 
REQUEST	injecteur 1	7		request_1	1461921755324	1461921755347	OK	 
REQUEST	injecteur 5	10		request_5	1461921755326	1461921755349	OK	 
REQUEST	injecteur 6	8		request_6	1461921755328	1461921755352	OK	 
REQUEST	injecteur 4	1		request_4	1461921755331	1461921755354	OK	 
REQUEST	injecteur 3	3		request_3	1461921755335	1461921755358	OK	 
REQUEST	injecteur 10	5		request_10	1461921755337	1461921755360	OK	 
REQUEST	injecteur 9	6		request_9	1461921755341	1461921755364	OK	 
REQUEST	injecteur 8	4		request_8	1461921755343	1461921755366	OK	 
REQUEST	injecteur 2	9		request_2	1461921755346	1461921755369	OK	 
REQUEST	injecteur 1	7		request_1	1461921755348	1461921755372	OK	 
REQUEST	injecteur 7	2		request_7	1461921755333	1461921755373	KO	status.find.is(200), but actually found 400
REQUEST	injecteur 5	10		request_5	1461921755350	1461921755376	OK	 
REQUEST	injecteur 6	8		request_6	1461921755353	1461921755380	OK	 
REQUEST	injecteur 4	1		request_4	1461921755355	1461921755383	OK	 
REQUEST	injecteur 3	3		request_3	1461921755359	1461921755386	OK	 
REQUEST	injecteur 10	5		request_10	1461921755362	1461921755389	OK	 
REQUEST	injecteur 9	6		request_9	1461921755365	1461921755397	OK	 
REQUEST	injecteur 8	4		request_8	1461921755367	1461921755400	OK	 
REQUEST	injecteur 2	9		request_2	1461921755370	1461921755402	OK	 
REQUEST	injecteur 1	7		request_1	1461921755373	1461921755406	OK	 
REQUEST	injecteur 5	10		request_5	1461921755378	1461921755409	OK	 
REQUEST	injecteur 6	8		request_6	1461921755381	1461921755412	OK	 
REQUEST	injecteur 4	1		request_4	1461921755383	1461921755415	OK	 
REQUEST	injecteur 3	3		request_3	1461921755387	1461921755418	OK	 
REQUEST	injecteur 10	5		request_10	1461921755390	1461921755420	OK	 
REQUEST	injecteur 9	6		request_9	1461921755398	1461921755423	OK	 
REQUEST	injecteur 8	4		request_8	1461921755401	1461921755424	OK	 
REQUEST	injecteur 7	2		request_7	1461921755375	1461921755425	KO	status.find.is(200), but actually found 400
REQUEST	injecteur 2	9		request_2	1461921755403	1461921755429	OK	 
REQUEST	injecteur 1	7		request_1	1461921755407	1461921755431	OK	 
REQUEST	injecteur 5	10		request_5	1461921755410	1461921755433	OK	 
REQUEST	injecteur 6	8		request_6	1461921755413	1461921755435	OK	 
REQUEST	injecteur 4	1		request_4	1461921755416	1461921755436	OK	 
REQUEST	injecteur 3	3		request_3	1461921755419	1461921755439	OK	 
REQUEST	injecteur 10	5		request_10	1461921755422	1461921755441	OK	 
REQUEST	injecteur 9	6		request_9	1461921755424	1461921755446	OK	 
REQUEST	injecteur 8	4		request_8	1461921755425	1461921755448	OK	 
REQUEST	injecteur 2	9		request_2	1461921755430	1461921755452	OK	 
REQUEST	injecteur 1	7		request_1	1461921755432	1461921755455	OK	 
REQUEST	injecteur 5	10		request_5	1461921755434	1461921755456	OK	 
REQUEST	injecteur 6	8		request_6	1461921755435	1461921755459	OK	 
REQUEST	injecteur 4	1		request_4	1461921755437	1461921755462	OK	 
REQUEST	injecteur 7	2		request_7	1461921755427	1461921755463	KO	status.find.is(200), but actually found 400
REQUEST	injecteur 3	3		request_3	1461921755440	1461921755466	OK	 
REQUEST	injecteur 10	5		request_10	1461921755443	1461921755470	OK	 
REQUEST	injecteur 9	6		request_9	1461921755447	1461921755473	OK	 
REQUEST	injecteur 8	4		request_8	1461921755449	1461921755474	OK	 
REQUEST	injecteur 2	9		request_2	1461921755453	1461921755477	OK	 
REQUEST	injecteur 1	7		request_1	1461921755456	1461921755480	OK	 
REQUEST	injecteur 5	10		request_5	1461921755456	1461921755482	OK	 
REQUEST	injecteur 6	8		request_6	1461921755460	1461921755483	OK	 
REQUEST	injecteur 4	1		request_4	1461921755463	1461921755487	OK	 
REQUEST	injecteur 3	3		request_3	1461921755467	1461921755491	OK	 
REQUEST	injecteur 10	5		request_10	1461921755471	1461921755492	OK	 
REQUEST	injecteur 9	6		request_9	1461921755473	1461921755494	OK	 
REQUEST	injecteur 8	4		request_8	1461921755475	1461921755497	OK	 
REQUEST	injecteur 2	9		request_2	1461921755478	1461921755498	OK	 
REQUEST	injecteur 1	7		request_1	1461921755481	1461921755500	OK	 
REQUEST	injecteur 7	2		request_7	1461921755466	1461921755500	KO	status.find.is(200), but actually found 400
REQUEST	injecteur 5	10		request_5	1461921755483	1461921755503	OK	 
REQUEST	injecteur 6	8		request_6	1461921755484	1461921755505	OK	 
REQUEST	injecteur 4	1		request_4	1461921755487	1461921755508	OK	 
REQUEST	injecteur 3	3		request_3	1461921755492	1461921755509	OK	 
REQUEST	injecteur 10	5		request_10	1461921755493	1461921755511	OK	 
REQUEST	injecteur 9	6		request_9	1461921755495	1461921755514	OK	 
REQUEST	injecteur 8	4		request_8	1461921755498	1461921755516	OK	 
REQUEST	injecteur 2	9		request_2	1461921755499	1461921755520	OK	 
REQUEST	injecteur 1	7		request_1	1461921755501	1461921755522	OK	 
REQUEST	injecteur 5	10		request_5	1461921755503	1461921755525	OK	 
REQUEST	injecteur 6	8		request_6	1461921755506	1461921755526	OK	 
REQUEST	injecteur 4	1		request_4	1461921755508	1461921755529	OK	 
REQUEST	injecteur 3	3		request_3	1461921755510	1461921755531	OK	 
REQUEST	injecteur 10	5		request_10	1461921755512	1461921755533	OK	 
REQUEST	injecteur 7	2		request_7	1461921755501	1461921755534	KO	status.find.is(200), but actually found 400
REQUEST	injecteur 9	6		request_9	1461921755514	1461921755536	OK	 
REQUEST	injecteur 8	4		request_8	1461921755517	1461921755539	OK	 
REQUEST	injecteur 2	9		request_2	1461921755521	1461921755541	OK	 
REQUEST	injecteur 1	7		request_1	1461921755523	1461921755543	OK	 
REQUEST	injecteur 5	10		request_5	1461921755525	1461921755548	OK	 
REQUEST	injecteur 6	8		request_6	1461921755527	1461921755550	OK	 
REQUEST	injecteur 4	1		request_4	1461921755530	1461921755559	OK	 
REQUEST	injecteur 3	3		request_3	1461921755532	1461921755563	OK	 
REQUEST	injecteur 10	5		request_10	1461921755534	1461921755567	OK	 
REQUEST	injecteur 9	6		request_9	1461921755537	1461921755570	OK	 
REQUEST	injecteur 8	4		request_8	1461921755540	1461921755573	OK	 
REQUEST	injecteur 2	9		request_2	1461921755542	1461921755574	OK	 
REQUEST	injecteur 1	7		request_1	1461921755544	1461921755576	OK	 
REQUEST	injecteur 5	10		request_5	1461921755549	1461921755578	OK	 
REQUEST	injecteur 6	8		request_6	1461921755557	1461921755581	OK	 
REQUEST	injecteur 7	2		request_7	1461921755535	1461921755582	KO	status.find.is(200), but actually found 400
REQUEST	injecteur 4	1		request_4	1461921755561	1461921755584	OK	 
REQUEST	injecteur 3	3		request_3	1461921755565	1461921755586	OK	 
REQUEST	injecteur 10	5		request_10	1461921755568	1461921755589	OK	 
REQUEST	injecteur 9	6		request_9	1461921755571	1461921755590	OK	 
REQUEST	injecteur 8	4		request_8	1461921755573	1461921755592	OK	 
REQUEST	injecteur 2	9		request_2	1461921755575	1461921755595	OK	 
REQUEST	injecteur 1	7		request_1	1461921755577	1461921755597	OK	 
REQUEST	injecteur 5	10		request_5	1461921755580	1461921755599	OK	 
REQUEST	injecteur 6	8		request_6	1461921755582	1461921755603	OK	 
REQUEST	injecteur 4	1		request_4	1461921755585	1461921755606	OK	 
REQUEST	injecteur 3	3		request_3	1461921755587	1461921755608	OK	 
REQUEST	injecteur 10	5		request_10	1461921755590	1461921755610	OK	 
REQUEST	injecteur 9	6		request_9	1461921755591	1461921755612	OK	 
REQUEST	injecteur 8	4		request_8	1461921755593	1461921755615	OK	 
REQUEST	injecteur 2	9		request_2	1461921755596	1461921755616	OK	 
REQUEST	injecteur 1	7		request_1	1461921755598	1461921755618	OK	 
REQUEST	injecteur 7	2		request_7	1461921755583	1461921755619	KO	status.find.is(200), but actually found 400
REQUEST	injecteur 5	10		request_5	1461921755600	1461921755622	OK	 
REQUEST	injecteur 6	8		request_6	1461921755604	1461921755624	OK	 
REQUEST	injecteur 4	1		request_4	1461921755607	1461921755626	OK	 
REQUEST	injecteur 3	3		request_3	1461921755609	1461921755629	OK	 
REQUEST	injecteur 9	6		request_9	1461921755613	1461921755633	OK	 
REQUEST	injecteur 8	4		request_8	1461921755616	1461921755639	OK	 
REQUEST	injecteur 10	5		request_10	1461921755611	1461921755641	OK	 
REQUEST	injecteur 9	6		request_9	1461921755634	1461921755643	OK	 
REQUEST	injecteur 2	9		request_2	1461921755617	1461921755646	OK	 
REQUEST	injecteur 1	7		request_1	1461921755619	1461921755648	OK	 
REQUEST	injecteur 5	10		request_5	1461921755623	1461921755652	OK	 
REQUEST	injecteur 6	8		request_6	1461921755625	1461921755655	OK	 
REQUEST	injecteur 4	1		request_4	1461921755627	1461921755657	OK	 
REQUEST	injecteur 3	3		request_3	1461921755630	1461921755658	OK	 
REQUEST	injecteur 7	2		request_7	1461921755620	1461921755659	KO	status.find.is(200), but actually found 400
REQUEST	injecteur 8	4		request_8	1461921755640	1461921755664	OK	 
REQUEST	injecteur 10	5		request_10	1461921755642	1461921755666	OK	 
REQUEST	injecteur 9	6		request_9	1461921755644	1461921755668	OK	 
REQUEST	injecteur 2	9		request_2	1461921755647	1461921755669	OK	 
REQUEST	injecteur 1	7		request_1	1461921755649	1461921755671	OK	 
REQUEST	injecteur 5	10		request_5	1461921755653	1461921755673	OK	 
REQUEST	injecteur 6	8		request_6	1461921755656	1461921755676	OK	 
REQUEST	injecteur 4	1		request_4	1461921755657	1461921755679	OK	 
REQUEST	injecteur 3	3		request_3	1461921755659	1461921755681	OK	 
REQUEST	injecteur 8	4		request_8	1461921755665	1461921755684	OK	 
REQUEST	injecteur 10	5		request_10	1461921755666	1461921755685	OK	 
REQUEST	injecteur 9	6		request_9	1461921755668	1461921755687	OK	 
REQUEST	injecteur 2	9		request_2	1461921755670	1461921755691	OK	 
REQUEST	injecteur 1	7		request_1	1461921755673	1461921755693	OK	 
REQUEST	injecteur 5	10		request_5	1461921755674	1461921755695	OK	 
REQUEST	injecteur 6	8		request_6	1461921755677	1461921755698	OK	 
REQUEST	injecteur 7	2		request_7	1461921755660	1461921755697	KO	status.find.is(200), but actually found 400
REQUEST	injecteur 4	1		request_4	1461921755680	1461921755700	OK	 
REQUEST	injecteur 3	3		request_3	1461921755682	1461921755702	OK	 
REQUEST	injecteur 8	4		request_8	1461921755685	1461921755704	OK	 
REQUEST	injecteur 10	5		request_10	1461921755686	1461921755707	OK	 
REQUEST	injecteur 9	6		request_9	1461921755688	1461921755708	OK	 
REQUEST	injecteur 2	9		request_2	1461921755692	1461921755710	OK	 
REQUEST	injecteur 5	10		request_5	1461921755696	1461921755718	OK	 
REQUEST	injecteur 1	7		request_1	1461921755694	1461921755718	OK	 
REQUEST	injecteur 6	8		request_6	1461921755699	1461921755720	OK	 
REQUEST	injecteur 4	1		request_4	1461921755700	1461921755724	OK	 
REQUEST	injecteur 3	3		request_3	1461921755703	1461921755726	OK	 
REQUEST	injecteur 8	4		request_8	1461921755705	1461921755727	OK	 
REQUEST	injecteur 10	5		request_10	1461921755707	1461921755730	OK	 
REQUEST	injecteur 9	6		request_9	1461921755709	1461921755732	OK	 
REQUEST	injecteur 7	2		request_7	1461921755699	1461921755734	KO	status.find.is(200), but actually found 400
REQUEST	injecteur 2	9		request_2	1461921755711	1461921755737	OK	 
REQUEST	injecteur 1	7		request_1	1461921755718	1461921755740	OK	 
REQUEST	injecteur 5	10		request_5	1461921755718	1461921755742	OK	 
REQUEST	injecteur 6	8		request_6	1461921755722	1461921755745	OK	 
REQUEST	injecteur 4	1		request_4	1461921755725	1461921755749	OK	 
REQUEST	injecteur 3	3		request_3	1461921755727	1461921755750	OK	 
REQUEST	injecteur 8	4		request_8	1461921755728	1461921755754	OK	 
REQUEST	injecteur 3	3		request_3	1461921755751	1461921755760	OK	 
REQUEST	injecteur 10	5		request_10	1461921755731	1461921755763	OK	 
REQUEST	injecteur 9	6		request_9	1461921755732	1461921755766	OK	 
REQUEST	injecteur 2	9		request_2	1461921755738	1461921755770	OK	 
REQUEST	injecteur 1	7		request_1	1461921755741	1461921755773	OK	 
REQUEST	injecteur 5	10		request_5	1461921755743	1461921755774	OK	 
REQUEST	injecteur 6	8		request_6	1461921755747	1461921755777	OK	 
REQUEST	injecteur 4	1		request_4	1461921755750	1461921755779	OK	 
REQUEST	injecteur 7	2		request_7	1461921755735	1461921755781	KO	status.find.is(200), but actually found 400
REQUEST	injecteur 8	4		request_8	1461921755755	1461921755783	OK	 
REQUEST	injecteur 3	3		request_3	1461921755761	1461921755787	OK	 
REQUEST	injecteur 10	5		request_10	1461921755764	1461921755791	OK	 
REQUEST	injecteur 9	6		request_9	1461921755767	1461921755792	OK	 
REQUEST	injecteur 2	9		request_2	1461921755772	1461921755794	OK	 
REQUEST	injecteur 1	7		request_1	1461921755774	1461921755797	OK	 
REQUEST	injecteur 5	10		request_5	1461921755775	1461921755799	OK	 
REQUEST	injecteur 6	8		request_6	1461921755778	1461921755801	OK	 
REQUEST	injecteur 4	1		request_4	1461921755780	1461921755804	OK	 
REQUEST	injecteur 8	4		request_8	1461921755784	1461921755807	OK	 
REQUEST	injecteur 3	3		request_3	1461921755788	1461921755808	OK	 
REQUEST	injecteur 10	5		request_10	1461921755792	1461921755810	OK	 
REQUEST	injecteur 9	6		request_9	1461921755793	1461921755812	OK	 
REQUEST	injecteur 2	9		request_2	1461921755795	1461921755815	OK	 
REQUEST	injecteur 1	7		request_1	1461921755798	1461921755817	OK	 
REQUEST	injecteur 5	10		request_5	1461921755800	1461921755819	OK	 
REQUEST	injecteur 7	2		request_7	1461921755783	1461921755820	KO	status.find.is(200), but actually found 400
REQUEST	injecteur 6	8		request_6	1461921755802	1461921755822	OK	 
REQUEST	injecteur 4	1		request_4	1461921755805	1461921755825	OK	 
REQUEST	injecteur 8	4		request_8	1461921755808	1461921755827	OK	 
REQUEST	injecteur 3	3		request_3	1461921755809	1461921755829	OK	 
REQUEST	injecteur 10	5		request_10	1461921755810	1461921755832	OK	 
REQUEST	injecteur 9	6		request_9	1461921755813	1461921755833	OK	 
REQUEST	injecteur 2	9		request_2	1461921755816	1461921755835	OK	 
REQUEST	injecteur 1	7		request_1	1461921755818	1461921755837	OK	 
REQUEST	injecteur 5	10		request_5	1461921755819	1461921755841	OK	 
REQUEST	injecteur 6	8		request_6	1461921755822	1461921755845	OK	 
REQUEST	injecteur 4	1		request_4	1461921755826	1461921755848	OK	 
REQUEST	injecteur 8	4		request_8	1461921755828	1461921755850	OK	 
REQUEST	injecteur 3	3		request_3	1461921755830	1461921755852	OK	 
REQUEST	injecteur 10	5		request_10	1461921755833	1461921755856	OK	 
REQUEST	injecteur 9	6		request_9	1461921755834	1461921755860	OK	 
REQUEST	injecteur 2	9		request_2	1461921755836	1461921755862	OK	 
REQUEST	injecteur 7	2		request_7	1461921755822	1461921755861	KO	status.find.is(200), but actually found 400
REQUEST	injecteur 1	7		request_1	1461921755838	1461921755865	OK	 
REQUEST	injecteur 5	10		request_5	1461921755842	1461921755869	OK	 
REQUEST	injecteur 6	8		request_6	1461921755846	1461921755870	OK	 
REQUEST	injecteur 4	1		request_4	1461921755849	1461921755873	OK	 
REQUEST	injecteur 8	4		request_8	1461921755850	1461921755875	OK	 
REQUEST	injecteur 3	3		request_3	1461921755853	1461921755877	OK	 
REQUEST	injecteur 10	5		request_10	1461921755857	1461921755879	OK	 
REQUEST	injecteur 9	6		request_9	1461921755860	1461921755882	OK	 
REQUEST	injecteur 2	9		request_2	1461921755863	1461921755886	OK	 
REQUEST	injecteur 1	7		request_1	1461921755868	1461921755888	OK	 
REQUEST	injecteur 5	10		request_5	1461921755870	1461921755890	OK	 
REQUEST	injecteur 6	8		request_6	1461921755871	1461921755894	OK	 
REQUEST	injecteur 4	1		request_4	1461921755874	1461921755897	OK	 
REQUEST	injecteur 8	4		request_8	1461921755876	1461921755899	OK	 
REQUEST	injecteur 3	3		request_3	1461921755877	1461921755901	OK	 
REQUEST	injecteur 7	2		request_7	1461921755863	1461921755902	KO	status.find.is(200), but actually found 400
REQUEST	injecteur 5	10		request_5	1461921755891	1461921755906	OK	 
REQUEST	injecteur 10	5		request_10	1461921755880	1461921755907	OK	 
REQUEST	injecteur 9	6		request_9	1461921755883	1461921755909	OK	 
REQUEST	injecteur 2	9		request_2	1461921755887	1461921755911	OK	 
REQUEST	injecteur 1	7		request_1	1461921755890	1461921755913	OK	 
REQUEST	injecteur 6	8		request_6	1461921755895	1461921755916	OK	 
REQUEST	injecteur 4	1		request_4	1461921755899	1461921755917	OK	 
REQUEST	injecteur 8	4		request_8	1461921755900	1461921755920	OK	 
REQUEST	injecteur 3	3		request_3	1461921755902	1461921755925	OK	 
REQUEST	injecteur 5	10		request_5	1461921755907	1461921755927	OK	 
REQUEST	injecteur 10	5		request_10	1461921755908	1461921755929	OK	 
REQUEST	injecteur 9	6		request_9	1461921755910	1461921755932	OK	 
REQUEST	injecteur 2	9		request_2	1461921755912	1461921755934	OK	 
REQUEST	injecteur 1	7		request_1	1461921755914	1461921755936	OK	 
REQUEST	injecteur 6	8		request_6	1461921755917	1461921755939	OK	 
REQUEST	injecteur 4	1		request_4	1461921755918	1461921755940	OK	 
REQUEST	injecteur 7	2		request_7	1461921755903	1461921755941	KO	status.find.is(200), but actually found 400
REQUEST	injecteur 8	4		request_8	1461921755921	1461921755943	OK	 
REQUEST	injecteur 3	3		request_3	1461921755926	1461921755944	OK	 
REQUEST	injecteur 5	10		request_5	1461921755928	1461921755946	OK	 
REQUEST	injecteur 10	5		request_10	1461921755930	1461921755948	OK	 
REQUEST	injecteur 9	6		request_9	1461921755933	1461921755950	OK	 
REQUEST	injecteur 2	9		request_2	1461921755935	1461921755952	OK	 
REQUEST	injecteur 1	7		request_1	1461921755937	1461921755954	OK	 
REQUEST	injecteur 6	8		request_6	1461921755939	1461921755956	OK	 
REQUEST	injecteur 4	1		request_4	1461921755941	1461921755959	OK	 
REQUEST	injecteur 8	4		request_8	1461921755943	1461921755962	OK	 
REQUEST	injecteur 3	3		request_3	1461921755945	1461921755964	OK	 
REQUEST	injecteur 5	10		request_5	1461921755947	1461921755966	OK	 
REQUEST	injecteur 10	5		request_10	1461921755950	1461921755968	OK	 
REQUEST	injecteur 9	6		request_9	1461921755951	1461921755969	OK	 
REQUEST	injecteur 2	9		request_2	1461921755953	1461921755972	OK	 
REQUEST	injecteur 1	7		request_1	1461921755955	1461921755973	OK	 
REQUEST	injecteur 7	2		request_7	1461921755942	1461921755974	KO	status.find.is(200), but actually found 400
REQUEST	injecteur 6	8		request_6	1461921755957	1461921755976	OK	 
REQUEST	injecteur 4	1		request_4	1461921755960	1461921755978	OK	 
REQUEST	injecteur 8	4		request_8	1461921755963	1461921755980	OK	 
REQUEST	injecteur 3	3		request_3	1461921755965	1461921755982	OK	 
REQUEST	injecteur 5	10		request_5	1461921755967	1461921755984	OK	 
REQUEST	injecteur 10	5		request_10	1461921755969	1461921755986	OK	 
REQUEST	injecteur 9	6		request_9	1461921755970	1461921755990	OK	 
REQUEST	injecteur 2	9		request_2	1461921755972	1461921755992	OK	 
REQUEST	injecteur 1	7		request_1	1461921755974	1461921755996	OK	 
REQUEST	injecteur 6	8		request_6	1461921755977	1461921756000	OK	 
REQUEST	injecteur 4	1		request_4	1461921755979	1461921756002	OK	 
REQUEST	injecteur 8	4		request_8	1461921755981	1461921756004	OK	 
REQUEST	injecteur 3	3		request_3	1461921755983	1461921756006	OK	 
REQUEST	injecteur 5	10		request_5	1461921755985	1461921756008	OK	 
REQUEST	injecteur 10	5		request_10	1461921755987	1461921756009	OK	 
REQUEST	injecteur 9	6		request_9	1461921755991	1461921756011	OK	 
REQUEST	injecteur 7	2		request_7	1461921755976	1461921756011	KO	status.find.is(200), but actually found 400
REQUEST	injecteur 2	9		request_2	1461921755993	1461921756013	OK	 
REQUEST	injecteur 1	7		request_1	1461921755996	1461921756015	OK	 
REQUEST	injecteur 6	8		request_6	1461921756001	1461921756018	OK	 
REQUEST	injecteur 4	1		request_4	1461921756003	1461921756019	OK	 
REQUEST	injecteur 8	4		request_8	1461921756005	1461921756021	OK	 
REQUEST	injecteur 3	3		request_3	1461921756007	1461921756023	OK	 
REQUEST	injecteur 5	10		request_5	1461921756008	1461921756025	OK	 
REQUEST	injecteur 10	5		request_10	1461921756009	1461921756027	OK	 
REQUEST	injecteur 9	6		request_9	1461921756011	1461921756030	OK	 
REQUEST	injecteur 2	9		request_2	1461921756014	1461921756033	OK	 
REQUEST	injecteur 1	7		request_1	1461921756016	1461921756035	OK	 
REQUEST	injecteur 6	8		request_6	1461921756018	1461921756037	OK	 
REQUEST	injecteur 4	1		request_4	1461921756020	1461921756039	OK	 
REQUEST	injecteur 8	4		request_8	1461921756022	1461921756041	OK	 
REQUEST	injecteur 3	3		request_3	1461921756024	1461921756043	OK	 
REQUEST	injecteur 7	2		request_7	1461921756012	1461921756044	KO	status.find.is(200), but actually found 400
REQUEST	injecteur 5	10		request_5	1461921756026	1461921756048	OK	 
REQUEST	injecteur 10	5		request_10	1461921756027	1461921756050	OK	 
REQUEST	injecteur 9	6		request_9	1461921756030	1461921756052	OK	 
REQUEST	injecteur 2	9		request_2	1461921756034	1461921756054	OK	 
REQUEST	injecteur 1	7		request_1	1461921756035	1461921756056	OK	 
REQUEST	injecteur 6	8		request_6	1461921756037	1461921756058	OK	 
REQUEST	injecteur 4	1		request_4	1461921756040	1461921756060	OK	 
REQUEST	injecteur 8	4		request_8	1461921756042	1461921756062	OK	 
REQUEST	injecteur 3	3		request_3	1461921756043	1461921756066	OK	 
REQUEST	injecteur 5	10		request_5	1461921756049	1461921756070	OK	 
REQUEST	injecteur 10	5		request_10	1461921756051	1461921756073	OK	 
REQUEST	injecteur 9	6		request_9	1461921756053	1461921756075	OK	 
REQUEST	injecteur 2	9		request_2	1461921756054	1461921756077	OK	 
REQUEST	injecteur 1	7		request_1	1461921756057	1461921756079	OK	 
REQUEST	injecteur 6	8		request_6	1461921756059	1461921756080	OK	 
REQUEST	injecteur 4	1		request_4	1461921756061	1461921756082	OK	 
REQUEST	injecteur 7	2		request_7	1461921756045	1461921756083	KO	status.find.is(200), but actually found 400
REQUEST	injecteur 8	4		request_8	1461921756063	1461921756086	OK	 
REQUEST	injecteur 3	3		request_3	1461921756067	1461921756087	OK	 
REQUEST	injecteur 5	10		request_5	1461921756071	1461921756090	OK	 
REQUEST	injecteur 10	5		request_10	1461921756074	1461921756092	OK	 
REQUEST	injecteur 9	6		request_9	1461921756076	1461921756093	OK	 
REQUEST	injecteur 2	9		request_2	1461921756077	1461921756094	OK	 
REQUEST	injecteur 1	7		request_1	1461921756079	1461921756096	OK	 
REQUEST	injecteur 6	8		request_6	1461921756081	1461921756100	OK	 
REQUEST	injecteur 4	1		request_4	1461921756083	1461921756101	OK	 
REQUEST	injecteur 8	4		request_8	1461921756086	1461921756106	OK	 
REQUEST	injecteur 3	3		request_3	1461921756088	1461921756108	OK	 
REQUEST	injecteur 5	10		request_5	1461921756090	1461921756112	OK	 
REQUEST	injecteur 10	5		request_10	1461921756092	1461921756118	OK	 
REQUEST	injecteur 9	6		request_9	1461921756094	1461921756120	OK	 
REQUEST	injecteur 2	9		request_2	1461921756095	1461921756123	OK	 
REQUEST	injecteur 7	2		request_7	1461921756085	1461921756124	KO	status.find.is(200), but actually found 400
REQUEST	injecteur 1	7		request_1	1461921756097	1461921756126	OK	 
REQUEST	injecteur 6	8		request_6	1461921756100	1461921756128	OK	 
REQUEST	injecteur 4	1		request_4	1461921756102	1461921756129	OK	 
REQUEST	injecteur 8	4		request_8	1461921756107	1461921756131	OK	 
REQUEST	injecteur 3	3		request_3	1461921756109	1461921756133	OK	 
REQUEST	injecteur 5	10		request_5	1461921756113	1461921756135	OK	 
REQUEST	injecteur 10	5		request_10	1461921756119	1461921756136	OK	 
REQUEST	injecteur 9	6		request_9	1461921756120	1461921756139	OK	 
REQUEST	injecteur 2	9		request_2	1461921756124	1461921756143	OK	 
REQUEST	injecteur 1	7		request_1	1461921756127	1461921756146	OK	 
REQUEST	injecteur 6	8		request_6	1461921756128	1461921756147	OK	 
REQUEST	injecteur 4	1		request_4	1461921756130	1461921756149	OK	 
REQUEST	injecteur 8	4		request_8	1461921756132	1461921756151	OK	 
REQUEST	injecteur 3	3		request_3	1461921756134	1461921756153	OK	 
REQUEST	injecteur 5	10		request_5	1461921756135	1461921756154	OK	 
REQUEST	injecteur 10	5		request_10	1461921756137	1461921756156	OK	 
REQUEST	injecteur 7	2		request_7	1461921756126	1461921756157	KO	status.find.is(200), but actually found 400
REQUEST	injecteur 9	6		request_9	1461921756141	1461921756158	OK	 
REQUEST	injecteur 2	9		request_2	1461921756144	1461921756160	OK	 
REQUEST	injecteur 1	7		request_1	1461921756147	1461921756162	OK	 
REQUEST	injecteur 6	8		request_6	1461921756148	1461921756163	OK	 
REQUEST	injecteur 4	1		request_4	1461921756150	1461921756166	OK	 
REQUEST	injecteur 8	4		request_8	1461921756151	1461921756168	OK	 
REQUEST	injecteur 3	3		request_3	1461921756153	1461921756170	OK	 
REQUEST	injecteur 5	10		request_5	1461921756155	1461921756175	OK	 
REQUEST	injecteur 10	5		request_10	1461921756157	1461921756177	OK	 
REQUEST	injecteur 9	6		request_9	1461921756159	1461921756181	OK	 
REQUEST	injecteur 2	9		request_2	1461921756161	1461921756183	OK	 
REQUEST	injecteur 1	7		request_1	1461921756163	1461921756185	OK	 
REQUEST	injecteur 6	8		request_6	1461921756164	1461921756187	OK	 
REQUEST	injecteur 4	1		request_4	1461921756167	1461921756190	OK	 
REQUEST	injecteur 8	4		request_8	1461921756169	1461921756192	OK	 
REQUEST	injecteur 7	2		request_7	1461921756158	1461921756193	KO	status.find.is(200), but actually found 400
REQUEST	injecteur 3	3		request_3	1461921756172	1461921756198	OK	 
REQUEST	injecteur 5	10		request_5	1461921756176	1461921756200	OK	 
REQUEST	injecteur 10	5		request_10	1461921756178	1461921756202	OK	 
REQUEST	injecteur 9	6		request_9	1461921756182	1461921756206	OK	 
REQUEST	injecteur 2	9		request_2	1461921756184	1461921756207	OK	 
REQUEST	injecteur 1	7		request_1	1461921756186	1461921756209	OK	 
REQUEST	injecteur 6	8		request_6	1461921756188	1461921756211	OK	 
REQUEST	injecteur 4	1		request_4	1461921756191	1461921756213	OK	 
REQUEST	injecteur 8	4		request_8	1461921756193	1461921756216	OK	 
REQUEST	injecteur 3	3		request_3	1461921756199	1461921756219	OK	 
REQUEST	injecteur 5	10		request_5	1461921756201	1461921756220	OK	 
REQUEST	injecteur 10	5		request_10	1461921756204	1461921756222	OK	 
REQUEST	injecteur 9	6		request_9	1461921756207	1461921756224	OK	 
REQUEST	injecteur 2	9		request_2	1461921756208	1461921756225	OK	 
REQUEST	injecteur 1	7		request_1	1461921756210	1461921756227	OK	 
REQUEST	injecteur 7	2		request_7	1461921756195	1461921756227	KO	status.find.is(200), but actually found 400
REQUEST	injecteur 6	8		request_6	1461921756212	1461921756229	OK	 
REQUEST	injecteur 4	1		request_4	1461921756213	1461921756232	OK	 
REQUEST	injecteur 8	4		request_8	1461921756217	1461921756234	OK	 
REQUEST	injecteur 3	3		request_3	1461921756220	1461921756236	OK	 
REQUEST	injecteur 5	10		request_5	1461921756221	1461921756238	OK	 
REQUEST	injecteur 10	5		request_10	1461921756223	1461921756240	OK	 
REQUEST	injecteur 9	6		request_9	1461921756224	1461921756241	OK	 
REQUEST	injecteur 2	9		request_2	1461921756226	1461921756245	OK	 
REQUEST	injecteur 1	7		request_1	1461921756228	1461921756246	OK	 
REQUEST	injecteur 6	8		request_6	1461921756230	1461921756249	OK	 
REQUEST	injecteur 4	1		request_4	1461921756232	1461921756251	OK	 
REQUEST	injecteur 8	4		request_8	1461921756234	1461921756253	OK	 
REQUEST	injecteur 3	3		request_3	1461921756236	1461921756255	OK	 
REQUEST	injecteur 5	10		request_5	1461921756239	1461921756257	OK	 
REQUEST	injecteur 10	5		request_10	1461921756241	1461921756258	OK	 
REQUEST	injecteur 7	2		request_7	1461921756228	1461921756260	KO	status.find.is(200), but actually found 400
REQUEST	injecteur 9	6		request_9	1461921756242	1461921756261	OK	 
REQUEST	injecteur 2	9		request_2	1461921756245	1461921756264	OK	 
REQUEST	injecteur 1	7		request_1	1461921756247	1461921756266	OK	 
REQUEST	injecteur 6	8		request_6	1461921756250	1461921756268	OK	 
REQUEST	injecteur 4	1		request_4	1461921756252	1461921756270	OK	 
REQUEST	injecteur 8	4		request_8	1461921756254	1461921756272	OK	 
REQUEST	injecteur 3	3		request_3	1461921756256	1461921756274	OK	 
REQUEST	injecteur 5	10		request_5	1461921756257	1461921756276	OK	 
REQUEST	injecteur 10	5		request_10	1461921756259	1461921756280	OK	 
REQUEST	injecteur 9	6		request_9	1461921756262	1461921756283	OK	 
REQUEST	injecteur 2	9		request_2	1461921756264	1461921756285	OK	 
REQUEST	injecteur 1	7		request_1	1461921756267	1461921756287	OK	 
REQUEST	injecteur 6	8		request_6	1461921756269	1461921756289	OK	 
REQUEST	injecteur 4	1		request_4	1461921756271	1461921756290	OK	 
REQUEST	injecteur 8	4		request_8	1461921756273	1461921756292	OK	 
REQUEST	injecteur 3	3		request_3	1461921756275	1461921756294	OK	 
REQUEST	injecteur 7	2		request_7	1461921756262	1461921756295	KO	status.find.is(200), but actually found 400
REQUEST	injecteur 5	10		request_5	1461921756277	1461921756297	OK	 
REQUEST	injecteur 10	5		request_10	1461921756280	1461921756298	OK	 
REQUEST	injecteur 9	6		request_9	1461921756284	1461921756301	OK	 
REQUEST	injecteur 2	9		request_2	1461921756286	1461921756303	OK	 
REQUEST	injecteur 1	7		request_1	1461921756288	1461921756306	OK	 
REQUEST	injecteur 6	8		request_6	1461921756289	1461921756308	OK	 
REQUEST	injecteur 4	1		request_4	1461921756291	1461921756310	OK	 
REQUEST	injecteur 8	4		request_8	1461921756293	1461921756312	OK	 
REQUEST	injecteur 3	3		request_3	1461921756295	1461921756316	OK	 
REQUEST	injecteur 5	10		request_5	1461921756298	1461921756320	OK	 
REQUEST	injecteur 10	5		request_10	1461921756299	1461921756321	OK	 
REQUEST	injecteur 9	6		request_9	1461921756302	1461921756324	OK	 
REQUEST	injecteur 2	9		request_2	1461921756304	1461921756325	OK	 
REQUEST	injecteur 1	7		request_1	1461921756307	1461921756326	OK	 
REQUEST	injecteur 6	8		request_6	1461921756309	1461921756329	OK	 
REQUEST	injecteur 4	1		request_4	1461921756311	1461921756331	OK	 
REQUEST	injecteur 7	2		request_7	1461921756296	1461921756331	KO	status.find.is(200), but actually found 400
REQUEST	injecteur 8	4		request_8	1461921756313	1461921756336	OK	 
REQUEST	injecteur 3	3		request_3	1461921756317	1461921756339	OK	 
REQUEST	injecteur 5	10		request_5	1461921756321	1461921756341	OK	 
REQUEST	injecteur 10	5		request_10	1461921756322	1461921756343	OK	 
REQUEST	injecteur 9	6		request_9	1461921756324	1461921756346	OK	 
REQUEST	injecteur 2	9		request_2	1461921756326	1461921756348	OK	 
REQUEST	injecteur 1	7		request_1	1461921756327	1461921756350	OK	 
REQUEST	injecteur 6	8		request_6	1461921756329	1461921756352	OK	 
REQUEST	injecteur 4	1		request_4	1461921756331	1461921756355	OK	 
REQUEST	injecteur 8	4		request_8	1461921756337	1461921756358	OK	 
REQUEST	injecteur 3	3		request_3	1461921756340	1461921756359	OK	 
REQUEST	injecteur 5	10		request_5	1461921756342	1461921756361	OK	 
REQUEST	injecteur 10	5		request_10	1461921756344	1461921756363	OK	 
REQUEST	injecteur 9	6		request_9	1461921756347	1461921756364	OK	 
REQUEST	injecteur 2	9		request_2	1461921756349	1461921756366	OK	 
REQUEST	injecteur 1	7		request_1	1461921756351	1461921756368	OK	 
REQUEST	injecteur 7	2		request_7	1461921756333	1461921756368	KO	status.find.is(200), but actually found 400
REQUEST	injecteur 6	8		request_6	1461921756353	1461921756370	OK	 
REQUEST	injecteur 4	1		request_4	1461921756356	1461921756374	OK	 
REQUEST	injecteur 8	4		request_8	1461921756358	1461921756376	OK	 
REQUEST	injecteur 3	3		request_3	1461921756360	1461921756377	OK	 
REQUEST	injecteur 5	10		request_5	1461921756361	1461921756379	OK	 
REQUEST	injecteur 10	5		request_10	1461921756363	1461921756380	OK	 
REQUEST	injecteur 9	6		request_9	1461921756365	1461921756382	OK	 
REQUEST	injecteur 2	9		request_2	1461921756367	1461921756385	OK	 
REQUEST	injecteur 1	7		request_1	1461921756368	1461921756387	OK	 
REQUEST	injecteur 6	8		request_6	1461921756371	1461921756391	OK	 
REQUEST	injecteur 4	1		request_4	1461921756375	1461921756392	OK	 
REQUEST	injecteur 8	4		request_8	1461921756377	1461921756394	OK	 
REQUEST	injecteur 3	3		request_3	1461921756378	1461921756395	OK	 
REQUEST	injecteur 5	10		request_5	1461921756380	1461921756397	OK	 
REQUEST	injecteur 10	5		request_10	1461921756381	1461921756398	OK	 
REQUEST	injecteur 7	2		request_7	1461921756370	1461921756399	KO	status.find.is(200), but actually found 400
REQUEST	injecteur 9	6		request_9	1461921756383	1461921756401	OK	 
REQUEST	injecteur 2	9		request_2	1461921756386	1461921756404	OK	 
REQUEST	injecteur 1	7		request_1	1461921756388	1461921756406	OK	 
REQUEST	injecteur 6	8		request_6	1461921756391	1461921756408	OK	 
REQUEST	injecteur 4	1		request_4	1461921756393	1461921756410	OK	 
REQUEST	injecteur 8	4		request_8	1461921756394	1461921756411	OK	 
REQUEST	injecteur 3	3		request_3	1461921756396	1461921756413	OK	 
REQUEST	injecteur 5	10		request_5	1461921756398	1461921756415	OK	 
REQUEST	injecteur 10	5		request_10	1461921756399	1461921756418	OK	 
REQUEST	injecteur 9	6		request_9	1461921756402	1461921756421	OK	 
REQUEST	injecteur 2	9		request_2	1461921756404	1461921756423	OK	 
REQUEST	injecteur 1	7		request_1	1461921756407	1461921756424	OK	 
REQUEST	injecteur 6	8		request_6	1461921756409	1461921756426	OK	 
REQUEST	injecteur 4	1		request_4	1461921756410	1461921756428	OK	 
REQUEST	injecteur 8	4		request_8	1461921756412	1461921756429	OK	 
REQUEST	injecteur 3	3		request_3	1461921756414	1461921756430	OK	 
REQUEST	injecteur 7	2		request_7	1461921756401	1461921756431	KO	status.find.is(200), but actually found 400
REQUEST	injecteur 5	10		request_5	1461921756415	1461921756433	OK	 
REQUEST	injecteur 10	5		request_10	1461921756419	1461921756435	OK	 
REQUEST	injecteur 9	6		request_9	1461921756421	1461921756438	OK	 
REQUEST	injecteur 2	9		request_2	1461921756423	1461921756440	OK	 
REQUEST	injecteur 1	7		request_1	1461921756425	1461921756441	OK	 
REQUEST	injecteur 6	8		request_6	1461921756427	1461921756444	OK	 
REQUEST	injecteur 4	1		request_4	1461921756428	1461921756445	OK	 
REQUEST	injecteur 8	4		request_8	1461921756430	1461921756448	OK	 
REQUEST	injecteur 3	3		request_3	1461921756431	1461921756450	OK	 
REQUEST	injecteur 5	10		request_5	1461921756434	1461921756455	OK	 
REQUEST	injecteur 10	5		request_10	1461921756436	1461921756457	OK	 
REQUEST	injecteur 9	6		request_9	1461921756439	1461921756459	OK	 
REQUEST	injecteur 2	9		request_2	1461921756441	1461921756460	OK	 
REQUEST	injecteur 1	7		request_1	1461921756442	1461921756462	OK	 
REQUEST	injecteur 6	8		request_6	1461921756444	1461921756464	OK	 
REQUEST	injecteur 7	2		request_7	1461921756432	1461921756464	KO	status.find.is(200), but actually found 400
REQUEST	injecteur 4	1		request_4	1461921756446	1461921756467	OK	 
REQUEST	injecteur 8	4		request_8	1461921756449	1461921756471	OK	 
REQUEST	injecteur 5	10		request_5	1461921756456	1461921756476	OK	 
REQUEST	injecteur 3	3		request_3	1461921756451	1461921756479	OK	 
REQUEST	injecteur 10	5		request_10	1461921756458	1461921756481	OK	 
REQUEST	injecteur 9	6		request_9	1461921756460	1461921756482	OK	 
REQUEST	injecteur 2	9		request_2	1461921756461	1461921756484	OK	 
REQUEST	injecteur 5	10		request_5	1461921756477	1461921756490	OK	 
REQUEST	injecteur 1	7		request_1	1461921756463	1461921756491	OK	 
REQUEST	injecteur 6	8		request_6	1461921756464	1461921756493	OK	 
REQUEST	injecteur 4	1		request_4	1461921756468	1461921756496	OK	 
REQUEST	injecteur 8	4		request_8	1461921756472	1461921756497	OK	 
REQUEST	injecteur 3	3		request_3	1461921756479	1461921756499	OK	 
REQUEST	injecteur 10	5		request_10	1461921756481	1461921756502	OK	 
REQUEST	injecteur 9	6		request_9	1461921756483	1461921756506	OK	 
REQUEST	injecteur 7	2		request_7	1461921756466	1461921756506	KO	status.find.is(200), but actually found 400
REQUEST	injecteur 2	9		request_2	1461921756486	1461921756511	OK	 
REQUEST	injecteur 5	10		request_5	1461921756490	1461921756513	OK	 
REQUEST	injecteur 1	7		request_1	1461921756492	1461921756518	OK	 
REQUEST	injecteur 6	8		request_6	1461921756493	1461921756519	OK	 
REQUEST	injecteur 4	1		request_4	1461921756496	1461921756524	OK	 
REQUEST	injecteur 8	4		request_8	1461921756498	1461921756525	OK	 
REQUEST	injecteur 3	3		request_3	1461921756500	1461921756527	OK	 
REQUEST	injecteur 10	5		request_10	1461921756503	1461921756528	OK	 
REQUEST	injecteur 5	10		request_5	1461921756514	1461921756532	OK	 
REQUEST	injecteur 9	6		request_9	1461921756507	1461921756533	OK	 
REQUEST	injecteur 2	9		request_2	1461921756511	1461921756538	OK	 
REQUEST	injecteur 1	7		request_1	1461921756519	1461921756539	OK	 
REQUEST	injecteur 6	8		request_6	1461921756520	1461921756541	OK	 
REQUEST	injecteur 4	1		request_4	1461921756524	1461921756543	OK	 
REQUEST	injecteur 8	4		request_8	1461921756526	1461921756544	OK	 
REQUEST	injecteur 3	3		request_3	1461921756528	1461921756546	OK	 
REQUEST	injecteur 7	2		request_7	1461921756509	1461921756548	KO	status.find.is(200), but actually found 400
REQUEST	injecteur 10	5		request_10	1461921756529	1461921756549	OK	 
REQUEST	injecteur 5	10		request_5	1461921756532	1461921756552	OK	 
REQUEST	injecteur 9	6		request_9	1461921756534	1461921756557	OK	 
REQUEST	injecteur 2	9		request_2	1461921756539	1461921756559	OK	 
REQUEST	injecteur 1	7		request_1	1461921756540	1461921756560	OK	 
REQUEST	injecteur 6	8		request_6	1461921756542	1461921756563	OK	 
REQUEST	injecteur 4	1		request_4	1461921756543	1461921756565	OK	 
REQUEST	injecteur 8	4		request_8	1461921756545	1461921756568	OK	 
REQUEST	injecteur 10	5		request_10	1461921756549	1461921756579	OK	 
REQUEST	injecteur 3	3		request_3	1461921756547	1461921756580	OK	 
REQUEST	injecteur 1	7		request_1	1461921756560	1461921756580	OK	 
REQUEST	injecteur 5	10		request_5	1461921756553	1461921756580	OK	 
REQUEST	injecteur 9	6		request_9	1461921756558	1461921756583	OK	 
REQUEST	injecteur 2	9		request_2	1461921756560	1461921756586	OK	 
REQUEST	injecteur 6	8		request_6	1461921756564	1461921756588	OK	 
REQUEST	injecteur 4	1		request_4	1461921756566	1461921756590	OK	 
REQUEST	injecteur 7	2		request_7	1461921756549	1461921756591	KO	status.find.is(200), but actually found 400
REQUEST	injecteur 8	4		request_8	1461921756569	1461921756593	OK	 
REQUEST	injecteur 10	5		request_10	1461921756579	1461921756595	OK	 
REQUEST	injecteur 3	3		request_3	1461921756581	1461921756596	OK	 
REQUEST	injecteur 5	10		request_5	1461921756582	1461921756598	OK	 
REQUEST	injecteur 1	7		request_1	1461921756581	1461921756599	OK	 
REQUEST	injecteur 9	6		request_9	1461921756585	1461921756601	OK	 
REQUEST	injecteur 2	9		request_2	1461921756587	1461921756603	OK	 
REQUEST	injecteur 6	8		request_6	1461921756589	1461921756605	OK	 
REQUEST	injecteur 4	1		request_4	1461921756591	1461921756608	OK	 
REQUEST	injecteur 8	4		request_8	1461921756594	1461921756611	OK	 
REQUEST	injecteur 10	5		request_10	1461921756595	1461921756612	OK	 
REQUEST	injecteur 3	3		request_3	1461921756597	1461921756614	OK	 
REQUEST	injecteur 5	10		request_5	1461921756599	1461921756616	OK	 
REQUEST	injecteur 1	7		request_1	1461921756600	1461921756617	OK	 
REQUEST	injecteur 9	6		request_9	1461921756602	1461921756619	OK	 
REQUEST	injecteur 2	9		request_2	1461921756604	1461921756621	OK	 
REQUEST	injecteur 7	2		request_7	1461921756592	1461921756621	KO	status.find.is(200), but actually found 400
REQUEST	injecteur 6	8		request_6	1461921756606	1461921756623	OK	 
REQUEST	injecteur 4	1		request_4	1461921756609	1461921756625	OK	 
REQUEST	injecteur 8	4		request_8	1461921756612	1461921756627	OK	 
REQUEST	injecteur 10	5		request_10	1461921756613	1461921756628	OK	 
REQUEST	injecteur 3	3		request_3	1461921756615	1461921756629	OK	 
REQUEST	injecteur 5	10		request_5	1461921756616	1461921756631	OK	 
REQUEST	injecteur 1	7		request_1	1461921756618	1461921756632	OK	 
REQUEST	injecteur 9	6		request_9	1461921756620	1461921756634	OK	 
REQUEST	injecteur 2	9		request_2	1461921756621	1461921756637	OK	 
REQUEST	injecteur 6	8		request_6	1461921756624	1461921756641	OK	 
REQUEST	injecteur 4	1		request_4	1461921756626	1461921756643	OK	 
REQUEST	injecteur 8	4		request_8	1461921756627	1461921756644	OK	 
REQUEST	injecteur 10	5		request_10	1461921756629	1461921756645	OK	 
REQUEST	injecteur 3	3		request_3	1461921756630	1461921756647	OK	 
REQUEST	injecteur 5	10		request_5	1461921756632	1461921756648	OK	 
REQUEST	injecteur 7	2		request_7	1461921756623	1461921756650	KO	status.find.is(200), but actually found 400
REQUEST	injecteur 1	7		request_1	1461921756633	1461921756650	OK	 
REQUEST	injecteur 9	6		request_9	1461921756635	1461921756652	OK	 
REQUEST	injecteur 2	9		request_2	1461921756638	1461921756654	OK	 
REQUEST	injecteur 6	8		request_6	1461921756642	1461921756656	OK	 
REQUEST	injecteur 4	1		request_4	1461921756643	1461921756658	OK	 
REQUEST	injecteur 8	4		request_8	1461921756645	1461921756659	OK	 
REQUEST	injecteur 10	5		request_10	1461921756646	1461921756661	OK	 
REQUEST	injecteur 3	3		request_3	1461921756648	1461921756662	OK	 
REQUEST	injecteur 5	10		request_5	1461921756649	1461921756665	OK	 
REQUEST	injecteur 1	7		request_1	1461921756651	1461921756666	OK	 
REQUEST	injecteur 9	6		request_9	1461921756653	1461921756669	OK	 
REQUEST	injecteur 2	9		request_2	1461921756655	1461921756671	OK	 
REQUEST	injecteur 6	8		request_6	1461921756657	1461921756673	OK	 
REQUEST	injecteur 4	1		request_4	1461921756659	1461921756675	OK	 
REQUEST	injecteur 8	4		request_8	1461921756660	1461921756676	OK	 
REQUEST	injecteur 10	5		request_10	1461921756661	1461921756678	OK	 
REQUEST	injecteur 7	2		request_7	1461921756651	1461921756679	KO	status.find.is(200), but actually found 400
REQUEST	injecteur 3	3		request_3	1461921756663	1461921756681	OK	 
REQUEST	injecteur 5	10		request_5	1461921756665	1461921756682	OK	 
REQUEST	injecteur 1	7		request_1	1461921756667	1461921756683	OK	 
REQUEST	injecteur 9	6		request_9	1461921756670	1461921756685	OK	 
REQUEST	injecteur 2	9		request_2	1461921756672	1461921756687	OK	 
REQUEST	injecteur 6	8		request_6	1461921756674	1461921756690	OK	 
REQUEST	injecteur 4	1		request_4	1461921756676	1461921756692	OK	 
REQUEST	injecteur 8	4		request_8	1461921756677	1461921756693	OK	 
REQUEST	injecteur 10	5		request_10	1461921756679	1461921756696	OK	 
REQUEST	injecteur 3	3		request_3	1461921756681	1461921756698	OK	 
REQUEST	injecteur 5	10		request_5	1461921756683	1461921756700	OK	 
REQUEST	injecteur 1	7		request_1	1461921756684	1461921756702	OK	 
REQUEST	injecteur 9	6		request_9	1461921756686	1461921756705	OK	 
REQUEST	injecteur 2	9		request_2	1461921756688	1461921756707	OK	 
REQUEST	injecteur 6	8		request_6	1461921756691	1461921756709	OK	 
REQUEST	injecteur 4	1		request_4	1461921756692	1461921756710	OK	 
REQUEST	injecteur 7	2		request_7	1461921756680	1461921756711	KO	status.find.is(200), but actually found 400
REQUEST	injecteur 8	4		request_8	1461921756694	1461921756713	OK	 
REQUEST	injecteur 10	5		request_10	1461921756696	1461921756715	OK	 
REQUEST	injecteur 3	3		request_3	1461921756699	1461921756717	OK	 
REQUEST	injecteur 5	10		request_5	1461921756701	1461921756719	OK	 
REQUEST	injecteur 1	7		request_1	1461921756703	1461921756722	OK	 
REQUEST	injecteur 9	6		request_9	1461921756706	1461921756724	OK	 
REQUEST	injecteur 2	9		request_2	1461921756707	1461921756726	OK	 
REQUEST	injecteur 6	8		request_6	1461921756709	1461921756728	OK	 
REQUEST	injecteur 4	1		request_4	1461921756711	1461921756731	OK	 
REQUEST	injecteur 8	4		request_8	1461921756714	1461921756743	OK	 
REQUEST	injecteur 3	3		request_3	1461921756718	1461921756746	OK	 
REQUEST	injecteur 5	10		request_5	1461921756720	1461921756751	OK	 
REQUEST	injecteur 1	7		request_1	1461921756723	1461921756760	OK	 
REQUEST	injecteur 10	5		request_10	1461921756716	1461921756753	OK	 
REQUEST	injecteur 9	6		request_9	1461921756725	1461921756770	OK	 
REQUEST	injecteur 7	2		request_7	1461921756712	1461921756775	KO	status.find.is(200), but actually found 400
REQUEST	injecteur 1	7		request_1	1461921756761	1461921756777	OK	 
REQUEST	injecteur 2	9		request_2	1461921756727	1461921756778	OK	 
REQUEST	injecteur 6	8		request_6	1461921756728	1461921756781	OK	 
REQUEST	injecteur 4	1		request_4	1461921756734	1461921756783	OK	 
REQUEST	injecteur 8	4		request_8	1461921756744	1461921756786	OK	 
REQUEST	injecteur 5	10		request_5	1461921756752	1461921756794	OK	 
REQUEST	injecteur 10	5		request_10	1461921756764	1461921756795	OK	 
REQUEST	injecteur 9	6		request_9	1461921756771	1461921756797	OK	 
REQUEST	injecteur 3	3		request_3	1461921756747	1461921756798	OK	 
REQUEST	injecteur 1	7		request_1	1461921756778	1461921756803	OK	 
REQUEST	injecteur 2	9		request_2	1461921756779	1461921756806	OK	 
REQUEST	injecteur 6	8		request_6	1461921756782	1461921756808	OK	 
REQUEST	injecteur 8	4		request_8	1461921756787	1461921756812	OK	 
REQUEST	injecteur 4	1		request_4	1461921756784	1461921756814	OK	 
REQUEST	injecteur 5	10		request_5	1461921756794	1461921756815	OK	 
REQUEST	injecteur 10	5		request_10	1461921756796	1461921756817	OK	 
REQUEST	injecteur 7	2		request_7	1461921756776	1461921756818	KO	status.find.is(200), but actually found 400
REQUEST	injecteur 9	6		request_9	1461921756798	1461921756820	OK	 
REQUEST	injecteur 3	3		request_3	1461921756799	1461921756823	OK	 
REQUEST	injecteur 1	7		request_1	1461921756804	1461921756826	OK	 
REQUEST	injecteur 2	9		request_2	1461921756807	1461921756827	OK	 
REQUEST	injecteur 6	8		request_6	1461921756809	1461921756829	OK	 
REQUEST	injecteur 8	4		request_8	1461921756813	1461921756831	OK	 
REQUEST	injecteur 4	1		request_4	1461921756814	1461921756833	OK	 
REQUEST	injecteur 5	10		request_5	1461921756816	1461921756834	OK	 
REQUEST	injecteur 10	5		request_10	1461921756817	1461921756838	OK	 
REQUEST	injecteur 9	6		request_9	1461921756821	1461921756842	OK	 
REQUEST	injecteur 3	3		request_3	1461921756824	1461921756844	OK	 
REQUEST	injecteur 1	7		request_1	1461921756826	1461921756845	OK	 
REQUEST	injecteur 2	9		request_2	1461921756828	1461921756847	OK	 
REQUEST	injecteur 6	8		request_6	1461921756830	1461921756849	OK	 
REQUEST	injecteur 8	4		request_8	1461921756832	1461921756851	OK	 
REQUEST	injecteur 4	1		request_4	1461921756833	1461921756853	OK	 
REQUEST	injecteur 7	2		request_7	1461921756820	1461921756854	KO	status.find.is(200), but actually found 400
REQUEST	injecteur 5	10		request_5	1461921756835	1461921756857	OK	 
REQUEST	injecteur 10	5		request_10	1461921756839	1461921756859	OK	 
REQUEST	injecteur 9	6		request_9	1461921756843	1461921756861	OK	 
REQUEST	injecteur 3	3		request_3	1461921756844	1461921756862	OK	 
REQUEST	injecteur 1	7		request_1	1461921756846	1461921756864	OK	 
REQUEST	injecteur 2	9		request_2	1461921756848	1461921756866	OK	 
REQUEST	injecteur 6	8		request_6	1461921756850	1461921756868	OK	 
REQUEST	injecteur 8	4		request_8	1461921756852	1461921756870	OK	 
REQUEST	injecteur 4	1		request_4	1461921756854	1461921756875	OK	 
REQUEST	injecteur 5	10		request_5	1461921756858	1461921756878	OK	 
REQUEST	injecteur 10	5		request_10	1461921756860	1461921756880	OK	 
REQUEST	injecteur 9	6		request_9	1461921756861	1461921756882	OK	 
REQUEST	injecteur 3	3		request_3	1461921756863	1461921756884	OK	 
REQUEST	injecteur 1	7		request_1	1461921756865	1461921756886	OK	 
REQUEST	injecteur 2	9		request_2	1461921756867	1461921756889	OK	 
REQUEST	injecteur 6	8		request_6	1461921756869	1461921756891	OK	 
REQUEST	injecteur 7	2		request_7	1461921756856	1461921756892	KO	status.find.is(200), but actually found 400
REQUEST	injecteur 8	4		request_8	1461921756872	1461921756894	OK	 
REQUEST	injecteur 4	1		request_4	1461921756875	1461921756895	OK	 
REQUEST	injecteur 5	10		request_5	1461921756879	1461921756897	OK	 
REQUEST	injecteur 10	5		request_10	1461921756881	1461921756899	OK	 
REQUEST	injecteur 9	6		request_9	1461921756883	1461921756901	OK	 
REQUEST	injecteur 3	3		request_3	1461921756885	1461921756903	OK	 
REQUEST	injecteur 1	7		request_1	1461921756887	1461921756906	OK	 
REQUEST	injecteur 2	9		request_2	1461921756890	1461921756908	OK	 
REQUEST	injecteur 6	8		request_6	1461921756892	1461921756912	OK	 
REQUEST	injecteur 8	4		request_8	1461921756894	1461921756915	OK	 
REQUEST	injecteur 4	1		request_4	1461921756896	1461921756917	OK	 
REQUEST	injecteur 5	10		request_5	1461921756898	1461921756919	OK	 
REQUEST	injecteur 10	5		request_10	1461921756899	1461921756923	OK	 
REQUEST	injecteur 9	6		request_9	1461921756901	1461921756926	OK	 
REQUEST	injecteur 3	3		request_3	1461921756904	1461921756929	OK	 
REQUEST	injecteur 7	2		request_7	1461921756893	1461921756929	KO	status.find.is(200), but actually found 400
REQUEST	injecteur 1	7		request_1	1461921756907	1461921756933	OK	 
REQUEST	injecteur 2	9		request_2	1461921756909	1461921756935	OK	 
REQUEST	injecteur 6	8		request_6	1461921756912	1461921756938	OK	 
REQUEST	injecteur 8	4		request_8	1461921756916	1461921756941	OK	 
REQUEST	injecteur 4	1		request_4	1461921756918	1461921756944	OK	 
REQUEST	injecteur 5	10		request_5	1461921756920	1461921756946	OK	 
REQUEST	injecteur 10	5		request_10	1461921756923	1461921756948	OK	 
REQUEST	injecteur 9	6		request_9	1461921756927	1461921756950	OK	 
REQUEST	injecteur 3	3		request_3	1461921756930	1461921756953	OK	 
REQUEST	injecteur 1	7		request_1	1461921756934	1461921756958	OK	 
REQUEST	injecteur 2	9		request_2	1461921756936	1461921756959	OK	 
REQUEST	injecteur 6	8		request_6	1461921756939	1461921756961	OK	 
REQUEST	injecteur 8	4		request_8	1461921756942	1461921756963	OK	 
REQUEST	injecteur 4	1		request_4	1461921756944	1461921756965	OK	 
REQUEST	injecteur 5	10		request_5	1461921756947	1461921756966	OK	 
REQUEST	injecteur 10	5		request_10	1461921756949	1461921756968	OK	 
REQUEST	injecteur 7	2		request_7	1461921756931	1461921756969	KO	status.find.is(200), but actually found 400
REQUEST	injecteur 9	6		request_9	1461921756950	1461921756972	OK	 
REQUEST	injecteur 3	3		request_3	1461921756954	1461921756976	OK	 
REQUEST	injecteur 1	7		request_1	1461921756958	1461921756978	OK	 
REQUEST	injecteur 2	9		request_2	1461921756960	1461921756979	OK	 
REQUEST	injecteur 6	8		request_6	1461921756962	1461921756981	OK	 
REQUEST	injecteur 8	4		request_8	1461921756963	1461921756983	OK	 
REQUEST	injecteur 4	1		request_4	1461921756965	1461921756985	OK	 
REQUEST	injecteur 5	10		request_5	1461921756967	1461921756986	OK	 
REQUEST	injecteur 10	5		request_10	1461921756969	1461921756990	OK	 
REQUEST	injecteur 9	6		request_9	1461921756973	1461921756994	OK	 
REQUEST	injecteur 3	3		request_3	1461921756976	1461921756995	OK	 
REQUEST	injecteur 1	7		request_1	1461921756978	1461921756997	OK	 
REQUEST	injecteur 2	9		request_2	1461921756980	1461921756999	OK	 
REQUEST	injecteur 6	8		request_6	1461921756982	1461921757000	OK	 
REQUEST	injecteur 8	4		request_8	1461921756983	1461921757002	OK	 
REQUEST	injecteur 4	1		request_4	1461921756985	1461921757004	OK	 
REQUEST	injecteur 7	2		request_7	1461921756971	1461921757005	KO	status.find.is(200), but actually found 400
REQUEST	injecteur 5	10		request_5	1461921756987	1461921757009	OK	 
REQUEST	injecteur 10	5		request_10	1461921756991	1461921757009	OK	 
REQUEST	injecteur 9	6		request_9	1461921756994	1461921757011	OK	 
REQUEST	injecteur 3	3		request_3	1461921756995	1461921757013	OK	 
REQUEST	injecteur 1	7		request_1	1461921756998	1461921757014	OK	 
REQUEST	injecteur 2	9		request_2	1461921756999	1461921757016	OK	 
REQUEST	injecteur 6	8		request_6	1461921757001	1461921757018	OK	 
REQUEST	injecteur 8	4		request_8	1461921757003	1461921757020	OK	 
REQUEST	injecteur 4	1		request_4	1461921757004	1461921757024	OK	 
REQUEST	injecteur 5	10		request_5	1461921757009	1461921757029	OK	 
REQUEST	injecteur 10	5		request_10	1461921757010	1461921757030	OK	 
REQUEST	injecteur 9	6		request_9	1461921757012	1461921757032	OK	 
REQUEST	injecteur 3	3		request_3	1461921757013	1461921757035	OK	 
REQUEST	injecteur 1	7		request_1	1461921757015	1461921757037	OK	 
REQUEST	injecteur 6	8		request_6	1461921757019	1461921757043	OK	 
REQUEST	injecteur 7	2		request_7	1461921757007	1461921757045	KO	status.find.is(200), but actually found 400
REQUEST	injecteur 6	8		request_6	1461921757043	1461921757050	OK	 
REQUEST	injecteur 8	4		request_8	1461921757021	1461921757058	OK	 
REQUEST	injecteur 2	9		request_2	1461921757017	1461921757058	OK	 
REQUEST	injecteur 4	1		request_4	1461921757025	1461921757060	OK	 
REQUEST	injecteur 5	10		request_5	1461921757029	1461921757066	OK	 
REQUEST	injecteur 10	5		request_10	1461921757031	1461921757070	OK	 
REQUEST	injecteur 9	6		request_9	1461921757033	1461921757074	OK	 
REQUEST	injecteur 3	3		request_3	1461921757035	1461921757077	OK	 
REQUEST	injecteur 1	7		request_1	1461921757038	1461921757081	OK	 
REQUEST	injecteur 6	8		request_6	1461921757051	1461921757082	OK	 
REQUEST	injecteur 8	4		request_8	1461921757059	1461921757095	OK	 
REQUEST	injecteur 5	10		request_5	1461921757068	1461921757098	OK	 
REQUEST	injecteur 2	9		request_2	1461921757059	1461921757100	OK	 
REQUEST	injecteur 4	1		request_4	1461921757061	1461921757102	OK	 
REQUEST	injecteur 10	5		request_10	1461921757072	1461921757102	OK	 
REQUEST	injecteur 9	6		request_9	1461921757075	1461921757103	OK	 
REQUEST	injecteur 7	2		request_7	1461921757047	1461921757105	KO	status.find.is(200), but actually found 400
REQUEST	injecteur 3	3		request_3	1461921757078	1461921757109	OK	 
REQUEST	injecteur 1	7		request_1	1461921757082	1461921757111	OK	 
REQUEST	injecteur 6	8		request_6	1461921757083	1461921757114	OK	 
REQUEST	injecteur 5	10		request_5	1461921757099	1461921757119	OK	 
REQUEST	injecteur 8	4		request_8	1461921757097	1461921757121	OK	 
REQUEST	injecteur 2	9		request_2	1461921757101	1461921757125	OK	 
REQUEST	injecteur 4	1		request_4	1461921757103	1461921757130	OK	 
REQUEST	injecteur 10	5		request_10	1461921757103	1461921757132	OK	 
REQUEST	injecteur 2	9		request_2	1461921757126	1461921757136	OK	 
REQUEST	injecteur 9	6		request_9	1461921757103	1461921757141	OK	 
REQUEST	injecteur 3	3		request_3	1461921757110	1461921757144	OK	 
REQUEST	injecteur 1	7		request_1	1461921757112	1461921757146	OK	 
REQUEST	injecteur 6	8		request_6	1461921757114	1461921757148	OK	 
REQUEST	injecteur 5	10		request_5	1461921757120	1461921757151	OK	 
REQUEST	injecteur 8	4		request_8	1461921757122	1461921757153	OK	 
REQUEST	injecteur 4	1		request_4	1461921757131	1461921757155	OK	 
REQUEST	injecteur 7	2		request_7	1461921757108	1461921757158	KO	status.find.is(200), but actually found 400
REQUEST	injecteur 10	5		request_10	1461921757133	1461921757160	OK	 
REQUEST	injecteur 2	9		request_2	1461921757137	1461921757162	OK	 
REQUEST	injecteur 9	6		request_9	1461921757141	1461921757164	OK	 
REQUEST	injecteur 3	3		request_3	1461921757145	1461921757166	OK	 
REQUEST	injecteur 1	7		request_1	1461921757146	1461921757168	OK	 
REQUEST	injecteur 6	8		request_6	1461921757149	1461921757170	OK	 
REQUEST	injecteur 5	10		request_5	1461921757151	1461921757176	OK	 
REQUEST	injecteur 8	4		request_8	1461921757153	1461921757180	OK	 
REQUEST	injecteur 6	8		request_6	1461921757171	1461921757184	OK	 
