ASSERTION	AAMBAAMDBABk
RUN	Injections		injections	1461841537689	 	2.0
USER	injecteur 4	1	START	1461841538812	1461841538812
USER	injecteur 7	2	START	1461841538881	1461841538881
USER	injecteur 3	3	START	1461841538884	1461841538884
USER	injecteur 8	4	START	1461841538890	1461841538890
USER	injecteur 10	5	START	1461841538892	1461841538892
USER	injecteur 9	6	START	1461841538894	1461841538894
USER	injecteur 1	7	START	1461841538897	1461841538897
USER	injecteur 6	8	START	1461841538900	1461841538900
USER	injecteur 2	9	START	1461841538902	1461841538902
USER	injecteur 5	10	START	1461841538904	1461841538904
REQUEST	injecteur 1	7		request_1	1461841538898	1461841539000	OK	 
REQUEST	injecteur 8	4		request_8	1461841538891	1461841539031	OK	 
REQUEST	injecteur 10	5		request_10	1461841538893	1461841539013	OK	 
REQUEST	injecteur 3	3		request_3	1461841538885	1461841538998	OK	 
REQUEST	injecteur 4	1		request_4	1461841538871	1461841538979	OK	 
REQUEST	injecteur 9	6		request_9	1461841538895	1461841539038	OK	 
REQUEST	injecteur 6	8		request_6	1461841538901	1461841539020	OK	 
REQUEST	injecteur 7	2		request_7	1461841538882	1461841539003	KO	status.find.is(200), but actually found 400
REQUEST	injecteur 1	7		request_1	1461841539050	1461841539057	OK	 
REQUEST	injecteur 5	10		request_5	1461841538905	1461841539061	OK	 
REQUEST	injecteur 3	3		request_3	1461841539052	1461841539067	OK	 
REQUEST	injecteur 10	5		request_10	1461841539054	1461841539072	OK	 
REQUEST	injecteur 8	4		request_8	1461841539054	1461841539075	OK	 
REQUEST	injecteur 4	1		request_4	1461841539051	1461841539071	OK	 
REQUEST	injecteur 9	6		request_9	1461841539050	1461841539079	OK	 
REQUEST	injecteur 2	9		request_2	1461841538903	1461841539084	OK	 
REQUEST	injecteur 3	3		request_3	1461841539068	1461841539095	OK	 
REQUEST	injecteur 1	7		request_1	1461841539058	1461841539096	OK	 
REQUEST	injecteur 5	10		request_5	1461841539066	1461841539100	OK	 
REQUEST	injecteur 10	5		request_10	1461841539073	1461841539110	OK	 
REQUEST	injecteur 4	1		request_4	1461841539082	1461841539120	OK	 
REQUEST	injecteur 9	6		request_9	1461841539080	1461841539119	OK	 
REQUEST	injecteur 2	9		request_2	1461841539085	1461841539122	OK	 
REQUEST	injecteur 3	3		request_3	1461841539096	1461841539125	OK	 
REQUEST	injecteur 8	4		request_8	1461841539076	1461841539130	OK	 
REQUEST	injecteur 1	7		request_1	1461841539098	1461841539131	OK	 
REQUEST	injecteur 3	3		request_3	1461841539126	1461841539142	OK	 
REQUEST	injecteur 6	8		request_6	1461841539072	1461841539151	OK	 
REQUEST	injecteur 1	7		request_1	1461841539132	1461841539156	OK	 
REQUEST	injecteur 7	2		request_7	1461841539058	1461841539165	KO	status.find.is(200), but actually found 400
REQUEST	injecteur 10	5		request_10	1461841539114	1461841539172	OK	 
REQUEST	injecteur 9	6		request_9	1461841539123	1461841539178	OK	 
REQUEST	injecteur 8	4		request_8	1461841539131	1461841539184	OK	 
REQUEST	injecteur 3	3		request_3	1461841539143	1461841539187	OK	 
REQUEST	injecteur 1	7		request_1	1461841539157	1461841539193	OK	 
REQUEST	injecteur 4	1		request_4	1461841539121	1461841539195	OK	 
REQUEST	injecteur 2	9		request_2	1461841539123	1461841539200	OK	 
REQUEST	injecteur 6	8		request_6	1461841539157	1461841539202	OK	 
REQUEST	injecteur 5	10		request_5	1461841539162	1461841539203	OK	 
REQUEST	injecteur 10	5		request_10	1461841539174	1461841539212	OK	 
REQUEST	injecteur 9	6		request_9	1461841539182	1461841539215	OK	 
REQUEST	injecteur 3	3		request_3	1461841539188	1461841539218	OK	 
REQUEST	injecteur 7	2		request_7	1461841539168	1461841539215	KO	status.find.is(200), but actually found 400
REQUEST	injecteur 1	7		request_1	1461841539194	1461841539223	OK	 
REQUEST	injecteur 8	4		request_8	1461841539186	1461841539227	OK	 
REQUEST	injecteur 4	1		request_4	1461841539197	1461841539238	OK	 
REQUEST	injecteur 6	8		request_6	1461841539203	1461841539241	OK	 
REQUEST	injecteur 8	4		request_8	1461841539228	1461841539250	OK	 
REQUEST	injecteur 2	9		request_2	1461841539201	1461841539249	OK	 
REQUEST	injecteur 5	10		request_5	1461841539206	1461841539255	OK	 
REQUEST	injecteur 9	6		request_9	1461841539217	1461841539267	OK	 
REQUEST	injecteur 10	5		request_10	1461841539213	1461841539269	OK	 
REQUEST	injecteur 3	3		request_3	1461841539219	1461841539272	OK	 
REQUEST	injecteur 1	7		request_1	1461841539225	1461841539279	OK	 
REQUEST	injecteur 8	4		request_8	1461841539257	1461841539286	OK	 
REQUEST	injecteur 7	2		request_7	1461841539221	1461841539290	KO	status.find.is(200), but actually found 400
REQUEST	injecteur 4	1		request_4	1461841539243	1461841539292	OK	 
REQUEST	injecteur 6	8		request_6	1461841539242	1461841539297	OK	 
REQUEST	injecteur 2	9		request_2	1461841539252	1461841539300	OK	 
REQUEST	injecteur 5	10		request_5	1461841539257	1461841539303	OK	 
REQUEST	injecteur 10	5		request_10	1461841539270	1461841539306	OK	 
REQUEST	injecteur 3	3		request_3	1461841539273	1461841539313	OK	 
REQUEST	injecteur 9	6		request_9	1461841539273	1461841539313	OK	 
REQUEST	injecteur 8	4		request_8	1461841539287	1461841539319	OK	 
REQUEST	injecteur 1	7		request_1	1461841539284	1461841539324	OK	 
REQUEST	injecteur 4	1		request_4	1461841539294	1461841539334	OK	 
REQUEST	injecteur 6	8		request_6	1461841539298	1461841539338	OK	 
REQUEST	injecteur 2	9		request_2	1461841539301	1461841539340	OK	 
REQUEST	injecteur 5	10		request_5	1461841539305	1461841539343	OK	 
REQUEST	injecteur 10	5		request_10	1461841539307	1461841539345	OK	 
REQUEST	injecteur 7	2		request_7	1461841539292	1461841539347	KO	status.find.is(200), but actually found 400
REQUEST	injecteur 3	3		request_3	1461841539315	1461841539351	OK	 
REQUEST	injecteur 8	4		request_8	1461841539320	1461841539356	OK	 
REQUEST	injecteur 9	6		request_9	1461841539317	1461841539358	OK	 
REQUEST	injecteur 1	7		request_1	1461841539325	1461841539358	OK	 
REQUEST	injecteur 4	1		request_4	1461841539335	1461841539363	OK	 
REQUEST	injecteur 6	8		request_6	1461841539339	1461841539365	OK	 
REQUEST	injecteur 5	10		request_5	1461841539343	1461841539370	OK	 
REQUEST	injecteur 3	3		request_3	1461841539352	1461841539375	OK	 
REQUEST	injecteur 2	9		request_2	1461841539341	1461841539378	OK	 
REQUEST	injecteur 1	7		request_1	1461841539359	1461841539381	OK	 
REQUEST	injecteur 10	5		request_10	1461841539346	1461841539383	OK	 
REQUEST	injecteur 9	6		request_9	1461841539358	1461841539389	OK	 
REQUEST	injecteur 8	4		request_8	1461841539360	1461841539391	OK	 
REQUEST	injecteur 4	1		request_4	1461841539364	1461841539394	OK	 
REQUEST	injecteur 6	8		request_6	1461841539366	1461841539398	OK	 
REQUEST	injecteur 3	3		request_3	1461841539376	1461841539402	OK	 
REQUEST	injecteur 7	2		request_7	1461841539353	1461841539401	KO	status.find.is(200), but actually found 400
REQUEST	injecteur 5	10		request_5	1461841539371	1461841539408	OK	 
REQUEST	injecteur 2	9		request_2	1461841539379	1461841539410	OK	 
REQUEST	injecteur 1	7		request_1	1461841539382	1461841539414	OK	 
REQUEST	injecteur 10	5		request_10	1461841539384	1461841539417	OK	 
REQUEST	injecteur 9	6		request_9	1461841539390	1461841539419	OK	 
REQUEST	injecteur 8	4		request_8	1461841539393	1461841539423	OK	 
REQUEST	injecteur 4	1		request_4	1461841539395	1461841539426	OK	 
REQUEST	injecteur 2	9		request_2	1461841539410	1461841539431	OK	 
REQUEST	injecteur 6	8		request_6	1461841539399	1461841539433	OK	 
REQUEST	injecteur 3	3		request_3	1461841539403	1461841539436	OK	 
REQUEST	injecteur 5	10		request_5	1461841539410	1461841539441	OK	 
REQUEST	injecteur 1	7		request_1	1461841539416	1461841539444	OK	 
REQUEST	injecteur 10	5		request_10	1461841539418	1461841539449	OK	 
REQUEST	injecteur 9	6		request_9	1461841539420	1461841539451	OK	 
REQUEST	injecteur 8	4		request_8	1461841539424	1461841539453	OK	 
REQUEST	injecteur 7	2		request_7	1461841539406	1461841539455	KO	status.find.is(200), but actually found 400
REQUEST	injecteur 4	1		request_4	1461841539427	1461841539459	OK	 
REQUEST	injecteur 2	9		request_2	1461841539432	1461841539461	OK	 
REQUEST	injecteur 6	8		request_6	1461841539435	1461841539464	OK	 
REQUEST	injecteur 3	3		request_3	1461841539437	1461841539466	OK	 
REQUEST	injecteur 5	10		request_5	1461841539442	1461841539470	OK	 
