ASSERTION	AAMBAAMDBABk
RUN	InjectionsAndVerifications		injectionsandverifications	1462352429853	 	2.0
USER	injecteur 4	1	START	1462352431210	1462352431210
USER	injecteur 7	2	START	1462352431328	1462352431328
USER	injecteur 3	3	START	1462352431333	1462352431333
USER	injecteur 8	4	START	1462352431350	1462352431350
USER	injecteur 10	5	START	1462352431356	1462352431356
USER	injecteur 9	6	START	1462352431361	1462352431361
USER	injecteur 1	7	START	1462352431364	1462352431364
USER	injecteur 6	8	START	1462352431367	1462352431367
USER	injecteur 2	9	START	1462352431369	1462352431369
USER	injecteur 5	10	START	1462352431371	1462352431371
REQUEST	injecteur 8	4		request_7	1462352431353	1462352431476	OK	 
REQUEST	injecteur 9	6		request_8	1462352431361	1462352431518	OK	 
REQUEST	injecteur 6	8		request_5	1462352431368	1462352431531	OK	 
REQUEST	injecteur 4	1		request_3	1462352431281	1462352431532	OK	 
REQUEST	injecteur 10	5		request_9	1462352431357	1462352431545	OK	 
REQUEST	injecteur 3	3		request_2	1462352431343	1462352431555	OK	 
REQUEST	injecteur 7	2		request_6	1462352431329	1462352431459	OK	 
REQUEST	injecteur 9	6		request_8	1462352431560	1462352431567	OK	 
REQUEST	injecteur 1	7		request_0	1462352431365	1462352431575	OK	 
REQUEST	injecteur 3	3		request_2	1462352431570	1462352431578	OK	 
REQUEST	injecteur 8	4		request_7	1462352431571	1462352431582	OK	 
REQUEST	injecteur 7	2		request_6	1462352431571	1462352431585	OK	 
REQUEST	injecteur 5	10		request_4	1462352431372	1462352431588	OK	 
REQUEST	injecteur 10	5		request_9	1462352431572	1462352431592	OK	 
REQUEST	injecteur 9	6		request_8	1462352431574	1462352431593	OK	 
REQUEST	injecteur 4	1		request_3	1462352431574	1462352431596	OK	 
REQUEST	injecteur 6	8		request_5	1462352431576	1462352431599	OK	 
REQUEST	injecteur 1	7		request_0	1462352431576	1462352431604	OK	 
REQUEST	injecteur 8	4		request_7	1462352431583	1462352431609	OK	 
REQUEST	injecteur 3	3		request_2	1462352431579	1462352431612	OK	 
REQUEST	injecteur 2	9		request_1	1462352431370	1462352431617	OK	 
REQUEST	injecteur 7	2		request_6	1462352431586	1462352431620	OK	 
REQUEST	injecteur 5	10		request_4	1462352431589	1462352431623	OK	 
REQUEST	injecteur 10	5		request_9	1462352431593	1462352431626	OK	 
REQUEST	injecteur 9	6		request_8	1462352431594	1462352431629	OK	 
REQUEST	injecteur 4	1		request_3	1462352431597	1462352431631	OK	 
REQUEST	injecteur 6	8		request_5	1462352431602	1462352431636	OK	 
REQUEST	injecteur 1	7		request_0	1462352431605	1462352431641	OK	 
REQUEST	injecteur 8	4		request_7	1462352431610	1462352431643	OK	 
REQUEST	injecteur 3	3		request_2	1462352431613	1462352431647	OK	 
REQUEST	injecteur 2	9		request_1	1462352431618	1462352431651	OK	 
REQUEST	injecteur 7	2		request_6	1462352431621	1462352431652	OK	 
REQUEST	injecteur 5	10		request_4	1462352431624	1462352431661	OK	 
REQUEST	injecteur 10	5		request_9	1462352431628	1462352431665	OK	 
REQUEST	injecteur 9	6		request_8	1462352431630	1462352431669	OK	 
REQUEST	injecteur 4	1		request_3	1462352431633	1462352431673	OK	 
REQUEST	injecteur 6	8		request_5	1462352431637	1462352431676	OK	 
REQUEST	injecteur 1	7		request_0	1462352431642	1462352431685	OK	 
REQUEST	injecteur 8	4		request_7	1462352431644	1462352431687	OK	 
REQUEST	injecteur 3	3		request_2	1462352431648	1462352431690	OK	 
REQUEST	injecteur 2	9		request_1	1462352431652	1462352431693	OK	 
REQUEST	injecteur 7	2		request_6	1462352431653	1462352431695	OK	 
REQUEST	injecteur 5	10		request_4	1462352431662	1462352431700	OK	 
REQUEST	injecteur 10	5		request_9	1462352431667	1462352431707	OK	 
REQUEST	injecteur 9	6		request_8	1462352431670	1462352431711	OK	 
REQUEST	injecteur 4	1		request_3	1462352431674	1462352431715	OK	 
REQUEST	injecteur 8	4		request_7	1462352431688	1462352431719	OK	 
REQUEST	injecteur 6	8		request_5	1462352431677	1462352431719	OK	 
REQUEST	injecteur 1	7		request_0	1462352431687	1462352431722	OK	 
REQUEST	injecteur 3	3		request_2	1462352431691	1462352431725	OK	 
REQUEST	injecteur 2	9		request_1	1462352431694	1462352431730	OK	 
REQUEST	injecteur 7	2		request_6	1462352431696	1462352431731	OK	 
REQUEST	injecteur 5	10		request_4	1462352431701	1462352431737	OK	 
REQUEST	injecteur 10	5		request_9	1462352431710	1462352431743	OK	 
REQUEST	injecteur 9	6		request_8	1462352431712	1462352431747	OK	 
REQUEST	injecteur 4	1		request_3	1462352431717	1462352431751	OK	 
REQUEST	injecteur 8	4		request_7	1462352431720	1462352431757	OK	 
REQUEST	injecteur 6	8		request_5	1462352431723	1462352431765	OK	 
REQUEST	injecteur 1	7		request_0	1462352431723	1462352431770	OK	 
REQUEST	injecteur 3	3		request_2	1462352431726	1462352431776	OK	 
REQUEST	injecteur 8	4		request_7	1462352431758	1462352431782	OK	 
REQUEST	injecteur 7	2		request_6	1462352431733	1462352431789	OK	 
REQUEST	injecteur 2	9		request_1	1462352431731	1462352431792	OK	 
REQUEST	injecteur 5	10		request_4	1462352431738	1462352431794	OK	 
REQUEST	injecteur 10	5		request_9	1462352431745	1462352431797	OK	 
REQUEST	injecteur 9	6		request_8	1462352431748	1462352431803	OK	 
REQUEST	injecteur 4	1		request_3	1462352431753	1462352431807	OK	 
REQUEST	injecteur 6	8		request_5	1462352431767	1462352431810	OK	 
REQUEST	injecteur 1	7		request_0	1462352431771	1462352431812	OK	 
REQUEST	injecteur 3	3		request_2	1462352431777	1462352431819	OK	 
REQUEST	injecteur 8	4		request_7	1462352431783	1462352431821	OK	 
REQUEST	injecteur 7	2		request_6	1462352431790	1462352431829	OK	 
REQUEST	injecteur 2	9		request_1	1462352431793	1462352431829	OK	 
REQUEST	injecteur 5	10		request_4	1462352431795	1462352431831	OK	 
REQUEST	injecteur 10	5		request_9	1462352431799	1462352431832	OK	 
REQUEST	injecteur 9	6		request_8	1462352431804	1462352431836	OK	 
REQUEST	injecteur 4	1		request_3	1462352431809	1462352431839	OK	 
REQUEST	injecteur 6	8		request_5	1462352431811	1462352431846	OK	 
REQUEST	injecteur 3	3		request_2	1462352431820	1462352431849	OK	 
REQUEST	injecteur 1	7		request_0	1462352431813	1462352431853	OK	 
REQUEST	injecteur 8	4		request_7	1462352431822	1462352431856	OK	 
REQUEST	injecteur 7	2		request_6	1462352431830	1462352431859	OK	 
REQUEST	injecteur 2	9		request_1	1462352431831	1462352431862	OK	 
REQUEST	injecteur 5	10		request_4	1462352431832	1462352431866	OK	 
REQUEST	injecteur 10	5		request_9	1462352431834	1462352431871	OK	 
REQUEST	injecteur 9	6		request_8	1462352431838	1462352431877	OK	 
REQUEST	injecteur 4	1		request_3	1462352431840	1462352431880	OK	 
REQUEST	injecteur 6	8		request_5	1462352431846	1462352431885	OK	 
REQUEST	injecteur 3	3		request_2	1462352431851	1462352431889	OK	 
REQUEST	injecteur 1	7		request_0	1462352431854	1462352431892	OK	 
REQUEST	injecteur 8	4		request_7	1462352431857	1462352431895	OK	 
REQUEST	injecteur 7	2		request_6	1462352431860	1462352431900	OK	 
REQUEST	injecteur 2	9		request_1	1462352431863	1462352431903	OK	 
REQUEST	injecteur 5	10		request_4	1462352431867	1462352431905	OK	 
REQUEST	injecteur 10	5		request_9	1462352431872	1462352431913	OK	 
REQUEST	injecteur 9	6		request_8	1462352431878	1462352431916	OK	 
REQUEST	injecteur 4	1		request_3	1462352431881	1462352431920	OK	 
REQUEST	injecteur 6	8		request_5	1462352431886	1462352431923	OK	 
REQUEST	injecteur 3	3		request_2	1462352431890	1462352431927	OK	 
REQUEST	injecteur 1	7		request_0	1462352431893	1462352431930	OK	 
REQUEST	injecteur 8	4		request_7	1462352431896	1462352431932	OK	 
REQUEST	injecteur 7	2		request_6	1462352431901	1462352431935	OK	 
REQUEST	injecteur 2	9		request_1	1462352431904	1462352431938	OK	 
REQUEST	injecteur 5	10		request_4	1462352431907	1462352431944	OK	 
REQUEST	injecteur 10	5		request_9	1462352431914	1462352431947	OK	 
REQUEST	injecteur 9	6		request_8	1462352431918	1462352431953	OK	 
REQUEST	injecteur 4	1		request_3	1462352431921	1462352431955	OK	 
REQUEST	injecteur 6	8		request_5	1462352431924	1462352431958	OK	 
REQUEST	injecteur 3	3		request_2	1462352431928	1462352431962	OK	 
REQUEST	injecteur 1	7		request_0	1462352431931	1462352431965	OK	 
REQUEST	injecteur 8	4		request_7	1462352431933	1462352431966	OK	 
REQUEST	injecteur 7	2		request_6	1462352431936	1462352431968	OK	 
REQUEST	injecteur 2	9		request_1	1462352431940	1462352431974	OK	 
REQUEST	injecteur 5	10		request_4	1462352431945	1462352431980	OK	 
REQUEST	injecteur 10	5		request_9	1462352431948	1462352431984	OK	 
REQUEST	injecteur 9	6		request_8	1462352431954	1462352431988	OK	 
REQUEST	injecteur 4	1		request_3	1462352431956	1462352431991	OK	 
REQUEST	injecteur 6	8		request_5	1462352431959	1462352431995	OK	 
REQUEST	injecteur 3	3		request_2	1462352431963	1462352431997	OK	 
REQUEST	injecteur 1	7		request_0	1462352431966	1462352432001	OK	 
REQUEST	injecteur 8	4		request_7	1462352431967	1462352432002	OK	 
REQUEST	injecteur 7	2		request_6	1462352431969	1462352432009	OK	 
REQUEST	injecteur 2	9		request_1	1462352431975	1462352432014	OK	 
REQUEST	injecteur 5	10		request_4	1462352431982	1462352432021	OK	 
REQUEST	injecteur 10	5		request_9	1462352431985	1462352432024	OK	 
REQUEST	injecteur 9	6		request_8	1462352431989	1462352432026	OK	 
REQUEST	injecteur 6	8		request_5	1462352431997	1462352432029	OK	 
REQUEST	injecteur 3	3		request_2	1462352431998	1462352432031	OK	 
REQUEST	injecteur 4	1		request_3	1462352431992	1462352432036	OK	 
REQUEST	injecteur 1	7		request_0	1462352432002	1462352432047	OK	 
REQUEST	injecteur 8	4		request_7	1462352432003	1462352432049	OK	 
REQUEST	injecteur 7	2		request_6	1462352432010	1462352432070	OK	 
REQUEST	injecteur 2	9		request_1	1462352432016	1462352432075	OK	 
REQUEST	injecteur 5	10		request_4	1462352432022	1462352432080	OK	 
REQUEST	injecteur 10	5		request_9	1462352432025	1462352432081	OK	 
REQUEST	injecteur 9	6		request_8	1462352432027	1462352432084	OK	 
REQUEST	injecteur 6	8		request_5	1462352432030	1462352432088	OK	 
REQUEST	injecteur 3	3		request_2	1462352432033	1462352432095	OK	 
REQUEST	injecteur 4	1		request_3	1462352432037	1462352432097	OK	 
REQUEST	injecteur 1	7		request_0	1462352432048	1462352432099	OK	 
REQUEST	injecteur 8	4		request_7	1462352432050	1462352432103	OK	 
REQUEST	injecteur 7	2		request_6	1462352432071	1462352432105	OK	 
REQUEST	injecteur 2	9		request_1	1462352432076	1462352432107	OK	 
REQUEST	injecteur 5	10		request_4	1462352432081	1462352432110	OK	 
REQUEST	injecteur 10	5		request_9	1462352432082	1462352432112	OK	 
REQUEST	injecteur 9	6		request_8	1462352432085	1462352432114	OK	 
REQUEST	injecteur 6	8		request_5	1462352432090	1462352432124	OK	 
REQUEST	injecteur 3	3		request_2	1462352432096	1462352432126	OK	 
REQUEST	injecteur 4	1		request_3	1462352432098	1462352432129	OK	 
REQUEST	injecteur 1	7		request_0	1462352432101	1462352432131	OK	 
REQUEST	injecteur 8	4		request_7	1462352432104	1462352432135	OK	 
REQUEST	injecteur 7	2		request_6	1462352432106	1462352432137	OK	 
REQUEST	injecteur 2	9		request_1	1462352432109	1462352432140	OK	 
REQUEST	injecteur 5	10		request_4	1462352432111	1462352432142	OK	 
REQUEST	injecteur 10	5		request_9	1462352432113	1462352432146	OK	 
REQUEST	injecteur 9	6		request_8	1462352432115	1462352432155	OK	 
REQUEST	injecteur 6	8		request_5	1462352432125	1462352432160	OK	 
REQUEST	injecteur 3	3		request_2	1462352432127	1462352432164	OK	 
REQUEST	injecteur 4	1		request_3	1462352432130	1462352432168	OK	 
REQUEST	injecteur 1	7		request_0	1462352432132	1462352432171	OK	 
REQUEST	injecteur 8	4		request_7	1462352432136	1462352432174	OK	 
REQUEST	injecteur 7	2		request_6	1462352432138	1462352432190	OK	 
REQUEST	injecteur 5	10		request_4	1462352432143	1462352432196	OK	 
REQUEST	injecteur 2	9		request_1	1462352432142	1462352432202	OK	 
REQUEST	injecteur 5	10		request_4	1462352432196	1462352432209	OK	 
REQUEST	injecteur 10	5		request_9	1462352432148	1462352432211	OK	 
REQUEST	injecteur 9	6		request_8	1462352432156	1462352432213	OK	 
REQUEST	injecteur 6	8		request_5	1462352432162	1462352432215	OK	 
REQUEST	injecteur 3	3		request_2	1462352432165	1462352432219	OK	 
REQUEST	injecteur 4	1		request_3	1462352432169	1462352432221	OK	 
REQUEST	injecteur 1	7		request_0	1462352432172	1462352432222	OK	 
REQUEST	injecteur 8	4		request_7	1462352432175	1462352432225	OK	 
REQUEST	injecteur 7	2		request_6	1462352432191	1462352432226	OK	 
REQUEST	injecteur 2	9		request_1	1462352432203	1462352432235	OK	 
REQUEST	injecteur 5	10		request_4	1462352432210	1462352432238	OK	 
REQUEST	injecteur 10	5		request_9	1462352432212	1462352432240	OK	 
REQUEST	injecteur 9	6		request_8	1462352432214	1462352432243	OK	 
REQUEST	injecteur 6	8		request_5	1462352432216	1462352432244	OK	 
REQUEST	injecteur 3	3		request_2	1462352432220	1462352432247	OK	 
REQUEST	injecteur 4	1		request_3	1462352432222	1462352432249	OK	 
REQUEST	injecteur 1	7		request_0	1462352432223	1462352432251	OK	 
REQUEST	injecteur 8	4		request_7	1462352432226	1462352432259	OK	 
REQUEST	injecteur 7	2		request_6	1462352432227	1462352432261	OK	 
REQUEST	injecteur 2	9		request_1	1462352432236	1462352432264	OK	 
REQUEST	injecteur 5	10		request_4	1462352432239	1462352432266	OK	 
REQUEST	injecteur 10	5		request_9	1462352432241	1462352432268	OK	 
REQUEST	injecteur 9	6		request_8	1462352432244	1462352432271	OK	 
REQUEST	injecteur 6	8		request_5	1462352432245	1462352432274	OK	 
REQUEST	injecteur 3	3		request_2	1462352432248	1462352432276	OK	 
REQUEST	injecteur 1	7		request_0	1462352432252	1462352432288	OK	 
REQUEST	injecteur 8	4		request_7	1462352432260	1462352432291	OK	 
REQUEST	injecteur 7	2		request_6	1462352432262	1462352432291	OK	 
REQUEST	injecteur 4	1		request_3	1462352432250	1462352432293	OK	 
REQUEST	injecteur 2	9		request_1	1462352432265	1462352432296	OK	 
REQUEST	injecteur 5	10		request_4	1462352432267	1462352432298	OK	 
REQUEST	injecteur 10	5		request_9	1462352432269	1462352432303	OK	 
REQUEST	injecteur 9	6		request_8	1462352432271	1462352432308	OK	 
REQUEST	injecteur 5	10		request_4	1462352432299	1462352432317	OK	 
REQUEST	injecteur 6	8		request_5	1462352432275	1462352432320	OK	 
REQUEST	injecteur 3	3		request_2	1462352432277	1462352432322	OK	 
REQUEST	injecteur 1	7		request_0	1462352432288	1462352432324	OK	 
REQUEST	injecteur 8	4		request_7	1462352432292	1462352432326	OK	 
REQUEST	injecteur 7	2		request_6	1462352432292	1462352432328	OK	 
REQUEST	injecteur 4	1		request_3	1462352432294	1462352432331	OK	 
REQUEST	injecteur 2	9		request_1	1462352432296	1462352432333	OK	 
REQUEST	injecteur 10	5		request_9	1462352432304	1462352432334	OK	 
REQUEST	injecteur 9	6		request_8	1462352432309	1462352432342	OK	 
REQUEST	injecteur 5	10		request_4	1462352432318	1462352432347	OK	 
REQUEST	injecteur 6	8		request_5	1462352432321	1462352432349	OK	 
REQUEST	injecteur 3	3		request_2	1462352432323	1462352432350	OK	 
REQUEST	injecteur 1	7		request_0	1462352432325	1462352432353	OK	 
REQUEST	injecteur 8	4		request_7	1462352432327	1462352432355	OK	 
REQUEST	injecteur 7	2		request_6	1462352432329	1462352432357	OK	 
REQUEST	injecteur 4	1		request_3	1462352432332	1462352432359	OK	 
REQUEST	injecteur 2	9		request_1	1462352432335	1462352432365	OK	 
REQUEST	injecteur 10	5		request_9	1462352432335	1462352432367	OK	 
REQUEST	injecteur 9	6		request_8	1462352432345	1462352432371	OK	 
REQUEST	injecteur 5	10		request_4	1462352432347	1462352432373	OK	 
REQUEST	injecteur 6	8		request_5	1462352432350	1462352432375	OK	 
REQUEST	injecteur 3	3		request_2	1462352432352	1462352432378	OK	 
REQUEST	injecteur 1	7		request_0	1462352432354	1462352432381	OK	 
REQUEST	injecteur 8	4		request_7	1462352432356	1462352432383	OK	 
REQUEST	injecteur 7	2		request_6	1462352432358	1462352432390	OK	 
REQUEST	injecteur 4	1		request_3	1462352432360	1462352432393	OK	 
REQUEST	injecteur 2	9		request_1	1462352432366	1462352432395	OK	 
REQUEST	injecteur 10	5		request_9	1462352432368	1462352432397	OK	 
REQUEST	injecteur 9	6		request_8	1462352432372	1462352432399	OK	 
REQUEST	injecteur 5	10		request_4	1462352432374	1462352432402	OK	 
REQUEST	injecteur 6	8		request_5	1462352432376	1462352432406	OK	 
REQUEST	injecteur 3	3		request_2	1462352432379	1462352432410	OK	 
REQUEST	injecteur 1	7		request_0	1462352432382	1462352432413	OK	 
REQUEST	injecteur 8	4		request_7	1462352432385	1462352432419	OK	 
REQUEST	injecteur 7	2		request_6	1462352432391	1462352432421	OK	 
REQUEST	injecteur 4	1		request_3	1462352432394	1462352432423	OK	 
REQUEST	injecteur 2	9		request_1	1462352432396	1462352432426	OK	 
REQUEST	injecteur 10	5		request_9	1462352432397	1462352432430	OK	 
REQUEST	injecteur 9	6		request_8	1462352432400	1462352432431	OK	 
REQUEST	injecteur 5	10		request_4	1462352432403	1462352432435	OK	 
REQUEST	injecteur 6	8		request_5	1462352432407	1462352432437	OK	 
REQUEST	injecteur 3	3		request_2	1462352432411	1462352432445	OK	 
REQUEST	injecteur 1	7		request_0	1462352432414	1462352432450	OK	 
REQUEST	injecteur 8	4		request_7	1462352432420	1462352432452	OK	 
REQUEST	injecteur 7	2		request_6	1462352432422	1462352432454	OK	 
REQUEST	injecteur 4	1		request_3	1462352432424	1462352432456	OK	 
REQUEST	injecteur 2	9		request_1	1462352432427	1462352432459	OK	 
REQUEST	injecteur 10	5		request_9	1462352432431	1462352432462	OK	 
REQUEST	injecteur 9	6		request_8	1462352432432	1462352432463	OK	 
REQUEST	injecteur 5	10		request_4	1462352432436	1462352432473	OK	 
REQUEST	injecteur 6	8		request_5	1462352432439	1462352432476	OK	 
REQUEST	injecteur 3	3		request_2	1462352432446	1462352432480	OK	 
REQUEST	injecteur 1	7		request_0	1462352432451	1462352432482	OK	 
REQUEST	injecteur 8	4		request_7	1462352432453	1462352432485	OK	 
REQUEST	injecteur 7	2		request_6	1462352432455	1462352432487	OK	 
REQUEST	injecteur 4	1		request_3	1462352432457	1462352432493	OK	 
REQUEST	injecteur 2	9		request_1	1462352432459	1462352432495	OK	 
REQUEST	injecteur 9	6		request_8	1462352432464	1462352432498	OK	 
REQUEST	injecteur 10	5		request_9	1462352432462	1462352432500	OK	 
REQUEST	injecteur 5	10		request_4	1462352432474	1462352432504	OK	 
REQUEST	injecteur 6	8		request_5	1462352432476	1462352432505	OK	 
REQUEST	injecteur 3	3		request_2	1462352432481	1462352432509	OK	 
REQUEST	injecteur 1	7		request_0	1462352432483	1462352432512	OK	 
REQUEST	injecteur 7	2		request_6	1462352432488	1462352432517	OK	 
REQUEST	injecteur 8	4		request_7	1462352432486	1462352432516	OK	 
REQUEST	injecteur 4	1		request_3	1462352432494	1462352432525	OK	 
REQUEST	injecteur 2	9		request_1	1462352432496	1462352432530	OK	 
REQUEST	injecteur 9	6		request_8	1462352432499	1462352432532	OK	 
REQUEST	injecteur 10	5		request_9	1462352432502	1462352432538	OK	 
REQUEST	injecteur 5	10		request_4	1462352432505	1462352432540	OK	 
REQUEST	injecteur 6	8		request_5	1462352432507	1462352432543	OK	 
REQUEST	injecteur 3	3		request_2	1462352432510	1462352432545	OK	 
REQUEST	injecteur 4	1		request_3	1462352432527	1462352432547	OK	 
REQUEST	injecteur 9	6		request_8	1462352432533	1462352432549	OK	 
REQUEST	injecteur 1	7		request_0	1462352432514	1462352432553	OK	 
REQUEST	injecteur 7	2		request_6	1462352432518	1462352432555	OK	 
REQUEST	injecteur 8	4		request_7	1462352432521	1462352432560	OK	 
REQUEST	injecteur 2	9		request_1	1462352432531	1462352432564	OK	 
REQUEST	injecteur 10	5		request_9	1462352432539	1462352432568	OK	 
REQUEST	injecteur 6	8		request_5	1462352432544	1462352432572	OK	 
REQUEST	injecteur 5	10		request_4	1462352432541	1462352432573	OK	 
REQUEST	injecteur 3	3		request_2	1462352432546	1462352432575	OK	 
REQUEST	injecteur 4	1		request_3	1462352432548	1462352432578	OK	 
REQUEST	injecteur 9	6		request_8	1462352432550	1462352432580	OK	 
REQUEST	injecteur 1	7		request_0	1462352432553	1462352432582	OK	 
REQUEST	injecteur 7	2		request_6	1462352432556	1462352432585	OK	 
REQUEST	injecteur 8	4		request_7	1462352432562	1462352432588	OK	 
REQUEST	injecteur 10	5		request_9	1462352432569	1462352432592	OK	 
REQUEST	injecteur 2	9		request_1	1462352432565	1462352432596	OK	 
REQUEST	injecteur 5	10		request_4	1462352432574	1462352432600	OK	 
REQUEST	injecteur 6	8		request_5	1462352432575	1462352432602	OK	 
REQUEST	injecteur 3	3		request_2	1462352432576	1462352432605	OK	 
REQUEST	injecteur 4	1		request_3	1462352432579	1462352432609	OK	 
REQUEST	injecteur 9	6		request_8	1462352432581	1462352432611	OK	 
REQUEST	injecteur 7	2		request_6	1462352432586	1462352432615	OK	 
REQUEST	injecteur 8	4		request_7	1462352432589	1462352432618	OK	 
REQUEST	injecteur 1	7		request_0	1462352432583	1462352432620	OK	 
REQUEST	injecteur 10	5		request_9	1462352432593	1462352432625	OK	 
REQUEST	injecteur 2	9		request_1	1462352432598	1462352432627	OK	 
REQUEST	injecteur 5	10		request_4	1462352432601	1462352432629	OK	 
REQUEST	injecteur 6	8		request_5	1462352432603	1462352432632	OK	 
REQUEST	injecteur 3	3		request_2	1462352432606	1462352432633	OK	 
REQUEST	injecteur 4	1		request_3	1462352432610	1462352432636	OK	 
REQUEST	injecteur 9	6		request_8	1462352432612	1462352432637	OK	 
REQUEST	injecteur 7	2		request_6	1462352432616	1462352432644	OK	 
REQUEST	injecteur 9	6		request_8	1462352432638	1462352432652	OK	 
REQUEST	injecteur 8	4		request_7	1462352432619	1462352432655	OK	 
REQUEST	injecteur 1	7		request_0	1462352432621	1462352432658	OK	 
REQUEST	injecteur 10	5		request_9	1462352432626	1462352432659	OK	 
REQUEST	injecteur 2	9		request_1	1462352432628	1462352432662	OK	 
REQUEST	injecteur 5	10		request_4	1462352432630	1462352432664	OK	 
REQUEST	injecteur 6	8		request_5	1462352432632	1462352432666	OK	 
REQUEST	injecteur 4	1		request_3	1462352432637	1462352432671	OK	 
REQUEST	injecteur 3	3		request_2	1462352432635	1462352432675	OK	 
REQUEST	injecteur 7	2		request_6	1462352432645	1462352432676	OK	 
REQUEST	injecteur 9	6		request_8	1462352432653	1462352432683	OK	 
REQUEST	injecteur 8	4		request_7	1462352432656	1462352432683	OK	 
REQUEST	injecteur 1	7		request_0	1462352432659	1462352432687	OK	 
REQUEST	injecteur 10	5		request_9	1462352432660	1462352432689	OK	 
REQUEST	injecteur 2	9		request_1	1462352432663	1462352432691	OK	 
REQUEST	injecteur 5	10		request_4	1462352432665	1462352432692	OK	 
REQUEST	injecteur 6	8		request_5	1462352432667	1462352432696	OK	 
REQUEST	injecteur 3	3		request_2	1462352432675	1462352432705	OK	 
REQUEST	injecteur 7	2		request_6	1462352432677	1462352432707	OK	 
REQUEST	injecteur 8	4		request_7	1462352432684	1462352432714	OK	 
REQUEST	injecteur 9	6		request_8	1462352432684	1462352432715	OK	 
REQUEST	injecteur 5	10		request_4	1462352432693	1462352432723	OK	 
REQUEST	injecteur 7	2		request_6	1462352432708	1462352432729	OK	 
REQUEST	injecteur 8	4		request_7	1462352432715	1462352432731	OK	 
REQUEST	injecteur 9	6		request_8	1462352432716	1462352432732	OK	 
REQUEST	injecteur 5	10		request_4	1462352432724	1462352432734	OK	 
REQUEST	injecteur 7	2		request_6	1462352432730	1462352432736	OK	 
REQUEST	injecteur 4	1		request_3	1462352432672	1462352432738	OK	 
REQUEST	injecteur 8	4		request_7	1462352432731	1462352432740	OK	 
REQUEST	injecteur 2	9		request_1	1462352432692	1462352432740	OK	 
REQUEST	injecteur 1	7		request_0	1462352432687	1462352432740	OK	 
REQUEST	injecteur 9	6		request_8	1462352432733	1462352432741	OK	 
REQUEST	injecteur 3	3		request_2	1462352432706	1462352432742	OK	 
REQUEST	injecteur 5	10		request_4	1462352432735	1462352432743	OK	 
REQUEST	injecteur 10	5		request_9	1462352432689	1462352432743	OK	 
REQUEST	injecteur 6	8		request_5	1462352432698	1462352432745	OK	 
REQUEST	injecteur 7	2		request_6	1462352432737	1462352432748	OK	 
REQUEST	injecteur 4	1		request_3	1462352432739	1462352432755	OK	 
REQUEST	injecteur 1	7		request_0	1462352432741	1462352432757	OK	 
REQUEST	injecteur 8	4		request_7	1462352432741	1462352432759	OK	 
REQUEST	injecteur 9	6		request_8	1462352432742	1462352432761	OK	 
REQUEST	injecteur 3	3		request_2	1462352432743	1462352432764	OK	 
REQUEST	injecteur 10	5		request_9	1462352432744	1462352432768	OK	 
REQUEST	injecteur 2	9		request_1	1462352432746	1462352432770	OK	 
REQUEST	injecteur 6	8		request_5	1462352432746	1462352432772	OK	 
REQUEST	injecteur 5	10		request_4	1462352432746	1462352432774	OK	 
REQUEST	injecteur 7	2		request_6	1462352432749	1462352432779	OK	 
REQUEST	injecteur 4	1		request_3	1462352432756	1462352432782	OK	 
REQUEST	injecteur 1	7		request_0	1462352432758	1462352432785	OK	 
REQUEST	injecteur 8	4		request_7	1462352432760	1462352432786	OK	 
REQUEST	injecteur 3	3		request_2	1462352432765	1462352432792	OK	 
REQUEST	injecteur 9	6		request_8	1462352432762	1462352432792	OK	 
REQUEST	injecteur 10	5		request_9	1462352432769	1462352432797	OK	 
REQUEST	injecteur 2	9		request_1	1462352432771	1462352432798	OK	 
REQUEST	injecteur 6	8		request_5	1462352432773	1462352432801	OK	 
REQUEST	injecteur 5	10		request_4	1462352432775	1462352432808	OK	 
REQUEST	injecteur 7	2		request_6	1462352432780	1462352432809	OK	 
REQUEST	injecteur 4	1		request_3	1462352432783	1462352432811	OK	 
REQUEST	injecteur 1	7		request_0	1462352432786	1462352432814	OK	 
REQUEST	injecteur 8	4		request_7	1462352432787	1462352432815	OK	 
REQUEST	injecteur 3	3		request_2	1462352432792	1462352432818	OK	 
REQUEST	injecteur 9	6		request_8	1462352432792	1462352432820	OK	 
REQUEST	injecteur 10	5		request_9	1462352432798	1462352432822	OK	 
REQUEST	injecteur 3	3		request_2	1462352432819	1462352432850	OK	 
REQUEST	injecteur 8	4		request_7	1462352432816	1462352432850	OK	 
REQUEST	injecteur 5	10		request_4	1462352432809	1462352432853	OK	 
REQUEST	injecteur 1	7		request_0	1462352432814	1462352432853	OK	 
REQUEST	injecteur 6	8		request_5	1462352432802	1462352432854	OK	 
REQUEST	injecteur 7	2		request_6	1462352432810	1462352432855	OK	 
REQUEST	injecteur 2	9		request_1	1462352432799	1462352432860	OK	 
REQUEST	injecteur 4	1		request_3	1462352432812	1462352432862	OK	 
REQUEST	injecteur 8	4		request_7	1462352432852	1462352432865	OK	 
REQUEST	injecteur 3	3		request_2	1462352432852	1462352432865	OK	 
REQUEST	injecteur 10	5		request_9	1462352432824	1462352432868	OK	 
REQUEST	injecteur 5	10		request_4	1462352432854	1462352432871	OK	 
REQUEST	injecteur 1	7		request_0	1462352432854	1462352432871	OK	 
REQUEST	injecteur 7	2		request_6	1462352432856	1462352432877	OK	 
REQUEST	injecteur 6	8		request_5	1462352432856	1462352432881	OK	 
REQUEST	injecteur 2	9		request_1	1462352432861	1462352432887	OK	 
REQUEST	injecteur 4	1		request_3	1462352432863	1462352432889	OK	 
REQUEST	injecteur 9	6		request_8	1462352432821	1462352432897	OK	 
REQUEST	injecteur 3	3		request_2	1462352432867	1462352432899	OK	 
REQUEST	injecteur 8	4		request_7	1462352432866	1462352432904	OK	 
REQUEST	injecteur 10	5		request_9	1462352432869	1462352432906	OK	 
REQUEST	injecteur 1	7		request_0	1462352432871	1462352432908	OK	 
REQUEST	injecteur 5	10		request_4	1462352432871	1462352432910	OK	 
REQUEST	injecteur 7	2		request_6	1462352432878	1462352432913	OK	 
REQUEST	injecteur 6	8		request_5	1462352432882	1462352432918	OK	 
REQUEST	injecteur 2	9		request_1	1462352432888	1462352432927	OK	 
REQUEST	injecteur 4	1		request_3	1462352432890	1462352432931	OK	 
REQUEST	injecteur 3	3		request_2	1462352432900	1462352432953	OK	 
REQUEST	injecteur 9	6		request_8	1462352432901	1462352432957	OK	 
REQUEST	injecteur 8	4		request_7	1462352432905	1462352432959	OK	 
REQUEST	injecteur 1	7		request_0	1462352432909	1462352432962	OK	 
REQUEST	injecteur 10	5		request_9	1462352432907	1462352432963	OK	 
REQUEST	injecteur 5	10		request_4	1462352432911	1462352432965	OK	 
REQUEST	injecteur 7	2		request_6	1462352432914	1462352432967	OK	 
REQUEST	injecteur 6	8		request_5	1462352432921	1462352432974	OK	 
REQUEST	injecteur 2	9		request_1	1462352432928	1462352432979	OK	 
REQUEST	injecteur 4	1		request_3	1462352432932	1462352432982	OK	 
REQUEST	injecteur 3	3		request_2	1462352432954	1462352432985	OK	 
REQUEST	injecteur 9	6		request_8	1462352432958	1462352432987	OK	 
REQUEST	injecteur 8	4		request_7	1462352432960	1462352432989	OK	 
REQUEST	injecteur 1	7		request_0	1462352432963	1462352432991	OK	 
REQUEST	injecteur 10	5		request_9	1462352432964	1462352432993	OK	 
REQUEST	injecteur 5	10		request_4	1462352432966	1462352433000	OK	 
REQUEST	injecteur 7	2		request_6	1462352432968	1462352433002	OK	 
REQUEST	injecteur 3	3		request_2	1462352432986	1462352433009	OK	 
REQUEST	injecteur 9	6		request_8	1462352432988	1462352433010	OK	 
REQUEST	injecteur 8	4		request_7	1462352432990	1462352433012	OK	 
REQUEST	injecteur 1	7		request_0	1462352432992	1462352433014	OK	 
REQUEST	injecteur 5	10		request_4	1462352433001	1462352433017	OK	 
REQUEST	injecteur 7	2		request_6	1462352433002	1462352433019	OK	 
REQUEST	injecteur 10	5		request_9	1462352432994	1462352433021	OK	 
REQUEST	injecteur 6	8		request_5	1462352432982	1462352433021	OK	 
REQUEST	injecteur 2	9		request_1	1462352432980	1462352433021	OK	 
REQUEST	injecteur 4	1		request_3	1462352432983	1462352433022	OK	 
REQUEST	injecteur 9	6		request_8	1462352433011	1462352433023	OK	 
REQUEST	injecteur 3	3		request_2	1462352433009	1462352433024	OK	 
REQUEST	injecteur 8	4		request_7	1462352433013	1462352433025	OK	 
REQUEST	injecteur 1	7		request_0	1462352433014	1462352433027	OK	 
REQUEST	injecteur 5	10		request_4	1462352433018	1462352433029	OK	 
REQUEST	injecteur 7	2		request_6	1462352433020	1462352433034	OK	 
REQUEST	injecteur 10	5		request_9	1462352433022	1462352433040	OK	 
REQUEST	injecteur 2	9		request_1	1462352433022	1462352433042	OK	 
REQUEST	injecteur 6	8		request_5	1462352433022	1462352433044	OK	 
REQUEST	injecteur 4	1		request_3	1462352433023	1462352433046	OK	 
REQUEST	injecteur 9	6		request_8	1462352433024	1462352433048	OK	 
REQUEST	injecteur 3	3		request_2	1462352433025	1462352433055	OK	 
REQUEST	injecteur 8	4		request_7	1462352433026	1462352433057	OK	 
REQUEST	injecteur 1	7		request_0	1462352433028	1462352433060	OK	 
REQUEST	injecteur 5	10		request_4	1462352433030	1462352433063	OK	 
REQUEST	injecteur 7	2		request_6	1462352433035	1462352433066	OK	 
REQUEST	injecteur 10	5		request_9	1462352433041	1462352433068	OK	 
REQUEST	injecteur 2	9		request_1	1462352433043	1462352433071	OK	 
REQUEST	injecteur 6	8		request_5	1462352433045	1462352433073	OK	 
REQUEST	injecteur 4	1		request_3	1462352433047	1462352433075	OK	 
REQUEST	injecteur 9	6		request_8	1462352433049	1462352433081	OK	 
REQUEST	injecteur 3	3		request_2	1462352433056	1462352433085	OK	 
REQUEST	injecteur 8	4		request_7	1462352433058	1462352433087	OK	 
REQUEST	injecteur 1	7		request_0	1462352433061	1462352433089	OK	 
REQUEST	injecteur 5	10		request_4	1462352433064	1462352433091	OK	 
REQUEST	injecteur 7	2		request_6	1462352433067	1462352433093	OK	 
REQUEST	injecteur 10	5		request_9	1462352433069	1462352433096	OK	 
REQUEST	injecteur 2	9		request_1	1462352433071	1462352433099	OK	 
REQUEST	injecteur 6	8		request_5	1462352433073	1462352433102	OK	 
REQUEST	injecteur 4	1		request_3	1462352433075	1462352433109	OK	 
REQUEST	injecteur 9	6		request_8	1462352433082	1462352433113	OK	 
REQUEST	injecteur 3	3		request_2	1462352433086	1462352433114	OK	 
REQUEST	injecteur 8	4		request_7	1462352433088	1462352433116	OK	 
REQUEST	injecteur 1	7		request_0	1462352433090	1462352433119	OK	 
REQUEST	injecteur 5	10		request_4	1462352433092	1462352433121	OK	 
REQUEST	injecteur 7	2		request_6	1462352433094	1462352433122	OK	 
REQUEST	injecteur 10	5		request_9	1462352433097	1462352433125	OK	 
REQUEST	injecteur 2	9		request_1	1462352433100	1462352433127	OK	 
REQUEST	injecteur 6	8		request_5	1462352433103	1462352433134	OK	 
REQUEST	injecteur 4	1		request_3	1462352433110	1462352433137	OK	 
REQUEST	injecteur 9	6		request_8	1462352433113	1462352433139	OK	 
REQUEST	injecteur 3	3		request_2	1462352433115	1462352433141	OK	 
REQUEST	injecteur 8	4		request_7	1462352433117	1462352433144	OK	 
REQUEST	injecteur 1	7		request_0	1462352433119	1462352433148	OK	 
REQUEST	injecteur 5	10		request_4	1462352433121	1462352433149	OK	 
REQUEST	injecteur 7	2		request_6	1462352433123	1462352433150	OK	 
REQUEST	injecteur 10	5		request_9	1462352433126	1462352433155	OK	 
REQUEST	injecteur 2	9		request_1	1462352433128	1462352433158	OK	 
REQUEST	injecteur 6	8		request_5	1462352433136	1462352433163	OK	 
REQUEST	injecteur 4	1		request_3	1462352433138	1462352433165	OK	 
REQUEST	injecteur 9	6		request_8	1462352433140	1462352433171	OK	 
REQUEST	injecteur 8	4		request_7	1462352433145	1462352433172	OK	 
REQUEST	injecteur 3	3		request_2	1462352433147	1462352433174	OK	 
REQUEST	injecteur 5	10		request_4	1462352433149	1462352433179	OK	 
REQUEST	injecteur 7	2		request_6	1462352433151	1462352433181	OK	 
REQUEST	injecteur 10	5		request_9	1462352433157	1462352433187	OK	 
REQUEST	injecteur 2	9		request_1	1462352433160	1462352433188	OK	 
REQUEST	injecteur 6	8		request_5	1462352433163	1462352433190	OK	 
REQUEST	injecteur 4	1		request_3	1462352433165	1462352433194	OK	 
REQUEST	injecteur 9	6		request_8	1462352433172	1462352433198	OK	 
REQUEST	injecteur 1	7		request_0	1462352433149	1462352433200	OK	 
REQUEST	injecteur 8	4		request_7	1462352433172	1462352433202	OK	 
REQUEST	injecteur 3	3		request_2	1462352433174	1462352433207	OK	 
REQUEST	injecteur 5	10		request_4	1462352433180	1462352433209	OK	 
REQUEST	injecteur 7	2		request_6	1462352433183	1462352433212	OK	 
REQUEST	injecteur 10	5		request_9	1462352433187	1462352433214	OK	 
REQUEST	injecteur 2	9		request_1	1462352433189	1462352433217	OK	 
REQUEST	injecteur 6	8		request_5	1462352433191	1462352433219	OK	 
REQUEST	injecteur 4	1		request_3	1462352433196	1462352433230	OK	 
REQUEST	injecteur 9	6		request_8	1462352433199	1462352433232	OK	 
REQUEST	injecteur 8	4		request_7	1462352433203	1462352433236	OK	 
REQUEST	injecteur 1	7		request_0	1462352433201	1462352433239	OK	 
REQUEST	injecteur 5	10		request_4	1462352433210	1462352433240	OK	 
REQUEST	injecteur 7	2		request_6	1462352433213	1462352433242	OK	 
REQUEST	injecteur 3	3		request_2	1462352433208	1462352433245	OK	 
REQUEST	injecteur 10	5		request_9	1462352433215	1462352433244	OK	 
REQUEST	injecteur 2	9		request_1	1462352433218	1462352433256	OK	 
REQUEST	injecteur 6	8		request_5	1462352433221	1462352433259	OK	 
REQUEST	injecteur 4	1		request_3	1462352433230	1462352433261	OK	 
REQUEST	injecteur 9	6		request_8	1462352433232	1462352433263	OK	 
REQUEST	injecteur 8	4		request_7	1462352433237	1462352433265	OK	 
REQUEST	injecteur 1	7		request_0	1462352433240	1462352433266	OK	 
REQUEST	injecteur 5	10		request_4	1462352433241	1462352433271	OK	 
REQUEST	injecteur 7	2		request_6	1462352433243	1462352433274	OK	 
REQUEST	injecteur 3	3		request_2	1462352433246	1462352433288	OK	 
REQUEST	injecteur 10	5		request_9	1462352433253	1462352433288	OK	 
REQUEST	injecteur 2	9		request_1	1462352433257	1462352433295	OK	 
REQUEST	injecteur 6	8		request_5	1462352433259	1462352433297	OK	 
REQUEST	injecteur 9	6		request_8	1462352433264	1462352433299	OK	 
REQUEST	injecteur 4	1		request_3	1462352433262	1462352433301	OK	 
REQUEST	injecteur 8	4		request_7	1462352433266	1462352433302	OK	 
REQUEST	injecteur 1	7		request_0	1462352433267	1462352433304	OK	 
REQUEST	injecteur 5	10		request_4	1462352433272	1462352433311	OK	 
REQUEST	injecteur 7	2		request_6	1462352433275	1462352433313	OK	 
REQUEST	injecteur 3	3		request_2	1462352433290	1462352433319	OK	 
REQUEST	injecteur 10	5		request_9	1462352433291	1462352433321	OK	 
REQUEST	injecteur 2	9		request_1	1462352433295	1462352433324	OK	 
REQUEST	injecteur 6	8		request_5	1462352433298	1462352433326	OK	 
REQUEST	injecteur 9	6		request_8	1462352433300	1462352433329	OK	 
REQUEST	injecteur 4	1		request_3	1462352433302	1462352433331	OK	 
REQUEST	injecteur 8	4		request_7	1462352433303	1462352433333	OK	 
REQUEST	injecteur 1	7		request_0	1462352433305	1462352433337	OK	 
REQUEST	injecteur 5	10		request_4	1462352433312	1462352433343	OK	 
REQUEST	injecteur 7	2		request_6	1462352433315	1462352433345	OK	 
REQUEST	injecteur 3	3		request_2	1462352433320	1462352433354	OK	 
REQUEST	injecteur 10	5		request_9	1462352433323	1462352433357	OK	 
REQUEST	injecteur 2	9		request_1	1462352433325	1462352433359	OK	 
REQUEST	injecteur 6	8		request_5	1462352433327	1462352433361	OK	 
REQUEST	injecteur 9	6		request_8	1462352433330	1462352433363	OK	 
REQUEST	injecteur 4	1		request_3	1462352433332	1462352433365	OK	 
REQUEST	injecteur 8	4		request_7	1462352433334	1462352433368	OK	 
REQUEST	injecteur 1	7		request_0	1462352433338	1462352433373	OK	 
REQUEST	injecteur 5	10		request_4	1462352433344	1462352433375	OK	 
REQUEST	injecteur 7	2		request_6	1462352433346	1462352433378	OK	 
REQUEST	injecteur 3	3		request_2	1462352433355	1462352433380	OK	 
REQUEST	injecteur 10	5		request_9	1462352433358	1462352433382	OK	 
REQUEST	injecteur 2	9		request_1	1462352433360	1462352433384	OK	 
REQUEST	injecteur 6	8		request_5	1462352433362	1462352433386	OK	 
REQUEST	injecteur 9	6		request_8	1462352433364	1462352433390	OK	 
REQUEST	injecteur 4	1		request_3	1462352433366	1462352433393	OK	 
REQUEST	injecteur 8	4		request_7	1462352433369	1462352433395	OK	 
REQUEST	injecteur 1	7		request_0	1462352433373	1462352433397	OK	 
REQUEST	injecteur 5	10		request_4	1462352433376	1462352433399	OK	 
REQUEST	injecteur 7	2		request_6	1462352433378	1462352433401	OK	 
REQUEST	injecteur 3	3		request_2	1462352433380	1462352433403	OK	 
REQUEST	injecteur 10	5		request_9	1462352433382	1462352433406	OK	 
REQUEST	injecteur 2	9		request_1	1462352433384	1462352433408	OK	 
REQUEST	injecteur 6	8		request_5	1462352433387	1462352433410	OK	 
REQUEST	injecteur 9	6		request_8	1462352433391	1462352433413	OK	 
REQUEST	injecteur 4	1		request_3	1462352433393	1462352433416	OK	 
REQUEST	injecteur 1	7		request_0	1462352433398	1462352433420	OK	 
REQUEST	injecteur 8	4		request_7	1462352433396	1462352433420	OK	 
REQUEST	injecteur 5	10		request_4	1462352433400	1462352433422	OK	 
REQUEST	injecteur 7	2		request_6	1462352433402	1462352433424	OK	 
REQUEST	injecteur 3	3		request_2	1462352433404	1462352433426	OK	 
REQUEST	injecteur 10	5		request_9	1462352433407	1462352433431	OK	 
REQUEST	injecteur 2	9		request_1	1462352433409	1462352433433	OK	 
REQUEST	injecteur 6	8		request_5	1462352433411	1462352433437	OK	 
REQUEST	injecteur 9	6		request_8	1462352433414	1462352433441	OK	 
REQUEST	injecteur 4	1		request_3	1462352433419	1462352433443	OK	 
REQUEST	injecteur 8	4		request_7	1462352433421	1462352433445	OK	 
REQUEST	injecteur 1	7		request_0	1462352433421	1462352433447	OK	 
REQUEST	injecteur 5	10		request_4	1462352433423	1462352433449	OK	 
REQUEST	injecteur 3	3		request_2	1462352433427	1462352433454	OK	 
REQUEST	injecteur 7	2		request_6	1462352433427	1462352433456	OK	 
REQUEST	injecteur 10	5		request_9	1462352433431	1462352433458	OK	 
REQUEST	injecteur 2	9		request_1	1462352433434	1462352433460	OK	 
REQUEST	injecteur 6	8		request_5	1462352433438	1462352433463	OK	 
REQUEST	injecteur 9	6		request_8	1462352433442	1462352433464	OK	 
REQUEST	injecteur 4	1		request_3	1462352433444	1462352433466	OK	 
REQUEST	injecteur 8	4		request_7	1462352433446	1462352433468	OK	 
REQUEST	injecteur 1	7		request_0	1462352433448	1462352433470	OK	 
REQUEST	injecteur 5	10		request_4	1462352433450	1462352433473	OK	 
REQUEST	injecteur 3	3		request_2	1462352433455	1462352433476	OK	 
REQUEST	injecteur 7	2		request_6	1462352433457	1462352433477	OK	 
REQUEST	injecteur 10	5		request_9	1462352433459	1462352433480	OK	 
REQUEST	injecteur 2	9		request_1	1462352433462	1462352433483	OK	 
REQUEST	injecteur 6	8		request_5	1462352433464	1462352433484	OK	 
REQUEST	injecteur 9	6		request_8	1462352433465	1462352433487	OK	 
REQUEST	injecteur 4	1		request_3	1462352433467	1462352433488	OK	 
REQUEST	injecteur 8	4		request_7	1462352433469	1462352433490	OK	 
REQUEST	injecteur 1	7		request_0	1462352433471	1462352433495	OK	 
REQUEST	injecteur 5	10		request_4	1462352433474	1462352433497	OK	 
REQUEST	injecteur 7	2		request_6	1462352433478	1462352433503	OK	 
REQUEST	injecteur 10	5		request_9	1462352433480	1462352433505	OK	 
REQUEST	injecteur 3	3		request_2	1462352433477	1462352433506	OK	 
REQUEST	injecteur 2	9		request_1	1462352433483	1462352433506	OK	 
REQUEST	injecteur 9	6		request_8	1462352433487	1462352433508	OK	 
REQUEST	injecteur 6	8		request_5	1462352433485	1462352433512	OK	 
REQUEST	injecteur 4	1		request_3	1462352433489	1462352433514	OK	 
REQUEST	injecteur 8	4		request_7	1462352433491	1462352433515	OK	 
REQUEST	injecteur 1	7		request_0	1462352433495	1462352433519	OK	 
REQUEST	injecteur 5	10		request_4	1462352433498	1462352433520	OK	 
REQUEST	injecteur 7	2		request_6	1462352433504	1462352433522	OK	 
REQUEST	injecteur 2	9		request_1	1462352433507	1462352433524	OK	 
REQUEST	injecteur 9	6		request_8	1462352433509	1462352433526	OK	 
REQUEST	injecteur 10	5		request_9	1462352433511	1462352433530	OK	 
REQUEST	injecteur 6	8		request_5	1462352433513	1462352433532	OK	 
REQUEST	injecteur 8	4		request_7	1462352433516	1462352433537	OK	 
REQUEST	injecteur 4	1		request_3	1462352433515	1462352433539	OK	 
REQUEST	injecteur 3	3		request_2	1462352433506	1462352433540	OK	 
REQUEST	injecteur 1	7		request_0	1462352433520	1462352433546	OK	 
REQUEST	injecteur 5	10		request_4	1462352433521	1462352433549	OK	 
REQUEST	injecteur 7	2		request_6	1462352433523	1462352433551	OK	 
REQUEST	injecteur 2	9		request_1	1462352433525	1462352433554	OK	 
REQUEST	injecteur 4	1		request_3	1462352433540	1462352433557	OK	 
REQUEST	injecteur 9	6		request_8	1462352433527	1462352433560	OK	 
REQUEST	injecteur 10	5		request_9	1462352433531	1462352433563	OK	 
REQUEST	injecteur 6	8		request_5	1462352433533	1462352433566	OK	 
REQUEST	injecteur 8	4		request_7	1462352433537	1462352433567	OK	 
REQUEST	injecteur 3	3		request_2	1462352433541	1462352433569	OK	 
REQUEST	injecteur 1	7		request_0	1462352433547	1462352433572	OK	 
REQUEST	injecteur 5	10		request_4	1462352433550	1462352433574	OK	 
REQUEST	injecteur 2	9		request_1	1462352433555	1462352433579	OK	 
REQUEST	injecteur 7	2		request_6	1462352433551	1462352433580	OK	 
REQUEST	injecteur 4	1		request_3	1462352433558	1462352433582	OK	 
REQUEST	injecteur 9	6		request_8	1462352433561	1462352433583	OK	 
REQUEST	injecteur 10	5		request_9	1462352433564	1462352433585	OK	 
REQUEST	injecteur 6	8		request_5	1462352433567	1462352433588	OK	 
REQUEST	injecteur 8	4		request_7	1462352433568	1462352433592	OK	 
REQUEST	injecteur 3	3		request_2	1462352433570	1462352433595	OK	 
REQUEST	injecteur 1	7		request_0	1462352433574	1462352433597	OK	 
REQUEST	injecteur 5	10		request_4	1462352433575	1462352433600	OK	 
REQUEST	injecteur 2	9		request_1	1462352433580	1462352433603	OK	 
REQUEST	injecteur 7	2		request_6	1462352433580	1462352433605	OK	 
REQUEST	injecteur 4	1		request_3	1462352433582	1462352433608	OK	 
REQUEST	injecteur 9	6		request_8	1462352433584	1462352433609	OK	 
REQUEST	injecteur 10	5		request_9	1462352433586	1462352433611	OK	 
REQUEST	injecteur 6	8		request_5	1462352433588	1462352433614	OK	 
REQUEST	injecteur 8	4		request_7	1462352433592	1462352433619	OK	 
REQUEST	injecteur 3	3		request_2	1462352433596	1462352433623	OK	 
REQUEST	injecteur 1	7		request_0	1462352433598	1462352433628	OK	 
REQUEST	injecteur 5	10		request_4	1462352433601	1462352433632	OK	 
REQUEST	injecteur 2	9		request_1	1462352433604	1462352433634	OK	 
REQUEST	injecteur 7	2		request_6	1462352433606	1462352433636	OK	 
REQUEST	injecteur 4	1		request_3	1462352433608	1462352433638	OK	 
REQUEST	injecteur 9	6		request_8	1462352433610	1462352433641	OK	 
REQUEST	injecteur 10	5		request_9	1462352433612	1462352433642	OK	 
REQUEST	injecteur 6	8		request_5	1462352433615	1462352433644	OK	 
REQUEST	injecteur 8	4		request_7	1462352433620	1462352433646	OK	 
REQUEST	injecteur 3	3		request_2	1462352433624	1462352433650	OK	 
REQUEST	injecteur 1	7		request_0	1462352433629	1462352433655	OK	 
REQUEST	injecteur 5	10		request_4	1462352433633	1462352433657	OK	 
REQUEST	injecteur 7	2		request_6	1462352433637	1462352433662	OK	 
REQUEST	injecteur 2	9		request_1	1462352433635	1462352433665	OK	 
REQUEST	injecteur 9	6		request_8	1462352433641	1462352433665	OK	 
REQUEST	injecteur 4	1		request_3	1462352433639	1462352433666	OK	 
REQUEST	injecteur 10	5		request_9	1462352433643	1462352433668	OK	 
REQUEST	injecteur 6	8		request_5	1462352433645	1462352433671	OK	 
REQUEST	injecteur 8	4		request_7	1462352433647	1462352433675	OK	 
REQUEST	injecteur 3	3		request_2	1462352433654	1462352433677	OK	 
REQUEST	injecteur 1	7		request_0	1462352433656	1462352433679	OK	 
REQUEST	injecteur 5	10		request_4	1462352433658	1462352433681	OK	 
REQUEST	injecteur 7	2		request_6	1462352433662	1462352433683	OK	 
REQUEST	injecteur 9	6		request_8	1462352433665	1462352433685	OK	 
REQUEST	injecteur 2	9		request_1	1462352433665	1462352433688	OK	 
REQUEST	injecteur 4	1		request_3	1462352433667	1462352433690	OK	 
REQUEST	injecteur 10	5		request_9	1462352433669	1462352433693	OK	 
REQUEST	injecteur 6	8		request_5	1462352433672	1462352433696	OK	 
REQUEST	injecteur 8	4		request_7	1462352433675	1462352433698	OK	 
REQUEST	injecteur 3	3		request_2	1462352433678	1462352433700	OK	 
REQUEST	injecteur 1	7		request_0	1462352433680	1462352433701	OK	 
REQUEST	injecteur 5	10		request_4	1462352433681	1462352433704	OK	 
REQUEST	injecteur 7	2		request_6	1462352433683	1462352433706	OK	 
REQUEST	injecteur 9	6		request_8	1462352433685	1462352433708	OK	 
REQUEST	injecteur 2	9		request_1	1462352433689	1462352433711	OK	 
REQUEST	injecteur 4	1		request_3	1462352433691	1462352433714	OK	 
REQUEST	injecteur 10	5		request_9	1462352433694	1462352433716	OK	 
REQUEST	injecteur 6	8		request_5	1462352433697	1462352433719	OK	 
REQUEST	injecteur 8	4		request_7	1462352433698	1462352433721	OK	 
REQUEST	injecteur 3	3		request_2	1462352433700	1462352433723	OK	 
REQUEST	injecteur 1	7		request_0	1462352433703	1462352433725	OK	 
REQUEST	injecteur 5	10		request_4	1462352433705	1462352433727	OK	 
REQUEST	injecteur 7	2		request_6	1462352433707	1462352433731	OK	 
REQUEST	injecteur 9	6		request_8	1462352433709	1462352433734	OK	 
REQUEST	injecteur 2	9		request_1	1462352433712	1462352433737	OK	 
REQUEST	injecteur 4	1		request_3	1462352433714	1462352433739	OK	 
REQUEST	injecteur 8	4		request_7	1462352433722	1462352433746	OK	 
REQUEST	injecteur 3	3		request_2	1462352433725	1462352433749	OK	 
REQUEST	injecteur 1	7		request_0	1462352433726	1462352433750	OK	 
REQUEST	injecteur 10	5		request_9	1462352433717	1462352433752	OK	 
REQUEST	injecteur 6	8		request_5	1462352433720	1462352433753	OK	 
REQUEST	injecteur 5	10		request_4	1462352433728	1462352433761	OK	 
REQUEST	injecteur 7	2		request_6	1462352433732	1462352433763	OK	 
REQUEST	injecteur 9	6		request_8	1462352433735	1462352433766	OK	 
REQUEST	injecteur 2	9		request_1	1462352433738	1462352433768	OK	 
REQUEST	injecteur 4	1		request_3	1462352433740	1462352433772	OK	 
REQUEST	injecteur 8	4		request_7	1462352433746	1462352433773	OK	 
REQUEST	injecteur 3	3		request_2	1462352433749	1462352433775	OK	 
REQUEST	injecteur 1	7		request_0	1462352433751	1462352433779	OK	 
REQUEST	injecteur 10	5		request_9	1462352433752	1462352433781	OK	 
REQUEST	injecteur 6	8		request_5	1462352433754	1462352433783	OK	 
REQUEST	injecteur 5	10		request_4	1462352433762	1462352433785	OK	 
REQUEST	injecteur 7	2		request_6	1462352433764	1462352433787	OK	 
REQUEST	injecteur 9	6		request_8	1462352433766	1462352433789	OK	 
REQUEST	injecteur 2	9		request_1	1462352433769	1462352433791	OK	 
REQUEST	injecteur 4	1		request_3	1462352433772	1462352433793	OK	 
REQUEST	injecteur 8	4		request_7	1462352433774	1462352433795	OK	 
REQUEST	injecteur 3	3		request_2	1462352433776	1462352433800	OK	 
REQUEST	injecteur 1	7		request_0	1462352433779	1462352433800	OK	 
REQUEST	injecteur 10	5		request_9	1462352433782	1462352433802	OK	 
REQUEST	injecteur 6	8		request_5	1462352433783	1462352433804	OK	 
REQUEST	injecteur 5	10		request_4	1462352433785	1462352433806	OK	 
REQUEST	injecteur 7	2		request_6	1462352433788	1462352433811	OK	 
REQUEST	injecteur 9	6		request_8	1462352433790	1462352433812	OK	 
REQUEST	injecteur 2	9		request_1	1462352433792	1462352433814	OK	 
REQUEST	injecteur 4	1		request_3	1462352433794	1462352433816	OK	 
REQUEST	injecteur 8	4		request_7	1462352433797	1462352433818	OK	 
REQUEST	injecteur 3	3		request_2	1462352433800	1462352433822	OK	 
REQUEST	injecteur 1	7		request_0	1462352433801	1462352433823	OK	 
REQUEST	injecteur 10	5		request_9	1462352433803	1462352433826	OK	 
REQUEST	injecteur 6	8		request_5	1462352433805	1462352433828	OK	 
REQUEST	injecteur 5	10		request_4	1462352433807	1462352433830	OK	 
REQUEST	injecteur 7	2		request_6	1462352433812	1462352433833	OK	 
REQUEST	injecteur 9	6		request_8	1462352433812	1462352433835	OK	 
REQUEST	injecteur 2	9		request_1	1462352433814	1462352433838	OK	 
REQUEST	injecteur 4	1		request_3	1462352433817	1462352433841	OK	 
REQUEST	injecteur 8	4		request_7	1462352433819	1462352433843	OK	 
REQUEST	injecteur 3	3		request_2	1462352433822	1462352433845	OK	 
REQUEST	injecteur 1	7		request_0	1462352433824	1462352433847	OK	 
REQUEST	injecteur 10	5		request_9	1462352433826	1462352433849	OK	 
REQUEST	injecteur 6	8		request_5	1462352433829	1462352433851	OK	 
REQUEST	injecteur 5	10		request_4	1462352433831	1462352433854	OK	 
REQUEST	injecteur 7	2		request_6	1462352433834	1462352433856	OK	 
REQUEST	injecteur 9	6		request_8	1462352433836	1462352433860	OK	 
REQUEST	injecteur 2	9		request_1	1462352433839	1462352433862	OK	 
REQUEST	injecteur 4	1		request_3	1462352433842	1462352433864	OK	 
REQUEST	injecteur 8	4		request_7	1462352433844	1462352433866	OK	 
REQUEST	injecteur 3	3		request_2	1462352433846	1462352433868	OK	 
REQUEST	injecteur 1	7		request_0	1462352433848	1462352433870	OK	 
REQUEST	injecteur 10	5		request_9	1462352433850	1462352433872	OK	 
REQUEST	injecteur 6	8		request_5	1462352433852	1462352433873	OK	 
REQUEST	injecteur 5	10		request_4	1462352433855	1462352433876	OK	 
REQUEST	injecteur 7	2		request_6	1462352433857	1462352433880	OK	 
REQUEST	injecteur 9	6		request_8	1462352433861	1462352433882	OK	 
REQUEST	injecteur 2	9		request_1	1462352433863	1462352433884	OK	 
REQUEST	injecteur 4	1		request_3	1462352433865	1462352433886	OK	 
REQUEST	injecteur 8	4		request_7	1462352433867	1462352433888	OK	 
REQUEST	injecteur 3	3		request_2	1462352433869	1462352433890	OK	 
REQUEST	injecteur 1	7		request_0	1462352433871	1462352433892	OK	 
REQUEST	injecteur 10	5		request_9	1462352433872	1462352433894	OK	 
REQUEST	injecteur 6	8		request_5	1462352433874	1462352433897	OK	 
REQUEST	injecteur 5	10		request_4	1462352433877	1462352433901	OK	 
REQUEST	injecteur 7	2		request_6	1462352433881	1462352433904	OK	 
REQUEST	injecteur 9	6		request_8	1462352433883	1462352433906	OK	 
REQUEST	injecteur 3	3		request_2	1462352433891	1462352433912	OK	 
REQUEST	injecteur 1	7		request_0	1462352433893	1462352433914	OK	 
REQUEST	injecteur 8	4		request_7	1462352433889	1462352433915	OK	 
REQUEST	injecteur 2	9		request_1	1462352433885	1462352433916	OK	 
REQUEST	injecteur 10	5		request_9	1462352433895	1462352433918	OK	 
REQUEST	injecteur 6	8		request_5	1462352433898	1462352433918	OK	 
REQUEST	injecteur 4	1		request_3	1462352433887	1462352433919	OK	 
REQUEST	injecteur 5	10		request_4	1462352433901	1462352433922	OK	 
REQUEST	injecteur 7	2		request_6	1462352433905	1462352433924	OK	 
REQUEST	injecteur 9	6		request_8	1462352433907	1462352433926	OK	 
REQUEST	injecteur 3	3		request_2	1462352433913	1462352433928	OK	 
REQUEST	injecteur 1	7		request_0	1462352433915	1462352433930	OK	 
REQUEST	injecteur 8	4		request_7	1462352433916	1462352433932	OK	 
REQUEST	injecteur 10	5		request_9	1462352433918	1462352433937	OK	 
REQUEST	injecteur 2	9		request_1	1462352433918	1462352433939	OK	 
REQUEST	injecteur 6	8		request_5	1462352433919	1462352433942	OK	 
REQUEST	injecteur 4	1		request_3	1462352433919	1462352433944	OK	 
REQUEST	injecteur 5	10		request_4	1462352433923	1462352433945	OK	 
REQUEST	injecteur 7	2		request_6	1462352433924	1462352433947	OK	 
REQUEST	injecteur 9	6		request_8	1462352433927	1462352433949	OK	 
REQUEST	injecteur 3	3		request_2	1462352433928	1462352433957	OK	 
REQUEST	injecteur 1	7		request_0	1462352433930	1462352433958	OK	 
REQUEST	injecteur 8	4		request_7	1462352433932	1462352433963	OK	 
REQUEST	injecteur 10	5		request_9	1462352433938	1462352433967	OK	 
REQUEST	injecteur 5	10		request_4	1462352433946	1462352433976	OK	 
REQUEST	injecteur 6	8		request_5	1462352433943	1462352433982	OK	 
REQUEST	injecteur 5	10		request_4	1462352433976	1462352433983	OK	 
REQUEST	injecteur 7	2		request_6	1462352433949	1462352433985	OK	 
REQUEST	injecteur 9	6		request_8	1462352433950	1462352433987	OK	 
REQUEST	injecteur 2	9		request_1	1462352433939	1462352433980	OK	 
REQUEST	injecteur 4	1		request_3	1462352433945	1462352433990	OK	 
REQUEST	injecteur 8	4		request_7	1462352433964	1462352433998	OK	 
REQUEST	injecteur 10	5		request_9	1462352433968	1462352434000	OK	 
REQUEST	injecteur 6	8		request_5	1462352433982	1462352434005	OK	 
REQUEST	injecteur 5	10		request_4	1462352433984	1462352434007	OK	 
REQUEST	injecteur 7	2		request_6	1462352433986	1462352434008	OK	 
REQUEST	injecteur 1	7		request_0	1462352433959	1462352434009	OK	 
REQUEST	injecteur 3	3		request_2	1462352433957	1462352434010	OK	 
REQUEST	injecteur 9	6		request_8	1462352433988	1462352434011	OK	 
REQUEST	injecteur 2	9		request_1	1462352433989	1462352434014	OK	 
REQUEST	injecteur 4	1		request_3	1462352433991	1462352434016	OK	 
REQUEST	injecteur 8	4		request_7	1462352433998	1462352434018	OK	 
REQUEST	injecteur 10	5		request_9	1462352434002	1462352434021	OK	 
REQUEST	injecteur 6	8		request_5	1462352434006	1462352434023	OK	 
REQUEST	injecteur 5	10		request_4	1462352434008	1462352434025	OK	 
REQUEST	injecteur 7	2		request_6	1462352434009	1462352434028	OK	 
REQUEST	injecteur 1	7		request_0	1462352434010	1462352434032	OK	 
REQUEST	injecteur 3	3		request_2	1462352434013	1462352434037	OK	 
REQUEST	injecteur 9	6		request_8	1462352434012	1462352434039	OK	 
REQUEST	injecteur 2	9		request_1	1462352434015	1462352434042	OK	 
REQUEST	injecteur 4	1		request_3	1462352434016	1462352434043	OK	 
REQUEST	injecteur 8	4		request_7	1462352434018	1462352434045	OK	 
REQUEST	injecteur 5	10		request_4	1462352434026	1462352434050	OK	 
REQUEST	injecteur 7	2		request_6	1462352434029	1462352434052	OK	 
REQUEST	injecteur 1	7		request_0	1462352434033	1462352434054	OK	 
REQUEST	injecteur 3	3		request_2	1462352434038	1462352434055	OK	 
REQUEST	injecteur 9	6		request_8	1462352434040	1462352434057	OK	 
REQUEST	injecteur 5	10		request_4	1462352434051	1462352434064	OK	 
REQUEST	injecteur 7	2		request_6	1462352434052	1462352434065	OK	 
REQUEST	injecteur 1	7		request_0	1462352434054	1462352434067	OK	 
REQUEST	injecteur 10	5		request_9	1462352434022	1462352434069	OK	 
REQUEST	injecteur 3	3		request_2	1462352434056	1462352434068	OK	 
REQUEST	injecteur 6	8		request_5	1462352434024	1462352434071	OK	 
REQUEST	injecteur 2	9		request_1	1462352434042	1462352434073	OK	 
REQUEST	injecteur 4	1		request_3	1462352434044	1462352434074	OK	 
REQUEST	injecteur 9	6		request_8	1462352434058	1462352434077	OK	 
REQUEST	injecteur 8	4		request_7	1462352434046	1462352434078	OK	 
REQUEST	injecteur 5	10		request_4	1462352434064	1462352434079	OK	 
REQUEST	injecteur 7	2		request_6	1462352434066	1462352434080	OK	 
REQUEST	injecteur 1	7		request_0	1462352434067	1462352434083	OK	 
REQUEST	injecteur 10	5		request_9	1462352434070	1462352434084	OK	 
REQUEST	injecteur 3	3		request_2	1462352434070	1462352434088	OK	 
REQUEST	injecteur 6	8		request_5	1462352434072	1462352434089	OK	 
REQUEST	injecteur 2	9		request_1	1462352434073	1462352434092	OK	 
REQUEST	injecteur 4	1		request_3	1462352434075	1462352434093	OK	 
REQUEST	injecteur 9	6		request_8	1462352434078	1462352434095	OK	 
REQUEST	injecteur 8	4		request_7	1462352434079	1462352434098	OK	 
REQUEST	injecteur 5	10		request_4	1462352434079	1462352434100	OK	 
REQUEST	injecteur 10	5		request_9	1462352434085	1462352434103	OK	 
REQUEST	injecteur 7	2		request_6	1462352434081	1462352434104	OK	 
REQUEST	injecteur 1	7		request_0	1462352434083	1462352434106	OK	 
REQUEST	injecteur 6	8		request_5	1462352434090	1462352434111	OK	 
REQUEST	injecteur 3	3		request_2	1462352434090	1462352434112	OK	 
REQUEST	injecteur 2	9		request_1	1462352434092	1462352434114	OK	 
REQUEST	injecteur 4	1		request_3	1462352434094	1462352434116	OK	 
REQUEST	injecteur 9	6		request_8	1462352434096	1462352434118	OK	 
REQUEST	injecteur 8	4		request_7	1462352434098	1462352434121	OK	 
REQUEST	injecteur 5	10		request_4	1462352434100	1462352434124	OK	 
REQUEST	injecteur 10	5		request_9	1462352434103	1462352434126	OK	 
REQUEST	injecteur 7	2		request_6	1462352434104	1462352434128	OK	 
REQUEST	injecteur 1	7		request_0	1462352434107	1462352434130	OK	 
REQUEST	injecteur 6	8		request_5	1462352434111	1462352434134	OK	 
REQUEST	injecteur 3	3		request_2	1462352434113	1462352434136	OK	 
REQUEST	injecteur 2	9		request_1	1462352434115	1462352434140	OK	 
REQUEST	injecteur 4	1		request_3	1462352434117	1462352434142	OK	 
REQUEST	injecteur 9	6		request_8	1462352434119	1462352434144	OK	 
REQUEST	injecteur 8	4		request_7	1462352434122	1462352434148	OK	 
REQUEST	injecteur 5	10		request_4	1462352434125	1462352434151	OK	 
REQUEST	injecteur 10	5		request_9	1462352434127	1462352434153	OK	 
REQUEST	injecteur 7	2		request_6	1462352434129	1462352434155	OK	 
REQUEST	injecteur 1	7		request_0	1462352434131	1462352434157	OK	 
REQUEST	injecteur 6	8		request_5	1462352434134	1462352434160	OK	 
REQUEST	injecteur 3	3		request_2	1462352434137	1462352434161	OK	 
REQUEST	injecteur 2	9		request_1	1462352434140	1462352434163	OK	 
REQUEST	injecteur 4	1		request_3	1462352434142	1462352434165	OK	 
REQUEST	injecteur 9	6		request_8	1462352434144	1462352434169	OK	 
REQUEST	injecteur 8	4		request_7	1462352434149	1462352434173	OK	 
REQUEST	injecteur 5	10		request_4	1462352434151	1462352434174	OK	 
REQUEST	injecteur 10	5		request_9	1462352434154	1462352434177	OK	 
REQUEST	injecteur 7	2		request_6	1462352434155	1462352434178	OK	 
REQUEST	injecteur 1	7		request_0	1462352434158	1462352434181	OK	 
REQUEST	injecteur 6	8		request_5	1462352434160	1462352434183	OK	 
REQUEST	injecteur 3	3		request_2	1462352434162	1462352434185	OK	 
REQUEST	injecteur 2	9		request_1	1462352434164	1462352434187	OK	 
REQUEST	injecteur 4	1		request_3	1462352434167	1462352434192	OK	 
REQUEST	injecteur 9	6		request_8	1462352434170	1462352434194	OK	 
REQUEST	injecteur 8	4		request_7	1462352434173	1462352434197	OK	 
REQUEST	injecteur 5	10		request_4	1462352434175	1462352434199	OK	 
REQUEST	injecteur 10	5		request_9	1462352434177	1462352434201	OK	 
REQUEST	injecteur 7	2		request_6	1462352434179	1462352434203	OK	 
REQUEST	injecteur 1	7		request_0	1462352434182	1462352434205	OK	 
REQUEST	injecteur 6	8		request_5	1462352434184	1462352434207	OK	 
REQUEST	injecteur 3	3		request_2	1462352434186	1462352434209	OK	 
REQUEST	injecteur 2	9		request_1	1462352434188	1462352434212	OK	 
REQUEST	injecteur 4	1		request_3	1462352434192	1462352434215	OK	 
REQUEST	injecteur 9	6		request_8	1462352434195	1462352434217	OK	 
REQUEST	injecteur 8	4		request_7	1462352434198	1462352434219	OK	 
REQUEST	injecteur 5	10		request_4	1462352434200	1462352434221	OK	 
REQUEST	injecteur 10	5		request_9	1462352434201	1462352434223	OK	 
REQUEST	injecteur 7	2		request_6	1462352434204	1462352434225	OK	 
REQUEST	injecteur 1	7		request_0	1462352434205	1462352434226	OK	 
REQUEST	injecteur 6	8		request_5	1462352434207	1462352434228	OK	 
REQUEST	injecteur 3	3		request_2	1462352434209	1462352434231	OK	 
REQUEST	injecteur 2	9		request_1	1462352434213	1462352434235	OK	 
REQUEST	injecteur 4	1		request_3	1462352434216	1462352434240	OK	 
REQUEST	injecteur 9	6		request_8	1462352434218	1462352434242	OK	 
REQUEST	injecteur 8	4		request_7	1462352434219	1462352434244	OK	 
REQUEST	injecteur 5	10		request_4	1462352434221	1462352434247	OK	 
REQUEST	injecteur 10	5		request_9	1462352434223	1462352434249	OK	 
REQUEST	injecteur 7	2		request_6	1462352434225	1462352434251	OK	 
REQUEST	injecteur 1	7		request_0	1462352434227	1462352434254	OK	 
REQUEST	injecteur 6	8		request_5	1462352434229	1462352434259	OK	 
REQUEST	injecteur 3	3		request_2	1462352434232	1462352434260	OK	 
REQUEST	injecteur 2	9		request_1	1462352434237	1462352434264	OK	 
REQUEST	injecteur 9	6		request_8	1462352434243	1462352434274	OK	 
REQUEST	injecteur 10	5		request_9	1462352434250	1462352434274	OK	 
REQUEST	injecteur 5	10		request_4	1462352434248	1462352434276	OK	 
REQUEST	injecteur 7	2		request_6	1462352434252	1462352434277	OK	 
REQUEST	injecteur 4	1		request_3	1462352434241	1462352434279	OK	 
REQUEST	injecteur 8	4		request_7	1462352434245	1462352434279	OK	 
REQUEST	injecteur 6	8		request_5	1462352434259	1462352434289	OK	 
REQUEST	injecteur 1	7		request_0	1462352434255	1462352434291	OK	 
REQUEST	injecteur 3	3		request_2	1462352434261	1462352434293	OK	 
REQUEST	injecteur 9	6		request_8	1462352434274	1462352434294	OK	 
REQUEST	injecteur 10	5		request_9	1462352434275	1462352434296	OK	 
REQUEST	injecteur 5	10		request_4	1462352434276	1462352434298	OK	 
REQUEST	injecteur 2	9		request_1	1462352434264	1462352434300	OK	 
REQUEST	injecteur 7	2		request_6	1462352434278	1462352434302	OK	 
REQUEST	injecteur 8	4		request_7	1462352434280	1462352434307	OK	 
REQUEST	injecteur 4	1		request_3	1462352434279	1462352434308	OK	 
REQUEST	injecteur 6	8		request_5	1462352434290	1462352434311	OK	 
REQUEST	injecteur 1	7		request_0	1462352434292	1462352434314	OK	 
REQUEST	injecteur 3	3		request_2	1462352434293	1462352434315	OK	 
REQUEST	injecteur 9	6		request_8	1462352434294	1462352434317	OK	 
REQUEST	injecteur 10	5		request_9	1462352434296	1462352434321	OK	 
REQUEST	injecteur 5	10		request_4	1462352434298	1462352434329	OK	 
REQUEST	injecteur 2	9		request_1	1462352434301	1462352434331	OK	 
REQUEST	injecteur 7	2		request_6	1462352434303	1462352434333	OK	 
REQUEST	injecteur 8	4		request_7	1462352434308	1462352434336	OK	 
REQUEST	injecteur 4	1		request_3	1462352434310	1462352434339	OK	 
REQUEST	injecteur 6	8		request_5	1462352434312	1462352434341	OK	 
REQUEST	injecteur 1	7		request_0	1462352434314	1462352434344	OK	 
REQUEST	injecteur 3	3		request_2	1462352434316	1462352434346	OK	 
REQUEST	injecteur 9	6		request_8	1462352434318	1462352434348	OK	 
REQUEST	injecteur 10	5		request_9	1462352434321	1462352434349	OK	 
REQUEST	injecteur 5	10		request_4	1462352434330	1462352434351	OK	 
REQUEST	injecteur 2	9		request_1	1462352434332	1462352434353	OK	 
REQUEST	injecteur 7	2		request_6	1462352434333	1462352434357	OK	 
REQUEST	injecteur 8	4		request_7	1462352434337	1462352434362	OK	 
REQUEST	injecteur 4	1		request_3	1462352434340	1462352434366	OK	 
REQUEST	injecteur 6	8		request_5	1462352434342	1462352434368	OK	 
REQUEST	injecteur 1	7		request_0	1462352434344	1462352434370	OK	 
REQUEST	injecteur 3	3		request_2	1462352434346	1462352434372	OK	 
REQUEST	injecteur 10	5		request_9	1462352434350	1462352434375	OK	 
REQUEST	injecteur 9	6		request_8	1462352434348	1462352434375	OK	 
REQUEST	injecteur 5	10		request_4	1462352434352	1462352434377	OK	 
REQUEST	injecteur 2	9		request_1	1462352434354	1462352434382	OK	 
REQUEST	injecteur 7	2		request_6	1462352434358	1462352434384	OK	 
REQUEST	injecteur 8	4		request_7	1462352434363	1462352434386	OK	 
REQUEST	injecteur 4	1		request_3	1462352434367	1462352434388	OK	 
REQUEST	injecteur 6	8		request_5	1462352434368	1462352434390	OK	 
REQUEST	injecteur 10	5		request_9	1462352434375	1462352434395	OK	 
REQUEST	injecteur 1	7		request_0	1462352434371	1462352434399	OK	 
REQUEST	injecteur 9	6		request_8	1462352434376	1462352434400	OK	 
REQUEST	injecteur 3	3		request_2	1462352434372	1462352434402	OK	 
REQUEST	injecteur 5	10		request_4	1462352434378	1462352434406	OK	 
REQUEST	injecteur 10	5		request_9	1462352434396	1462352434407	OK	 
REQUEST	injecteur 2	9		request_1	1462352434382	1462352434409	OK	 
REQUEST	injecteur 8	4		request_7	1462352434387	1462352434414	OK	 
REQUEST	injecteur 7	2		request_6	1462352434385	1462352434416	OK	 
REQUEST	injecteur 4	1		request_3	1462352434389	1462352434418	OK	 
REQUEST	injecteur 6	8		request_5	1462352434391	1462352434419	OK	 
REQUEST	injecteur 1	7		request_0	1462352434400	1462352434421	OK	 
REQUEST	injecteur 9	6		request_8	1462352434401	1462352434423	OK	 
REQUEST	injecteur 3	3		request_2	1462352434403	1462352434427	OK	 
REQUEST	injecteur 5	10		request_4	1462352434407	1462352434432	OK	 
REQUEST	injecteur 10	5		request_9	1462352434408	1462352434438	OK	 
REQUEST	injecteur 8	4		request_7	1462352434414	1462352434439	OK	 
REQUEST	injecteur 2	9		request_1	1462352434410	1462352434440	OK	 
REQUEST	injecteur 7	2		request_6	1462352434417	1462352434446	OK	 
REQUEST	injecteur 4	1		request_3	1462352434418	1462352434448	OK	 
REQUEST	injecteur 6	8		request_5	1462352434420	1462352434450	OK	 
REQUEST	injecteur 1	7		request_0	1462352434422	1462352434452	OK	 
REQUEST	injecteur 9	6		request_8	1462352434424	1462352434455	OK	 
REQUEST	injecteur 3	3		request_2	1462352434427	1462352434457	OK	 
REQUEST	injecteur 8	4		request_7	1462352434439	1462352434460	OK	 
REQUEST	injecteur 10	5		request_9	1462352434439	1462352434462	OK	 
REQUEST	injecteur 2	9		request_1	1462352434440	1462352434464	OK	 
REQUEST	injecteur 7	2		request_6	1462352434447	1462352434467	OK	 
REQUEST	injecteur 4	1		request_3	1462352434449	1462352434468	OK	 
REQUEST	injecteur 6	8		request_5	1462352434450	1462352434471	OK	 
REQUEST	injecteur 1	7		request_0	1462352434452	1462352434473	OK	 
REQUEST	injecteur 3	3		request_2	1462352434457	1462352434475	OK	 
REQUEST	injecteur 10	5		request_9	1462352434463	1462352434482	OK	 
REQUEST	injecteur 2	9		request_1	1462352434465	1462352434483	OK	 
REQUEST	injecteur 4	1		request_3	1462352434469	1462352434485	OK	 
REQUEST	injecteur 1	7		request_0	1462352434474	1462352434486	OK	 
REQUEST	injecteur 6	8		request_5	1462352434471	1462352434487	OK	 
REQUEST	injecteur 3	3		request_2	1462352434475	1462352434489	OK	 
REQUEST	injecteur 10	5		request_9	1462352434482	1462352434495	OK	 
REQUEST	injecteur 2	9		request_1	1462352434484	1462352434496	OK	 
REQUEST	injecteur 4	1		request_3	1462352434485	1462352434498	OK	 
REQUEST	injecteur 1	7		request_0	1462352434487	1462352434500	OK	 
REQUEST	injecteur 6	8		request_5	1462352434488	1462352434504	OK	 
REQUEST	injecteur 3	3		request_2	1462352434489	1462352434504	OK	 
REQUEST	injecteur 10	5		request_9	1462352434495	1462352434511	OK	 
REQUEST	injecteur 2	9		request_1	1462352434497	1462352434513	OK	 
REQUEST	injecteur 4	1		request_3	1462352434499	1462352434515	OK	 
REQUEST	injecteur 1	7		request_0	1462352434501	1462352434518	OK	 
REQUEST	injecteur 6	8		request_5	1462352434504	1462352434520	OK	 
REQUEST	injecteur 10	5		request_9	1462352434512	1462352434525	OK	 
REQUEST	injecteur 2	9		request_1	1462352434513	1462352434526	OK	 
REQUEST	injecteur 4	1		request_3	1462352434516	1462352434529	OK	 
REQUEST	injecteur 1	7		request_0	1462352434518	1462352434531	OK	 
REQUEST	injecteur 6	8		request_5	1462352434521	1462352434535	OK	 
REQUEST	injecteur 2	9		request_1	1462352434527	1462352434542	OK	 
REQUEST	injecteur 4	1		request_3	1462352434530	1462352434543	OK	 
REQUEST	injecteur 6	8		request_5	1462352434537	1462352434548	OK	 
REQUEST	injecteur 2	9		request_1	1462352434542	1462352434552	OK	 
REQUEST	injecteur 4	1		request_3	1462352434543	1462352434554	OK	 
REQUEST	injecteur 6	8		request_5	1462352434549	1462352434558	OK	 
REQUEST	injecteur 2	9		request_1	1462352434553	1462352434561	OK	 
REQUEST	injecteur 4	1		request_3	1462352434555	1462352434564	OK	 
REQUEST	injecteur 2	9		request_1	1462352434561	1462352434568	OK	 
REQUEST	injecteur 2	9		request_1	1462352434569	1462352434575	OK	 
REQUEST	injecteur 7	2		Sensor_Synthesis_Check 6	1462352435345	1462352436345	KO	j.n.ConnectException: Connection refused: no further information: localhost/127.0.0.1:8080
REQUEST	injecteur 8	4		Sensor_Synthesis_Check 7	1462352435382	1462352436384	KO	j.n.ConnectException: Connection refused: no further information: localhost/127.0.0.1:8080
REQUEST	injecteur 5	10		Sensor_Synthesis_Check 4	1462352435412	1462352436416	KO	j.n.ConnectException: Connection refused: no further information: localhost/127.0.0.1:8080
REQUEST	injecteur 9	6		Sensor_Synthesis_Check 8	1462352435422	1462352436423	KO	j.n.ConnectException: Connection refused: no further information: localhost/127.0.0.1:8080
REQUEST	injecteur 3	3		Sensor_Synthesis_Check 2	1462352435462	1462352436465	KO	j.n.ConnectException: Connection refused: no further information: localhost/127.0.0.1:8080
REQUEST	injecteur 10	5		Sensor_Synthesis_Check 9	1462352435482	1462352436481	KO	j.n.ConnectException: Connection refused: no further information: localhost/127.0.0.1:8080
REQUEST	injecteur 1	7		Sensor_Synthesis_Check 0	1462352435502	1462352436505	KO	j.n.ConnectException: Connection refused: no further information: localhost/127.0.0.1:8080
REQUEST	injecteur 4	1		Sensor_Synthesis_Check 3	1462352435542	1462352436543	KO	j.n.ConnectException: Connection refused: no further information: localhost/127.0.0.1:8080
REQUEST	injecteur 6	8		Sensor_Synthesis_Check 5	1462352435532	1462352436608	KO	j.n.ConnectException: Connection refused: no further information: localhost/127.0.0.1:8080
REQUEST	injecteur 2	9		Sensor_Synthesis_Check 1	1462352435542	1462352436608	KO	j.n.ConnectException: Connection refused: no further information: localhost/127.0.0.1:8080
REQUEST	injecteur 7	2		request_6	1462352436365	1462352437363	KO	j.n.ConnectException: Connection refused: no further information: localhost/127.0.0.1:8080
REQUEST	injecteur 8	4		request_7	1462352436391	1462352437398	KO	j.n.ConnectException: Connection refused: no further information: localhost/127.0.0.1:8080
REQUEST	injecteur 5	10		request_4	1462352436423	1462352437423	KO	j.n.ConnectException: Connection refused: no further information: localhost/127.0.0.1:8080
REQUEST	injecteur 9	6		request_8	1462352436429	1462352437438	KO	j.n.ConnectException: Connection refused: no further information: localhost/127.0.0.1:8080
REQUEST	injecteur 3	3		request_2	1462352436470	1462352437473	KO	j.n.ConnectException: Connection refused: no further information: localhost/127.0.0.1:8080
REQUEST	injecteur 10	5		request_9	1462352436487	1462352437498	KO	j.n.ConnectException: Connection refused: no further information: localhost/127.0.0.1:8080
REQUEST	injecteur 4	1		request_3	1462352436549	1462352437558	KO	j.n.ConnectException: Connection refused: no further information: localhost/127.0.0.1:8080
REQUEST	injecteur 1	7		request_0	1462352436511	1462352437583	KO	j.n.ConnectException: Connection refused: no further information: localhost/127.0.0.1:8080
REQUEST	injecteur 2	9		request_1	1462352436614	1462352437615	KO	j.n.ConnectException: Connection refused: no further information: localhost/127.0.0.1:8080
REQUEST	injecteur 6	8		request_5	1462352436618	1462352437625	KO	j.n.ConnectException: Connection refused: no further information: localhost/127.0.0.1:8080
REQUEST	injecteur 7	2		request_6	1462352437364	1462352438415	KO	j.n.ConnectException: Connection refused: no further information: localhost/127.0.0.1:8080
REQUEST	injecteur 8	4		request_7	1462352437399	1462352438425	KO	j.n.ConnectException: Connection refused: no further information: localhost/127.0.0.1:8080
REQUEST	injecteur 5	10		request_4	1462352437424	1462352438517	KO	j.n.ConnectException: Connection refused: no further information: localhost/127.0.0.1:8080
REQUEST	injecteur 10	5		request_9	1462352437499	1462352438519	KO	j.n.ConnectException: Connection refused: no further information: localhost/127.0.0.1:8080
REQUEST	injecteur 3	3		request_2	1462352437474	1462352438519	KO	j.n.ConnectException: Connection refused: no further information: localhost/127.0.0.1:8080
REQUEST	injecteur 9	6		request_8	1462352437439	1462352438519	KO	j.n.ConnectException: Connection refused: no further information: localhost/127.0.0.1:8080
REQUEST	injecteur 4	1		request_3	1462352437559	1462352438611	KO	j.n.ConnectException: Connection refused: no further information: localhost/127.0.0.1:8080
REQUEST	injecteur 1	7		request_0	1462352437584	1462352438621	KO	j.n.ConnectException: Connection refused: no further information: localhost/127.0.0.1:8080
REQUEST	injecteur 2	9		request_1	1462352437616	1462352438713	KO	j.n.ConnectException: Connection refused: no further information: localhost/127.0.0.1:8080
REQUEST	injecteur 6	8		request_5	1462352437626	1462352438723	KO	j.n.ConnectException: Connection refused: no further information: localhost/127.0.0.1:8080
REQUEST	injecteur 7	2		request_6	1462352438415	1462352439415	KO	j.n.ConnectException: Connection refused: no further information: localhost/127.0.0.1:8080
REQUEST	injecteur 8	4		request_7	1462352438425	1462352439434	KO	j.n.ConnectException: Connection refused: no further information: localhost/127.0.0.1:8080
REQUEST	injecteur 9	6		request_8	1462352438522	1462352439526	KO	j.n.ConnectException: Connection refused: no further information: localhost/127.0.0.1:8080
REQUEST	injecteur 10	5		request_9	1462352438520	1462352439527	KO	j.n.ConnectException: Connection refused: no further information: localhost/127.0.0.1:8080
REQUEST	injecteur 3	3		request_2	1462352438520	1462352439530	KO	j.n.ConnectException: Connection refused: no further information: localhost/127.0.0.1:8080
REQUEST	injecteur 5	10		request_4	1462352438517	1462352439535	KO	j.n.ConnectException: Connection refused: no further information: localhost/127.0.0.1:8080
REQUEST	injecteur 4	1		request_3	1462352438611	1462352439610	KO	j.n.ConnectException: Connection refused: no further information: localhost/127.0.0.1:8080
REQUEST	injecteur 1	7		request_0	1462352438621	1462352439622	KO	j.n.ConnectException: Connection refused: no further information: localhost/127.0.0.1:8080
