ASSERTION	AAMBAAMDBABk
RUN	Injections		injections	1462184968189	 	2.0
USER	injecteur 4	1	START	1462184969885	1462184969885
USER	injecteur 7	2	START	1462184969934	1462184969934
USER	injecteur 3	3	START	1462184969938	1462184969938
USER	injecteur 8	4	START	1462184969944	1462184969944
USER	injecteur 10	5	START	1462184969966	1462184969966
USER	injecteur 9	6	START	1462184970025	1462184970025
USER	injecteur 1	7	START	1462184970041	1462184970041
USER	injecteur 6	8	START	1462184970059	1462184970059
USER	injecteur 2	9	START	1462184970071	1462184970071
USER	injecteur 5	10	START	1462184970086	1462184970086
REQUEST	injecteur 8	4		request_8	1462184969959	1462184970181	OK	 
REQUEST	injecteur 3	3		request_3	1462184969941	1462184970163	OK	 
REQUEST	injecteur 4	1		request_4	1462184969925	1462184970151	OK	 
REQUEST	injecteur 10	5		request_10	1462184969986	1462184970251	OK	 
REQUEST	injecteur 1	7		request_1	1462184970053	1462184970272	OK	 
REQUEST	injecteur 9	6		request_9	1462184970033	1462184970270	OK	 
REQUEST	injecteur 6	8		request_6	1462184970065	1462184970278	OK	 
REQUEST	injecteur 2	9		request_2	1462184970075	1462184970370	OK	 
REQUEST	injecteur 7	2		request_7	1462184969936	1462184970286	KO	status.find.is(200), but actually found 400
REQUEST	injecteur 3	3		request_3	1462184970262	1462184970383	OK	 
REQUEST	injecteur 8	4		request_8	1462184970262	1462184970388	OK	 
REQUEST	injecteur 10	5		request_10	1462184970281	1462184970398	OK	 
REQUEST	injecteur 1	7		request_1	1462184970312	1462184970403	OK	 
REQUEST	injecteur 9	6		request_9	1462184970314	1462184970411	OK	 
REQUEST	injecteur 6	8		request_6	1462184970316	1462184970419	OK	 
REQUEST	injecteur 4	1		request_4	1462184970260	1462184970468	OK	 
REQUEST	injecteur 5	10		request_5	1462184970090	1462184970469	OK	 
REQUEST	injecteur 10	5		request_10	1462184970417	1462184970550	OK	 
REQUEST	injecteur 8	4		request_8	1462184970406	1462184970551	OK	 
REQUEST	injecteur 3	3		request_3	1462184970404	1462184970554	OK	 
REQUEST	injecteur 1	7		request_1	1462184970422	1462184970555	OK	 
REQUEST	injecteur 9	6		request_9	1462184970434	1462184970564	OK	 
REQUEST	injecteur 6	8		request_6	1462184970445	1462184970581	OK	 
REQUEST	injecteur 2	9		request_2	1462184970395	1462184970609	OK	 
REQUEST	injecteur 7	2		request_7	1462184970399	1462184970616	KO	status.find.is(200), but actually found 400
REQUEST	injecteur 10	5		request_10	1462184970575	1462184970638	OK	 
REQUEST	injecteur 8	4		request_8	1462184970576	1462184970643	OK	 
REQUEST	injecteur 3	3		request_3	1462184970579	1462184970652	OK	 
REQUEST	injecteur 1	7		request_1	1462184970582	1462184970662	OK	 
REQUEST	injecteur 4	1		request_4	1462184970536	1462184970669	OK	 
REQUEST	injecteur 9	6		request_9	1462184970584	1462184970672	OK	 
REQUEST	injecteur 6	8		request_6	1462184970590	1462184970683	OK	 
REQUEST	injecteur 5	10		request_5	1462184970542	1462184970689	OK	 
REQUEST	injecteur 10	5		request_10	1462184970645	1462184970733	OK	 
REQUEST	injecteur 8	4		request_8	1462184970654	1462184970753	OK	 
REQUEST	injecteur 2	9		request_2	1462184970623	1462184970760	OK	 
REQUEST	injecteur 3	3		request_3	1462184970670	1462184970766	OK	 
REQUEST	injecteur 1	7		request_1	1462184970679	1462184970782	OK	 
REQUEST	injecteur 9	6		request_9	1462184970688	1462184970798	OK	 
REQUEST	injecteur 6	8		request_6	1462184970702	1462184970800	OK	 
REQUEST	injecteur 7	2		request_7	1462184970639	1462184970786	KO	status.find.is(200), but actually found 400
REQUEST	injecteur 4	1		request_4	1462184970687	1462184970846	OK	 
REQUEST	injecteur 10	5		request_10	1462184970748	1462184970857	OK	 
REQUEST	injecteur 8	4		request_8	1462184970778	1462184970859	OK	 
REQUEST	injecteur 5	10		request_5	1462184970709	1462184970868	OK	 
REQUEST	injecteur 3	3		request_3	1462184970791	1462184970887	OK	 
REQUEST	injecteur 2	9		request_2	1462184970783	1462184970889	OK	 
REQUEST	injecteur 1	7		request_1	1462184970802	1462184970899	OK	 
REQUEST	injecteur 9	6		request_9	1462184970814	1462184970909	OK	 
REQUEST	injecteur 6	8		request_6	1462184970816	1462184970919	OK	 
REQUEST	injecteur 4	1		request_4	1462184970857	1462184970949	OK	 
REQUEST	injecteur 10	5		request_10	1462184970865	1462184970951	OK	 
REQUEST	injecteur 8	4		request_8	1462184970866	1462184970954	OK	 
REQUEST	injecteur 7	2		request_7	1462184970822	1462184970947	KO	status.find.is(200), but actually found 400
REQUEST	injecteur 3	3		request_3	1462184970900	1462184970980	OK	 
REQUEST	injecteur 1	7		request_1	1462184970907	1462184971006	OK	 
REQUEST	injecteur 2	9		request_2	1462184970900	1462184971018	OK	 
REQUEST	injecteur 5	10		request_5	1462184970878	1462184971023	OK	 
REQUEST	injecteur 9	6		request_9	1462184970919	1462184971047	OK	 
REQUEST	injecteur 6	8		request_6	1462184970940	1462184971073	OK	 
REQUEST	injecteur 10	5		request_10	1462184970970	1462184971087	OK	 
REQUEST	injecteur 4	1		request_4	1462184970963	1462184971094	OK	 
REQUEST	injecteur 8	4		request_8	1462184970970	1462184971097	OK	 
REQUEST	injecteur 3	3		request_3	1462184970989	1462184971113	OK	 
REQUEST	injecteur 1	7		request_1	1462184971018	1462184971145	OK	 
REQUEST	injecteur 2	9		request_2	1462184971042	1462184971158	OK	 
REQUEST	injecteur 7	2		request_7	1462184970983	1462184971160	KO	status.find.is(200), but actually found 400
REQUEST	injecteur 9	6		request_9	1462184971069	1462184971173	OK	 
REQUEST	injecteur 6	8		request_6	1462184971083	1462184971188	OK	 
REQUEST	injecteur 10	5		request_10	1462184971097	1462184971201	OK	 
REQUEST	injecteur 8	4		request_8	1462184971103	1462184971210	OK	 
REQUEST	injecteur 3	3		request_3	1462184971123	1462184971225	OK	 
REQUEST	injecteur 4	1		request_4	1462184971101	1462184971261	OK	 
REQUEST	injecteur 1	7		request_1	1462184971148	1462184971266	OK	 
REQUEST	injecteur 5	10		request_5	1462184971059	1462184971286	OK	 
REQUEST	injecteur 9	6		request_9	1462184971191	1462184971337	OK	 
REQUEST	injecteur 6	8		request_6	1462184971205	1462184971339	OK	 
REQUEST	injecteur 2	9		request_2	1462184971168	1462184971340	OK	 
REQUEST	injecteur 10	5		request_10	1462184971234	1462184971371	OK	 
REQUEST	injecteur 8	4		request_8	1462184971240	1462184971382	OK	 
REQUEST	injecteur 3	3		request_3	1462184971258	1462184971388	OK	 
REQUEST	injecteur 7	2		request_7	1462184971191	1462184971376	KO	status.find.is(200), but actually found 400
REQUEST	injecteur 1	7		request_1	1462184971289	1462184971586	OK	 
REQUEST	injecteur 9	6		request_9	1462184971349	1462184971618	OK	 
REQUEST	injecteur 4	1		request_4	1462184971286	1462184971625	OK	 
REQUEST	injecteur 6	8		request_6	1462184971368	1462184971627	OK	 
REQUEST	injecteur 10	5		request_10	1462184971384	1462184971661	OK	 
REQUEST	injecteur 5	10		request_5	1462184971310	1462184971664	OK	 
REQUEST	injecteur 8	4		request_8	1462184971400	1462184971682	OK	 
REQUEST	injecteur 3	3		request_3	1462184971588	1462184971683	OK	 
REQUEST	injecteur 2	9		request_2	1462184971369	1462184971685	OK	 
REQUEST	injecteur 1	7		request_1	1462184971620	1462184971698	OK	 
REQUEST	injecteur 9	6		request_9	1462184971639	1462184971703	OK	 
REQUEST	injecteur 6	8		request_6	1462184971642	1462184971727	OK	 
REQUEST	injecteur 10	5		request_10	1462184971679	1462184971785	OK	 
REQUEST	injecteur 7	2		request_7	1462184971603	1462184971776	KO	status.find.is(200), but actually found 400
REQUEST	injecteur 4	1		request_4	1462184971642	1462184971806	OK	 
REQUEST	injecteur 8	4		request_8	1462184971699	1462184971810	OK	 
REQUEST	injecteur 3	3		request_3	1462184971698	1462184971833	OK	 
REQUEST	injecteur 1	7		request_1	1462184971721	1462184971839	OK	 
REQUEST	injecteur 9	6		request_9	1462184971734	1462184971852	OK	 
REQUEST	injecteur 6	8		request_6	1462184971766	1462184971869	OK	 
REQUEST	injecteur 10	5		request_10	1462184971806	1462184971907	OK	 
REQUEST	injecteur 5	10		request_5	1462184971679	1462184971917	OK	 
REQUEST	injecteur 2	9		request_2	1462184971703	1462184971918	OK	 
REQUEST	injecteur 8	4		request_8	1462184971842	1462184971941	OK	 
REQUEST	injecteur 3	3		request_3	1462184971849	1462184971961	OK	 
REQUEST	injecteur 1	7		request_1	1462184971857	1462184971971	OK	 
REQUEST	injecteur 9	6		request_9	1462184971877	1462184971989	OK	 
REQUEST	injecteur 4	1		request_4	1462184971835	1462184972043	OK	 
REQUEST	injecteur 10	5		request_10	1462184971933	1462184972049	OK	 
REQUEST	injecteur 7	2		request_7	1462184971833	1462184972046	KO	status.find.is(200), but actually found 400
REQUEST	injecteur 8	4		request_8	1462184971981	1462184972068	OK	 
REQUEST	injecteur 6	8		request_6	1462184971893	1462184972071	OK	 
REQUEST	injecteur 3	3		request_3	1462184971988	1462184972086	OK	 
REQUEST	injecteur 1	7		request_1	1462184971995	1462184972093	OK	 
REQUEST	injecteur 9	6		request_9	1462184972006	1462184972101	OK	 
REQUEST	injecteur 2	9		request_2	1462184971943	1462184972129	OK	 
REQUEST	injecteur 10	5		request_10	1462184972067	1462184972139	OK	 
REQUEST	injecteur 5	10		request_5	1462184971942	1462184972143	OK	 
REQUEST	injecteur 8	4		request_8	1462184972091	1462184972165	OK	 
REQUEST	injecteur 6	8		request_6	1462184972095	1462184972169	OK	 
REQUEST	injecteur 3	3		request_3	1462184972103	1462184972177	OK	 
REQUEST	injecteur 1	7		request_1	1462184972109	1462184972190	OK	 
REQUEST	injecteur 9	6		request_9	1462184972115	1462184972203	OK	 
REQUEST	injecteur 4	1		request_4	1462184972066	1462184972217	OK	 
REQUEST	injecteur 10	5		request_10	1462184972154	1462184972245	OK	 
REQUEST	injecteur 7	2		request_7	1462184972087	1462184972239	KO	status.find.is(200), but actually found 400
REQUEST	injecteur 8	4		request_8	1462184972180	1462184972268	OK	 
REQUEST	injecteur 2	9		request_2	1462184972143	1462184972281	OK	 
REQUEST	injecteur 6	8		request_6	1462184972190	1462184972286	OK	 
REQUEST	injecteur 5	10		request_5	1462184972166	1462184972290	OK	 
REQUEST	injecteur 3	3		request_3	1462184972198	1462184972302	OK	 
REQUEST	injecteur 1	7		request_1	1462184972210	1462184972312	OK	 
REQUEST	injecteur 9	6		request_9	1462184972219	1462184972322	OK	 
REQUEST	injecteur 4	1		request_4	1462184972241	1462184972329	OK	 
REQUEST	injecteur 10	5		request_10	1462184972262	1462184972348	OK	 
REQUEST	injecteur 8	4		request_8	1462184972275	1462184972365	OK	 
REQUEST	injecteur 7	2		request_7	1462184972266	1462184972355	KO	status.find.is(200), but actually found 400
REQUEST	injecteur 6	8		request_6	1462184972292	1462184972398	OK	 
REQUEST	injecteur 3	3		request_3	1462184972307	1462184972422	OK	 
REQUEST	injecteur 2	9		request_2	1462184972289	1462184972466	OK	 
REQUEST	injecteur 1	7		request_1	1462184972326	1462184972468	OK	 
REQUEST	injecteur 9	6		request_9	1462184972337	1462184972475	OK	 
REQUEST	injecteur 5	10		request_5	1462184972299	1462184972512	OK	 
REQUEST	injecteur 10	5		request_10	1462184972365	1462184972518	OK	 
REQUEST	injecteur 8	4		request_8	1462184972396	1462184972540	OK	 
REQUEST	injecteur 4	1		request_4	1462184972353	1462184972564	OK	 
REQUEST	injecteur 6	8		request_6	1462184972423	1462184972573	OK	 
REQUEST	injecteur 3	3		request_3	1462184972473	1462184972580	OK	 
REQUEST	injecteur 1	7		request_1	1462184972491	1462184972609	OK	 
REQUEST	injecteur 9	6		request_9	1462184972498	1462184972620	OK	 
REQUEST	injecteur 7	2		request_7	1462184972403	1462184972615	KO	status.find.is(200), but actually found 400
REQUEST	injecteur 10	5		request_10	1462184972540	1462184972674	OK	 
REQUEST	injecteur 8	4		request_8	1462184972557	1462184972679	OK	 
REQUEST	injecteur 2	9		request_2	1462184972490	1462184972691	OK	 
REQUEST	injecteur 6	8		request_6	1462184972591	1462184972727	OK	 
REQUEST	injecteur 3	3		request_3	1462184972611	1462184972741	OK	 
REQUEST	injecteur 1	7		request_1	1462184972629	1462184972747	OK	 
REQUEST	injecteur 9	6		request_9	1462184972653	1462184972770	OK	 
REQUEST	injecteur 5	10		request_5	1462184972538	1462184972776	OK	 
REQUEST	injecteur 10	5		request_10	1462184972694	1462184972816	OK	 
REQUEST	injecteur 4	1		request_4	1462184972584	1462184972824	OK	 
REQUEST	injecteur 8	4		request_8	1462184972699	1462184972827	OK	 
REQUEST	injecteur 6	8		request_6	1462184972756	1462184972906	OK	 
REQUEST	injecteur 3	3		request_3	1462184972772	1462184972920	OK	 
REQUEST	injecteur 1	7		request_1	1462184972774	1462184972926	OK	 
REQUEST	injecteur 9	6		request_9	1462184972799	1462184972949	OK	 
REQUEST	injecteur 7	2		request_7	1462184972681	1462184972958	KO	status.find.is(200), but actually found 400
REQUEST	injecteur 10	5		request_10	1462184972854	1462184973008	OK	 
REQUEST	injecteur 2	9		request_2	1462184972712	1462184973010	OK	 
REQUEST	injecteur 8	4		request_8	1462184972861	1462184973011	OK	 
REQUEST	injecteur 6	8		request_6	1462184972950	1462184973074	OK	 
REQUEST	injecteur 1	7		request_1	1462184972965	1462184973094	OK	 
REQUEST	injecteur 3	3		request_3	1462184972959	1462184973093	OK	 
REQUEST	injecteur 9	6		request_9	1462184972984	1462184973100	OK	 
REQUEST	injecteur 5	10		request_5	1462184972815	1462184973112	OK	 
REQUEST	injecteur 4	1		request_4	1462184972859	1462184973115	OK	 
REQUEST	injecteur 10	5		request_10	1462184973031	1462184973130	OK	 
REQUEST	injecteur 8	4		request_8	1462184973034	1462184973142	OK	 
REQUEST	injecteur 6	8		request_6	1462184973099	1462184973157	OK	 
REQUEST	injecteur 1	7		request_1	1462184973106	1462184973168	OK	 
REQUEST	injecteur 3	3		request_3	1462184973107	1462184973181	OK	 
REQUEST	injecteur 9	6		request_9	1462184973110	1462184973199	OK	 
REQUEST	injecteur 2	9		request_2	1462184973035	1462184973220	OK	 
REQUEST	injecteur 7	2		request_7	1462184973026	1462184973208	KO	status.find.is(200), but actually found 400
REQUEST	injecteur 10	5		request_10	1462184973156	1462184973234	OK	 
REQUEST	injecteur 8	4		request_8	1462184973161	1462184973263	OK	 
REQUEST	injecteur 6	8		request_6	1462184973168	1462184973273	OK	 
REQUEST	injecteur 1	7		request_1	1462184973195	1462184973290	OK	 
REQUEST	injecteur 3	3		request_3	1462184973221	1462184973314	OK	 
REQUEST	injecteur 9	6		request_9	1462184973226	1462184973319	OK	 
REQUEST	injecteur 4	1		request_4	1462184973136	1462184973335	OK	 
REQUEST	injecteur 5	10		request_5	1462184973124	1462184973346	OK	 
REQUEST	injecteur 10	5		request_10	1462184973271	1462184973360	OK	 
REQUEST	injecteur 8	4		request_8	1462184973285	1462184973368	OK	 
REQUEST	injecteur 6	8		request_6	1462184973296	1462184973386	OK	 
REQUEST	injecteur 1	7		request_1	1462184973315	1462184973395	OK	 
REQUEST	injecteur 3	3		request_3	1462184973339	1462184973407	OK	 
REQUEST	injecteur 2	9		request_2	1462184973234	1462184973413	OK	 
REQUEST	injecteur 9	6		request_9	1462184973339	1462184973414	OK	 
REQUEST	injecteur 7	2		request_7	1462184973261	1462184973435	KO	status.find.is(200), but actually found 400
REQUEST	injecteur 10	5		request_10	1462184973378	1462184973446	OK	 
REQUEST	injecteur 8	4		request_8	1462184973387	1462184973473	OK	 
REQUEST	injecteur 6	8		request_6	1462184973401	1462184973479	OK	 
REQUEST	injecteur 1	7		request_1	1462184973411	1462184973484	OK	 
REQUEST	injecteur 3	3		request_3	1462184973435	1462184973511	OK	 
REQUEST	injecteur 4	1		request_4	1462184973358	1462184973512	OK	 
REQUEST	injecteur 9	6		request_9	1462184973438	1462184973516	OK	 
REQUEST	injecteur 5	10		request_5	1462184973365	1462184973531	OK	 
REQUEST	injecteur 10	5		request_10	1462184973469	1462184973543	OK	 
REQUEST	injecteur 8	4		request_8	1462184973488	1462184973559	OK	 
REQUEST	injecteur 6	8		request_6	1462184973491	1462184973565	OK	 
REQUEST	injecteur 2	9		request_2	1462184973438	1462184973568	OK	 
REQUEST	injecteur 1	7		request_1	1462184973496	1462184973589	OK	 
REQUEST	injecteur 3	3		request_3	1462184973527	1462184973601	OK	 
REQUEST	injecteur 7	2		request_7	1462184973467	1462184973592	KO	status.find.is(200), but actually found 400
REQUEST	injecteur 9	6		request_9	1462184973533	1462184973619	OK	 
REQUEST	injecteur 10	5		request_10	1462184973557	1462184973631	OK	 
REQUEST	injecteur 8	4		request_8	1462184973567	1462184973636	OK	 
REQUEST	injecteur 4	1		request_4	1462184973528	1462184973638	OK	 
REQUEST	injecteur 6	8		request_6	1462184973577	1462184973653	OK	 
REQUEST	injecteur 5	10		request_5	1462184973542	1462184973671	OK	 
REQUEST	injecteur 1	7		request_1	1462184973600	1462184973687	OK	 
REQUEST	injecteur 3	3		request_3	1462184973620	1462184973690	OK	 
REQUEST	injecteur 2	9		request_2	1462184973588	1462184973737	OK	 
REQUEST	injecteur 9	6		request_9	1462184973634	1462184973765	OK	 
REQUEST	injecteur 10	5		request_10	1462184973645	1462184973769	OK	 
REQUEST	injecteur 8	4		request_8	1462184973654	1462184973771	OK	 
REQUEST	injecteur 6	8		request_6	1462184973664	1462184973773	OK	 
REQUEST	injecteur 7	2		request_7	1462184973620	1462184973802	KO	status.find.is(200), but actually found 400
REQUEST	injecteur 1	7		request_1	1462184973705	1462184973824	OK	 
REQUEST	injecteur 3	3		request_3	1462184973740	1462184973835	OK	 
REQUEST	injecteur 4	1		request_4	1462184973654	1462184973840	OK	 
REQUEST	injecteur 9	6		request_9	1462184973786	1462184973844	OK	 
REQUEST	injecteur 10	5		request_10	1462184973786	1462184973851	OK	 
REQUEST	injecteur 8	4		request_8	1462184973788	1462184973863	OK	 
REQUEST	injecteur 6	8		request_6	1462184973788	1462184973872	OK	 
REQUEST	injecteur 5	10		request_5	1462184973688	1462184973906	OK	 
REQUEST	injecteur 1	7		request_1	1462184973841	1462184973920	OK	 
REQUEST	injecteur 2	9		request_2	1462184973775	1462184973944	OK	 
REQUEST	injecteur 3	3		request_3	1462184973844	1462184973945	OK	 
REQUEST	injecteur 9	6		request_9	1462184973853	1462184973966	OK	 
REQUEST	injecteur 10	5		request_10	1462184973874	1462184973982	OK	 
REQUEST	injecteur 8	4		request_8	1462184973901	1462184974003	OK	 
REQUEST	injecteur 6	8		request_6	1462184973907	1462184974006	OK	 
REQUEST	injecteur 1	7		request_1	1462184973948	1462184974047	OK	 
REQUEST	injecteur 7	2		request_7	1462184973838	1462184974031	KO	status.find.is(200), but actually found 400
REQUEST	injecteur 4	1		request_4	1462184973846	1462184974066	OK	 
REQUEST	injecteur 3	3		request_3	1462184973968	1462184974088	OK	 
REQUEST	injecteur 9	6		request_9	1462184973992	1462184974096	OK	 
REQUEST	injecteur 10	5		request_10	1462184974010	1462184974116	OK	 
REQUEST	injecteur 8	4		request_8	1462184974034	1462184974122	OK	 
REQUEST	injecteur 6	8		request_6	1462184974034	1462184974151	OK	 
REQUEST	injecteur 1	7		request_1	1462184974086	1462184974180	OK	 
REQUEST	injecteur 5	10		request_5	1462184973931	1462184974186	OK	 
REQUEST	injecteur 2	9		request_2	1462184973967	1462184974193	OK	 
REQUEST	injecteur 3	3		request_3	1462184974111	1462184974207	OK	 
REQUEST	injecteur 9	6		request_9	1462184974118	1462184974219	OK	 
REQUEST	injecteur 10	5		request_10	1462184974140	1462184974236	OK	 
REQUEST	injecteur 8	4		request_8	1462184974144	1462184974243	OK	 
REQUEST	injecteur 6	8		request_6	1462184974186	1462184974280	OK	 
REQUEST	injecteur 1	7		request_1	1462184974203	1462184974295	OK	 
REQUEST	injecteur 4	1		request_4	1462184974099	1462184974301	OK	 
REQUEST	injecteur 7	2		request_7	1462184974090	1462184974296	KO	status.find.is(200), but actually found 400
REQUEST	injecteur 3	3		request_3	1462184974224	1462184974312	OK	 
REQUEST	injecteur 9	6		request_9	1462184974238	1462184974327	OK	 
REQUEST	injecteur 10	5		request_10	1462184974252	1462184974339	OK	 
REQUEST	injecteur 8	4		request_8	1462184974262	1462184974350	OK	 
REQUEST	injecteur 6	8		request_6	1462184974306	1462184974376	OK	 
REQUEST	injecteur 1	7		request_1	1462184974310	1462184974379	OK	 
REQUEST	injecteur 2	9		request_2	1462184974214	1462184974384	OK	 
REQUEST	injecteur 5	10		request_5	1462184974210	1462184974394	OK	 
REQUEST	injecteur 3	3		request_3	1462184974329	1462184974412	OK	 
REQUEST	injecteur 9	6		request_9	1462184974346	1462184974426	OK	 
REQUEST	injecteur 10	5		request_10	1462184974357	1462184974431	OK	 
REQUEST	injecteur 8	4		request_8	1462184974371	1462184974445	OK	 
REQUEST	injecteur 4	1		request_4	1462184974312	1462184974459	OK	 
REQUEST	injecteur 6	8		request_6	1462184974391	1462184974461	OK	 
REQUEST	injecteur 1	7		request_1	1462184974394	1462184974475	OK	 
REQUEST	injecteur 7	2		request_7	1462184974328	1462184974480	KO	status.find.is(200), but actually found 400
REQUEST	injecteur 3	3		request_3	1462184974432	1462184974503	OK	 
REQUEST	injecteur 9	6		request_9	1462184974447	1462184974525	OK	 
REQUEST	injecteur 10	5		request_10	1462184974452	1462184974527	OK	 
REQUEST	injecteur 2	9		request_2	1462184974396	1462184974537	OK	 
REQUEST	injecteur 8	4		request_8	1462184974458	1462184974542	OK	 
REQUEST	injecteur 6	8		request_6	1462184974491	1462184974558	OK	 
REQUEST	injecteur 5	10		request_5	1462184974405	1462184974560	OK	 
REQUEST	injecteur 1	7		request_1	1462184974497	1462184974564	OK	 
REQUEST	injecteur 3	3		request_3	1462184974515	1462184974575	OK	 
REQUEST	injecteur 4	1		request_4	1462184974490	1462184974593	OK	 
REQUEST	injecteur 9	6		request_9	1462184974537	1462184974611	OK	 
REQUEST	injecteur 10	5		request_10	1462184974542	1462184974631	OK	 
REQUEST	injecteur 8	4		request_8	1462184974552	1462184974643	OK	 
REQUEST	injecteur 6	8		request_6	1462184974571	1462184974645	OK	 
REQUEST	injecteur 7	2		request_7	1462184974513	1462184974638	KO	status.find.is(200), but actually found 400
REQUEST	injecteur 1	7		request_1	1462184974579	1462184974663	OK	 
REQUEST	injecteur 2	9		request_2	1462184974547	1462184974677	OK	 
REQUEST	injecteur 3	3		request_3	1462184974588	1462184974683	OK	 
REQUEST	injecteur 9	6		request_9	1462184974635	1462184974704	OK	 
REQUEST	injecteur 5	10		request_5	1462184974572	1462184974710	OK	 
REQUEST	injecteur 10	5		request_10	1462184974646	1462184974712	OK	 
REQUEST	injecteur 8	4		request_8	1462184974656	1462184974723	OK	 
REQUEST	injecteur 6	8		request_6	1462184974656	1462184974726	OK	 
REQUEST	injecteur 4	1		request_4	1462184974618	1462184974730	OK	 
REQUEST	injecteur 1	7		request_1	1462184974675	1462184974767	OK	 
REQUEST	injecteur 7	2		request_7	1462184974667	1462184974769	KO	status.find.is(200), but actually found 400
REQUEST	injecteur 3	3		request_3	1462184974695	1462184974777	OK	 
REQUEST	injecteur 2	9		request_2	1462184974691	1462184974782	OK	 
REQUEST	injecteur 9	6		request_9	1462184974713	1462184974790	OK	 
REQUEST	injecteur 10	5		request_10	1462184974724	1462184974809	OK	 
REQUEST	injecteur 8	4		request_8	1462184974735	1462184974820	OK	 
REQUEST	injecteur 6	8		request_6	1462184974741	1462184974823	OK	 
REQUEST	injecteur 5	10		request_5	1462184974722	1462184974830	OK	 
REQUEST	injecteur 4	1		request_4	1462184974744	1462184974843	OK	 
REQUEST	injecteur 1	7		request_1	1462184974775	1462184974854	OK	 
REQUEST	injecteur 3	3		request_3	1462184974788	1462184974863	OK	 
REQUEST	injecteur 2	9		request_2	1462184974791	1462184974900	OK	 
REQUEST	injecteur 9	6		request_9	1462184974804	1462184974904	OK	 
REQUEST	injecteur 7	2		request_7	1462184974786	1462184974889	KO	status.find.is(200), but actually found 400
REQUEST	injecteur 10	5		request_10	1462184974822	1462184974920	OK	 
REQUEST	injecteur 8	4		request_8	1462184974835	1462184974925	OK	 
REQUEST	injecteur 6	8		request_6	1462184974836	1462184974927	OK	 
REQUEST	injecteur 4	1		request_4	1462184974853	1462184974960	OK	 
REQUEST	injecteur 5	10		request_5	1462184974844	1462184974965	OK	 
REQUEST	injecteur 1	7		request_1	1462184974864	1462184974972	OK	 
REQUEST	injecteur 3	3		request_3	1462184974871	1462184974975	OK	 
REQUEST	injecteur 9	6		request_9	1462184974920	1462184974989	OK	 
REQUEST	injecteur 2	9		request_2	1462184974918	1462184974994	OK	 
REQUEST	injecteur 7	2		request_7	1462184974921	1462184975016	KO	status.find.is(200), but actually found 400
REQUEST	injecteur 10	5		request_10	1462184974926	1462184975027	OK	 
REQUEST	injecteur 8	4		request_8	1462184974935	1462184975044	OK	 
REQUEST	injecteur 6	8		request_6	1462184974940	1462184975052	OK	 
REQUEST	injecteur 4	1		request_4	1462184974972	1462184975058	OK	 
REQUEST	injecteur 5	10		request_5	1462184974974	1462184975070	OK	 
REQUEST	injecteur 1	7		request_1	1462184974976	1462184975079	OK	 
REQUEST	injecteur 3	3		request_3	1462184974980	1462184975087	OK	 
REQUEST	injecteur 9	6		request_9	1462184974996	1462184975096	OK	 
REQUEST	injecteur 2	9		request_2	1462184974999	1462184975110	OK	 
REQUEST	injecteur 10	5		request_10	1462184975031	1462184975126	OK	 
REQUEST	injecteur 8	4		request_8	1462184975053	1462184975132	OK	 
REQUEST	injecteur 6	8		request_6	1462184975056	1462184975144	OK	 
REQUEST	injecteur 4	1		request_4	1462184975071	1462184975161	OK	 
REQUEST	injecteur 7	2		request_7	1462184975026	1462184975147	KO	status.find.is(200), but actually found 400
REQUEST	injecteur 1	7		request_1	1462184975087	1462184975186	OK	 
REQUEST	injecteur 5	10		request_5	1462184975077	1462184975190	OK	 
REQUEST	injecteur 3	3		request_3	1462184975104	1462184975192	OK	 
REQUEST	injecteur 9	6		request_9	1462184975111	1462184975200	OK	 
REQUEST	injecteur 2	9		request_2	1462184975119	1462184975227	OK	 
REQUEST	injecteur 10	5		request_10	1462184975131	1462184975258	OK	 
REQUEST	injecteur 8	4		request_8	1462184975143	1462184975268	OK	 
REQUEST	injecteur 6	8		request_6	1462184975159	1462184975272	OK	 
REQUEST	injecteur 4	1		request_4	1462184975172	1462184975280	OK	 
REQUEST	injecteur 7	2		request_7	1462184975172	1462184975303	KO	status.find.is(200), but actually found 400
REQUEST	injecteur 1	7		request_1	1462184975192	1462184975331	OK	 
REQUEST	injecteur 5	10		request_5	1462184975197	1462184975340	OK	 
REQUEST	injecteur 3	3		request_3	1462184975201	1462184975357	OK	 
REQUEST	injecteur 9	6		request_9	1462184975213	1462184975362	OK	 
REQUEST	injecteur 2	9		request_2	1462184975239	1462184975375	OK	 
REQUEST	injecteur 10	5		request_10	1462184975260	1462184975379	OK	 
REQUEST	injecteur 8	4		request_8	1462184975271	1462184975405	OK	 
REQUEST	injecteur 6	8		request_6	1462184975276	1462184975444	OK	 
REQUEST	injecteur 4	1		request_4	1462184975297	1462184975449	OK	 
REQUEST	injecteur 1	7		request_1	1462184975335	1462184975472	OK	 
REQUEST	injecteur 7	2		request_7	1462184975322	1462184975468	KO	status.find.is(200), but actually found 400
REQUEST	injecteur 3	3		request_3	1462184975371	1462184975532	OK	 
REQUEST	injecteur 9	6		request_9	1462184975376	1462184975538	OK	 
REQUEST	injecteur 10	5		request_10	1462184975396	1462184975552	OK	 
REQUEST	injecteur 8	4		request_8	1462184975425	1462184975562	OK	 
REQUEST	injecteur 2	9		request_2	1462184975390	1462184975577	OK	 
REQUEST	injecteur 5	10		request_5	1462184975358	1462184975617	OK	 
REQUEST	injecteur 6	8		request_6	1462184975470	1462184975621	OK	 
REQUEST	injecteur 1	7		request_1	1462184975491	1462184975654	OK	 
REQUEST	injecteur 3	3		request_3	1462184975558	1462184975665	OK	 
REQUEST	injecteur 4	1		request_4	1462184975470	1462184975689	OK	 
REQUEST	injecteur 9	6		request_9	1462184975564	1462184975698	OK	 
REQUEST	injecteur 10	5		request_10	1462184975585	1462184975738	OK	 
REQUEST	injecteur 8	4		request_8	1462184975592	1462184975746	OK	 
REQUEST	injecteur 7	2		request_7	1462184975522	1462184975749	KO	status.find.is(200), but actually found 400
REQUEST	injecteur 6	8		request_6	1462184975644	1462184975795	OK	 
REQUEST	injecteur 1	7		request_1	1462184975673	1462184975854	OK	 
REQUEST	injecteur 4	1		request_4	1462184975726	1462184975828	KO	j.i.IOException: Une connexion existante a dû être fermée par l’hôte distant
REQUEST	injecteur 9	6		request_9	1462184975741	1462184975847	KO	j.i.IOException: Une connexion existante a dû être fermée par l’hôte distant
REQUEST	injecteur 10	5		request_10	1462184975777	1462184975914	KO	j.i.IOException: Une connexion existante a dû être fermée par l’hôte distant
REQUEST	injecteur 8	4		request_8	1462184975790	1462184975919	KO	j.i.IOException: Une connexion existante a dû être fermée par l’hôte distant
REQUEST	injecteur 7	2		request_7	1462184975831	1462184976008	KO	j.i.IOException: Une connexion existante a dû être fermée par l’hôte distant
REQUEST	injecteur 6	8		request_6	1462184975834	1462184976009	KO	j.i.IOException: Une connexion existante a dû être fermée par l’hôte distant
REQUEST	injecteur 1	7		request_1	1462184975916	1462184976124	KO	j.i.IOException: Une connexion existante a dû être fermée par l’hôte distant
REQUEST	injecteur 4	1		request_4	1462184975987	1462184977139	KO	j.n.ConnectException: Connection refused: no further information: localhost/127.0.0.1:8080
REQUEST	injecteur 9	6		request_9	1462184975999	1462184977172	KO	j.n.ConnectException: Connection refused: no further information: localhost/127.0.0.1:8080
REQUEST	injecteur 3	3		request_3	1462184975702	1462184977175	KO	j.n.ConnectException: Connection refused: no further information: localhost/127.0.0.1:8080
REQUEST	injecteur 7	2		request_7	1462184976156	1462184977182	KO	j.n.ConnectException: Connection refused: no further information: localhost/127.0.0.1:8080
REQUEST	injecteur 8	4		request_8	1462184976109	1462184977190	KO	j.n.ConnectException: Connection refused: no further information: localhost/127.0.0.1:8080
REQUEST	injecteur 10	5		request_10	1462184976101	1462184977199	KO	j.n.ConnectException: Connection refused: no further information: localhost/127.0.0.1:8080
REQUEST	injecteur 2	9		request_2	1462184975600	1462184977210	KO	j.n.ConnectException: Connection refused: no further information: localhost/127.0.0.1:8080
REQUEST	injecteur 6	8		request_6	1462184976157	1462184977213	KO	j.n.ConnectException: Connection refused: no further information: localhost/127.0.0.1:8080
REQUEST	injecteur 5	10		request_5	1462184975643	1462184977222	KO	j.n.ConnectException: Connection refused: no further information: localhost/127.0.0.1:8080
REQUEST	injecteur 1	7		request_1	1462184976176	1462184977231	KO	j.n.ConnectException: Connection refused: no further information: localhost/127.0.0.1:8080
REQUEST	injecteur 9	6		request_9	1462184977188	1462184978195	KO	j.n.ConnectException: Connection refused: no further information: localhost/127.0.0.1:8080
REQUEST	injecteur 4	1		request_4	1462184977178	1462184978207	KO	j.n.ConnectException: Connection refused: no further information: localhost/127.0.0.1:8080
REQUEST	injecteur 7	2		request_7	1462184977196	1462184978216	KO	j.n.ConnectException: Connection refused: no further information: localhost/127.0.0.1:8080
REQUEST	injecteur 8	4		request_8	1462184977199	1462184978231	KO	j.n.ConnectException: Connection refused: no further information: localhost/127.0.0.1:8080
REQUEST	injecteur 10	5		request_10	1462184977207	1462184978231	KO	j.n.ConnectException: Connection refused: no further information: localhost/127.0.0.1:8080
REQUEST	injecteur 2	9		request_2	1462184977217	1462184978244	KO	j.n.ConnectException: Connection refused: no further information: localhost/127.0.0.1:8080
REQUEST	injecteur 3	3		request_3	1462184977189	1462184978245	KO	j.n.ConnectException: Connection refused: no further information: localhost/127.0.0.1:8080
REQUEST	injecteur 6	8		request_6	1462184977221	1462184978245	KO	j.n.ConnectException: Connection refused: no further information: localhost/127.0.0.1:8080
REQUEST	injecteur 1	7		request_1	1462184977238	1462184978256	KO	j.n.ConnectException: Connection refused: no further information: localhost/127.0.0.1:8080
REQUEST	injecteur 5	10		request_5	1462184977227	1462184978269	KO	j.n.ConnectException: Connection refused: no further information: localhost/127.0.0.1:8080
REQUEST	injecteur 9	6		request_9	1462184978208	1462184979230	KO	j.n.ConnectException: Connection refused: no further information: localhost/127.0.0.1:8080
REQUEST	injecteur 4	1		request_4	1462184978244	1462184979275	KO	j.n.ConnectException: Connection refused: no further information: localhost/127.0.0.1:8080
REQUEST	injecteur 10	5		request_10	1462184978259	1462184979280	KO	j.n.ConnectException: Connection refused: no further information: localhost/127.0.0.1:8080
REQUEST	injecteur 1	7		request_1	1462184978278	1462184979294	KO	j.n.ConnectException: Connection refused: no further information: localhost/127.0.0.1:8080
REQUEST	injecteur 7	2		request_7	1462184978246	1462184979295	KO	j.n.ConnectException: Connection refused: no further information: localhost/127.0.0.1:8080
REQUEST	injecteur 3	3		request_3	1462184978270	1462184979295	KO	j.n.ConnectException: Connection refused: no further information: localhost/127.0.0.1:8080
REQUEST	injecteur 6	8		request_6	1462184978270	1462184979296	KO	j.n.ConnectException: Connection refused: no further information: localhost/127.0.0.1:8080
REQUEST	injecteur 8	4		request_8	1462184978258	1462184979296	KO	j.n.ConnectException: Connection refused: no further information: localhost/127.0.0.1:8080
REQUEST	injecteur 2	9		request_2	1462184978268	1462184979297	KO	j.n.ConnectException: Connection refused: no further information: localhost/127.0.0.1:8080
