ASSERTION	AAMBAAMDBABk
RUN	Injections		injections	1462185510656	 	2.0
USER	injecteur 4	1	START	1462185511976	1462185511976
USER	injecteur 7	2	START	1462185512032	1462185512032
USER	injecteur 3	3	START	1462185512043	1462185512043
USER	injecteur 8	4	START	1462185512051	1462185512051
USER	injecteur 10	5	START	1462185512066	1462185512066
USER	injecteur 9	6	START	1462185512078	1462185512078
USER	injecteur 1	7	START	1462185512090	1462185512090
USER	injecteur 6	8	START	1462185512102	1462185512102
USER	injecteur 2	9	START	1462185512118	1462185512118
USER	injecteur 5	10	START	1462185512129	1462185512129
REQUEST	injecteur 8	4		request_8	1462185512053	1462185512239	OK	 
REQUEST	injecteur 4	1		request_4	1462185512021	1462185512198	OK	 
REQUEST	injecteur 3	3		request_3	1462185512047	1462185512222	OK	 
REQUEST	injecteur 9	6		request_9	1462185512083	1462185512270	OK	 
REQUEST	injecteur 10	5		request_10	1462185512072	1462185512274	OK	 
REQUEST	injecteur 1	7		request_1	1462185512093	1462185512276	OK	 
REQUEST	injecteur 6	8		request_6	1462185512109	1462185512286	OK	 
REQUEST	injecteur 5	10		request_5	1462185512134	1462185512320	OK	 
REQUEST	injecteur 2	9		request_2	1462185512124	1462185512370	OK	 
REQUEST	injecteur 8	4		request_8	1462185512271	1462185512386	OK	 
REQUEST	injecteur 4	1		request_4	1462185512268	1462185512407	OK	 
REQUEST	injecteur 3	3		request_3	1462185512272	1462185512417	OK	 
REQUEST	injecteur 9	6		request_9	1462185512293	1462185512429	OK	 
REQUEST	injecteur 10	5		request_10	1462185512298	1462185512438	OK	 
REQUEST	injecteur 1	7		request_1	1462185512305	1462185512445	OK	 
REQUEST	injecteur 7	2		request_7	1462185512036	1462185512405	KO	status.find.is(200), but actually found 400
REQUEST	injecteur 6	8		request_6	1462185512313	1462185512465	OK	 
REQUEST	injecteur 2	9		request_2	1462185512381	1462185512489	OK	 
REQUEST	injecteur 8	4		request_8	1462185512396	1462185512493	OK	 
REQUEST	injecteur 5	10		request_5	1462185512363	1462185512528	OK	 
REQUEST	injecteur 4	1		request_4	1462185512418	1462185512543	OK	 
REQUEST	injecteur 3	3		request_3	1462185512424	1462185512553	OK	 
REQUEST	injecteur 9	6		request_9	1462185512441	1462185512563	OK	 
REQUEST	injecteur 10	5		request_10	1462185512465	1462185512572	OK	 
REQUEST	injecteur 1	7		request_1	1462185512476	1462185512578	OK	 
REQUEST	injecteur 6	8		request_6	1462185512489	1462185512593	OK	 
REQUEST	injecteur 2	9		request_2	1462185512501	1462185512638	OK	 
REQUEST	injecteur 8	4		request_8	1462185512504	1462185512648	OK	 
REQUEST	injecteur 5	10		request_5	1462185512533	1462185512656	OK	 
REQUEST	injecteur 3	3		request_3	1462185512558	1462185512681	OK	 
REQUEST	injecteur 4	1		request_4	1462185512546	1462185512685	OK	 
REQUEST	injecteur 9	6		request_9	1462185512573	1462185512688	OK	 
REQUEST	injecteur 10	5		request_10	1462185512583	1462185512694	OK	 
REQUEST	injecteur 1	7		request_1	1462185512598	1462185512710	OK	 
REQUEST	injecteur 6	8		request_6	1462185512607	1462185512714	OK	 
REQUEST	injecteur 7	2		request_7	1462185512485	1462185512709	KO	status.find.is(200), but actually found 400
REQUEST	injecteur 2	9		request_2	1462185512651	1462185512767	OK	 
REQUEST	injecteur 8	4		request_8	1462185512658	1462185512768	OK	 
REQUEST	injecteur 5	10		request_5	1462185512662	1462185512786	OK	 
REQUEST	injecteur 3	3		request_3	1462185512691	1462185512815	OK	 
REQUEST	injecteur 4	1		request_4	1462185512705	1462185512826	OK	 
REQUEST	injecteur 9	6		request_9	1462185512706	1462185512874	OK	 
REQUEST	injecteur 6	8		request_6	1462185512730	1462185512877	OK	 
REQUEST	injecteur 1	7		request_1	1462185512725	1462185512881	OK	 
REQUEST	injecteur 10	5		request_10	1462185512713	1462185512884	OK	 
REQUEST	injecteur 8	4		request_8	1462185512779	1462185512895	OK	 
REQUEST	injecteur 5	10		request_5	1462185512798	1462185512905	OK	 
REQUEST	injecteur 3	3		request_3	1462185512817	1462185512924	OK	 
REQUEST	injecteur 2	9		request_2	1462185512779	1462185512936	OK	 
REQUEST	injecteur 7	2		request_7	1462185512749	1462185512982	KO	status.find.is(200), but actually found 400
REQUEST	injecteur 4	1		request_4	1462185512882	1462185513005	OK	 
REQUEST	injecteur 9	6		request_9	1462185512893	1462185513027	OK	 
REQUEST	injecteur 6	8		request_6	1462185512894	1462185513034	OK	 
REQUEST	injecteur 1	7		request_1	1462185512896	1462185513042	OK	 
REQUEST	injecteur 10	5		request_10	1462185512898	1462185513048	OK	 
REQUEST	injecteur 8	4		request_8	1462185512904	1462185513057	OK	 
REQUEST	injecteur 5	10		request_5	1462185512922	1462185513062	OK	 
REQUEST	injecteur 3	3		request_3	1462185512942	1462185513080	OK	 
REQUEST	injecteur 2	9		request_2	1462185512954	1462185513089	OK	 
REQUEST	injecteur 4	1		request_4	1462185513010	1462185513099	OK	 
REQUEST	injecteur 9	6		request_9	1462185513029	1462185513106	OK	 
REQUEST	injecteur 6	8		request_6	1462185513039	1462185513132	OK	 
REQUEST	injecteur 7	2		request_7	1462185513004	1462185513134	KO	status.find.is(200), but actually found 400
REQUEST	injecteur 1	7		request_1	1462185513046	1462185513169	OK	 
REQUEST	injecteur 10	5		request_10	1462185513054	1462185513188	OK	 
REQUEST	injecteur 8	4		request_8	1462185513064	1462185513193	OK	 
REQUEST	injecteur 5	10		request_5	1462185513070	1462185513203	OK	 
REQUEST	injecteur 3	3		request_3	1462185513083	1462185513206	OK	 
REQUEST	injecteur 2	9		request_2	1462185513091	1462185513213	OK	 
REQUEST	injecteur 9	6		request_9	1462185513108	1462185513238	OK	 
REQUEST	injecteur 6	8		request_6	1462185513141	1462185513276	OK	 
REQUEST	injecteur 4	1		request_4	1462185513101	1462185513307	OK	 
REQUEST	injecteur 1	7		request_1	1462185513186	1462185513309	OK	 
REQUEST	injecteur 7	2		request_7	1462185513154	1462185513300	KO	status.find.is(200), but actually found 400
REQUEST	injecteur 10	5		request_10	1462185513197	1462185513323	OK	 
REQUEST	injecteur 8	4		request_8	1462185513207	1462185513334	OK	 
REQUEST	injecteur 3	3		request_3	1462185513236	1462185513395	OK	 
REQUEST	injecteur 9	6		request_9	1462185513254	1462185513405	OK	 
REQUEST	injecteur 2	9		request_2	1462185513241	1462185513411	OK	 
REQUEST	injecteur 5	10		request_5	1462185513229	1462185513424	OK	 
REQUEST	injecteur 6	8		request_6	1462185513297	1462185513444	OK	 
REQUEST	injecteur 1	7		request_1	1462185513325	1462185513459	OK	 
REQUEST	injecteur 10	5		request_10	1462185513334	1462185513498	OK	 
REQUEST	injecteur 8	4		request_8	1462185513346	1462185513522	OK	 
REQUEST	injecteur 4	1		request_4	1462185513325	1462185513545	OK	 
REQUEST	injecteur 3	3		request_3	1462185513441	1462185513566	OK	 
REQUEST	injecteur 9	6		request_9	1462185513445	1462185513569	OK	 
REQUEST	injecteur 7	2		request_7	1462185513326	1462185513554	KO	status.find.is(200), but actually found 400
REQUEST	injecteur 6	8		request_6	1462185513459	1462185513593	OK	 
REQUEST	injecteur 1	7		request_1	1462185513486	1462185513635	OK	 
REQUEST	injecteur 10	5		request_10	1462185513526	1462185513657	OK	 
REQUEST	injecteur 8	4		request_8	1462185513552	1462185513666	OK	 
REQUEST	injecteur 2	9		request_2	1462185513449	1462185513678	OK	 
REQUEST	injecteur 3	3		request_3	1462185513594	1462185513699	OK	 
REQUEST	injecteur 9	6		request_9	1462185513595	1462185513707	OK	 
REQUEST	injecteur 5	10		request_5	1462185513456	1462185513711	OK	 
REQUEST	injecteur 6	8		request_6	1462185513635	1462185513734	OK	 
REQUEST	injecteur 1	7		request_1	1462185513658	1462185513750	OK	 
REQUEST	injecteur 10	5		request_10	1462185513679	1462185513762	OK	 
REQUEST	injecteur 4	1		request_4	1462185513574	1462185513776	OK	 
REQUEST	injecteur 8	4		request_8	1462185513686	1462185513784	OK	 
REQUEST	injecteur 3	3		request_3	1462185513733	1462185513826	OK	 
REQUEST	injecteur 9	6		request_9	1462185513739	1462185513838	OK	 
REQUEST	injecteur 6	8		request_6	1462185513751	1462185513856	OK	 
REQUEST	injecteur 7	2		request_7	1462185513632	1462185513828	KO	status.find.is(200), but actually found 400
REQUEST	injecteur 1	7		request_1	1462185513765	1462185513875	OK	 
REQUEST	injecteur 10	5		request_10	1462185513791	1462185513893	OK	 
REQUEST	injecteur 2	9		request_2	1462185513695	1462185513902	OK	 
REQUEST	injecteur 8	4		request_8	1462185513805	1462185513912	OK	 
REQUEST	injecteur 3	3		request_3	1462185513857	1462185513944	OK	 
REQUEST	injecteur 9	6		request_9	1462185513866	1462185513960	OK	 
REQUEST	injecteur 5	10		request_5	1462185513739	1462185513966	OK	 
REQUEST	injecteur 6	8		request_6	1462185513885	1462185513972	OK	 
REQUEST	injecteur 1	7		request_1	1462185513897	1462185513995	OK	 
REQUEST	injecteur 10	5		request_10	1462185513914	1462185514009	OK	 
REQUEST	injecteur 4	1		request_4	1462185513804	1462185514016	OK	 
REQUEST	injecteur 8	4		request_8	1462185513933	1462185514024	OK	 
REQUEST	injecteur 3	3		request_3	1462185513970	1462185514059	OK	 
REQUEST	injecteur 9	6		request_9	1462185513990	1462185514070	OK	 
REQUEST	injecteur 6	8		request_6	1462185514004	1462185514075	OK	 
REQUEST	injecteur 7	2		request_7	1462185513886	1462185514068	KO	status.find.is(200), but actually found 400
REQUEST	injecteur 1	7		request_1	1462185514013	1462185514088	OK	 
REQUEST	injecteur 2	9		request_2	1462185513925	1462185514098	OK	 
REQUEST	injecteur 10	5		request_10	1462185514025	1462185514110	OK	 
REQUEST	injecteur 8	4		request_8	1462185514042	1462185514127	OK	 
REQUEST	injecteur 3	3		request_3	1462185514077	1462185514155	OK	 
REQUEST	injecteur 5	10		request_5	1462185514003	1462185514169	OK	 
REQUEST	injecteur 9	6		request_9	1462185514084	1462185514171	OK	 
REQUEST	injecteur 6	8		request_6	1462185514095	1462185514177	OK	 
REQUEST	injecteur 4	1		request_4	1462185514032	1462185514183	OK	 
REQUEST	injecteur 1	7		request_1	1462185514105	1462185514205	OK	 
REQUEST	injecteur 10	5		request_10	1462185514128	1462185514242	OK	 
REQUEST	injecteur 8	4		request_8	1462185514140	1462185514244	OK	 
REQUEST	injecteur 3	3		request_3	1462185514176	1462185514247	OK	 
REQUEST	injecteur 7	2		request_7	1462185514102	1462185514238	KO	status.find.is(200), but actually found 400
REQUEST	injecteur 2	9		request_2	1462185514115	1462185514257	OK	 
REQUEST	injecteur 9	6		request_9	1462185514185	1462185514276	OK	 
REQUEST	injecteur 6	8		request_6	1462185514188	1462185514284	OK	 
REQUEST	injecteur 1	7		request_1	1462185514233	1462185514331	OK	 
REQUEST	injecteur 10	5		request_10	1462185514264	1462185514378	OK	 
REQUEST	injecteur 5	10		request_5	1462185514184	1462185514388	OK	 
REQUEST	injecteur 8	4		request_8	1462185514265	1462185514391	OK	 
REQUEST	injecteur 4	1		request_4	1462185514190	1462185514392	OK	 
REQUEST	injecteur 3	3		request_3	1462185514273	1462185514395	OK	 
REQUEST	injecteur 9	6		request_9	1462185514308	1462185514423	OK	 
REQUEST	injecteur 6	8		request_6	1462185514318	1462185514449	OK	 
REQUEST	injecteur 1	7		request_1	1462185514355	1462185514463	OK	 
REQUEST	injecteur 2	9		request_2	1462185514284	1462185514498	OK	 
REQUEST	injecteur 10	5		request_10	1462185514401	1462185514501	OK	 
REQUEST	injecteur 7	2		request_7	1462185514279	1462185514493	KO	status.find.is(200), but actually found 400
REQUEST	injecteur 8	4		request_8	1462185514407	1462185514517	OK	 
REQUEST	injecteur 3	3		request_3	1462185514407	1462185514529	OK	 
REQUEST	injecteur 9	6		request_9	1462185514451	1462185514546	OK	 
REQUEST	injecteur 6	8		request_6	1462185514487	1462185514576	OK	 
REQUEST	injecteur 4	1		request_4	1462185514406	1462185514597	OK	 
REQUEST	injecteur 1	7		request_1	1462185514493	1462185514600	OK	 
REQUEST	injecteur 10	5		request_10	1462185514528	1462185514608	OK	 
REQUEST	injecteur 5	10		request_5	1462185514403	1462185514610	OK	 
REQUEST	injecteur 8	4		request_8	1462185514544	1462185514644	OK	 
REQUEST	injecteur 3	3		request_3	1462185514551	1462185514668	OK	 
REQUEST	injecteur 9	6		request_9	1462185514570	1462185514699	OK	 
REQUEST	injecteur 6	8		request_6	1462185514596	1462185514721	OK	 
REQUEST	injecteur 2	9		request_2	1462185514517	1462185514767	OK	 
REQUEST	injecteur 1	7		request_1	1462185514612	1462185514794	OK	 
REQUEST	injecteur 10	5		request_10	1462185514622	1462185514799	OK	 
REQUEST	injecteur 7	2		request_7	1462185514536	1462185514801	KO	status.find.is(200), but actually found 400
REQUEST	injecteur 8	4		request_8	1462185514704	1462185514876	OK	 
REQUEST	injecteur 3	3		request_3	1462185514724	1462185514886	OK	 
REQUEST	injecteur 9	6		request_9	1462185514760	1462185514892	OK	 
REQUEST	injecteur 6	8		request_6	1462185514773	1462185514897	OK	 
REQUEST	injecteur 4	1		request_4	1462185514612	1462185514916	OK	 
REQUEST	injecteur 1	7		request_1	1462185514812	1462185514929	OK	 
REQUEST	injecteur 10	5		request_10	1462185514818	1462185514930	OK	 
REQUEST	injecteur 5	10		request_5	1462185514622	1462185514950	OK	 
REQUEST	injecteur 8	4		request_8	1462185514898	1462185514969	OK	 
REQUEST	injecteur 3	3		request_3	1462185514904	1462185514974	OK	 
REQUEST	injecteur 9	6		request_9	1462185514913	1462185514984	OK	 
REQUEST	injecteur 6	8		request_6	1462185514923	1462185514992	OK	 
REQUEST	injecteur 2	9		request_2	1462185514806	1462185514998	OK	 
REQUEST	injecteur 10	5		request_10	1462185514948	1462185515017	OK	 
REQUEST	injecteur 1	7		request_1	1462185514948	1462185515038	OK	 
REQUEST	injecteur 7	2		request_7	1462185514873	1462185515029	KO	status.find.is(200), but actually found 400
REQUEST	injecteur 8	4		request_8	1462185514991	1462185515062	OK	 
REQUEST	injecteur 3	3		request_3	1462185514996	1462185515078	OK	 
REQUEST	injecteur 9	6		request_9	1462185514999	1462185515082	OK	 
REQUEST	injecteur 6	8		request_6	1462185515004	1462185515086	OK	 
REQUEST	injecteur 4	1		request_4	1462185514933	1462185515093	OK	 
REQUEST	injecteur 10	5		request_10	1462185515040	1462185515117	OK	 
REQUEST	injecteur 1	7		request_1	1462185515051	1462185515135	OK	 
REQUEST	injecteur 5	10		request_5	1462185514965	1462185515147	OK	 
REQUEST	injecteur 8	4		request_8	1462185515087	1462185515160	OK	 
REQUEST	injecteur 3	3		request_3	1462185515101	1462185515172	OK	 
REQUEST	injecteur 2	9		request_2	1462185515008	1462185515175	OK	 
REQUEST	injecteur 9	6		request_9	1462185515103	1462185515176	OK	 
REQUEST	injecteur 6	8		request_6	1462185515107	1462185515182	OK	 
REQUEST	injecteur 10	5		request_10	1462185515136	1462185515200	OK	 
REQUEST	injecteur 1	7		request_1	1462185515157	1462185515228	OK	 
REQUEST	injecteur 8	4		request_8	1462185515172	1462185515239	OK	 
REQUEST	injecteur 7	2		request_7	1462185515074	1462185515224	KO	status.find.is(200), but actually found 400
REQUEST	injecteur 4	1		request_4	1462185515112	1462185515253	OK	 
REQUEST	injecteur 3	3		request_3	1462185515189	1462185515256	OK	 
REQUEST	injecteur 9	6		request_9	1462185515191	1462185515263	OK	 
REQUEST	injecteur 6	8		request_6	1462185515198	1462185515271	OK	 
REQUEST	injecteur 10	5		request_10	1462185515220	1462185515286	OK	 
REQUEST	injecteur 1	7		request_1	1462185515241	1462185515302	OK	 
REQUEST	injecteur 5	10		request_5	1462185515164	1462185515305	OK	 
REQUEST	injecteur 8	4		request_8	1462185515257	1462185515311	OK	 
REQUEST	injecteur 2	9		request_2	1462185515191	1462185515313	OK	 
REQUEST	injecteur 3	3		request_3	1462185515268	1462185515338	OK	 
REQUEST	injecteur 9	6		request_9	1462185515275	1462185515358	OK	 
REQUEST	injecteur 6	8		request_6	1462185515285	1462185515366	OK	 
REQUEST	injecteur 10	5		request_10	1462185515300	1462185515377	OK	 
REQUEST	injecteur 1	7		request_1	1462185515316	1462185515390	OK	 
REQUEST	injecteur 4	1		request_4	1462185515267	1462185515391	OK	 
REQUEST	injecteur 7	2		request_7	1462185515258	1462185515386	KO	status.find.is(200), but actually found 400
REQUEST	injecteur 8	4		request_8	1462185515324	1462185515410	OK	 
REQUEST	injecteur 3	3		request_3	1462185515364	1462185515430	OK	 
REQUEST	injecteur 9	6		request_9	1462185515376	1462185515457	OK	 
REQUEST	injecteur 2	9		request_2	1462185515324	1462185515459	OK	 
REQUEST	injecteur 5	10		request_5	1462185515321	1462185515471	OK	 
REQUEST	injecteur 6	8		request_6	1462185515389	1462185515474	OK	 
REQUEST	injecteur 10	5		request_10	1462185515394	1462185515476	OK	 
REQUEST	injecteur 1	7		request_1	1462185515402	1462185515479	OK	 
REQUEST	injecteur 8	4		request_8	1462185515422	1462185515505	OK	 
REQUEST	injecteur 4	1		request_4	1462185515403	1462185515536	OK	 
REQUEST	injecteur 3	3		request_3	1462185515447	1462185515545	OK	 
REQUEST	injecteur 9	6		request_9	1462185515475	1462185515547	OK	 
REQUEST	injecteur 7	2		request_7	1462185515415	1462185515550	KO	status.find.is(200), but actually found 400
REQUEST	injecteur 6	8		request_6	1462185515486	1462185515573	OK	 
REQUEST	injecteur 10	5		request_10	1462185515488	1462185515577	OK	 
REQUEST	injecteur 1	7		request_1	1462185515489	1462185515602	OK	 
REQUEST	injecteur 8	4		request_8	1462185515535	1462185515614	OK	 
REQUEST	injecteur 2	9		request_2	1462185515476	1462185515622	OK	 
REQUEST	injecteur 3	3		request_3	1462185515558	1462185515645	OK	 
REQUEST	injecteur 5	10		request_5	1462185515486	1462185515649	OK	 
REQUEST	injecteur 9	6		request_9	1462185515562	1462185515651	OK	 
REQUEST	injecteur 6	8		request_6	1462185515597	1462185515674	OK	 
REQUEST	injecteur 10	5		request_10	1462185515604	1462185515679	OK	 
REQUEST	injecteur 1	7		request_1	1462185515614	1462185515691	OK	 
REQUEST	injecteur 4	1		request_4	1462185515555	1462185515697	OK	 
REQUEST	injecteur 8	4		request_8	1462185515627	1462185515703	OK	 
REQUEST	injecteur 3	3		request_3	1462185515656	1462185515754	OK	 
REQUEST	injecteur 9	6		request_9	1462185515660	1462185515764	OK	 
REQUEST	injecteur 7	2		request_7	1462185515591	1462185515742	KO	status.find.is(200), but actually found 400
REQUEST	injecteur 6	8		request_6	1462185515688	1462185515796	OK	 
REQUEST	injecteur 10	5		request_10	1462185515700	1462185515807	OK	 
REQUEST	injecteur 1	7		request_1	1462185515713	1462185515820	OK	 
REQUEST	injecteur 2	9		request_2	1462185515638	1462185515823	OK	 
REQUEST	injecteur 8	4		request_8	1462185515735	1462185515850	OK	 
REQUEST	injecteur 3	3		request_3	1462185515785	1462185515874	OK	 
REQUEST	injecteur 5	10		request_5	1462185515659	1462185515888	OK	 
REQUEST	injecteur 9	6		request_9	1462185515794	1462185515892	OK	 
REQUEST	injecteur 6	8		request_6	1462185515811	1462185515917	OK	 
REQUEST	injecteur 10	5		request_10	1462185515833	1462185515929	OK	 
REQUEST	injecteur 4	1		request_4	1462185515728	1462185515945	OK	 
REQUEST	injecteur 1	7		request_1	1462185515851	1462185515963	OK	 
REQUEST	injecteur 8	4		request_8	1462185515876	1462185515994	OK	 
REQUEST	injecteur 3	3		request_3	1462185515909	1462185516016	OK	 
REQUEST	injecteur 9	6		request_9	1462185515921	1462185516037	OK	 
REQUEST	injecteur 7	2		request_7	1462185515802	1462185516027	KO	status.find.is(200), but actually found 400
REQUEST	injecteur 6	8		request_6	1462185515935	1462185516058	OK	 
REQUEST	injecteur 10	5		request_10	1462185515951	1462185516073	OK	 
REQUEST	injecteur 2	9		request_2	1462185515851	1462185516087	OK	 
REQUEST	injecteur 1	7		request_1	1462185515998	1462185516099	OK	 
REQUEST	injecteur 8	4		request_8	1462185516024	1462185516108	OK	 
REQUEST	injecteur 3	3		request_3	1462185516044	1462185516125	OK	 
REQUEST	injecteur 9	6		request_9	1462185516062	1462185516129	OK	 
REQUEST	injecteur 5	10		request_5	1462185515918	1462185516133	OK	 
REQUEST	injecteur 6	8		request_6	1462185516085	1462185516150	OK	 
REQUEST	injecteur 10	5		request_10	1462185516092	1462185516161	OK	 
REQUEST	injecteur 4	1		request_4	1462185515986	1462185516164	OK	 
REQUEST	injecteur 1	7		request_1	1462185516113	1462185516196	OK	 
REQUEST	injecteur 8	4		request_8	1462185516126	1462185516205	OK	 
REQUEST	injecteur 3	3		request_3	1462185516143	1462185516220	OK	 
REQUEST	injecteur 9	6		request_9	1462185516148	1462185516221	OK	 
REQUEST	injecteur 7	2		request_7	1462185516082	1462185516215	KO	status.find.is(200), but actually found 400
REQUEST	injecteur 6	8		request_6	1462185516165	1462185516233	OK	 
REQUEST	injecteur 2	9		request_2	1462185516102	1462185516241	OK	 
REQUEST	injecteur 10	5		request_10	1462185516173	1462185516252	OK	 
REQUEST	injecteur 1	7		request_1	1462185516220	1462185516281	OK	 
REQUEST	injecteur 8	4		request_8	1462185516223	1462185516286	OK	 
REQUEST	injecteur 5	10		request_5	1462185516159	1462185516288	OK	 
REQUEST	injecteur 3	3		request_3	1462185516231	1462185516296	OK	 
REQUEST	injecteur 4	1		request_4	1462185516177	1462185516297	OK	 
REQUEST	injecteur 9	6		request_9	1462185516232	1462185516300	OK	 
REQUEST	injecteur 6	8		request_6	1462185516251	1462185516320	OK	 
REQUEST	injecteur 10	5		request_10	1462185516265	1462185516356	OK	 
REQUEST	injecteur 2	9		request_2	1462185516256	1462185516388	OK	 
REQUEST	injecteur 1	7		request_1	1462185516291	1462185516391	OK	 
REQUEST	injecteur 8	4		request_8	1462185516298	1462185516393	OK	 
REQUEST	injecteur 7	2		request_7	1462185516247	1462185516351	KO	status.find.is(200), but actually found 400
REQUEST	injecteur 3	3		request_3	1462185516304	1462185516396	OK	 
REQUEST	injecteur 9	6		request_9	1462185516307	1462185516423	OK	 
REQUEST	injecteur 6	8		request_6	1462185516344	1462185516450	OK	 
REQUEST	injecteur 10	5		request_10	1462185516395	1462185516459	OK	 
REQUEST	injecteur 4	1		request_4	1462185516304	1462185516463	OK	 
REQUEST	injecteur 5	10		request_5	1462185516298	1462185516465	OK	 
REQUEST	injecteur 1	7		request_1	1462185516409	1462185516473	OK	 
REQUEST	injecteur 8	4		request_8	1462185516417	1462185516474	OK	 
REQUEST	injecteur 3	3		request_3	1462185516425	1462185516484	OK	 
REQUEST	injecteur 9	6		request_9	1462185516436	1462185516501	OK	 
REQUEST	injecteur 6	8		request_6	1462185516461	1462185516514	OK	 
REQUEST	injecteur 2	9		request_2	1462185516406	1462185516533	OK	 
REQUEST	injecteur 10	5		request_10	1462185516469	1462185516537	OK	 
REQUEST	injecteur 7	2		request_7	1462185516421	1462185516540	KO	status.find.is(200), but actually found 400
REQUEST	injecteur 1	7		request_1	1462185516482	1462185516561	OK	 
REQUEST	injecteur 8	4		request_8	1462185516483	1462185516570	OK	 
REQUEST	injecteur 3	3		request_3	1462185516506	1462185516577	OK	 
REQUEST	injecteur 9	6		request_9	1462185516515	1462185516580	OK	 
REQUEST	injecteur 4	1		request_4	1462185516473	1462185516591	OK	 
REQUEST	injecteur 6	8		request_6	1462185516538	1462185516593	OK	 
REQUEST	injecteur 5	10		request_5	1462185516476	1462185516614	OK	 
REQUEST	injecteur 10	5		request_10	1462185516547	1462185516615	OK	 
REQUEST	injecteur 1	7		request_1	1462185516578	1462185516630	OK	 
REQUEST	injecteur 8	4		request_8	1462185516584	1462185516653	OK	 
REQUEST	injecteur 3	3		request_3	1462185516589	1462185516661	OK	 
REQUEST	injecteur 2	9		request_2	1462185516546	1462185516658	OK	 
REQUEST	injecteur 9	6		request_9	1462185516591	1462185516664	OK	 
REQUEST	injecteur 6	8		request_6	1462185516603	1462185516691	OK	 
REQUEST	injecteur 7	2		request_7	1462185516567	1462185516689	KO	status.find.is(200), but actually found 400
REQUEST	injecteur 10	5		request_10	1462185516629	1462185516704	OK	 
REQUEST	injecteur 1	7		request_1	1462185516647	1462185516721	OK	 
REQUEST	injecteur 4	1		request_4	1462185516603	1462185516728	OK	 
REQUEST	injecteur 8	4		request_8	1462185516667	1462185516737	OK	 
REQUEST	injecteur 5	10		request_5	1462185516629	1462185516745	OK	 
REQUEST	injecteur 3	3		request_3	1462185516670	1462185516747	OK	 
REQUEST	injecteur 9	6		request_9	1462185516683	1462185516757	OK	 
REQUEST	injecteur 2	9		request_2	1462185516687	1462185516766	OK	 
REQUEST	injecteur 6	8		request_6	1462185516705	1462185516776	OK	 
REQUEST	injecteur 10	5		request_10	1462185516719	1462185516782	OK	 
REQUEST	injecteur 1	7		request_1	1462185516731	1462185516795	OK	 
REQUEST	injecteur 7	2		request_7	1462185516715	1462185516797	KO	status.find.is(200), but actually found 400
REQUEST	injecteur 8	4		request_8	1462185516744	1462185516807	OK	 
REQUEST	injecteur 4	1		request_4	1462185516737	1462185516826	OK	 
REQUEST	injecteur 3	3		request_3	1462185516757	1462185516837	OK	 
REQUEST	injecteur 9	6		request_9	1462185516765	1462185516839	OK	 
REQUEST	injecteur 6	8		request_6	1462185516791	1462185516860	OK	 
REQUEST	injecteur 5	10		request_5	1462185516756	1462185516872	OK	 
REQUEST	injecteur 10	5		request_10	1462185516799	1462185516876	OK	 
REQUEST	injecteur 2	9		request_2	1462185516774	1462185516880	OK	 
REQUEST	injecteur 1	7		request_1	1462185516804	1462185516883	OK	 
REQUEST	injecteur 6	8		request_6	1462185516873	1462185516898	KO	j.i.IOException: Une connexion existante a dû être fermée par l’hôte distant
REQUEST	injecteur 5	10		request_5	1462185516882	1462185516928	KO	j.i.IOException: Une connexion existante a dû être fermée par l’hôte distant
