ASSERTION	AAMBAAMDBABk
RUN	Injections		injections	1462185033497	 	2.0
USER	injecteur 4	1	START	1462185034656	1462185034656
USER	injecteur 7	2	START	1462185034744	1462185034744
USER	injecteur 3	3	START	1462185034758	1462185034758
USER	injecteur 8	4	START	1462185034767	1462185034767
USER	injecteur 10	5	START	1462185034786	1462185034786
USER	injecteur 9	6	START	1462185034818	1462185034818
USER	injecteur 1	7	START	1462185034837	1462185034837
USER	injecteur 6	8	START	1462185034857	1462185034857
USER	injecteur 2	9	START	1462185034875	1462185034875
USER	injecteur 5	10	START	1462185034902	1462185034902
REQUEST	injecteur 4	1		request_4	1462185034723	1462185034911	OK	 
REQUEST	injecteur 3	3		request_3	1462185034760	1462185034972	OK	 
REQUEST	injecteur 8	4		request_8	1462185034773	1462185034984	OK	 
REQUEST	injecteur 10	5		request_10	1462185034804	1462185035020	OK	 
REQUEST	injecteur 9	6		request_9	1462185034832	1462185035023	OK	 
REQUEST	injecteur 1	7		request_1	1462185034845	1462185035040	OK	 
REQUEST	injecteur 6	8		request_6	1462185034865	1462185035052	OK	 
REQUEST	injecteur 7	2		request_7	1462185034751	1462185035088	KO	status.find.is(200), but actually found 400
REQUEST	injecteur 4	1		request_4	1462185035026	1462185035141	OK	 
REQUEST	injecteur 3	3		request_3	1462185035028	1462185035147	OK	 
REQUEST	injecteur 8	4		request_8	1462185035041	1462185035156	OK	 
REQUEST	injecteur 10	5		request_10	1462185035045	1462185035163	OK	 
REQUEST	injecteur 5	10		request_5	1462185034908	1462185035173	OK	 
REQUEST	injecteur 9	6		request_9	1462185035048	1462185035179	OK	 
REQUEST	injecteur 1	7		request_1	1462185035054	1462185035189	OK	 
REQUEST	injecteur 6	8		request_6	1462185035071	1462185035200	OK	 
REQUEST	injecteur 2	9		request_2	1462185034889	1462185035205	OK	 
REQUEST	injecteur 3	3		request_3	1462185035153	1462185035243	OK	 
REQUEST	injecteur 8	4		request_8	1462185035166	1462185035285	OK	 
REQUEST	injecteur 10	5		request_10	1462185035179	1462185035288	OK	 
REQUEST	injecteur 7	2		request_7	1462185035139	1462185035278	KO	status.find.is(200), but actually found 400
REQUEST	injecteur 4	1		request_4	1462185035148	1462185035297	OK	 
REQUEST	injecteur 9	6		request_9	1462185035203	1462185035344	OK	 
REQUEST	injecteur 6	8		request_6	1462185035213	1462185035347	OK	 
REQUEST	injecteur 1	7		request_1	1462185035207	1462185035348	OK	 
REQUEST	injecteur 5	10		request_5	1462185035193	1462185035396	OK	 
REQUEST	injecteur 2	9		request_2	1462185035218	1462185035401	OK	 
REQUEST	injecteur 3	3		request_3	1462185035280	1462185035414	OK	 
REQUEST	injecteur 10	5		request_10	1462185035317	1462185035430	OK	 
REQUEST	injecteur 8	4		request_8	1462185035320	1462185035442	OK	 
REQUEST	injecteur 4	1		request_4	1462185035343	1462185035461	OK	 
REQUEST	injecteur 9	6		request_9	1462185035360	1462185035482	OK	 
REQUEST	injecteur 7	2		request_7	1462185035334	1462185035495	KO	status.find.is(200), but actually found 400
REQUEST	injecteur 6	8		request_6	1462185035365	1462185035509	OK	 
REQUEST	injecteur 1	7		request_1	1462185035368	1462185035524	OK	 
REQUEST	injecteur 5	10		request_5	1462185035416	1462185035539	OK	 
REQUEST	injecteur 2	9		request_2	1462185035416	1462185035544	OK	 
REQUEST	injecteur 3	3		request_3	1462185035421	1462185035558	OK	 
REQUEST	injecteur 10	5		request_10	1462185035444	1462185035569	OK	 
REQUEST	injecteur 8	4		request_8	1462185035448	1462185035575	OK	 
REQUEST	injecteur 9	6		request_9	1462185035493	1462185035619	OK	 
REQUEST	injecteur 4	1		request_4	1462185035465	1462185035622	OK	 
REQUEST	injecteur 6	8		request_6	1462185035514	1462185035642	OK	 
REQUEST	injecteur 1	7		request_1	1462185035532	1462185035648	OK	 
REQUEST	injecteur 7	2		request_7	1462185035508	1462185035652	KO	status.find.is(200), but actually found 400
REQUEST	injecteur 3	3		request_3	1462185035570	1462185035718	OK	 
REQUEST	injecteur 10	5		request_10	1462185035577	1462185035726	OK	 
REQUEST	injecteur 2	9		request_2	1462185035552	1462185035724	OK	 
REQUEST	injecteur 8	4		request_8	1462185035612	1462185035743	OK	 
REQUEST	injecteur 5	10		request_5	1462185035549	1462185035745	OK	 
REQUEST	injecteur 9	6		request_9	1462185035648	1462185035777	OK	 
REQUEST	injecteur 4	1		request_4	1462185035650	1462185035788	OK	 
REQUEST	injecteur 6	8		request_6	1462185035664	1462185035791	OK	 
REQUEST	injecteur 1	7		request_1	1462185035665	1462185035800	OK	 
REQUEST	injecteur 10	5		request_10	1462185035733	1462185035859	OK	 
REQUEST	injecteur 3	3		request_3	1462185035730	1462185035857	OK	 
REQUEST	injecteur 2	9		request_2	1462185035734	1462185035864	OK	 
REQUEST	injecteur 7	2		request_7	1462185035703	1462185035855	KO	status.find.is(200), but actually found 400
REQUEST	injecteur 8	4		request_8	1462185035759	1462185035884	OK	 
REQUEST	injecteur 9	6		request_9	1462185035790	1462185035943	OK	 
REQUEST	injecteur 5	10		request_5	1462185035762	1462185035949	OK	 
REQUEST	injecteur 4	1		request_4	1462185035801	1462185035984	OK	 
REQUEST	injecteur 6	8		request_6	1462185035802	1462185035989	OK	 
REQUEST	injecteur 10	5		request_10	1462185035867	1462185036074	OK	 
REQUEST	injecteur 1	7		request_1	1462185035807	1462185036058	OK	 
REQUEST	injecteur 3	3		request_3	1462185035868	1462185036077	OK	 
REQUEST	injecteur 8	4		request_8	1462185035894	1462185036082	OK	 
REQUEST	injecteur 9	6		request_9	1462185035959	1462185036147	OK	 
REQUEST	injecteur 7	2		request_7	1462185035885	1462185036120	KO	status.find.is(200), but actually found 400
REQUEST	injecteur 2	9		request_2	1462185035883	1462185036205	OK	 
REQUEST	injecteur 6	8		request_6	1462185036068	1462185036248	OK	 
REQUEST	injecteur 10	5		request_10	1462185036121	1462185036280	OK	 
REQUEST	injecteur 1	7		request_1	1462185036122	1462185036295	OK	 
REQUEST	injecteur 5	10		request_5	1462185035960	1462185036297	OK	 
REQUEST	injecteur 3	3		request_3	1462185036129	1462185036303	OK	 
REQUEST	injecteur 8	4		request_8	1462185036136	1462185036304	OK	 
REQUEST	injecteur 9	6		request_9	1462185036200	1462185036319	OK	 
REQUEST	injecteur 4	1		request_4	1462185036040	1462185036342	OK	 
REQUEST	injecteur 6	8		request_6	1462185036286	1462185036417	OK	 
REQUEST	injecteur 10	5		request_10	1462185036305	1462185036447	OK	 
REQUEST	injecteur 1	7		request_1	1462185036334	1462185036474	OK	 
REQUEST	injecteur 7	2		request_7	1462185036205	1462185036471	KO	status.find.is(200), but actually found 400
REQUEST	injecteur 3	3		request_3	1462185036339	1462185036487	OK	 
REQUEST	injecteur 2	9		request_2	1462185036237	1462185036490	OK	 
REQUEST	injecteur 8	4		request_8	1462185036343	1462185036508	OK	 
REQUEST	injecteur 9	6		request_9	1462185036354	1462185036522	OK	 
REQUEST	injecteur 6	8		request_6	1462185036460	1462185036545	OK	 
REQUEST	injecteur 10	5		request_10	1462185036475	1462185036623	OK	 
REQUEST	injecteur 1	7		request_1	1462185036489	1462185036648	OK	 
REQUEST	injecteur 5	10		request_5	1462185036336	1462185036655	OK	 
REQUEST	injecteur 4	1		request_4	1462185036389	1462185036656	OK	 
REQUEST	injecteur 3	3		request_3	1462185036510	1462185036658	OK	 
REQUEST	injecteur 8	4		request_8	1462185036535	1462185036681	OK	 
REQUEST	injecteur 9	6		request_9	1462185036545	1462185036694	OK	 
REQUEST	injecteur 6	8		request_6	1462185036575	1462185036716	OK	 
REQUEST	injecteur 10	5		request_10	1462185036662	1462185036782	OK	 
REQUEST	injecteur 1	7		request_1	1462185036678	1462185036802	OK	 
REQUEST	injecteur 2	9		request_2	1462185036518	1462185036808	OK	 
REQUEST	injecteur 3	3		request_3	1462185036688	1462185036814	OK	 
REQUEST	injecteur 7	2		request_7	1462185036509	1462185036797	KO	status.find.is(200), but actually found 400
REQUEST	injecteur 8	4		request_8	1462185036697	1462185036848	OK	 
REQUEST	injecteur 9	6		request_9	1462185036710	1462185036862	OK	 
REQUEST	injecteur 6	8		request_6	1462185036745	1462185036892	OK	 
REQUEST	injecteur 10	5		request_10	1462185036836	1462185036936	OK	 
REQUEST	injecteur 1	7		request_1	1462185036847	1462185036953	OK	 
REQUEST	injecteur 4	1		request_4	1462185036685	1462185036957	OK	 
REQUEST	injecteur 3	3		request_3	1462185036854	1462185036997	OK	 
REQUEST	injecteur 5	10		request_5	1462185036683	1462185037003	OK	 
REQUEST	injecteur 8	4		request_8	1462185036866	1462185037011	OK	 
REQUEST	injecteur 9	6		request_9	1462185036885	1462185037029	OK	 
REQUEST	injecteur 6	8		request_6	1462185036930	1462185037060	OK	 
REQUEST	injecteur 10	5		request_10	1462185036994	1462185037105	OK	 
REQUEST	injecteur 2	9		request_2	1462185036852	1462185037109	OK	 
REQUEST	injecteur 1	7		request_1	1462185037007	1462185037111	OK	 
REQUEST	injecteur 3	3		request_3	1462185037030	1462185037161	OK	 
REQUEST	injecteur 8	4		request_8	1462185037032	1462185037164	OK	 
REQUEST	injecteur 7	2		request_7	1462185036864	1462185037158	KO	status.find.is(200), but actually found 400
REQUEST	injecteur 9	6		request_9	1462185037052	1462185037178	OK	 
REQUEST	injecteur 6	8		request_6	1462185037097	1462185037207	OK	 
REQUEST	injecteur 4	1		request_4	1462185037012	1462185037244	OK	 
REQUEST	injecteur 10	5		request_10	1462185037159	1462185037245	OK	 
REQUEST	injecteur 1	7		request_1	1462185037162	1462185037252	OK	 
REQUEST	injecteur 3	3		request_3	1462185037179	1462185037277	OK	 
REQUEST	injecteur 8	4		request_8	1462185037182	1462185037287	OK	 
REQUEST	injecteur 5	10		request_5	1462185037030	1462185037290	OK	 
REQUEST	injecteur 9	6		request_9	1462185037203	1462185037310	OK	 
REQUEST	injecteur 6	8		request_6	1462185037240	1462185037323	OK	 
REQUEST	injecteur 2	9		request_2	1462185037159	1462185037354	OK	 
REQUEST	injecteur 10	5		request_10	1462185037269	1462185037355	OK	 
REQUEST	injecteur 1	7		request_1	1462185037273	1462185037387	OK	 
REQUEST	injecteur 3	3		request_3	1462185037305	1462185037405	OK	 
REQUEST	injecteur 8	4		request_8	1462185037311	1462185037408	OK	 
REQUEST	injecteur 9	6		request_9	1462185037340	1462185037415	OK	 
REQUEST	injecteur 7	2		request_7	1462185037201	1462185037401	KO	status.find.is(200), but actually found 400
REQUEST	injecteur 6	8		request_6	1462185037349	1462185037449	OK	 
REQUEST	injecteur 4	1		request_4	1462185037267	1462185037461	OK	 
REQUEST	injecteur 10	5		request_10	1462185037373	1462185037481	OK	 
REQUEST	injecteur 1	7		request_1	1462185037409	1462185037497	OK	 
REQUEST	injecteur 3	3		request_3	1462185037429	1462185037511	OK	 
REQUEST	injecteur 8	4		request_8	1462185037433	1462185037518	OK	 
REQUEST	injecteur 5	10		request_5	1462185037314	1462185037523	OK	 
REQUEST	injecteur 9	6		request_9	1462185037446	1462185037534	OK	 
REQUEST	injecteur 6	8		request_6	1462185037467	1462185037553	OK	 
REQUEST	injecteur 2	9		request_2	1462185037373	1462185037559	OK	 
REQUEST	injecteur 10	5		request_10	1462185037499	1462185037589	OK	 
REQUEST	injecteur 1	7		request_1	1462185037515	1462185037611	OK	 
REQUEST	injecteur 3	3		request_3	1462185037535	1462185037631	OK	 
REQUEST	injecteur 8	4		request_8	1462185037545	1462185037640	OK	 
REQUEST	injecteur 9	6		request_9	1462185037556	1462185037647	OK	 
REQUEST	injecteur 7	2		request_7	1462185037452	1462185037634	KO	status.find.is(200), but actually found 400
REQUEST	injecteur 4	1		request_4	1462185037487	1462185037665	OK	 
REQUEST	injecteur 6	8		request_6	1462185037580	1462185037671	OK	 
REQUEST	injecteur 10	5		request_10	1462185037609	1462185037699	OK	 
REQUEST	injecteur 5	10		request_5	1462185037550	1462185037722	OK	 
REQUEST	injecteur 2	9		request_2	1462185037585	1462185037728	OK	 
REQUEST	injecteur 1	7		request_1	1462185037640	1462185037726	OK	 
REQUEST	injecteur 3	3		request_3	1462185037652	1462185037742	OK	 
REQUEST	injecteur 8	4		request_8	1462185037656	1462185037774	OK	 
REQUEST	injecteur 9	6		request_9	1462185037667	1462185037833	OK	 
REQUEST	injecteur 6	8		request_6	1462185037684	1462185037840	OK	 
REQUEST	injecteur 10	5		request_10	1462185037710	1462185037844	OK	 
REQUEST	injecteur 4	1		request_4	1462185037684	1462185037920	OK	 
REQUEST	injecteur 1	7		request_1	1462185037794	1462185037929	OK	 
REQUEST	injecteur 7	2		request_7	1462185037672	1462185037915	KO	status.find.is(200), but actually found 400
REQUEST	injecteur 3	3		request_3	1462185037838	1462185037977	OK	 
REQUEST	injecteur 8	4		request_8	1462185037845	1462185037997	OK	 
REQUEST	injecteur 9	6		request_9	1462185037849	1462185038021	OK	 
REQUEST	injecteur 6	8		request_6	1462185037858	1462185038030	OK	 
REQUEST	injecteur 10	5		request_10	1462185037860	1462185038044	OK	 
REQUEST	injecteur 2	9		request_2	1462185037760	1462185038108	OK	 
REQUEST	injecteur 1	7		request_1	1462185037994	1462185038131	OK	 
REQUEST	injecteur 5	10		request_5	1462185037743	1462185038148	OK	 
REQUEST	injecteur 3	3		request_3	1462185038028	1462185038190	OK	 
REQUEST	injecteur 8	4		request_8	1462185038046	1462185038192	OK	 
REQUEST	injecteur 9	6		request_9	1462185038052	1462185038199	OK	 
REQUEST	injecteur 6	8		request_6	1462185038057	1462185038215	OK	 
REQUEST	injecteur 10	5		request_10	1462185038059	1462185038217	OK	 
REQUEST	injecteur 4	1		request_4	1462185037978	1462185038258	OK	 
REQUEST	injecteur 1	7		request_1	1462185038194	1462185038291	OK	 
REQUEST	injecteur 3	3		request_3	1462185038218	1462185038322	OK	 
REQUEST	injecteur 8	4		request_8	1462185038219	1462185038329	OK	 
REQUEST	injecteur 9	6		request_9	1462185038223	1462185038338	OK	 
REQUEST	injecteur 7	2		request_7	1462185038027	1462185038293	KO	status.find.is(200), but actually found 400
REQUEST	injecteur 6	8		request_6	1462185038229	1462185038344	OK	 
REQUEST	injecteur 10	5		request_10	1462185038229	1462185038345	OK	 
REQUEST	injecteur 2	9		request_2	1462185038173	1462185038388	OK	 
REQUEST	injecteur 1	7		request_1	1462185038332	1462185038423	OK	 
REQUEST	injecteur 3	3		request_3	1462185038354	1462185038438	OK	 
REQUEST	injecteur 8	4		request_8	1462185038359	1462185038442	OK	 
REQUEST	injecteur 5	10		request_5	1462185038206	1462185038450	OK	 
REQUEST	injecteur 9	6		request_9	1462185038361	1462185038491	OK	 
REQUEST	injecteur 10	5		request_10	1462185038364	1462185038498	OK	 
REQUEST	injecteur 6	8		request_6	1462185038364	1462185038496	OK	 
REQUEST	injecteur 4	1		request_4	1462185038300	1462185038527	OK	 
REQUEST	injecteur 1	7		request_1	1462185038463	1462185038580	OK	 
REQUEST	injecteur 3	3		request_3	1462185038494	1462185038600	OK	 
REQUEST	injecteur 8	4		request_8	1462185038494	1462185038609	OK	 
REQUEST	injecteur 9	6		request_9	1462185038507	1462185038632	OK	 
REQUEST	injecteur 7	2		request_7	1462185038363	1462185038607	KO	status.find.is(200), but actually found 400
REQUEST	injecteur 6	8		request_6	1462185038509	1462185038674	OK	 
REQUEST	injecteur 10	5		request_10	1462185038510	1462185038683	OK	 
REQUEST	injecteur 2	9		request_2	1462185038423	1462185038700	OK	 
REQUEST	injecteur 1	7		request_1	1462185038616	1462185038737	OK	 
REQUEST	injecteur 3	3		request_3	1462185038629	1462185038746	OK	 
REQUEST	injecteur 8	4		request_8	1462185038640	1462185038753	OK	 
REQUEST	injecteur 5	10		request_5	1462185038499	1462185038773	OK	 
REQUEST	injecteur 9	6		request_9	1462185038687	1462185038786	OK	 
REQUEST	injecteur 6	8		request_6	1462185038697	1462185038796	OK	 
REQUEST	injecteur 10	5		request_10	1462185038700	1462185038809	OK	 
REQUEST	injecteur 4	1		request_4	1462185038559	1462185038840	OK	 
REQUEST	injecteur 1	7		request_1	1462185038768	1462185038867	OK	 
REQUEST	injecteur 3	3		request_3	1462185038774	1462185038887	OK	 
REQUEST	injecteur 8	4		request_8	1462185038790	1462185038913	OK	 
REQUEST	injecteur 9	6		request_9	1462185038815	1462185038928	OK	 
REQUEST	injecteur 6	8		request_6	1462185038827	1462185038932	OK	 
REQUEST	injecteur 7	2		request_7	1462185038688	1462185038920	KO	status.find.is(200), but actually found 400
REQUEST	injecteur 10	5		request_10	1462185038846	1462185038955	OK	 
REQUEST	injecteur 2	9		request_2	1462185038723	1462185038956	OK	 
REQUEST	injecteur 1	7		request_1	1462185038911	1462185039035	OK	 
REQUEST	injecteur 8	4		request_8	1462185038933	1462185039039	OK	 
REQUEST	injecteur 3	3		request_3	1462185038928	1462185039041	OK	 
REQUEST	injecteur 9	6		request_9	1462185038950	1462185039053	OK	 
REQUEST	injecteur 6	8		request_6	1462185038960	1462185039058	OK	 
REQUEST	injecteur 5	10		request_5	1462185038806	1462185039065	OK	 
REQUEST	injecteur 4	1		request_4	1462185038856	1462185039070	OK	 
REQUEST	injecteur 10	5		request_10	1462185038980	1462185039079	OK	 
REQUEST	injecteur 8	4		request_8	1462185039072	1462185039167	OK	 
REQUEST	injecteur 1	7		request_1	1462185039066	1462185039165	OK	 
REQUEST	injecteur 3	3		request_3	1462185039073	1462185039192	OK	 
REQUEST	injecteur 9	6		request_9	1462185039082	1462185039194	OK	 
REQUEST	injecteur 6	8		request_6	1462185039087	1462185039197	OK	 
REQUEST	injecteur 2	9		request_2	1462185038981	1462185039198	OK	 
REQUEST	injecteur 7	2		request_7	1462185038972	1462185039195	KO	status.find.is(200), but actually found 400
REQUEST	injecteur 10	5		request_10	1462185039109	1462185039214	OK	 
REQUEST	injecteur 1	7		request_1	1462185039199	1462185039278	OK	 
REQUEST	injecteur 4	1		request_4	1462185039098	1462185039282	OK	 
REQUEST	injecteur 8	4		request_8	1462185039199	1462185039283	OK	 
REQUEST	injecteur 3	3		request_3	1462185039208	1462185039291	OK	 
REQUEST	injecteur 5	10		request_5	1462185039090	1462185039294	OK	 
REQUEST	injecteur 9	6		request_9	1462185039210	1462185039299	OK	 
REQUEST	injecteur 6	8		request_6	1462185039211	1462185039305	OK	 
REQUEST	injecteur 10	5		request_10	1462185039247	1462185039327	OK	 
REQUEST	injecteur 2	9		request_2	1462185039211	1462185039351	OK	 
REQUEST	injecteur 1	7		request_1	1462185039292	1462185039366	OK	 
REQUEST	injecteur 8	4		request_8	1462185039295	1462185039389	OK	 
REQUEST	injecteur 3	3		request_3	1462185039304	1462185039392	OK	 
REQUEST	injecteur 7	2		request_7	1462185039230	1462185039388	KO	status.find.is(200), but actually found 400
REQUEST	injecteur 9	6		request_9	1462185039311	1462185039410	OK	 
REQUEST	injecteur 6	8		request_6	1462185039319	1462185039459	OK	 
REQUEST	injecteur 4	1		request_4	1462185039294	1462185039475	OK	 
REQUEST	injecteur 10	5		request_10	1462185039355	1462185039506	OK	 
REQUEST	injecteur 1	7		request_1	1462185039390	1462185039549	OK	 
REQUEST	injecteur 8	4		request_8	1462185039405	1462185039567	OK	 
REQUEST	injecteur 3	3		request_3	1462185039408	1462185039586	OK	 
REQUEST	injecteur 5	10		request_5	1462185039307	1462185039597	OK	 
REQUEST	injecteur 9	6		request_9	1462185039456	1462185039609	OK	 
REQUEST	injecteur 6	8		request_6	1462185039524	1462185039657	OK	 
REQUEST	injecteur 2	9		request_2	1462185039380	1462185039659	OK	 
REQUEST	injecteur 10	5		request_10	1462185039549	1462185039671	OK	 
REQUEST	injecteur 8	4		request_8	1462185039604	1462185039709	OK	 
REQUEST	injecteur 1	7		request_1	1462185039584	1462185039706	OK	 
REQUEST	injecteur 3	3		request_3	1462185039617	1462185039732	OK	 
REQUEST	injecteur 9	6		request_9	1462185039651	1462185039742	OK	 
REQUEST	injecteur 7	2		request_7	1462185039440	1462185039727	KO	status.find.is(200), but actually found 400
REQUEST	injecteur 4	1		request_4	1462185039540	1462185039764	OK	 
REQUEST	injecteur 6	8		request_6	1462185039677	1462185039769	OK	 
REQUEST	injecteur 10	5		request_10	1462185039690	1462185039783	OK	 
REQUEST	injecteur 1	7		request_1	1462185039738	1462185039801	OK	 
REQUEST	injecteur 5	10		request_5	1462185039626	1462185039813	OK	 
REQUEST	injecteur 8	4		request_8	1462185039739	1462185039814	OK	 
REQUEST	injecteur 3	3		request_3	1462185039750	1462185039824	OK	 
REQUEST	injecteur 2	9		request_2	1462185039677	1462185039826	OK	 
REQUEST	injecteur 9	6		request_9	1462185039762	1462185039830	OK	 
REQUEST	injecteur 6	8		request_6	1462185039787	1462185039851	OK	 
REQUEST	injecteur 10	5		request_10	1462185039794	1462185039871	OK	 
REQUEST	injecteur 1	7		request_1	1462185039814	1462185039888	OK	 
REQUEST	injecteur 8	4		request_8	1462185039828	1462185039897	OK	 
REQUEST	injecteur 4	1		request_4	1462185039783	1462185039901	OK	 
REQUEST	injecteur 7	2		request_7	1462185039771	1462185039891	KO	status.find.is(200), but actually found 400
REQUEST	injecteur 3	3		request_3	1462185039836	1462185039918	OK	 
REQUEST	injecteur 9	6		request_9	1462185039841	1462185039939	OK	 
REQUEST	injecteur 2	9		request_2	1462185039837	1462185039958	OK	 
REQUEST	injecteur 5	10		request_5	1462185039827	1462185039959	OK	 
REQUEST	injecteur 6	8		request_6	1462185039871	1462185039969	OK	 
REQUEST	injecteur 10	5		request_10	1462185039892	1462185039983	OK	 
REQUEST	injecteur 8	4		request_8	1462185039910	1462185040005	OK	 
REQUEST	injecteur 1	7		request_1	1462185039901	1462185040011	OK	 
REQUEST	injecteur 4	1		request_4	1462185039913	1462185040012	OK	 
REQUEST	injecteur 3	3		request_3	1462185039930	1462185040025	OK	 
REQUEST	injecteur 9	6		request_9	1462185039952	1462185040041	OK	 
REQUEST	injecteur 2	9		request_2	1462185039964	1462185040062	OK	 
REQUEST	injecteur 7	2		request_7	1462185039913	1462185040057	KO	status.find.is(200), but actually found 400
REQUEST	injecteur 6	8		request_6	1462185039973	1462185040083	OK	 
REQUEST	injecteur 10	5		request_10	1462185039989	1462185040085	OK	 
REQUEST	injecteur 8	4		request_8	1462185040012	1462185040108	OK	 
REQUEST	injecteur 1	7		request_1	1462185040016	1462185040117	OK	 
REQUEST	injecteur 4	1		request_4	1462185040015	1462185040123	OK	 
REQUEST	injecteur 5	10		request_5	1462185039967	1462185040128	OK	 
REQUEST	injecteur 3	3		request_3	1462185040034	1462185040136	OK	 
REQUEST	injecteur 9	6		request_9	1462185040060	1462185040143	OK	 
REQUEST	injecteur 2	9		request_2	1462185040072	1462185040190	OK	 
REQUEST	injecteur 6	8		request_6	1462185040103	1462185040200	OK	 
REQUEST	injecteur 10	5		request_10	1462185040105	1462185040202	OK	 
REQUEST	injecteur 8	4		request_8	1462185040116	1462185040208	OK	 
REQUEST	injecteur 7	2		request_7	1462185040074	1462185040198	KO	status.find.is(200), but actually found 400
REQUEST	injecteur 1	7		request_1	1462185040132	1462185040287	OK	 
REQUEST	injecteur 3	3		request_3	1462185040148	1462185040327	OK	 
REQUEST	injecteur 9	6		request_9	1462185040152	1462185040340	OK	 
REQUEST	injecteur 2	9		request_2	1462185040204	1462185040321	KO	j.i.IOException: Une connexion existante a dû être fermée par l’hôte distant
REQUEST	injecteur 6	8		request_6	1462185040211	1462185040395	KO	j.i.IOException: Une connexion existante a dû être fermée par l’hôte distant
REQUEST	injecteur 10	5		request_10	1462185040223	1462185040415	KO	j.i.IOException: Une connexion existante a dû être fermée par l’hôte distant
REQUEST	injecteur 8	4		request_8	1462185040235	1462185040437	KO	j.i.IOException: Une connexion existante a dû être fermée par l’hôte distant
REQUEST	injecteur 7	2		request_7	1462185040241	1462185040442	KO	j.i.IOException: Une connexion existante a dû être fermée par l’hôte distant
REQUEST	injecteur 1	7		request_1	1462185040385	1462185040592	KO	j.i.IOException: Une connexion existante a dû être fermée par l’hôte distant
REQUEST	injecteur 3	3		request_3	1462185040408	1462185040604	KO	j.i.IOException: Une connexion existante a dû être fermée par l’hôte distant
REQUEST	injecteur 9	6		request_9	1462185040433	1462185040617	KO	j.i.IOException: Une connexion existante a dû être fermée par l’hôte distant
REQUEST	injecteur 6	8		request_6	1462185040578	1462185041634	KO	j.n.ConnectException: Connection refused: no further information: localhost/127.0.0.1:8080
REQUEST	injecteur 10	5		request_10	1462185040596	1462185041635	KO	j.n.ConnectException: Connection refused: no further information: localhost/127.0.0.1:8080
REQUEST	injecteur 2	9		request_2	1462185040507	1462185041670	KO	j.n.ConnectException: Connection refused: no further information: localhost/127.0.0.1:8080
REQUEST	injecteur 7	2		request_7	1462185040614	1462185041681	KO	j.n.ConnectException: Connection refused: no further information: localhost/127.0.0.1:8080
REQUEST	injecteur 8	4		request_8	1462185040601	1462185041681	KO	j.n.ConnectException: Connection refused: no further information: localhost/127.0.0.1:8080
REQUEST	injecteur 1	7		request_1	1462185040657	1462185041693	KO	j.n.ConnectException: Connection refused: no further information: localhost/127.0.0.1:8080
REQUEST	injecteur 3	3		request_3	1462185040664	1462185041711	KO	j.n.ConnectException: Connection refused: no further information: localhost/127.0.0.1:8080
REQUEST	injecteur 5	10		request_5	1462185040144	1462185041723	KO	j.n.ConnectException: Connection refused: no further information: localhost/127.0.0.1:8080
