ASSERTION	AAMBAAMDBABk
RUN	Injections		injections	1461921227580	 	2.0
USER	injecteur 4	1	START	1461921228636	1461921228636
USER	injecteur 7	2	START	1461921228687	1461921228687
USER	injecteur 3	3	START	1461921228692	1461921228692
USER	injecteur 8	4	START	1461921228694	1461921228694
USER	injecteur 10	5	START	1461921228707	1461921228707
USER	injecteur 9	6	START	1461921228708	1461921228708
USER	injecteur 1	7	START	1461921228709	1461921228709
USER	injecteur 6	8	START	1461921228711	1461921228711
USER	injecteur 2	9	START	1461921228713	1461921228713
USER	injecteur 5	10	START	1461921228717	1461921228717
REQUEST	injecteur 7	2		request_7	1461921228691	1461921228716	KO	status.find.is(200), but actually found 400
REQUEST	injecteur 6	8		request_6	1461921228712	1461921228751	KO	status.find.is(200), but actually found 400
REQUEST	injecteur 9	6		request_9	1461921228709	1461921228788	KO	status.find.is(200), but actually found 400
REQUEST	injecteur 3	3		request_3	1461921228693	1461921228788	KO	status.find.is(200), but actually found 400
REQUEST	injecteur 4	1		request_4	1461921228678	1461921228699	KO	status.find.is(200), but actually found 400
REQUEST	injecteur 10	5		request_10	1461921228707	1461921228795	KO	status.find.is(200), but actually found 400
REQUEST	injecteur 8	4		request_8	1461921228703	1461921228813	KO	status.find.is(200), but actually found 400
REQUEST	injecteur 7	2		request_7	1461921228790	1461921228818	KO	status.find.is(200), but actually found 400
REQUEST	injecteur 6	8		request_6	1461921228792	1461921228832	KO	status.find.is(200), but actually found 400
REQUEST	injecteur 4	1		request_4	1461921228801	1461921228840	KO	status.find.is(200), but actually found 400
REQUEST	injecteur 10	5		request_10	1461921228806	1461921228844	KO	status.find.is(200), but actually found 400
REQUEST	injecteur 9	6		request_9	1461921228808	1461921228848	KO	status.find.is(200), but actually found 400
REQUEST	injecteur 5	10		request_5	1461921228721	1461921228872	KO	status.find.is(200), but actually found 400
REQUEST	injecteur 8	4		request_8	1461921228815	1461921228873	KO	status.find.is(200), but actually found 400
REQUEST	injecteur 2	9		request_2	1461921228714	1461921228875	KO	status.find.is(200), but actually found 400
REQUEST	injecteur 1	7		request_1	1461921228710	1461921228881	KO	status.find.is(200), but actually found 400
REQUEST	injecteur 7	2		request_7	1461921228820	1461921228885	KO	status.find.is(200), but actually found 400
REQUEST	injecteur 3	3		request_3	1461921228822	1461921228890	KO	status.find.is(200), but actually found 400
REQUEST	injecteur 6	8		request_6	1461921228836	1461921228920	KO	status.find.is(200), but actually found 400
REQUEST	injecteur 4	1		request_4	1461921228846	1461921228922	KO	status.find.is(200), but actually found 400
REQUEST	injecteur 9	6		request_9	1461921228865	1461921228948	KO	status.find.is(200), but actually found 400
REQUEST	injecteur 5	10		request_5	1461921228882	1461921228953	KO	status.find.is(200), but actually found 400
REQUEST	injecteur 10	5		request_10	1461921228858	1461921228954	KO	status.find.is(200), but actually found 400
REQUEST	injecteur 8	4		request_8	1461921228883	1461921228948	KO	status.find.is(200), but actually found 400
REQUEST	injecteur 2	9		request_2	1461921228887	1461921228982	KO	status.find.is(200), but actually found 400
REQUEST	injecteur 1	7		request_1	1461921228895	1461921228984	KO	status.find.is(200), but actually found 400
REQUEST	injecteur 7	2		request_7	1461921228903	1461921228985	KO	status.find.is(200), but actually found 400
REQUEST	injecteur 3	3		request_3	1461921228906	1461921228989	KO	status.find.is(200), but actually found 400
REQUEST	injecteur 4	1		request_4	1461921228926	1461921229012	KO	status.find.is(200), but actually found 400
REQUEST	injecteur 6	8		request_6	1461921228923	1461921229015	KO	status.find.is(200), but actually found 400
REQUEST	injecteur 9	6		request_9	1461921228950	1461921229034	KO	status.find.is(200), but actually found 400
REQUEST	injecteur 5	10		request_5	1461921228955	1461921229035	KO	status.find.is(200), but actually found 400
REQUEST	injecteur 8	4		request_8	1461921228970	1461921229038	KO	status.find.is(200), but actually found 400
REQUEST	injecteur 10	5		request_10	1461921228966	1461921229066	KO	status.find.is(200), but actually found 400
REQUEST	injecteur 2	9		request_2	1461921228987	1461921229067	KO	status.find.is(200), but actually found 400
REQUEST	injecteur 7	2		request_7	1461921229002	1461921229073	KO	status.find.is(200), but actually found 400
REQUEST	injecteur 1	7		request_1	1461921228990	1461921229080	KO	status.find.is(200), but actually found 400
REQUEST	injecteur 3	3		request_3	1461921229004	1461921229082	KO	status.find.is(200), but actually found 400
REQUEST	injecteur 4	1		request_4	1461921229020	1461921229098	KO	status.find.is(200), but actually found 400
REQUEST	injecteur 9	6		request_9	1461921229045	1461921229100	KO	status.find.is(200), but actually found 400
REQUEST	injecteur 5	10		request_5	1461921229050	1461921229101	KO	status.find.is(200), but actually found 400
REQUEST	injecteur 6	8		request_6	1461921229042	1461921229101	KO	status.find.is(200), but actually found 400
REQUEST	injecteur 8	4		request_8	1461921229057	1461921229131	KO	status.find.is(200), but actually found 400
REQUEST	injecteur 7	2		request_7	1461921229077	1461921229136	KO	status.find.is(200), but actually found 400
REQUEST	injecteur 10	5		request_10	1461921229069	1461921229144	KO	status.find.is(200), but actually found 400
REQUEST	injecteur 2	9		request_2	1461921229072	1461921229152	KO	status.find.is(200), but actually found 400
REQUEST	injecteur 1	7		request_1	1461921229084	1461921229156	KO	status.find.is(200), but actually found 400
REQUEST	injecteur 3	3		request_3	1461921229087	1461921229158	KO	status.find.is(200), but actually found 400
REQUEST	injecteur 4	1		request_4	1461921229114	1461921229168	KO	status.find.is(200), but actually found 400
REQUEST	injecteur 9	6		request_9	1461921229105	1461921229172	KO	status.find.is(200), but actually found 400
REQUEST	injecteur 5	10		request_5	1461921229108	1461921229173	KO	status.find.is(200), but actually found 400
REQUEST	injecteur 8	4		request_8	1461921229137	1461921229193	KO	status.find.is(200), but actually found 400
REQUEST	injecteur 6	8		request_6	1461921229124	1461921229189	KO	status.find.is(200), but actually found 400
REQUEST	injecteur 7	2		request_7	1461921229145	1461921229209	KO	status.find.is(200), but actually found 400
REQUEST	injecteur 1	7		request_1	1461921229160	1461921229223	KO	status.find.is(200), but actually found 400
REQUEST	injecteur 3	3		request_3	1461921229162	1461921229224	KO	status.find.is(200), but actually found 400
REQUEST	injecteur 2	9		request_2	1461921229160	1461921229225	KO	status.find.is(200), but actually found 400
REQUEST	injecteur 10	5		request_10	1461921229156	1461921229222	KO	status.find.is(200), but actually found 400
REQUEST	injecteur 9	6		request_9	1461921229179	1461921229253	KO	status.find.is(200), but actually found 400
REQUEST	injecteur 5	10		request_5	1461921229182	1461921229255	KO	status.find.is(200), but actually found 400
REQUEST	injecteur 8	4		request_8	1461921229195	1461921229259	KO	status.find.is(200), but actually found 400
REQUEST	injecteur 4	1		request_4	1461921229176	1461921229269	KO	status.find.is(200), but actually found 400
REQUEST	injecteur 6	8		request_6	1461921229202	1461921229274	KO	status.find.is(200), but actually found 400
REQUEST	injecteur 7	2		request_7	1461921229211	1461921229291	KO	status.find.is(200), but actually found 400
REQUEST	injecteur 1	7		request_1	1461921229228	1461921229291	KO	status.find.is(200), but actually found 400
REQUEST	injecteur 2	9		request_2	1461921229242	1461921229314	KO	status.find.is(200), but actually found 400
REQUEST	injecteur 3	3		request_3	1461921229235	1461921229316	KO	status.find.is(200), but actually found 400
REQUEST	injecteur 9	6		request_9	1461921229256	1461921229317	KO	status.find.is(200), but actually found 400
REQUEST	injecteur 5	10		request_5	1461921229259	1461921229318	KO	status.find.is(200), but actually found 400
REQUEST	injecteur 8	4		request_8	1461921229262	1461921229319	KO	status.find.is(200), but actually found 400
REQUEST	injecteur 10	5		request_10	1461921229245	1461921229321	KO	status.find.is(200), but actually found 400
REQUEST	injecteur 4	1		request_4	1461921229277	1461921229351	KO	status.find.is(200), but actually found 400
REQUEST	injecteur 7	2		request_7	1461921229293	1461921229353	KO	status.find.is(200), but actually found 400
REQUEST	injecteur 6	8		request_6	1461921229283	1461921229355	KO	status.find.is(200), but actually found 400
REQUEST	injecteur 1	7		request_1	1461921229300	1461921229359	KO	status.find.is(200), but actually found 400
REQUEST	injecteur 2	9		request_2	1461921229325	1461921229380	KO	status.find.is(200), but actually found 400
REQUEST	injecteur 3	3		request_3	1461921229323	1461921229386	KO	status.find.is(200), but actually found 400
REQUEST	injecteur 9	6		request_9	1461921229329	1461921229401	KO	status.find.is(200), but actually found 400
REQUEST	injecteur 5	10		request_5	1461921229333	1461921229402	KO	status.find.is(200), but actually found 400
REQUEST	injecteur 8	4		request_8	1461921229334	1461921229404	KO	status.find.is(200), but actually found 400
REQUEST	injecteur 7	2		request_7	1461921229359	1461921229414	KO	status.find.is(200), but actually found 400
REQUEST	injecteur 10	5		request_10	1461921229345	1461921229416	KO	status.find.is(200), but actually found 400
REQUEST	injecteur 4	1		request_4	1461921229357	1461921229423	KO	status.find.is(200), but actually found 400
REQUEST	injecteur 6	8		request_6	1461921229371	1461921229435	KO	status.find.is(200), but actually found 400
REQUEST	injecteur 2	9		request_2	1461921229383	1461921229439	KO	status.find.is(200), but actually found 400
REQUEST	injecteur 1	7		request_1	1461921229376	1461921229451	KO	status.find.is(200), but actually found 400
REQUEST	injecteur 3	3		request_3	1461921229388	1461921229453	KO	status.find.is(200), but actually found 400
REQUEST	injecteur 9	6		request_9	1461921229407	1461921229471	KO	status.find.is(200), but actually found 400
REQUEST	injecteur 5	10		request_5	1461921229412	1461921229472	KO	status.find.is(200), but actually found 400
REQUEST	injecteur 7	2		request_7	1461921229421	1461921229487	KO	status.find.is(200), but actually found 400
REQUEST	injecteur 8	4		request_8	1461921229418	1461921229492	KO	status.find.is(200), but actually found 400
REQUEST	injecteur 10	5		request_10	1461921229425	1461921229493	KO	status.find.is(200), but actually found 400
REQUEST	injecteur 4	1		request_4	1461921229427	1461921229493	KO	status.find.is(200), but actually found 400
REQUEST	injecteur 6	8		request_6	1461921229438	1461921229494	KO	status.find.is(200), but actually found 400
REQUEST	injecteur 2	9		request_2	1461921229441	1461921229518	KO	status.find.is(200), but actually found 400
REQUEST	injecteur 1	7		request_1	1461921229454	1461921229536	KO	status.find.is(200), but actually found 400
REQUEST	injecteur 9	6		request_9	1461921229473	1461921229537	KO	status.find.is(200), but actually found 400
REQUEST	injecteur 3	3		request_3	1461921229460	1461921229538	KO	status.find.is(200), but actually found 400
REQUEST	injecteur 5	10		request_5	1461921229475	1461921229540	KO	status.find.is(200), but actually found 400
REQUEST	injecteur 7	2		request_7	1461921229489	1461921229557	KO	status.find.is(200), but actually found 400
REQUEST	injecteur 8	4		request_8	1461921229495	1461921229558	KO	status.find.is(200), but actually found 400
REQUEST	injecteur 10	5		request_10	1461921229512	1461921229559	KO	status.find.is(200), but actually found 400
REQUEST	injecteur 4	1		request_4	1461921229516	1461921229578	KO	status.find.is(200), but actually found 400
REQUEST	injecteur 6	8		request_6	1461921229520	1461921229579	KO	status.find.is(200), but actually found 400
REQUEST	injecteur 2	9		request_2	1461921229530	1461921229582	KO	status.find.is(200), but actually found 400
REQUEST	injecteur 1	7		request_1	1461921229542	1461921229595	KO	status.find.is(200), but actually found 400
REQUEST	injecteur 9	6		request_9	1461921229546	1461921229610	KO	status.find.is(200), but actually found 400
REQUEST	injecteur 5	10		request_5	1461921229553	1461921229611	KO	status.find.is(200), but actually found 400
REQUEST	injecteur 8	4		request_8	1461921229561	1461921229614	KO	status.find.is(200), but actually found 400
REQUEST	injecteur 7	2		request_7	1461921229559	1461921229618	KO	status.find.is(200), but actually found 400
REQUEST	injecteur 10	5		request_10	1461921229561	1461921229621	KO	status.find.is(200), but actually found 400
REQUEST	injecteur 3	3		request_3	1461921229546	1461921229631	KO	status.find.is(200), but actually found 400
REQUEST	injecteur 6	8		request_6	1461921229584	1461921229647	KO	status.find.is(200), but actually found 400
REQUEST	injecteur 4	1		request_4	1461921229580	1461921229648	KO	status.find.is(200), but actually found 400
REQUEST	injecteur 2	9		request_2	1461921229587	1461921229653	KO	status.find.is(200), but actually found 400
REQUEST	injecteur 1	7		request_1	1461921229599	1461921229662	KO	status.find.is(200), but actually found 400
REQUEST	injecteur 9	6		request_9	1461921229612	1461921229675	KO	status.find.is(200), but actually found 400
REQUEST	injecteur 10	5		request_10	1461921229624	1461921229677	KO	status.find.is(200), but actually found 400
REQUEST	injecteur 5	10		request_5	1461921229616	1461921229676	KO	status.find.is(200), but actually found 400
REQUEST	injecteur 8	4		request_8	1461921229618	1461921229685	KO	status.find.is(200), but actually found 400
REQUEST	injecteur 7	2		request_7	1461921229619	1461921229698	KO	status.find.is(200), but actually found 400
REQUEST	injecteur 6	8		request_6	1461921229649	1461921229714	KO	status.find.is(200), but actually found 400
REQUEST	injecteur 3	3		request_3	1461921229635	1461921229713	KO	status.find.is(200), but actually found 400
REQUEST	injecteur 4	1		request_4	1461921229651	1461921229716	KO	status.find.is(200), but actually found 400
REQUEST	injecteur 2	9		request_2	1461921229654	1461921229725	KO	status.find.is(200), but actually found 400
REQUEST	injecteur 1	7		request_1	1461921229663	1461921229732	KO	status.find.is(200), but actually found 400
REQUEST	injecteur 10	5		request_10	1461921229690	1461921229747	KO	status.find.is(200), but actually found 400
REQUEST	injecteur 9	6		request_9	1461921229677	1461921229745	KO	status.find.is(200), but actually found 400
REQUEST	injecteur 3	3		request_3	1461921229724	1461921229774	KO	status.find.is(200), but actually found 400
REQUEST	injecteur 5	10		request_5	1461921229696	1461921229772	KO	status.find.is(200), but actually found 400
REQUEST	injecteur 8	4		request_8	1461921229700	1461921229776	KO	status.find.is(200), but actually found 400
REQUEST	injecteur 7	2		request_7	1461921229702	1461921229779	KO	status.find.is(200), but actually found 400
REQUEST	injecteur 6	8		request_6	1461921229721	1461921229780	KO	status.find.is(200), but actually found 400
REQUEST	injecteur 4	1		request_4	1461921229723	1461921229793	KO	status.find.is(200), but actually found 400
REQUEST	injecteur 2	9		request_2	1461921229727	1461921229802	KO	status.find.is(200), but actually found 400
REQUEST	injecteur 1	7		request_1	1461921229734	1461921229821	KO	status.find.is(200), but actually found 400
REQUEST	injecteur 10	5		request_10	1461921229751	1461921229822	KO	status.find.is(200), but actually found 400
REQUEST	injecteur 9	6		request_9	1461921229751	1461921229832	KO	status.find.is(200), but actually found 400
REQUEST	injecteur 3	3		request_3	1461921229776	1461921229839	KO	status.find.is(200), but actually found 400
REQUEST	injecteur 8	4		request_8	1461921229782	1461921229849	KO	status.find.is(200), but actually found 400
REQUEST	injecteur 5	10		request_5	1461921229777	1461921229851	KO	status.find.is(200), but actually found 400
REQUEST	injecteur 7	2		request_7	1461921229787	1461921229861	KO	status.find.is(200), but actually found 400
REQUEST	injecteur 6	8		request_6	1461921229797	1461921229861	KO	status.find.is(200), but actually found 400
REQUEST	injecteur 4	1		request_4	1461921229799	1461921229865	KO	status.find.is(200), but actually found 400
REQUEST	injecteur 2	9		request_2	1461921229811	1461921229868	KO	status.find.is(200), but actually found 400
REQUEST	injecteur 10	5		request_10	1461921229824	1461921229869	KO	status.find.is(200), but actually found 400
REQUEST	injecteur 1	7		request_1	1461921229823	1461921229869	KO	status.find.is(200), but actually found 400
REQUEST	injecteur 9	6		request_9	1461921229833	1461921229889	KO	status.find.is(200), but actually found 400
REQUEST	injecteur 3	3		request_3	1461921229841	1461921229890	KO	status.find.is(200), but actually found 400
REQUEST	injecteur 8	4		request_8	1461921229853	1461921229893	KO	status.find.is(200), but actually found 400
REQUEST	injecteur 5	10		request_5	1461921229855	1461921229914	KO	status.find.is(200), but actually found 400
REQUEST	injecteur 6	8		request_6	1461921229863	1461921229916	KO	status.find.is(200), but actually found 400
REQUEST	injecteur 7	2		request_7	1461921229862	1461921229918	KO	status.find.is(200), but actually found 400
REQUEST	injecteur 4	1		request_4	1461921229866	1461921229921	KO	status.find.is(200), but actually found 400
REQUEST	injecteur 2	9		request_2	1461921229870	1461921229924	KO	status.find.is(200), but actually found 400
REQUEST	injecteur 10	5		request_10	1461921229872	1461921229927	KO	status.find.is(200), but actually found 400
REQUEST	injecteur 1	7		request_1	1461921229875	1461921229930	KO	status.find.is(200), but actually found 400
REQUEST	injecteur 9	6		request_9	1461921229891	1461921229949	KO	status.find.is(200), but actually found 400
REQUEST	injecteur 8	4		request_8	1461921229894	1461921229950	KO	status.find.is(200), but actually found 400
REQUEST	injecteur 3	3		request_3	1461921229892	1461921229952	KO	status.find.is(200), but actually found 400
REQUEST	injecteur 5	10		request_5	1461921229916	1461921229971	KO	status.find.is(200), but actually found 400
REQUEST	injecteur 6	8		request_6	1461921229918	1461921229971	KO	status.find.is(200), but actually found 400
REQUEST	injecteur 4	1		request_4	1461921229923	1461921229973	KO	status.find.is(200), but actually found 400
REQUEST	injecteur 7	2		request_7	1461921229919	1461921229974	KO	status.find.is(200), but actually found 400
REQUEST	injecteur 2	9		request_2	1461921229925	1461921229977	KO	status.find.is(200), but actually found 400
REQUEST	injecteur 1	7		request_1	1461921229932	1461921229977	KO	status.find.is(200), but actually found 400
REQUEST	injecteur 10	5		request_10	1461921229928	1461921229978	KO	status.find.is(200), but actually found 400
REQUEST	injecteur 9	6		request_9	1461921229951	1461921229993	KO	status.find.is(200), but actually found 400
REQUEST	injecteur 8	4		request_8	1461921229951	1461921229995	KO	status.find.is(200), but actually found 400
REQUEST	injecteur 3	3		request_3	1461921229955	1461921229995	KO	status.find.is(200), but actually found 400
REQUEST	injecteur 5	10		request_5	1461921229972	1461921230011	KO	status.find.is(200), but actually found 400
REQUEST	injecteur 6	8		request_6	1461921229973	1461921230011	KO	status.find.is(200), but actually found 400
REQUEST	injecteur 4	1		request_4	1461921229975	1461921230012	KO	status.find.is(200), but actually found 400
REQUEST	injecteur 7	2		request_7	1461921229977	1461921230014	KO	status.find.is(200), but actually found 400
REQUEST	injecteur 1	7		request_1	1461921229979	1461921230016	KO	status.find.is(200), but actually found 400
REQUEST	injecteur 10	5		request_10	1461921229982	1461921230016	KO	status.find.is(200), but actually found 400
REQUEST	injecteur 2	9		request_2	1461921229979	1461921230019	KO	status.find.is(200), but actually found 400
REQUEST	injecteur 9	6		request_9	1461921229995	1461921230036	KO	status.find.is(200), but actually found 400
REQUEST	injecteur 8	4		request_8	1461921229996	1461921230036	KO	status.find.is(200), but actually found 400
REQUEST	injecteur 3	3		request_3	1461921229998	1461921230039	KO	status.find.is(200), but actually found 400
REQUEST	injecteur 5	10		request_5	1461921230012	1461921230053	KO	status.find.is(200), but actually found 400
REQUEST	injecteur 6	8		request_6	1461921230014	1461921230053	KO	status.find.is(200), but actually found 400
REQUEST	injecteur 4	1		request_4	1461921230017	1461921230054	KO	status.find.is(200), but actually found 400
REQUEST	injecteur 7	2		request_7	1461921230018	1461921230057	KO	status.find.is(200), but actually found 400
REQUEST	injecteur 10	5		request_10	1461921230021	1461921230058	KO	status.find.is(200), but actually found 400
REQUEST	injecteur 1	7		request_1	1461921230018	1461921230058	KO	status.find.is(200), but actually found 400
REQUEST	injecteur 2	9		request_2	1461921230023	1461921230059	KO	status.find.is(200), but actually found 400
REQUEST	injecteur 9	6		request_9	1461921230038	1461921230079	KO	status.find.is(200), but actually found 400
REQUEST	injecteur 8	4		request_8	1461921230038	1461921230079	KO	status.find.is(200), but actually found 400
REQUEST	injecteur 3	3		request_3	1461921230041	1461921230080	KO	status.find.is(200), but actually found 400
REQUEST	injecteur 5	10		request_5	1461921230054	1461921230099	KO	status.find.is(200), but actually found 400
REQUEST	injecteur 6	8		request_6	1461921230055	1461921230100	KO	status.find.is(200), but actually found 400
REQUEST	injecteur 4	1		request_4	1461921230057	1461921230101	KO	status.find.is(200), but actually found 400
REQUEST	injecteur 1	7		request_1	1461921230066	1461921230103	KO	status.find.is(200), but actually found 400
REQUEST	injecteur 10	5		request_10	1461921230062	1461921230102	KO	status.find.is(200), but actually found 400
REQUEST	injecteur 2	9		request_2	1461921230066	1461921230106	KO	status.find.is(200), but actually found 400
REQUEST	injecteur 7	2		request_7	1461921230060	1461921230108	KO	status.find.is(200), but actually found 400
REQUEST	injecteur 9	6		request_9	1461921230082	1461921230121	KO	status.find.is(200), but actually found 400
REQUEST	injecteur 8	4		request_8	1461921230083	1461921230121	KO	status.find.is(200), but actually found 400
REQUEST	injecteur 3	3		request_3	1461921230083	1461921230122	KO	status.find.is(200), but actually found 400
REQUEST	injecteur 5	10		request_5	1461921230101	1461921230137	KO	status.find.is(200), but actually found 400
REQUEST	injecteur 6	8		request_6	1461921230104	1461921230137	KO	status.find.is(200), but actually found 400
REQUEST	injecteur 4	1		request_4	1461921230105	1461921230138	KO	status.find.is(200), but actually found 400
REQUEST	injecteur 1	7		request_1	1461921230105	1461921230139	KO	status.find.is(200), but actually found 400
REQUEST	injecteur 10	5		request_10	1461921230106	1461921230140	KO	status.find.is(200), but actually found 400
REQUEST	injecteur 7	2		request_7	1461921230109	1461921230142	KO	status.find.is(200), but actually found 400
REQUEST	injecteur 2	9		request_2	1461921230107	1461921230143	KO	status.find.is(200), but actually found 400
REQUEST	injecteur 9	6		request_9	1461921230122	1461921230160	KO	status.find.is(200), but actually found 400
REQUEST	injecteur 8	4		request_8	1461921230123	1461921230161	KO	status.find.is(200), but actually found 400
REQUEST	injecteur 3	3		request_3	1461921230124	1461921230162	KO	status.find.is(200), but actually found 400
REQUEST	injecteur 5	10		request_5	1461921230139	1461921230177	KO	status.find.is(200), but actually found 400
REQUEST	injecteur 6	8		request_6	1461921230140	1461921230177	KO	status.find.is(200), but actually found 400
REQUEST	injecteur 4	1		request_4	1461921230142	1461921230178	KO	status.find.is(200), but actually found 400
REQUEST	injecteur 1	7		request_1	1461921230142	1461921230179	KO	status.find.is(200), but actually found 400
REQUEST	injecteur 10	5		request_10	1461921230144	1461921230180	KO	status.find.is(200), but actually found 400
REQUEST	injecteur 7	2		request_7	1461921230145	1461921230181	KO	status.find.is(200), but actually found 400
REQUEST	injecteur 2	9		request_2	1461921230146	1461921230183	KO	status.find.is(200), but actually found 400
REQUEST	injecteur 9	6		request_9	1461921230162	1461921230202	KO	status.find.is(200), but actually found 400
REQUEST	injecteur 3	3		request_3	1461921230163	1461921230204	KO	status.find.is(200), but actually found 400
REQUEST	injecteur 8	4		request_8	1461921230163	1461921230203	KO	status.find.is(200), but actually found 400
REQUEST	injecteur 5	10		request_5	1461921230178	1461921230221	KO	status.find.is(200), but actually found 400
REQUEST	injecteur 6	8		request_6	1461921230179	1461921230222	KO	status.find.is(200), but actually found 400
REQUEST	injecteur 4	1		request_4	1461921230182	1461921230223	KO	status.find.is(200), but actually found 400
REQUEST	injecteur 7	2		request_7	1461921230185	1461921230226	KO	status.find.is(200), but actually found 400
REQUEST	injecteur 10	5		request_10	1461921230184	1461921230227	KO	status.find.is(200), but actually found 400
REQUEST	injecteur 1	7		request_1	1461921230183	1461921230226	KO	status.find.is(200), but actually found 400
REQUEST	injecteur 2	9		request_2	1461921230187	1461921230227	KO	status.find.is(200), but actually found 400
REQUEST	injecteur 9	6		request_9	1461921230207	1461921230243	KO	status.find.is(200), but actually found 400
REQUEST	injecteur 8	4		request_8	1461921230209	1461921230244	KO	status.find.is(200), but actually found 400
REQUEST	injecteur 3	3		request_3	1461921230209	1461921230249	KO	status.find.is(200), but actually found 400
REQUEST	injecteur 6	8		request_6	1461921230224	1461921230263	KO	status.find.is(200), but actually found 400
REQUEST	injecteur 5	10		request_5	1461921230224	1461921230263	KO	status.find.is(200), but actually found 400
REQUEST	injecteur 4	1		request_4	1461921230226	1461921230264	KO	status.find.is(200), but actually found 400
REQUEST	injecteur 7	2		request_7	1461921230228	1461921230267	KO	status.find.is(200), but actually found 400
REQUEST	injecteur 10	5		request_10	1461921230228	1461921230268	KO	status.find.is(200), but actually found 400
REQUEST	injecteur 2	9		request_2	1461921230230	1461921230269	KO	status.find.is(200), but actually found 400
REQUEST	injecteur 1	7		request_1	1461921230229	1461921230268	KO	status.find.is(200), but actually found 400
REQUEST	injecteur 9	6		request_9	1461921230245	1461921230289	KO	status.find.is(200), but actually found 400
REQUEST	injecteur 8	4		request_8	1461921230250	1461921230289	KO	status.find.is(200), but actually found 400
REQUEST	injecteur 3	3		request_3	1461921230252	1461921230290	KO	status.find.is(200), but actually found 400
REQUEST	injecteur 6	8		request_6	1461921230264	1461921230312	KO	status.find.is(200), but actually found 400
REQUEST	injecteur 5	10		request_5	1461921230266	1461921230313	KO	status.find.is(200), but actually found 400
REQUEST	injecteur 4	1		request_4	1461921230267	1461921230314	KO	status.find.is(200), but actually found 400
REQUEST	injecteur 10	5		request_10	1461921230269	1461921230316	KO	status.find.is(200), but actually found 400
REQUEST	injecteur 1	7		request_1	1461921230277	1461921230320	KO	status.find.is(200), but actually found 400
REQUEST	injecteur 7	2		request_7	1461921230269	1461921230322	KO	status.find.is(200), but actually found 400
REQUEST	injecteur 2	9		request_2	1461921230271	1461921230327	KO	status.find.is(200), but actually found 400
REQUEST	injecteur 9	6		request_9	1461921230291	1461921230340	KO	status.find.is(200), but actually found 400
REQUEST	injecteur 8	4		request_8	1461921230291	1461921230341	KO	status.find.is(200), but actually found 400
REQUEST	injecteur 3	3		request_3	1461921230296	1461921230342	KO	status.find.is(200), but actually found 400
REQUEST	injecteur 6	8		request_6	1461921230318	1461921230355	KO	status.find.is(200), but actually found 400
REQUEST	injecteur 5	10		request_5	1461921230320	1461921230356	KO	status.find.is(200), but actually found 400
REQUEST	injecteur 4	1		request_4	1461921230325	1461921230356	KO	status.find.is(200), but actually found 400
REQUEST	injecteur 10	5		request_10	1461921230328	1461921230373	KO	status.find.is(200), but actually found 400
REQUEST	injecteur 1	7		request_1	1461921230331	1461921230374	KO	status.find.is(200), but actually found 400
REQUEST	injecteur 7	2		request_7	1461921230333	1461921230375	KO	status.find.is(200), but actually found 400
REQUEST	injecteur 2	9		request_2	1461921230335	1461921230376	KO	status.find.is(200), but actually found 400
REQUEST	injecteur 9	6		request_9	1461921230343	1461921230377	KO	status.find.is(200), but actually found 400
REQUEST	injecteur 8	4		request_8	1461921230346	1461921230377	KO	status.find.is(200), but actually found 400
REQUEST	injecteur 3	3		request_3	1461921230346	1461921230378	KO	status.find.is(200), but actually found 400
REQUEST	injecteur 6	8		request_6	1461921230357	1461921230395	KO	status.find.is(200), but actually found 400
REQUEST	injecteur 5	10		request_5	1461921230358	1461921230395	KO	status.find.is(200), but actually found 400
REQUEST	injecteur 4	1		request_4	1461921230360	1461921230396	KO	status.find.is(200), but actually found 400
REQUEST	injecteur 10	5		request_10	1461921230375	1461921230414	KO	status.find.is(200), but actually found 400
REQUEST	injecteur 1	7		request_1	1461921230377	1461921230414	KO	status.find.is(200), but actually found 400
REQUEST	injecteur 7	2		request_7	1461921230378	1461921230415	KO	status.find.is(200), but actually found 400
REQUEST	injecteur 2	9		request_2	1461921230379	1461921230416	KO	status.find.is(200), but actually found 400
REQUEST	injecteur 9	6		request_9	1461921230379	1461921230418	KO	status.find.is(200), but actually found 400
REQUEST	injecteur 8	4		request_8	1461921230380	1461921230418	KO	status.find.is(200), but actually found 400
REQUEST	injecteur 3	3		request_3	1461921230382	1461921230419	KO	status.find.is(200), but actually found 400
REQUEST	injecteur 6	8		request_6	1461921230397	1461921230432	KO	status.find.is(200), but actually found 400
REQUEST	injecteur 5	10		request_5	1461921230400	1461921230433	KO	status.find.is(200), but actually found 400
REQUEST	injecteur 4	1		request_4	1461921230400	1461921230434	KO	status.find.is(200), but actually found 400
REQUEST	injecteur 10	5		request_10	1461921230415	1461921230450	KO	status.find.is(200), but actually found 400
REQUEST	injecteur 1	7		request_1	1461921230416	1461921230450	KO	status.find.is(200), but actually found 400
REQUEST	injecteur 7	2		request_7	1461921230417	1461921230451	KO	status.find.is(200), but actually found 400
REQUEST	injecteur 2	9		request_2	1461921230417	1461921230453	KO	status.find.is(200), but actually found 400
REQUEST	injecteur 9	6		request_9	1461921230419	1461921230454	KO	status.find.is(200), but actually found 400
REQUEST	injecteur 8	4		request_8	1461921230420	1461921230454	KO	status.find.is(200), but actually found 400
REQUEST	injecteur 3	3		request_3	1461921230420	1461921230459	KO	status.find.is(200), but actually found 400
REQUEST	injecteur 6	8		request_6	1461921230434	1461921230472	KO	status.find.is(200), but actually found 400
REQUEST	injecteur 5	10		request_5	1461921230434	1461921230473	KO	status.find.is(200), but actually found 400
REQUEST	injecteur 4	1		request_4	1461921230436	1461921230475	KO	status.find.is(200), but actually found 400
REQUEST	injecteur 10	5		request_10	1461921230451	1461921230491	KO	status.find.is(200), but actually found 400
REQUEST	injecteur 1	7		request_1	1461921230451	1461921230492	KO	status.find.is(200), but actually found 400
REQUEST	injecteur 7	2		request_7	1461921230453	1461921230493	KO	status.find.is(200), but actually found 400
REQUEST	injecteur 2	9		request_2	1461921230455	1461921230493	KO	status.find.is(200), but actually found 400
REQUEST	injecteur 9	6		request_9	1461921230460	1461921230494	KO	status.find.is(200), but actually found 400
REQUEST	injecteur 3	3		request_3	1461921230462	1461921230496	KO	status.find.is(200), but actually found 400
REQUEST	injecteur 8	4		request_8	1461921230460	1461921230499	KO	status.find.is(200), but actually found 400
REQUEST	injecteur 6	8		request_6	1461921230473	1461921230513	KO	status.find.is(200), but actually found 400
REQUEST	injecteur 5	10		request_5	1461921230474	1461921230514	KO	status.find.is(200), but actually found 400
REQUEST	injecteur 4	1		request_4	1461921230477	1461921230516	KO	status.find.is(200), but actually found 400
REQUEST	injecteur 10	5		request_10	1461921230493	1461921230533	KO	status.find.is(200), but actually found 400
REQUEST	injecteur 1	7		request_1	1461921230495	1461921230533	KO	status.find.is(200), but actually found 400
REQUEST	injecteur 7	2		request_7	1461921230496	1461921230534	KO	status.find.is(200), but actually found 400
REQUEST	injecteur 9	6		request_9	1461921230498	1461921230539	KO	status.find.is(200), but actually found 400
REQUEST	injecteur 2	9		request_2	1461921230497	1461921230541	KO	status.find.is(200), but actually found 400
REQUEST	injecteur 8	4		request_8	1461921230500	1461921230541	KO	status.find.is(200), but actually found 400
REQUEST	injecteur 3	3		request_3	1461921230500	1461921230542	KO	status.find.is(200), but actually found 400
REQUEST	injecteur 5	10		request_5	1461921230516	1461921230560	KO	status.find.is(200), but actually found 400
REQUEST	injecteur 6	8		request_6	1461921230516	1461921230561	KO	status.find.is(200), but actually found 400
REQUEST	injecteur 4	1		request_4	1461921230517	1461921230562	KO	status.find.is(200), but actually found 400
REQUEST	injecteur 10	5		request_10	1461921230534	1461921230580	KO	status.find.is(200), but actually found 400
REQUEST	injecteur 1	7		request_1	1461921230535	1461921230580	KO	status.find.is(200), but actually found 400
REQUEST	injecteur 7	2		request_7	1461921230538	1461921230581	KO	status.find.is(200), but actually found 400
REQUEST	injecteur 2	9		request_2	1461921230544	1461921230585	KO	status.find.is(200), but actually found 400
REQUEST	injecteur 9	6		request_9	1461921230543	1461921230584	KO	status.find.is(200), but actually found 400
REQUEST	injecteur 8	4		request_8	1461921230546	1461921230586	KO	status.find.is(200), but actually found 400
REQUEST	injecteur 3	3		request_3	1461921230549	1461921230601	KO	status.find.is(200), but actually found 400
REQUEST	injecteur 6	8		request_6	1461921230563	1461921230602	KO	status.find.is(200), but actually found 400
REQUEST	injecteur 4	1		request_4	1461921230565	1461921230603	KO	status.find.is(200), but actually found 400
REQUEST	injecteur 5	10		request_5	1461921230562	1461921230601	KO	status.find.is(200), but actually found 400
REQUEST	injecteur 10	5		request_10	1461921230581	1461921230621	KO	status.find.is(200), but actually found 400
REQUEST	injecteur 7	2		request_7	1461921230583	1461921230623	KO	status.find.is(200), but actually found 400
REQUEST	injecteur 9	6		request_9	1461921230586	1461921230625	KO	status.find.is(200), but actually found 400
REQUEST	injecteur 2	9		request_2	1461921230586	1461921230626	KO	status.find.is(200), but actually found 400
REQUEST	injecteur 1	7		request_1	1461921230583	1461921230627	KO	status.find.is(200), but actually found 400
REQUEST	injecteur 8	4		request_8	1461921230587	1461921230628	KO	status.find.is(200), but actually found 400
REQUEST	injecteur 3	3		request_3	1461921230602	1461921230648	KO	status.find.is(200), but actually found 400
REQUEST	injecteur 6	8		request_6	1461921230605	1461921230649	KO	status.find.is(200), but actually found 400
REQUEST	injecteur 4	1		request_4	1461921230606	1461921230649	KO	status.find.is(200), but actually found 400
REQUEST	injecteur 5	10		request_5	1461921230607	1461921230650	KO	status.find.is(200), but actually found 400
REQUEST	injecteur 10	5		request_10	1461921230623	1461921230667	KO	status.find.is(200), but actually found 400
REQUEST	injecteur 7	2		request_7	1461921230626	1461921230667	KO	status.find.is(200), but actually found 400
REQUEST	injecteur 9	6		request_9	1461921230628	1461921230668	KO	status.find.is(200), but actually found 400
REQUEST	injecteur 8	4		request_8	1461921230634	1461921230670	KO	status.find.is(200), but actually found 400
REQUEST	injecteur 2	9		request_2	1461921230631	1461921230673	KO	status.find.is(200), but actually found 400
REQUEST	injecteur 1	7		request_1	1461921230633	1461921230674	KO	status.find.is(200), but actually found 400
REQUEST	injecteur 3	3		request_3	1461921230650	1461921230687	KO	status.find.is(200), but actually found 400
REQUEST	injecteur 6	8		request_6	1461921230650	1461921230688	KO	status.find.is(200), but actually found 400
REQUEST	injecteur 4	1		request_4	1461921230652	1461921230689	KO	status.find.is(200), but actually found 400
REQUEST	injecteur 5	10		request_5	1461921230653	1461921230690	KO	status.find.is(200), but actually found 400
REQUEST	injecteur 7	2		request_7	1461921230669	1461921230705	KO	status.find.is(200), but actually found 400
REQUEST	injecteur 10	5		request_10	1461921230668	1461921230705	KO	status.find.is(200), but actually found 400
REQUEST	injecteur 9	6		request_9	1461921230676	1461921230707	KO	status.find.is(200), but actually found 400
REQUEST	injecteur 2	9		request_2	1461921230679	1461921230709	KO	status.find.is(200), but actually found 400
REQUEST	injecteur 8	4		request_8	1461921230678	1461921230708	KO	status.find.is(200), but actually found 400
REQUEST	injecteur 1	7		request_1	1461921230679	1461921230710	KO	status.find.is(200), but actually found 400
REQUEST	injecteur 3	3		request_3	1461921230689	1461921230729	KO	status.find.is(200), but actually found 400
REQUEST	injecteur 6	8		request_6	1461921230691	1461921230729	KO	status.find.is(200), but actually found 400
REQUEST	injecteur 4	1		request_4	1461921230692	1461921230730	KO	status.find.is(200), but actually found 400
REQUEST	injecteur 5	10		request_5	1461921230693	1461921230732	KO	status.find.is(200), but actually found 400
REQUEST	injecteur 7	2		request_7	1461921230706	1461921230750	KO	status.find.is(200), but actually found 400
REQUEST	injecteur 10	5		request_10	1461921230707	1461921230750	KO	status.find.is(200), but actually found 400
REQUEST	injecteur 9	6		request_9	1461921230709	1461921230751	KO	status.find.is(200), but actually found 400
REQUEST	injecteur 2	9		request_2	1461921230712	1461921230752	KO	status.find.is(200), but actually found 400
REQUEST	injecteur 8	4		request_8	1461921230713	1461921230753	KO	status.find.is(200), but actually found 400
REQUEST	injecteur 1	7		request_1	1461921230714	1461921230754	KO	status.find.is(200), but actually found 400
REQUEST	injecteur 3	3		request_3	1461921230731	1461921230767	KO	status.find.is(200), but actually found 400
REQUEST	injecteur 6	8		request_6	1461921230733	1461921230767	KO	status.find.is(200), but actually found 400
REQUEST	injecteur 4	1		request_4	1461921230733	1461921230768	KO	status.find.is(200), but actually found 400
REQUEST	injecteur 5	10		request_5	1461921230733	1461921230770	KO	status.find.is(200), but actually found 400
REQUEST	injecteur 7	2		request_7	1461921230751	1461921230784	KO	status.find.is(200), but actually found 400
REQUEST	injecteur 10	5		request_10	1461921230752	1461921230785	KO	status.find.is(200), but actually found 400
REQUEST	injecteur 9	6		request_9	1461921230752	1461921230786	KO	status.find.is(200), but actually found 400
REQUEST	injecteur 2	9		request_2	1461921230755	1461921230788	KO	status.find.is(200), but actually found 400
REQUEST	injecteur 8	4		request_8	1461921230755	1461921230792	KO	status.find.is(200), but actually found 400
REQUEST	injecteur 1	7		request_1	1461921230757	1461921230792	KO	status.find.is(200), but actually found 400
REQUEST	injecteur 3	3		request_3	1461921230769	1461921230808	KO	status.find.is(200), but actually found 400
REQUEST	injecteur 4	1		request_4	1461921230770	1461921230810	KO	status.find.is(200), but actually found 400
REQUEST	injecteur 6	8		request_6	1461921230769	1461921230810	KO	status.find.is(200), but actually found 400
REQUEST	injecteur 5	10		request_5	1461921230771	1461921230811	KO	status.find.is(200), but actually found 400
REQUEST	injecteur 7	2		request_7	1461921230786	1461921230843	KO	status.find.is(200), but actually found 400
REQUEST	injecteur 10	5		request_10	1461921230786	1461921230844	KO	status.find.is(200), but actually found 400
REQUEST	injecteur 9	6		request_9	1461921230787	1461921230846	KO	status.find.is(200), but actually found 400
REQUEST	injecteur 2	9		request_2	1461921230792	1461921230847	KO	status.find.is(200), but actually found 400
REQUEST	injecteur 1	7		request_1	1461921230793	1461921230848	KO	status.find.is(200), but actually found 400
REQUEST	injecteur 8	4		request_8	1461921230793	1461921230851	KO	status.find.is(200), but actually found 400
REQUEST	injecteur 3	3		request_3	1461921230811	1461921230865	KO	status.find.is(200), but actually found 400
REQUEST	injecteur 4	1		request_4	1461921230811	1461921230866	KO	status.find.is(200), but actually found 400
REQUEST	injecteur 6	8		request_6	1461921230813	1461921230867	KO	status.find.is(200), but actually found 400
REQUEST	injecteur 5	10		request_5	1461921230817	1461921230869	KO	status.find.is(200), but actually found 400
REQUEST	injecteur 7	2		request_7	1461921230845	1461921230884	KO	status.find.is(200), but actually found 400
REQUEST	injecteur 10	5		request_10	1461921230846	1461921230886	KO	status.find.is(200), but actually found 400
REQUEST	injecteur 9	6		request_9	1461921230848	1461921230887	KO	status.find.is(200), but actually found 400
REQUEST	injecteur 2	9		request_2	1461921230849	1461921230888	KO	status.find.is(200), but actually found 400
REQUEST	injecteur 1	7		request_1	1461921230851	1461921230889	KO	status.find.is(200), but actually found 400
REQUEST	injecteur 8	4		request_8	1461921230853	1461921230890	KO	status.find.is(200), but actually found 400
REQUEST	injecteur 4	1		request_4	1461921230868	1461921230910	KO	status.find.is(200), but actually found 400
REQUEST	injecteur 3	3		request_3	1461921230868	1461921230912	KO	status.find.is(200), but actually found 400
REQUEST	injecteur 6	8		request_6	1461921230869	1461921230913	KO	status.find.is(200), but actually found 400
REQUEST	injecteur 5	10		request_5	1461921230872	1461921230914	KO	status.find.is(200), but actually found 400
REQUEST	injecteur 7	2		request_7	1461921230887	1461921230935	KO	status.find.is(200), but actually found 400
REQUEST	injecteur 10	5		request_10	1461921230889	1461921230935	KO	status.find.is(200), but actually found 400
REQUEST	injecteur 9	6		request_9	1461921230892	1461921230936	KO	status.find.is(200), but actually found 400
REQUEST	injecteur 2	9		request_2	1461921230894	1461921230938	KO	status.find.is(200), but actually found 400
REQUEST	injecteur 8	4		request_8	1461921230897	1461921230938	KO	status.find.is(200), but actually found 400
REQUEST	injecteur 1	7		request_1	1461921230897	1461921230941	KO	status.find.is(200), but actually found 400
REQUEST	injecteur 6	8		request_6	1461921230914	1461921230959	KO	status.find.is(200), but actually found 400
REQUEST	injecteur 5	10		request_5	1461921230916	1461921230959	KO	status.find.is(200), but actually found 400
REQUEST	injecteur 3	3		request_3	1461921230914	1461921230960	KO	status.find.is(200), but actually found 400
REQUEST	injecteur 4	1		request_4	1461921230921	1461921230965	KO	status.find.is(200), but actually found 400
REQUEST	injecteur 7	2		request_7	1461921230936	1461921230978	KO	status.find.is(200), but actually found 400
REQUEST	injecteur 10	5		request_10	1461921230940	1461921230978	KO	status.find.is(200), but actually found 400
REQUEST	injecteur 8	4		request_8	1461921230943	1461921230979	KO	status.find.is(200), but actually found 400
REQUEST	injecteur 2	9		request_2	1461921230943	1461921230980	KO	status.find.is(200), but actually found 400
REQUEST	injecteur 9	6		request_9	1461921230943	1461921230983	KO	status.find.is(200), but actually found 400
REQUEST	injecteur 1	7		request_1	1461921230945	1461921230983	KO	status.find.is(200), but actually found 400
REQUEST	injecteur 6	8		request_6	1461921230963	1461921230998	KO	status.find.is(200), but actually found 400
REQUEST	injecteur 3	3		request_3	1461921230963	1461921230999	KO	status.find.is(200), but actually found 400
REQUEST	injecteur 5	10		request_5	1461921230963	1461921231000	KO	status.find.is(200), but actually found 400
REQUEST	injecteur 4	1		request_4	1461921230967	1461921231001	KO	status.find.is(200), but actually found 400
REQUEST	injecteur 10	5		request_10	1461921230979	1461921231021	KO	status.find.is(200), but actually found 400
REQUEST	injecteur 7	2		request_7	1461921230979	1461921231022	KO	status.find.is(200), but actually found 400
REQUEST	injecteur 8	4		request_8	1461921230982	1461921231024	KO	status.find.is(200), but actually found 400
REQUEST	injecteur 9	6		request_9	1461921230984	1461921231025	KO	status.find.is(200), but actually found 400
REQUEST	injecteur 2	9		request_2	1461921230982	1461921231026	KO	status.find.is(200), but actually found 400
REQUEST	injecteur 1	7		request_1	1461921230984	1461921231026	KO	status.find.is(200), but actually found 400
REQUEST	injecteur 6	8		request_6	1461921231000	1461921231041	KO	status.find.is(200), but actually found 400
REQUEST	injecteur 3	3		request_3	1461921231001	1461921231042	KO	status.find.is(200), but actually found 400
REQUEST	injecteur 5	10		request_5	1461921231001	1461921231042	KO	status.find.is(200), but actually found 400
REQUEST	injecteur 4	1		request_4	1461921231003	1461921231046	KO	status.find.is(200), but actually found 400
REQUEST	injecteur 10	5		request_10	1461921231023	1461921231066	KO	status.find.is(200), but actually found 400
REQUEST	injecteur 7	2		request_7	1461921231023	1461921231066	KO	status.find.is(200), but actually found 400
REQUEST	injecteur 8	4		request_8	1461921231025	1461921231067	KO	status.find.is(200), but actually found 400
REQUEST	injecteur 9	6		request_9	1461921231027	1461921231068	KO	status.find.is(200), but actually found 400
REQUEST	injecteur 2	9		request_2	1461921231027	1461921231069	KO	status.find.is(200), but actually found 400
REQUEST	injecteur 1	7		request_1	1461921231027	1461921231070	KO	status.find.is(200), but actually found 400
REQUEST	injecteur 6	8		request_6	1461921231043	1461921231086	KO	status.find.is(200), but actually found 400
REQUEST	injecteur 3	3		request_3	1461921231043	1461921231087	KO	status.find.is(200), but actually found 400
REQUEST	injecteur 5	10		request_5	1461921231045	1461921231088	KO	status.find.is(200), but actually found 400
REQUEST	injecteur 4	1		request_4	1461921231048	1461921231095	KO	status.find.is(200), but actually found 400
REQUEST	injecteur 10	5		request_10	1461921231067	1461921231110	KO	status.find.is(200), but actually found 400
REQUEST	injecteur 7	2		request_7	1461921231068	1461921231111	KO	status.find.is(200), but actually found 400
REQUEST	injecteur 8	4		request_8	1461921231069	1461921231112	KO	status.find.is(200), but actually found 400
REQUEST	injecteur 1	7		request_1	1461921231071	1461921231117	KO	status.find.is(200), but actually found 400
REQUEST	injecteur 9	6		request_9	1461921231069	1461921231118	KO	status.find.is(200), but actually found 400
REQUEST	injecteur 2	9		request_2	1461921231071	1461921231122	KO	status.find.is(200), but actually found 400
REQUEST	injecteur 6	8		request_6	1461921231088	1461921231138	KO	status.find.is(200), but actually found 400
REQUEST	injecteur 3	3		request_3	1461921231089	1461921231138	KO	status.find.is(200), but actually found 400
REQUEST	injecteur 5	10		request_5	1461921231094	1461921231139	KO	status.find.is(200), but actually found 400
REQUEST	injecteur 4	1		request_4	1461921231097	1461921231141	KO	status.find.is(200), but actually found 400
REQUEST	injecteur 10	5		request_10	1461921231114	1461921231163	KO	status.find.is(200), but actually found 400
REQUEST	injecteur 7	2		request_7	1461921231117	1461921231163	KO	status.find.is(200), but actually found 400
REQUEST	injecteur 8	4		request_8	1461921231118	1461921231164	KO	status.find.is(200), but actually found 400
REQUEST	injecteur 1	7		request_1	1461921231118	1461921231165	KO	status.find.is(200), but actually found 400
REQUEST	injecteur 9	6		request_9	1461921231118	1461921231167	KO	status.find.is(200), but actually found 400
REQUEST	injecteur 2	9		request_2	1461921231123	1461921231167	KO	status.find.is(200), but actually found 400
REQUEST	injecteur 6	8		request_6	1461921231139	1461921231183	KO	status.find.is(200), but actually found 400
REQUEST	injecteur 5	10		request_5	1461921231141	1461921231183	KO	status.find.is(200), but actually found 400
REQUEST	injecteur 4	1		request_4	1461921231151	1461921231184	KO	status.find.is(200), but actually found 400
REQUEST	injecteur 3	3		request_3	1461921231141	1461921231185	KO	status.find.is(200), but actually found 400
REQUEST	injecteur 7	2		request_7	1461921231165	1461921231199	KO	status.find.is(200), but actually found 400
REQUEST	injecteur 10	5		request_10	1461921231164	1461921231200	KO	status.find.is(200), but actually found 400
REQUEST	injecteur 8	4		request_8	1461921231167	1461921231201	KO	status.find.is(200), but actually found 400
REQUEST	injecteur 1	7		request_1	1461921231168	1461921231202	KO	status.find.is(200), but actually found 400
REQUEST	injecteur 2	9		request_2	1461921231169	1461921231203	KO	status.find.is(200), but actually found 400
REQUEST	injecteur 9	6		request_9	1461921231169	1461921231203	KO	status.find.is(200), but actually found 400
REQUEST	injecteur 6	8		request_6	1461921231184	1461921231218	KO	status.find.is(200), but actually found 400
REQUEST	injecteur 5	10		request_5	1461921231185	1461921231218	KO	status.find.is(200), but actually found 400
REQUEST	injecteur 4	1		request_4	1461921231186	1461921231219	KO	status.find.is(200), but actually found 400
REQUEST	injecteur 3	3		request_3	1461921231186	1461921231221	KO	status.find.is(200), but actually found 400
REQUEST	injecteur 7	2		request_7	1461921231200	1461921231235	KO	status.find.is(200), but actually found 400
REQUEST	injecteur 10	5		request_10	1461921231201	1461921231235	KO	status.find.is(200), but actually found 400
REQUEST	injecteur 8	4		request_8	1461921231203	1461921231236	KO	status.find.is(200), but actually found 400
REQUEST	injecteur 2	9		request_2	1461921231204	1461921231236	KO	status.find.is(200), but actually found 400
REQUEST	injecteur 9	6		request_9	1461921231205	1461921231238	KO	status.find.is(200), but actually found 400
REQUEST	injecteur 1	7		request_1	1461921231204	1461921231239	KO	status.find.is(200), but actually found 400
REQUEST	injecteur 6	8		request_6	1461921231219	1461921231253	KO	status.find.is(200), but actually found 400
REQUEST	injecteur 5	10		request_5	1461921231220	1461921231254	KO	status.find.is(200), but actually found 400
REQUEST	injecteur 4	1		request_4	1461921231220	1461921231254	KO	status.find.is(200), but actually found 400
REQUEST	injecteur 3	3		request_3	1461921231222	1461921231255	KO	status.find.is(200), but actually found 400
REQUEST	injecteur 7	2		request_7	1461921231236	1461921231268	KO	status.find.is(200), but actually found 400
REQUEST	injecteur 10	5		request_10	1461921231237	1461921231268	KO	status.find.is(200), but actually found 400
REQUEST	injecteur 8	4		request_8	1461921231237	1461921231269	KO	status.find.is(200), but actually found 400
REQUEST	injecteur 2	9		request_2	1461921231238	1461921231270	KO	status.find.is(200), but actually found 400
REQUEST	injecteur 9	6		request_9	1461921231240	1461921231271	KO	status.find.is(200), but actually found 400
REQUEST	injecteur 1	7		request_1	1461921231241	1461921231272	KO	status.find.is(200), but actually found 400
REQUEST	injecteur 6	8		request_6	1461921231254	1461921231286	KO	status.find.is(200), but actually found 400
REQUEST	injecteur 5	10		request_5	1461921231255	1461921231287	KO	status.find.is(200), but actually found 400
REQUEST	injecteur 4	1		request_4	1461921231255	1461921231288	KO	status.find.is(200), but actually found 400
REQUEST	injecteur 3	3		request_3	1461921231256	1461921231288	KO	status.find.is(200), but actually found 400
REQUEST	injecteur 7	2		request_7	1461921231269	1461921231302	KO	status.find.is(200), but actually found 400
REQUEST	injecteur 10	5		request_10	1461921231270	1461921231303	KO	status.find.is(200), but actually found 400
REQUEST	injecteur 8	4		request_8	1461921231271	1461921231304	KO	status.find.is(200), but actually found 400
REQUEST	injecteur 2	9		request_2	1461921231273	1461921231305	KO	status.find.is(200), but actually found 400
REQUEST	injecteur 9	6		request_9	1461921231275	1461921231306	KO	status.find.is(200), but actually found 400
REQUEST	injecteur 1	7		request_1	1461921231275	1461921231308	KO	status.find.is(200), but actually found 400
REQUEST	injecteur 6	8		request_6	1461921231288	1461921231320	KO	status.find.is(200), but actually found 400
REQUEST	injecteur 5	10		request_5	1461921231288	1461921231321	KO	status.find.is(200), but actually found 400
REQUEST	injecteur 4	1		request_4	1461921231289	1461921231322	KO	status.find.is(200), but actually found 400
REQUEST	injecteur 3	3		request_3	1461921231289	1461921231323	KO	status.find.is(200), but actually found 400
REQUEST	injecteur 7	2		request_7	1461921231304	1461921231336	KO	status.find.is(200), but actually found 400
REQUEST	injecteur 10	5		request_10	1461921231305	1461921231336	KO	status.find.is(200), but actually found 400
REQUEST	injecteur 2	9		request_2	1461921231306	1461921231338	KO	status.find.is(200), but actually found 400
REQUEST	injecteur 9	6		request_9	1461921231308	1461921231339	KO	status.find.is(200), but actually found 400
REQUEST	injecteur 8	4		request_8	1461921231306	1461921231339	KO	status.find.is(200), but actually found 400
REQUEST	injecteur 1	7		request_1	1461921231309	1461921231340	KO	status.find.is(200), but actually found 400
REQUEST	injecteur 6	8		request_6	1461921231322	1461921231356	KO	status.find.is(200), but actually found 400
REQUEST	injecteur 5	10		request_5	1461921231322	1461921231356	KO	status.find.is(200), but actually found 400
REQUEST	injecteur 4	1		request_4	1461921231323	1461921231357	KO	status.find.is(200), but actually found 400
REQUEST	injecteur 3	3		request_3	1461921231324	1461921231358	KO	status.find.is(200), but actually found 400
REQUEST	injecteur 7	2		request_7	1461921231337	1461921231372	KO	status.find.is(200), but actually found 400
REQUEST	injecteur 10	5		request_10	1461921231339	1461921231372	KO	status.find.is(200), but actually found 400
REQUEST	injecteur 2	9		request_2	1461921231340	1461921231373	KO	status.find.is(200), but actually found 400
REQUEST	injecteur 9	6		request_9	1461921231341	1461921231374	KO	status.find.is(200), but actually found 400
REQUEST	injecteur 8	4		request_8	1461921231342	1461921231375	KO	status.find.is(200), but actually found 400
REQUEST	injecteur 1	7		request_1	1461921231343	1461921231378	KO	status.find.is(200), but actually found 400
REQUEST	injecteur 6	8		request_6	1461921231357	1461921231393	KO	status.find.is(200), but actually found 400
REQUEST	injecteur 5	10		request_5	1461921231357	1461921231394	KO	status.find.is(200), but actually found 400
REQUEST	injecteur 3	3		request_3	1461921231359	1461921231396	KO	status.find.is(200), but actually found 400
REQUEST	injecteur 4	1		request_4	1461921231359	1461921231401	KO	status.find.is(200), but actually found 400
REQUEST	injecteur 7	2		request_7	1461921231373	1461921231415	KO	status.find.is(200), but actually found 400
REQUEST	injecteur 10	5		request_10	1461921231373	1461921231414	KO	status.find.is(200), but actually found 400
REQUEST	injecteur 2	9		request_2	1461921231374	1461921231415	KO	status.find.is(200), but actually found 400
REQUEST	injecteur 9	6		request_9	1461921231375	1461921231417	KO	status.find.is(200), but actually found 400
REQUEST	injecteur 8	4		request_8	1461921231380	1461921231419	KO	status.find.is(200), but actually found 400
REQUEST	injecteur 1	7		request_1	1461921231381	1461921231419	KO	status.find.is(200), but actually found 400
REQUEST	injecteur 6	8		request_6	1461921231396	1461921231439	KO	status.find.is(200), but actually found 400
REQUEST	injecteur 5	10		request_5	1461921231397	1461921231440	KO	status.find.is(200), but actually found 400
REQUEST	injecteur 3	3		request_3	1461921231398	1461921231441	KO	status.find.is(200), but actually found 400
REQUEST	injecteur 4	1		request_4	1461921231402	1461921231444	KO	status.find.is(200), but actually found 400
REQUEST	injecteur 10	5		request_10	1461921231418	1461921231457	KO	status.find.is(200), but actually found 400
REQUEST	injecteur 7	2		request_7	1461921231416	1461921231456	KO	status.find.is(200), but actually found 400
REQUEST	injecteur 2	9		request_2	1461921231420	1461921231457	KO	status.find.is(200), but actually found 400
REQUEST	injecteur 9	6		request_9	1461921231426	1461921231473	KO	status.find.is(200), but actually found 400
REQUEST	injecteur 1	7		request_1	1461921231432	1461921231475	KO	status.find.is(200), but actually found 400
REQUEST	injecteur 8	4		request_8	1461921231433	1461921231476	KO	status.find.is(200), but actually found 400
REQUEST	injecteur 6	8		request_6	1461921231441	1461921231477	KO	status.find.is(200), but actually found 400
REQUEST	injecteur 5	10		request_5	1461921231441	1461921231479	KO	status.find.is(200), but actually found 400
REQUEST	injecteur 3	3		request_3	1461921231444	1461921231479	KO	status.find.is(200), but actually found 400
REQUEST	injecteur 4	1		request_4	1461921231446	1461921231481	KO	status.find.is(200), but actually found 400
REQUEST	injecteur 7	2		request_7	1461921231458	1461921231500	KO	status.find.is(200), but actually found 400
REQUEST	injecteur 2	9		request_2	1461921231459	1461921231501	KO	status.find.is(200), but actually found 400
REQUEST	injecteur 10	5		request_10	1461921231458	1461921231515	KO	status.find.is(200), but actually found 400
REQUEST	injecteur 9	6		request_9	1461921231475	1461921231528	KO	status.find.is(200), but actually found 400
REQUEST	injecteur 5	10		request_5	1461921231483	1461921231533	KO	status.find.is(200), but actually found 400
REQUEST	injecteur 6	8		request_6	1461921231480	1461921231539	KO	status.find.is(200), but actually found 400
REQUEST	injecteur 8	4		request_8	1461921231478	1461921231541	KO	status.find.is(200), but actually found 400
REQUEST	injecteur 1	7		request_1	1461921231476	1461921231557	KO	status.find.is(200), but actually found 400
REQUEST	injecteur 3	3		request_3	1461921231485	1461921231558	KO	status.find.is(200), but actually found 400
REQUEST	injecteur 4	1		request_4	1461921231488	1461921231561	KO	status.find.is(200), but actually found 400
REQUEST	injecteur 7	2		request_7	1461921231502	1461921231568	KO	status.find.is(200), but actually found 400
REQUEST	injecteur 9	6		request_9	1461921231563	1461921231577	KO	status.find.is(200), but actually found 400
REQUEST	injecteur 10	5		request_10	1461921231562	1461921231582	KO	status.find.is(200), but actually found 400
REQUEST	injecteur 6	8		request_6	1461921231586	1461921231595	KO	status.find.is(200), but actually found 400
REQUEST	injecteur 2	9		request_2	1461921231523	1461921231602	KO	status.find.is(200), but actually found 400
REQUEST	injecteur 8	4		request_8	1461921231591	1461921231610	KO	status.find.is(200), but actually found 400
REQUEST	injecteur 5	10		request_5	1461921231567	1461921231614	KO	status.find.is(200), but actually found 400
REQUEST	injecteur 1	7		request_1	1461921231591	1461921231634	KO	status.find.is(200), but actually found 400
REQUEST	injecteur 9	6		request_9	1461921231621	1461921231640	KO	status.find.is(200), but actually found 400
REQUEST	injecteur 10	5		request_10	1461921231630	1461921231646	KO	status.find.is(200), but actually found 400
REQUEST	injecteur 6	8		request_6	1461921231647	1461921231652	KO	status.find.is(200), but actually found 400
REQUEST	injecteur 4	1		request_4	1461921231596	1461921231660	KO	status.find.is(200), but actually found 400
REQUEST	injecteur 3	3		request_3	1461921231593	1461921231634	KO	status.find.is(200), but actually found 400
REQUEST	injecteur 7	2		request_7	1461921231613	1461921231669	KO	status.find.is(200), but actually found 400
REQUEST	injecteur 8	4		request_8	1461921231663	1461921231669	KO	status.find.is(200), but actually found 400
REQUEST	injecteur 1	7		request_1	1461921231673	1461921231683	KO	status.find.is(200), but actually found 400
REQUEST	injecteur 2	9		request_2	1461921231656	1461921231689	KO	status.find.is(200), but actually found 400
REQUEST	injecteur 9	6		request_9	1461921231679	1461921231689	KO	status.find.is(200), but actually found 400
REQUEST	injecteur 5	10		request_5	1461921231668	1461921231692	KO	status.find.is(200), but actually found 400
REQUEST	injecteur 6	8		request_6	1461921231685	1461921231699	KO	status.find.is(200), but actually found 400
REQUEST	injecteur 10	5		request_10	1461921231685	1461921231700	KO	status.find.is(200), but actually found 400
REQUEST	injecteur 4	1		request_4	1461921231687	1461921231719	KO	status.find.is(200), but actually found 400
REQUEST	injecteur 7	2		request_7	1461921231691	1461921231721	KO	status.find.is(200), but actually found 400
REQUEST	injecteur 3	3		request_3	1461921231687	1461921231722	KO	status.find.is(200), but actually found 400
REQUEST	injecteur 8	4		request_8	1461921231693	1461921231722	KO	status.find.is(200), but actually found 400
REQUEST	injecteur 1	7		request_1	1461921231693	1461921231723	KO	status.find.is(200), but actually found 400
REQUEST	injecteur 9	6		request_9	1461921231696	1461921231743	KO	status.find.is(200), but actually found 400
REQUEST	injecteur 2	9		request_2	1461921231696	1461921231744	KO	status.find.is(200), but actually found 400
REQUEST	injecteur 6	8		request_6	1461921231703	1461921231746	KO	status.find.is(200), but actually found 400
REQUEST	injecteur 5	10		request_5	1461921231701	1461921231747	KO	status.find.is(200), but actually found 400
REQUEST	injecteur 10	5		request_10	1461921231705	1461921231748	KO	status.find.is(200), but actually found 400
REQUEST	injecteur 4	1		request_4	1461921231721	1461921231766	KO	status.find.is(200), but actually found 400
REQUEST	injecteur 7	2		request_7	1461921231724	1461921231767	KO	status.find.is(200), but actually found 400
REQUEST	injecteur 8	4		request_8	1461921231725	1461921231770	KO	status.find.is(200), but actually found 400
REQUEST	injecteur 3	3		request_3	1461921231725	1461921231771	KO	status.find.is(200), but actually found 400
REQUEST	injecteur 1	7		request_1	1461921231727	1461921231772	KO	status.find.is(200), but actually found 400
REQUEST	injecteur 9	6		request_9	1461921231744	1461921231789	KO	status.find.is(200), but actually found 400
REQUEST	injecteur 2	9		request_2	1461921231750	1461921231790	KO	status.find.is(200), but actually found 400
REQUEST	injecteur 6	8		request_6	1461921231751	1461921231791	KO	status.find.is(200), but actually found 400
REQUEST	injecteur 5	10		request_5	1461921231752	1461921231792	KO	status.find.is(200), but actually found 400
REQUEST	injecteur 10	5		request_10	1461921231752	1461921231794	KO	status.find.is(200), but actually found 400
REQUEST	injecteur 4	1		request_4	1461921231768	1461921231810	KO	status.find.is(200), but actually found 400
REQUEST	injecteur 7	2		request_7	1461921231769	1461921231811	KO	status.find.is(200), but actually found 400
REQUEST	injecteur 8	4		request_8	1461921231771	1461921231812	KO	status.find.is(200), but actually found 400
REQUEST	injecteur 3	3		request_3	1461921231773	1461921231813	KO	status.find.is(200), but actually found 400
REQUEST	injecteur 1	7		request_1	1461921231773	1461921231814	KO	status.find.is(200), but actually found 400
REQUEST	injecteur 9	6		request_9	1461921231790	1461921231832	KO	status.find.is(200), but actually found 400
REQUEST	injecteur 2	9		request_2	1461921231791	1461921231833	KO	status.find.is(200), but actually found 400
REQUEST	injecteur 6	8		request_6	1461921231792	1461921231839	KO	status.find.is(200), but actually found 400
REQUEST	injecteur 5	10		request_5	1461921231793	1461921231839	KO	status.find.is(200), but actually found 400
REQUEST	injecteur 10	5		request_10	1461921231795	1461921231842	KO	status.find.is(200), but actually found 400
REQUEST	injecteur 4	1		request_4	1461921231812	1461921231860	KO	status.find.is(200), but actually found 400
REQUEST	injecteur 7	2		request_7	1461921231813	1461921231861	KO	status.find.is(200), but actually found 400
REQUEST	injecteur 8	4		request_8	1461921231815	1461921231862	KO	status.find.is(200), but actually found 400
REQUEST	injecteur 3	3		request_3	1461921231818	1461921231863	KO	status.find.is(200), but actually found 400
REQUEST	injecteur 1	7		request_1	1461921231818	1461921231868	KO	status.find.is(200), but actually found 400
REQUEST	injecteur 9	6		request_9	1461921231834	1461921231889	KO	status.find.is(200), but actually found 400
REQUEST	injecteur 2	9		request_2	1461921231837	1461921231890	KO	status.find.is(200), but actually found 400
REQUEST	injecteur 6	8		request_6	1461921231840	1461921231891	KO	status.find.is(200), but actually found 400
REQUEST	injecteur 5	10		request_5	1461921231841	1461921231893	KO	status.find.is(200), but actually found 400
REQUEST	injecteur 10	5		request_10	1461921231843	1461921231893	KO	status.find.is(200), but actually found 400
REQUEST	injecteur 4	1		request_4	1461921231861	1461921231910	KO	status.find.is(200), but actually found 400
REQUEST	injecteur 7	2		request_7	1461921231863	1461921231911	KO	status.find.is(200), but actually found 400
REQUEST	injecteur 8	4		request_8	1461921231865	1461921231912	KO	status.find.is(200), but actually found 400
REQUEST	injecteur 3	3		request_3	1461921231867	1461921231912	KO	status.find.is(200), but actually found 400
REQUEST	injecteur 1	7		request_1	1461921231869	1461921231914	KO	status.find.is(200), but actually found 400
REQUEST	injecteur 9	6		request_9	1461921231890	1461921231936	KO	status.find.is(200), but actually found 400
REQUEST	injecteur 2	9		request_2	1461921231892	1461921231937	KO	status.find.is(200), but actually found 400
REQUEST	injecteur 6	8		request_6	1461921231892	1461921231938	KO	status.find.is(200), but actually found 400
REQUEST	injecteur 10	5		request_10	1461921231894	1461921231939	KO	status.find.is(200), but actually found 400
REQUEST	injecteur 5	10		request_5	1461921231894	1461921231940	KO	status.find.is(200), but actually found 400
REQUEST	injecteur 4	1		request_4	1461921231911	1461921231960	KO	status.find.is(200), but actually found 400
REQUEST	injecteur 7	2		request_7	1461921231912	1461921231960	KO	status.find.is(200), but actually found 400
REQUEST	injecteur 8	4		request_8	1461921231914	1461921231961	KO	status.find.is(200), but actually found 400
REQUEST	injecteur 3	3		request_3	1461921231915	1461921231964	KO	status.find.is(200), but actually found 400
REQUEST	injecteur 1	7		request_1	1461921231918	1461921231965	KO	status.find.is(200), but actually found 400
REQUEST	injecteur 9	6		request_9	1461921231938	1461921231983	KO	status.find.is(200), but actually found 400
REQUEST	injecteur 2	9		request_2	1461921231938	1461921231984	KO	status.find.is(200), but actually found 400
REQUEST	injecteur 6	8		request_6	1461921231940	1461921231986	KO	status.find.is(200), but actually found 400
REQUEST	injecteur 10	5		request_10	1461921231941	1461921231987	KO	status.find.is(200), but actually found 400
REQUEST	injecteur 5	10		request_5	1461921231943	1461921231988	KO	status.find.is(200), but actually found 400
REQUEST	injecteur 4	1		request_4	1461921231961	1461921232009	KO	status.find.is(200), but actually found 400
REQUEST	injecteur 7	2		request_7	1461921231961	1461921232009	KO	status.find.is(200), but actually found 400
REQUEST	injecteur 8	4		request_8	1461921231962	1461921232011	KO	status.find.is(200), but actually found 400
REQUEST	injecteur 3	3		request_3	1461921231967	1461921232011	KO	status.find.is(200), but actually found 400
REQUEST	injecteur 1	7		request_1	1461921231968	1461921232012	KO	status.find.is(200), but actually found 400
REQUEST	injecteur 9	6		request_9	1461921231985	1461921232028	KO	status.find.is(200), but actually found 400
REQUEST	injecteur 2	9		request_2	1461921231986	1461921232029	KO	status.find.is(200), but actually found 400
REQUEST	injecteur 6	8		request_6	1461921231988	1461921232031	KO	status.find.is(200), but actually found 400
REQUEST	injecteur 10	5		request_10	1461921231990	1461921232032	KO	status.find.is(200), but actually found 400
REQUEST	injecteur 5	10		request_5	1461921231990	1461921232036	KO	status.find.is(200), but actually found 400
REQUEST	injecteur 4	1		request_4	1461921232010	1461921232054	KO	status.find.is(200), but actually found 400
REQUEST	injecteur 7	2		request_7	1461921232012	1461921232055	KO	status.find.is(200), but actually found 400
REQUEST	injecteur 8	4		request_8	1461921232013	1461921232057	KO	status.find.is(200), but actually found 400
REQUEST	injecteur 3	3		request_3	1461921232013	1461921232057	KO	status.find.is(200), but actually found 400
REQUEST	injecteur 1	7		request_1	1461921232015	1461921232058	KO	status.find.is(200), but actually found 400
REQUEST	injecteur 2	9		request_2	1461921232030	1461921232074	KO	status.find.is(200), but actually found 400
REQUEST	injecteur 9	6		request_9	1461921232031	1461921232075	KO	status.find.is(200), but actually found 400
REQUEST	injecteur 6	8		request_6	1461921232033	1461921232076	KO	status.find.is(200), but actually found 400
REQUEST	injecteur 10	5		request_10	1461921232035	1461921232076	KO	status.find.is(200), but actually found 400
REQUEST	injecteur 5	10		request_5	1461921232041	1461921232077	KO	status.find.is(200), but actually found 400
REQUEST	injecteur 4	1		request_4	1461921232055	1461921232094	KO	status.find.is(200), but actually found 400
REQUEST	injecteur 7	2		request_7	1461921232056	1461921232096	KO	status.find.is(200), but actually found 400
REQUEST	injecteur 3	3		request_3	1461921232060	1461921232096	KO	status.find.is(200), but actually found 400
REQUEST	injecteur 1	7		request_1	1461921232061	1461921232099	KO	status.find.is(200), but actually found 400
REQUEST	injecteur 8	4		request_8	1461921232058	1461921232099	KO	status.find.is(200), but actually found 400
REQUEST	injecteur 2	9		request_2	1461921232075	1461921232120	KO	status.find.is(200), but actually found 400
REQUEST	injecteur 9	6		request_9	1461921232076	1461921232121	KO	status.find.is(200), but actually found 400
REQUEST	injecteur 6	8		request_6	1461921232077	1461921232122	KO	status.find.is(200), but actually found 400
REQUEST	injecteur 10	5		request_10	1461921232078	1461921232123	KO	status.find.is(200), but actually found 400
REQUEST	injecteur 5	10		request_5	1461921232079	1461921232124	KO	status.find.is(200), but actually found 400
REQUEST	injecteur 4	1		request_4	1461921232096	1461921232143	KO	status.find.is(200), but actually found 400
REQUEST	injecteur 7	2		request_7	1461921232097	1461921232144	KO	status.find.is(200), but actually found 400
REQUEST	injecteur 3	3		request_3	1461921232101	1461921232145	KO	status.find.is(200), but actually found 400
REQUEST	injecteur 1	7		request_1	1461921232103	1461921232145	KO	status.find.is(200), but actually found 400
REQUEST	injecteur 8	4		request_8	1461921232112	1461921232146	KO	status.find.is(200), but actually found 400
REQUEST	injecteur 2	9		request_2	1461921232122	1461921232163	KO	status.find.is(200), but actually found 400
REQUEST	injecteur 9	6		request_9	1461921232123	1461921232164	KO	status.find.is(200), but actually found 400
REQUEST	injecteur 6	8		request_6	1461921232124	1461921232165	KO	status.find.is(200), but actually found 400
REQUEST	injecteur 10	5		request_10	1461921232125	1461921232165	KO	status.find.is(200), but actually found 400
REQUEST	injecteur 5	10		request_5	1461921232126	1461921232167	KO	status.find.is(200), but actually found 400
REQUEST	injecteur 4	1		request_4	1461921232145	1461921232181	KO	status.find.is(200), but actually found 400
REQUEST	injecteur 7	2		request_7	1461921232146	1461921232182	KO	status.find.is(200), but actually found 400
REQUEST	injecteur 3	3		request_3	1461921232148	1461921232183	KO	status.find.is(200), but actually found 400
REQUEST	injecteur 1	7		request_1	1461921232149	1461921232186	KO	status.find.is(200), but actually found 400
REQUEST	injecteur 8	4		request_8	1461921232149	1461921232189	KO	status.find.is(200), but actually found 400
REQUEST	injecteur 2	9		request_2	1461921232165	1461921232207	KO	status.find.is(200), but actually found 400
REQUEST	injecteur 9	6		request_9	1461921232165	1461921232208	KO	status.find.is(200), but actually found 400
REQUEST	injecteur 6	8		request_6	1461921232166	1461921232208	KO	status.find.is(200), but actually found 400
REQUEST	injecteur 10	5		request_10	1461921232168	1461921232210	KO	status.find.is(200), but actually found 400
REQUEST	injecteur 5	10		request_5	1461921232169	1461921232211	KO	status.find.is(200), but actually found 400
REQUEST	injecteur 4	1		request_4	1461921232182	1461921232229	KO	status.find.is(200), but actually found 400
REQUEST	injecteur 7	2		request_7	1461921232183	1461921232230	KO	status.find.is(200), but actually found 400
REQUEST	injecteur 3	3		request_3	1461921232185	1461921232231	KO	status.find.is(200), but actually found 400
REQUEST	injecteur 1	7		request_1	1461921232187	1461921232232	KO	status.find.is(200), but actually found 400
REQUEST	injecteur 8	4		request_8	1461921232190	1461921232233	KO	status.find.is(200), but actually found 400
REQUEST	injecteur 2	9		request_2	1461921232208	1461921232247	KO	status.find.is(200), but actually found 400
REQUEST	injecteur 9	6		request_9	1461921232210	1461921232248	KO	status.find.is(200), but actually found 400
REQUEST	injecteur 6	8		request_6	1461921232211	1461921232250	KO	status.find.is(200), but actually found 400
REQUEST	injecteur 10	5		request_10	1461921232212	1461921232251	KO	status.find.is(200), but actually found 400
REQUEST	injecteur 5	10		request_5	1461921232215	1461921232251	KO	status.find.is(200), but actually found 400
REQUEST	injecteur 7	2		request_7	1461921232231	1461921232266	KO	status.find.is(200), but actually found 400
REQUEST	injecteur 4	1		request_4	1461921232231	1461921232266	KO	status.find.is(200), but actually found 400
REQUEST	injecteur 3	3		request_3	1461921232232	1461921232268	KO	status.find.is(200), but actually found 400
REQUEST	injecteur 1	7		request_1	1461921232234	1461921232268	KO	status.find.is(200), but actually found 400
REQUEST	injecteur 8	4		request_8	1461921232235	1461921232269	KO	status.find.is(200), but actually found 400
REQUEST	injecteur 2	9		request_2	1461921232249	1461921232283	KO	status.find.is(200), but actually found 400
REQUEST	injecteur 9	6		request_9	1461921232250	1461921232285	KO	status.find.is(200), but actually found 400
REQUEST	injecteur 6	8		request_6	1461921232252	1461921232286	KO	status.find.is(200), but actually found 400
REQUEST	injecteur 10	5		request_10	1461921232254	1461921232287	KO	status.find.is(200), but actually found 400
REQUEST	injecteur 5	10		request_5	1461921232254	1461921232290	KO	status.find.is(200), but actually found 400
REQUEST	injecteur 7	2		request_7	1461921232267	1461921232305	KO	status.find.is(200), but actually found 400
REQUEST	injecteur 4	1		request_4	1461921232270	1461921232306	KO	status.find.is(200), but actually found 400
REQUEST	injecteur 3	3		request_3	1461921232270	1461921232307	KO	status.find.is(200), but actually found 400
REQUEST	injecteur 1	7		request_1	1461921232271	1461921232308	KO	status.find.is(200), but actually found 400
REQUEST	injecteur 8	4		request_8	1461921232272	1461921232310	KO	status.find.is(200), but actually found 400
REQUEST	injecteur 2	9		request_2	1461921232285	1461921232324	KO	status.find.is(200), but actually found 400
REQUEST	injecteur 9	6		request_9	1461921232287	1461921232324	KO	status.find.is(200), but actually found 400
REQUEST	injecteur 6	8		request_6	1461921232288	1461921232325	KO	status.find.is(200), but actually found 400
REQUEST	injecteur 10	5		request_10	1461921232290	1461921232326	KO	status.find.is(200), but actually found 400
REQUEST	injecteur 5	10		request_5	1461921232291	1461921232327	KO	status.find.is(200), but actually found 400
REQUEST	injecteur 7	2		request_7	1461921232306	1461921232341	KO	status.find.is(200), but actually found 400
REQUEST	injecteur 4	1		request_4	1461921232308	1461921232342	KO	status.find.is(200), but actually found 400
REQUEST	injecteur 3	3		request_3	1461921232308	1461921232343	KO	status.find.is(200), but actually found 400
REQUEST	injecteur 1	7		request_1	1461921232309	1461921232343	KO	status.find.is(200), but actually found 400
REQUEST	injecteur 8	4		request_8	1461921232311	1461921232345	KO	status.find.is(200), but actually found 400
REQUEST	injecteur 2	9		request_2	1461921232325	1461921232359	KO	status.find.is(200), but actually found 400
REQUEST	injecteur 9	6		request_9	1461921232325	1461921232360	KO	status.find.is(200), but actually found 400
REQUEST	injecteur 6	8		request_6	1461921232326	1461921232361	KO	status.find.is(200), but actually found 400
REQUEST	injecteur 10	5		request_10	1461921232326	1461921232362	KO	status.find.is(200), but actually found 400
REQUEST	injecteur 5	10		request_5	1461921232328	1461921232363	KO	status.find.is(200), but actually found 400
REQUEST	injecteur 7	2		request_7	1461921232342	1461921232377	KO	status.find.is(200), but actually found 400
REQUEST	injecteur 3	3		request_3	1461921232343	1461921232377	KO	status.find.is(200), but actually found 400
REQUEST	injecteur 4	1		request_4	1461921232343	1461921232378	KO	status.find.is(200), but actually found 400
REQUEST	injecteur 1	7		request_1	1461921232345	1461921232379	KO	status.find.is(200), but actually found 400
REQUEST	injecteur 8	4		request_8	1461921232345	1461921232382	KO	status.find.is(200), but actually found 400
REQUEST	injecteur 2	9		request_2	1461921232360	1461921232397	KO	status.find.is(200), but actually found 400
REQUEST	injecteur 9	6		request_9	1461921232361	1461921232397	KO	status.find.is(200), but actually found 400
REQUEST	injecteur 6	8		request_6	1461921232362	1461921232398	KO	status.find.is(200), but actually found 400
REQUEST	injecteur 10	5		request_10	1461921232363	1461921232399	KO	status.find.is(200), but actually found 400
REQUEST	injecteur 5	10		request_5	1461921232364	1461921232401	KO	status.find.is(200), but actually found 400
REQUEST	injecteur 7	2		request_7	1461921232378	1461921232414	KO	status.find.is(200), but actually found 400
REQUEST	injecteur 3	3		request_3	1461921232378	1461921232415	KO	status.find.is(200), but actually found 400
REQUEST	injecteur 4	1		request_4	1461921232379	1461921232417	KO	status.find.is(200), but actually found 400
REQUEST	injecteur 1	7		request_1	1461921232380	1461921232417	KO	status.find.is(200), but actually found 400
REQUEST	injecteur 8	4		request_8	1461921232383	1461921232418	KO	status.find.is(200), but actually found 400
REQUEST	injecteur 2	9		request_2	1461921232398	1461921232432	KO	status.find.is(200), but actually found 400
REQUEST	injecteur 6	8		request_6	1461921232399	1461921232433	KO	status.find.is(200), but actually found 400
REQUEST	injecteur 9	6		request_9	1461921232399	1461921232434	KO	status.find.is(200), but actually found 400
REQUEST	injecteur 10	5		request_10	1461921232401	1461921232437	KO	status.find.is(200), but actually found 400
REQUEST	injecteur 5	10		request_5	1461921232402	1461921232436	KO	status.find.is(200), but actually found 400
REQUEST	injecteur 7	2		request_7	1461921232416	1461921232451	KO	status.find.is(200), but actually found 400
REQUEST	injecteur 3	3		request_3	1461921232416	1461921232451	KO	status.find.is(200), but actually found 400
REQUEST	injecteur 4	1		request_4	1461921232418	1461921232452	KO	status.find.is(200), but actually found 400
REQUEST	injecteur 1	7		request_1	1461921232418	1461921232454	KO	status.find.is(200), but actually found 400
REQUEST	injecteur 8	4		request_8	1461921232419	1461921232455	KO	status.find.is(200), but actually found 400
REQUEST	injecteur 2	9		request_2	1461921232433	1461921232468	KO	status.find.is(200), but actually found 400
REQUEST	injecteur 6	8		request_6	1461921232435	1461921232469	KO	status.find.is(200), but actually found 400
REQUEST	injecteur 9	6		request_9	1461921232436	1461921232470	KO	status.find.is(200), but actually found 400
REQUEST	injecteur 10	5		request_10	1461921232438	1461921232471	KO	status.find.is(200), but actually found 400
REQUEST	injecteur 5	10		request_5	1461921232438	1461921232472	KO	status.find.is(200), but actually found 400
REQUEST	injecteur 7	2		request_7	1461921232452	1461921232485	KO	status.find.is(200), but actually found 400
REQUEST	injecteur 3	3		request_3	1461921232452	1461921232485	KO	status.find.is(200), but actually found 400
REQUEST	injecteur 4	1		request_4	1461921232454	1461921232487	KO	status.find.is(200), but actually found 400
REQUEST	injecteur 1	7		request_1	1461921232455	1461921232488	KO	status.find.is(200), but actually found 400
REQUEST	injecteur 8	4		request_8	1461921232456	1461921232489	KO	status.find.is(200), but actually found 400
REQUEST	injecteur 6	8		request_6	1461921232470	1461921232505	KO	status.find.is(200), but actually found 400
REQUEST	injecteur 2	9		request_2	1461921232469	1461921232506	KO	status.find.is(200), but actually found 400
REQUEST	injecteur 9	6		request_9	1461921232471	1461921232507	KO	status.find.is(200), but actually found 400
REQUEST	injecteur 10	5		request_10	1461921232473	1461921232509	KO	status.find.is(200), but actually found 400
REQUEST	injecteur 5	10		request_5	1461921232473	1461921232509	KO	status.find.is(200), but actually found 400
REQUEST	injecteur 7	2		request_7	1461921232486	1461921232523	KO	status.find.is(200), but actually found 400
REQUEST	injecteur 3	3		request_3	1461921232486	1461921232524	KO	status.find.is(200), but actually found 400
REQUEST	injecteur 4	1		request_4	1461921232488	1461921232525	KO	status.find.is(200), but actually found 400
REQUEST	injecteur 1	7		request_1	1461921232490	1461921232526	KO	status.find.is(200), but actually found 400
REQUEST	injecteur 8	4		request_8	1461921232490	1461921232527	KO	status.find.is(200), but actually found 400
REQUEST	injecteur 6	8		request_6	1461921232507	1461921232542	KO	status.find.is(200), but actually found 400
REQUEST	injecteur 2	9		request_2	1461921232507	1461921232543	KO	status.find.is(200), but actually found 400
REQUEST	injecteur 9	6		request_9	1461921232508	1461921232543	KO	status.find.is(200), but actually found 400
REQUEST	injecteur 10	5		request_10	1461921232509	1461921232544	KO	status.find.is(200), but actually found 400
REQUEST	injecteur 5	10		request_5	1461921232509	1461921232545	KO	status.find.is(200), but actually found 400
REQUEST	injecteur 7	2		request_7	1461921232525	1461921232559	KO	status.find.is(200), but actually found 400
REQUEST	injecteur 3	3		request_3	1461921232525	1461921232560	KO	status.find.is(200), but actually found 400
REQUEST	injecteur 4	1		request_4	1461921232526	1461921232560	KO	status.find.is(200), but actually found 400
REQUEST	injecteur 1	7		request_1	1461921232527	1461921232561	KO	status.find.is(200), but actually found 400
REQUEST	injecteur 8	4		request_8	1461921232528	1461921232562	KO	status.find.is(200), but actually found 400
REQUEST	injecteur 2	9		request_2	1461921232543	1461921232578	KO	status.find.is(200), but actually found 400
REQUEST	injecteur 6	8		request_6	1461921232543	1461921232578	KO	status.find.is(200), but actually found 400
REQUEST	injecteur 9	6		request_9	1461921232544	1461921232579	KO	status.find.is(200), but actually found 400
REQUEST	injecteur 5	10		request_5	1461921232546	1461921232582	KO	status.find.is(200), but actually found 400
REQUEST	injecteur 10	5		request_10	1461921232545	1461921232581	KO	status.find.is(200), but actually found 400
REQUEST	injecteur 7	2		request_7	1461921232560	1461921232597	KO	status.find.is(200), but actually found 400
REQUEST	injecteur 3	3		request_3	1461921232561	1461921232598	KO	status.find.is(200), but actually found 400
REQUEST	injecteur 4	1		request_4	1461921232561	1461921232599	KO	status.find.is(200), but actually found 400
REQUEST	injecteur 8	4		request_8	1461921232563	1461921232600	KO	status.find.is(200), but actually found 400
REQUEST	injecteur 1	7		request_1	1461921232562	1461921232599	KO	status.find.is(200), but actually found 400
REQUEST	injecteur 6	8		request_6	1461921232580	1461921232619	KO	status.find.is(200), but actually found 400
REQUEST	injecteur 2	9		request_2	1461921232580	1461921232620	KO	status.find.is(200), but actually found 400
REQUEST	injecteur 9	6		request_9	1461921232581	1461921232621	KO	status.find.is(200), but actually found 400
REQUEST	injecteur 10	5		request_10	1461921232582	1461921232623	KO	status.find.is(200), but actually found 400
REQUEST	injecteur 5	10		request_5	1461921232582	1461921232624	KO	status.find.is(200), but actually found 400
REQUEST	injecteur 3	3		request_3	1461921232599	1461921232647	KO	status.find.is(200), but actually found 400
REQUEST	injecteur 4	1		request_4	1461921232601	1461921232649	KO	status.find.is(200), but actually found 400
REQUEST	injecteur 1	7		request_1	1461921232603	1461921232650	KO	status.find.is(200), but actually found 400
REQUEST	injecteur 7	2		request_7	1461921232599	1461921232648	KO	status.find.is(200), but actually found 400
REQUEST	injecteur 8	4		request_8	1461921232603	1461921232654	KO	status.find.is(200), but actually found 400
REQUEST	injecteur 6	8		request_6	1461921232620	1461921232696	KO	status.find.is(200), but actually found 400
REQUEST	injecteur 2	9		request_2	1461921232622	1461921232697	KO	status.find.is(200), but actually found 400
REQUEST	injecteur 9	6		request_9	1461921232625	1461921232697	KO	status.find.is(200), but actually found 400
REQUEST	injecteur 10	5		request_10	1461921232626	1461921232699	KO	status.find.is(200), but actually found 400
REQUEST	injecteur 5	10		request_5	1461921232631	1461921232699	KO	status.find.is(200), but actually found 400
REQUEST	injecteur 3	3		request_3	1461921232648	1461921232722	KO	status.find.is(200), but actually found 400
REQUEST	injecteur 4	1		request_4	1461921232650	1461921232723	KO	status.find.is(200), but actually found 400
REQUEST	injecteur 8	4		request_8	1461921232656	1461921232728	KO	status.find.is(200), but actually found 400
REQUEST	injecteur 1	7		request_1	1461921232651	1461921232730	KO	status.find.is(200), but actually found 400
REQUEST	injecteur 7	2		request_7	1461921232653	1461921232731	KO	status.find.is(200), but actually found 400
REQUEST	injecteur 6	8		request_6	1461921232698	1461921232746	KO	status.find.is(200), but actually found 400
REQUEST	injecteur 2	9		request_2	1461921232700	1461921232746	KO	status.find.is(200), but actually found 400
REQUEST	injecteur 9	6		request_9	1461921232702	1461921232747	KO	status.find.is(200), but actually found 400
REQUEST	injecteur 10	5		request_10	1461921232711	1461921232748	KO	status.find.is(200), but actually found 400
REQUEST	injecteur 5	10		request_5	1461921232713	1461921232764	KO	status.find.is(200), but actually found 400
REQUEST	injecteur 3	3		request_3	1461921232724	1461921232765	KO	status.find.is(200), but actually found 400
REQUEST	injecteur 4	1		request_4	1461921232725	1461921232765	KO	status.find.is(200), but actually found 400
REQUEST	injecteur 8	4		request_8	1461921232731	1461921232766	KO	status.find.is(200), but actually found 400
REQUEST	injecteur 7	2		request_7	1461921232738	1461921232768	KO	status.find.is(200), but actually found 400
REQUEST	injecteur 1	7		request_1	1461921232736	1461921232769	KO	status.find.is(200), but actually found 400
REQUEST	injecteur 6	8		request_6	1461921232747	1461921232784	KO	status.find.is(200), but actually found 400
REQUEST	injecteur 9	6		request_9	1461921232748	1461921232785	KO	status.find.is(200), but actually found 400
REQUEST	injecteur 2	9		request_2	1461921232748	1461921232785	KO	status.find.is(200), but actually found 400
REQUEST	injecteur 10	5		request_10	1461921232749	1461921232786	KO	status.find.is(200), but actually found 400
REQUEST	injecteur 5	10		request_5	1461921232765	1461921232802	KO	status.find.is(200), but actually found 400
REQUEST	injecteur 3	3		request_3	1461921232767	1461921232802	KO	status.find.is(200), but actually found 400
REQUEST	injecteur 8	4		request_8	1461921232769	1461921232803	KO	status.find.is(200), but actually found 400
REQUEST	injecteur 4	1		request_4	1461921232769	1461921232805	KO	status.find.is(200), but actually found 400
REQUEST	injecteur 7	2		request_7	1461921232770	1461921232807	KO	status.find.is(200), but actually found 400
REQUEST	injecteur 1	7		request_1	1461921232772	1461921232808	KO	status.find.is(200), but actually found 400
REQUEST	injecteur 6	8		request_6	1461921232786	1461921232834	KO	status.find.is(200), but actually found 400
REQUEST	injecteur 9	6		request_9	1461921232787	1461921232835	KO	status.find.is(200), but actually found 400
REQUEST	injecteur 2	9		request_2	1461921232788	1461921232837	KO	status.find.is(200), but actually found 400
REQUEST	injecteur 10	5		request_10	1461921232789	1461921232838	KO	status.find.is(200), but actually found 400
REQUEST	injecteur 5	10		request_5	1461921232803	1461921232855	KO	status.find.is(200), but actually found 400
REQUEST	injecteur 3	3		request_3	1461921232804	1461921232855	KO	status.find.is(200), but actually found 400
REQUEST	injecteur 8	4		request_8	1461921232807	1461921232857	KO	status.find.is(200), but actually found 400
REQUEST	injecteur 4	1		request_4	1461921232808	1461921232860	KO	status.find.is(200), but actually found 400
REQUEST	injecteur 7	2		request_7	1461921232810	1461921232860	KO	status.find.is(200), but actually found 400
REQUEST	injecteur 1	7		request_1	1461921232815	1461921232861	KO	status.find.is(200), but actually found 400
REQUEST	injecteur 6	8		request_6	1461921232835	1461921232874	KO	status.find.is(200), but actually found 400
REQUEST	injecteur 9	6		request_9	1461921232836	1461921232875	KO	status.find.is(200), but actually found 400
REQUEST	injecteur 2	9		request_2	1461921232838	1461921232876	KO	status.find.is(200), but actually found 400
REQUEST	injecteur 10	5		request_10	1461921232839	1461921232876	KO	status.find.is(200), but actually found 400
REQUEST	injecteur 5	10		request_5	1461921232856	1461921232889	KO	status.find.is(200), but actually found 400
REQUEST	injecteur 3	3		request_3	1461921232857	1461921232890	KO	status.find.is(200), but actually found 400
REQUEST	injecteur 1	7		request_1	1461921232862	1461921232897	KO	status.find.is(200), but actually found 400
REQUEST	injecteur 4	1		request_4	1461921232861	1461921232897	KO	status.find.is(200), but actually found 400
REQUEST	injecteur 7	2		request_7	1461921232862	1461921232898	KO	status.find.is(200), but actually found 400
REQUEST	injecteur 8	4		request_8	1461921232858	1461921232891	KO	status.find.is(200), but actually found 400
REQUEST	injecteur 6	8		request_6	1461921232875	1461921232912	KO	status.find.is(200), but actually found 400
REQUEST	injecteur 9	6		request_9	1461921232876	1461921232912	KO	status.find.is(200), but actually found 400
REQUEST	injecteur 10	5		request_10	1461921232877	1461921232913	KO	status.find.is(200), but actually found 400
REQUEST	injecteur 2	9		request_2	1461921232877	1461921232914	KO	status.find.is(200), but actually found 400
REQUEST	injecteur 5	10		request_5	1461921232891	1461921232927	KO	status.find.is(200), but actually found 400
REQUEST	injecteur 3	3		request_3	1461921232897	1461921232928	KO	status.find.is(200), but actually found 400
REQUEST	injecteur 1	7		request_1	1461921232899	1461921232928	KO	status.find.is(200), but actually found 400
REQUEST	injecteur 4	1		request_4	1461921232899	1461921232929	KO	status.find.is(200), but actually found 400
REQUEST	injecteur 7	2		request_7	1461921232899	1461921232930	KO	status.find.is(200), but actually found 400
REQUEST	injecteur 8	4		request_8	1461921232899	1461921232930	KO	status.find.is(200), but actually found 400
REQUEST	injecteur 6	8		request_6	1461921232913	1461921232943	KO	status.find.is(200), but actually found 400
REQUEST	injecteur 9	6		request_9	1461921232913	1461921232943	KO	status.find.is(200), but actually found 400
REQUEST	injecteur 10	5		request_10	1461921232914	1461921232944	KO	status.find.is(200), but actually found 400
REQUEST	injecteur 2	9		request_2	1461921232914	1461921232946	KO	status.find.is(200), but actually found 400
REQUEST	injecteur 5	10		request_5	1461921232928	1461921232960	KO	status.find.is(200), but actually found 400
REQUEST	injecteur 3	3		request_3	1461921232928	1461921232961	KO	status.find.is(200), but actually found 400
REQUEST	injecteur 1	7		request_1	1461921232929	1461921232962	KO	status.find.is(200), but actually found 400
REQUEST	injecteur 4	1		request_4	1461921232930	1461921232963	KO	status.find.is(200), but actually found 400
REQUEST	injecteur 7	2		request_7	1461921232930	1461921232963	KO	status.find.is(200), but actually found 400
REQUEST	injecteur 8	4		request_8	1461921232932	1461921232963	KO	status.find.is(200), but actually found 400
REQUEST	injecteur 6	8		request_6	1461921232944	1461921232977	KO	status.find.is(200), but actually found 400
REQUEST	injecteur 9	6		request_9	1461921232945	1461921232977	KO	status.find.is(200), but actually found 400
REQUEST	injecteur 10	5		request_10	1461921232945	1461921232978	KO	status.find.is(200), but actually found 400
REQUEST	injecteur 2	9		request_2	1461921232946	1461921232979	KO	status.find.is(200), but actually found 400
REQUEST	injecteur 5	10		request_5	1461921232961	1461921232992	KO	status.find.is(200), but actually found 400
REQUEST	injecteur 3	3		request_3	1461921232962	1461921232993	KO	status.find.is(200), but actually found 400
REQUEST	injecteur 1	7		request_1	1461921232963	1461921232993	KO	status.find.is(200), but actually found 400
REQUEST	injecteur 4	1		request_4	1461921232964	1461921232994	KO	status.find.is(200), but actually found 400
REQUEST	injecteur 7	2		request_7	1461921232964	1461921232995	KO	status.find.is(200), but actually found 400
REQUEST	injecteur 8	4		request_8	1461921232964	1461921232996	KO	status.find.is(200), but actually found 400
REQUEST	injecteur 6	8		request_6	1461921232978	1461921233010	KO	status.find.is(200), but actually found 400
REQUEST	injecteur 9	6		request_9	1461921232978	1461921233010	KO	status.find.is(200), but actually found 400
REQUEST	injecteur 2	9		request_2	1461921232980	1461921233011	KO	status.find.is(200), but actually found 400
REQUEST	injecteur 10	5		request_10	1461921232980	1461921233012	KO	status.find.is(200), but actually found 400
REQUEST	injecteur 5	10		request_5	1461921232993	1461921233025	KO	status.find.is(200), but actually found 400
REQUEST	injecteur 3	3		request_3	1461921232993	1461921233026	KO	status.find.is(200), but actually found 400
REQUEST	injecteur 1	7		request_1	1461921232995	1461921233027	KO	status.find.is(200), but actually found 400
REQUEST	injecteur 4	1		request_4	1461921232995	1461921233028	KO	status.find.is(200), but actually found 400
REQUEST	injecteur 7	2		request_7	1461921232996	1461921233028	KO	status.find.is(200), but actually found 400
REQUEST	injecteur 8	4		request_8	1461921232997	1461921233028	KO	status.find.is(200), but actually found 400
REQUEST	injecteur 6	8		request_6	1461921233011	1461921233042	KO	status.find.is(200), but actually found 400
REQUEST	injecteur 9	6		request_9	1461921233012	1461921233042	KO	status.find.is(200), but actually found 400
REQUEST	injecteur 2	9		request_2	1461921233012	1461921233043	KO	status.find.is(200), but actually found 400
REQUEST	injecteur 10	5		request_10	1461921233013	1461921233044	KO	status.find.is(200), but actually found 400
REQUEST	injecteur 5	10		request_5	1461921233026	1461921233059	KO	status.find.is(200), but actually found 400
REQUEST	injecteur 3	3		request_3	1461921233027	1461921233059	KO	status.find.is(200), but actually found 400
REQUEST	injecteur 1	7		request_1	1461921233028	1461921233060	KO	status.find.is(200), but actually found 400
REQUEST	injecteur 7	2		request_7	1461921233029	1461921233061	KO	status.find.is(200), but actually found 400
REQUEST	injecteur 4	1		request_4	1461921233029	1461921233062	KO	status.find.is(200), but actually found 400
REQUEST	injecteur 8	4		request_8	1461921233030	1461921233062	KO	status.find.is(200), but actually found 400
REQUEST	injecteur 6	8		request_6	1461921233043	1461921233076	KO	status.find.is(200), but actually found 400
REQUEST	injecteur 9	6		request_9	1461921233044	1461921233077	KO	status.find.is(200), but actually found 400
REQUEST	injecteur 10	5		request_10	1461921233045	1461921233079	KO	status.find.is(200), but actually found 400
REQUEST	injecteur 2	9		request_2	1461921233045	1461921233078	KO	status.find.is(200), but actually found 400
REQUEST	injecteur 5	10		request_5	1461921233060	1461921233094	KO	status.find.is(200), but actually found 400
REQUEST	injecteur 3	3		request_3	1461921233060	1461921233095	KO	status.find.is(200), but actually found 400
REQUEST	injecteur 1	7		request_1	1461921233061	1461921233095	KO	status.find.is(200), but actually found 400
REQUEST	injecteur 8	4		request_8	1461921233065	1461921233097	KO	status.find.is(200), but actually found 400
REQUEST	injecteur 7	2		request_7	1461921233062	1461921233097	KO	status.find.is(200), but actually found 400
REQUEST	injecteur 4	1		request_4	1461921233063	1461921233097	KO	status.find.is(200), but actually found 400
REQUEST	injecteur 6	8		request_6	1461921233077	1461921233114	KO	status.find.is(200), but actually found 400
REQUEST	injecteur 9	6		request_9	1461921233078	1461921233114	KO	status.find.is(200), but actually found 400
REQUEST	injecteur 10	5		request_10	1461921233079	1461921233115	KO	status.find.is(200), but actually found 400
REQUEST	injecteur 2	9		request_2	1461921233080	1461921233116	KO	status.find.is(200), but actually found 400
REQUEST	injecteur 5	10		request_5	1461921233095	1461921233130	KO	status.find.is(200), but actually found 400
REQUEST	injecteur 3	3		request_3	1461921233095	1461921233130	KO	status.find.is(200), but actually found 400
