ASSERTION	AAMBAAMDBABk
RUN	Injections		injections	1462183518318	 	2.0
USER	injecteur 4	1	START	1462183520585	1462183520585
USER	injecteur 7	2	START	1462183520694	1462183520694
USER	injecteur 3	3	START	1462183520697	1462183520697
USER	injecteur 8	4	START	1462183520700	1462183520700
USER	injecteur 10	5	START	1462183520702	1462183520702
USER	injecteur 9	6	START	1462183520706	1462183520706
USER	injecteur 1	7	START	1462183520709	1462183520709
USER	injecteur 6	8	START	1462183520732	1462183520732
USER	injecteur 2	9	START	1462183520757	1462183520757
USER	injecteur 5	10	START	1462183520783	1462183520783
REQUEST	injecteur 8	4		request_8	1462183520701	1462183520895	OK	 
REQUEST	injecteur 4	1		request_4	1462183520686	1462183520900	OK	 
REQUEST	injecteur 3	3		request_3	1462183520698	1462183520926	OK	 
REQUEST	injecteur 6	8		request_6	1462183520734	1462183520882	OK	 
REQUEST	injecteur 9	6		request_9	1462183520707	1462183520870	OK	 
REQUEST	injecteur 10	5		request_10	1462183520704	1462183520959	OK	 
REQUEST	injecteur 1	7		request_1	1462183520710	1462183520967	OK	 
REQUEST	injecteur 2	9		request_2	1462183520773	1462183520994	OK	 
REQUEST	injecteur 4	1		request_4	1462183520932	1462183521013	OK	 
REQUEST	injecteur 8	4		request_8	1462183520934	1462183521024	OK	 
REQUEST	injecteur 3	3		request_3	1462183520940	1462183521030	OK	 
REQUEST	injecteur 6	8		request_6	1462183520946	1462183521055	OK	 
REQUEST	injecteur 7	2		request_7	1462183520695	1462183520995	KO	status.find.is(200), but actually found 400
REQUEST	injecteur 9	6		request_9	1462183520947	1462183521076	OK	 
REQUEST	injecteur 5	10		request_5	1462183520791	1462183521096	OK	 
REQUEST	injecteur 10	5		request_10	1462183520967	1462183521108	OK	 
REQUEST	injecteur 1	7		request_1	1462183520971	1462183521121	OK	 
REQUEST	injecteur 2	9		request_2	1462183520996	1462183521127	OK	 
REQUEST	injecteur 4	1		request_4	1462183521016	1462183521139	OK	 
REQUEST	injecteur 8	4		request_8	1462183521027	1462183521149	OK	 
REQUEST	injecteur 3	3		request_3	1462183521035	1462183521160	OK	 
REQUEST	injecteur 6	8		request_6	1462183521070	1462183521176	OK	 
REQUEST	injecteur 9	6		request_9	1462183521081	1462183521185	OK	 
REQUEST	injecteur 5	10		request_5	1462183521099	1462183521192	OK	 
REQUEST	injecteur 10	5		request_10	1462183521111	1462183521203	OK	 
REQUEST	injecteur 1	7		request_1	1462183521124	1462183521218	OK	 
REQUEST	injecteur 2	9		request_2	1462183521131	1462183521225	OK	 
REQUEST	injecteur 4	1		request_4	1462183521142	1462183521238	OK	 
REQUEST	injecteur 8	4		request_8	1462183521151	1462183521242	OK	 
REQUEST	injecteur 3	3		request_3	1462183521163	1462183521257	OK	 
REQUEST	injecteur 6	8		request_6	1462183521178	1462183521261	OK	 
REQUEST	injecteur 7	2		request_7	1462183521078	1462183521255	KO	status.find.is(200), but actually found 400
REQUEST	injecteur 9	6		request_9	1462183521187	1462183521297	OK	 
REQUEST	injecteur 5	10		request_5	1462183521195	1462183521313	OK	 
REQUEST	injecteur 10	5		request_10	1462183521206	1462183521334	OK	 
REQUEST	injecteur 1	7		request_1	1462183521220	1462183521342	OK	 
REQUEST	injecteur 2	9		request_2	1462183521230	1462183521347	OK	 
REQUEST	injecteur 4	1		request_4	1462183521252	1462183521360	OK	 
REQUEST	injecteur 8	4		request_8	1462183521255	1462183521370	OK	 
REQUEST	injecteur 3	3		request_3	1462183521268	1462183521376	OK	 
REQUEST	injecteur 6	8		request_6	1462183521272	1462183521385	OK	 
REQUEST	injecteur 9	6		request_9	1462183521300	1462183521432	OK	 
REQUEST	injecteur 5	10		request_5	1462183521316	1462183521464	OK	 
REQUEST	injecteur 10	5		request_10	1462183521336	1462183521492	OK	 
REQUEST	injecteur 7	2		request_7	1462183521282	1462183521503	KO	status.find.is(200), but actually found 400
REQUEST	injecteur 1	7		request_1	1462183521346	1462183521527	OK	 
REQUEST	injecteur 2	9		request_2	1462183521351	1462183521535	OK	 
REQUEST	injecteur 4	1		request_4	1462183521362	1462183521546	OK	 
REQUEST	injecteur 8	4		request_8	1462183521377	1462183521554	OK	 
REQUEST	injecteur 3	3		request_3	1462183521383	1462183521561	OK	 
REQUEST	injecteur 6	8		request_6	1462183521389	1462183521573	OK	 
REQUEST	injecteur 9	6		request_9	1462183521435	1462183521588	OK	 
REQUEST	injecteur 5	10		request_5	1462183521466	1462183521628	OK	 
REQUEST	injecteur 10	5		request_10	1462183521505	1462183521717	OK	 
REQUEST	injecteur 1	7		request_1	1462183521529	1462183521727	OK	 
REQUEST	injecteur 2	9		request_2	1462183521537	1462183521735	OK	 
REQUEST	injecteur 4	1		request_4	1462183521548	1462183521746	OK	 
REQUEST	injecteur 8	4		request_8	1462183521556	1462183521748	OK	 
REQUEST	injecteur 3	3		request_3	1462183521565	1462183521753	OK	 
REQUEST	injecteur 6	8		request_6	1462183521575	1462183521776	OK	 
REQUEST	injecteur 9	6		request_9	1462183521590	1462183521789	OK	 
REQUEST	injecteur 5	10		request_5	1462183521630	1462183521877	OK	 
REQUEST	injecteur 7	2		request_7	1462183521512	1462183521894	KO	status.find.is(200), but actually found 400
REQUEST	injecteur 10	5		request_10	1462183521719	1462183521925	OK	 
REQUEST	injecteur 1	7		request_1	1462183521730	1462183521933	OK	 
REQUEST	injecteur 2	9		request_2	1462183521738	1462183521940	OK	 
REQUEST	injecteur 8	4		request_8	1462183521750	1462183521943	OK	 
REQUEST	injecteur 3	3		request_3	1462183521758	1462183521970	OK	 
REQUEST	injecteur 6	8		request_6	1462183521779	1462183521991	OK	 
REQUEST	injecteur 9	6		request_9	1462183521792	1462183521995	OK	 
REQUEST	injecteur 4	1		request_4	1462183521751	1462183522021	OK	 
REQUEST	injecteur 5	10		request_5	1462183521880	1462183522092	OK	 
REQUEST	injecteur 10	5		request_10	1462183521931	1462183522133	OK	 
REQUEST	injecteur 1	7		request_1	1462183521940	1462183522194	OK	 
REQUEST	injecteur 2	9		request_2	1462183521953	1462183522238	OK	 
REQUEST	injecteur 8	4		request_8	1462183521970	1462183522250	OK	 
REQUEST	injecteur 3	3		request_3	1462183521992	1462183522322	OK	 
REQUEST	injecteur 6	8		request_6	1462183522004	1462183522372	OK	 
REQUEST	injecteur 9	6		request_9	1462183522011	1462183522388	OK	 
REQUEST	injecteur 7	2		request_7	1462183521909	1462183522413	KO	status.find.is(200), but actually found 400
REQUEST	injecteur 4	1		request_4	1462183522031	1462183522452	OK	 
REQUEST	injecteur 5	10		request_5	1462183522094	1462183522483	OK	 
REQUEST	injecteur 10	5		request_10	1462183522135	1462183522489	OK	 
REQUEST	injecteur 1	7		request_1	1462183522197	1462183522500	OK	 
REQUEST	injecteur 2	9		request_2	1462183522242	1462183522505	OK	 
REQUEST	injecteur 8	4		request_8	1462183522261	1462183522518	OK	 
REQUEST	injecteur 3	3		request_3	1462183522329	1462183522520	OK	 
REQUEST	injecteur 6	8		request_6	1462183522378	1462183522617	OK	 
REQUEST	injecteur 4	1		request_4	1462183522455	1462183522644	OK	 
REQUEST	injecteur 9	6		request_9	1462183522390	1462183522669	OK	 
REQUEST	injecteur 5	10		request_5	1462183522485	1462183522719	OK	 
REQUEST	injecteur 10	5		request_10	1462183522495	1462183522728	OK	 
REQUEST	injecteur 2	9		request_2	1462183522519	1462183522741	OK	 
REQUEST	injecteur 8	4		request_8	1462183522530	1462183522758	OK	 
REQUEST	injecteur 1	7		request_1	1462183522506	1462183522771	OK	 
REQUEST	injecteur 3	3		request_3	1462183522531	1462183522781	OK	 
REQUEST	injecteur 7	2		request_7	1462183522429	1462183522766	KO	status.find.is(200), but actually found 400
REQUEST	injecteur 4	1		request_4	1462183522646	1462183522912	OK	 
REQUEST	injecteur 6	8		request_6	1462183522620	1462183522941	OK	 
REQUEST	injecteur 9	6		request_9	1462183522677	1462183522946	OK	 
REQUEST	injecteur 5	10		request_5	1462183522721	1462183523038	OK	 
REQUEST	injecteur 10	5		request_10	1462183522732	1462183523043	OK	 
REQUEST	injecteur 2	9		request_2	1462183522762	1462183523064	OK	 
REQUEST	injecteur 8	4		request_8	1462183522790	1462183523116	OK	 
REQUEST	injecteur 1	7		request_1	1462183522797	1462183523149	OK	 
REQUEST	injecteur 3	3		request_3	1462183522798	1462183523156	OK	 
REQUEST	injecteur 4	1		request_4	1462183522914	1462183523167	OK	 
REQUEST	injecteur 6	8		request_6	1462183522944	1462183523180	OK	 
REQUEST	injecteur 9	6		request_9	1462183522961	1462183523183	OK	 
REQUEST	injecteur 7	2		request_7	1462183522860	1462183523298	KO	status.find.is(200), but actually found 400
REQUEST	injecteur 10	5		request_10	1462183523047	1462183523303	OK	 
REQUEST	injecteur 2	9		request_2	1462183523075	1462183523316	OK	 
REQUEST	injecteur 8	4		request_8	1462183523119	1462183523318	OK	 
REQUEST	injecteur 1	7		request_1	1462183523152	1462183523329	OK	 
REQUEST	injecteur 3	3		request_3	1462183523163	1462183523337	OK	 
REQUEST	injecteur 6	8		request_6	1462183523198	1462183523350	OK	 
REQUEST	injecteur 5	10		request_5	1462183523040	1462183523360	OK	 
REQUEST	injecteur 9	6		request_9	1462183523201	1462183523366	OK	 
REQUEST	injecteur 4	1		request_4	1462183523182	1462183523379	OK	 
REQUEST	injecteur 10	5		request_10	1462183523315	1462183523447	OK	 
REQUEST	injecteur 2	9		request_2	1462183523328	1462183523476	OK	 
REQUEST	injecteur 8	4		request_8	1462183523334	1462183523494	OK	 
REQUEST	injecteur 1	7		request_1	1462183523341	1462183523550	OK	 
REQUEST	injecteur 3	3		request_3	1462183523349	1462183523576	OK	 
REQUEST	injecteur 6	8		request_6	1462183523366	1462183523588	OK	 
REQUEST	injecteur 5	10		request_5	1462183523378	1462183523627	OK	 
REQUEST	injecteur 9	6		request_9	1462183523385	1462183523636	OK	 
REQUEST	injecteur 4	1		request_4	1462183523397	1462183523689	OK	 
REQUEST	injecteur 7	2		request_7	1462183523313	1462183523756	KO	status.find.is(200), but actually found 400
REQUEST	injecteur 10	5		request_10	1462183523450	1462183523828	OK	 
REQUEST	injecteur 2	9		request_2	1462183523479	1462183523850	OK	 
REQUEST	injecteur 8	4		request_8	1462183523497	1462183523901	OK	 
REQUEST	injecteur 1	7		request_1	1462183523555	1462183523920	OK	 
REQUEST	injecteur 3	3		request_3	1462183523588	1462183523929	OK	 
REQUEST	injecteur 6	8		request_6	1462183523596	1462183523941	OK	 
REQUEST	injecteur 5	10		request_5	1462183523643	1462183523946	OK	 
REQUEST	injecteur 9	6		request_9	1462183523643	1462183523956	OK	 
REQUEST	injecteur 4	1		request_4	1462183523703	1462183523959	OK	 
REQUEST	injecteur 10	5		request_10	1462183523830	1462183524023	OK	 
REQUEST	injecteur 2	9		request_2	1462183523854	1462183524030	OK	 
REQUEST	injecteur 8	4		request_8	1462183523903	1462183524036	OK	 
REQUEST	injecteur 1	7		request_1	1462183523924	1462183524041	OK	 
REQUEST	injecteur 7	2		request_7	1462183523767	1462183524078	KO	status.find.is(200), but actually found 400
REQUEST	injecteur 3	3		request_3	1462183523933	1462183524094	OK	 
REQUEST	injecteur 6	8		request_6	1462183523949	1462183524104	OK	 
REQUEST	injecteur 9	6		request_9	1462183523967	1462183524153	OK	 
REQUEST	injecteur 4	1		request_4	1462183523974	1462183524187	OK	 
REQUEST	injecteur 5	10		request_5	1462183523958	1462183524233	OK	 
REQUEST	injecteur 10	5		request_10	1462183524025	1462183524340	OK	 
REQUEST	injecteur 2	9		request_2	1462183524035	1462183524371	OK	 
REQUEST	injecteur 8	4		request_8	1462183524040	1462183524385	OK	 
REQUEST	injecteur 1	7		request_1	1462183524083	1462183524389	OK	 
REQUEST	injecteur 3	3		request_3	1462183524114	1462183524402	OK	 
REQUEST	injecteur 6	8		request_6	1462183524123	1462183524405	OK	 
REQUEST	injecteur 9	6		request_9	1462183524205	1462183524408	OK	 
REQUEST	injecteur 4	1		request_4	1462183524224	1462183524417	OK	 
REQUEST	injecteur 5	10		request_5	1462183524255	1462183524437	OK	 
REQUEST	injecteur 7	2		request_7	1462183524114	1462183524534	KO	status.find.is(200), but actually found 400
REQUEST	injecteur 10	5		request_10	1462183524344	1462183524550	OK	 
REQUEST	injecteur 2	9		request_2	1462183524373	1462183524558	OK	 
REQUEST	injecteur 8	4		request_8	1462183524390	1462183524562	OK	 
REQUEST	injecteur 1	7		request_1	1462183524391	1462183524569	OK	 
REQUEST	injecteur 3	3		request_3	1462183524411	1462183524576	OK	 
REQUEST	injecteur 6	8		request_6	1462183524412	1462183524618	OK	 
REQUEST	injecteur 4	1		request_4	1462183524433	1462183524621	OK	 
REQUEST	injecteur 9	6		request_9	1462183524413	1462183524623	OK	 
REQUEST	injecteur 5	10		request_5	1462183524457	1462183524642	OK	 
REQUEST	injecteur 10	5		request_10	1462183524552	1462183524858	OK	 
REQUEST	injecteur 2	9		request_2	1462183524561	1462183524868	OK	 
REQUEST	injecteur 8	4		request_8	1462183524566	1462183524886	OK	 
REQUEST	injecteur 1	7		request_1	1462183524571	1462183524891	OK	 
REQUEST	injecteur 3	3		request_3	1462183524615	1462183524894	OK	 
REQUEST	injecteur 6	8		request_6	1462183524667	1462183524905	OK	 
REQUEST	injecteur 9	6		request_9	1462183524674	1462183524921	OK	 
REQUEST	injecteur 4	1		request_4	1462183524674	1462183524939	OK	 
REQUEST	injecteur 5	10		request_5	1462183524690	1462183524951	OK	 
REQUEST	injecteur 7	2		request_7	1462183524542	1462183525055	KO	status.find.is(200), but actually found 400
REQUEST	injecteur 10	5		request_10	1462183524861	1462183525167	OK	 
REQUEST	injecteur 2	9		request_2	1462183524871	1462183525173	OK	 
REQUEST	injecteur 8	4		request_8	1462183524894	1462183525183	OK	 
REQUEST	injecteur 1	7		request_1	1462183524901	1462183525197	OK	 
REQUEST	injecteur 3	3		request_3	1462183524902	1462183525210	OK	 
REQUEST	injecteur 6	8		request_6	1462183524922	1462183525218	OK	 
REQUEST	injecteur 9	6		request_9	1462183524935	1462183525230	OK	 
REQUEST	injecteur 4	1		request_4	1462183524973	1462183525247	OK	 
REQUEST	injecteur 5	10		request_5	1462183524987	1462183525259	OK	 
REQUEST	injecteur 10	5		request_10	1462183525169	1462183525442	OK	 
REQUEST	injecteur 1	7		request_1	1462183525203	1462183525477	OK	 
REQUEST	injecteur 8	4		request_8	1462183525186	1462183525484	OK	 
REQUEST	injecteur 2	9		request_2	1462183525180	1462183525485	OK	 
REQUEST	injecteur 3	3		request_3	1462183525215	1462183525491	OK	 
REQUEST	injecteur 6	8		request_6	1462183525228	1462183525493	OK	 
REQUEST	injecteur 9	6		request_9	1462183525254	1462183525522	OK	 
REQUEST	injecteur 7	2		request_7	1462183525074	1462183525483	KO	status.find.is(200), but actually found 400
REQUEST	injecteur 4	1		request_4	1462183525276	1462183525741	OK	 
REQUEST	injecteur 5	10		request_5	1462183525286	1462183525747	OK	 
REQUEST	injecteur 10	5		request_10	1462183525458	1462183525823	OK	 
REQUEST	injecteur 1	7		request_1	1462183525526	1462183525828	OK	 
REQUEST	injecteur 8	4		request_8	1462183525534	1462183525834	OK	 
REQUEST	injecteur 2	9		request_2	1462183525535	1462183525841	OK	 
REQUEST	injecteur 3	3		request_3	1462183525549	1462183525848	OK	 
REQUEST	injecteur 6	8		request_6	1462183525549	1462183525851	OK	 
REQUEST	injecteur 9	6		request_9	1462183525590	1462183525856	OK	 
REQUEST	injecteur 5	10		request_5	1462183525757	1462183525883	OK	 
REQUEST	injecteur 4	1		request_4	1462183525748	1462183525943	OK	 
REQUEST	injecteur 7	2		request_7	1462183525598	1462183525992	KO	status.find.is(200), but actually found 400
REQUEST	injecteur 10	5		request_10	1462183525826	1462183526121	OK	 
REQUEST	injecteur 1	7		request_1	1462183525834	1462183526126	OK	 
REQUEST	injecteur 8	4		request_8	1462183525842	1462183526132	OK	 
REQUEST	injecteur 2	9		request_2	1462183525849	1462183526138	OK	 
REQUEST	injecteur 3	3		request_3	1462183525856	1462183526143	OK	 
REQUEST	injecteur 6	8		request_6	1462183525858	1462183526153	OK	 
REQUEST	injecteur 9	6		request_9	1462183525862	1462183526239	OK	 
REQUEST	injecteur 5	10		request_5	1462183525933	1462183526274	OK	 
REQUEST	injecteur 4	1		request_4	1462183525955	1462183526303	OK	 
REQUEST	injecteur 10	5		request_10	1462183526123	1462183526321	OK	 
REQUEST	injecteur 1	7		request_1	1462183526129	1462183526327	OK	 
REQUEST	injecteur 8	4		request_8	1462183526137	1462183526331	OK	 
REQUEST	injecteur 2	9		request_2	1462183526142	1462183526341	OK	 
REQUEST	injecteur 3	3		request_3	1462183526154	1462183526346	OK	 
REQUEST	injecteur 6	8		request_6	1462183526180	1462183526353	OK	 
REQUEST	injecteur 9	6		request_9	1462183526242	1462183526362	OK	 
REQUEST	injecteur 5	10		request_5	1462183526276	1462183526475	OK	 
REQUEST	injecteur 7	2		request_7	1462183526030	1462183526537	KO	status.find.is(200), but actually found 400
REQUEST	injecteur 4	1		request_4	1462183526305	1462183526598	OK	 
REQUEST	injecteur 10	5		request_10	1462183526325	1462183526620	OK	 
REQUEST	injecteur 1	7		request_1	1462183526332	1462183526624	OK	 
REQUEST	injecteur 8	4		request_8	1462183526341	1462183526632	OK	 
REQUEST	injecteur 2	9		request_2	1462183526359	1462183526642	OK	 
REQUEST	injecteur 3	3		request_3	1462183526365	1462183526646	OK	 
REQUEST	injecteur 6	8		request_6	1462183526377	1462183526653	OK	 
REQUEST	injecteur 9	6		request_9	1462183526380	1462183526666	OK	 
REQUEST	injecteur 5	10		request_5	1462183526477	1462183526671	OK	 
REQUEST	injecteur 4	1		request_4	1462183526600	1462183526804	OK	 
REQUEST	injecteur 10	5		request_10	1462183526624	1462183526831	OK	 
REQUEST	injecteur 1	7		request_1	1462183526627	1462183526836	OK	 
REQUEST	injecteur 8	4		request_8	1462183526634	1462183526859	OK	 
REQUEST	injecteur 7	2		request_7	1462183526566	1462183526856	KO	status.find.is(200), but actually found 400
REQUEST	injecteur 2	9		request_2	1462183526644	1462183526901	OK	 
REQUEST	injecteur 6	8		request_6	1462183526657	1462183526911	OK	 
REQUEST	injecteur 3	3		request_3	1462183526650	1462183526927	OK	 
REQUEST	injecteur 9	6		request_9	1462183526677	1462183526944	OK	 
REQUEST	injecteur 5	10		request_5	1462183526682	1462183527105	OK	 
REQUEST	injecteur 4	1		request_4	1462183526806	1462183527147	OK	 
REQUEST	injecteur 10	5		request_10	1462183526834	1462183527200	OK	 
REQUEST	injecteur 1	7		request_1	1462183526857	1462183527208	OK	 
REQUEST	injecteur 8	4		request_8	1462183526893	1462183527214	OK	 
REQUEST	injecteur 2	9		request_2	1462183526964	1462183527230	OK	 
REQUEST	injecteur 6	8		request_6	1462183526969	1462183527236	OK	 
REQUEST	injecteur 3	3		request_3	1462183526972	1462183527241	OK	 
REQUEST	injecteur 9	6		request_9	1462183526983	1462183527252	OK	 
REQUEST	injecteur 5	10		request_5	1462183527109	1462183527256	OK	 
REQUEST	injecteur 4	1		request_4	1462183527151	1462183527264	OK	 
REQUEST	injecteur 7	2		request_7	1462183526934	1462183527383	KO	status.find.is(200), but actually found 400
REQUEST	injecteur 10	5		request_10	1462183527201	1462183527461	OK	 
REQUEST	injecteur 1	7		request_1	1462183527210	1462183527477	OK	 
REQUEST	injecteur 8	4		request_8	1462183527217	1462183527488	OK	 
REQUEST	injecteur 6	8		request_6	1462183527239	1462183527493	OK	 
REQUEST	injecteur 2	9		request_2	1462183527232	1462183527489	OK	 
REQUEST	injecteur 3	3		request_3	1462183527245	1462183527500	OK	 
REQUEST	injecteur 9	6		request_9	1462183527253	1462183527509	OK	 
REQUEST	injecteur 5	10		request_5	1462183527259	1462183527525	OK	 
REQUEST	injecteur 4	1		request_4	1462183527272	1462183527609	OK	 
REQUEST	injecteur 10	5		request_10	1462183527478	1462183527664	OK	 
REQUEST	injecteur 1	7		request_1	1462183527495	1462183527670	OK	 
REQUEST	injecteur 8	4		request_8	1462183527505	1462183527675	OK	 
REQUEST	injecteur 6	8		request_6	1462183527506	1462183527682	OK	 
REQUEST	injecteur 2	9		request_2	1462183527508	1462183527689	OK	 
REQUEST	injecteur 3	3		request_3	1462183527514	1462183527696	OK	 
REQUEST	injecteur 9	6		request_9	1462183527531	1462183527702	OK	 
REQUEST	injecteur 5	10		request_5	1462183527549	1462183527708	OK	 
REQUEST	injecteur 4	1		request_4	1462183527620	1462183527792	OK	 
REQUEST	injecteur 7	2		request_7	1462183527403	1462183527838	KO	status.find.is(200), but actually found 400
REQUEST	injecteur 10	5		request_10	1462183527666	1462183527907	OK	 
REQUEST	injecteur 1	7		request_1	1462183527673	1462183527913	OK	 
REQUEST	injecteur 8	4		request_8	1462183527677	1462183527922	OK	 
REQUEST	injecteur 6	8		request_6	1462183527688	1462183527934	OK	 
REQUEST	injecteur 2	9		request_2	1462183527692	1462183527941	OK	 
REQUEST	injecteur 3	3		request_3	1462183527699	1462183527946	OK	 
REQUEST	injecteur 9	6		request_9	1462183527705	1462183527968	OK	 
REQUEST	injecteur 5	10		request_5	1462183527726	1462183527966	OK	 
REQUEST	injecteur 4	1		request_4	1462183527794	1462183527975	OK	 
REQUEST	injecteur 10	5		request_10	1462183527909	1462183528161	OK	 
REQUEST	injecteur 1	7		request_1	1462183527921	1462183528167	OK	 
REQUEST	injecteur 8	4		request_8	1462183527926	1462183528172	OK	 
REQUEST	injecteur 6	8		request_6	1462183527936	1462183528191	OK	 
REQUEST	injecteur 2	9		request_2	1462183527946	1462183528196	OK	 
REQUEST	injecteur 3	3		request_3	1462183527951	1462183528199	OK	 
REQUEST	injecteur 7	2		request_7	1462183527845	1462183528193	KO	status.find.is(200), but actually found 400
REQUEST	injecteur 9	6		request_9	1462183527984	1462183528202	OK	 
REQUEST	injecteur 4	1		request_4	1462183527992	1462183528327	OK	 
REQUEST	injecteur 5	10		request_5	1462183527989	1462183528333	OK	 
REQUEST	injecteur 10	5		request_10	1462183528163	1462183528398	OK	 
REQUEST	injecteur 1	7		request_1	1462183528171	1462183528410	OK	 
REQUEST	injecteur 8	4		request_8	1462183528176	1462183528412	OK	 
REQUEST	injecteur 6	8		request_6	1462183528201	1462183528417	OK	 
REQUEST	injecteur 2	9		request_2	1462183528208	1462183528427	OK	 
REQUEST	injecteur 3	3		request_3	1462183528209	1462183528432	OK	 
REQUEST	injecteur 9	6		request_9	1462183528222	1462183528438	OK	 
REQUEST	injecteur 5	10		request_5	1462183528340	1462183528456	OK	 
REQUEST	injecteur 4	1		request_4	1462183528336	1462183528521	OK	 
REQUEST	injecteur 7	2		request_7	1462183528212	1462183528653	KO	status.find.is(200), but actually found 400
REQUEST	injecteur 10	5		request_10	1462183528401	1462183528662	OK	 
REQUEST	injecteur 1	7		request_1	1462183528416	1462183528669	OK	 
REQUEST	injecteur 8	4		request_8	1462183528417	1462183528674	OK	 
REQUEST	injecteur 6	8		request_6	1462183528421	1462183528679	OK	 
REQUEST	injecteur 2	9		request_2	1462183528435	1462183528685	OK	 
REQUEST	injecteur 3	3		request_3	1462183528439	1462183528691	OK	 
REQUEST	injecteur 9	6		request_9	1462183528441	1462183528696	OK	 
REQUEST	injecteur 5	10		request_5	1462183528514	1462183528713	OK	 
REQUEST	injecteur 4	1		request_4	1462183528541	1462183528834	OK	 
REQUEST	injecteur 10	5		request_10	1462183528667	1462183528945	OK	 
REQUEST	injecteur 1	7		request_1	1462183528677	1462183528948	OK	 
REQUEST	injecteur 8	4		request_8	1462183528681	1462183528956	OK	 
REQUEST	injecteur 6	8		request_6	1462183528688	1462183528962	OK	 
REQUEST	injecteur 2	9		request_2	1462183528697	1462183528967	OK	 
REQUEST	injecteur 3	3		request_3	1462183528726	1462183528971	OK	 
REQUEST	injecteur 9	6		request_9	1462183528732	1462183528975	OK	 
REQUEST	injecteur 5	10		request_5	1462183528761	1462183528983	OK	 
REQUEST	injecteur 4	1		request_4	1462183528848	1462183529059	OK	 
REQUEST	injecteur 7	2		request_7	1462183528661	1462183529160	KO	status.find.is(200), but actually found 400
REQUEST	injecteur 10	5		request_10	1462183528949	1462183529235	OK	 
REQUEST	injecteur 1	7		request_1	1462183528952	1462183529239	OK	 
REQUEST	injecteur 8	4		request_8	1462183528962	1462183529244	OK	 
REQUEST	injecteur 6	8		request_6	1462183528969	1462183529250	OK	 
REQUEST	injecteur 2	9		request_2	1462183528974	1462183529257	OK	 
REQUEST	injecteur 3	3		request_3	1462183528980	1462183529264	OK	 
REQUEST	injecteur 9	6		request_9	1462183528984	1462183529268	OK	 
REQUEST	injecteur 5	10		request_5	1462183528995	1462183529271	OK	 
REQUEST	injecteur 4	1		request_4	1462183529064	1462183529370	OK	 
REQUEST	injecteur 10	5		request_10	1462183529240	1462183529483	OK	 
REQUEST	injecteur 1	7		request_1	1462183529243	1462183529494	OK	 
REQUEST	injecteur 8	4		request_8	1462183529254	1462183529499	OK	 
REQUEST	injecteur 6	8		request_6	1462183529259	1462183529506	OK	 
REQUEST	injecteur 7	2		request_7	1462183529194	1462183529496	KO	status.find.is(200), but actually found 400
REQUEST	injecteur 2	9		request_2	1462183529266	1462183529508	OK	 
REQUEST	injecteur 3	3		request_3	1462183529274	1462183529519	OK	 
REQUEST	injecteur 9	6		request_9	1462183529279	1462183529522	OK	 
REQUEST	injecteur 5	10		request_5	1462183529300	1462183529632	OK	 
REQUEST	injecteur 4	1		request_4	1462183529386	1462183529648	OK	 
REQUEST	injecteur 10	5		request_10	1462183529485	1462183529757	OK	 
REQUEST	injecteur 1	7		request_1	1462183529502	1462183529761	OK	 
REQUEST	injecteur 8	4		request_8	1462183529509	1462183529765	OK	 
REQUEST	injecteur 6	8		request_6	1462183529517	1462183529779	OK	 
REQUEST	injecteur 2	9		request_2	1462183529520	1462183529793	OK	 
REQUEST	injecteur 3	3		request_3	1462183529528	1462183529799	OK	 
REQUEST	injecteur 9	6		request_9	1462183529546	1462183529803	OK	 
REQUEST	injecteur 5	10		request_5	1462183529654	1462183529810	OK	 
REQUEST	injecteur 4	1		request_4	1462183529654	1462183529914	OK	 
REQUEST	injecteur 7	2		request_7	1462183529518	1462183530047	KO	status.find.is(200), but actually found 400
REQUEST	injecteur 10	5		request_10	1462183529760	1462183530056	OK	 
REQUEST	injecteur 1	7		request_1	1462183529768	1462183530073	OK	 
REQUEST	injecteur 8	4		request_8	1462183529777	1462183530076	OK	 
REQUEST	injecteur 6	8		request_6	1462183529782	1462183530083	OK	 
REQUEST	injecteur 2	9		request_2	1462183529803	1462183530086	OK	 
REQUEST	injecteur 3	3		request_3	1462183529812	1462183530092	OK	 
REQUEST	injecteur 9	6		request_9	1462183529819	1462183530093	OK	 
REQUEST	injecteur 5	10		request_5	1462183529828	1462183530214	OK	 
REQUEST	injecteur 4	1		request_4	1462183529924	1462183530297	OK	 
REQUEST	injecteur 10	5		request_10	1462183530075	1462183530405	OK	 
REQUEST	injecteur 1	7		request_1	1462183530087	1462183530409	OK	 
REQUEST	injecteur 8	4		request_8	1462183530090	1462183530415	OK	 
REQUEST	injecteur 6	8		request_6	1462183530096	1462183530418	OK	 
REQUEST	injecteur 2	9		request_2	1462183530097	1462183530432	OK	 
REQUEST	injecteur 3	3		request_3	1462183530136	1462183530450	OK	 
REQUEST	injecteur 9	6		request_9	1462183530137	1462183530461	OK	 
REQUEST	injecteur 5	10		request_5	1462183530270	1462183530476	OK	 
REQUEST	injecteur 4	1		request_4	1462183530312	1462183530651	OK	 
REQUEST	injecteur 7	2		request_7	1462183530075	1462183530724	KO	status.find.is(200), but actually found 400
REQUEST	injecteur 10	5		request_10	1462183530408	1462183530771	OK	 
REQUEST	injecteur 1	7		request_1	1462183530417	1462183530775	OK	 
REQUEST	injecteur 6	8		request_6	1462183530442	1462183530785	OK	 
REQUEST	injecteur 8	4		request_8	1462183530430	1462183530787	OK	 
REQUEST	injecteur 2	9		request_2	1462183530488	1462183530897	OK	 
REQUEST	injecteur 3	3		request_3	1462183530510	1462183530904	OK	 
REQUEST	injecteur 9	6		request_9	1462183530512	1462183530913	OK	 
REQUEST	injecteur 5	10		request_5	1462183530515	1462183530919	OK	 
REQUEST	injecteur 4	1		request_4	1462183530725	1462183531041	OK	 
REQUEST	injecteur 1	7		request_1	1462183530780	1462183531075	OK	 
REQUEST	injecteur 7	2		request_7	1462183530744	1462183531074	KO	status.find.is(200), but actually found 400
REQUEST	injecteur 10	5		request_10	1462183530780	1462183531085	OK	 
REQUEST	injecteur 6	8		request_6	1462183530790	1462183531090	OK	 
REQUEST	injecteur 8	4		request_8	1462183530797	1462183531105	OK	 
REQUEST	injecteur 2	9		request_2	1462183530902	1462183531218	OK	 
REQUEST	injecteur 3	3		request_3	1462183530914	1462183531240	OK	 
REQUEST	injecteur 9	6		request_9	1462183530936	1462183531241	OK	 
REQUEST	injecteur 5	10		request_5	1462183530949	1462183531248	OK	 
REQUEST	injecteur 4	1		request_4	1462183531042	1462183531277	OK	 
REQUEST	injecteur 1	7		request_1	1462183531078	1462183531339	OK	 
REQUEST	injecteur 10	5		request_10	1462183531090	1462183531349	OK	 
REQUEST	injecteur 6	8		request_6	1462183531100	1462183531354	OK	 
REQUEST	injecteur 8	4		request_8	1462183531134	1462183531363	OK	 
REQUEST	injecteur 2	9		request_2	1462183531241	1462183531382	OK	 
REQUEST	injecteur 3	3		request_3	1462183531258	1462183531389	OK	 
REQUEST	injecteur 9	6		request_9	1462183531258	1462183531394	OK	 
REQUEST	injecteur 5	10		request_5	1462183531259	1462183531397	OK	 
REQUEST	injecteur 4	1		request_4	1462183531282	1462183531452	OK	 
REQUEST	injecteur 7	2		request_7	1462183531086	1462183531582	KO	status.find.is(200), but actually found 400
REQUEST	injecteur 1	7		request_1	1462183531341	1462183531599	OK	 
REQUEST	injecteur 10	5		request_10	1462183531353	1462183531603	OK	 
REQUEST	injecteur 6	8		request_6	1462183531362	1462183531610	OK	 
REQUEST	injecteur 8	4		request_8	1462183531374	1462183531618	OK	 
REQUEST	injecteur 2	9		request_2	1462183531390	1462183531622	OK	 
REQUEST	injecteur 3	3		request_3	1462183531395	1462183531628	OK	 
REQUEST	injecteur 9	6		request_9	1462183531398	1462183531634	OK	 
REQUEST	injecteur 5	10		request_5	1462183531403	1462183531640	OK	 
REQUEST	injecteur 4	1		request_4	1462183531486	1462183531687	OK	 
REQUEST	injecteur 1	7		request_1	1462183531603	1462183531812	OK	 
REQUEST	injecteur 10	5		request_10	1462183531606	1462183531817	OK	 
REQUEST	injecteur 6	8		request_6	1462183531613	1462183531825	OK	 
REQUEST	injecteur 8	4		request_8	1462183531624	1462183531831	OK	 
REQUEST	injecteur 2	9		request_2	1462183531627	1462183531839	OK	 
REQUEST	injecteur 3	3		request_3	1462183531637	1462183531847	OK	 
REQUEST	injecteur 9	6		request_9	1462183531648	1462183531873	OK	 
REQUEST	injecteur 7	2		request_7	1462183531591	1462183531875	KO	status.find.is(200), but actually found 400
REQUEST	injecteur 4	1		request_4	1462183531737	1462183531993	OK	 
REQUEST	injecteur 5	10		request_5	1462183531655	1462183532062	OK	 
REQUEST	injecteur 1	7		request_1	1462183531814	1462183532146	OK	 
REQUEST	injecteur 10	5		request_10	1462183531824	1462183532151	OK	 
REQUEST	injecteur 6	8		request_6	1462183531830	1462183532168	OK	 
REQUEST	injecteur 8	4		request_8	1462183531840	1462183532170	OK	 
REQUEST	injecteur 2	9		request_2	1462183531857	1462183532177	OK	 
REQUEST	injecteur 3	3		request_3	1462183531877	1462183532182	OK	 
REQUEST	injecteur 9	6		request_9	1462183531891	1462183532183	OK	 
REQUEST	injecteur 5	10		request_5	1462183532066	1462183532218	OK	 
REQUEST	injecteur 4	1		request_4	1462183532018	1462183532293	OK	 
REQUEST	injecteur 1	7		request_1	1462183532148	1462183532393	OK	 
REQUEST	injecteur 7	2		request_7	1462183531949	1462183532391	KO	status.find.is(200), but actually found 400
REQUEST	injecteur 10	5		request_10	1462183532155	1462183532400	OK	 
REQUEST	injecteur 6	8		request_6	1462183532176	1462183532409	OK	 
REQUEST	injecteur 8	4		request_8	1462183532178	1462183532414	OK	 
REQUEST	injecteur 2	9		request_2	1462183532183	1462183532416	OK	 
REQUEST	injecteur 3	3		request_3	1462183532188	1462183532426	OK	 
REQUEST	injecteur 9	6		request_9	1462183532192	1462183532433	OK	 
REQUEST	injecteur 5	10		request_5	1462183532263	1462183532543	OK	 
REQUEST	injecteur 4	1		request_4	1462183532311	1462183532603	OK	 
REQUEST	injecteur 1	7		request_1	1462183532402	1462183532729	OK	 
REQUEST	injecteur 10	5		request_10	1462183532410	1462183532738	OK	 
REQUEST	injecteur 6	8		request_6	1462183532421	1462183532750	OK	 
REQUEST	injecteur 8	4		request_8	1462183532427	1462183532758	OK	 
REQUEST	injecteur 2	9		request_2	1462183532431	1462183532761	OK	 
REQUEST	injecteur 9	6		request_9	1462183532484	1462183532781	OK	 
REQUEST	injecteur 3	3		request_3	1462183532467	1462183532782	OK	 
REQUEST	injecteur 5	10		request_5	1462183532581	1462183532788	OK	 
REQUEST	injecteur 4	1		request_4	1462183532623	1462183532793	OK	 
REQUEST	injecteur 7	2		request_7	1462183532410	1462183532958	KO	status.find.is(200), but actually found 400
REQUEST	injecteur 1	7		request_1	1462183532731	1462183532978	OK	 
REQUEST	injecteur 10	5		request_10	1462183532740	1462183532982	OK	 
REQUEST	injecteur 6	8		request_6	1462183532752	1462183532989	OK	 
REQUEST	injecteur 8	4		request_8	1462183532760	1462183532992	OK	 
REQUEST	injecteur 2	9		request_2	1462183532764	1462183532993	OK	 
REQUEST	injecteur 9	6		request_9	1462183532789	1462183532997	OK	 
REQUEST	injecteur 3	3		request_3	1462183532790	1462183533011	OK	 
REQUEST	injecteur 5	10		request_5	1462183532794	1462183533104	OK	 
REQUEST	injecteur 4	1		request_4	1462183532806	1462183533197	OK	 
REQUEST	injecteur 1	7		request_1	1462183532992	1462183533289	OK	 
REQUEST	injecteur 10	5		request_10	1462183532996	1462183533293	OK	 
REQUEST	injecteur 6	8		request_6	1462183533014	1462183533300	OK	 
REQUEST	injecteur 8	4		request_8	1462183533018	1462183533310	OK	 
REQUEST	injecteur 2	9		request_2	1462183533030	1462183533323	OK	 
REQUEST	injecteur 9	6		request_9	1462183533033	1462183533336	OK	 
REQUEST	injecteur 3	3		request_3	1462183533044	1462183533371	OK	 
REQUEST	injecteur 7	2		request_7	1462183532976	1462183533347	KO	status.find.is(200), but actually found 400
REQUEST	injecteur 4	1		request_4	1462183533215	1462183533518	OK	 
REQUEST	injecteur 5	10		request_5	1462183533168	1462183533538	OK	 
REQUEST	injecteur 1	7		request_1	1462183533291	1462183533624	OK	 
REQUEST	injecteur 10	5		request_10	1462183533298	1462183533634	OK	 
REQUEST	injecteur 6	8		request_6	1462183533311	1462183533642	OK	 
REQUEST	injecteur 8	4		request_8	1462183533351	1462183533650	OK	 
REQUEST	injecteur 2	9		request_2	1462183533381	1462183533655	OK	 
REQUEST	injecteur 9	6		request_9	1462183533393	1462183533659	OK	 
REQUEST	injecteur 3	3		request_3	1462183533434	1462183533666	OK	 
REQUEST	injecteur 5	10		request_5	1462183533542	1462183533743	OK	 
REQUEST	injecteur 4	1		request_4	1462183533532	1462183533763	OK	 
REQUEST	injecteur 7	2		request_7	1462183533447	1462183533871	KO	status.find.is(200), but actually found 400
REQUEST	injecteur 1	7		request_1	1462183533626	1462183533884	OK	 
REQUEST	injecteur 10	5		request_10	1462183533636	1462183533900	OK	 
REQUEST	injecteur 6	8		request_6	1462183533645	1462183533903	OK	 
REQUEST	injecteur 8	4		request_8	1462183533658	1462183533908	OK	 
REQUEST	injecteur 2	9		request_2	1462183533664	1462183533911	OK	 
REQUEST	injecteur 9	6		request_9	1462183533671	1462183533914	OK	 
REQUEST	injecteur 3	3		request_3	1462183533681	1462183533917	OK	 
REQUEST	injecteur 5	10		request_5	1462183533775	1462183533924	OK	 
REQUEST	injecteur 4	1		request_4	1462183533776	1462183534091	OK	 
REQUEST	injecteur 10	5		request_10	1462183533911	1462183534184	OK	 
REQUEST	injecteur 1	7		request_1	1462183533898	1462183534183	OK	 
REQUEST	injecteur 6	8		request_6	1462183533913	1462183534192	OK	 
REQUEST	injecteur 8	4		request_8	1462183533919	1462183534201	OK	 
REQUEST	injecteur 2	9		request_2	1462183533922	1462183534209	OK	 
REQUEST	injecteur 9	6		request_9	1462183533925	1462183534212	OK	 
REQUEST	injecteur 3	3		request_3	1462183533939	1462183534217	OK	 
REQUEST	injecteur 5	10		request_5	1462183533970	1462183534226	OK	 
REQUEST	injecteur 4	1		request_4	1462183534097	1462183534366	OK	 
REQUEST	injecteur 7	2		request_7	1462183533879	1462183534472	KO	status.find.is(200), but actually found 400
REQUEST	injecteur 10	5		request_10	1462183534186	1462183534536	OK	 
REQUEST	injecteur 1	7		request_1	1462183534187	1462183534540	OK	 
REQUEST	injecteur 6	8		request_6	1462183534200	1462183534546	OK	 
REQUEST	injecteur 8	4		request_8	1462183534210	1462183534550	OK	 
REQUEST	injecteur 2	9		request_2	1462183534220	1462183534557	OK	 
REQUEST	injecteur 9	6		request_9	1462183534227	1462183534563	OK	 
REQUEST	injecteur 3	3		request_3	1462183534245	1462183534567	OK	 
REQUEST	injecteur 5	10		request_5	1462183534257	1462183534576	OK	 
REQUEST	injecteur 4	1		request_4	1462183534381	1462183534620	OK	 
REQUEST	injecteur 10	5		request_10	1462183534538	1462183534756	OK	 
REQUEST	injecteur 1	7		request_1	1462183534545	1462183534781	OK	 
REQUEST	injecteur 6	8		request_6	1462183534549	1462183534791	OK	 
REQUEST	injecteur 8	4		request_8	1462183534555	1462183534813	OK	 
REQUEST	injecteur 2	9		request_2	1462183534563	1462183534816	OK	 
REQUEST	injecteur 3	3		request_3	1462183534578	1462183534824	OK	 
REQUEST	injecteur 9	6		request_9	1462183534571	1462183534831	OK	 
REQUEST	injecteur 7	2		request_7	1462183534504	1462183534803	KO	status.find.is(200), but actually found 400
REQUEST	injecteur 4	1		request_4	1462183534665	1462183535027	OK	 
REQUEST	injecteur 5	10		request_5	1462183534583	1462183535043	OK	 
REQUEST	injecteur 10	5		request_10	1462183534762	1462183535092	OK	 
REQUEST	injecteur 1	7		request_1	1462183534847	1462183535128	OK	 
REQUEST	injecteur 6	8		request_6	1462183534856	1462183535134	OK	 
REQUEST	injecteur 8	4		request_8	1462183534875	1462183535142	OK	 
REQUEST	injecteur 2	9		request_2	1462183534875	1462183535164	OK	 
REQUEST	injecteur 9	6		request_9	1462183534876	1462183535170	OK	 
REQUEST	injecteur 3	3		request_3	1462183534876	1462183535186	OK	 
REQUEST	injecteur 4	1		request_4	1462183535049	1462183535204	OK	 
REQUEST	injecteur 5	10		request_5	1462183535053	1462183535292	OK	 
REQUEST	injecteur 10	5		request_10	1462183535093	1462183535334	OK	 
REQUEST	injecteur 1	7		request_1	1462183535130	1462183535336	OK	 
REQUEST	injecteur 6	8		request_6	1462183535140	1462183535338	OK	 
REQUEST	injecteur 8	4		request_8	1462183535145	1462183535343	OK	 
REQUEST	injecteur 7	2		request_7	1462183534895	1462183535353	KO	status.find.is(200), but actually found 400
REQUEST	injecteur 2	9		request_2	1462183535166	1462183535532	OK	 
REQUEST	injecteur 9	6		request_9	1462183535180	1462183535536	OK	 
REQUEST	injecteur 3	3		request_3	1462183535193	1462183535542	OK	 
REQUEST	injecteur 4	1		request_4	1462183535235	1462183535552	OK	 
REQUEST	injecteur 5	10		request_5	1462183535297	1462183535589	OK	 
REQUEST	injecteur 10	5		request_10	1462183535351	1462183535594	OK	 
REQUEST	injecteur 1	7		request_1	1462183535356	1462183535601	OK	 
REQUEST	injecteur 6	8		request_6	1462183535356	1462183535607	OK	 
REQUEST	injecteur 8	4		request_8	1462183535356	1462183535612	OK	 
REQUEST	injecteur 2	9		request_2	1462183535535	1462183535622	OK	 
REQUEST	injecteur 9	6		request_9	1462183535539	1462183535632	OK	 
REQUEST	injecteur 3	3		request_3	1462183535547	1462183535678	OK	 
REQUEST	injecteur 4	1		request_4	1462183535557	1462183535787	OK	 
REQUEST	injecteur 7	2		request_7	1462183535431	1462183535781	KO	status.find.is(200), but actually found 400
REQUEST	injecteur 5	10		request_5	1462183535591	1462183535854	OK	 
REQUEST	injecteur 10	5		request_10	1462183535596	1462183535858	OK	 
REQUEST	injecteur 1	7		request_1	1462183535610	1462183535870	OK	 
REQUEST	injecteur 6	8		request_6	1462183535616	1462183535875	OK	 
REQUEST	injecteur 8	4		request_8	1462183535624	1462183535881	OK	 
REQUEST	injecteur 2	9		request_2	1462183535653	1462183535953	OK	 
REQUEST	injecteur 9	6		request_9	1462183535655	1462183535976	OK	 
REQUEST	injecteur 3	3		request_3	1462183535719	1462183536001	OK	 
REQUEST	injecteur 4	1		request_4	1462183535801	1462183536010	OK	 
REQUEST	injecteur 5	10		request_5	1462183535857	1462183536044	OK	 
REQUEST	injecteur 10	5		request_10	1462183535861	1462183536048	OK	 
REQUEST	injecteur 1	7		request_1	1462183535874	1462183536054	OK	 
REQUEST	injecteur 6	8		request_6	1462183535879	1462183536074	OK	 
REQUEST	injecteur 8	4		request_8	1462183535893	1462183536075	OK	 
REQUEST	injecteur 2	9		request_2	1462183535954	1462183536076	OK	 
REQUEST	injecteur 9	6		request_9	1462183535979	1462183536085	OK	 
REQUEST	injecteur 7	2		request_7	1462183535801	1462183536071	KO	status.find.is(200), but actually found 400
REQUEST	injecteur 3	3		request_3	1462183536002	1462183536094	OK	 
REQUEST	injecteur 4	1		request_4	1462183536011	1462183536319	OK	 
REQUEST	injecteur 5	10		request_5	1462183536045	1462183536405	OK	 
REQUEST	injecteur 10	5		request_10	1462183536053	1462183536410	OK	 
REQUEST	injecteur 1	7		request_1	1462183536071	1462183536416	OK	 
REQUEST	injecteur 6	8		request_6	1462183536107	1462183536419	OK	 
REQUEST	injecteur 8	4		request_8	1462183536110	1462183536425	OK	 
REQUEST	injecteur 2	9		request_2	1462183536115	1462183536430	OK	 
REQUEST	injecteur 9	6		request_9	1462183536139	1462183536435	OK	 
REQUEST	injecteur 3	3		request_3	1462183536150	1462183536441	OK	 
REQUEST	injecteur 4	1		request_4	1462183536322	1462183536519	OK	 
REQUEST	injecteur 7	2		request_7	1462183536144	1462183536621	KO	status.find.is(200), but actually found 400
REQUEST	injecteur 10	5		request_10	1462183536414	1462183536635	OK	 
REQUEST	injecteur 1	7		request_1	1462183536420	1462183536637	OK	 
REQUEST	injecteur 5	10		request_5	1462183536407	1462183536642	OK	 
REQUEST	injecteur 6	8		request_6	1462183536424	1462183536644	OK	 
REQUEST	injecteur 8	4		request_8	1462183536431	1462183536659	OK	 
REQUEST	injecteur 2	9		request_2	1462183536436	1462183536670	OK	 
REQUEST	injecteur 9	6		request_9	1462183536443	1462183536678	OK	 
REQUEST	injecteur 3	3		request_3	1462183536457	1462183536691	OK	 
REQUEST	injecteur 4	1		request_4	1462183536532	1462183536843	OK	 
