ASSERTION	AAMBAAMDBABk
RUN	InjectionsAndVerifications		injectionsandverifications	1462973678835	 	2.0
USER	injecteur 4	1	START	1462973680674	1462973680674
USER	injecteur 7	2	START	1462973680760	1462973680760
USER	injecteur 3	3	START	1462973680763	1462973680763
USER	injecteur 8	4	START	1462973680767	1462973680767
USER	injecteur 10	5	START	1462973680777	1462973680777
USER	injecteur 9	6	START	1462973680788	1462973680788
USER	injecteur 1	7	START	1462973680790	1462973680790
USER	injecteur 6	8	START	1462973680793	1462973680793
USER	injecteur 2	9	START	1462973680795	1462973680795
USER	injecteur 5	10	START	1462973680797	1462973680797
REQUEST	injecteur 1	7		request_0	1462973680791	1462973680985	OK	 
REQUEST	injecteur 10	5		request_9	1462973680778	1462973680985	OK	 
REQUEST	injecteur 7	2		request_6	1462973680761	1462973680946	OK	 
REQUEST	injecteur 9	6		request_8	1462973680789	1462973680969	OK	 
REQUEST	injecteur 3	3		request_2	1462973680764	1462973680919	OK	 
REQUEST	injecteur 8	4		request_7	1462973680769	1462973680998	OK	 
REQUEST	injecteur 6	8		request_5	1462973680794	1462973681002	OK	 
REQUEST	injecteur 5	10		request_4	1462973680798	1462973681006	OK	 
REQUEST	injecteur 8	4		request_7	1462973680999	1462973681010	OK	 
REQUEST	injecteur 9	6		request_8	1462973680998	1462973681012	OK	 
REQUEST	injecteur 10	5		request_9	1462973680995	1462973681012	OK	 
REQUEST	injecteur 1	7		request_0	1462973680995	1462973681017	OK	 
REQUEST	injecteur 1	7		request_0	1462973681019	1462973681026	OK	 
REQUEST	injecteur 4	1		request_3	1462973680743	1462973680949	OK	 
REQUEST	injecteur 2	9		request_1	1462973680796	1462973681034	OK	 
REQUEST	injecteur 3	3		request_2	1462973681001	1462973681034	OK	 
REQUEST	injecteur 6	8		request_5	1462973681003	1462973681037	OK	 
REQUEST	injecteur 7	2		request_6	1462973680996	1462973681046	OK	 
REQUEST	injecteur 8	4		request_7	1462973681011	1462973681052	OK	 
REQUEST	injecteur 10	5		request_9	1462973681013	1462973681055	OK	 
REQUEST	injecteur 5	10		request_4	1462973681009	1462973681059	OK	 
REQUEST	injecteur 1	7		request_0	1462973681027	1462973681065	OK	 
REQUEST	injecteur 6	8		request_5	1462973681038	1462973681070	OK	 
REQUEST	injecteur 4	1		request_3	1462973681030	1462973681075	OK	 
REQUEST	injecteur 9	6		request_8	1462973681013	1462973681074	OK	 
REQUEST	injecteur 2	9		request_1	1462973681035	1462973681079	OK	 
REQUEST	injecteur 3	3		request_2	1462973681035	1462973681082	OK	 
REQUEST	injecteur 7	2		request_6	1462973681049	1462973681085	OK	 
REQUEST	injecteur 10	5		request_9	1462973681056	1462973681092	OK	 
REQUEST	injecteur 8	4		request_7	1462973681053	1462973681092	OK	 
REQUEST	injecteur 1	7		request_0	1462973681066	1462973681101	OK	 
REQUEST	injecteur 6	8		request_5	1462973681071	1462973681103	OK	 
REQUEST	injecteur 4	1		request_3	1462973681076	1462973681110	OK	 
REQUEST	injecteur 5	10		request_4	1462973681071	1462973681116	OK	 
REQUEST	injecteur 2	9		request_1	1462973681080	1462973681117	OK	 
REQUEST	injecteur 9	6		request_8	1462973681077	1462973681119	OK	 
REQUEST	injecteur 3	3		request_2	1462973681083	1462973681119	OK	 
REQUEST	injecteur 7	2		request_6	1462973681086	1462973681131	OK	 
REQUEST	injecteur 10	5		request_9	1462973681093	1462973681135	OK	 
REQUEST	injecteur 1	7		request_0	1462973681102	1462973681140	OK	 
REQUEST	injecteur 6	8		request_5	1462973681105	1462973681148	OK	 
REQUEST	injecteur 4	1		request_3	1462973681111	1462973681156	OK	 
REQUEST	injecteur 8	4		request_7	1462973681109	1462973681158	OK	 
REQUEST	injecteur 5	10		request_4	1462973681117	1462973681172	OK	 
REQUEST	injecteur 9	6		request_8	1462973681120	1462973681177	OK	 
REQUEST	injecteur 2	9		request_1	1462973681118	1462973681179	OK	 
REQUEST	injecteur 3	3		request_2	1462973681120	1462973681182	OK	 
REQUEST	injecteur 6	8		request_5	1462973681149	1462973681188	OK	 
REQUEST	injecteur 4	1		request_3	1462973681157	1462973681194	OK	 
REQUEST	injecteur 3	3		request_2	1462973681183	1462973681199	OK	 
REQUEST	injecteur 10	5		request_9	1462973681136	1462973681202	OK	 
REQUEST	injecteur 1	7		request_0	1462973681141	1462973681205	OK	 
REQUEST	injecteur 7	2		request_6	1462973681134	1462973681210	OK	 
REQUEST	injecteur 8	4		request_7	1462973681160	1462973681217	OK	 
REQUEST	injecteur 5	10		request_4	1462973681175	1462973681218	OK	 
REQUEST	injecteur 2	9		request_1	1462973681180	1462973681223	OK	 
REQUEST	injecteur 9	6		request_8	1462973681184	1462973681229	OK	 
REQUEST	injecteur 6	8		request_5	1462973681189	1462973681232	OK	 
REQUEST	injecteur 3	3		request_2	1462973681200	1462973681242	OK	 
REQUEST	injecteur 4	1		request_3	1462973681195	1462973681245	OK	 
REQUEST	injecteur 10	5		request_9	1462973681203	1462973681248	OK	 
REQUEST	injecteur 1	7		request_0	1462973681206	1462973681251	OK	 
REQUEST	injecteur 7	2		request_6	1462973681213	1462973681259	OK	 
REQUEST	injecteur 8	4		request_7	1462973681219	1462973681263	OK	 
REQUEST	injecteur 5	10		request_4	1462973681219	1462973681271	OK	 
REQUEST	injecteur 2	9		request_1	1462973681224	1462973681275	OK	 
REQUEST	injecteur 6	8		request_5	1462973681233	1462973681278	OK	 
REQUEST	injecteur 3	3		request_2	1462973681243	1462973681283	OK	 
REQUEST	injecteur 1	7		request_0	1462973681252	1462973681288	OK	 
REQUEST	injecteur 9	6		request_8	1462973681234	1462973681293	OK	 
REQUEST	injecteur 4	1		request_3	1462973681246	1462973681295	OK	 
REQUEST	injecteur 10	5		request_9	1462973681249	1462973681303	OK	 
REQUEST	injecteur 8	4		request_7	1462973681264	1462973681307	OK	 
REQUEST	injecteur 7	2		request_6	1462973681265	1462973681312	OK	 
REQUEST	injecteur 6	8		request_5	1462973681279	1462973681314	OK	 
REQUEST	injecteur 4	1		request_3	1462973681296	1462973681320	OK	 
REQUEST	injecteur 2	9		request_1	1462973681276	1462973681324	OK	 
REQUEST	injecteur 5	10		request_4	1462973681274	1462973681328	OK	 
REQUEST	injecteur 3	3		request_2	1462973681284	1462973681331	OK	 
REQUEST	injecteur 1	7		request_0	1462973681289	1462973681337	OK	 
REQUEST	injecteur 9	6		request_8	1462973681297	1462973681343	OK	 
REQUEST	injecteur 10	5		request_9	1462973681304	1462973681347	OK	 
REQUEST	injecteur 8	4		request_7	1462973681308	1462973681351	OK	 
REQUEST	injecteur 3	3		request_2	1462973681332	1462973681359	OK	 
REQUEST	injecteur 7	2		request_6	1462973681313	1462973681364	OK	 
REQUEST	injecteur 6	8		request_5	1462973681315	1462973681367	OK	 
REQUEST	injecteur 4	1		request_3	1462973681322	1462973681374	OK	 
REQUEST	injecteur 2	9		request_1	1462973681325	1462973681379	OK	 
REQUEST	injecteur 1	7		request_0	1462973681338	1462973681384	OK	 
REQUEST	injecteur 5	10		request_4	1462973681338	1462973681387	OK	 
REQUEST	injecteur 10	5		request_9	1462973681348	1462973681393	OK	 
REQUEST	injecteur 9	6		request_8	1462973681344	1462973681392	OK	 
REQUEST	injecteur 8	4		request_7	1462973681352	1462973681396	OK	 
REQUEST	injecteur 3	3		request_2	1462973681360	1462973681402	OK	 
REQUEST	injecteur 7	2		request_6	1462973681365	1462973681407	OK	 
REQUEST	injecteur 6	8		request_5	1462973681368	1462973681411	OK	 
REQUEST	injecteur 4	1		request_3	1462973681375	1462973681414	OK	 
REQUEST	injecteur 2	9		request_1	1462973681380	1462973681417	OK	 
REQUEST	injecteur 1	7		request_0	1462973681385	1462973681422	OK	 
REQUEST	injecteur 5	10		request_4	1462973681388	1462973681425	OK	 
REQUEST	injecteur 10	5		request_9	1462973681394	1462973681430	OK	 
REQUEST	injecteur 9	6		request_8	1462973681395	1462973681434	OK	 
REQUEST	injecteur 8	4		request_7	1462973681397	1462973681443	OK	 
REQUEST	injecteur 3	3		request_2	1462973681403	1462973681446	OK	 
REQUEST	injecteur 6	8		request_5	1462973681412	1462973681450	OK	 
REQUEST	injecteur 7	2		request_6	1462973681413	1462973681460	OK	 
REQUEST	injecteur 4	1		request_3	1462973681415	1462973681470	OK	 
REQUEST	injecteur 2	9		request_1	1462973681418	1462973681474	OK	 
REQUEST	injecteur 1	7		request_0	1462973681423	1462973681476	OK	 
REQUEST	injecteur 7	2		request_6	1462973681463	1462973681480	OK	 
REQUEST	injecteur 10	5		request_9	1462973681431	1462973681484	OK	 
REQUEST	injecteur 5	10		request_4	1462973681432	1462973681487	OK	 
REQUEST	injecteur 9	6		request_8	1462973681435	1462973681494	OK	 
REQUEST	injecteur 8	4		request_7	1462973681444	1462973681505	OK	 
REQUEST	injecteur 3	3		request_2	1462973681447	1462973681510	OK	 
REQUEST	injecteur 6	8		request_5	1462973681451	1462973681516	OK	 
REQUEST	injecteur 4	1		request_3	1462973681471	1462973681523	OK	 
REQUEST	injecteur 2	9		request_1	1462973681475	1462973681528	OK	 
REQUEST	injecteur 9	6		request_8	1462973681499	1462973681532	OK	 
REQUEST	injecteur 1	7		request_0	1462973681477	1462973681535	OK	 
REQUEST	injecteur 7	2		request_6	1462973681481	1462973681538	OK	 
REQUEST	injecteur 10	5		request_9	1462973681485	1462973681541	OK	 
REQUEST	injecteur 8	4		request_7	1462973681507	1462973681549	OK	 
REQUEST	injecteur 3	3		request_2	1462973681511	1462973681551	OK	 
REQUEST	injecteur 5	10		request_4	1462973681488	1462973681550	OK	 
REQUEST	injecteur 6	8		request_5	1462973681517	1462973681557	OK	 
REQUEST	injecteur 4	1		request_3	1462973681523	1462973681561	OK	 
REQUEST	injecteur 2	9		request_1	1462973681529	1462973681569	OK	 
REQUEST	injecteur 9	6		request_8	1462973681533	1462973681578	OK	 
REQUEST	injecteur 1	7		request_0	1462973681536	1462973681581	OK	 
REQUEST	injecteur 7	2		request_6	1462973681539	1462973681585	OK	 
REQUEST	injecteur 10	5		request_9	1462973681541	1462973681606	OK	 
REQUEST	injecteur 8	4		request_7	1462973681550	1462973681609	OK	 
REQUEST	injecteur 3	3		request_2	1462973681552	1462973681613	OK	 
REQUEST	injecteur 5	10		request_4	1462973681553	1462973681615	OK	 
REQUEST	injecteur 6	8		request_5	1462973681558	1462973681619	OK	 
REQUEST	injecteur 4	1		request_3	1462973681562	1462973681624	OK	 
REQUEST	injecteur 2	9		request_1	1462973681570	1462973681626	OK	 
REQUEST	injecteur 1	7		request_0	1462973681582	1462973681631	OK	 
REQUEST	injecteur 9	6		request_8	1462973681580	1462973681634	OK	 
REQUEST	injecteur 7	2		request_6	1462973681586	1462973681636	OK	 
REQUEST	injecteur 10	5		request_9	1462973681607	1462973681638	OK	 
REQUEST	injecteur 8	4		request_7	1462973681611	1462973681642	OK	 
REQUEST	injecteur 3	3		request_2	1462973681614	1462973681645	OK	 
REQUEST	injecteur 5	10		request_4	1462973681616	1462973681650	OK	 
REQUEST	injecteur 3	3		request_2	1462973681646	1462973681655	OK	 
REQUEST	injecteur 10	5		request_9	1462973681639	1462973681656	OK	 
REQUEST	injecteur 6	8		request_5	1462973681620	1462973681659	OK	 
REQUEST	injecteur 4	1		request_3	1462973681625	1462973681664	OK	 
REQUEST	injecteur 2	9		request_1	1462973681627	1462973681666	OK	 
REQUEST	injecteur 1	7		request_0	1462973681632	1462973681669	OK	 
REQUEST	injecteur 8	4		request_7	1462973681643	1462973681679	OK	 
REQUEST	injecteur 3	3		request_2	1462973681656	1462973681682	OK	 
REQUEST	injecteur 9	6		request_8	1462973681635	1462973681683	OK	 
REQUEST	injecteur 7	2		request_6	1462973681640	1462973681686	OK	 
REQUEST	injecteur 6	8		request_5	1462973681660	1462973681687	OK	 
REQUEST	injecteur 1	7		request_0	1462973681670	1462973681704	OK	 
REQUEST	injecteur 5	10		request_4	1462973681652	1462973681709	OK	 
REQUEST	injecteur 10	5		request_9	1462973681656	1462973681712	OK	 
REQUEST	injecteur 4	1		request_3	1462973681665	1462973681716	OK	 
REQUEST	injecteur 2	9		request_1	1462973681667	1462973681719	OK	 
REQUEST	injecteur 3	3		request_2	1462973681683	1462973681722	OK	 
REQUEST	injecteur 6	8		request_5	1462973681688	1462973681724	OK	 
REQUEST	injecteur 1	7		request_0	1462973681704	1462973681727	OK	 
REQUEST	injecteur 8	4		request_7	1462973681680	1462973681733	OK	 
REQUEST	injecteur 9	6		request_8	1462973681685	1462973681735	OK	 
REQUEST	injecteur 7	2		request_6	1462973681687	1462973681738	OK	 
REQUEST	injecteur 5	10		request_4	1462973681710	1462973681745	OK	 
REQUEST	injecteur 10	5		request_9	1462973681713	1462973681748	OK	 
REQUEST	injecteur 4	1		request_3	1462973681717	1462973681751	OK	 
REQUEST	injecteur 2	9		request_1	1462973681720	1462973681756	OK	 
REQUEST	injecteur 3	3		request_2	1462973681723	1462973681760	OK	 
REQUEST	injecteur 6	8		request_5	1462973681725	1462973681764	OK	 
REQUEST	injecteur 1	7		request_0	1462973681728	1462973681769	OK	 
REQUEST	injecteur 8	4		request_7	1462973681734	1462973681771	OK	 
REQUEST	injecteur 9	6		request_8	1462973681737	1462973681775	OK	 
REQUEST	injecteur 10	5		request_9	1462973681749	1462973681782	OK	 
REQUEST	injecteur 7	2		request_6	1462973681739	1462973681779	OK	 
REQUEST	injecteur 2	9		request_1	1462973681757	1462973681788	OK	 
REQUEST	injecteur 5	10		request_4	1462973681747	1462973681789	OK	 
REQUEST	injecteur 10	5		request_9	1462973681783	1462973681790	OK	 
REQUEST	injecteur 4	1		request_3	1462973681752	1462973681798	OK	 
REQUEST	injecteur 3	3		request_2	1462973681761	1462973681804	OK	 
REQUEST	injecteur 6	8		request_5	1462973681765	1462973681807	OK	 
REQUEST	injecteur 1	7		request_0	1462973681770	1462973681810	OK	 
REQUEST	injecteur 8	4		request_7	1462973681772	1462973681811	OK	 
REQUEST	injecteur 9	6		request_8	1462973681777	1462973681816	OK	 
REQUEST	injecteur 9	6		request_8	1462973681817	1462973681823	OK	 
REQUEST	injecteur 7	2		request_6	1462973681787	1462973681826	OK	 
REQUEST	injecteur 2	9		request_1	1462973681789	1462973681828	OK	 
REQUEST	injecteur 10	5		request_9	1462973681791	1462973681833	OK	 
REQUEST	injecteur 5	10		request_4	1462973681792	1462973681833	OK	 
REQUEST	injecteur 4	1		request_3	1462973681799	1462973681839	OK	 
REQUEST	injecteur 3	3		request_2	1462973681805	1462973681850	OK	 
REQUEST	injecteur 6	8		request_5	1462973681808	1462973681854	OK	 
REQUEST	injecteur 1	7		request_0	1462973681811	1462973681857	OK	 
REQUEST	injecteur 8	4		request_7	1462973681812	1462973681861	OK	 
REQUEST	injecteur 9	6		request_8	1462973681824	1462973681871	OK	 
REQUEST	injecteur 7	2		request_6	1462973681828	1462973681874	OK	 
REQUEST	injecteur 2	9		request_1	1462973681832	1462973681875	OK	 
REQUEST	injecteur 5	10		request_4	1462973681834	1462973681879	OK	 
REQUEST	injecteur 10	5		request_9	1462973681834	1462973681881	OK	 
REQUEST	injecteur 4	1		request_3	1462973681840	1462973681897	OK	 
REQUEST	injecteur 3	3		request_2	1462973681851	1462973681901	OK	 
REQUEST	injecteur 6	8		request_5	1462973681855	1462973681903	OK	 
REQUEST	injecteur 1	7		request_0	1462973681857	1462973681905	OK	 
REQUEST	injecteur 2	9		request_1	1462973681876	1462973681907	OK	 
REQUEST	injecteur 10	5		request_9	1462973681894	1462973681911	OK	 
REQUEST	injecteur 4	1		request_3	1462973681898	1462973681914	OK	 
REQUEST	injecteur 8	4		request_7	1462973681862	1462973681920	OK	 
REQUEST	injecteur 9	6		request_8	1462973681873	1462973681920	OK	 
REQUEST	injecteur 7	2		request_6	1462973681875	1462973681923	OK	 
REQUEST	injecteur 5	10		request_4	1462973681880	1462973681926	OK	 
REQUEST	injecteur 3	3		request_2	1462973681902	1462973681926	OK	 
REQUEST	injecteur 6	8		request_5	1462973681904	1462973681928	OK	 
REQUEST	injecteur 10	5		request_9	1462973681911	1462973681930	OK	 
REQUEST	injecteur 4	1		request_3	1462973681915	1462973681934	OK	 
REQUEST	injecteur 1	7		request_0	1462973681906	1462973681940	OK	 
REQUEST	injecteur 2	9		request_1	1462973681908	1462973681943	OK	 
REQUEST	injecteur 8	4		request_7	1462973681920	1462973681948	OK	 
REQUEST	injecteur 9	6		request_8	1462973681922	1462973681952	OK	 
REQUEST	injecteur 3	3		request_2	1462973681927	1462973681954	OK	 
REQUEST	injecteur 7	2		request_6	1462973681925	1462973681956	OK	 
REQUEST	injecteur 10	5		request_9	1462973681931	1462973681969	OK	 
REQUEST	injecteur 4	1		request_3	1462973681936	1462973681974	OK	 
REQUEST	injecteur 2	9		request_1	1462973681944	1462973681978	OK	 
REQUEST	injecteur 6	8		request_5	1462973681929	1462973682030	OK	 
REQUEST	injecteur 1	7		request_0	1462973681941	1462973682032	OK	 
REQUEST	injecteur 5	10		request_4	1462973681927	1462973682030	OK	 
REQUEST	injecteur 6	8		request_5	1462973682031	1462973682035	OK	 
REQUEST	injecteur 8	4		request_7	1462973681949	1462973682036	OK	 
REQUEST	injecteur 1	7		request_0	1462973682033	1462973682037	OK	 
REQUEST	injecteur 6	8		request_5	1462973682036	1462973682039	OK	 
REQUEST	injecteur 1	7		request_0	1462973682038	1462973682043	OK	 
REQUEST	injecteur 8	4		request_7	1462973682037	1462973682042	OK	 
REQUEST	injecteur 1	7		request_0	1462973682044	1462973682055	OK	 
REQUEST	injecteur 6	8		request_5	1462973682040	1462973682057	OK	 
REQUEST	injecteur 1	7		request_0	1462973682056	1462973682059	OK	 
REQUEST	injecteur 6	8		request_5	1462973682058	1462973682061	OK	 
REQUEST	injecteur 1	7		request_0	1462973682060	1462973682064	OK	 
REQUEST	injecteur 6	8		request_5	1462973682062	1462973682067	OK	 
REQUEST	injecteur 9	6		request_8	1462973681955	1462973682067	OK	 
REQUEST	injecteur 1	7		request_0	1462973682065	1462973682069	OK	 
REQUEST	injecteur 6	8		request_5	1462973682067	1462973682071	OK	 
REQUEST	injecteur 9	6		request_8	1462973682068	1462973682073	OK	 
REQUEST	injecteur 1	7		request_0	1462973682069	1462973682075	OK	 
REQUEST	injecteur 6	8		request_5	1462973682072	1462973682077	OK	 
REQUEST	injecteur 1	7		request_0	1462973682075	1462973682080	OK	 
REQUEST	injecteur 10	5		request_9	1462973681970	1462973682083	OK	 
REQUEST	injecteur 6	8		request_5	1462973682077	1462973682088	OK	 
REQUEST	injecteur 1	7		request_0	1462973682081	1462973682090	OK	 
REQUEST	injecteur 10	5		request_9	1462973682084	1462973682092	OK	 
REQUEST	injecteur 10	5		request_9	1462973682094	1462973682097	OK	 
REQUEST	injecteur 6	8		request_5	1462973682089	1462973682102	OK	 
REQUEST	injecteur 1	7		request_0	1462973682091	1462973682105	OK	 
REQUEST	injecteur 10	5		request_9	1462973682098	1462973682120	OK	 
REQUEST	injecteur 10	5		request_9	1462973682121	1462973682125	OK	 
REQUEST	injecteur 6	8		request_5	1462973682103	1462973682128	OK	 
REQUEST	injecteur 1	7		request_0	1462973682106	1462973682131	OK	 
REQUEST	injecteur 10	5		request_9	1462973682125	1462973682134	OK	 
REQUEST	injecteur 6	8		request_5	1462973682129	1462973682138	OK	 
REQUEST	injecteur 10	5		request_9	1462973682135	1462973682140	OK	 
REQUEST	injecteur 1	7		request_0	1462973682132	1462973682145	OK	 
REQUEST	injecteur 10	5		request_9	1462973682141	1462973682147	OK	 
REQUEST	injecteur 9	6		request_8	1462973682074	1462973682080	OK	 
REQUEST	injecteur 4	1		request_3	1462973681975	1462973682149	OK	 
REQUEST	injecteur 3	3		request_2	1462973681955	1462973682149	OK	 
REQUEST	injecteur 7	2		request_6	1462973681957	1462973682150	OK	 
REQUEST	injecteur 2	9		request_1	1462973681979	1462973682164	OK	 
REQUEST	injecteur 6	8		request_5	1462973682139	1462973682169	OK	 
REQUEST	injecteur 1	7		request_0	1462973682146	1462973682172	OK	 
REQUEST	injecteur 10	5		request_9	1462973682148	1462973682175	OK	 
REQUEST	injecteur 3	3		request_2	1462973682150	1462973682178	OK	 
REQUEST	injecteur 8	4		request_7	1462973682150	1462973682182	OK	 
REQUEST	injecteur 5	10		request_4	1462973682150	1462973682182	OK	 
REQUEST	injecteur 7	2		request_6	1462973682151	1462973682184	OK	 
REQUEST	injecteur 9	6		request_8	1462973682152	1462973682186	OK	 
REQUEST	injecteur 4	1		request_3	1462973682150	1462973682188	OK	 
REQUEST	injecteur 2	9		request_1	1462973682165	1462973682191	OK	 
REQUEST	injecteur 10	5		request_9	1462973682176	1462973682195	OK	 
REQUEST	injecteur 4	1		request_3	1462973682188	1462973682199	OK	 
REQUEST	injecteur 2	9		request_1	1462973682192	1462973682202	OK	 
REQUEST	injecteur 6	8		request_5	1462973682170	1462973682206	OK	 
REQUEST	injecteur 1	7		request_0	1462973682173	1462973682208	OK	 
REQUEST	injecteur 3	3		request_2	1462973682179	1462973682210	OK	 
REQUEST	injecteur 8	4		request_7	1462973682183	1462973682212	OK	 
REQUEST	injecteur 5	10		request_4	1462973682183	1462973682223	OK	 
REQUEST	injecteur 7	2		request_6	1462973682185	1462973682226	OK	 
REQUEST	injecteur 9	6		request_8	1462973682187	1462973682229	OK	 
REQUEST	injecteur 10	5		request_9	1462973682196	1462973682234	OK	 
REQUEST	injecteur 4	1		request_3	1462973682199	1462973682242	OK	 
REQUEST	injecteur 6	8		request_5	1462973682207	1462973682242	OK	 
REQUEST	injecteur 1	7		request_0	1462973682209	1462973682249	OK	 
REQUEST	injecteur 2	9		request_1	1462973682203	1462973682249	OK	 
REQUEST	injecteur 3	3		request_2	1462973682211	1462973682255	OK	 
REQUEST	injecteur 8	4		request_7	1462973682213	1462973682260	OK	 
REQUEST	injecteur 5	10		request_4	1462973682224	1462973682262	OK	 
REQUEST	injecteur 7	2		request_6	1462973682227	1462973682265	OK	 
REQUEST	injecteur 9	6		request_8	1462973682230	1462973682269	OK	 
REQUEST	injecteur 10	5		request_9	1462973682235	1462973682271	OK	 
REQUEST	injecteur 6	8		request_5	1462973682243	1462973682273	OK	 
REQUEST	injecteur 4	1		request_3	1462973682242	1462973682277	OK	 
REQUEST	injecteur 1	7		request_0	1462973682249	1462973682279	OK	 
REQUEST	injecteur 2	9		request_1	1462973682249	1462973682282	OK	 
REQUEST	injecteur 3	3		request_2	1462973682256	1462973682287	OK	 
REQUEST	injecteur 8	4		request_7	1462973682261	1462973682293	OK	 
REQUEST	injecteur 5	10		request_4	1462973682264	1462973682295	OK	 
REQUEST	injecteur 7	2		request_6	1462973682267	1462973682300	OK	 
REQUEST	injecteur 10	5		request_9	1462973682272	1462973682301	OK	 
REQUEST	injecteur 9	6		request_8	1462973682269	1462973682304	OK	 
REQUEST	injecteur 6	8		request_5	1462973682274	1462973682304	OK	 
REQUEST	injecteur 4	1		request_3	1462973682277	1462973682308	OK	 
REQUEST	injecteur 1	7		request_0	1462973682279	1462973682315	OK	 
REQUEST	injecteur 2	9		request_1	1462973682283	1462973682317	OK	 
REQUEST	injecteur 3	3		request_2	1462973682287	1462973682321	OK	 
REQUEST	injecteur 8	4		request_7	1462973682293	1462973682331	OK	 
REQUEST	injecteur 5	10		request_4	1462973682297	1462973682335	OK	 
REQUEST	injecteur 7	2		request_6	1462973682301	1462973682338	OK	 
REQUEST	injecteur 10	5		request_9	1462973682302	1462973682340	OK	 
REQUEST	injecteur 9	6		request_8	1462973682304	1462973682343	OK	 
REQUEST	injecteur 6	8		request_5	1462973682305	1462973682345	OK	 
REQUEST	injecteur 4	1		request_3	1462973682309	1462973682348	OK	 
REQUEST	injecteur 1	7		request_0	1462973682316	1462973682350	OK	 
REQUEST	injecteur 2	9		request_1	1462973682318	1462973682352	OK	 
REQUEST	injecteur 3	3		request_2	1462973682322	1462973682359	OK	 
REQUEST	injecteur 8	4		request_7	1462973682332	1462973682363	OK	 
REQUEST	injecteur 5	10		request_4	1462973682336	1462973682365	OK	 
REQUEST	injecteur 7	2		request_6	1462973682338	1462973682367	OK	 
REQUEST	injecteur 10	5		request_9	1462973682341	1462973682369	OK	 
REQUEST	injecteur 9	6		request_8	1462973682344	1462973682372	OK	 
REQUEST	injecteur 6	8		request_5	1462973682346	1462973682374	OK	 
REQUEST	injecteur 4	1		request_3	1462973682349	1462973682376	OK	 
REQUEST	injecteur 1	7		request_0	1462973682351	1462973682378	OK	 
REQUEST	injecteur 2	9		request_1	1462973682353	1462973682383	OK	 
REQUEST	injecteur 3	3		request_2	1462973682362	1462973682392	OK	 
REQUEST	injecteur 8	4		request_7	1462973682364	1462973682394	OK	 
REQUEST	injecteur 5	10		request_4	1462973682366	1462973682396	OK	 
REQUEST	injecteur 7	2		request_6	1462973682368	1462973682409	OK	 
REQUEST	injecteur 10	5		request_9	1462973682369	1462973682411	OK	 
REQUEST	injecteur 9	6		request_8	1462973682373	1462973682415	OK	 
REQUEST	injecteur 6	8		request_5	1462973682375	1462973682418	OK	 
REQUEST	injecteur 4	1		request_3	1462973682377	1462973682420	OK	 
REQUEST	injecteur 2	9		request_1	1462973682383	1462973682423	OK	 
REQUEST	injecteur 5	10		request_4	1462973682397	1462973682427	OK	 
REQUEST	injecteur 10	5		request_9	1462973682412	1462973682429	OK	 
REQUEST	injecteur 4	1		request_3	1462973682421	1462973682433	OK	 
REQUEST	injecteur 1	7		request_0	1462973682379	1462973682437	OK	 
REQUEST	injecteur 3	3		request_2	1462973682393	1462973682439	OK	 
REQUEST	injecteur 8	4		request_7	1462973682395	1462973682441	OK	 
REQUEST	injecteur 7	2		request_6	1462973682410	1462973682445	OK	 
REQUEST	injecteur 9	6		request_8	1462973682416	1462973682451	OK	 
REQUEST	injecteur 6	8		request_5	1462973682419	1462973682452	OK	 
REQUEST	injecteur 2	9		request_1	1462973682424	1462973682454	OK	 
REQUEST	injecteur 4	1		request_3	1462973682434	1462973682458	OK	 
REQUEST	injecteur 5	10		request_4	1462973682428	1462973682472	OK	 
REQUEST	injecteur 10	5		request_9	1462973682430	1462973682475	OK	 
REQUEST	injecteur 1	7		request_0	1462973682437	1462973682479	OK	 
REQUEST	injecteur 3	3		request_2	1462973682439	1462973682481	OK	 
REQUEST	injecteur 8	4		request_7	1462973682441	1462973682484	OK	 
REQUEST	injecteur 7	2		request_6	1462973682446	1462973682486	OK	 
REQUEST	injecteur 2	9		request_1	1462973682455	1462973682489	OK	 
REQUEST	injecteur 4	1		request_3	1462973682458	1462973682493	OK	 
REQUEST	injecteur 9	6		request_8	1462973682451	1462973682494	OK	 
REQUEST	injecteur 10	5		request_9	1462973682476	1462973682496	OK	 
REQUEST	injecteur 6	8		request_5	1462973682453	1462973682502	OK	 
REQUEST	injecteur 5	10		request_4	1462973682473	1462973682505	OK	 
REQUEST	injecteur 1	7		request_0	1462973682480	1462973682506	OK	 
REQUEST	injecteur 3	3		request_2	1462973682482	1462973682508	OK	 
REQUEST	injecteur 8	4		request_7	1462973682485	1462973682510	OK	 
REQUEST	injecteur 2	9		request_1	1462973682490	1462973682512	OK	 
REQUEST	injecteur 4	1		request_3	1462973682493	1462973682534	OK	 
REQUEST	injecteur 10	5		request_9	1462973682499	1462973682551	OK	 
REQUEST	injecteur 7	2		request_6	1462973682493	1462973682558	OK	 
REQUEST	injecteur 9	6		request_8	1462973682494	1462973682560	OK	 
REQUEST	injecteur 6	8		request_5	1462973682503	1462973682562	OK	 
REQUEST	injecteur 1	7		request_0	1462973682507	1462973682565	OK	 
REQUEST	injecteur 3	3		request_2	1462973682509	1462973682567	OK	 
REQUEST	injecteur 2	9		request_1	1462973682513	1462973682570	OK	 
REQUEST	injecteur 4	1		request_3	1462973682534	1462973682574	OK	 
REQUEST	injecteur 10	5		request_9	1462973682552	1462973682578	OK	 
REQUEST	injecteur 8	4		request_7	1462973682511	1462973682582	OK	 
REQUEST	injecteur 6	8		request_5	1462973682563	1462973682588	OK	 
REQUEST	injecteur 5	10		request_4	1462973682514	1462973682588	OK	 
REQUEST	injecteur 1	7		request_0	1462973682566	1462973682593	OK	 
REQUEST	injecteur 7	2		request_6	1462973682559	1462973682597	OK	 
REQUEST	injecteur 2	9		request_1	1462973682571	1462973682600	OK	 
REQUEST	injecteur 4	1		request_3	1462973682575	1462973682603	OK	 
REQUEST	injecteur 10	5		request_9	1462973682579	1462973682607	OK	 
REQUEST	injecteur 3	3		request_2	1462973682568	1462973682611	OK	 
REQUEST	injecteur 8	4		request_7	1462973682583	1462973682614	OK	 
REQUEST	injecteur 9	6		request_8	1462973682587	1462973682620	OK	 
REQUEST	injecteur 6	8		request_5	1462973682589	1462973682621	OK	 
REQUEST	injecteur 2	9		request_1	1462973682600	1462973682629	OK	 
REQUEST	injecteur 4	1		request_3	1462973682604	1462973682659	OK	 
REQUEST	injecteur 10	5		request_9	1462973682608	1462973682663	OK	 
REQUEST	injecteur 5	10		request_4	1462973682592	1462973682666	OK	 
REQUEST	injecteur 1	7		request_0	1462973682593	1462973682668	OK	 
REQUEST	injecteur 7	2		request_6	1462973682598	1462973682670	OK	 
REQUEST	injecteur 3	3		request_2	1462973682612	1462973682672	OK	 
REQUEST	injecteur 8	4		request_7	1462973682615	1462973682675	OK	 
REQUEST	injecteur 2	9		request_1	1462973682630	1462973682677	OK	 
REQUEST	injecteur 4	1		request_3	1462973682660	1462973682679	OK	 
REQUEST	injecteur 10	5		request_9	1462973682663	1462973682681	OK	 
REQUEST	injecteur 9	6		request_8	1462973682621	1462973682684	OK	 
REQUEST	injecteur 6	8		request_5	1462973682622	1462973682686	OK	 
REQUEST	injecteur 5	10		request_4	1462973682667	1462973682688	OK	 
REQUEST	injecteur 1	7		request_0	1462973682669	1462973682690	OK	 
REQUEST	injecteur 7	2		request_6	1462973682672	1462973682695	OK	 
REQUEST	injecteur 3	3		request_2	1462973682673	1462973682697	OK	 
REQUEST	injecteur 8	4		request_7	1462973682676	1462973682703	OK	 
REQUEST	injecteur 2	9		request_1	1462973682678	1462973682705	OK	 
REQUEST	injecteur 4	1		request_3	1462973682680	1462973682707	OK	 
REQUEST	injecteur 10	5		request_9	1462973682682	1462973682709	OK	 
REQUEST	injecteur 9	6		request_8	1462973682684	1462973682711	OK	 
REQUEST	injecteur 6	8		request_5	1462973682687	1462973682713	OK	 
REQUEST	injecteur 5	10		request_4	1462973682689	1462973682717	OK	 
REQUEST	injecteur 1	7		request_0	1462973682692	1462973682720	OK	 
REQUEST	injecteur 7	2		request_6	1462973682695	1462973682724	OK	 
REQUEST	injecteur 6	8		request_5	1462973682714	1462973682727	OK	 
REQUEST	injecteur 3	3		request_2	1462973682698	1462973682731	OK	 
REQUEST	injecteur 8	4		request_7	1462973682704	1462973682735	OK	 
REQUEST	injecteur 2	9		request_1	1462973682706	1462973682736	OK	 
REQUEST	injecteur 10	5		request_9	1462973682710	1462973682741	OK	 
REQUEST	injecteur 4	1		request_3	1462973682708	1462973682747	OK	 
REQUEST	injecteur 1	7		request_0	1462973682721	1462973682749	OK	 
REQUEST	injecteur 9	6		request_8	1462973682711	1462973682752	OK	 
REQUEST	injecteur 5	10		request_4	1462973682718	1462973682754	OK	 
REQUEST	injecteur 7	2		request_6	1462973682725	1462973682758	OK	 
REQUEST	injecteur 6	8		request_5	1462973682728	1462973682758	OK	 
REQUEST	injecteur 3	3		request_2	1462973682732	1462973682763	OK	 
REQUEST	injecteur 8	4		request_7	1462973682735	1462973682766	OK	 
REQUEST	injecteur 2	9		request_1	1462973682746	1462973682768	OK	 
REQUEST	injecteur 10	5		request_9	1462973682746	1462973682771	OK	 
REQUEST	injecteur 4	1		request_3	1462973682748	1462973682776	OK	 
REQUEST	injecteur 1	7		request_0	1462973682750	1462973682778	OK	 
REQUEST	injecteur 9	6		request_8	1462973682753	1462973682782	OK	 
REQUEST	injecteur 5	10		request_4	1462973682755	1462973682785	OK	 
REQUEST	injecteur 7	2		request_6	1462973682758	1462973682788	OK	 
REQUEST	injecteur 6	8		request_5	1462973682759	1462973682790	OK	 
REQUEST	injecteur 3	3		request_2	1462973682764	1462973682795	OK	 
REQUEST	injecteur 8	4		request_7	1462973682767	1462973682797	OK	 
REQUEST	injecteur 2	9		request_1	1462973682769	1462973682800	OK	 
REQUEST	injecteur 10	5		request_9	1462973682772	1462973682806	OK	 
REQUEST	injecteur 4	1		request_3	1462973682777	1462973682808	OK	 
REQUEST	injecteur 1	7		request_0	1462973682779	1462973682810	OK	 
REQUEST	injecteur 9	6		request_8	1462973682783	1462973682812	OK	 
REQUEST	injecteur 5	10		request_4	1462973682786	1462973682815	OK	 
REQUEST	injecteur 7	2		request_6	1462973682789	1462973682817	OK	 
REQUEST	injecteur 6	8		request_5	1462973682791	1462973682819	OK	 
REQUEST	injecteur 3	3		request_2	1462973682796	1462973682823	OK	 
REQUEST	injecteur 8	4		request_7	1462973682798	1462973682826	OK	 
REQUEST	injecteur 2	9		request_1	1462973682800	1462973682831	OK	 
REQUEST	injecteur 10	5		request_9	1462973682806	1462973682836	OK	 
REQUEST	injecteur 4	1		request_3	1462973682808	1462973682840	OK	 
REQUEST	injecteur 1	7		request_0	1462973682811	1462973682843	OK	 
REQUEST	injecteur 9	6		request_8	1462973682813	1462973682845	OK	 
REQUEST	injecteur 5	10		request_4	1462973682816	1462973682847	OK	 
REQUEST	injecteur 7	2		request_6	1462973682818	1462973682849	OK	 
REQUEST	injecteur 6	8		request_5	1462973682820	1462973682865	OK	 
REQUEST	injecteur 3	3		request_2	1462973682823	1462973682868	OK	 
REQUEST	injecteur 2	9		request_1	1462973682832	1462973682873	OK	 
REQUEST	injecteur 10	5		request_9	1462973682837	1462973682877	OK	 
REQUEST	injecteur 4	1		request_3	1462973682840	1462973682883	OK	 
REQUEST	injecteur 3	3		request_2	1462973682869	1462973682887	OK	 
REQUEST	injecteur 8	4		request_7	1462973682827	1462973682889	OK	 
REQUEST	injecteur 1	7		request_0	1462973682844	1462973682893	OK	 
REQUEST	injecteur 9	6		request_8	1462973682846	1462973682895	OK	 
REQUEST	injecteur 5	10		request_4	1462973682848	1462973682897	OK	 
REQUEST	injecteur 7	2		request_6	1462973682849	1462973682901	OK	 
REQUEST	injecteur 6	8		request_5	1462973682866	1462973682906	OK	 
REQUEST	injecteur 2	9		request_1	1462973682874	1462973682908	OK	 
REQUEST	injecteur 10	5		request_9	1462973682880	1462973682911	OK	 
REQUEST	injecteur 4	1		request_3	1462973682884	1462973682915	OK	 
REQUEST	injecteur 3	3		request_2	1462973682887	1462973682919	OK	 
REQUEST	injecteur 8	4		request_7	1462973682889	1462973682921	OK	 
REQUEST	injecteur 1	7		request_0	1462973682893	1462973682945	OK	 
REQUEST	injecteur 9	6		request_8	1462973682896	1462973682954	OK	 
REQUEST	injecteur 2	9		request_1	1462973682909	1462973682954	OK	 
REQUEST	injecteur 10	5		request_9	1462973682912	1462973682957	OK	 
REQUEST	injecteur 5	10		request_4	1462973682900	1462973682958	OK	 
REQUEST	injecteur 7	2		request_6	1462973682902	1462973682959	OK	 
REQUEST	injecteur 4	1		request_3	1462973682916	1462973682969	OK	 
REQUEST	injecteur 8	4		request_7	1462973682921	1462973682981	OK	 
REQUEST	injecteur 6	8		request_5	1462973682907	1462973682983	OK	 
REQUEST	injecteur 3	3		request_2	1462973682920	1462973682985	OK	 
REQUEST	injecteur 1	7		request_0	1462973682946	1462973682989	OK	 
REQUEST	injecteur 2	9		request_1	1462973682955	1462973682993	OK	 
REQUEST	injecteur 10	5		request_9	1462973682958	1462973682997	OK	 
REQUEST	injecteur 4	1		request_3	1462973682969	1462973683001	OK	 
REQUEST	injecteur 9	6		request_8	1462973682955	1462973683018	OK	 
REQUEST	injecteur 5	10		request_4	1462973682958	1462973683032	OK	 
REQUEST	injecteur 7	2		request_6	1462973682960	1462973683035	OK	 
REQUEST	injecteur 8	4		request_7	1462973682981	1462973683037	OK	 
REQUEST	injecteur 6	8		request_5	1462973682984	1462973683039	OK	 
REQUEST	injecteur 3	3		request_2	1462973682986	1462973683040	OK	 
REQUEST	injecteur 2	9		request_1	1462973682993	1462973683043	OK	 
REQUEST	injecteur 10	5		request_9	1462973682997	1462973683047	OK	 
REQUEST	injecteur 4	1		request_3	1462973683015	1462973683051	OK	 
REQUEST	injecteur 1	7		request_0	1462973682990	1462973683055	OK	 
REQUEST	injecteur 9	6		request_8	1462973683019	1462973683057	OK	 
REQUEST	injecteur 5	10		request_4	1462973683033	1462973683060	OK	 
REQUEST	injecteur 7	2		request_6	1462973683036	1462973683063	OK	 
REQUEST	injecteur 8	4		request_7	1462973683037	1462973683065	OK	 
REQUEST	injecteur 6	8		request_5	1462973683039	1462973683067	OK	 
REQUEST	injecteur 2	9		request_1	1462973683043	1462973683069	OK	 
REQUEST	injecteur 10	5		request_9	1462973683048	1462973683074	OK	 
REQUEST	injecteur 4	1		request_3	1462973683052	1462973683077	OK	 
REQUEST	injecteur 3	3		request_2	1462973683041	1462973683080	OK	 
REQUEST	injecteur 1	7		request_0	1462973683055	1462973683082	OK	 
REQUEST	injecteur 8	4		request_7	1462973683066	1462973683088	OK	 
REQUEST	injecteur 6	8		request_5	1462973683068	1462973683090	OK	 
REQUEST	injecteur 10	5		request_9	1462973683075	1462973683092	OK	 
REQUEST	injecteur 2	9		request_1	1462973683069	1462973683095	OK	 
REQUEST	injecteur 4	1		request_3	1462973683078	1462973683099	OK	 
REQUEST	injecteur 5	10		request_4	1462973683060	1462973683103	OK	 
REQUEST	injecteur 9	6		request_8	1462973683058	1462973683106	OK	 
REQUEST	injecteur 3	3		request_2	1462973683081	1462973683107	OK	 
REQUEST	injecteur 1	7		request_0	1462973683083	1462973683110	OK	 
REQUEST	injecteur 10	5		request_9	1462973683092	1462973683111	OK	 
REQUEST	injecteur 2	9		request_1	1462973683096	1462973683115	OK	 
REQUEST	injecteur 4	1		request_3	1462973683102	1462973683124	OK	 
REQUEST	injecteur 8	4		request_7	1462973683089	1462973683126	OK	 
REQUEST	injecteur 6	8		request_5	1462973683091	1462973683135	OK	 
REQUEST	injecteur 7	2		request_6	1462973683064	1462973683141	OK	 
REQUEST	injecteur 5	10		request_4	1462973683105	1462973683148	OK	 
REQUEST	injecteur 9	6		request_8	1462973683107	1462973683153	OK	 
REQUEST	injecteur 3	3		request_2	1462973683108	1462973683156	OK	 
REQUEST	injecteur 10	5		request_9	1462973683112	1462973683158	OK	 
REQUEST	injecteur 1	7		request_0	1462973683110	1462973683160	OK	 
REQUEST	injecteur 2	9		request_1	1462973683121	1462973683163	OK	 
REQUEST	injecteur 4	1		request_3	1462973683125	1462973683165	OK	 
REQUEST	injecteur 8	4		request_7	1462973683127	1462973683167	OK	 
REQUEST	injecteur 6	8		request_5	1462973683135	1462973683173	OK	 
REQUEST	injecteur 7	2		request_6	1462973683141	1462973683176	OK	 
REQUEST	injecteur 5	10		request_4	1462973683149	1462973683189	OK	 
REQUEST	injecteur 9	6		request_8	1462973683154	1462973683191	OK	 
REQUEST	injecteur 7	2		request_6	1462973683176	1462973683195	OK	 
REQUEST	injecteur 3	3		request_2	1462973683156	1462973683205	OK	 
REQUEST	injecteur 10	5		request_9	1462973683159	1462973683207	OK	 
REQUEST	injecteur 1	7		request_0	1462973683161	1462973683208	OK	 
REQUEST	injecteur 2	9		request_1	1462973683164	1462973683211	OK	 
REQUEST	injecteur 4	1		request_3	1462973683166	1462973683213	OK	 
REQUEST	injecteur 8	4		request_7	1462973683168	1462973683216	OK	 
REQUEST	injecteur 6	8		request_5	1462973683174	1462973683219	OK	 
REQUEST	injecteur 5	10		request_4	1462973683190	1462973683222	OK	 
REQUEST	injecteur 9	6		request_8	1462973683192	1462973683224	OK	 
REQUEST	injecteur 7	2		request_6	1462973683196	1462973683226	OK	 
REQUEST	injecteur 3	3		request_2	1462973683205	1462973683227	OK	 
REQUEST	injecteur 10	5		request_9	1462973683208	1462973683229	OK	 
REQUEST	injecteur 1	7		request_0	1462973683209	1462973683231	OK	 
REQUEST	injecteur 2	9		request_1	1462973683211	1462973683233	OK	 
REQUEST	injecteur 4	1		request_3	1462973683213	1462973683235	OK	 
REQUEST	injecteur 8	4		request_7	1462973683216	1462973683236	OK	 
REQUEST	injecteur 6	8		request_5	1462973683219	1462973683239	OK	 
REQUEST	injecteur 5	10		request_4	1462973683222	1462973683242	OK	 
REQUEST	injecteur 9	6		request_8	1462973683224	1462973683251	OK	 
REQUEST	injecteur 3	3		request_2	1462973683228	1462973683251	OK	 
REQUEST	injecteur 7	2		request_6	1462973683226	1462973683253	OK	 
REQUEST	injecteur 10	5		request_9	1462973683230	1462973683254	OK	 
REQUEST	injecteur 1	7		request_0	1462973683232	1462973683256	OK	 
REQUEST	injecteur 2	9		request_1	1462973683234	1462973683258	OK	 
REQUEST	injecteur 4	1		request_3	1462973683235	1462973683261	OK	 
REQUEST	injecteur 8	4		request_7	1462973683237	1462973683270	OK	 
REQUEST	injecteur 6	8		request_5	1462973683240	1462973683272	OK	 
REQUEST	injecteur 5	10		request_4	1462973683242	1462973683273	OK	 
REQUEST	injecteur 9	6		request_8	1462973683252	1462973683275	OK	 
REQUEST	injecteur 3	3		request_2	1462973683252	1462973683277	OK	 
REQUEST	injecteur 7	2		request_6	1462973683253	1462973683278	OK	 
REQUEST	injecteur 10	5		request_9	1462973683254	1462973683280	OK	 
REQUEST	injecteur 1	7		request_0	1462973683257	1462973683282	OK	 
REQUEST	injecteur 2	9		request_1	1462973683260	1462973683285	OK	 
REQUEST	injecteur 4	1		request_3	1462973683262	1462973683287	OK	 
REQUEST	injecteur 8	4		request_7	1462973683271	1462973683292	OK	 
REQUEST	injecteur 6	8		request_5	1462973683273	1462973683295	OK	 
REQUEST	injecteur 5	10		request_4	1462973683274	1462973683295	OK	 
REQUEST	injecteur 9	6		request_8	1462973683276	1462973683299	OK	 
REQUEST	injecteur 3	3		request_2	1462973683277	1462973683301	OK	 
REQUEST	injecteur 7	2		request_6	1462973683279	1462973683303	OK	 
REQUEST	injecteur 10	5		request_9	1462973683280	1462973683305	OK	 
REQUEST	injecteur 1	7		request_0	1462973683282	1462973683309	OK	 
REQUEST	injecteur 2	9		request_1	1462973683286	1462973683311	OK	 
REQUEST	injecteur 4	1		request_3	1462973683288	1462973683313	OK	 
REQUEST	injecteur 8	4		request_7	1462973683293	1462973683314	OK	 
REQUEST	injecteur 5	10		request_4	1462973683296	1462973683316	OK	 
REQUEST	injecteur 6	8		request_5	1462973683295	1462973683318	OK	 
REQUEST	injecteur 9	6		request_8	1462973683300	1462973683319	OK	 
REQUEST	injecteur 3	3		request_2	1462973683302	1462973683321	OK	 
REQUEST	injecteur 7	2		request_6	1462973683304	1462973683323	OK	 
REQUEST	injecteur 10	5		request_9	1462973683306	1462973683326	OK	 
REQUEST	injecteur 1	7		request_0	1462973683310	1462973683329	OK	 
REQUEST	injecteur 2	9		request_1	1462973683311	1462973683330	OK	 
REQUEST	injecteur 4	1		request_3	1462973683313	1462973683332	OK	 
REQUEST	injecteur 8	4		request_7	1462973683315	1462973683334	OK	 
REQUEST	injecteur 5	10		request_4	1462973683316	1462973683336	OK	 
REQUEST	injecteur 6	8		request_5	1462973683318	1462973683338	OK	 
REQUEST	injecteur 9	6		request_8	1462973683320	1462973683342	OK	 
REQUEST	injecteur 3	3		request_2	1462973683322	1462973683344	OK	 
REQUEST	injecteur 3	3		request_2	1462973683344	1462973683351	OK	 
REQUEST	injecteur 7	2		request_6	1462973683324	1462973683353	OK	 
REQUEST	injecteur 10	5		request_9	1462973683327	1462973683355	OK	 
REQUEST	injecteur 1	7		request_0	1462973683330	1462973683356	OK	 
REQUEST	injecteur 2	9		request_1	1462973683331	1462973683358	OK	 
REQUEST	injecteur 4	1		request_3	1462973683333	1462973683360	OK	 
REQUEST	injecteur 8	4		request_7	1462973683335	1462973683362	OK	 
REQUEST	injecteur 5	10		request_4	1462973683337	1462973683363	OK	 
REQUEST	injecteur 6	8		request_5	1462973683339	1462973683365	OK	 
REQUEST	injecteur 9	6		request_8	1462973683342	1462973683369	OK	 
REQUEST	injecteur 3	3		request_2	1462973683351	1462973683370	OK	 
REQUEST	injecteur 7	2		request_6	1462973683353	1462973683373	OK	 
REQUEST	injecteur 10	5		request_9	1462973683355	1462973683375	OK	 
REQUEST	injecteur 1	7		request_0	1462973683357	1462973683377	OK	 
REQUEST	injecteur 2	9		request_1	1462973683359	1462973683379	OK	 
REQUEST	injecteur 4	1		request_3	1462973683360	1462973683381	OK	 
REQUEST	injecteur 8	4		request_7	1462973683362	1462973683382	OK	 
REQUEST	injecteur 5	10		request_4	1462973683363	1462973683385	OK	 
REQUEST	injecteur 6	8		request_5	1462973683365	1462973683387	OK	 
REQUEST	injecteur 9	6		request_8	1462973683369	1462973683390	OK	 
REQUEST	injecteur 3	3		request_2	1462973683371	1462973683392	OK	 
REQUEST	injecteur 7	2		request_6	1462973683374	1462973683393	OK	 
REQUEST	injecteur 10	5		request_9	1462973683376	1462973683411	OK	 
REQUEST	injecteur 1	7		request_0	1462973683378	1462973683415	OK	 
REQUEST	injecteur 2	9		request_1	1462973683380	1462973683421	OK	 
REQUEST	injecteur 4	1		request_3	1462973683381	1462973683425	OK	 
REQUEST	injecteur 10	5		request_9	1462973683412	1462973683428	OK	 
REQUEST	injecteur 2	9		request_1	1462973683422	1462973683431	OK	 
REQUEST	injecteur 4	1		request_3	1462973683425	1462973683435	OK	 
REQUEST	injecteur 8	4		request_7	1462973683383	1462973683438	OK	 
REQUEST	injecteur 5	10		request_4	1462973683385	1462973683443	OK	 
REQUEST	injecteur 6	8		request_5	1462973683388	1462973683445	OK	 
REQUEST	injecteur 9	6		request_8	1462973683391	1462973683447	OK	 
REQUEST	injecteur 3	3		request_2	1462973683392	1462973683448	OK	 
REQUEST	injecteur 1	7		request_0	1462973683415	1462973683452	OK	 
REQUEST	injecteur 10	5		request_9	1462973683428	1462973683454	OK	 
REQUEST	injecteur 2	9		request_1	1462973683432	1462973683459	OK	 
REQUEST	injecteur 4	1		request_3	1462973683435	1462973683463	OK	 
REQUEST	injecteur 8	4		request_7	1462973683438	1462973683469	OK	 
REQUEST	injecteur 6	8		request_5	1462973683446	1462973683472	OK	 
REQUEST	injecteur 3	3		request_2	1462973683449	1462973683475	OK	 
REQUEST	injecteur 2	9		request_1	1462973683460	1462973683478	OK	 
REQUEST	injecteur 4	1		request_3	1462973683463	1462973683482	OK	 
REQUEST	injecteur 1	7		request_0	1462973683453	1462973683485	OK	 
REQUEST	injecteur 7	2		request_6	1462973683394	1462973683486	OK	 
REQUEST	injecteur 10	5		request_9	1462973683454	1462973683488	OK	 
REQUEST	injecteur 5	10		request_4	1462973683444	1462973683487	OK	 
REQUEST	injecteur 9	6		request_8	1462973683447	1462973683489	OK	 
REQUEST	injecteur 8	4		request_7	1462973683469	1462973683491	OK	 
REQUEST	injecteur 6	8		request_5	1462973683473	1462973683492	OK	 
REQUEST	injecteur 2	9		request_1	1462973683479	1462973683496	OK	 
REQUEST	injecteur 4	1		request_3	1462973683482	1462973683500	OK	 
REQUEST	injecteur 3	3		request_2	1462973683476	1462973683504	OK	 
REQUEST	injecteur 1	7		request_0	1462973683486	1462973683506	OK	 
REQUEST	injecteur 7	2		request_6	1462973683487	1462973683508	OK	 
REQUEST	injecteur 5	10		request_4	1462973683488	1462973683510	OK	 
REQUEST	injecteur 10	5		request_9	1462973683488	1462973683513	OK	 
REQUEST	injecteur 9	6		request_8	1462973683490	1462973683517	OK	 
REQUEST	injecteur 8	4		request_7	1462973683491	1462973683519	OK	 
REQUEST	injecteur 2	9		request_1	1462973683497	1462973683520	OK	 
REQUEST	injecteur 4	1		request_3	1462973683500	1462973683525	OK	 
REQUEST	injecteur 10	5		request_9	1462973683514	1462973683528	OK	 
REQUEST	injecteur 6	8		request_5	1462973683493	1462973683530	OK	 
REQUEST	injecteur 3	3		request_2	1462973683504	1462973683531	OK	 
REQUEST	injecteur 1	7		request_0	1462973683506	1462973683539	OK	 
REQUEST	injecteur 7	2		request_6	1462973683509	1462973683543	OK	 
REQUEST	injecteur 5	10		request_4	1462973683512	1462973683545	OK	 
REQUEST	injecteur 2	9		request_1	1462973683521	1462973683548	OK	 
REQUEST	injecteur 3	3		request_2	1462973683532	1462973683550	OK	 
REQUEST	injecteur 9	6		request_8	1462973683517	1462973683553	OK	 
REQUEST	injecteur 8	4		request_7	1462973683519	1462973683555	OK	 
REQUEST	injecteur 4	1		request_3	1462973683526	1462973683561	OK	 
REQUEST	injecteur 10	5		request_9	1462973683528	1462973683563	OK	 
REQUEST	injecteur 6	8		request_5	1462973683530	1462973683565	OK	 
REQUEST	injecteur 1	7		request_0	1462973683539	1462973683567	OK	 
REQUEST	injecteur 7	2		request_6	1462973683543	1462973683569	OK	 
REQUEST	injecteur 5	10		request_4	1462973683546	1462973683572	OK	 
REQUEST	injecteur 2	9		request_1	1462973683549	1462973683574	OK	 
REQUEST	injecteur 3	3		request_2	1462973683551	1462973683579	OK	 
REQUEST	injecteur 9	6		request_8	1462973683553	1462973683583	OK	 
REQUEST	injecteur 8	4		request_7	1462973683556	1462973683585	OK	 
REQUEST	injecteur 4	1		request_3	1462973683561	1462973683590	OK	 
REQUEST	injecteur 10	5		request_9	1462973683564	1462973683592	OK	 
REQUEST	injecteur 6	8		request_5	1462973683566	1462973683594	OK	 
REQUEST	injecteur 1	7		request_0	1462973683568	1462973683596	OK	 
REQUEST	injecteur 7	2		request_6	1462973683570	1462973683600	OK	 
REQUEST	injecteur 2	9		request_1	1462973683575	1462973683603	OK	 
REQUEST	injecteur 5	10		request_4	1462973683578	1462973683605	OK	 
REQUEST	injecteur 3	3		request_2	1462973683580	1462973683607	OK	 
REQUEST	injecteur 9	6		request_8	1462973683585	1462973683609	OK	 
REQUEST	injecteur 8	4		request_7	1462973683586	1462973683610	OK	 
REQUEST	injecteur 4	1		request_3	1462973683591	1462973683613	OK	 
REQUEST	injecteur 10	5		request_9	1462973683592	1462973683615	OK	 
REQUEST	injecteur 6	8		request_5	1462973683595	1462973683617	OK	 
REQUEST	injecteur 1	7		request_0	1462973683596	1462973683620	OK	 
REQUEST	injecteur 7	2		request_6	1462973683601	1462973683622	OK	 
REQUEST	injecteur 2	9		request_1	1462973683604	1462973683623	OK	 
REQUEST	injecteur 5	10		request_4	1462973683606	1462973683625	OK	 
REQUEST	injecteur 3	3		request_2	1462973683608	1462973683626	OK	 
REQUEST	injecteur 9	6		request_8	1462973683610	1462973683628	OK	 
REQUEST	injecteur 8	4		request_7	1462973683611	1462973683630	OK	 
REQUEST	injecteur 4	1		request_3	1462973683614	1462973683631	OK	 
REQUEST	injecteur 10	5		request_9	1462973683615	1462973683633	OK	 
REQUEST	injecteur 6	8		request_5	1462973683617	1462973683636	OK	 
REQUEST	injecteur 1	7		request_0	1462973683620	1462973683639	OK	 
REQUEST	injecteur 7	2		request_6	1462973683622	1462973683641	OK	 
REQUEST	injecteur 2	9		request_1	1462973683624	1462973683643	OK	 
REQUEST	injecteur 5	10		request_4	1462973683625	1462973683644	OK	 
REQUEST	injecteur 3	3		request_2	1462973683627	1462973683645	OK	 
REQUEST	injecteur 9	6		request_8	1462973683629	1462973683647	OK	 
REQUEST	injecteur 8	4		request_7	1462973683630	1462973683649	OK	 
REQUEST	injecteur 4	1		request_3	1462973683632	1462973683651	OK	 
REQUEST	injecteur 10	5		request_9	1462973683634	1462973683653	OK	 
REQUEST	injecteur 6	8		request_5	1462973683637	1462973683655	OK	 
REQUEST	injecteur 1	7		request_0	1462973683640	1462973683657	OK	 
REQUEST	injecteur 7	2		request_6	1462973683641	1462973683659	OK	 
REQUEST	injecteur 2	9		request_1	1462973683643	1462973683660	OK	 
REQUEST	injecteur 5	10		request_4	1462973683645	1462973683662	OK	 
REQUEST	injecteur 3	3		request_2	1462973683646	1462973683663	OK	 
REQUEST	injecteur 9	6		request_8	1462973683647	1462973683666	OK	 
REQUEST	injecteur 8	4		request_7	1462973683650	1462973683668	OK	 
REQUEST	injecteur 4	1		request_3	1462973683651	1462973683670	OK	 
REQUEST	injecteur 10	5		request_9	1462973683654	1462973683672	OK	 
REQUEST	injecteur 6	8		request_5	1462973683656	1462973683674	OK	 
REQUEST	injecteur 1	7		request_0	1462973683658	1462973683676	OK	 
REQUEST	injecteur 7	2		request_6	1462973683659	1462973683677	OK	 
REQUEST	injecteur 2	9		request_1	1462973683661	1462973683679	OK	 
REQUEST	injecteur 5	10		request_4	1462973683662	1462973683681	OK	 
REQUEST	injecteur 3	3		request_2	1462973683664	1462973683683	OK	 
REQUEST	injecteur 9	6		request_8	1462973683667	1462973683685	OK	 
REQUEST	injecteur 8	4		request_7	1462973683668	1462973683688	OK	 
REQUEST	injecteur 4	1		request_3	1462973683671	1462973683689	OK	 
REQUEST	injecteur 10	5		request_9	1462973683673	1462973683692	OK	 
REQUEST	injecteur 6	8		request_5	1462973683675	1462973683694	OK	 
REQUEST	injecteur 1	7		request_0	1462973683676	1462973683696	OK	 
REQUEST	injecteur 7	2		request_6	1462973683678	1462973683697	OK	 
REQUEST	injecteur 2	9		request_1	1462973683679	1462973683699	OK	 
REQUEST	injecteur 5	10		request_4	1462973683682	1462973683704	OK	 
REQUEST	injecteur 3	3		request_2	1462973683684	1462973683705	OK	 
REQUEST	injecteur 2	9		request_1	1462973683700	1462973683707	OK	 
REQUEST	injecteur 9	6		request_8	1462973683686	1462973683710	OK	 
REQUEST	injecteur 8	4		request_7	1462973683688	1462973683712	OK	 
REQUEST	injecteur 4	1		request_3	1462973683690	1462973683716	OK	 
REQUEST	injecteur 6	8		request_5	1462973683694	1462973683718	OK	 
REQUEST	injecteur 10	5		request_9	1462973683693	1462973683718	OK	 
REQUEST	injecteur 1	7		request_0	1462973683696	1462973683722	OK	 
REQUEST	injecteur 7	2		request_6	1462973683698	1462973683724	OK	 
REQUEST	injecteur 2	9		request_1	1462973683707	1462973683726	OK	 
REQUEST	injecteur 6	8		request_5	1462973683719	1462973683727	OK	 
REQUEST	injecteur 5	10		request_4	1462973683705	1462973683729	OK	 
REQUEST	injecteur 3	3		request_2	1462973683705	1462973683732	OK	 
REQUEST	injecteur 9	6		request_8	1462973683711	1462973683735	OK	 
REQUEST	injecteur 8	4		request_7	1462973683714	1462973683737	OK	 
REQUEST	injecteur 4	1		request_3	1462973683717	1462973683739	OK	 
REQUEST	injecteur 1	7		request_0	1462973683723	1462973683742	OK	 
REQUEST	injecteur 3	3		request_2	1462973683732	1462973683746	OK	 
REQUEST	injecteur 1	7		request_0	1462973683743	1462973683749	OK	 
REQUEST	injecteur 10	5		request_9	1462973683719	1462973683749	OK	 
REQUEST	injecteur 7	2		request_6	1462973683724	1462973683753	OK	 
REQUEST	injecteur 2	9		request_1	1462973683726	1462973683754	OK	 
REQUEST	injecteur 6	8		request_5	1462973683728	1462973683756	OK	 
REQUEST	injecteur 5	10		request_4	1462973683730	1462973683758	OK	 
REQUEST	injecteur 9	6		request_8	1462973683736	1462973683761	OK	 
REQUEST	injecteur 8	4		request_7	1462973683738	1462973683763	OK	 
REQUEST	injecteur 3	3		request_2	1462973683746	1462973683767	OK	 
REQUEST	injecteur 1	7		request_0	1462973683750	1462973683769	OK	 
REQUEST	injecteur 4	1		request_3	1462973683748	1462973683771	OK	 
REQUEST	injecteur 10	5		request_9	1462973683750	1462973683773	OK	 
REQUEST	injecteur 7	2		request_6	1462973683753	1462973683775	OK	 
REQUEST	injecteur 2	9		request_1	1462973683755	1462973683779	OK	 
REQUEST	injecteur 6	8		request_5	1462973683756	1462973683781	OK	 
REQUEST	injecteur 5	10		request_4	1462973683758	1462973683788	OK	 
REQUEST	injecteur 7	2		request_6	1462973683776	1462973683794	OK	 
REQUEST	injecteur 5	10		request_4	1462973683788	1462973683804	OK	 
REQUEST	injecteur 3	3		request_2	1462973683768	1462973683811	OK	 
REQUEST	injecteur 1	7		request_0	1462973683770	1462973683818	OK	 
REQUEST	injecteur 4	1		request_3	1462973683772	1462973683820	OK	 
REQUEST	injecteur 10	5		request_9	1462973683774	1462973683826	OK	 
REQUEST	injecteur 2	9		request_1	1462973683780	1462973683829	OK	 
REQUEST	injecteur 6	8		request_5	1462973683782	1462973683840	OK	 
REQUEST	injecteur 7	2		request_6	1462973683795	1462973683847	OK	 
REQUEST	injecteur 5	10		request_4	1462973683806	1462973683855	OK	 
REQUEST	injecteur 4	1		request_3	1462973683821	1462973683870	OK	 
REQUEST	injecteur 2	9		request_1	1462973683830	1462973683872	OK	 
REQUEST	injecteur 9	6		request_8	1462973683761	1462973683880	OK	 
REQUEST	injecteur 3	3		request_2	1462973683812	1462973683889	OK	 
REQUEST	injecteur 1	7		request_0	1462973683819	1462973683891	OK	 
REQUEST	injecteur 10	5		request_9	1462973683826	1462973683894	OK	 
REQUEST	injecteur 7	2		request_6	1462973683847	1462973683898	OK	 
REQUEST	injecteur 5	10		request_4	1462973683856	1462973683907	OK	 
REQUEST	injecteur 8	4		request_7	1462973683793	1462973683909	OK	 
REQUEST	injecteur 9	6		request_8	1462973683883	1462973683911	OK	 
REQUEST	injecteur 6	8		request_5	1462973683841	1462973683914	OK	 
REQUEST	injecteur 4	1		request_3	1462973683871	1462973683919	OK	 
REQUEST	injecteur 2	9		request_1	1462973683873	1462973683921	OK	 
REQUEST	injecteur 3	3		request_2	1462973683890	1462973683943	OK	 
REQUEST	injecteur 1	7		request_0	1462973683892	1462973683952	OK	 
REQUEST	injecteur 7	2		request_6	1462973683903	1462973683955	OK	 
REQUEST	injecteur 5	10		request_4	1462973683908	1462973683961	OK	 
REQUEST	injecteur 9	6		request_8	1462973683911	1462973683973	OK	 
REQUEST	injecteur 10	5		request_9	1462973683895	1462973683977	OK	 
REQUEST	injecteur 6	8		request_5	1462973683915	1462973683981	OK	 
REQUEST	injecteur 8	4		request_7	1462973683909	1462973683983	OK	 
REQUEST	injecteur 4	1		request_3	1462973683920	1462973683984	OK	 
REQUEST	injecteur 2	9		request_1	1462973683922	1462973683988	OK	 
REQUEST	injecteur 3	3		request_2	1462973683944	1462973683990	OK	 
REQUEST	injecteur 7	2		request_6	1462973683956	1462973683992	OK	 
REQUEST	injecteur 5	10		request_4	1462973683962	1462973683995	OK	 
REQUEST	injecteur 9	6		request_8	1462973683974	1462973684000	OK	 
REQUEST	injecteur 1	7		request_0	1462973683953	1462973684004	OK	 
REQUEST	injecteur 10	5		request_9	1462973683978	1462973684006	OK	 
REQUEST	injecteur 6	8		request_5	1462973683982	1462973684009	OK	 
REQUEST	injecteur 4	1		request_3	1462973683985	1462973684014	OK	 
REQUEST	injecteur 2	9		request_1	1462973683988	1462973684017	OK	 
REQUEST	injecteur 7	2		request_6	1462973683992	1462973684019	OK	 
REQUEST	injecteur 8	4		request_7	1462973683983	1462973684020	OK	 
REQUEST	injecteur 5	10		request_4	1462973683996	1462973684023	OK	 
REQUEST	injecteur 9	6		request_8	1462973684000	1462973684026	OK	 
REQUEST	injecteur 3	3		request_2	1462973683990	1462973684029	OK	 
REQUEST	injecteur 1	7		request_0	1462973684005	1462973684031	OK	 
REQUEST	injecteur 10	5		request_9	1462973684007	1462973684035	OK	 
REQUEST	injecteur 6	8		request_5	1462973684010	1462973684037	OK	 
REQUEST	injecteur 4	1		request_3	1462973684015	1462973684039	OK	 
REQUEST	injecteur 7	2		request_6	1462973684019	1462973684041	OK	 
REQUEST	injecteur 5	10		request_4	1462973684023	1462973684045	OK	 
REQUEST	injecteur 9	6		request_8	1462973684027	1462973684048	OK	 
REQUEST	injecteur 2	9		request_1	1462973684017	1462973684053	OK	 
REQUEST	injecteur 3	3		request_2	1462973684030	1462973684071	OK	 
REQUEST	injecteur 1	7		request_0	1462973684032	1462973684073	OK	 
REQUEST	injecteur 10	5		request_9	1462973684036	1462973684075	OK	 
REQUEST	injecteur 6	8		request_5	1462973684038	1462973684077	OK	 
REQUEST	injecteur 7	2		request_6	1462973684042	1462973684079	OK	 
REQUEST	injecteur 5	10		request_4	1462973684045	1462973684084	OK	 
REQUEST	injecteur 9	6		request_8	1462973684050	1462973684088	OK	 
REQUEST	injecteur 4	1		request_3	1462973684040	1462973684093	OK	 
REQUEST	injecteur 8	4		request_7	1462973684021	1462973684093	OK	 
REQUEST	injecteur 2	9		request_1	1462973684054	1462973684095	OK	 
REQUEST	injecteur 3	3		request_2	1462973684072	1462973684097	OK	 
REQUEST	injecteur 1	7		request_0	1462973684074	1462973684099	OK	 
REQUEST	injecteur 10	5		request_9	1462973684076	1462973684101	OK	 
REQUEST	injecteur 7	2		request_6	1462973684079	1462973684103	OK	 
REQUEST	injecteur 5	10		request_4	1462973684084	1462973684113	OK	 
REQUEST	injecteur 9	6		request_8	1462973684089	1462973684117	OK	 
REQUEST	injecteur 6	8		request_5	1462973684077	1462973684121	OK	 
REQUEST	injecteur 4	1		request_3	1462973684093	1462973684125	OK	 
REQUEST	injecteur 2	9		request_1	1462973684095	1462973684129	OK	 
REQUEST	injecteur 3	3		request_2	1462973684097	1462973684131	OK	 
REQUEST	injecteur 1	7		request_0	1462973684099	1462973684134	OK	 
REQUEST	injecteur 7	2		request_6	1462973684103	1462973684136	OK	 
REQUEST	injecteur 5	10		request_4	1462973684113	1462973684141	OK	 
REQUEST	injecteur 9	6		request_8	1462973684117	1462973684144	OK	 
REQUEST	injecteur 10	5		request_9	1462973684101	1462973684150	OK	 
REQUEST	injecteur 6	8		request_5	1462973684121	1462973684152	OK	 
REQUEST	injecteur 4	1		request_3	1462973684126	1462973684154	OK	 
REQUEST	injecteur 2	9		request_1	1462973684129	1462973684156	OK	 
REQUEST	injecteur 3	3		request_2	1462973684131	1462973684158	OK	 
REQUEST	injecteur 7	2		request_6	1462973684137	1462973684160	OK	 
REQUEST	injecteur 8	4		request_7	1462973684093	1462973684161	OK	 
REQUEST	injecteur 5	10		request_4	1462973684141	1462973684164	OK	 
REQUEST	injecteur 9	6		request_8	1462973684145	1462973684167	OK	 
REQUEST	injecteur 1	7		request_0	1462973684135	1462973684171	OK	 
REQUEST	injecteur 10	5		request_9	1462973684151	1462973684173	OK	 
REQUEST	injecteur 6	8		request_5	1462973684153	1462973684176	OK	 
REQUEST	injecteur 4	1		request_3	1462973684155	1462973684179	OK	 
REQUEST	injecteur 2	9		request_1	1462973684156	1462973684183	OK	 
REQUEST	injecteur 7	2		request_6	1462973684161	1462973684185	OK	 
REQUEST	injecteur 5	10		request_4	1462973684164	1462973684190	OK	 
REQUEST	injecteur 9	6		request_8	1462973684168	1462973684193	OK	 
REQUEST	injecteur 3	3		request_2	1462973684158	1462973684197	OK	 
REQUEST	injecteur 1	7		request_0	1462973684171	1462973684201	OK	 
REQUEST	injecteur 10	5		request_9	1462973684173	1462973684202	OK	 
REQUEST	injecteur 6	8		request_5	1462973684177	1462973684204	OK	 
REQUEST	injecteur 4	1		request_3	1462973684180	1462973684206	OK	 
REQUEST	injecteur 7	2		request_6	1462973684185	1462973684208	OK	 
REQUEST	injecteur 5	10		request_4	1462973684190	1462973684212	OK	 
REQUEST	injecteur 9	6		request_8	1462973684194	1462973684218	OK	 
REQUEST	injecteur 2	9		request_1	1462973684183	1462973684222	OK	 
REQUEST	injecteur 3	3		request_2	1462973684197	1462973684224	OK	 
REQUEST	injecteur 1	7		request_0	1462973684201	1462973684226	OK	 
REQUEST	injecteur 10	5		request_9	1462973684203	1462973684228	OK	 
REQUEST	injecteur 6	8		request_5	1462973684205	1462973684230	OK	 
REQUEST	injecteur 8	4		request_7	1462973684161	1462973684230	OK	 
REQUEST	injecteur 7	2		request_6	1462973684210	1462973684242	OK	 
REQUEST	injecteur 5	10		request_4	1462973684213	1462973684246	OK	 
REQUEST	injecteur 9	6		request_8	1462973684219	1462973684250	OK	 
REQUEST	injecteur 4	1		request_3	1462973684207	1462973684254	OK	 
REQUEST	injecteur 2	9		request_1	1462973684223	1462973684256	OK	 
REQUEST	injecteur 3	3		request_2	1462973684225	1462973684257	OK	 
REQUEST	injecteur 1	7		request_0	1462973684227	1462973684259	OK	 
REQUEST	injecteur 10	5		request_9	1462973684228	1462973684263	OK	 
REQUEST	injecteur 7	2		request_6	1462973684243	1462973684264	OK	 
REQUEST	injecteur 5	10		request_4	1462973684247	1462973684269	OK	 
REQUEST	injecteur 9	6		request_8	1462973684250	1462973684273	OK	 
REQUEST	injecteur 6	8		request_5	1462973684230	1462973684276	OK	 
REQUEST	injecteur 4	1		request_3	1462973684254	1462973684280	OK	 
REQUEST	injecteur 2	9		request_1	1462973684256	1462973684281	OK	 
REQUEST	injecteur 3	3		request_2	1462973684258	1462973684285	OK	 
REQUEST	injecteur 1	7		request_0	1462973684260	1462973684287	OK	 
REQUEST	injecteur 7	2		request_6	1462973684265	1462973684289	OK	 
REQUEST	injecteur 5	10		request_4	1462973684270	1462973684294	OK	 
REQUEST	injecteur 9	6		request_8	1462973684273	1462973684297	OK	 
REQUEST	injecteur 8	4		request_7	1462973684230	1462973684299	OK	 
REQUEST	injecteur 10	5		request_9	1462973684263	1462973684301	OK	 
REQUEST	injecteur 6	8		request_5	1462973684277	1462973684303	OK	 
REQUEST	injecteur 4	1		request_3	1462973684280	1462973684307	OK	 
REQUEST	injecteur 2	9		request_1	1462973684282	1462973684308	OK	 
REQUEST	injecteur 3	3		request_2	1462973684286	1462973684311	OK	 
REQUEST	injecteur 7	2		request_6	1462973684291	1462973684314	OK	 
REQUEST	injecteur 5	10		request_4	1462973684294	1462973684318	OK	 
REQUEST	injecteur 9	6		request_8	1462973684298	1462973684322	OK	 
REQUEST	injecteur 3	3		request_2	1462973684311	1462973684326	OK	 
REQUEST	injecteur 6	8		request_5	1462973684304	1462973684332	OK	 
REQUEST	injecteur 8	4		request_7	1462973684299	1462973684335	OK	 
REQUEST	injecteur 4	1		request_3	1462973684307	1462973684340	OK	 
REQUEST	injecteur 2	9		request_1	1462973684309	1462973684341	OK	 
REQUEST	injecteur 7	2		request_6	1462973684315	1462973684343	OK	 
REQUEST	injecteur 5	10		request_4	1462973684318	1462973684347	OK	 
REQUEST	injecteur 9	6		request_8	1462973684323	1462973684355	OK	 
REQUEST	injecteur 3	3		request_2	1462973684326	1462973684359	OK	 
REQUEST	injecteur 6	8		request_5	1462973684332	1462973684360	OK	 
REQUEST	injecteur 4	1		request_3	1462973684340	1462973684364	OK	 
REQUEST	injecteur 7	2		request_6	1462973684344	1462973684368	OK	 
REQUEST	injecteur 8	4		request_7	1462973684336	1462973684370	OK	 
REQUEST	injecteur 5	10		request_4	1462973684351	1462973684372	OK	 
REQUEST	injecteur 9	6		request_8	1462973684356	1462973684376	OK	 
REQUEST	injecteur 4	1		request_3	1462973684365	1462973684379	OK	 
REQUEST	injecteur 2	9		request_1	1462973684342	1462973684406	OK	 
REQUEST	injecteur 3	3		request_2	1462973684359	1462973684409	OK	 
REQUEST	injecteur 7	2		request_6	1462973684369	1462973684411	OK	 
REQUEST	injecteur 5	10		request_4	1462973684373	1462973684419	OK	 
REQUEST	injecteur 9	6		request_8	1462973684376	1462973684425	OK	 
REQUEST	injecteur 4	1		request_3	1462973684380	1462973684431	OK	 
REQUEST	injecteur 8	4		request_7	1462973684371	1462973684435	OK	 
REQUEST	injecteur 2	9		request_1	1462973684407	1462973684438	OK	 
REQUEST	injecteur 7	2		request_6	1462973684411	1462973684440	OK	 
REQUEST	injecteur 5	10		request_4	1462973684420	1462973684446	OK	 
REQUEST	injecteur 9	6		request_8	1462973684426	1462973684460	OK	 
REQUEST	injecteur 3	3		request_2	1462973684410	1462973684465	OK	 
REQUEST	injecteur 7	2		request_6	1462973684441	1462973684473	OK	 
REQUEST	injecteur 8	4		request_7	1462973684435	1462973684473	OK	 
REQUEST	injecteur 5	10		request_4	1462973684447	1462973684477	OK	 
REQUEST	injecteur 9	6		request_8	1462973684461	1462973684480	OK	 
REQUEST	injecteur 4	1		request_3	1462973684431	1462973684482	OK	 
REQUEST	injecteur 2	9		request_1	1462973684439	1462973684485	OK	 
REQUEST	injecteur 3	3		request_2	1462973684466	1462973684487	OK	 
REQUEST	injecteur 7	2		request_6	1462973684474	1462973684491	OK	 
REQUEST	injecteur 5	10		request_4	1462973684477	1462973684495	OK	 
REQUEST	injecteur 9	6		request_8	1462973684480	1462973684498	OK	 
REQUEST	injecteur 8	4		request_7	1462973684474	1462973684505	OK	 
REQUEST	injecteur 4	1		request_3	1462973684483	1462973684507	OK	 
REQUEST	injecteur 2	9		request_1	1462973684486	1462973684509	OK	 
REQUEST	injecteur 7	2		request_6	1462973684492	1462973684512	OK	 
REQUEST	injecteur 5	10		request_4	1462973684495	1462973684521	OK	 
REQUEST	injecteur 9	6		request_8	1462973684502	1462973684525	OK	 
REQUEST	injecteur 3	3		request_2	1462973684488	1462973684529	OK	 
REQUEST	injecteur 8	4		request_7	1462973684506	1462973684530	OK	 
REQUEST	injecteur 4	1		request_3	1462973684508	1462973684532	OK	 
REQUEST	injecteur 7	2		request_6	1462973684513	1462973684534	OK	 
REQUEST	injecteur 5	10		request_4	1462973684522	1462973684539	OK	 
REQUEST	injecteur 9	6		request_8	1462973684526	1462973684542	OK	 
REQUEST	injecteur 2	9		request_1	1462973684510	1462973684545	OK	 
REQUEST	injecteur 3	3		request_2	1462973684529	1462973684549	OK	 
REQUEST	injecteur 7	2		request_6	1462973684535	1462973684556	OK	 
REQUEST	injecteur 5	10		request_4	1462973684539	1462973684560	OK	 
REQUEST	injecteur 9	6		request_8	1462973684542	1462973684563	OK	 
REQUEST	injecteur 8	4		request_7	1462973684531	1462973684571	OK	 
REQUEST	injecteur 4	1		request_3	1462973684533	1462973684574	OK	 
REQUEST	injecteur 2	9		request_1	1462973684546	1462973684576	OK	 
REQUEST	injecteur 7	2		request_6	1462973684557	1462973684578	OK	 
REQUEST	injecteur 5	10		request_4	1462973684560	1462973684582	OK	 
