ASSERTION	AAMBAAMDBABk
RUN	InjectionsAndVerifications		injectionsandverifications	1462484445583	 	2.0
USER	injecteur 4	1	START	1462484448542	1462484448542
USER	injecteur 7	2	START	1462484448687	1462484448687
USER	injecteur 3	3	START	1462484448693	1462484448693
USER	injecteur 8	4	START	1462484448696	1462484448696
USER	injecteur 10	5	START	1462484448702	1462484448702
USER	injecteur 9	6	START	1462484448710	1462484448710
USER	injecteur 1	7	START	1462484448712	1462484448712
USER	injecteur 6	8	START	1462484448716	1462484448716
USER	injecteur 2	9	START	1462484448719	1462484448719
USER	injecteur 5	10	START	1462484448723	1462484448723
REQUEST	injecteur 4	1		request_3	1462484448614	1462484448894	OK	 
REQUEST	injecteur 6	8		request_5	1462484448717	1462484448928	OK	 
REQUEST	injecteur 10	5		request_9	1462484448704	1462484448905	OK	 
REQUEST	injecteur 7	2		request_6	1462484448688	1462484448904	OK	 
REQUEST	injecteur 1	7		request_0	1462484448713	1462484448925	OK	 
REQUEST	injecteur 8	4		request_7	1462484448701	1462484448910	OK	 
REQUEST	injecteur 5	10		request_4	1462484448724	1462484448954	OK	 
REQUEST	injecteur 2	9		request_1	1462484448719	1462484448957	OK	 
REQUEST	injecteur 10	5		request_9	1462484448948	1462484448963	OK	 
REQUEST	injecteur 3	3		request_2	1462484448694	1462484448896	OK	 
REQUEST	injecteur 9	6		request_8	1462484448711	1462484448941	OK	 
REQUEST	injecteur 1	7		request_0	1462484448949	1462484448992	OK	 
REQUEST	injecteur 6	8		request_5	1462484448954	1462484448986	OK	 
REQUEST	injecteur 7	2		request_6	1462484448949	1462484448986	OK	 
REQUEST	injecteur 5	10		request_4	1462484448955	1462484449015	OK	 
REQUEST	injecteur 4	1		request_3	1462484448955	1462484449016	OK	 
REQUEST	injecteur 8	4		request_7	1462484448956	1462484448992	OK	 
REQUEST	injecteur 10	5		request_9	1462484448964	1462484448996	OK	 
REQUEST	injecteur 9	6		request_8	1462484449008	1462484449030	OK	 
REQUEST	injecteur 1	7		request_0	1462484449010	1462484449036	OK	 
REQUEST	injecteur 6	8		request_5	1462484449013	1462484449041	OK	 
REQUEST	injecteur 7	2		request_6	1462484449013	1462484449044	OK	 
REQUEST	injecteur 2	9		request_1	1462484449015	1462484449047	OK	 
REQUEST	injecteur 5	10		request_4	1462484449016	1462484449050	OK	 
REQUEST	injecteur 4	1		request_3	1462484449019	1462484449053	OK	 
REQUEST	injecteur 8	4		request_7	1462484449019	1462484449056	OK	 
REQUEST	injecteur 3	3		request_2	1462484449021	1462484449060	OK	 
REQUEST	injecteur 10	5		request_9	1462484449022	1462484449066	OK	 
REQUEST	injecteur 3	3		request_2	1462484449061	1462484449073	OK	 
REQUEST	injecteur 9	6		request_8	1462484449034	1462484449081	OK	 
REQUEST	injecteur 1	7		request_0	1462484449037	1462484449084	OK	 
REQUEST	injecteur 6	8		request_5	1462484449042	1462484449090	OK	 
REQUEST	injecteur 7	2		request_6	1462484449046	1462484449095	OK	 
REQUEST	injecteur 2	9		request_1	1462484449048	1462484449097	OK	 
REQUEST	injecteur 5	10		request_4	1462484449052	1462484449104	OK	 
REQUEST	injecteur 4	1		request_3	1462484449055	1462484449106	OK	 
REQUEST	injecteur 8	4		request_7	1462484449059	1462484449110	OK	 
REQUEST	injecteur 10	5		request_9	1462484449067	1462484449116	OK	 
REQUEST	injecteur 3	3		request_2	1462484449074	1462484449119	OK	 
REQUEST	injecteur 1	7		request_0	1462484449086	1462484449124	OK	 
REQUEST	injecteur 6	8		request_5	1462484449092	1462484449134	OK	 
REQUEST	injecteur 2	9		request_1	1462484449099	1462484449142	OK	 
REQUEST	injecteur 4	1		request_3	1462484449107	1462484449148	OK	 
REQUEST	injecteur 8	4		request_7	1462484449112	1462484449158	OK	 
REQUEST	injecteur 3	3		request_2	1462484449120	1462484449161	OK	 
REQUEST	injecteur 7	2		request_6	1462484449096	1462484449164	OK	 
REQUEST	injecteur 1	7		request_0	1462484449126	1462484449167	OK	 
REQUEST	injecteur 5	10		request_4	1462484449105	1462484449171	OK	 
REQUEST	injecteur 10	5		request_9	1462484449117	1462484449174	OK	 
REQUEST	injecteur 9	6		request_8	1462484449084	1462484449175	OK	 
REQUEST	injecteur 6	8		request_5	1462484449135	1462484449185	OK	 
REQUEST	injecteur 2	9		request_1	1462484449144	1462484449188	OK	 
REQUEST	injecteur 4	1		request_3	1462484449149	1462484449191	OK	 
REQUEST	injecteur 3	3		request_2	1462484449162	1462484449196	OK	 
REQUEST	injecteur 1	7		request_0	1462484449168	1462484449201	OK	 
REQUEST	injecteur 8	4		request_7	1462484449160	1462484449216	OK	 
REQUEST	injecteur 7	2		request_6	1462484449166	1462484449218	OK	 
REQUEST	injecteur 5	10		request_4	1462484449174	1462484449224	OK	 
REQUEST	injecteur 10	5		request_9	1462484449176	1462484449228	OK	 
REQUEST	injecteur 9	6		request_8	1462484449176	1462484449238	OK	 
REQUEST	injecteur 6	8		request_5	1462484449186	1462484449239	OK	 
REQUEST	injecteur 2	9		request_1	1462484449190	1462484449243	OK	 
REQUEST	injecteur 3	3		request_2	1462484449197	1462484449249	OK	 
REQUEST	injecteur 6	8		request_5	1462484449240	1462484449257	OK	 
REQUEST	injecteur 2	9		request_1	1462484449244	1462484449262	OK	 
REQUEST	injecteur 4	1		request_3	1462484449192	1462484449269	OK	 
REQUEST	injecteur 1	7		request_0	1462484449202	1462484449271	OK	 
REQUEST	injecteur 8	4		request_7	1462484449217	1462484449278	OK	 
REQUEST	injecteur 7	2		request_6	1462484449219	1462484449280	OK	 
REQUEST	injecteur 5	10		request_4	1462484449225	1462484449282	OK	 
REQUEST	injecteur 10	5		request_9	1462484449229	1462484449284	OK	 
REQUEST	injecteur 9	6		request_8	1462484449241	1462484449289	OK	 
REQUEST	injecteur 1	7		request_0	1462484449272	1462484449293	OK	 
REQUEST	injecteur 3	3		request_2	1462484449250	1462484449300	OK	 
REQUEST	injecteur 6	8		request_5	1462484449258	1462484449305	OK	 
REQUEST	injecteur 2	9		request_1	1462484449263	1462484449310	OK	 
REQUEST	injecteur 4	1		request_3	1462484449270	1462484449315	OK	 
REQUEST	injecteur 8	4		request_7	1462484449279	1462484449325	OK	 
REQUEST	injecteur 7	2		request_6	1462484449281	1462484449327	OK	 
REQUEST	injecteur 5	10		request_4	1462484449283	1462484449341	OK	 
REQUEST	injecteur 10	5		request_9	1462484449285	1462484449346	OK	 
REQUEST	injecteur 6	8		request_5	1462484449306	1462484449357	OK	 
REQUEST	injecteur 1	7		request_0	1462484449295	1462484449361	OK	 
REQUEST	injecteur 2	9		request_1	1462484449311	1462484449362	OK	 
REQUEST	injecteur 4	1		request_3	1462484449316	1462484449367	OK	 
REQUEST	injecteur 10	5		request_9	1462484449347	1462484449371	OK	 
REQUEST	injecteur 9	6		request_8	1462484449290	1462484449376	OK	 
REQUEST	injecteur 3	3		request_2	1462484449301	1462484449378	OK	 
REQUEST	injecteur 7	2		request_6	1462484449328	1462484449383	OK	 
REQUEST	injecteur 8	4		request_7	1462484449326	1462484449385	OK	 
REQUEST	injecteur 6	8		request_5	1462484449359	1462484449393	OK	 
REQUEST	injecteur 2	9		request_1	1462484449363	1462484449399	OK	 
REQUEST	injecteur 5	10		request_4	1462484449342	1462484449404	OK	 
REQUEST	injecteur 1	7		request_0	1462484449363	1462484449411	OK	 
REQUEST	injecteur 4	1		request_3	1462484449368	1462484449414	OK	 
REQUEST	injecteur 10	5		request_9	1462484449372	1462484449419	OK	 
REQUEST	injecteur 3	3		request_2	1462484449379	1462484449423	OK	 
REQUEST	injecteur 6	8		request_5	1462484449394	1462484449430	OK	 
REQUEST	injecteur 2	9		request_1	1462484449400	1462484449436	OK	 
REQUEST	injecteur 9	6		request_8	1462484449378	1462484449440	OK	 
REQUEST	injecteur 7	2		request_6	1462484449384	1462484449447	OK	 
REQUEST	injecteur 8	4		request_7	1462484449387	1462484449453	OK	 
REQUEST	injecteur 5	10		request_4	1462484449405	1462484449455	OK	 
REQUEST	injecteur 1	7		request_0	1462484449412	1462484449458	OK	 
REQUEST	injecteur 4	1		request_3	1462484449415	1462484449461	OK	 
REQUEST	injecteur 10	5		request_9	1462484449420	1462484449466	OK	 
REQUEST	injecteur 3	3		request_2	1462484449424	1462484449470	OK	 
REQUEST	injecteur 6	8		request_5	1462484449431	1462484449476	OK	 
REQUEST	injecteur 2	9		request_1	1462484449437	1462484449479	OK	 
REQUEST	injecteur 7	2		request_6	1462484449448	1462484449483	OK	 
REQUEST	injecteur 8	4		request_7	1462484449454	1462484449488	OK	 
REQUEST	injecteur 9	6		request_8	1462484449442	1462484449491	OK	 
REQUEST	injecteur 5	10		request_4	1462484449456	1462484449494	OK	 
REQUEST	injecteur 4	1		request_3	1462484449462	1462484449497	OK	 
REQUEST	injecteur 10	5		request_9	1462484449467	1462484449505	OK	 
REQUEST	injecteur 1	7		request_0	1462484449459	1462484449505	OK	 
REQUEST	injecteur 4	1		request_3	1462484449498	1462484449514	OK	 
REQUEST	injecteur 10	5		request_9	1462484449506	1462484449520	OK	 
REQUEST	injecteur 3	3		request_2	1462484449471	1462484449526	OK	 
REQUEST	injecteur 6	8		request_5	1462484449477	1462484449531	OK	 
REQUEST	injecteur 2	9		request_1	1462484449480	1462484449534	OK	 
REQUEST	injecteur 7	2		request_6	1462484449484	1462484449536	OK	 
REQUEST	injecteur 8	4		request_7	1462484449489	1462484449542	OK	 
REQUEST	injecteur 5	10		request_4	1462484449495	1462484449550	OK	 
REQUEST	injecteur 9	6		request_8	1462484449496	1462484449555	OK	 
REQUEST	injecteur 4	1		request_3	1462484449515	1462484449564	OK	 
REQUEST	injecteur 10	5		request_9	1462484449521	1462484449569	OK	 
REQUEST	injecteur 7	2		request_6	1462484449537	1462484449573	OK	 
REQUEST	injecteur 1	7		request_0	1462484449509	1462484449577	OK	 
REQUEST	injecteur 3	3		request_2	1462484449527	1462484449584	OK	 
REQUEST	injecteur 6	8		request_5	1462484449532	1462484449589	OK	 
REQUEST	injecteur 2	9		request_1	1462484449535	1462484449612	OK	 
REQUEST	injecteur 8	4		request_7	1462484449543	1462484449616	OK	 
REQUEST	injecteur 5	10		request_4	1462484449551	1462484449618	OK	 
REQUEST	injecteur 4	1		request_3	1462484449565	1462484449622	OK	 
REQUEST	injecteur 9	6		request_8	1462484449559	1462484449624	OK	 
REQUEST	injecteur 10	5		request_9	1462484449570	1462484449627	OK	 
REQUEST	injecteur 7	2		request_6	1462484449574	1462484449630	OK	 
REQUEST	injecteur 1	7		request_0	1462484449578	1462484449632	OK	 
REQUEST	injecteur 3	3		request_2	1462484449586	1462484449635	OK	 
REQUEST	injecteur 6	8		request_5	1462484449590	1462484449637	OK	 
REQUEST	injecteur 2	9		request_1	1462484449613	1462484449639	OK	 
REQUEST	injecteur 8	4		request_7	1462484449617	1462484449641	OK	 
REQUEST	injecteur 5	10		request_4	1462484449619	1462484449646	OK	 
REQUEST	injecteur 4	1		request_3	1462484449623	1462484449649	OK	 
REQUEST	injecteur 9	6		request_8	1462484449625	1462484449653	OK	 
REQUEST	injecteur 10	5		request_9	1462484449628	1462484449655	OK	 
REQUEST	injecteur 7	2		request_6	1462484449631	1462484449657	OK	 
REQUEST	injecteur 1	7		request_0	1462484449633	1462484449659	OK	 
REQUEST	injecteur 3	3		request_2	1462484449636	1462484449661	OK	 
REQUEST	injecteur 6	8		request_5	1462484449638	1462484449664	OK	 
REQUEST	injecteur 2	9		request_1	1462484449640	1462484449666	OK	 
REQUEST	injecteur 8	4		request_7	1462484449642	1462484449676	OK	 
REQUEST	injecteur 5	10		request_4	1462484449647	1462484449680	OK	 
REQUEST	injecteur 4	1		request_3	1462484449650	1462484449685	OK	 
REQUEST	injecteur 9	6		request_8	1462484449654	1462484449688	OK	 
REQUEST	injecteur 10	5		request_9	1462484449656	1462484449691	OK	 
REQUEST	injecteur 7	2		request_6	1462484449658	1462484449695	OK	 
REQUEST	injecteur 1	7		request_0	1462484449660	1462484449698	OK	 
REQUEST	injecteur 3	3		request_2	1462484449662	1462484449700	OK	 
REQUEST	injecteur 6	8		request_5	1462484449665	1462484449702	OK	 
REQUEST	injecteur 2	9		request_1	1462484449667	1462484449705	OK	 
REQUEST	injecteur 8	4		request_7	1462484449677	1462484449710	OK	 
REQUEST	injecteur 5	10		request_4	1462484449681	1462484449713	OK	 
REQUEST	injecteur 4	1		request_3	1462484449686	1462484449715	OK	 
REQUEST	injecteur 9	6		request_8	1462484449689	1462484449717	OK	 
REQUEST	injecteur 10	5		request_9	1462484449692	1462484449720	OK	 
REQUEST	injecteur 7	2		request_6	1462484449696	1462484449722	OK	 
REQUEST	injecteur 1	7		request_0	1462484449699	1462484449724	OK	 
REQUEST	injecteur 3	3		request_2	1462484449701	1462484449727	OK	 
REQUEST	injecteur 6	8		request_5	1462484449703	1462484449732	OK	 
REQUEST	injecteur 2	9		request_1	1462484449706	1462484449734	OK	 
REQUEST	injecteur 8	4		request_7	1462484449711	1462484449737	OK	 
REQUEST	injecteur 5	10		request_4	1462484449714	1462484449740	OK	 
REQUEST	injecteur 4	1		request_3	1462484449716	1462484449742	OK	 
REQUEST	injecteur 9	6		request_8	1462484449718	1462484449744	OK	 
REQUEST	injecteur 10	5		request_9	1462484449720	1462484449748	OK	 
REQUEST	injecteur 7	2		request_6	1462484449723	1462484449750	OK	 
REQUEST	injecteur 1	7		request_0	1462484449725	1462484449753	OK	 
REQUEST	injecteur 3	3		request_2	1462484449728	1462484449759	OK	 
REQUEST	injecteur 6	8		request_5	1462484449733	1462484449763	OK	 
REQUEST	injecteur 2	9		request_1	1462484449736	1462484449766	OK	 
REQUEST	injecteur 8	4		request_7	1462484449738	1462484449768	OK	 
REQUEST	injecteur 5	10		request_4	1462484449741	1462484449770	OK	 
REQUEST	injecteur 4	1		request_3	1462484449743	1462484449773	OK	 
REQUEST	injecteur 9	6		request_8	1462484449745	1462484449775	OK	 
REQUEST	injecteur 10	5		request_9	1462484449749	1462484449778	OK	 
REQUEST	injecteur 7	2		request_6	1462484449751	1462484449780	OK	 
REQUEST	injecteur 1	7		request_0	1462484449754	1462484449784	OK	 
REQUEST	injecteur 3	3		request_2	1462484449761	1462484449786	OK	 
REQUEST	injecteur 6	8		request_5	1462484449764	1462484449788	OK	 
REQUEST	injecteur 2	9		request_1	1462484449767	1462484449791	OK	 
REQUEST	injecteur 8	4		request_7	1462484449769	1462484449793	OK	 
REQUEST	injecteur 5	10		request_4	1462484449771	1462484449795	OK	 
REQUEST	injecteur 4	1		request_3	1462484449774	1462484449797	OK	 
REQUEST	injecteur 9	6		request_8	1462484449776	1462484449800	OK	 
REQUEST	injecteur 10	5		request_9	1462484449779	1462484449805	OK	 
REQUEST	injecteur 7	2		request_6	1462484449781	1462484449810	OK	 
REQUEST	injecteur 1	7		request_0	1462484449785	1462484449812	OK	 
REQUEST	injecteur 3	3		request_2	1462484449787	1462484449815	OK	 
REQUEST	injecteur 6	8		request_5	1462484449789	1462484449817	OK	 
REQUEST	injecteur 2	9		request_1	1462484449792	1462484449820	OK	 
REQUEST	injecteur 8	4		request_7	1462484449794	1462484449822	OK	 
REQUEST	injecteur 5	10		request_4	1462484449796	1462484449824	OK	 
REQUEST	injecteur 4	1		request_3	1462484449798	1462484449826	OK	 
REQUEST	injecteur 9	6		request_8	1462484449802	1462484449828	OK	 
REQUEST	injecteur 10	5		request_9	1462484449806	1462484449831	OK	 
REQUEST	injecteur 7	2		request_6	1462484449811	1462484449834	OK	 
REQUEST	injecteur 1	7		request_0	1462484449813	1462484449835	OK	 
REQUEST	injecteur 3	3		request_2	1462484449816	1462484449837	OK	 
REQUEST	injecteur 6	8		request_5	1462484449819	1462484449839	OK	 
REQUEST	injecteur 2	9		request_1	1462484449821	1462484449841	OK	 
REQUEST	injecteur 8	4		request_7	1462484449823	1462484449843	OK	 
REQUEST	injecteur 5	10		request_4	1462484449825	1462484449845	OK	 
REQUEST	injecteur 4	1		request_3	1462484449826	1462484449847	OK	 
REQUEST	injecteur 9	6		request_8	1462484449829	1462484449851	OK	 
REQUEST	injecteur 10	5		request_9	1462484449832	1462484449853	OK	 
REQUEST	injecteur 7	2		request_6	1462484449834	1462484449854	OK	 
REQUEST	injecteur 1	7		request_0	1462484449836	1462484449857	OK	 
REQUEST	injecteur 3	3		request_2	1462484449838	1462484449864	OK	 
REQUEST	injecteur 6	8		request_5	1462484449840	1462484449865	OK	 
REQUEST	injecteur 2	9		request_1	1462484449842	1462484449867	OK	 
REQUEST	injecteur 8	4		request_7	1462484449844	1462484449869	OK	 
REQUEST	injecteur 5	10		request_4	1462484449845	1462484449871	OK	 
REQUEST	injecteur 4	1		request_3	1462484449848	1462484449876	OK	 
REQUEST	injecteur 9	6		request_8	1462484449852	1462484449878	OK	 
REQUEST	injecteur 10	5		request_9	1462484449853	1462484449880	OK	 
REQUEST	injecteur 7	2		request_6	1462484449855	1462484449882	OK	 
REQUEST	injecteur 1	7		request_0	1462484449858	1462484449884	OK	 
REQUEST	injecteur 3	3		request_2	1462484449864	1462484449886	OK	 
REQUEST	injecteur 6	8		request_5	1462484449866	1462484449888	OK	 
REQUEST	injecteur 2	9		request_1	1462484449868	1462484449890	OK	 
REQUEST	injecteur 8	4		request_7	1462484449870	1462484449893	OK	 
REQUEST	injecteur 5	10		request_4	1462484449871	1462484449897	OK	 
REQUEST	injecteur 4	1		request_3	1462484449877	1462484449900	OK	 
REQUEST	injecteur 9	6		request_8	1462484449879	1462484449903	OK	 
REQUEST	injecteur 10	5		request_9	1462484449881	1462484449905	OK	 
REQUEST	injecteur 7	2		request_6	1462484449883	1462484449907	OK	 
REQUEST	injecteur 1	7		request_0	1462484449885	1462484449909	OK	 
REQUEST	injecteur 3	3		request_2	1462484449887	1462484449911	OK	 
REQUEST	injecteur 6	8		request_5	1462484449889	1462484449912	OK	 
REQUEST	injecteur 2	9		request_1	1462484449891	1462484449914	OK	 
REQUEST	injecteur 8	4		request_7	1462484449893	1462484449917	OK	 
REQUEST	injecteur 5	10		request_4	1462484449898	1462484449920	OK	 
REQUEST	injecteur 4	1		request_3	1462484449902	1462484449922	OK	 
REQUEST	injecteur 9	6		request_8	1462484449903	1462484449924	OK	 
REQUEST	injecteur 10	5		request_9	1462484449906	1462484449926	OK	 
REQUEST	injecteur 7	2		request_6	1462484449908	1462484449928	OK	 
REQUEST	injecteur 1	7		request_0	1462484449910	1462484449930	OK	 
REQUEST	injecteur 3	3		request_2	1462484449912	1462484449932	OK	 
REQUEST	injecteur 6	8		request_5	1462484449913	1462484449934	OK	 
REQUEST	injecteur 2	9		request_1	1462484449915	1462484449939	OK	 
REQUEST	injecteur 8	4		request_7	1462484449918	1462484449941	OK	 
REQUEST	injecteur 5	10		request_4	1462484449921	1462484449943	OK	 
REQUEST	injecteur 4	1		request_3	1462484449923	1462484449946	OK	 
REQUEST	injecteur 9	6		request_8	1462484449925	1462484449949	OK	 
REQUEST	injecteur 10	5		request_9	1462484449926	1462484449952	OK	 
REQUEST	injecteur 7	2		request_6	1462484449929	1462484449954	OK	 
REQUEST	injecteur 1	7		request_0	1462484449931	1462484449959	OK	 
REQUEST	injecteur 3	3		request_2	1462484449933	1462484449960	OK	 
REQUEST	injecteur 7	2		request_6	1462484449955	1462484449963	OK	 
REQUEST	injecteur 6	8		request_5	1462484449935	1462484449965	OK	 
REQUEST	injecteur 2	9		request_1	1462484449940	1462484449967	OK	 
REQUEST	injecteur 8	4		request_7	1462484449942	1462484449969	OK	 
REQUEST	injecteur 5	10		request_4	1462484449944	1462484449971	OK	 
REQUEST	injecteur 4	1		request_3	1462484449947	1462484449973	OK	 
REQUEST	injecteur 9	6		request_8	1462484449950	1462484449975	OK	 
REQUEST	injecteur 10	5		request_9	1462484449953	1462484449977	OK	 
REQUEST	injecteur 1	7		request_0	1462484449960	1462484449980	OK	 
REQUEST	injecteur 3	3		request_2	1462484449961	1462484449982	OK	 
REQUEST	injecteur 7	2		request_6	1462484449964	1462484449984	OK	 
REQUEST	injecteur 6	8		request_5	1462484449967	1462484449987	OK	 
REQUEST	injecteur 2	9		request_1	1462484449968	1462484449988	OK	 
REQUEST	injecteur 8	4		request_7	1462484449970	1462484449990	OK	 
REQUEST	injecteur 5	10		request_4	1462484449972	1462484449991	OK	 
REQUEST	injecteur 4	1		request_3	1462484449973	1462484449993	OK	 
REQUEST	injecteur 9	6		request_8	1462484449976	1462484449995	OK	 
REQUEST	injecteur 10	5		request_9	1462484449978	1462484449999	OK	 
REQUEST	injecteur 1	7		request_0	1462484449981	1462484450000	OK	 
REQUEST	injecteur 3	3		request_2	1462484449983	1462484450002	OK	 
REQUEST	injecteur 7	2		request_6	1462484449985	1462484450004	OK	 
REQUEST	injecteur 6	8		request_5	1462484449987	1462484450006	OK	 
REQUEST	injecteur 2	9		request_1	1462484449989	1462484450007	OK	 
REQUEST	injecteur 8	4		request_7	1462484449991	1462484450009	OK	 
REQUEST	injecteur 5	10		request_4	1462484449992	1462484450011	OK	 
REQUEST	injecteur 4	1		request_3	1462484449994	1462484450014	OK	 
REQUEST	injecteur 9	6		request_8	1462484449996	1462484450015	OK	 
REQUEST	injecteur 10	5		request_9	1462484449999	1462484450017	OK	 
REQUEST	injecteur 1	7		request_0	1462484450001	1462484450019	OK	 
REQUEST	injecteur 3	3		request_2	1462484450003	1462484450021	OK	 
REQUEST	injecteur 7	2		request_6	1462484450004	1462484450023	OK	 
REQUEST	injecteur 6	8		request_5	1462484450006	1462484450024	OK	 
REQUEST	injecteur 2	9		request_1	1462484450008	1462484450026	OK	 
REQUEST	injecteur 8	4		request_7	1462484450010	1462484450030	OK	 
REQUEST	injecteur 5	10		request_4	1462484450012	1462484450032	OK	 
REQUEST	injecteur 4	1		request_3	1462484450015	1462484450033	OK	 
REQUEST	injecteur 9	6		request_8	1462484450016	1462484450035	OK	 
REQUEST	injecteur 10	5		request_9	1462484450018	1462484450037	OK	 
REQUEST	injecteur 1	7		request_0	1462484450020	1462484450038	OK	 
REQUEST	injecteur 3	3		request_2	1462484450022	1462484450041	OK	 
REQUEST	injecteur 7	2		request_6	1462484450023	1462484450043	OK	 
REQUEST	injecteur 6	8		request_5	1462484450025	1462484450045	OK	 
REQUEST	injecteur 2	9		request_1	1462484450027	1462484450050	OK	 
REQUEST	injecteur 8	4		request_7	1462484450030	1462484450053	OK	 
REQUEST	injecteur 5	10		request_4	1462484450033	1462484450055	OK	 
REQUEST	injecteur 4	1		request_3	1462484450034	1462484450057	OK	 
REQUEST	injecteur 9	6		request_8	1462484450036	1462484450059	OK	 
REQUEST	injecteur 10	5		request_9	1462484450037	1462484450061	OK	 
REQUEST	injecteur 1	7		request_0	1462484450039	1462484450062	OK	 
REQUEST	injecteur 3	3		request_2	1462484450041	1462484450064	OK	 
REQUEST	injecteur 7	2		request_6	1462484450045	1462484450066	OK	 
REQUEST	injecteur 6	8		request_5	1462484450045	1462484450070	OK	 
REQUEST	injecteur 2	9		request_1	1462484450051	1462484450072	OK	 
REQUEST	injecteur 8	4		request_7	1462484450054	1462484450074	OK	 
REQUEST	injecteur 5	10		request_4	1462484450056	1462484450076	OK	 
REQUEST	injecteur 4	1		request_3	1462484450058	1462484450078	OK	 
REQUEST	injecteur 9	6		request_8	1462484450060	1462484450079	OK	 
REQUEST	injecteur 10	5		request_9	1462484450062	1462484450081	OK	 
REQUEST	injecteur 1	7		request_0	1462484450063	1462484450083	OK	 
REQUEST	injecteur 3	3		request_2	1462484450065	1462484450086	OK	 
REQUEST	injecteur 7	2		request_6	1462484450066	1462484450087	OK	 
REQUEST	injecteur 6	8		request_5	1462484450071	1462484450090	OK	 
REQUEST	injecteur 2	9		request_1	1462484450073	1462484450092	OK	 
REQUEST	injecteur 8	4		request_7	1462484450075	1462484450094	OK	 
REQUEST	injecteur 5	10		request_4	1462484450076	1462484450096	OK	 
REQUEST	injecteur 4	1		request_3	1462484450078	1462484450098	OK	 
REQUEST	injecteur 9	6		request_8	1462484450080	1462484450099	OK	 
REQUEST	injecteur 10	5		request_9	1462484450081	1462484450101	OK	 
REQUEST	injecteur 1	7		request_0	1462484450083	1462484450105	OK	 
REQUEST	injecteur 3	3		request_2	1462484450086	1462484450107	OK	 
REQUEST	injecteur 7	2		request_6	1462484450088	1462484450109	OK	 
REQUEST	injecteur 6	8		request_5	1462484450091	1462484450110	OK	 
REQUEST	injecteur 2	9		request_1	1462484450093	1462484450112	OK	 
REQUEST	injecteur 8	4		request_7	1462484450095	1462484450114	OK	 
REQUEST	injecteur 5	10		request_4	1462484450097	1462484450115	OK	 
REQUEST	injecteur 4	1		request_3	1462484450098	1462484450117	OK	 
REQUEST	injecteur 9	6		request_8	1462484450100	1462484450118	OK	 
REQUEST	injecteur 10	5		request_9	1462484450102	1462484450123	OK	 
REQUEST	injecteur 1	7		request_0	1462484450106	1462484450125	OK	 
REQUEST	injecteur 3	3		request_2	1462484450108	1462484450128	OK	 
REQUEST	injecteur 7	2		request_6	1462484450109	1462484450129	OK	 
REQUEST	injecteur 6	8		request_5	1462484450111	1462484450130	OK	 
REQUEST	injecteur 2	9		request_1	1462484450113	1462484450132	OK	 
REQUEST	injecteur 8	4		request_7	1462484450114	1462484450134	OK	 
REQUEST	injecteur 5	10		request_4	1462484450116	1462484450135	OK	 
REQUEST	injecteur 4	1		request_3	1462484450118	1462484450138	OK	 
REQUEST	injecteur 9	6		request_8	1462484450119	1462484450140	OK	 
REQUEST	injecteur 10	5		request_9	1462484450123	1462484450142	OK	 
REQUEST	injecteur 1	7		request_0	1462484450126	1462484450144	OK	 
REQUEST	injecteur 3	3		request_2	1462484450128	1462484450145	OK	 
REQUEST	injecteur 7	2		request_6	1462484450130	1462484450148	OK	 
REQUEST	injecteur 6	8		request_5	1462484450131	1462484450150	OK	 
REQUEST	injecteur 2	9		request_1	1462484450133	1462484450153	OK	 
REQUEST	injecteur 8	4		request_7	1462484450134	1462484450157	OK	 
REQUEST	injecteur 5	10		request_4	1462484450136	1462484450163	OK	 
REQUEST	injecteur 4	1		request_3	1462484450139	1462484450165	OK	 
REQUEST	injecteur 9	6		request_8	1462484450141	1462484450167	OK	 
REQUEST	injecteur 10	5		request_9	1462484450143	1462484450169	OK	 
REQUEST	injecteur 1	7		request_0	1462484450144	1462484450171	OK	 
REQUEST	injecteur 3	3		request_2	1462484450146	1462484450172	OK	 
REQUEST	injecteur 7	2		request_6	1462484450148	1462484450174	OK	 
REQUEST	injecteur 6	8		request_5	1462484450151	1462484450176	OK	 
REQUEST	injecteur 2	9		request_1	1462484450154	1462484450177	OK	 
REQUEST	injecteur 8	4		request_7	1462484450158	1462484450181	OK	 
REQUEST	injecteur 5	10		request_4	1462484450164	1462484450182	OK	 
REQUEST	injecteur 4	1		request_3	1462484450167	1462484450184	OK	 
REQUEST	injecteur 9	6		request_8	1462484450168	1462484450186	OK	 
REQUEST	injecteur 10	5		request_9	1462484450170	1462484450188	OK	 
REQUEST	injecteur 1	7		request_0	1462484450171	1462484450189	OK	 
REQUEST	injecteur 3	3		request_2	1462484450173	1462484450191	OK	 
REQUEST	injecteur 7	2		request_6	1462484450175	1462484450193	OK	 
REQUEST	injecteur 6	8		request_5	1462484450177	1462484450196	OK	 
REQUEST	injecteur 2	9		request_1	1462484450178	1462484450198	OK	 
REQUEST	injecteur 8	4		request_7	1462484450182	1462484450201	OK	 
REQUEST	injecteur 5	10		request_4	1462484450183	1462484450203	OK	 
REQUEST	injecteur 4	1		request_3	1462484450185	1462484450206	OK	 
REQUEST	injecteur 9	6		request_8	1462484450187	1462484450208	OK	 
REQUEST	injecteur 10	5		request_9	1462484450188	1462484450211	OK	 
REQUEST	injecteur 1	7		request_0	1462484450190	1462484450213	OK	 
REQUEST	injecteur 3	3		request_2	1462484450192	1462484450216	OK	 
REQUEST	injecteur 7	2		request_6	1462484450193	1462484450220	OK	 
REQUEST	injecteur 6	8		request_5	1462484450196	1462484450222	OK	 
REQUEST	injecteur 2	9		request_1	1462484450198	1462484450225	OK	 
REQUEST	injecteur 8	4		request_7	1462484450202	1462484450227	OK	 
REQUEST	injecteur 5	10		request_4	1462484450204	1462484450230	OK	 
REQUEST	injecteur 4	1		request_3	1462484450207	1462484450234	OK	 
REQUEST	injecteur 9	6		request_8	1462484450208	1462484450236	OK	 
REQUEST	injecteur 10	5		request_9	1462484450211	1462484450238	OK	 
REQUEST	injecteur 1	7		request_0	1462484450213	1462484450239	OK	 
REQUEST	injecteur 3	3		request_2	1462484450216	1462484450242	OK	 
REQUEST	injecteur 7	2		request_6	1462484450221	1462484450245	OK	 
REQUEST	injecteur 6	8		request_5	1462484450223	1462484450252	OK	 
REQUEST	injecteur 2	9		request_1	1462484450226	1462484450255	OK	 
REQUEST	injecteur 8	4		request_7	1462484450228	1462484450275	OK	 
REQUEST	injecteur 5	10		request_4	1462484450231	1462484450277	OK	 
REQUEST	injecteur 4	1		request_3	1462484450235	1462484450279	OK	 
REQUEST	injecteur 9	6		request_8	1462484450237	1462484450280	OK	 
REQUEST	injecteur 10	5		request_9	1462484450238	1462484450283	OK	 
REQUEST	injecteur 1	7		request_0	1462484450240	1462484450284	OK	 
REQUEST	injecteur 3	3		request_2	1462484450243	1462484450287	OK	 
REQUEST	injecteur 7	2		request_6	1462484450246	1462484450288	OK	 
REQUEST	injecteur 6	8		request_5	1462484450253	1462484450289	OK	 
REQUEST	injecteur 2	9		request_1	1462484450256	1462484450292	OK	 
REQUEST	injecteur 8	4		request_7	1462484450276	1462484450294	OK	 
REQUEST	injecteur 5	10		request_4	1462484450278	1462484450295	OK	 
REQUEST	injecteur 4	1		request_3	1462484450279	1462484450297	OK	 
REQUEST	injecteur 9	6		request_8	1462484450281	1462484450300	OK	 
REQUEST	injecteur 10	5		request_9	1462484450284	1462484450301	OK	 
REQUEST	injecteur 1	7		request_0	1462484450285	1462484450303	OK	 
REQUEST	injecteur 3	3		request_2	1462484450287	1462484450305	OK	 
REQUEST	injecteur 7	2		request_6	1462484450288	1462484450306	OK	 
REQUEST	injecteur 6	8		request_5	1462484450290	1462484450308	OK	 
REQUEST	injecteur 2	9		request_1	1462484450293	1462484450309	OK	 
REQUEST	injecteur 8	4		request_7	1462484450295	1462484450311	OK	 
REQUEST	injecteur 5	10		request_4	1462484450296	1462484450314	OK	 
REQUEST	injecteur 4	1		request_3	1462484450298	1462484450317	OK	 
REQUEST	injecteur 9	6		request_8	1462484450301	1462484450318	OK	 
REQUEST	injecteur 10	5		request_9	1462484450302	1462484450320	OK	 
REQUEST	injecteur 1	7		request_0	1462484450304	1462484450322	OK	 
REQUEST	injecteur 3	3		request_2	1462484450305	1462484450323	OK	 
REQUEST	injecteur 7	2		request_6	1462484450307	1462484450325	OK	 
REQUEST	injecteur 6	8		request_5	1462484450308	1462484450326	OK	 
REQUEST	injecteur 2	9		request_1	1462484450310	1462484450329	OK	 
REQUEST	injecteur 8	4		request_7	1462484450312	1462484450330	OK	 
REQUEST	injecteur 5	10		request_4	1462484450315	1462484450332	OK	 
REQUEST	injecteur 4	1		request_3	1462484450317	1462484450333	OK	 
REQUEST	injecteur 9	6		request_8	1462484450319	1462484450335	OK	 
REQUEST	injecteur 10	5		request_9	1462484450321	1462484450337	OK	 
REQUEST	injecteur 1	7		request_0	1462484450322	1462484450339	OK	 
REQUEST	injecteur 3	3		request_2	1462484450324	1462484450340	OK	 
REQUEST	injecteur 7	2		request_6	1462484450326	1462484450342	OK	 
REQUEST	injecteur 6	8		request_5	1462484450327	1462484450346	OK	 
REQUEST	injecteur 2	9		request_1	1462484450329	1462484450347	OK	 
REQUEST	injecteur 8	4		request_7	1462484450330	1462484450350	OK	 
REQUEST	injecteur 5	10		request_4	1462484450333	1462484450353	OK	 
REQUEST	injecteur 4	1		request_3	1462484450334	1462484450355	OK	 
REQUEST	injecteur 9	6		request_8	1462484450336	1462484450356	OK	 
REQUEST	injecteur 10	5		request_9	1462484450338	1462484450357	OK	 
REQUEST	injecteur 1	7		request_0	1462484450339	1462484450359	OK	 
REQUEST	injecteur 3	3		request_2	1462484450341	1462484450363	OK	 
REQUEST	injecteur 7	2		request_6	1462484450343	1462484450364	OK	 
REQUEST	injecteur 6	8		request_5	1462484450346	1462484450366	OK	 
REQUEST	injecteur 2	9		request_1	1462484450348	1462484450368	OK	 
REQUEST	injecteur 8	4		request_7	1462484450351	1462484450370	OK	 
REQUEST	injecteur 5	10		request_4	1462484450354	1462484450372	OK	 
REQUEST	injecteur 4	1		request_3	1462484450355	1462484450374	OK	 
REQUEST	injecteur 9	6		request_8	1462484450357	1462484450376	OK	 
REQUEST	injecteur 10	5		request_9	1462484450358	1462484450378	OK	 
REQUEST	injecteur 1	7		request_0	1462484450360	1462484450383	OK	 
REQUEST	injecteur 3	3		request_2	1462484450364	1462484450386	OK	 
REQUEST	injecteur 7	2		request_6	1462484450365	1462484450392	OK	 
REQUEST	injecteur 6	8		request_5	1462484450367	1462484450394	OK	 
REQUEST	injecteur 8	4		request_7	1462484450371	1462484450397	OK	 
REQUEST	injecteur 2	9		request_1	1462484450369	1462484450398	OK	 
REQUEST	injecteur 5	10		request_4	1462484450373	1462484450400	OK	 
REQUEST	injecteur 4	1		request_3	1462484450374	1462484450402	OK	 
REQUEST	injecteur 3	3		request_2	1462484450389	1462484450407	OK	 
REQUEST	injecteur 9	6		request_8	1462484450376	1462484450408	OK	 
REQUEST	injecteur 10	5		request_9	1462484450378	1462484450410	OK	 
REQUEST	injecteur 1	7		request_0	1462484450384	1462484450411	OK	 
REQUEST	injecteur 7	2		request_6	1462484450393	1462484450413	OK	 
REQUEST	injecteur 6	8		request_5	1462484450395	1462484450414	OK	 
REQUEST	injecteur 8	4		request_7	1462484450398	1462484450415	OK	 
REQUEST	injecteur 2	9		request_1	1462484450399	1462484450416	OK	 
REQUEST	injecteur 5	10		request_4	1462484450401	1462484450418	OK	 
REQUEST	injecteur 4	1		request_3	1462484450403	1462484450421	OK	 
REQUEST	injecteur 3	3		request_2	1462484450407	1462484450423	OK	 
REQUEST	injecteur 9	6		request_8	1462484450409	1462484450424	OK	 
REQUEST	injecteur 10	5		request_9	1462484450410	1462484450426	OK	 
REQUEST	injecteur 1	7		request_0	1462484450412	1462484450427	OK	 
REQUEST	injecteur 7	2		request_6	1462484450413	1462484450429	OK	 
REQUEST	injecteur 6	8		request_5	1462484450415	1462484450431	OK	 
REQUEST	injecteur 8	4		request_7	1462484450416	1462484450433	OK	 
REQUEST	injecteur 2	9		request_1	1462484450417	1462484450435	OK	 
REQUEST	injecteur 5	10		request_4	1462484450419	1462484450437	OK	 
REQUEST	injecteur 4	1		request_3	1462484450422	1462484450440	OK	 
REQUEST	injecteur 3	3		request_2	1462484450424	1462484450441	OK	 
REQUEST	injecteur 9	6		request_8	1462484450425	1462484450443	OK	 
REQUEST	injecteur 10	5		request_9	1462484450426	1462484450444	OK	 
REQUEST	injecteur 1	7		request_0	1462484450428	1462484450446	OK	 
REQUEST	injecteur 7	2		request_6	1462484450430	1462484450448	OK	 
REQUEST	injecteur 6	8		request_5	1462484450432	1462484450452	OK	 
REQUEST	injecteur 8	4		request_7	1462484450433	1462484450453	OK	 
REQUEST	injecteur 2	9		request_1	1462484450435	1462484450456	OK	 
REQUEST	injecteur 5	10		request_4	1462484450437	1462484450458	OK	 
REQUEST	injecteur 4	1		request_3	1462484450441	1462484450460	OK	 
REQUEST	injecteur 3	3		request_2	1462484450442	1462484450461	OK	 
REQUEST	injecteur 9	6		request_8	1462484450443	1462484450463	OK	 
REQUEST	injecteur 10	5		request_9	1462484450445	1462484450465	OK	 
REQUEST	injecteur 1	7		request_0	1462484450447	1462484450467	OK	 
REQUEST	injecteur 7	2		request_6	1462484450449	1462484450471	OK	 
REQUEST	injecteur 6	8		request_5	1462484450452	1462484450473	OK	 
REQUEST	injecteur 8	4		request_7	1462484450454	1462484450475	OK	 
REQUEST	injecteur 2	9		request_1	1462484450457	1462484450477	OK	 
REQUEST	injecteur 5	10		request_4	1462484450459	1462484450479	OK	 
REQUEST	injecteur 4	1		request_3	1462484450461	1462484450481	OK	 
REQUEST	injecteur 3	3		request_2	1462484450462	1462484450483	OK	 
REQUEST	injecteur 9	6		request_8	1462484450464	1462484450484	OK	 
REQUEST	injecteur 10	5		request_9	1462484450465	1462484450485	OK	 
REQUEST	injecteur 1	7		request_0	1462484450467	1462484450489	OK	 
REQUEST	injecteur 7	2		request_6	1462484450472	1462484450490	OK	 
REQUEST	injecteur 6	8		request_5	1462484450474	1462484450492	OK	 
REQUEST	injecteur 8	4		request_7	1462484450476	1462484450494	OK	 
REQUEST	injecteur 2	9		request_1	1462484450478	1462484450497	OK	 
REQUEST	injecteur 5	10		request_4	1462484450480	1462484450500	OK	 
REQUEST	injecteur 4	1		request_3	1462484450482	1462484450504	OK	 
REQUEST	injecteur 3	3		request_2	1462484450483	1462484450506	OK	 
REQUEST	injecteur 5	10		request_4	1462484450500	1462484450510	OK	 
REQUEST	injecteur 9	6		request_8	1462484450485	1462484450511	OK	 
REQUEST	injecteur 10	5		request_9	1462484450486	1462484450513	OK	 
REQUEST	injecteur 1	7		request_0	1462484450489	1462484450515	OK	 
REQUEST	injecteur 6	8		request_5	1462484450493	1462484450518	OK	 
REQUEST	injecteur 7	2		request_6	1462484450491	1462484450517	OK	 
REQUEST	injecteur 8	4		request_7	1462484450495	1462484450522	OK	 
REQUEST	injecteur 2	9		request_1	1462484450498	1462484450523	OK	 
REQUEST	injecteur 4	1		request_3	1462484450505	1462484450527	OK	 
REQUEST	injecteur 3	3		request_2	1462484450507	1462484450529	OK	 
REQUEST	injecteur 5	10		request_4	1462484450510	1462484450533	OK	 
REQUEST	injecteur 9	6		request_8	1462484450511	1462484450535	OK	 
REQUEST	injecteur 10	5		request_9	1462484450513	1462484450537	OK	 
REQUEST	injecteur 1	7		request_0	1462484450515	1462484450539	OK	 
REQUEST	injecteur 6	8		request_5	1462484450519	1462484450541	OK	 
REQUEST	injecteur 7	2		request_6	1462484450520	1462484450543	OK	 
REQUEST	injecteur 8	4		request_7	1462484450522	1462484450545	OK	 
REQUEST	injecteur 3	3		request_2	1462484450530	1462484450549	OK	 
REQUEST	injecteur 2	9		request_1	1462484450523	1462484450551	OK	 
REQUEST	injecteur 4	1		request_3	1462484450528	1462484450553	OK	 
REQUEST	injecteur 5	10		request_4	1462484450534	1462484450555	OK	 
REQUEST	injecteur 9	6		request_8	1462484450536	1462484450556	OK	 
REQUEST	injecteur 10	5		request_9	1462484450538	1462484450558	OK	 
REQUEST	injecteur 1	7		request_0	1462484450540	1462484450560	OK	 
REQUEST	injecteur 6	8		request_5	1462484450541	1462484450563	OK	 
REQUEST	injecteur 7	2		request_6	1462484450544	1462484450564	OK	 
REQUEST	injecteur 8	4		request_7	1462484450546	1462484450567	OK	 
REQUEST	injecteur 3	3		request_2	1462484450550	1462484450571	OK	 
REQUEST	injecteur 2	9		request_1	1462484450552	1462484450572	OK	 
REQUEST	injecteur 4	1		request_3	1462484450554	1462484450573	OK	 
REQUEST	injecteur 5	10		request_4	1462484450555	1462484450577	OK	 
REQUEST	injecteur 9	6		request_8	1462484450557	1462484450579	OK	 
REQUEST	injecteur 10	5		request_9	1462484450559	1462484450581	OK	 
REQUEST	injecteur 1	7		request_0	1462484450561	1462484450583	OK	 
REQUEST	injecteur 6	8		request_5	1462484450563	1462484450586	OK	 
REQUEST	injecteur 7	2		request_6	1462484450564	1462484450589	OK	 
REQUEST	injecteur 8	4		request_7	1462484450568	1462484450591	OK	 
REQUEST	injecteur 3	3		request_2	1462484450571	1462484450593	OK	 
REQUEST	injecteur 2	9		request_1	1462484450573	1462484450594	OK	 
REQUEST	injecteur 4	1		request_3	1462484450574	1462484450595	OK	 
REQUEST	injecteur 5	10		request_4	1462484450578	1462484450597	OK	 
REQUEST	injecteur 9	6		request_8	1462484450580	1462484450598	OK	 
REQUEST	injecteur 10	5		request_9	1462484450582	1462484450600	OK	 
REQUEST	injecteur 1	7		request_0	1462484450584	1462484450603	OK	 
REQUEST	injecteur 6	8		request_5	1462484450587	1462484450604	OK	 
REQUEST	injecteur 7	2		request_6	1462484450590	1462484450606	OK	 
REQUEST	injecteur 8	4		request_7	1462484450592	1462484450607	OK	 
REQUEST	injecteur 3	3		request_2	1462484450593	1462484450609	OK	 
REQUEST	injecteur 2	9		request_1	1462484450595	1462484450610	OK	 
REQUEST	injecteur 4	1		request_3	1462484450596	1462484450612	OK	 
REQUEST	injecteur 5	10		request_4	1462484450597	1462484450613	OK	 
REQUEST	injecteur 9	6		request_8	1462484450599	1462484450615	OK	 
REQUEST	injecteur 10	5		request_9	1462484450600	1462484450618	OK	 
REQUEST	injecteur 1	7		request_0	1462484450603	1462484450620	OK	 
REQUEST	injecteur 6	8		request_5	1462484450605	1462484450621	OK	 
REQUEST	injecteur 7	2		request_6	1462484450606	1462484450622	OK	 
REQUEST	injecteur 8	4		request_7	1462484450608	1462484450624	OK	 
REQUEST	injecteur 3	3		request_2	1462484450609	1462484450625	OK	 
REQUEST	injecteur 2	9		request_1	1462484450611	1462484450626	OK	 
REQUEST	injecteur 4	1		request_3	1462484450613	1462484450628	OK	 
REQUEST	injecteur 5	10		request_4	1462484450613	1462484450629	OK	 
REQUEST	injecteur 9	6		request_8	1462484450615	1462484450632	OK	 
REQUEST	injecteur 10	5		request_9	1462484450618	1462484450634	OK	 
REQUEST	injecteur 1	7		request_0	1462484450620	1462484450636	OK	 
REQUEST	injecteur 6	8		request_5	1462484450621	1462484450638	OK	 
REQUEST	injecteur 7	2		request_6	1462484450623	1462484450641	OK	 
REQUEST	injecteur 8	4		request_7	1462484450624	1462484450643	OK	 
REQUEST	injecteur 3	3		request_2	1462484450626	1462484450645	OK	 
REQUEST	injecteur 2	9		request_1	1462484450627	1462484450647	OK	 
REQUEST	injecteur 4	1		request_3	1462484450629	1462484450651	OK	 
REQUEST	injecteur 5	10		request_4	1462484450630	1462484450654	OK	 
REQUEST	injecteur 9	6		request_8	1462484450633	1462484450656	OK	 
REQUEST	injecteur 10	5		request_9	1462484450635	1462484450657	OK	 
REQUEST	injecteur 1	7		request_0	1462484450637	1462484450658	OK	 
REQUEST	injecteur 6	8		request_5	1462484450639	1462484450660	OK	 
REQUEST	injecteur 7	2		request_6	1462484450641	1462484450661	OK	 
REQUEST	injecteur 8	4		request_7	1462484450644	1462484450663	OK	 
REQUEST	injecteur 3	3		request_2	1462484450646	1462484450666	OK	 
REQUEST	injecteur 2	9		request_1	1462484450648	1462484450667	OK	 
REQUEST	injecteur 4	1		request_3	1462484450653	1462484450669	OK	 
REQUEST	injecteur 5	10		request_4	1462484450655	1462484450671	OK	 
REQUEST	injecteur 9	6		request_8	1462484450656	1462484450673	OK	 
REQUEST	injecteur 10	5		request_9	1462484450658	1462484450675	OK	 
REQUEST	injecteur 1	7		request_0	1462484450659	1462484450676	OK	 
REQUEST	injecteur 6	8		request_5	1462484450660	1462484450678	OK	 
REQUEST	injecteur 7	2		request_6	1462484450662	1462484450681	OK	 
REQUEST	injecteur 8	4		request_7	1462484450663	1462484450687	OK	 
REQUEST	injecteur 3	3		request_2	1462484450666	1462484450692	OK	 
REQUEST	injecteur 2	9		request_1	1462484450668	1462484450693	OK	 
REQUEST	injecteur 4	1		request_3	1462484450669	1462484450695	OK	 
REQUEST	injecteur 5	10		request_4	1462484450672	1462484450697	OK	 
REQUEST	injecteur 9	6		request_8	1462484450673	1462484450698	OK	 
REQUEST	injecteur 10	5		request_9	1462484450675	1462484450699	OK	 
REQUEST	injecteur 1	7		request_0	1462484450677	1462484450701	OK	 
REQUEST	injecteur 6	8		request_5	1462484450679	1462484450702	OK	 
REQUEST	injecteur 8	4		request_7	1462484450688	1462484450706	OK	 
REQUEST	injecteur 7	2		request_6	1462484450681	1462484450708	OK	 
REQUEST	injecteur 3	3		request_2	1462484450692	1462484450710	OK	 
REQUEST	injecteur 2	9		request_1	1462484450694	1462484450711	OK	 
REQUEST	injecteur 4	1		request_3	1462484450696	1462484450713	OK	 
REQUEST	injecteur 5	10		request_4	1462484450697	1462484450714	OK	 
REQUEST	injecteur 9	6		request_8	1462484450698	1462484450715	OK	 
REQUEST	injecteur 10	5		request_9	1462484450700	1462484450717	OK	 
REQUEST	injecteur 1	7		request_0	1462484450701	1462484450719	OK	 
REQUEST	injecteur 6	8		request_5	1462484450703	1462484450722	OK	 
REQUEST	injecteur 8	4		request_7	1462484450707	1462484450724	OK	 
REQUEST	injecteur 7	2		request_6	1462484450709	1462484450725	OK	 
REQUEST	injecteur 3	3		request_2	1462484450710	1462484450727	OK	 
REQUEST	injecteur 2	9		request_1	1462484450712	1462484450729	OK	 
REQUEST	injecteur 4	1		request_3	1462484450713	1462484450730	OK	 
REQUEST	injecteur 5	10		request_4	1462484450714	1462484450731	OK	 
REQUEST	injecteur 9	6		request_8	1462484450716	1462484450733	OK	 
REQUEST	injecteur 10	5		request_9	1462484450718	1462484450734	OK	 
REQUEST	injecteur 1	7		request_0	1462484450719	1462484450738	OK	 
REQUEST	injecteur 6	8		request_5	1462484450723	1462484450740	OK	 
REQUEST	injecteur 8	4		request_7	1462484450725	1462484450741	OK	 
REQUEST	injecteur 7	2		request_6	1462484450726	1462484450743	OK	 
REQUEST	injecteur 3	3		request_2	1462484450728	1462484450744	OK	 
REQUEST	injecteur 2	9		request_1	1462484450729	1462484450745	OK	 
REQUEST	injecteur 4	1		request_3	1462484450731	1462484450747	OK	 
REQUEST	injecteur 5	10		request_4	1462484450732	1462484450748	OK	 
REQUEST	injecteur 9	6		request_8	1462484450733	1462484450749	OK	 
REQUEST	injecteur 10	5		request_9	1462484450735	1462484450752	OK	 
REQUEST	injecteur 1	7		request_0	1462484450739	1462484450756	OK	 
REQUEST	injecteur 6	8		request_5	1462484450740	1462484450758	OK	 
REQUEST	injecteur 8	4		request_7	1462484450742	1462484450760	OK	 
REQUEST	injecteur 7	2		request_6	1462484450743	1462484450761	OK	 
REQUEST	injecteur 3	3		request_2	1462484450745	1462484450763	OK	 
REQUEST	injecteur 2	9		request_1	1462484450746	1462484450765	OK	 
REQUEST	injecteur 4	1		request_3	1462484450747	1462484450767	OK	 
REQUEST	injecteur 5	10		request_4	1462484450748	1462484450769	OK	 
REQUEST	injecteur 9	6		request_8	1462484450750	1462484450772	OK	 
REQUEST	injecteur 10	5		request_9	1462484450753	1462484450774	OK	 
REQUEST	injecteur 1	7		request_0	1462484450757	1462484450776	OK	 
REQUEST	injecteur 6	8		request_5	1462484450759	1462484450779	OK	 
REQUEST	injecteur 8	4		request_7	1462484450760	1462484450781	OK	 
REQUEST	injecteur 7	2		request_6	1462484450762	1462484450783	OK	 
REQUEST	injecteur 3	3		request_2	1462484450764	1462484450784	OK	 
REQUEST	injecteur 2	9		request_1	1462484450766	1462484450786	OK	 
REQUEST	injecteur 4	1		request_3	1462484450767	1462484450788	OK	 
REQUEST	injecteur 5	10		request_4	1462484450769	1462484450791	OK	 
REQUEST	injecteur 9	6		request_8	1462484450772	1462484450793	OK	 
REQUEST	injecteur 10	5		request_9	1462484450774	1462484450794	OK	 
REQUEST	injecteur 1	7		request_0	1462484450777	1462484450796	OK	 
REQUEST	injecteur 6	8		request_5	1462484450780	1462484450798	OK	 
REQUEST	injecteur 8	4		request_7	1462484450781	1462484450799	OK	 
REQUEST	injecteur 7	2		request_6	1462484450783	1462484450801	OK	 
REQUEST	injecteur 3	3		request_2	1462484450785	1462484450803	OK	 
REQUEST	injecteur 2	9		request_1	1462484450787	1462484450805	OK	 
REQUEST	injecteur 4	1		request_3	1462484450788	1462484450809	OK	 
REQUEST	injecteur 5	10		request_4	1462484450792	1462484450811	OK	 
REQUEST	injecteur 9	6		request_8	1462484450793	1462484450812	OK	 
REQUEST	injecteur 10	5		request_9	1462484450795	1462484450814	OK	 
REQUEST	injecteur 1	7		request_0	1462484450797	1462484450816	OK	 
REQUEST	injecteur 6	8		request_5	1462484450798	1462484450818	OK	 
REQUEST	injecteur 8	4		request_7	1462484450800	1462484450819	OK	 
REQUEST	injecteur 7	2		request_6	1462484450802	1462484450822	OK	 
REQUEST	injecteur 3	3		request_2	1462484450804	1462484450823	OK	 
REQUEST	injecteur 2	9		request_1	1462484450806	1462484450827	OK	 
REQUEST	injecteur 4	1		request_3	1462484450809	1462484450829	OK	 
REQUEST	injecteur 5	10		request_4	1462484450812	1462484450831	OK	 
REQUEST	injecteur 9	6		request_8	1462484450813	1462484450832	OK	 
REQUEST	injecteur 10	5		request_9	1462484450815	1462484450834	OK	 
REQUEST	injecteur 1	7		request_0	1462484450817	1462484450837	OK	 
REQUEST	injecteur 6	8		request_5	1462484450818	1462484450839	OK	 
REQUEST	injecteur 8	4		request_7	1462484450820	1462484450841	OK	 
REQUEST	injecteur 7	2		request_6	1462484450822	1462484450843	OK	 
REQUEST	injecteur 3	3		request_2	1462484450824	1462484450848	OK	 
REQUEST	injecteur 2	9		request_1	1462484450828	1462484450851	OK	 
REQUEST	injecteur 4	1		request_3	1462484450830	1462484450852	OK	 
REQUEST	injecteur 5	10		request_4	1462484450832	1462484450855	OK	 
REQUEST	injecteur 9	6		request_8	1462484450833	1462484450857	OK	 
REQUEST	injecteur 10	5		request_9	1462484450835	1462484450859	OK	 
REQUEST	injecteur 1	7		request_0	1462484450838	1462484450862	OK	 
REQUEST	injecteur 6	8		request_5	1462484450840	1462484450864	OK	 
REQUEST	injecteur 8	4		request_7	1462484450842	1462484450866	OK	 
REQUEST	injecteur 7	2		request_6	1462484450844	1462484450869	OK	 
REQUEST	injecteur 3	3		request_2	1462484450848	1462484450872	OK	 
REQUEST	injecteur 2	9		request_1	1462484450851	1462484450873	OK	 
REQUEST	injecteur 4	1		request_3	1462484450853	1462484450874	OK	 
REQUEST	injecteur 5	10		request_4	1462484450856	1462484450875	OK	 
REQUEST	injecteur 9	6		request_8	1462484450858	1462484450877	OK	 
REQUEST	injecteur 10	5		request_9	1462484450860	1462484450878	OK	 
REQUEST	injecteur 1	7		request_0	1462484450863	1462484450879	OK	 
REQUEST	injecteur 6	8		request_5	1462484450865	1462484450880	OK	 
REQUEST	injecteur 8	4		request_7	1462484450867	1462484450885	OK	 
REQUEST	injecteur 7	2		request_6	1462484450870	1462484450888	OK	 
REQUEST	injecteur 3	3		request_2	1462484450872	1462484450889	OK	 
REQUEST	injecteur 2	9		request_1	1462484450873	1462484450891	OK	 
REQUEST	injecteur 4	1		request_3	1462484450875	1462484450892	OK	 
REQUEST	injecteur 5	10		request_4	1462484450876	1462484450893	OK	 
REQUEST	injecteur 9	6		request_8	1462484450877	1462484450895	OK	 
REQUEST	injecteur 10	5		request_9	1462484450879	1462484450896	OK	 
REQUEST	injecteur 1	7		request_0	1462484450880	1462484450897	OK	 
REQUEST	injecteur 6	8		request_5	1462484450881	1462484450900	OK	 
REQUEST	injecteur 8	4		request_7	1462484450886	1462484450903	OK	 
REQUEST	injecteur 7	2		request_6	1462484450889	1462484450905	OK	 
REQUEST	injecteur 3	3		request_2	1462484450890	1462484450906	OK	 
REQUEST	injecteur 2	9		request_1	1462484450891	1462484450907	OK	 
REQUEST	injecteur 4	1		request_3	1462484450893	1462484450908	OK	 
REQUEST	injecteur 5	10		request_4	1462484450894	1462484450910	OK	 
REQUEST	injecteur 9	6		request_8	1462484450895	1462484450911	OK	 
REQUEST	injecteur 10	5		request_9	1462484450896	1462484450912	OK	 
REQUEST	injecteur 1	7		request_0	1462484450898	1462484450916	OK	 
REQUEST	injecteur 6	8		request_5	1462484450901	1462484450919	OK	 
REQUEST	injecteur 8	4		request_7	1462484450904	1462484450922	OK	 
REQUEST	injecteur 7	2		request_6	1462484450905	1462484450923	OK	 
REQUEST	injecteur 3	3		request_2	1462484450906	1462484450925	OK	 
REQUEST	injecteur 2	9		request_1	1462484450908	1462484450926	OK	 
REQUEST	injecteur 4	1		request_3	1462484450909	1462484450927	OK	 
REQUEST	injecteur 5	10		request_4	1462484450910	1462484450928	OK	 
REQUEST	injecteur 9	6		request_8	1462484450911	1462484450930	OK	 
REQUEST	injecteur 10	5		request_9	1462484450913	1462484450934	OK	 
REQUEST	injecteur 1	7		request_0	1462484450917	1462484450935	OK	 
REQUEST	injecteur 6	8		request_5	1462484450920	1462484450937	OK	 
REQUEST	injecteur 8	4		request_7	1462484450922	1462484450939	OK	 
REQUEST	injecteur 7	2		request_6	1462484450923	1462484450940	OK	 
REQUEST	injecteur 3	3		request_2	1462484450925	1462484450941	OK	 
REQUEST	injecteur 2	9		request_1	1462484450926	1462484450943	OK	 
REQUEST	injecteur 4	1		request_3	1462484450928	1462484450944	OK	 
REQUEST	injecteur 5	10		request_4	1462484450929	1462484450945	OK	 
REQUEST	injecteur 9	6		request_8	1462484450931	1462484450948	OK	 
REQUEST	injecteur 10	5		request_9	1462484450934	1462484450950	OK	 
REQUEST	injecteur 1	7		request_0	1462484450936	1462484450952	OK	 
REQUEST	injecteur 6	8		request_5	1462484450938	1462484450953	OK	 
REQUEST	injecteur 8	4		request_7	1462484450939	1462484450955	OK	 
REQUEST	injecteur 7	2		request_6	1462484450940	1462484450956	OK	 
REQUEST	injecteur 3	3		request_2	1462484450942	1462484450958	OK	 
REQUEST	injecteur 2	9		request_1	1462484450943	1462484450959	OK	 
REQUEST	injecteur 4	1		request_3	1462484450944	1462484450961	OK	 
REQUEST	injecteur 5	10		request_4	1462484450946	1462484450963	OK	 
REQUEST	injecteur 9	6		request_8	1462484450948	1462484450965	OK	 
REQUEST	injecteur 10	5		request_9	1462484450951	1462484450966	OK	 
REQUEST	injecteur 1	7		request_0	1462484450952	1462484450968	OK	 
REQUEST	injecteur 6	8		request_5	1462484450954	1462484450969	OK	 
REQUEST	injecteur 8	4		request_7	1462484450955	1462484450971	OK	 
REQUEST	injecteur 7	2		request_6	1462484450957	1462484450973	OK	 
REQUEST	injecteur 3	3		request_2	1462484450958	1462484450974	OK	 
REQUEST	injecteur 2	9		request_1	1462484450960	1462484450976	OK	 
REQUEST	injecteur 4	1		request_3	1462484450961	1462484450979	OK	 
REQUEST	injecteur 5	10		request_4	1462484450964	1462484450981	OK	 
REQUEST	injecteur 9	6		request_8	1462484450965	1462484450982	OK	 
REQUEST	injecteur 10	5		request_9	1462484450967	1462484450984	OK	 
REQUEST	injecteur 1	7		request_0	1462484450968	1462484450986	OK	 
REQUEST	injecteur 6	8		request_5	1462484450970	1462484450987	OK	 
REQUEST	injecteur 8	4		request_7	1462484450972	1462484450989	OK	 
REQUEST	injecteur 7	2		request_6	1462484450973	1462484450991	OK	 
REQUEST	injecteur 3	3		request_2	1462484450975	1462484450992	OK	 
REQUEST	injecteur 2	9		request_1	1462484450977	1462484450995	OK	 
REQUEST	injecteur 4	1		request_3	1462484450980	1462484450996	OK	 
REQUEST	injecteur 5	10		request_4	1462484450982	1462484450998	OK	 
REQUEST	injecteur 9	6		request_8	1462484450983	1462484451000	OK	 
REQUEST	injecteur 10	5		request_9	1462484450985	1462484451001	OK	 
REQUEST	injecteur 1	7		request_0	1462484450987	1462484451003	OK	 
REQUEST	injecteur 6	8		request_5	1462484450988	1462484451005	OK	 
REQUEST	injecteur 8	4		request_7	1462484450990	1462484451006	OK	 
REQUEST	injecteur 7	2		request_6	1462484450991	1462484451010	OK	 
REQUEST	injecteur 3	3		request_2	1462484450993	1462484451012	OK	 
REQUEST	injecteur 2	9		request_1	1462484450996	1462484451014	OK	 
REQUEST	injecteur 4	1		request_3	1462484450997	1462484451015	OK	 
REQUEST	injecteur 5	10		request_4	1462484450999	1462484451017	OK	 
REQUEST	injecteur 10	5		request_9	1462484451002	1462484451022	OK	 
REQUEST	injecteur 9	6		request_8	1462484451000	1462484451023	OK	 
REQUEST	injecteur 1	7		request_0	1462484451004	1462484451025	OK	 
REQUEST	injecteur 10	5		request_9	1462484451022	1462484451029	OK	 
REQUEST	injecteur 6	8		request_5	1462484451005	1462484451031	OK	 
REQUEST	injecteur 8	4		request_7	1462484451007	1462484451035	OK	 
REQUEST	injecteur 7	2		request_6	1462484451011	1462484451037	OK	 
REQUEST	injecteur 3	3		request_2	1462484451013	1462484451039	OK	 
REQUEST	injecteur 2	9		request_1	1462484451015	1462484451041	OK	 
REQUEST	injecteur 4	1		request_3	1462484451016	1462484451043	OK	 
REQUEST	injecteur 5	10		request_4	1462484451018	1462484451046	OK	 
REQUEST	injecteur 9	6		request_8	1462484451024	1462484451047	OK	 
REQUEST	injecteur 1	7		request_0	1462484451026	1462484451050	OK	 
REQUEST	injecteur 10	5		request_9	1462484451029	1462484451052	OK	 
REQUEST	injecteur 6	8		request_5	1462484451032	1462484451054	OK	 
REQUEST	injecteur 8	4		request_7	1462484451035	1462484451056	OK	 
REQUEST	injecteur 7	2		request_6	1462484451038	1462484451058	OK	 
REQUEST	injecteur 3	3		request_2	1462484451040	1462484451061	OK	 
REQUEST	injecteur 2	9		request_1	1462484451041	1462484451063	OK	 
REQUEST	injecteur 4	1		request_3	1462484451044	1462484451065	OK	 
REQUEST	injecteur 5	10		request_4	1462484451047	1462484451067	OK	 
REQUEST	injecteur 9	6		request_8	1462484451048	1462484451074	OK	 
REQUEST	injecteur 1	7		request_0	1462484451051	1462484451075	OK	 
REQUEST	injecteur 10	5		request_9	1462484451053	1462484451077	OK	 
REQUEST	injecteur 6	8		request_5	1462484451055	1462484451079	OK	 
REQUEST	injecteur 8	4		request_7	1462484451057	1462484451081	OK	 
REQUEST	injecteur 7	2		request_6	1462484451059	1462484451083	OK	 
REQUEST	injecteur 3	3		request_2	1462484451062	1462484451085	OK	 
REQUEST	injecteur 2	9		request_1	1462484451064	1462484451088	OK	 
REQUEST	injecteur 4	1		request_3	1462484451066	1462484451090	OK	 
REQUEST	injecteur 5	10		request_4	1462484451068	1462484451097	OK	 
REQUEST	injecteur 4	1		request_3	1462484451090	1462484451099	OK	 
REQUEST	injecteur 9	6		request_8	1462484451075	1462484451101	OK	 
REQUEST	injecteur 1	7		request_0	1462484451075	1462484451102	OK	 
REQUEST	injecteur 8	4		request_7	1462484451082	1462484451108	OK	 
REQUEST	injecteur 7	2		request_6	1462484451084	1462484451111	OK	 
REQUEST	injecteur 3	3		request_2	1462484451086	1462484451112	OK	 
REQUEST	injecteur 10	5		request_9	1462484451078	1462484451112	OK	 
REQUEST	injecteur 6	8		request_5	1462484451080	1462484451114	OK	 
REQUEST	injecteur 2	9		request_1	1462484451089	1462484451116	OK	 
REQUEST	injecteur 3	3		request_2	1462484451113	1462484451122	OK	 
REQUEST	injecteur 5	10		request_4	1462484451098	1462484451124	OK	 
REQUEST	injecteur 4	1		request_3	1462484451100	1462484451126	OK	 
REQUEST	injecteur 9	6		request_8	1462484451101	1462484451127	OK	 
REQUEST	injecteur 1	7		request_0	1462484451103	1462484451129	OK	 
REQUEST	injecteur 8	4		request_7	1462484451109	1462484451131	OK	 
REQUEST	injecteur 7	2		request_6	1462484451111	1462484451133	OK	 
REQUEST	injecteur 10	5		request_9	1462484451113	1462484451135	OK	 
REQUEST	injecteur 6	8		request_5	1462484451115	1462484451138	OK	 
REQUEST	injecteur 2	9		request_1	1462484451117	1462484451142	OK	 
REQUEST	injecteur 3	3		request_2	1462484451123	1462484451145	OK	 
REQUEST	injecteur 5	10		request_4	1462484451125	1462484451147	OK	 
REQUEST	injecteur 4	1		request_3	1462484451126	1462484451149	OK	 
REQUEST	injecteur 9	6		request_8	1462484451128	1462484451151	OK	 
REQUEST	injecteur 1	7		request_0	1462484451130	1462484451153	OK	 
REQUEST	injecteur 8	4		request_7	1462484451132	1462484451155	OK	 
REQUEST	injecteur 7	2		request_6	1462484451134	1462484451156	OK	 
REQUEST	injecteur 10	5		request_9	1462484451136	1462484451158	OK	 
REQUEST	injecteur 6	8		request_5	1462484451138	1462484451163	OK	 
REQUEST	injecteur 2	9		request_1	1462484451143	1462484451165	OK	 
REQUEST	injecteur 3	3		request_2	1462484451146	1462484451167	OK	 
REQUEST	injecteur 5	10		request_4	1462484451148	1462484451173	OK	 
REQUEST	injecteur 4	1		request_3	1462484451150	1462484451174	OK	 
REQUEST	injecteur 9	6		request_8	1462484451151	1462484451178	OK	 
REQUEST	injecteur 1	7		request_0	1462484451153	1462484451180	OK	 
REQUEST	injecteur 8	4		request_7	1462484451155	1462484451181	OK	 
REQUEST	injecteur 7	2		request_6	1462484451157	1462484451183	OK	 
REQUEST	injecteur 4	1		request_3	1462484451175	1462484451188	OK	 
REQUEST	injecteur 10	5		request_9	1462484451159	1462484451190	OK	 
REQUEST	injecteur 6	8		request_5	1462484451163	1462484451193	OK	 
REQUEST	injecteur 2	9		request_1	1462484451165	1462484451198	OK	 
REQUEST	injecteur 3	3		request_2	1462484451172	1462484451200	OK	 
REQUEST	injecteur 5	10		request_4	1462484451173	1462484451202	OK	 
REQUEST	injecteur 9	6		request_8	1462484451178	1462484451204	OK	 
REQUEST	injecteur 1	7		request_0	1462484451180	1462484451206	OK	 
REQUEST	injecteur 8	4		request_7	1462484451182	1462484451208	OK	 
REQUEST	injecteur 7	2		request_6	1462484451184	1462484451211	OK	 
REQUEST	injecteur 4	1		request_3	1462484451189	1462484451213	OK	 
REQUEST	injecteur 10	5		request_9	1462484451191	1462484451215	OK	 
REQUEST	injecteur 6	8		request_5	1462484451194	1462484451216	OK	 
REQUEST	injecteur 2	9		request_1	1462484451198	1462484451218	OK	 
REQUEST	injecteur 3	3		request_2	1462484451200	1462484451220	OK	 
REQUEST	injecteur 5	10		request_4	1462484451203	1462484451221	OK	 
REQUEST	injecteur 9	6		request_8	1462484451205	1462484451225	OK	 
REQUEST	injecteur 1	7		request_0	1462484451206	1462484451227	OK	 
REQUEST	injecteur 8	4		request_7	1462484451208	1462484451231	OK	 
REQUEST	injecteur 7	2		request_6	1462484451212	1462484451235	OK	 
REQUEST	injecteur 4	1		request_3	1462484451214	1462484451236	OK	 
REQUEST	injecteur 10	5		request_9	1462484451216	1462484451238	OK	 
REQUEST	injecteur 6	8		request_5	1462484451217	1462484451240	OK	 
REQUEST	injecteur 2	9		request_1	1462484451219	1462484451242	OK	 
REQUEST	injecteur 3	3		request_2	1462484451221	1462484451244	OK	 
REQUEST	injecteur 5	10		request_4	1462484451222	1462484451246	OK	 
REQUEST	injecteur 9	6		request_8	1462484451225	1462484451248	OK	 
REQUEST	injecteur 1	7		request_0	1462484451228	1462484451251	OK	 
REQUEST	injecteur 8	4		request_7	1462484451232	1462484451253	OK	 
REQUEST	injecteur 7	2		request_6	1462484451235	1462484451256	OK	 
REQUEST	injecteur 4	1		request_3	1462484451237	1462484451258	OK	 
REQUEST	injecteur 10	5		request_9	1462484451239	1462484451259	OK	 
REQUEST	injecteur 6	8		request_5	1462484451240	1462484451261	OK	 
REQUEST	injecteur 2	9		request_1	1462484451242	1462484451263	OK	 
REQUEST	injecteur 3	3		request_2	1462484451244	1462484451265	OK	 
REQUEST	injecteur 5	10		request_4	1462484451246	1462484451267	OK	 
REQUEST	injecteur 9	6		request_8	1462484451248	1462484451271	OK	 
REQUEST	injecteur 1	7		request_0	1462484451251	1462484451273	OK	 
REQUEST	injecteur 8	4		request_7	1462484451254	1462484451275	OK	 
REQUEST	injecteur 7	2		request_6	1462484451257	1462484451276	OK	 
REQUEST	injecteur 4	1		request_3	1462484451258	1462484451278	OK	 
REQUEST	injecteur 10	5		request_9	1462484451260	1462484451279	OK	 
REQUEST	injecteur 6	8		request_5	1462484451262	1462484451281	OK	 
REQUEST	injecteur 2	9		request_1	1462484451264	1462484451283	OK	 
REQUEST	injecteur 3	3		request_2	1462484451265	1462484451286	OK	 
REQUEST	injecteur 5	10		request_4	1462484451267	1462484451291	OK	 
REQUEST	injecteur 9	6		request_8	1462484451272	1462484451294	OK	 
REQUEST	injecteur 1	7		request_0	1462484451274	1462484451296	OK	 
REQUEST	injecteur 8	4		request_7	1462484451275	1462484451297	OK	 
REQUEST	injecteur 7	2		request_6	1462484451277	1462484451299	OK	 
REQUEST	injecteur 4	1		request_3	1462484451278	1462484451300	OK	 
REQUEST	injecteur 10	5		request_9	1462484451280	1462484451302	OK	 
REQUEST	injecteur 6	8		request_5	1462484451281	1462484451304	OK	 
REQUEST	injecteur 2	9		request_1	1462484451283	1462484451306	OK	 
REQUEST	injecteur 5	10		request_4	1462484451292	1462484451317	OK	 
REQUEST	injecteur 9	6		request_8	1462484451295	1462484451321	OK	 
REQUEST	injecteur 3	3		request_2	1462484451287	1462484451324	OK	 
REQUEST	injecteur 1	7		request_0	1462484451296	1462484451326	OK	 
REQUEST	injecteur 8	4		request_7	1462484451298	1462484451327	OK	 
REQUEST	injecteur 7	2		request_6	1462484451300	1462484451328	OK	 
REQUEST	injecteur 10	5		request_9	1462484451303	1462484451332	OK	 
REQUEST	injecteur 6	8		request_5	1462484451305	1462484451334	OK	 
REQUEST	injecteur 4	1		request_3	1462484451301	1462484451331	OK	 
REQUEST	injecteur 5	10		request_4	1462484451317	1462484451344	OK	 
REQUEST	injecteur 9	6		request_8	1462484451321	1462484451348	OK	 
REQUEST	injecteur 2	9		request_1	1462484451307	1462484451349	OK	 
REQUEST	injecteur 3	3		request_2	1462484451325	1462484451351	OK	 
REQUEST	injecteur 1	7		request_0	1462484451326	1462484451353	OK	 
REQUEST	injecteur 8	4		request_7	1462484451328	1462484451355	OK	 
REQUEST	injecteur 7	2		request_6	1462484451328	1462484451356	OK	 
REQUEST	injecteur 10	5		request_9	1462484451333	1462484451358	OK	 
REQUEST	injecteur 5	10		request_4	1462484451345	1462484451362	OK	 
REQUEST	injecteur 4	1		request_3	1462484451335	1462484451363	OK	 
REQUEST	injecteur 6	8		request_5	1462484451335	1462484451365	OK	 
REQUEST	injecteur 9	6		request_8	1462484451348	1462484451368	OK	 
REQUEST	injecteur 2	9		request_1	1462484451350	1462484451371	OK	 
REQUEST	injecteur 3	3		request_2	1462484451351	1462484451373	OK	 
REQUEST	injecteur 1	7		request_0	1462484451353	1462484451375	OK	 
REQUEST	injecteur 8	4		request_7	1462484451355	1462484451377	OK	 
REQUEST	injecteur 7	2		request_6	1462484451357	1462484451379	OK	 
REQUEST	injecteur 10	5		request_9	1462484451359	1462484451382	OK	 
REQUEST	injecteur 5	10		request_4	1462484451362	1462484451385	OK	 
REQUEST	injecteur 4	1		request_3	1462484451364	1462484451386	OK	 
REQUEST	injecteur 6	8		request_5	1462484451366	1462484451389	OK	 
REQUEST	injecteur 9	6		request_8	1462484451368	1462484451390	OK	 
REQUEST	injecteur 2	9		request_1	1462484451372	1462484451392	OK	 
REQUEST	injecteur 3	3		request_2	1462484451374	1462484451394	OK	 
REQUEST	injecteur 1	7		request_0	1462484451376	1462484451396	OK	 
REQUEST	injecteur 8	4		request_7	1462484451378	1462484451398	OK	 
REQUEST	injecteur 7	2		request_6	1462484451379	1462484451402	OK	 
REQUEST	injecteur 10	5		request_9	1462484451382	1462484451405	OK	 
REQUEST	injecteur 5	10		request_4	1462484451385	1462484451408	OK	 
REQUEST	injecteur 4	1		request_3	1462484451387	1462484451410	OK	 
REQUEST	injecteur 6	8		request_5	1462484451389	1462484451412	OK	 
REQUEST	injecteur 9	6		request_8	1462484451391	1462484451415	OK	 
REQUEST	injecteur 2	9		request_1	1462484451393	1462484451417	OK	 
REQUEST	injecteur 3	3		request_2	1462484451395	1462484451419	OK	 
REQUEST	injecteur 1	7		request_0	1462484451397	1462484451421	OK	 
REQUEST	injecteur 8	4		request_7	1462484451398	1462484451425	OK	 
REQUEST	injecteur 7	2		request_6	1462484451404	1462484451427	OK	 
REQUEST	injecteur 10	5		request_9	1462484451406	1462484451430	OK	 
REQUEST	injecteur 5	10		request_4	1462484451409	1462484451432	OK	 
REQUEST	injecteur 4	1		request_3	1462484451411	1462484451434	OK	 
REQUEST	injecteur 6	8		request_5	1462484451413	1462484451436	OK	 
REQUEST	injecteur 9	6		request_8	1462484451415	1462484451438	OK	 
REQUEST	injecteur 2	9		request_1	1462484451417	1462484451440	OK	 
REQUEST	injecteur 3	3		request_2	1462484451419	1462484451443	OK	 
REQUEST	injecteur 1	7		request_0	1462484451421	1462484451449	OK	 
REQUEST	injecteur 8	4		request_7	1462484451426	1462484451451	OK	 
REQUEST	injecteur 7	2		request_6	1462484451428	1462484451452	OK	 
REQUEST	injecteur 10	5		request_9	1462484451430	1462484451454	OK	 
REQUEST	injecteur 5	10		request_4	1462484451432	1462484451456	OK	 
REQUEST	injecteur 4	1		request_3	1462484451434	1462484451458	OK	 
REQUEST	injecteur 6	8		request_5	1462484451437	1462484451459	OK	 
REQUEST	injecteur 9	6		request_8	1462484451439	1462484451461	OK	 
REQUEST	injecteur 2	9		request_1	1462484451441	1462484451462	OK	 
REQUEST	injecteur 3	3		request_2	1462484451443	1462484451466	OK	 
REQUEST	injecteur 1	7		request_0	1462484451449	1462484451469	OK	 
REQUEST	injecteur 8	4		request_7	1462484451451	1462484451470	OK	 
REQUEST	injecteur 7	2		request_6	1462484451453	1462484451472	OK	 
REQUEST	injecteur 10	5		request_9	1462484451455	1462484451474	OK	 
REQUEST	injecteur 5	10		request_4	1462484451457	1462484451476	OK	 
REQUEST	injecteur 4	1		request_3	1462484451458	1462484451478	OK	 
REQUEST	injecteur 6	8		request_5	1462484451460	1462484451480	OK	 
REQUEST	injecteur 9	6		request_8	1462484451461	1462484451482	OK	 
REQUEST	injecteur 2	9		request_1	1462484451463	1462484451486	OK	 
REQUEST	injecteur 3	3		request_2	1462484451467	1462484451488	OK	 
REQUEST	injecteur 1	7		request_0	1462484451469	1462484451490	OK	 
REQUEST	injecteur 8	4		request_7	1462484451471	1462484451492	OK	 
REQUEST	injecteur 7	2		request_6	1462484451473	1462484451494	OK	 
REQUEST	injecteur 10	5		request_9	1462484451475	1462484451495	OK	 
REQUEST	injecteur 5	10		request_4	1462484451476	1462484451497	OK	 
REQUEST	injecteur 4	1		request_3	1462484451478	1462484451499	OK	 
REQUEST	injecteur 6	8		request_5	1462484451481	1462484451500	OK	 
REQUEST	injecteur 9	6		request_8	1462484451482	1462484451505	OK	 
REQUEST	injecteur 2	9		request_1	1462484451487	1462484451507	OK	 
REQUEST	injecteur 3	3		request_2	1462484451489	1462484451508	OK	 
REQUEST	injecteur 1	7		request_0	1462484451491	1462484451510	OK	 
REQUEST	injecteur 8	4		request_7	1462484451492	1462484451511	OK	 
REQUEST	injecteur 7	2		request_6	1462484451494	1462484451513	OK	 
REQUEST	injecteur 10	5		request_9	1462484451496	1462484451515	OK	 
REQUEST	injecteur 5	10		request_4	1462484451498	1462484451517	OK	 
REQUEST	injecteur 4	1		request_3	1462484451499	1462484451519	OK	 
REQUEST	injecteur 6	8		request_5	1462484451501	1462484451526	OK	 
REQUEST	injecteur 9	6		request_8	1462484451505	1462484451528	OK	 
REQUEST	injecteur 2	9		request_1	1462484451507	1462484451530	OK	 
REQUEST	injecteur 3	3		request_2	1462484451509	1462484451531	OK	 
REQUEST	injecteur 1	7		request_0	1462484451511	1462484451533	OK	 
REQUEST	injecteur 8	4		request_7	1462484451512	1462484451534	OK	 
REQUEST	injecteur 7	2		request_6	1462484451514	1462484451536	OK	 
REQUEST	injecteur 5	10		request_4	1462484451517	1462484451538	OK	 
REQUEST	injecteur 6	8		request_5	1462484451526	1462484451542	OK	 
REQUEST	injecteur 9	6		request_8	1462484451529	1462484451543	OK	 
REQUEST	injecteur 2	9		request_1	1462484451530	1462484451545	OK	 
REQUEST	injecteur 3	3		request_2	1462484451532	1462484451547	OK	 
REQUEST	injecteur 1	7		request_0	1462484451533	1462484451548	OK	 
REQUEST	injecteur 8	4		request_7	1462484451535	1462484451550	OK	 
REQUEST	injecteur 7	2		request_6	1462484451537	1462484451553	OK	 
REQUEST	injecteur 5	10		request_4	1462484451538	1462484451555	OK	 
REQUEST	injecteur 9	6		request_8	1462484451544	1462484451558	OK	 
REQUEST	injecteur 2	9		request_1	1462484451546	1462484451560	OK	 
REQUEST	injecteur 8	4		request_7	1462484451550	1462484451563	OK	 
REQUEST	injecteur 9	6		request_8	1462484451558	1462484451565	OK	 
REQUEST	injecteur 9	6		request_8	1462484451565	1462484451569	OK	 
REQUEST	injecteur 9	6		request_8	1462484451570	1462484451575	OK	 
REQUEST	injecteur 8	4		Sensor_Synthesis_Check 7	1462484452471	1462484452541	OK	 
REQUEST	injecteur 7	2		Sensor_Synthesis_Check 6	1462484452460	1462484452532	OK	 
REQUEST	injecteur 1	7		Sensor_Synthesis_Check 0	1462484452503	1462484452556	OK	 
REQUEST	injecteur 9	6		Sensor_Synthesis_Check 8	1462484452493	1462484452535	OK	 
REQUEST	injecteur 10	5		Sensor_Synthesis_Check 9	1462484452445	1462484452524	OK	 
REQUEST	injecteur 4	1		Sensor_Synthesis_Check 3	1462484452449	1462484452529	OK	 
REQUEST	injecteur 3	3		Sensor_Synthesis_Check 2	1462484452450	1462484452524	OK	 
REQUEST	injecteur 6	8		Sensor_Synthesis_Check 5	1462484452471	1462484452524	OK	 
REQUEST	injecteur 8	4		request_7	1462484452623	1462484452630	OK	 
REQUEST	injecteur 8	4		request_7	1462484452631	1462484452645	OK	 
REQUEST	injecteur 6	8		request_5	1462484452639	1462484452645	OK	 
REQUEST	injecteur 3	3		request_2	1462484452632	1462484452648	OK	 
REQUEST	injecteur 8	4		request_7	1462484452646	1462484452658	OK	 
REQUEST	injecteur 6	8		request_5	1462484452646	1462484452660	OK	 
REQUEST	injecteur 3	3		request_2	1462484452649	1462484452672	OK	 
REQUEST	injecteur 6	8		request_5	1462484452661	1462484452679	OK	 
REQUEST	injecteur 1	7		request_0	1462484452656	1462484452683	OK	 
REQUEST	injecteur 8	4		request_7	1462484452659	1462484452686	OK	 
REQUEST	injecteur 10	5		request_9	1462484452663	1462484452693	OK	 
REQUEST	injecteur 3	3		request_2	1462484452674	1462484452700	OK	 
REQUEST	injecteur 5	10		Sensor_Synthesis_Check 4	1462484452530	1462484452703	OK	 
REQUEST	injecteur 9	6		request_8	1462484452677	1462484452708	OK	 
REQUEST	injecteur 6	8		request_5	1462484452680	1462484452716	OK	 
REQUEST	injecteur 1	7		request_0	1462484452685	1462484452718	OK	 
REQUEST	injecteur 4	1		request_3	1462484452691	1462484452720	OK	 
REQUEST	injecteur 8	4		request_7	1462484452687	1462484452724	OK	 
REQUEST	injecteur 10	5		request_9	1462484452694	1462484452729	OK	 
REQUEST	injecteur 7	2		request_6	1462484452701	1462484452734	OK	 
REQUEST	injecteur 10	5		request_9	1462484452730	1462484452739	OK	 
REQUEST	injecteur 3	3		request_2	1462484452702	1462484452740	OK	 
REQUEST	injecteur 9	6		request_8	1462484452709	1462484452744	OK	 
REQUEST	injecteur 5	10		request_4	1462484452714	1462484452745	OK	 
REQUEST	injecteur 6	8		request_5	1462484452716	1462484452748	OK	 
REQUEST	injecteur 1	7		request_0	1462484452719	1462484452751	OK	 
REQUEST	injecteur 4	1		request_3	1462484452722	1462484452753	OK	 
REQUEST	injecteur 8	4		request_7	1462484452725	1462484452755	OK	 
REQUEST	injecteur 7	2		request_6	1462484452735	1462484452759	OK	 
REQUEST	injecteur 2	9		Sensor_Synthesis_Check 1	1462484452530	1462484452759	OK	 
REQUEST	injecteur 10	5		request_9	1462484452740	1462484452762	OK	 
REQUEST	injecteur 3	3		request_2	1462484452741	1462484452765	OK	 
REQUEST	injecteur 9	6		request_8	1462484452744	1462484452768	OK	 
REQUEST	injecteur 5	10		request_4	1462484452746	1462484452770	OK	 
REQUEST	injecteur 6	8		request_5	1462484452749	1462484452772	OK	 
REQUEST	injecteur 1	7		request_0	1462484452752	1462484452774	OK	 
REQUEST	injecteur 4	1		request_3	1462484452754	1462484452782	OK	 
REQUEST	injecteur 8	4		request_7	1462484452755	1462484452784	OK	 
REQUEST	injecteur 7	2		request_6	1462484452759	1462484452786	OK	 
REQUEST	injecteur 10	5		request_9	1462484452763	1462484452788	OK	 
REQUEST	injecteur 3	3		request_2	1462484452766	1462484452790	OK	 
REQUEST	injecteur 2	9		request_1	1462484452767	1462484452792	OK	 
REQUEST	injecteur 9	6		request_8	1462484452769	1462484452794	OK	 
REQUEST	injecteur 5	10		request_4	1462484452771	1462484452796	OK	 
REQUEST	injecteur 6	8		request_5	1462484452773	1462484452799	OK	 
REQUEST	injecteur 1	7		request_0	1462484452775	1462484452802	OK	 
REQUEST	injecteur 4	1		request_3	1462484452783	1462484452804	OK	 
REQUEST	injecteur 8	4		request_7	1462484452785	1462484452805	OK	 
REQUEST	injecteur 7	2		request_6	1462484452787	1462484452807	OK	 
REQUEST	injecteur 10	5		request_9	1462484452789	1462484452808	OK	 
REQUEST	injecteur 3	3		request_2	1462484452791	1462484452810	OK	 
REQUEST	injecteur 2	9		request_1	1462484452792	1462484452811	OK	 
REQUEST	injecteur 9	6		request_8	1462484452794	1462484452813	OK	 
REQUEST	injecteur 5	10		request_4	1462484452796	1462484452814	OK	 
REQUEST	injecteur 6	8		request_5	1462484452799	1462484452818	OK	 
REQUEST	injecteur 1	7		request_0	1462484452803	1462484452819	OK	 
REQUEST	injecteur 4	1		request_3	1462484452804	1462484452821	OK	 
REQUEST	injecteur 8	4		request_7	1462484452806	1462484452823	OK	 
REQUEST	injecteur 7	2		request_6	1462484452808	1462484452825	OK	 
REQUEST	injecteur 10	5		request_9	1462484452809	1462484452827	OK	 
REQUEST	injecteur 3	3		request_2	1462484452810	1462484452828	OK	 
REQUEST	injecteur 2	9		request_1	1462484452811	1462484452829	OK	 
REQUEST	injecteur 9	6		request_8	1462484452813	1462484452831	OK	 
REQUEST	injecteur 5	10		request_4	1462484452815	1462484452835	OK	 
REQUEST	injecteur 6	8		request_5	1462484452819	1462484452838	OK	 
REQUEST	injecteur 4	1		request_3	1462484452822	1462484452842	OK	 
REQUEST	injecteur 1	7		request_0	1462484452820	1462484452843	OK	 
REQUEST	injecteur 8	4		request_7	1462484452824	1462484452845	OK	 
REQUEST	injecteur 7	2		request_6	1462484452826	1462484452846	OK	 
REQUEST	injecteur 10	5		request_9	1462484452827	1462484452849	OK	 
REQUEST	injecteur 3	3		request_2	1462484452829	1462484452851	OK	 
REQUEST	injecteur 2	9		request_1	1462484452830	1462484452853	OK	 
REQUEST	injecteur 9	6		request_8	1462484452832	1462484452856	OK	 
REQUEST	injecteur 5	10		request_4	1462484452836	1462484452858	OK	 
REQUEST	injecteur 6	8		request_5	1462484452839	1462484452859	OK	 
REQUEST	injecteur 4	1		request_3	1462484452843	1462484452861	OK	 
REQUEST	injecteur 1	7		request_0	1462484452844	1462484452862	OK	 
REQUEST	injecteur 8	4		request_7	1462484452845	1462484452863	OK	 
REQUEST	injecteur 7	2		request_6	1462484452847	1462484452864	OK	 
