ASSERTION	AAMBAAMDBABk
RUN	InjectionsAndVerifications		injectionsandverifications	1462973437384	 	2.0
USER	injecteur 4	1	START	1462973438564	1462973438564
USER	injecteur 7	2	START	1462973438675	1462973438675
USER	injecteur 3	3	START	1462973438677	1462973438677
USER	injecteur 8	4	START	1462973438688	1462973438688
USER	injecteur 10	5	START	1462973438699	1462973438699
USER	injecteur 9	6	START	1462973438723	1462973438723
USER	injecteur 1	7	START	1462973438739	1462973438739
USER	injecteur 6	8	START	1462973438742	1462973438742
USER	injecteur 2	9	START	1462973438745	1462973438745
USER	injecteur 5	10	START	1462973438755	1462973438755
REQUEST	injecteur 6	8		request_5	1462973438744	1462973438860	OK	 
REQUEST	injecteur 7	2		request_6	1462973438676	1462973438784	OK	 
REQUEST	injecteur 9	6		request_8	1462973438730	1462973438843	OK	 
REQUEST	injecteur 8	4		request_7	1462973438689	1462973438784	OK	 
REQUEST	injecteur 4	1		request_3	1462973438661	1462973438836	OK	 
REQUEST	injecteur 1	7		request_0	1462973438740	1462973438884	OK	 
REQUEST	injecteur 8	4		request_7	1462973438875	1462973438890	OK	 
REQUEST	injecteur 6	8		request_5	1462973438873	1462973438890	OK	 
REQUEST	injecteur 9	6		request_8	1462973438877	1462973438894	OK	 
REQUEST	injecteur 4	1		request_3	1462973438875	1462973438900	OK	 
REQUEST	injecteur 9	6		request_8	1462973438895	1462973438901	OK	 
REQUEST	injecteur 3	3		request_2	1462973438678	1462973438826	OK	 
REQUEST	injecteur 7	2		request_6	1462973438877	1462973438904	OK	 
REQUEST	injecteur 10	5		request_9	1462973438700	1462973438933	OK	 
REQUEST	injecteur 1	7		request_0	1462973438885	1462973438934	OK	 
REQUEST	injecteur 8	4		request_7	1462973438892	1462973438940	OK	 
REQUEST	injecteur 6	8		request_5	1462973438892	1462973438946	OK	 
REQUEST	injecteur 2	9		request_1	1462973438746	1462973438955	OK	 
REQUEST	injecteur 4	1		request_3	1462973438901	1462973438959	OK	 
REQUEST	injecteur 9	6		request_8	1462973438902	1462973438963	OK	 
REQUEST	injecteur 7	2		request_6	1462973438905	1462973438969	OK	 
REQUEST	injecteur 3	3		request_2	1462973438912	1462973438974	OK	 
REQUEST	injecteur 10	5		request_9	1462973438934	1462973438981	OK	 
REQUEST	injecteur 1	7		request_0	1462973438935	1462973438984	OK	 
REQUEST	injecteur 8	4		request_7	1462973438941	1462973438987	OK	 
REQUEST	injecteur 5	10		request_4	1462973438780	1462973438992	OK	 
REQUEST	injecteur 6	8		request_5	1462973438947	1462973438996	OK	 
REQUEST	injecteur 2	9		request_1	1462973438957	1462973438999	OK	 
REQUEST	injecteur 4	1		request_3	1462973438960	1462973439002	OK	 
REQUEST	injecteur 9	6		request_8	1462973438964	1462973439005	OK	 
REQUEST	injecteur 7	2		request_6	1462973438970	1462973439008	OK	 
REQUEST	injecteur 3	3		request_2	1462973438975	1462973439012	OK	 
REQUEST	injecteur 10	5		request_9	1462973438982	1462973439017	OK	 
REQUEST	injecteur 1	7		request_0	1462973438986	1462973439020	OK	 
REQUEST	injecteur 8	4		request_7	1462973438988	1462973439023	OK	 
REQUEST	injecteur 5	10		request_4	1462973438993	1462973439029	OK	 
REQUEST	injecteur 6	8		request_5	1462973438997	1462973439032	OK	 
REQUEST	injecteur 2	9		request_1	1462973439000	1462973439043	OK	 
REQUEST	injecteur 4	1		request_3	1462973439003	1462973439047	OK	 
REQUEST	injecteur 9	6		request_8	1462973439006	1462973439050	OK	 
REQUEST	injecteur 7	2		request_6	1462973439010	1462973439056	OK	 
REQUEST	injecteur 3	3		request_2	1462973439014	1462973439061	OK	 
REQUEST	injecteur 10	5		request_9	1462973439018	1462973439068	OK	 
REQUEST	injecteur 1	7		request_0	1462973439022	1462973439078	OK	 
REQUEST	injecteur 8	4		request_7	1462973439024	1462973439083	OK	 
REQUEST	injecteur 5	10		request_4	1462973439031	1462973439087	OK	 
REQUEST	injecteur 6	8		request_5	1462973439033	1462973439090	OK	 
REQUEST	injecteur 2	9		request_1	1462973439044	1462973439093	OK	 
REQUEST	injecteur 4	1		request_3	1462973439048	1462973439098	OK	 
REQUEST	injecteur 9	6		request_8	1462973439051	1462973439107	OK	 
REQUEST	injecteur 7	2		request_6	1462973439057	1462973439111	OK	 
REQUEST	injecteur 3	3		request_2	1462973439062	1462973439120	OK	 
REQUEST	injecteur 10	5		request_9	1462973439070	1462973439126	OK	 
REQUEST	injecteur 1	7		request_0	1462973439079	1462973439130	OK	 
REQUEST	injecteur 8	4		request_7	1462973439084	1462973439135	OK	 
REQUEST	injecteur 5	10		request_4	1462973439088	1462973439138	OK	 
REQUEST	injecteur 6	8		request_5	1462973439091	1462973439141	OK	 
REQUEST	injecteur 2	9		request_1	1462973439094	1462973439144	OK	 
REQUEST	injecteur 4	1		request_3	1462973439099	1462973439146	OK	 
REQUEST	injecteur 9	6		request_8	1462973439109	1462973439156	OK	 
REQUEST	injecteur 7	2		request_6	1462973439113	1462973439161	OK	 
REQUEST	injecteur 10	5		request_9	1462973439127	1462973439169	OK	 
REQUEST	injecteur 3	3		request_2	1462973439121	1462973439170	OK	 
REQUEST	injecteur 1	7		request_0	1462973439131	1462973439179	OK	 
REQUEST	injecteur 8	4		request_7	1462973439136	1462973439185	OK	 
REQUEST	injecteur 5	10		request_4	1462973439139	1462973439190	OK	 
REQUEST	injecteur 6	8		request_5	1462973439142	1462973439192	OK	 
REQUEST	injecteur 2	9		request_1	1462973439145	1462973439194	OK	 
REQUEST	injecteur 10	5		request_9	1462973439171	1462973439198	OK	 
REQUEST	injecteur 4	1		request_3	1462973439149	1462973439202	OK	 
REQUEST	injecteur 9	6		request_8	1462973439158	1462973439204	OK	 
REQUEST	injecteur 7	2		request_6	1462973439163	1462973439206	OK	 
REQUEST	injecteur 3	3		request_2	1462973439171	1462973439210	OK	 
REQUEST	injecteur 8	4		request_7	1462973439186	1462973439217	OK	 
REQUEST	injecteur 1	7		request_0	1462973439182	1462973439218	OK	 
REQUEST	injecteur 5	10		request_4	1462973439191	1462973439223	OK	 
REQUEST	injecteur 6	8		request_5	1462973439193	1462973439226	OK	 
REQUEST	injecteur 2	9		request_1	1462973439195	1462973439234	OK	 
REQUEST	injecteur 10	5		request_9	1462973439200	1462973439238	OK	 
REQUEST	injecteur 4	1		request_3	1462973439203	1462973439241	OK	 
REQUEST	injecteur 9	6		request_8	1462973439205	1462973439244	OK	 
REQUEST	injecteur 7	2		request_6	1462973439208	1462973439248	OK	 
REQUEST	injecteur 3	3		request_2	1462973439211	1462973439251	OK	 
REQUEST	injecteur 8	4		request_7	1462973439218	1462973439254	OK	 
REQUEST	injecteur 1	7		request_0	1462973439219	1462973439256	OK	 
REQUEST	injecteur 5	10		request_4	1462973439224	1462973439260	OK	 
REQUEST	injecteur 6	8		request_5	1462973439228	1462973439265	OK	 
REQUEST	injecteur 2	9		request_1	1462973439235	1462973439271	OK	 
REQUEST	injecteur 10	5		request_9	1462973439239	1462973439275	OK	 
REQUEST	injecteur 4	1		request_3	1462973439242	1462973439277	OK	 
REQUEST	injecteur 9	6		request_8	1462973439245	1462973439280	OK	 
REQUEST	injecteur 7	2		request_6	1462973439249	1462973439282	OK	 
REQUEST	injecteur 3	3		request_2	1462973439252	1462973439284	OK	 
REQUEST	injecteur 8	4		request_7	1462973439255	1462973439286	OK	 
REQUEST	injecteur 1	7		request_0	1462973439258	1462973439289	OK	 
REQUEST	injecteur 5	10		request_4	1462973439261	1462973439295	OK	 
REQUEST	injecteur 6	8		request_5	1462973439266	1462973439297	OK	 
REQUEST	injecteur 2	9		request_1	1462973439273	1462973439301	OK	 
REQUEST	injecteur 10	5		request_9	1462973439276	1462973439304	OK	 
REQUEST	injecteur 4	1		request_3	1462973439278	1462973439308	OK	 
REQUEST	injecteur 9	6		request_8	1462973439281	1462973439316	OK	 
REQUEST	injecteur 7	2		request_6	1462973439283	1462973439320	OK	 
REQUEST	injecteur 3	3		request_2	1462973439285	1462973439323	OK	 
REQUEST	injecteur 8	4		request_7	1462973439287	1462973439328	OK	 
REQUEST	injecteur 1	7		request_0	1462973439290	1462973439332	OK	 
REQUEST	injecteur 5	10		request_4	1462973439296	1462973439335	OK	 
REQUEST	injecteur 6	8		request_5	1462973439298	1462973439338	OK	 
REQUEST	injecteur 2	9		request_1	1462973439303	1462973439340	OK	 
REQUEST	injecteur 10	5		request_9	1462973439306	1462973439344	OK	 
REQUEST	injecteur 4	1		request_3	1462973439309	1462973439347	OK	 
REQUEST	injecteur 9	6		request_8	1462973439317	1462973439350	OK	 
REQUEST	injecteur 7	2		request_6	1462973439321	1462973439354	OK	 
REQUEST	injecteur 3	3		request_2	1462973439324	1462973439357	OK	 
REQUEST	injecteur 8	4		request_7	1462973439329	1462973439363	OK	 
REQUEST	injecteur 1	7		request_0	1462973439333	1462973439367	OK	 
REQUEST	injecteur 5	10		request_4	1462973439336	1462973439372	OK	 
REQUEST	injecteur 6	8		request_5	1462973439339	1462973439374	OK	 
REQUEST	injecteur 2	9		request_1	1462973439341	1462973439377	OK	 
REQUEST	injecteur 10	5		request_9	1462973439345	1462973439379	OK	 
REQUEST	injecteur 4	1		request_3	1462973439348	1462973439384	OK	 
REQUEST	injecteur 9	6		request_8	1462973439351	1462973439388	OK	 
REQUEST	injecteur 7	2		request_6	1462973439355	1462973439391	OK	 
REQUEST	injecteur 3	3		request_2	1462973439358	1462973439395	OK	 
REQUEST	injecteur 8	4		request_7	1462973439364	1462973439401	OK	 
REQUEST	injecteur 1	7		request_0	1462973439369	1462973439403	OK	 
REQUEST	injecteur 5	10		request_4	1462973439373	1462973439406	OK	 
REQUEST	injecteur 6	8		request_5	1462973439375	1462973439408	OK	 
REQUEST	injecteur 2	9		request_1	1462973439378	1462973439410	OK	 
REQUEST	injecteur 10	5		request_9	1462973439381	1462973439415	OK	 
REQUEST	injecteur 4	1		request_3	1462973439386	1462973439422	OK	 
REQUEST	injecteur 9	6		request_8	1462973439389	1462973439425	OK	 
REQUEST	injecteur 7	2		request_6	1462973439392	1462973439441	OK	 
REQUEST	injecteur 3	3		request_2	1462973439396	1462973439445	OK	 
REQUEST	injecteur 8	4		request_7	1462973439402	1462973439448	OK	 
REQUEST	injecteur 5	10		request_4	1462973439406	1462973439453	OK	 
REQUEST	injecteur 1	7		request_0	1462973439404	1462973439453	OK	 
REQUEST	injecteur 6	8		request_5	1462973439409	1462973439456	OK	 
REQUEST	injecteur 2	9		request_1	1462973439412	1462973439458	OK	 
REQUEST	injecteur 10	5		request_9	1462973439416	1462973439461	OK	 
REQUEST	injecteur 4	1		request_3	1462973439423	1462973439463	OK	 
REQUEST	injecteur 9	6		request_8	1462973439426	1462973439468	OK	 
REQUEST	injecteur 7	2		request_6	1462973439443	1462973439473	OK	 
REQUEST	injecteur 3	3		request_2	1462973439446	1462973439475	OK	 
REQUEST	injecteur 8	4		request_7	1462973439449	1462973439477	OK	 
REQUEST	injecteur 5	10		request_4	1462973439454	1462973439479	OK	 
REQUEST	injecteur 1	7		request_0	1462973439456	1462973439481	OK	 
REQUEST	injecteur 6	8		request_5	1462973439457	1462973439484	OK	 
REQUEST	injecteur 2	9		request_1	1462973439459	1462973439486	OK	 
REQUEST	injecteur 10	5		request_9	1462973439462	1462973439489	OK	 
REQUEST	injecteur 4	1		request_3	1462973439465	1462973439497	OK	 
REQUEST	injecteur 9	6		request_8	1462973439470	1462973439501	OK	 
REQUEST	injecteur 7	2		request_6	1462973439474	1462973439505	OK	 
REQUEST	injecteur 3	3		request_2	1462973439476	1462973439509	OK	 
REQUEST	injecteur 8	4		request_7	1462973439478	1462973439512	OK	 
REQUEST	injecteur 5	10		request_4	1462973439479	1462973439525	OK	 
REQUEST	injecteur 1	7		request_0	1462973439482	1462973439528	OK	 
REQUEST	injecteur 6	8		request_5	1462973439484	1462973439532	OK	 
REQUEST	injecteur 2	9		request_1	1462973439486	1462973439537	OK	 
REQUEST	injecteur 10	5		request_9	1462973439490	1462973439541	OK	 
REQUEST	injecteur 4	1		request_3	1462973439498	1462973439543	OK	 
REQUEST	injecteur 9	6		request_8	1462973439502	1462973439547	OK	 
REQUEST	injecteur 7	2		request_6	1462973439507	1462973439550	OK	 
REQUEST	injecteur 3	3		request_2	1462973439510	1462973439553	OK	 
REQUEST	injecteur 8	4		request_7	1462973439513	1462973439555	OK	 
REQUEST	injecteur 5	10		request_4	1462973439526	1462973439557	OK	 
REQUEST	injecteur 1	7		request_0	1462973439529	1462973439559	OK	 
REQUEST	injecteur 6	8		request_5	1462973439533	1462973439561	OK	 
REQUEST	injecteur 2	9		request_1	1462973439538	1462973439565	OK	 
REQUEST	injecteur 10	5		request_9	1462973439542	1462973439569	OK	 
REQUEST	injecteur 4	1		request_3	1462973439544	1462973439572	OK	 
REQUEST	injecteur 9	6		request_8	1462973439548	1462973439575	OK	 
REQUEST	injecteur 7	2		request_6	1462973439551	1462973439576	OK	 
REQUEST	injecteur 3	3		request_2	1462973439554	1462973439580	OK	 
REQUEST	injecteur 8	4		request_7	1462973439556	1462973439582	OK	 
REQUEST	injecteur 5	10		request_4	1462973439558	1462973439584	OK	 
REQUEST	injecteur 1	7		request_0	1462973439560	1462973439588	OK	 
REQUEST	injecteur 6	8		request_5	1462973439562	1462973439593	OK	 
REQUEST	injecteur 2	9		request_1	1462973439566	1462973439597	OK	 
REQUEST	injecteur 10	5		request_9	1462973439570	1462973439599	OK	 
REQUEST	injecteur 4	1		request_3	1462973439573	1462973439601	OK	 
REQUEST	injecteur 9	6		request_8	1462973439576	1462973439605	OK	 
REQUEST	injecteur 7	2		request_6	1462973439577	1462973439607	OK	 
REQUEST	injecteur 3	3		request_2	1462973439581	1462973439609	OK	 
REQUEST	injecteur 8	4		request_7	1462973439583	1462973439612	OK	 
REQUEST	injecteur 5	10		request_4	1462973439586	1462973439614	OK	 
REQUEST	injecteur 1	7		request_0	1462973439589	1462973439621	OK	 
REQUEST	injecteur 6	8		request_5	1462973439595	1462973439625	OK	 
REQUEST	injecteur 2	9		request_1	1462973439598	1462973439627	OK	 
REQUEST	injecteur 10	5		request_9	1462973439600	1462973439630	OK	 
REQUEST	injecteur 4	1		request_3	1462973439602	1462973439632	OK	 
REQUEST	injecteur 9	6		request_8	1462973439606	1462973439634	OK	 
REQUEST	injecteur 7	2		request_6	1462973439608	1462973439637	OK	 
REQUEST	injecteur 3	3		request_2	1462973439609	1462973439640	OK	 
REQUEST	injecteur 8	4		request_7	1462973439613	1462973439649	OK	 
REQUEST	injecteur 1	7		request_0	1462973439622	1462973439654	OK	 
REQUEST	injecteur 6	8		request_5	1462973439626	1462973439657	OK	 
REQUEST	injecteur 5	10		request_4	1462973439615	1462973439657	OK	 
REQUEST	injecteur 2	9		request_1	1462973439628	1462973439659	OK	 
REQUEST	injecteur 10	5		request_9	1462973439631	1462973439663	OK	 
REQUEST	injecteur 4	1		request_3	1462973439633	1462973439667	OK	 
REQUEST	injecteur 9	6		request_8	1462973439635	1462973439672	OK	 
REQUEST	injecteur 7	2		request_6	1462973439638	1462973439675	OK	 
REQUEST	injecteur 10	5		request_9	1462973439663	1462973439677	OK	 
REQUEST	injecteur 4	1		request_3	1462973439668	1462973439680	OK	 
REQUEST	injecteur 3	3		request_2	1462973439641	1462973439683	OK	 
REQUEST	injecteur 8	4		request_7	1462973439650	1462973439685	OK	 
REQUEST	injecteur 1	7		request_0	1462973439655	1462973439688	OK	 
REQUEST	injecteur 6	8		request_5	1462973439658	1462973439690	OK	 
REQUEST	injecteur 2	9		request_1	1462973439660	1462973439692	OK	 
REQUEST	injecteur 5	10		request_4	1462973439658	1462973439694	OK	 
REQUEST	injecteur 9	6		request_8	1462973439673	1462973439696	OK	 
REQUEST	injecteur 7	2		request_6	1462973439682	1462973439703	OK	 
REQUEST	injecteur 4	1		request_3	1462973439683	1462973439706	OK	 
REQUEST	injecteur 10	5		request_9	1462973439685	1462973439709	OK	 
REQUEST	injecteur 8	4		request_7	1462973439685	1462973439711	OK	 
REQUEST	injecteur 3	3		request_2	1462973439686	1462973439713	OK	 
REQUEST	injecteur 1	7		request_0	1462973439689	1462973439714	OK	 
REQUEST	injecteur 6	8		request_5	1462973439691	1462973439716	OK	 
REQUEST	injecteur 2	9		request_1	1462973439693	1462973439719	OK	 
REQUEST	injecteur 5	10		request_4	1462973439696	1462973439723	OK	 
REQUEST	injecteur 9	6		request_8	1462973439698	1462973439725	OK	 
REQUEST	injecteur 7	2		request_6	1462973439704	1462973439729	OK	 
REQUEST	injecteur 4	1		request_3	1462973439707	1462973439732	OK	 
REQUEST	injecteur 10	5		request_9	1462973439710	1462973439735	OK	 
REQUEST	injecteur 8	4		request_7	1462973439711	1462973439737	OK	 
REQUEST	injecteur 3	3		request_2	1462973439713	1462973439739	OK	 
REQUEST	injecteur 1	7		request_0	1462973439715	1462973439742	OK	 
REQUEST	injecteur 6	8		request_5	1462973439717	1462973439744	OK	 
REQUEST	injecteur 2	9		request_1	1462973439720	1462973439747	OK	 
REQUEST	injecteur 5	10		request_4	1462973439724	1462973439750	OK	 
REQUEST	injecteur 9	6		request_8	1462973439726	1462973439752	OK	 
REQUEST	injecteur 7	2		request_6	1462973439730	1462973439754	OK	 
REQUEST	injecteur 4	1		request_3	1462973439732	1462973439757	OK	 
REQUEST	injecteur 10	5		request_9	1462973439736	1462973439759	OK	 
REQUEST	injecteur 8	4		request_7	1462973439739	1462973439761	OK	 
REQUEST	injecteur 3	3		request_2	1462973439741	1462973439764	OK	 
REQUEST	injecteur 1	7		request_0	1462973439743	1462973439767	OK	 
REQUEST	injecteur 6	8		request_5	1462973439745	1462973439772	OK	 
REQUEST	injecteur 2	9		request_1	1462973439748	1462973439776	OK	 
REQUEST	injecteur 5	10		request_4	1462973439751	1462973439779	OK	 
REQUEST	injecteur 9	6		request_8	1462973439753	1462973439783	OK	 
REQUEST	injecteur 7	2		request_6	1462973439755	1462973439787	OK	 
REQUEST	injecteur 4	1		request_3	1462973439758	1462973439790	OK	 
REQUEST	injecteur 10	5		request_9	1462973439760	1462973439792	OK	 
REQUEST	injecteur 8	4		request_7	1462973439762	1462973439794	OK	 
REQUEST	injecteur 3	3		request_2	1462973439765	1462973439796	OK	 
REQUEST	injecteur 9	6		request_8	1462973439784	1462973439800	OK	 
REQUEST	injecteur 1	7		request_0	1462973439768	1462973439802	OK	 
REQUEST	injecteur 6	8		request_5	1462973439773	1462973439806	OK	 
REQUEST	injecteur 2	9		request_1	1462973439777	1462973439807	OK	 
REQUEST	injecteur 5	10		request_4	1462973439780	1462973439809	OK	 
REQUEST	injecteur 7	2		request_6	1462973439788	1462973439811	OK	 
REQUEST	injecteur 4	1		request_3	1462973439791	1462973439813	OK	 
REQUEST	injecteur 10	5		request_9	1462973439793	1462973439817	OK	 
REQUEST	injecteur 8	4		request_7	1462973439795	1462973439820	OK	 
REQUEST	injecteur 3	3		request_2	1462973439797	1462973439826	OK	 
REQUEST	injecteur 9	6		request_8	1462973439801	1462973439828	OK	 
REQUEST	injecteur 1	7		request_0	1462973439803	1462973439830	OK	 
REQUEST	injecteur 6	8		request_5	1462973439807	1462973439833	OK	 
REQUEST	injecteur 2	9		request_1	1462973439808	1462973439834	OK	 
REQUEST	injecteur 5	10		request_4	1462973439810	1462973439838	OK	 
REQUEST	injecteur 7	2		request_6	1462973439812	1462973439842	OK	 
REQUEST	injecteur 4	1		request_3	1462973439814	1462973439850	OK	 
REQUEST	injecteur 10	5		request_9	1462973439818	1462973439852	OK	 
REQUEST	injecteur 8	4		request_7	1462973439821	1462973439857	OK	 
REQUEST	injecteur 3	3		request_2	1462973439827	1462973439859	OK	 
REQUEST	injecteur 9	6		request_8	1462973439829	1462973439862	OK	 
REQUEST	injecteur 1	7		request_0	1462973439831	1462973439865	OK	 
REQUEST	injecteur 6	8		request_5	1462973439834	1462973439867	OK	 
REQUEST	injecteur 2	9		request_1	1462973439835	1462973439869	OK	 
REQUEST	injecteur 5	10		request_4	1462973439839	1462973439871	OK	 
REQUEST	injecteur 7	2		request_6	1462973439844	1462973439874	OK	 
REQUEST	injecteur 4	1		request_3	1462973439851	1462973439877	OK	 
REQUEST	injecteur 10	5		request_9	1462973439853	1462973439881	OK	 
REQUEST	injecteur 8	4		request_7	1462973439858	1462973439885	OK	 
REQUEST	injecteur 3	3		request_2	1462973439860	1462973439887	OK	 
REQUEST	injecteur 9	6		request_8	1462973439863	1462973439890	OK	 
REQUEST	injecteur 1	7		request_0	1462973439866	1462973439892	OK	 
REQUEST	injecteur 6	8		request_5	1462973439868	1462973439894	OK	 
REQUEST	injecteur 2	9		request_1	1462973439870	1462973439895	OK	 
REQUEST	injecteur 5	10		request_4	1462973439872	1462973439897	OK	 
REQUEST	injecteur 7	2		request_6	1462973439875	1462973439901	OK	 
REQUEST	injecteur 4	1		request_3	1462973439878	1462973439905	OK	 
REQUEST	injecteur 10	5		request_9	1462973439882	1462973439907	OK	 
REQUEST	injecteur 8	4		request_7	1462973439886	1462973439910	OK	 
REQUEST	injecteur 3	3		request_2	1462973439888	1462973439912	OK	 
REQUEST	injecteur 9	6		request_8	1462973439891	1462973439915	OK	 
REQUEST	injecteur 1	7		request_0	1462973439893	1462973439918	OK	 
REQUEST	injecteur 6	8		request_5	1462973439894	1462973439919	OK	 
REQUEST	injecteur 2	9		request_1	1462973439896	1462973439924	OK	 
REQUEST	injecteur 5	10		request_4	1462973439898	1462973439928	OK	 
REQUEST	injecteur 7	2		request_6	1462973439902	1462973439933	OK	 
REQUEST	injecteur 4	1		request_3	1462973439906	1462973439936	OK	 
REQUEST	injecteur 10	5		request_9	1462973439908	1462973439939	OK	 
REQUEST	injecteur 8	4		request_7	1462973439911	1462973439940	OK	 
REQUEST	injecteur 3	3		request_2	1462973439913	1462973439942	OK	 
REQUEST	injecteur 9	6		request_8	1462973439916	1462973439944	OK	 
REQUEST	injecteur 1	7		request_0	1462973439919	1462973439946	OK	 
REQUEST	injecteur 6	8		request_5	1462973439920	1462973439950	OK	 
REQUEST	injecteur 2	9		request_1	1462973439926	1462973439951	OK	 
REQUEST	injecteur 5	10		request_4	1462973439929	1462973439953	OK	 
REQUEST	injecteur 7	2		request_6	1462973439934	1462973439955	OK	 
REQUEST	injecteur 4	1		request_3	1462973439937	1462973439956	OK	 
REQUEST	injecteur 10	5		request_9	1462973439940	1462973439958	OK	 
REQUEST	injecteur 8	4		request_7	1462973439941	1462973439960	OK	 
REQUEST	injecteur 3	3		request_2	1462973439943	1462973439962	OK	 
REQUEST	injecteur 9	6		request_8	1462973439945	1462973439963	OK	 
REQUEST	injecteur 1	7		request_0	1462973439947	1462973439968	OK	 
REQUEST	injecteur 6	8		request_5	1462973439950	1462973439973	OK	 
REQUEST	injecteur 2	9		request_1	1462973439952	1462973439975	OK	 
REQUEST	injecteur 5	10		request_4	1462973439954	1462973439977	OK	 
REQUEST	injecteur 7	2		request_6	1462973439955	1462973439979	OK	 
REQUEST	injecteur 4	1		request_3	1462973439957	1462973439982	OK	 
REQUEST	injecteur 10	5		request_9	1462973439959	1462973439984	OK	 
REQUEST	injecteur 8	4		request_7	1462973439961	1462973439986	OK	 
REQUEST	injecteur 3	3		request_2	1462973439963	1462973439991	OK	 
REQUEST	injecteur 9	6		request_8	1462973439964	1462973439993	OK	 
REQUEST	injecteur 1	7		request_0	1462973439969	1462973439996	OK	 
REQUEST	injecteur 6	8		request_5	1462973439974	1462973439998	OK	 
REQUEST	injecteur 5	10		request_4	1462973439978	1462973440003	OK	 
REQUEST	injecteur 2	9		request_1	1462973439976	1462973440003	OK	 
REQUEST	injecteur 7	2		request_6	1462973439980	1462973440006	OK	 
REQUEST	injecteur 4	1		request_3	1462973439983	1462973440008	OK	 
REQUEST	injecteur 10	5		request_9	1462973439985	1462973440010	OK	 
REQUEST	injecteur 8	4		request_7	1462973439987	1462973440015	OK	 
REQUEST	injecteur 3	3		request_2	1462973439992	1462973440019	OK	 
REQUEST	injecteur 9	6		request_8	1462973439994	1462973440021	OK	 
REQUEST	injecteur 1	7		request_0	1462973439997	1462973440023	OK	 
REQUEST	injecteur 6	8		request_5	1462973439999	1462973440024	OK	 
REQUEST	injecteur 2	9		request_1	1462973440004	1462973440026	OK	 
REQUEST	injecteur 5	10		request_4	1462973440004	1462973440028	OK	 
REQUEST	injecteur 7	2		request_6	1462973440007	1462973440030	OK	 
REQUEST	injecteur 4	1		request_3	1462973440009	1462973440031	OK	 
REQUEST	injecteur 10	5		request_9	1462973440011	1462973440034	OK	 
REQUEST	injecteur 8	4		request_7	1462973440016	1462973440037	OK	 
REQUEST	injecteur 3	3		request_2	1462973440019	1462973440039	OK	 
REQUEST	injecteur 9	6		request_8	1462973440021	1462973440041	OK	 
REQUEST	injecteur 1	7		request_0	1462973440024	1462973440048	OK	 
REQUEST	injecteur 6	8		request_5	1462973440025	1462973440049	OK	 
REQUEST	injecteur 2	9		request_1	1462973440027	1462973440052	OK	 
REQUEST	injecteur 5	10		request_4	1462973440029	1462973440054	OK	 
REQUEST	injecteur 7	2		request_6	1462973440031	1462973440057	OK	 
REQUEST	injecteur 4	1		request_3	1462973440032	1462973440059	OK	 
REQUEST	injecteur 10	5		request_9	1462973440035	1462973440062	OK	 
REQUEST	injecteur 8	4		request_7	1462973440038	1462973440064	OK	 
REQUEST	injecteur 3	3		request_2	1462973440040	1462973440065	OK	 
REQUEST	injecteur 9	6		request_8	1462973440048	1462973440067	OK	 
REQUEST	injecteur 1	7		request_0	1462973440048	1462973440068	OK	 
REQUEST	injecteur 6	8		request_5	1462973440050	1462973440071	OK	 
REQUEST	injecteur 2	9		request_1	1462973440053	1462973440073	OK	 
REQUEST	injecteur 5	10		request_4	1462973440055	1462973440077	OK	 
REQUEST	injecteur 7	2		request_6	1462973440058	1462973440079	OK	 
REQUEST	injecteur 4	1		request_3	1462973440060	1462973440082	OK	 
REQUEST	injecteur 10	5		request_9	1462973440063	1462973440084	OK	 
REQUEST	injecteur 8	4		request_7	1462973440065	1462973440087	OK	 
REQUEST	injecteur 3	3		request_2	1462973440066	1462973440094	OK	 
REQUEST	injecteur 9	6		request_8	1462973440068	1462973440096	OK	 
REQUEST	injecteur 1	7		request_0	1462973440069	1462973440099	OK	 
REQUEST	injecteur 6	8		request_5	1462973440072	1462973440101	OK	 
REQUEST	injecteur 2	9		request_1	1462973440074	1462973440104	OK	 
REQUEST	injecteur 5	10		request_4	1462973440078	1462973440108	OK	 
REQUEST	injecteur 7	2		request_6	1462973440080	1462973440110	OK	 
REQUEST	injecteur 4	1		request_3	1462973440082	1462973440112	OK	 
REQUEST	injecteur 10	5		request_9	1462973440086	1462973440115	OK	 
REQUEST	injecteur 8	4		request_7	1462973440089	1462973440116	OK	 
REQUEST	injecteur 3	3		request_2	1462973440095	1462973440122	OK	 
REQUEST	injecteur 9	6		request_8	1462973440097	1462973440122	OK	 
REQUEST	injecteur 1	7		request_0	1462973440099	1462973440125	OK	 
REQUEST	injecteur 6	8		request_5	1462973440102	1462973440129	OK	 
REQUEST	injecteur 2	9		request_1	1462973440105	1462973440133	OK	 
REQUEST	injecteur 5	10		request_4	1462973440109	1462973440135	OK	 
REQUEST	injecteur 7	2		request_6	1462973440111	1462973440138	OK	 
REQUEST	injecteur 4	1		request_3	1462973440113	1462973440142	OK	 
REQUEST	injecteur 10	5		request_9	1462973440118	1462973440145	OK	 
REQUEST	injecteur 8	4		request_7	1462973440118	1462973440149	OK	 
REQUEST	injecteur 3	3		request_2	1462973440123	1462973440152	OK	 
REQUEST	injecteur 9	6		request_8	1462973440123	1462973440157	OK	 
REQUEST	injecteur 3	3		request_2	1462973440153	1462973440161	OK	 
REQUEST	injecteur 1	7		request_0	1462973440126	1462973440163	OK	 
REQUEST	injecteur 6	8		request_5	1462973440130	1462973440169	OK	 
REQUEST	injecteur 2	9		request_1	1462973440134	1462973440172	OK	 
REQUEST	injecteur 5	10		request_4	1462973440136	1462973440175	OK	 
REQUEST	injecteur 7	2		request_6	1462973440139	1462973440177	OK	 
REQUEST	injecteur 4	1		request_3	1462973440143	1462973440180	OK	 
REQUEST	injecteur 10	5		request_9	1462973440146	1462973440183	OK	 
REQUEST	injecteur 8	4		request_7	1462973440150	1462973440186	OK	 
REQUEST	injecteur 9	6		request_8	1462973440157	1462973440190	OK	 
REQUEST	injecteur 3	3		request_2	1462973440162	1462973440192	OK	 
REQUEST	injecteur 1	7		request_0	1462973440165	1462973440196	OK	 
REQUEST	injecteur 6	8		request_5	1462973440170	1462973440199	OK	 
REQUEST	injecteur 2	9		request_1	1462973440173	1462973440203	OK	 
REQUEST	injecteur 5	10		request_4	1462973440176	1462973440207	OK	 
REQUEST	injecteur 7	2		request_6	1462973440178	1462973440211	OK	 
REQUEST	injecteur 4	1		request_3	1462973440181	1462973440228	OK	 
REQUEST	injecteur 10	5		request_9	1462973440184	1462973440231	OK	 
REQUEST	injecteur 8	4		request_7	1462973440187	1462973440236	OK	 
REQUEST	injecteur 9	6		request_8	1462973440191	1462973440238	OK	 
REQUEST	injecteur 3	3		request_2	1462973440193	1462973440240	OK	 
REQUEST	injecteur 1	7		request_0	1462973440197	1462973440243	OK	 
REQUEST	injecteur 6	8		request_5	1462973440200	1462973440245	OK	 
REQUEST	injecteur 2	9		request_1	1462973440204	1462973440247	OK	 
REQUEST	injecteur 5	10		request_4	1462973440208	1462973440251	OK	 
REQUEST	injecteur 7	2		request_6	1462973440211	1462973440253	OK	 
REQUEST	injecteur 4	1		request_3	1462973440228	1462973440254	OK	 
REQUEST	injecteur 10	5		request_9	1462973440232	1462973440259	OK	 
REQUEST	injecteur 8	4		request_7	1462973440237	1462973440261	OK	 
REQUEST	injecteur 9	6		request_8	1462973440239	1462973440263	OK	 
REQUEST	injecteur 3	3		request_2	1462973440241	1462973440265	OK	 
REQUEST	injecteur 1	7		request_0	1462973440244	1462973440267	OK	 
REQUEST	injecteur 6	8		request_5	1462973440246	1462973440268	OK	 
REQUEST	injecteur 2	9		request_1	1462973440248	1462973440271	OK	 
REQUEST	injecteur 5	10		request_4	1462973440252	1462973440273	OK	 
REQUEST	injecteur 7	2		request_6	1462973440253	1462973440276	OK	 
REQUEST	injecteur 4	1		request_3	1462973440255	1462973440279	OK	 
REQUEST	injecteur 10	5		request_9	1462973440260	1462973440282	OK	 
REQUEST	injecteur 8	4		request_7	1462973440262	1462973440284	OK	 
REQUEST	injecteur 9	6		request_8	1462973440264	1462973440286	OK	 
REQUEST	injecteur 3	3		request_2	1462973440266	1462973440289	OK	 
REQUEST	injecteur 1	7		request_0	1462973440267	1462973440292	OK	 
REQUEST	injecteur 6	8		request_5	1462973440269	1462973440294	OK	 
REQUEST	injecteur 2	9		request_1	1462973440272	1462973440296	OK	 
REQUEST	injecteur 5	10		request_4	1462973440274	1462973440298	OK	 
REQUEST	injecteur 7	2		request_6	1462973440276	1462973440300	OK	 
REQUEST	injecteur 4	1		request_3	1462973440280	1462973440307	OK	 
REQUEST	injecteur 10	5		request_9	1462973440283	1462973440310	OK	 
REQUEST	injecteur 8	4		request_7	1462973440285	1462973440311	OK	 
REQUEST	injecteur 9	6		request_8	1462973440287	1462973440313	OK	 
REQUEST	injecteur 3	3		request_2	1462973440290	1462973440315	OK	 
REQUEST	injecteur 1	7		request_0	1462973440293	1462973440317	OK	 
REQUEST	injecteur 6	8		request_5	1462973440295	1462973440320	OK	 
REQUEST	injecteur 2	9		request_1	1462973440296	1462973440322	OK	 
REQUEST	injecteur 5	10		request_4	1462973440298	1462973440327	OK	 
REQUEST	injecteur 7	2		request_6	1462973440301	1462973440328	OK	 
REQUEST	injecteur 4	1		request_3	1462973440308	1462973440330	OK	 
REQUEST	injecteur 10	5		request_9	1462973440310	1462973440333	OK	 
REQUEST	injecteur 8	4		request_7	1462973440312	1462973440336	OK	 
REQUEST	injecteur 9	6		request_8	1462973440314	1462973440338	OK	 
REQUEST	injecteur 3	3		request_2	1462973440316	1462973440340	OK	 
REQUEST	injecteur 1	7		request_0	1462973440318	1462973440343	OK	 
REQUEST	injecteur 6	8		request_5	1462973440321	1462973440345	OK	 
REQUEST	injecteur 2	9		request_1	1462973440323	1462973440349	OK	 
REQUEST	injecteur 5	10		request_4	1462973440328	1462973440353	OK	 
REQUEST	injecteur 7	2		request_6	1462973440329	1462973440355	OK	 
REQUEST	injecteur 4	1		request_3	1462973440331	1462973440358	OK	 
REQUEST	injecteur 10	5		request_9	1462973440334	1462973440359	OK	 
REQUEST	injecteur 8	4		request_7	1462973440336	1462973440362	OK	 
REQUEST	injecteur 9	6		request_8	1462973440339	1462973440364	OK	 
REQUEST	injecteur 3	3		request_2	1462973440341	1462973440368	OK	 
REQUEST	injecteur 1	7		request_0	1462973440344	1462973440371	OK	 
REQUEST	injecteur 6	8		request_5	1462973440346	1462973440374	OK	 
REQUEST	injecteur 2	9		request_1	1462973440350	1462973440376	OK	 
REQUEST	injecteur 5	10		request_4	1462973440354	1462973440379	OK	 
REQUEST	injecteur 7	2		request_6	1462973440356	1462973440384	OK	 
REQUEST	injecteur 4	1		request_3	1462973440358	1462973440386	OK	 
REQUEST	injecteur 10	5		request_9	1462973440360	1462973440388	OK	 
REQUEST	injecteur 8	4		request_7	1462973440363	1462973440390	OK	 
REQUEST	injecteur 9	6		request_8	1462973440365	1462973440393	OK	 
REQUEST	injecteur 3	3		request_2	1462973440369	1462973440395	OK	 
REQUEST	injecteur 1	7		request_0	1462973440372	1462973440401	OK	 
REQUEST	injecteur 6	8		request_5	1462973440375	1462973440403	OK	 
REQUEST	injecteur 2	9		request_1	1462973440377	1462973440406	OK	 
REQUEST	injecteur 5	10		request_4	1462973440380	1462973440407	OK	 
REQUEST	injecteur 7	2		request_6	1462973440385	1462973440409	OK	 
REQUEST	injecteur 4	1		request_3	1462973440387	1462973440411	OK	 
REQUEST	injecteur 10	5		request_9	1462973440389	1462973440413	OK	 
REQUEST	injecteur 8	4		request_7	1462973440391	1462973440415	OK	 
REQUEST	injecteur 9	6		request_8	1462973440394	1462973440417	OK	 
REQUEST	injecteur 3	3		request_2	1462973440396	1462973440421	OK	 
REQUEST	injecteur 1	7		request_0	1462973440402	1462973440425	OK	 
REQUEST	injecteur 6	8		request_5	1462973440404	1462973440427	OK	 
REQUEST	injecteur 2	9		request_1	1462973440406	1462973440431	OK	 
REQUEST	injecteur 5	10		request_4	1462973440408	1462973440433	OK	 
REQUEST	injecteur 7	2		request_6	1462973440410	1462973440436	OK	 
REQUEST	injecteur 4	1		request_3	1462973440412	1462973440437	OK	 
REQUEST	injecteur 10	5		request_9	1462973440414	1462973440439	OK	 
REQUEST	injecteur 8	4		request_7	1462973440416	1462973440441	OK	 
REQUEST	injecteur 9	6		request_8	1462973440419	1462973440445	OK	 
REQUEST	injecteur 3	3		request_2	1462973440422	1462973440450	OK	 
REQUEST	injecteur 1	7		request_0	1462973440426	1462973440453	OK	 
REQUEST	injecteur 6	8		request_5	1462973440428	1462973440455	OK	 
REQUEST	injecteur 2	9		request_1	1462973440433	1462973440459	OK	 
REQUEST	injecteur 5	10		request_4	1462973440434	1462973440462	OK	 
REQUEST	injecteur 7	2		request_6	1462973440436	1462973440464	OK	 
REQUEST	injecteur 4	1		request_3	1462973440438	1462973440466	OK	 
REQUEST	injecteur 10	5		request_9	1462973440440	1462973440469	OK	 
REQUEST	injecteur 8	4		request_7	1462973440442	1462973440475	OK	 
REQUEST	injecteur 9	6		request_8	1462973440446	1462973440477	OK	 
REQUEST	injecteur 3	3		request_2	1462973440451	1462973440479	OK	 
REQUEST	injecteur 1	7		request_0	1462973440454	1462973440481	OK	 
REQUEST	injecteur 6	8		request_5	1462973440456	1462973440483	OK	 
REQUEST	injecteur 2	9		request_1	1462973440460	1462973440485	OK	 
REQUEST	injecteur 5	10		request_4	1462973440463	1462973440486	OK	 
REQUEST	injecteur 7	2		request_6	1462973440465	1462973440488	OK	 
REQUEST	injecteur 4	1		request_3	1462973440467	1462973440490	OK	 
REQUEST	injecteur 10	5		request_9	1462973440470	1462973440496	OK	 
REQUEST	injecteur 8	4		request_7	1462973440476	1462973440509	OK	 
REQUEST	injecteur 9	6		request_8	1462973440478	1462973440511	OK	 
REQUEST	injecteur 3	3		request_2	1462973440480	1462973440514	OK	 
REQUEST	injecteur 1	7		request_0	1462973440481	1462973440515	OK	 
REQUEST	injecteur 6	8		request_5	1462973440483	1462973440518	OK	 
REQUEST	injecteur 2	9		request_1	1462973440485	1462973440520	OK	 
REQUEST	injecteur 5	10		request_4	1462973440487	1462973440523	OK	 
REQUEST	injecteur 7	2		request_6	1462973440489	1462973440525	OK	 
REQUEST	injecteur 4	1		request_3	1462973440492	1462973440530	OK	 
REQUEST	injecteur 10	5		request_9	1462973440497	1462973440534	OK	 
REQUEST	injecteur 8	4		request_7	1462973440510	1462973440536	OK	 
REQUEST	injecteur 9	6		request_8	1462973440512	1462973440541	OK	 
REQUEST	injecteur 3	3		request_2	1462973440514	1462973440544	OK	 
REQUEST	injecteur 1	7		request_0	1462973440516	1462973440546	OK	 
REQUEST	injecteur 6	8		request_5	1462973440518	1462973440549	OK	 
REQUEST	injecteur 2	9		request_1	1462973440521	1462973440555	OK	 
REQUEST	injecteur 5	10		request_4	1462973440524	1462973440558	OK	 
REQUEST	injecteur 7	2		request_6	1462973440526	1462973440567	OK	 
REQUEST	injecteur 4	1		request_3	1462973440531	1462973440571	OK	 
REQUEST	injecteur 10	5		request_9	1462973440535	1462973440573	OK	 
REQUEST	injecteur 8	4		request_7	1462973440537	1462973440576	OK	 
REQUEST	injecteur 9	6		request_8	1462973440542	1462973440579	OK	 
REQUEST	injecteur 3	3		request_2	1462973440544	1462973440582	OK	 
REQUEST	injecteur 1	7		request_0	1462973440547	1462973440585	OK	 
REQUEST	injecteur 6	8		request_5	1462973440550	1462973440588	OK	 
REQUEST	injecteur 2	9		request_1	1462973440556	1462973440591	OK	 
REQUEST	injecteur 5	10		request_4	1462973440560	1462973440595	OK	 
REQUEST	injecteur 7	2		request_6	1462973440568	1462973440601	OK	 
REQUEST	injecteur 4	1		request_3	1462973440572	1462973440604	OK	 
REQUEST	injecteur 10	5		request_9	1462973440574	1462973440611	OK	 
REQUEST	injecteur 8	4		request_7	1462973440577	1462973440613	OK	 
REQUEST	injecteur 9	6		request_8	1462973440580	1462973440616	OK	 
REQUEST	injecteur 3	3		request_2	1462973440583	1462973440618	OK	 
REQUEST	injecteur 1	7		request_0	1462973440586	1462973440619	OK	 
REQUEST	injecteur 6	8		request_5	1462973440589	1462973440621	OK	 
REQUEST	injecteur 2	9		request_1	1462973440591	1462973440624	OK	 
REQUEST	injecteur 5	10		request_4	1462973440596	1462973440628	OK	 
REQUEST	injecteur 7	2		request_6	1462973440602	1462973440630	OK	 
REQUEST	injecteur 4	1		request_3	1462973440605	1462973440633	OK	 
REQUEST	injecteur 10	5		request_9	1462973440612	1462973440635	OK	 
REQUEST	injecteur 8	4		request_7	1462973440614	1462973440637	OK	 
REQUEST	injecteur 9	6		request_8	1462973440616	1462973440640	OK	 
REQUEST	injecteur 3	3		request_2	1462973440618	1462973440643	OK	 
REQUEST	injecteur 1	7		request_0	1462973440620	1462973440645	OK	 
REQUEST	injecteur 6	8		request_5	1462973440622	1462973440648	OK	 
REQUEST	injecteur 2	9		request_1	1462973440625	1462973440651	OK	 
REQUEST	injecteur 5	10		request_4	1462973440629	1462973440654	OK	 
REQUEST	injecteur 7	2		request_6	1462973440631	1462973440656	OK	 
REQUEST	injecteur 4	1		request_3	1462973440634	1462973440658	OK	 
REQUEST	injecteur 10	5		request_9	1462973440636	1462973440660	OK	 
REQUEST	injecteur 8	4		request_7	1462973440638	1462973440663	OK	 
REQUEST	injecteur 9	6		request_8	1462973440641	1462973440666	OK	 
REQUEST	injecteur 3	3		request_2	1462973440644	1462973440670	OK	 
REQUEST	injecteur 1	7		request_0	1462973440646	1462973440675	OK	 
REQUEST	injecteur 6	8		request_5	1462973440649	1462973440677	OK	 
REQUEST	injecteur 2	9		request_1	1462973440652	1462973440686	OK	 
REQUEST	injecteur 5	10		request_4	1462973440654	1462973440688	OK	 
REQUEST	injecteur 7	2		request_6	1462973440657	1462973440690	OK	 
REQUEST	injecteur 4	1		request_3	1462973440658	1462973440692	OK	 
REQUEST	injecteur 10	5		request_9	1462973440661	1462973440697	OK	 
REQUEST	injecteur 8	4		request_7	1462973440663	1462973440699	OK	 
REQUEST	injecteur 9	6		request_8	1462973440667	1462973440702	OK	 
REQUEST	injecteur 9	6		request_8	1462973440702	1462973440708	OK	 
REQUEST	injecteur 3	3		request_2	1462973440670	1462973440713	OK	 
REQUEST	injecteur 1	7		request_0	1462973440675	1462973440719	OK	 
REQUEST	injecteur 6	8		request_5	1462973440678	1462973440721	OK	 
REQUEST	injecteur 2	9		request_1	1462973440687	1462973440725	OK	 
REQUEST	injecteur 5	10		request_4	1462973440689	1462973440730	OK	 
REQUEST	injecteur 7	2		request_6	1462973440691	1462973440731	OK	 
REQUEST	injecteur 4	1		request_3	1462973440693	1462973440733	OK	 
REQUEST	injecteur 10	5		request_9	1462973440698	1462973440735	OK	 
REQUEST	injecteur 8	4		request_7	1462973440699	1462973440738	OK	 
REQUEST	injecteur 9	6		request_8	1462973440709	1462973440743	OK	 
REQUEST	injecteur 3	3		request_2	1462973440714	1462973440745	OK	 
REQUEST	injecteur 1	7		request_0	1462973440720	1462973440747	OK	 
REQUEST	injecteur 6	8		request_5	1462973440722	1462973440749	OK	 
REQUEST	injecteur 2	9		request_1	1462973440725	1462973440751	OK	 
REQUEST	injecteur 5	10		request_4	1462973440730	1462973440753	OK	 
REQUEST	injecteur 7	2		request_6	1462973440732	1462973440756	OK	 
REQUEST	injecteur 4	1		request_3	1462973440734	1462973440759	OK	 
REQUEST	injecteur 10	5		request_9	1462973440736	1462973440761	OK	 
REQUEST	injecteur 8	4		request_7	1462973440738	1462973440765	OK	 
REQUEST	injecteur 9	6		request_8	1462973440744	1462973440768	OK	 
REQUEST	injecteur 3	3		request_2	1462973440746	1462973440770	OK	 
REQUEST	injecteur 1	7		request_0	1462973440748	1462973440772	OK	 
REQUEST	injecteur 6	8		request_5	1462973440750	1462973440773	OK	 
REQUEST	injecteur 2	9		request_1	1462973440752	1462973440775	OK	 
REQUEST	injecteur 5	10		request_4	1462973440754	1462973440778	OK	 
REQUEST	injecteur 7	2		request_6	1462973440757	1462973440780	OK	 
REQUEST	injecteur 4	1		request_3	1462973440760	1462973440783	OK	 
REQUEST	injecteur 10	5		request_9	1462973440761	1462973440785	OK	 
REQUEST	injecteur 8	4		request_7	1462973440766	1462973440788	OK	 
REQUEST	injecteur 9	6		request_8	1462973440769	1462973440790	OK	 
REQUEST	injecteur 3	3		request_2	1462973440771	1462973440793	OK	 
REQUEST	injecteur 1	7		request_0	1462973440772	1462973440795	OK	 
REQUEST	injecteur 6	8		request_5	1462973440774	1462973440798	OK	 
REQUEST	injecteur 2	9		request_1	1462973440776	1462973440801	OK	 
REQUEST	injecteur 5	10		request_4	1462973440779	1462973440804	OK	 
REQUEST	injecteur 7	2		request_6	1462973440780	1462973440808	OK	 
REQUEST	injecteur 4	1		request_3	1462973440783	1462973440811	OK	 
REQUEST	injecteur 10	5		request_9	1462973440786	1462973440813	OK	 
REQUEST	injecteur 8	4		request_7	1462973440789	1462973440814	OK	 
REQUEST	injecteur 9	6		request_8	1462973440792	1462973440817	OK	 
REQUEST	injecteur 3	3		request_2	1462973440794	1462973440819	OK	 
REQUEST	injecteur 1	7		request_0	1462973440796	1462973440821	OK	 
REQUEST	injecteur 6	8		request_5	1462973440799	1462973440823	OK	 
REQUEST	injecteur 2	9		request_1	1462973440802	1462973440825	OK	 
REQUEST	injecteur 5	10		request_4	1462973440805	1462973440828	OK	 
REQUEST	injecteur 7	2		request_6	1462973440809	1462973440832	OK	 
REQUEST	injecteur 4	1		request_3	1462973440812	1462973440834	OK	 
REQUEST	injecteur 10	5		request_9	1462973440813	1462973440836	OK	 
REQUEST	injecteur 8	4		request_7	1462973440815	1462973440838	OK	 
REQUEST	injecteur 9	6		request_8	1462973440818	1462973440840	OK	 
REQUEST	injecteur 3	3		request_2	1462973440820	1462973440842	OK	 
REQUEST	injecteur 1	7		request_0	1462973440822	1462973440844	OK	 
REQUEST	injecteur 6	8		request_5	1462973440824	1462973440845	OK	 
REQUEST	injecteur 2	9		request_1	1462973440826	1462973440848	OK	 
REQUEST	injecteur 5	10		request_4	1462973440829	1462973440851	OK	 
REQUEST	injecteur 7	2		request_6	1462973440832	1462973440854	OK	 
REQUEST	injecteur 4	1		request_3	1462973440835	1462973440855	OK	 
REQUEST	injecteur 10	5		request_9	1462973440837	1462973440857	OK	 
REQUEST	injecteur 8	4		request_7	1462973440839	1462973440859	OK	 
REQUEST	injecteur 9	6		request_8	1462973440841	1462973440860	OK	 
REQUEST	injecteur 3	3		request_2	1462973440843	1462973440862	OK	 
REQUEST	injecteur 6	8		request_5	1462973440846	1462973440872	OK	 
REQUEST	injecteur 1	7		request_0	1462973440844	1462973440875	OK	 
REQUEST	injecteur 2	9		request_1	1462973440849	1462973440876	OK	 
REQUEST	injecteur 5	10		request_4	1462973440852	1462973440880	OK	 
REQUEST	injecteur 7	2		request_6	1462973440855	1462973440883	OK	 
REQUEST	injecteur 4	1		request_3	1462973440856	1462973440885	OK	 
REQUEST	injecteur 10	5		request_9	1462973440858	1462973440887	OK	 
REQUEST	injecteur 8	4		request_7	1462973440859	1462973440889	OK	 
REQUEST	injecteur 9	6		request_8	1462973440861	1462973440890	OK	 
REQUEST	injecteur 3	3		request_2	1462973440863	1462973440893	OK	 
REQUEST	injecteur 6	8		request_5	1462973440873	1462973440895	OK	 
REQUEST	injecteur 1	7		request_0	1462973440876	1462973440900	OK	 
REQUEST	injecteur 2	9		request_1	1462973440877	1462973440903	OK	 
REQUEST	injecteur 5	10		request_4	1462973440881	1462973440908	OK	 
REQUEST	injecteur 7	2		request_6	1462973440883	1462973440912	OK	 
REQUEST	injecteur 4	1		request_3	1462973440886	1462973440918	OK	 
REQUEST	injecteur 10	5		request_9	1462973440887	1462973440919	OK	 
REQUEST	injecteur 2	9		request_1	1462973440904	1462973440928	OK	 
REQUEST	injecteur 8	4		request_7	1462973440889	1462973440930	OK	 
REQUEST	injecteur 9	6		request_8	1462973440891	1462973440933	OK	 
REQUEST	injecteur 3	3		request_2	1462973440894	1462973440936	OK	 
REQUEST	injecteur 6	8		request_5	1462973440896	1462973440938	OK	 
REQUEST	injecteur 1	7		request_0	1462973440901	1462973440941	OK	 
REQUEST	injecteur 5	10		request_4	1462973440908	1462973440944	OK	 
REQUEST	injecteur 7	2		request_6	1462973440913	1462973440946	OK	 
REQUEST	injecteur 10	5		request_9	1462973440920	1462973440952	OK	 
REQUEST	injecteur 4	1		request_3	1462973440923	1462973440954	OK	 
REQUEST	injecteur 2	9		request_1	1462973440929	1462973440960	OK	 
REQUEST	injecteur 8	4		request_7	1462973440931	1462973440962	OK	 
REQUEST	injecteur 9	6		request_8	1462973440934	1462973440965	OK	 
REQUEST	injecteur 3	3		request_2	1462973440937	1462973440966	OK	 
REQUEST	injecteur 6	8		request_5	1462973440939	1462973440968	OK	 
REQUEST	injecteur 1	7		request_0	1462973440942	1462973440969	OK	 
REQUEST	injecteur 5	10		request_4	1462973440945	1462973440971	OK	 
REQUEST	injecteur 7	2		request_6	1462973440947	1462973440973	OK	 
REQUEST	injecteur 10	5		request_9	1462973440953	1462973440977	OK	 
REQUEST	injecteur 4	1		request_3	1462973440955	1462973440979	OK	 
REQUEST	injecteur 2	9		request_1	1462973440961	1462973440981	OK	 
REQUEST	injecteur 8	4		request_7	1462973440963	1462973440983	OK	 
REQUEST	injecteur 9	6		request_8	1462973440965	1462973440985	OK	 
REQUEST	injecteur 3	3		request_2	1462973440967	1462973440987	OK	 
REQUEST	injecteur 6	8		request_5	1462973440968	1462973440989	OK	 
REQUEST	injecteur 1	7		request_0	1462973440970	1462973440992	OK	 
REQUEST	injecteur 5	10		request_4	1462973440971	1462973440996	OK	 
REQUEST	injecteur 7	2		request_6	1462973440974	1462973440999	OK	 
REQUEST	injecteur 10	5		request_9	1462973440978	1462973441002	OK	 
REQUEST	injecteur 4	1		request_3	1462973440980	1462973441004	OK	 
REQUEST	injecteur 2	9		request_1	1462973440982	1462973441006	OK	 
REQUEST	injecteur 8	4		request_7	1462973440984	1462973441008	OK	 
REQUEST	injecteur 3	3		request_2	1462973440988	1462973441012	OK	 
REQUEST	injecteur 9	6		request_8	1462973440986	1462973441013	OK	 
REQUEST	injecteur 6	8		request_5	1462973440990	1462973441021	OK	 
REQUEST	injecteur 3	3		request_2	1462973441013	1462973441028	OK	 
REQUEST	injecteur 1	7		request_0	1462973440993	1462973441030	OK	 
REQUEST	injecteur 5	10		request_4	1462973440997	1462973441044	OK	 
REQUEST	injecteur 7	2		request_6	1462973441000	1462973441046	OK	 
REQUEST	injecteur 10	5		request_9	1462973441002	1462973441049	OK	 
REQUEST	injecteur 8	4		request_7	1462973441008	1462973441059	OK	 
REQUEST	injecteur 9	6		request_8	1462973441013	1462973441061	OK	 
REQUEST	injecteur 4	1		request_3	1462973441004	1462973441062	OK	 
REQUEST	injecteur 2	9		request_1	1462973441006	1462973441064	OK	 
REQUEST	injecteur 6	8		request_5	1462973441022	1462973441075	OK	 
REQUEST	injecteur 3	3		request_2	1462973441029	1462973441078	OK	 
REQUEST	injecteur 1	7		request_0	1462973441031	1462973441080	OK	 
REQUEST	injecteur 5	10		request_4	1462973441044	1462973441089	OK	 
REQUEST	injecteur 7	2		request_6	1462973441048	1462973441090	OK	 
REQUEST	injecteur 10	5		request_9	1462973441050	1462973441092	OK	 
REQUEST	injecteur 8	4		request_7	1462973441060	1462973441095	OK	 
REQUEST	injecteur 9	6		request_8	1462973441062	1462973441097	OK	 
REQUEST	injecteur 4	1		request_3	1462973441063	1462973441099	OK	 
REQUEST	injecteur 2	9		request_1	1462973441065	1462973441101	OK	 
REQUEST	injecteur 6	8		request_5	1462973441076	1462973441106	OK	 
REQUEST	injecteur 3	3		request_2	1462973441079	1462973441108	OK	 
REQUEST	injecteur 1	7		request_0	1462973441080	1462973441110	OK	 
REQUEST	injecteur 5	10		request_4	1462973441089	1462973441113	OK	 
REQUEST	injecteur 7	2		request_6	1462973441091	1462973441116	OK	 
REQUEST	injecteur 10	5		request_9	1462973441092	1462973441118	OK	 
REQUEST	injecteur 8	4		request_7	1462973441096	1462973441121	OK	 
REQUEST	injecteur 9	6		request_8	1462973441097	1462973441123	OK	 
REQUEST	injecteur 4	1		request_3	1462973441100	1462973441124	OK	 
REQUEST	injecteur 2	9		request_1	1462973441102	1462973441126	OK	 
REQUEST	injecteur 6	8		request_5	1462973441106	1462973441127	OK	 
REQUEST	injecteur 3	3		request_2	1462973441109	1462973441129	OK	 
REQUEST	injecteur 1	7		request_0	1462973441111	1462973441132	OK	 
REQUEST	injecteur 5	10		request_4	1462973441114	1462973441139	OK	 
REQUEST	injecteur 7	2		request_6	1462973441116	1462973441142	OK	 
REQUEST	injecteur 10	5		request_9	1462973441119	1462973441144	OK	 
REQUEST	injecteur 8	4		request_7	1462973441122	1462973441148	OK	 
REQUEST	injecteur 9	6		request_8	1462973441123	1462973441151	OK	 
REQUEST	injecteur 4	1		request_3	1462973441125	1462973441153	OK	 
REQUEST	injecteur 2	9		request_1	1462973441126	1462973441158	OK	 
REQUEST	injecteur 6	8		request_5	1462973441128	1462973441161	OK	 
REQUEST	injecteur 3	3		request_2	1462973441130	1462973441164	OK	 
REQUEST	injecteur 1	7		request_0	1462973441133	1462973441174	OK	 
REQUEST	injecteur 5	10		request_4	1462973441139	1462973441176	OK	 
REQUEST	injecteur 7	2		request_6	1462973441143	1462973441178	OK	 
REQUEST	injecteur 10	5		request_9	1462973441145	1462973441180	OK	 
REQUEST	injecteur 8	4		request_7	1462973441150	1462973441182	OK	 
REQUEST	injecteur 9	6		request_8	1462973441151	1462973441186	OK	 
REQUEST	injecteur 4	1		request_3	1462973441154	1462973441187	OK	 
REQUEST	injecteur 2	9		request_1	1462973441158	1462973441190	OK	 
REQUEST	injecteur 6	8		request_5	1462973441162	1462973441192	OK	 
REQUEST	injecteur 3	3		request_2	1462973441165	1462973441199	OK	 
REQUEST	injecteur 1	7		request_0	1462973441175	1462973441203	OK	 
REQUEST	injecteur 5	10		request_4	1462973441177	1462973441205	OK	 
REQUEST	injecteur 7	2		request_6	1462973441179	1462973441207	OK	 
REQUEST	injecteur 10	5		request_9	1462973441181	1462973441208	OK	 
REQUEST	injecteur 8	4		request_7	1462973441183	1462973441210	OK	 
REQUEST	injecteur 9	6		request_8	1462973441187	1462973441212	OK	 
REQUEST	injecteur 4	1		request_3	1462973441188	1462973441214	OK	 
REQUEST	injecteur 2	9		request_1	1462973441191	1462973441216	OK	 
REQUEST	injecteur 6	8		request_5	1462973441193	1462973441224	OK	 
REQUEST	injecteur 3	3		request_2	1462973441200	1462973441228	OK	 
REQUEST	injecteur 1	7		request_0	1462973441204	1462973441231	OK	 
REQUEST	injecteur 5	10		request_4	1462973441206	1462973441232	OK	 
REQUEST	injecteur 7	2		request_6	1462973441207	1462973441234	OK	 
REQUEST	injecteur 10	5		request_9	1462973441209	1462973441237	OK	 
REQUEST	injecteur 8	4		request_7	1462973441210	1462973441239	OK	 
REQUEST	injecteur 9	6		request_8	1462973441213	1462973441241	OK	 
REQUEST	injecteur 4	1		request_3	1462973441215	1462973441243	OK	 
REQUEST	injecteur 2	9		request_1	1462973441216	1462973441247	OK	 
REQUEST	injecteur 6	8		request_5	1462973441225	1462973441248	OK	 
REQUEST	injecteur 3	3		request_2	1462973441229	1462973441250	OK	 
REQUEST	injecteur 1	7		request_0	1462973441231	1462973441252	OK	 
REQUEST	injecteur 5	10		request_4	1462973441233	1462973441253	OK	 
REQUEST	injecteur 7	2		request_6	1462973441235	1462973441255	OK	 
REQUEST	injecteur 10	5		request_9	1462973441238	1462973441257	OK	 
REQUEST	injecteur 8	4		request_7	1462973441240	1462973441258	OK	 
REQUEST	injecteur 9	6		request_8	1462973441242	1462973441260	OK	 
REQUEST	injecteur 4	1		request_3	1462973441244	1462973441262	OK	 
REQUEST	injecteur 2	9		request_1	1462973441248	1462973441266	OK	 
REQUEST	injecteur 6	8		request_5	1462973441249	1462973441268	OK	 
REQUEST	injecteur 3	3		request_2	1462973441251	1462973441270	OK	 
REQUEST	injecteur 1	7		request_0	1462973441252	1462973441273	OK	 
REQUEST	injecteur 5	10		request_4	1462973441254	1462973441274	OK	 
REQUEST	injecteur 7	2		request_6	1462973441256	1462973441276	OK	 
REQUEST	injecteur 10	5		request_9	1462973441257	1462973441278	OK	 
REQUEST	injecteur 8	4		request_7	1462973441259	1462973441281	OK	 
REQUEST	injecteur 9	6		request_8	1462973441261	1462973441283	OK	 
REQUEST	injecteur 4	1		request_3	1462973441263	1462973441286	OK	 
REQUEST	injecteur 2	9		request_1	1462973441266	1462973441289	OK	 
REQUEST	injecteur 6	8		request_5	1462973441269	1462973441291	OK	 
REQUEST	injecteur 3	3		request_2	1462973441271	1462973441293	OK	 
REQUEST	injecteur 1	7		request_0	1462973441273	1462973441295	OK	 
REQUEST	injecteur 5	10		request_4	1462973441275	1462973441297	OK	 
REQUEST	injecteur 7	2		request_6	1462973441277	1462973441299	OK	 
REQUEST	injecteur 10	5		request_9	1462973441279	1462973441306	OK	 
REQUEST	injecteur 8	4		request_7	1462973441282	1462973441310	OK	 
REQUEST	injecteur 9	6		request_8	1462973441283	1462973441312	OK	 
REQUEST	injecteur 4	1		request_3	1462973441287	1462973441314	OK	 
REQUEST	injecteur 2	9		request_1	1462973441290	1462973441321	OK	 
REQUEST	injecteur 6	8		request_5	1462973441292	1462973441323	OK	 
REQUEST	injecteur 3	3		request_2	1462973441294	1462973441324	OK	 
REQUEST	injecteur 1	7		request_0	1462973441296	1462973441326	OK	 
REQUEST	injecteur 5	10		request_4	1462973441297	1462973441327	OK	 
REQUEST	injecteur 7	2		request_6	1462973441299	1462973441333	OK	 
REQUEST	injecteur 10	5		request_9	1462973441307	1462973441340	OK	 
REQUEST	injecteur 9	6		request_8	1462973441313	1462973441348	OK	 
REQUEST	injecteur 4	1		request_3	1462973441315	1462973441351	OK	 
REQUEST	injecteur 2	9		request_1	1462973441322	1462973441356	OK	 
REQUEST	injecteur 8	4		request_7	1462973441310	1462973441358	OK	 
REQUEST	injecteur 6	8		request_5	1462973441324	1462973441361	OK	 
REQUEST	injecteur 3	3		request_2	1462973441324	1462973441364	OK	 
REQUEST	injecteur 10	5		request_9	1462973441342	1462973441372	OK	 
REQUEST	injecteur 4	1		request_3	1462973441352	1462973441376	OK	 
REQUEST	injecteur 2	9		request_1	1462973441357	1462973441379	OK	 
REQUEST	injecteur 1	7		request_0	1462973441326	1462973441385	OK	 
REQUEST	injecteur 5	10		request_4	1462973441328	1462973441388	OK	 
REQUEST	injecteur 7	2		request_6	1462973441335	1462973441396	OK	 
REQUEST	injecteur 9	6		request_8	1462973441348	1462973441398	OK	 
REQUEST	injecteur 8	4		request_7	1462973441358	1462973441404	OK	 
REQUEST	injecteur 10	5		request_9	1462973441373	1462973441405	OK	 
REQUEST	injecteur 6	8		request_5	1462973441362	1462973441406	OK	 
REQUEST	injecteur 4	1		request_3	1462973441376	1462973441409	OK	 
REQUEST	injecteur 2	9		request_1	1462973441380	1462973441415	OK	 
REQUEST	injecteur 5	10		request_4	1462973441389	1462973441428	OK	 
REQUEST	injecteur 7	2		request_6	1462973441397	1462973441432	OK	 
REQUEST	injecteur 10	5		request_9	1462973441405	1462973441434	OK	 
REQUEST	injecteur 4	1		request_3	1462973441409	1462973441439	OK	 
REQUEST	injecteur 3	3		request_2	1462973441365	1462973441440	OK	 
REQUEST	injecteur 1	7		request_0	1462973441386	1462973441441	OK	 
REQUEST	injecteur 9	6		request_8	1462973441399	1462973441451	OK	 
REQUEST	injecteur 2	9		request_1	1462973441419	1462973441455	OK	 
REQUEST	injecteur 8	4		request_7	1462973441405	1462973441457	OK	 
REQUEST	injecteur 5	10		request_4	1462973441428	1462973441458	OK	 
REQUEST	injecteur 6	8		request_5	1462973441407	1462973441459	OK	 
REQUEST	injecteur 10	5		request_9	1462973441435	1462973441461	OK	 
REQUEST	injecteur 4	1		request_3	1462973441440	1462973441465	OK	 
REQUEST	injecteur 7	2		request_6	1462973441433	1462973441472	OK	 
REQUEST	injecteur 3	3		request_2	1462973441440	1462973441476	OK	 
REQUEST	injecteur 1	7		request_0	1462973441442	1462973441478	OK	 
REQUEST	injecteur 9	6		request_8	1462973441451	1462973441480	OK	 
REQUEST	injecteur 2	9		request_1	1462973441455	1462973441482	OK	 
REQUEST	injecteur 8	4		request_7	1462973441458	1462973441488	OK	 
REQUEST	injecteur 6	8		request_5	1462973441459	1462973441489	OK	 
REQUEST	injecteur 10	5		request_9	1462973441462	1462973441490	OK	 
REQUEST	injecteur 7	2		request_6	1462973441472	1462973441495	OK	 
REQUEST	injecteur 5	10		request_4	1462973441459	1462973441500	OK	 
REQUEST	injecteur 9	6		request_8	1462973441481	1462973441502	OK	 
REQUEST	injecteur 4	1		request_3	1462973441466	1462973441518	OK	 
REQUEST	injecteur 3	3		request_2	1462973441476	1462973441524	OK	 
REQUEST	injecteur 1	7		request_0	1462973441479	1462973441529	OK	 
REQUEST	injecteur 3	3		request_2	1462973441525	1462973441534	OK	 
REQUEST	injecteur 2	9		request_1	1462973441486	1462973441536	OK	 
REQUEST	injecteur 8	4		request_7	1462973441489	1462973441539	OK	 
REQUEST	injecteur 6	8		request_5	1462973441490	1462973441542	OK	 
REQUEST	injecteur 10	5		request_9	1462973441491	1462973441544	OK	 
REQUEST	injecteur 7	2		request_6	1462973441499	1462973441546	OK	 
REQUEST	injecteur 5	10		request_4	1462973441501	1462973441547	OK	 
REQUEST	injecteur 9	6		request_8	1462973441502	1462973441550	OK	 
REQUEST	injecteur 4	1		request_3	1462973441518	1462973441555	OK	 
REQUEST	injecteur 4	1		request_3	1462973441556	1462973441560	OK	 
REQUEST	injecteur 1	7		request_0	1462973441530	1462973441562	OK	 
REQUEST	injecteur 3	3		request_2	1462973441535	1462973441568	OK	 
REQUEST	injecteur 2	9		request_1	1462973441537	1462973441572	OK	 
REQUEST	injecteur 8	4		request_7	1462973441540	1462973441574	OK	 
REQUEST	injecteur 6	8		request_5	1462973441543	1462973441576	OK	 
REQUEST	injecteur 10	5		request_9	1462973441545	1462973441578	OK	 
REQUEST	injecteur 7	2		request_6	1462973441546	1462973441579	OK	 
REQUEST	injecteur 5	10		request_4	1462973441548	1462973441583	OK	 
REQUEST	injecteur 9	6		request_8	1462973441552	1462973441585	OK	 
REQUEST	injecteur 4	1		request_3	1462973441561	1462973441588	OK	 
REQUEST	injecteur 1	7		request_0	1462973441563	1462973441589	OK	 
REQUEST	injecteur 3	3		request_2	1462973441569	1462973441592	OK	 
REQUEST	injecteur 2	9		request_1	1462973441572	1462973441594	OK	 
REQUEST	injecteur 8	4		request_7	1462973441575	1462973441596	OK	 
REQUEST	injecteur 6	8		request_5	1462973441577	1462973441597	OK	 
REQUEST	injecteur 10	5		request_9	1462973441578	1462973441600	OK	 
REQUEST	injecteur 7	2		request_6	1462973441580	1462973441604	OK	 
REQUEST	injecteur 10	5		request_9	1462973441600	1462973441607	OK	 
REQUEST	injecteur 5	10		request_4	1462973441584	1462973441609	OK	 
REQUEST	injecteur 9	6		request_8	1462973441585	1462973441612	OK	 
REQUEST	injecteur 4	1		request_3	1462973441588	1462973441615	OK	 
REQUEST	injecteur 1	7		request_0	1462973441590	1462973441618	OK	 
REQUEST	injecteur 3	3		request_2	1462973441592	1462973441619	OK	 
REQUEST	injecteur 2	9		request_1	1462973441594	1462973441621	OK	 
REQUEST	injecteur 8	4		request_7	1462973441596	1462973441622	OK	 
REQUEST	injecteur 6	8		request_5	1462973441598	1462973441624	OK	 
REQUEST	injecteur 7	2		request_6	1462973441605	1462973441627	OK	 
REQUEST	injecteur 10	5		request_9	1462973441608	1462973441630	OK	 
REQUEST	injecteur 5	10		request_4	1462973441609	1462973441632	OK	 
REQUEST	injecteur 9	6		request_8	1462973441613	1462973441636	OK	 
REQUEST	injecteur 4	1		request_3	1462973441616	1462973441639	OK	 
REQUEST	injecteur 1	7		request_0	1462973441618	1462973441640	OK	 
REQUEST	injecteur 3	3		request_2	1462973441620	1462973441642	OK	 
REQUEST	injecteur 2	9		request_1	1462973441621	1462973441644	OK	 
REQUEST	injecteur 8	4		request_7	1462973441623	1462973441646	OK	 
REQUEST	injecteur 6	8		request_5	1462973441625	1462973441652	OK	 
REQUEST	injecteur 7	2		request_6	1462973441628	1462973441655	OK	 
REQUEST	injecteur 10	5		request_9	1462973441631	1462973441659	OK	 
REQUEST	injecteur 5	10		request_4	1462973441633	1462973441661	OK	 
REQUEST	injecteur 9	6		request_8	1462973441637	1462973441663	OK	 
REQUEST	injecteur 4	1		request_3	1462973441639	1462973441664	OK	 
REQUEST	injecteur 1	7		request_0	1462973441641	1462973441666	OK	 
REQUEST	injecteur 3	3		request_2	1462973441642	1462973441668	OK	 
REQUEST	injecteur 2	9		request_1	1462973441644	1462973441670	OK	 
REQUEST	injecteur 8	4		request_7	1462973441646	1462973441673	OK	 
REQUEST	injecteur 6	8		request_5	1462973441653	1462973441676	OK	 
REQUEST	injecteur 7	2		request_6	1462973441656	1462973441679	OK	 
REQUEST	injecteur 10	5		request_9	1462973441660	1462973441681	OK	 
REQUEST	injecteur 5	10		request_4	1462973441662	1462973441686	OK	 
REQUEST	injecteur 9	6		request_8	1462973441663	1462973441688	OK	 
REQUEST	injecteur 4	1		request_3	1462973441665	1462973441690	OK	 
REQUEST	injecteur 1	7		request_0	1462973441667	1462973441694	OK	 
REQUEST	injecteur 3	3		request_2	1462973441669	1462973441696	OK	 
REQUEST	injecteur 2	9		request_1	1462973441671	1462973441703	OK	 
REQUEST	injecteur 8	4		request_7	1462973441674	1462973441706	OK	 
REQUEST	injecteur 6	8		request_5	1462973441677	1462973441709	OK	 
REQUEST	injecteur 7	2		request_6	1462973441680	1462973441712	OK	 
REQUEST	injecteur 5	10		request_4	1462973441687	1462973441716	OK	 
REQUEST	injecteur 9	6		request_8	1462973441689	1462973441719	OK	 
REQUEST	injecteur 1	7		request_0	1462973441694	1462973441723	OK	 
REQUEST	injecteur 10	5		request_9	1462973441682	1462973441725	OK	 
REQUEST	injecteur 4	1		request_3	1462973441692	1462973441729	OK	 
REQUEST	injecteur 3	3		request_2	1462973441697	1462973441739	OK	 
REQUEST	injecteur 2	9		request_1	1462973441704	1462973441741	OK	 
REQUEST	injecteur 8	4		request_7	1462973441706	1462973441743	OK	 
REQUEST	injecteur 6	8		request_5	1462973441710	1462973441745	OK	 
REQUEST	injecteur 7	2		request_6	1462973441713	1462973441747	OK	 
REQUEST	injecteur 5	10		request_4	1462973441717	1462973441750	OK	 
REQUEST	injecteur 9	6		request_8	1462973441720	1462973441759	OK	 
REQUEST	injecteur 10	5		request_9	1462973441726	1462973441761	OK	 
REQUEST	injecteur 1	7		request_0	1462973441724	1462973441765	OK	 
REQUEST	injecteur 4	1		request_3	1462973441729	1462973441776	OK	 
REQUEST	injecteur 3	3		request_2	1462973441740	1462973441781	OK	 
REQUEST	injecteur 2	9		request_1	1462973441742	1462973441783	OK	 
REQUEST	injecteur 7	2		request_6	1462973441748	1462973441790	OK	 
REQUEST	injecteur 5	10		request_4	1462973441750	1462973441792	OK	 
REQUEST	injecteur 10	5		request_9	1462973441762	1462973441794	OK	 
REQUEST	injecteur 4	1		request_3	1462973441777	1462973441798	OK	 
REQUEST	injecteur 8	4		request_7	1462973441744	1462973441800	OK	 
REQUEST	injecteur 6	8		request_5	1462973441746	1462973441801	OK	 
REQUEST	injecteur 2	9		request_1	1462973441784	1462973441801	OK	 
REQUEST	injecteur 9	6		request_8	1462973441760	1462973441804	OK	 
REQUEST	injecteur 1	7		request_0	1462973441765	1462973441806	OK	 
REQUEST	injecteur 3	3		request_2	1462973441782	1462973441809	OK	 
REQUEST	injecteur 7	2		request_6	1462973441790	1462973441811	OK	 
REQUEST	injecteur 10	5		request_9	1462973441795	1462973441813	OK	 
REQUEST	injecteur 4	1		request_3	1462973441798	1462973441815	OK	 
REQUEST	injecteur 2	9		request_1	1462973441802	1462973441816	OK	 
REQUEST	injecteur 5	10		request_4	1462973441792	1462973441818	OK	 
REQUEST	injecteur 8	4		request_7	1462973441800	1462973441819	OK	 
REQUEST	injecteur 6	8		request_5	1462973441802	1462973441821	OK	 
REQUEST	injecteur 9	6		request_8	1462973441805	1462973441823	OK	 
REQUEST	injecteur 1	7		request_0	1462973441807	1462973441824	OK	 
REQUEST	injecteur 3	3		request_2	1462973441810	1462973441828	OK	 
REQUEST	injecteur 7	2		request_6	1462973441812	1462973441833	OK	 
REQUEST	injecteur 10	5		request_9	1462973441813	1462973441835	OK	 
REQUEST	injecteur 4	1		request_3	1462973441815	1462973441839	OK	 
REQUEST	injecteur 2	9		request_1	1462973441817	1462973441841	OK	 
REQUEST	injecteur 5	10		request_4	1462973441819	1462973441842	OK	 
REQUEST	injecteur 8	4		request_7	1462973441820	1462973441844	OK	 
REQUEST	injecteur 6	8		request_5	1462973441822	1462973441846	OK	 
REQUEST	injecteur 9	6		request_8	1462973441823	1462973441848	OK	 
REQUEST	injecteur 1	7		request_0	1462973441825	1462973441851	OK	 
REQUEST	injecteur 10	5		request_9	1462973441836	1462973441857	OK	 
REQUEST	injecteur 3	3		request_2	1462973441829	1462973441860	OK	 
REQUEST	injecteur 7	2		request_6	1462973441836	1462973441862	OK	 
REQUEST	injecteur 4	1		request_3	1462973441839	1462973441865	OK	 
REQUEST	injecteur 2	9		request_1	1462973441841	1462973441867	OK	 
REQUEST	injecteur 5	10		request_4	1462973441843	1462973441869	OK	 
REQUEST	injecteur 9	6		request_8	1462973441849	1462973441875	OK	 
REQUEST	injecteur 1	7		request_0	1462973441852	1462973441876	OK	 
REQUEST	injecteur 8	4		request_7	1462973441845	1462973441879	OK	 
REQUEST	injecteur 6	8		request_5	1462973441847	1462973441879	OK	 
REQUEST	injecteur 1	7		request_0	1462973441877	1462973441886	OK	 
REQUEST	injecteur 10	5		request_9	1462973441858	1462973441891	OK	 
REQUEST	injecteur 3	3		request_2	1462973441861	1462973441893	OK	 
REQUEST	injecteur 7	2		request_6	1462973441863	1462973441895	OK	 
REQUEST	injecteur 4	1		request_3	1462973441865	1462973441897	OK	 
REQUEST	injecteur 2	9		request_1	1462973441869	1462973441898	OK	 
REQUEST	injecteur 5	10		request_4	1462973441870	1462973441900	OK	 
REQUEST	injecteur 9	6		request_8	1462973441875	1462973441903	OK	 
REQUEST	injecteur 6	8		request_5	1462973441879	1462973441905	OK	 
REQUEST	injecteur 8	4		request_7	1462973441879	1462973441907	OK	 
REQUEST	injecteur 1	7		request_0	1462973441887	1462973441915	OK	 
REQUEST	injecteur 10	5		request_9	1462973441891	1462973441917	OK	 
REQUEST	injecteur 3	3		request_2	1462973441893	1462973441919	OK	 
REQUEST	injecteur 7	2		request_6	1462973441895	1462973441921	OK	 
REQUEST	injecteur 4	1		request_3	1462973441897	1462973441923	OK	 
REQUEST	injecteur 2	9		request_1	1462973441899	1462973441925	OK	 
REQUEST	injecteur 5	10		request_4	1462973441901	1462973441926	OK	 
REQUEST	injecteur 9	6		request_8	1462973441903	1462973441928	OK	 
REQUEST	injecteur 6	8		request_5	1462973441905	1462973441929	OK	 
REQUEST	injecteur 8	4		request_7	1462973441908	1462973441932	OK	 
REQUEST	injecteur 1	7		request_0	1462973441916	1462973441934	OK	 
REQUEST	injecteur 10	5		request_9	1462973441917	1462973441936	OK	 
REQUEST	injecteur 3	3		request_2	1462973441919	1462973441937	OK	 
