ASSERTION	AAMBAAMDBABk
RUN	InjectionsAndVerifications		injectionsandverifications	1462967220201	 	2.0
USER	injecteur 4	1	START	1462967221346	1462967221346
USER	injecteur 7	2	START	1462967221405	1462967221405
USER	injecteur 3	3	START	1462967221407	1462967221407
USER	injecteur 8	4	START	1462967221412	1462967221412
USER	injecteur 10	5	START	1462967221416	1462967221416
USER	injecteur 9	6	START	1462967221420	1462967221420
USER	injecteur 1	7	START	1462967221422	1462967221422
USER	injecteur 6	8	START	1462967221424	1462967221424
USER	injecteur 2	9	START	1462967221427	1462967221427
USER	injecteur 5	10	START	1462967221437	1462967221437
REQUEST	injecteur 1	7		request_0	1462967221423	1462967221525	OK	 
REQUEST	injecteur 7	2		request_6	1462967221405	1462967221494	OK	 
REQUEST	injecteur 8	4		request_7	1462967221415	1462967221532	OK	 
REQUEST	injecteur 4	1		request_3	1462967221396	1462967221479	OK	 
REQUEST	injecteur 3	3		request_2	1462967221411	1462967221523	OK	 
REQUEST	injecteur 6	8		request_5	1462967221425	1462967221546	OK	 
REQUEST	injecteur 10	5		request_9	1462967221417	1462967221548	OK	 
REQUEST	injecteur 2	9		request_1	1462967221428	1462967221550	OK	 
REQUEST	injecteur 9	6		request_8	1462967221421	1462967221554	OK	 
REQUEST	injecteur 5	10		request_4	1462967221440	1462967221562	OK	 
REQUEST	injecteur 7	2		request_6	1462967221549	1462967221569	OK	 
REQUEST	injecteur 3	3		request_2	1462967221546	1462967221571	OK	 
REQUEST	injecteur 4	1		request_3	1462967221549	1462967221580	OK	 
REQUEST	injecteur 8	4		request_7	1462967221552	1462967221580	OK	 
REQUEST	injecteur 10	5		request_9	1462967221550	1462967221582	OK	 
REQUEST	injecteur 6	8		request_5	1462967221560	1462967221586	OK	 
REQUEST	injecteur 1	7		request_0	1462967221549	1462967221588	OK	 
REQUEST	injecteur 2	9		request_1	1462967221552	1462967221593	OK	 
REQUEST	injecteur 8	4		request_7	1462967221581	1462967221595	OK	 
REQUEST	injecteur 6	8		request_5	1462967221587	1462967221600	OK	 
REQUEST	injecteur 5	10		request_4	1462967221564	1462967221610	OK	 
REQUEST	injecteur 9	6		request_8	1462967221562	1462967221614	OK	 
REQUEST	injecteur 7	2		request_6	1462967221570	1462967221617	OK	 
REQUEST	injecteur 3	3		request_2	1462967221575	1462967221624	OK	 
REQUEST	injecteur 4	1		request_3	1462967221581	1462967221627	OK	 
REQUEST	injecteur 10	5		request_9	1462967221583	1462967221630	OK	 
REQUEST	injecteur 1	7		request_0	1462967221589	1462967221635	OK	 
REQUEST	injecteur 8	4		request_7	1462967221596	1462967221638	OK	 
REQUEST	injecteur 6	8		request_5	1462967221602	1462967221641	OK	 
REQUEST	injecteur 7	2		request_6	1462967221618	1462967221645	OK	 
REQUEST	injecteur 2	9		request_1	1462967221602	1462967221647	OK	 
REQUEST	injecteur 5	10		request_4	1462967221611	1462967221650	OK	 
REQUEST	injecteur 9	6		request_8	1462967221615	1462967221654	OK	 
REQUEST	injecteur 3	3		request_2	1462967221625	1462967221656	OK	 
REQUEST	injecteur 4	1		request_3	1462967221629	1462967221660	OK	 
REQUEST	injecteur 10	5		request_9	1462967221632	1462967221663	OK	 
REQUEST	injecteur 1	7		request_0	1462967221636	1462967221665	OK	 
REQUEST	injecteur 8	4		request_7	1462967221639	1462967221672	OK	 
REQUEST	injecteur 6	8		request_5	1462967221643	1462967221678	OK	 
REQUEST	injecteur 7	2		request_6	1462967221646	1462967221681	OK	 
REQUEST	injecteur 2	9		request_1	1462967221648	1462967221689	OK	 
REQUEST	injecteur 5	10		request_4	1462967221651	1462967221691	OK	 
REQUEST	injecteur 9	6		request_8	1462967221655	1462967221694	OK	 
REQUEST	injecteur 3	3		request_2	1462967221657	1462967221697	OK	 
REQUEST	injecteur 4	1		request_3	1462967221662	1462967221701	OK	 
REQUEST	injecteur 10	5		request_9	1462967221664	1462967221704	OK	 
REQUEST	injecteur 1	7		request_0	1462967221667	1462967221706	OK	 
REQUEST	injecteur 8	4		request_7	1462967221673	1462967221709	OK	 
REQUEST	injecteur 6	8		request_5	1462967221679	1462967221713	OK	 
REQUEST	injecteur 7	2		request_6	1462967221682	1462967221716	OK	 
REQUEST	injecteur 2	9		request_1	1462967221690	1462967221719	OK	 
REQUEST	injecteur 5	10		request_4	1462967221693	1462967221723	OK	 
REQUEST	injecteur 9	6		request_8	1462967221695	1462967221724	OK	 
REQUEST	injecteur 3	3		request_2	1462967221698	1462967221728	OK	 
REQUEST	injecteur 4	1		request_3	1462967221702	1462967221732	OK	 
REQUEST	injecteur 10	5		request_9	1462967221705	1462967221734	OK	 
REQUEST	injecteur 1	7		request_0	1462967221707	1462967221737	OK	 
REQUEST	injecteur 8	4		request_7	1462967221709	1462967221740	OK	 
REQUEST	injecteur 6	8		request_5	1462967221714	1462967221743	OK	 
REQUEST	injecteur 7	2		request_6	1462967221717	1462967221748	OK	 
REQUEST	injecteur 2	9		request_1	1462967221720	1462967221751	OK	 
REQUEST	injecteur 5	10		request_4	1462967221724	1462967221754	OK	 
REQUEST	injecteur 9	6		request_8	1462967221725	1462967221757	OK	 
REQUEST	injecteur 3	3		request_2	1462967221730	1462967221761	OK	 
REQUEST	injecteur 4	1		request_3	1462967221733	1462967221765	OK	 
REQUEST	injecteur 10	5		request_9	1462967221736	1462967221770	OK	 
REQUEST	injecteur 1	7		request_0	1462967221739	1462967221773	OK	 
REQUEST	injecteur 8	4		request_7	1462967221741	1462967221775	OK	 
REQUEST	injecteur 6	8		request_5	1462967221744	1462967221778	OK	 
REQUEST	injecteur 7	2		request_6	1462967221749	1462967221782	OK	 
REQUEST	injecteur 2	9		request_1	1462967221753	1462967221787	OK	 
REQUEST	injecteur 5	10		request_4	1462967221755	1462967221790	OK	 
REQUEST	injecteur 9	6		request_8	1462967221758	1462967221794	OK	 
REQUEST	injecteur 3	3		request_2	1462967221762	1462967221799	OK	 
REQUEST	injecteur 4	1		request_3	1462967221766	1462967221801	OK	 
REQUEST	injecteur 10	5		request_9	1462967221771	1462967221804	OK	 
REQUEST	injecteur 1	7		request_0	1462967221774	1462967221808	OK	 
REQUEST	injecteur 8	4		request_7	1462967221776	1462967221811	OK	 
REQUEST	injecteur 6	8		request_5	1462967221779	1462967221817	OK	 
REQUEST	injecteur 7	2		request_6	1462967221783	1462967221825	OK	 
REQUEST	injecteur 2	9		request_1	1462967221788	1462967221827	OK	 
REQUEST	injecteur 5	10		request_4	1462967221791	1462967221830	OK	 
REQUEST	injecteur 9	6		request_8	1462967221796	1462967221835	OK	 
REQUEST	injecteur 3	3		request_2	1462967221800	1462967221837	OK	 
REQUEST	injecteur 4	1		request_3	1462967221802	1462967221840	OK	 
REQUEST	injecteur 10	5		request_9	1462967221805	1462967221842	OK	 
REQUEST	injecteur 1	7		request_0	1462967221810	1462967221845	OK	 
REQUEST	injecteur 8	4		request_7	1462967221812	1462967221848	OK	 
REQUEST	injecteur 6	8		request_5	1462967221818	1462967221851	OK	 
REQUEST	injecteur 7	2		request_6	1462967221826	1462967221853	OK	 
REQUEST	injecteur 2	9		request_1	1462967221828	1462967221857	OK	 
REQUEST	injecteur 5	10		request_4	1462967221831	1462967221859	OK	 
REQUEST	injecteur 9	6		request_8	1462967221836	1462967221862	OK	 
REQUEST	injecteur 3	3		request_2	1462967221838	1462967221866	OK	 
REQUEST	injecteur 4	1		request_3	1462967221841	1462967221869	OK	 
REQUEST	injecteur 10	5		request_9	1462967221843	1462967221871	OK	 
REQUEST	injecteur 1	7		request_0	1462967221846	1462967221874	OK	 
REQUEST	injecteur 8	4		request_7	1462967221849	1462967221879	OK	 
REQUEST	injecteur 6	8		request_5	1462967221852	1462967221882	OK	 
REQUEST	injecteur 7	2		request_6	1462967221854	1462967221885	OK	 
REQUEST	injecteur 2	9		request_1	1462967221858	1462967221890	OK	 
REQUEST	injecteur 5	10		request_4	1462967221860	1462967221894	OK	 
REQUEST	injecteur 9	6		request_8	1462967221863	1462967221895	OK	 
REQUEST	injecteur 3	3		request_2	1462967221867	1462967221898	OK	 
REQUEST	injecteur 4	1		request_3	1462967221870	1462967221900	OK	 
REQUEST	injecteur 10	5		request_9	1462967221872	1462967221903	OK	 
REQUEST	injecteur 1	7		request_0	1462967221876	1462967221907	OK	 
REQUEST	injecteur 8	4		request_7	1462967221880	1462967221910	OK	 
REQUEST	injecteur 7	2		request_6	1462967221886	1462967221916	OK	 
REQUEST	injecteur 2	9		request_1	1462967221891	1462967221922	OK	 
REQUEST	injecteur 5	10		request_4	1462967221895	1462967221924	OK	 
REQUEST	injecteur 6	8		request_5	1462967221883	1462967221923	OK	 
REQUEST	injecteur 9	6		request_8	1462967221896	1462967221930	OK	 
REQUEST	injecteur 3	3		request_2	1462967221899	1462967221938	OK	 
REQUEST	injecteur 4	1		request_3	1462967221901	1462967221941	OK	 
REQUEST	injecteur 7	2		request_6	1462967221917	1462967221947	OK	 
REQUEST	injecteur 5	10		request_4	1462967221925	1462967221949	OK	 
REQUEST	injecteur 9	6		request_8	1462967221932	1462967221952	OK	 
REQUEST	injecteur 10	5		request_9	1462967221904	1462967221955	OK	 
REQUEST	injecteur 1	7		request_0	1462967221908	1462967221958	OK	 
REQUEST	injecteur 8	4		request_7	1462967221911	1462967221960	OK	 
REQUEST	injecteur 2	9		request_1	1462967221927	1462967221962	OK	 
REQUEST	injecteur 6	8		request_5	1462967221935	1462967221965	OK	 
REQUEST	injecteur 3	3		request_2	1462967221939	1462967221970	OK	 
REQUEST	injecteur 4	1		request_3	1462967221943	1462967221972	OK	 
REQUEST	injecteur 7	2		request_6	1462967221948	1462967221974	OK	 
REQUEST	injecteur 5	10		request_4	1462967221950	1462967221977	OK	 
REQUEST	injecteur 9	6		request_8	1462967221953	1462967221981	OK	 
REQUEST	injecteur 10	5		request_9	1462967221957	1462967221985	OK	 
REQUEST	injecteur 1	7		request_0	1462967221959	1462967221991	OK	 
REQUEST	injecteur 8	4		request_7	1462967221961	1462967221994	OK	 
REQUEST	injecteur 2	9		request_1	1462967221963	1462967222008	OK	 
REQUEST	injecteur 6	8		request_5	1462967221966	1462967222011	OK	 
REQUEST	injecteur 3	3		request_2	1462967221971	1462967222015	OK	 
REQUEST	injecteur 4	1		request_3	1462967221973	1462967222016	OK	 
REQUEST	injecteur 7	2		request_6	1462967221975	1462967222019	OK	 
REQUEST	injecteur 5	10		request_4	1462967221978	1462967222021	OK	 
REQUEST	injecteur 9	6		request_8	1462967221982	1462967222023	OK	 
REQUEST	injecteur 10	5		request_9	1462967221986	1462967222025	OK	 
REQUEST	injecteur 1	7		request_0	1462967221992	1462967222027	OK	 
REQUEST	injecteur 8	4		request_7	1462967221995	1462967222030	OK	 
REQUEST	injecteur 2	9		request_1	1462967222009	1462967222032	OK	 
REQUEST	injecteur 6	8		request_5	1462967222012	1462967222034	OK	 
REQUEST	injecteur 3	3		request_2	1462967222015	1462967222036	OK	 
REQUEST	injecteur 4	1		request_3	1462967222017	1462967222038	OK	 
REQUEST	injecteur 7	2		request_6	1462967222020	1462967222041	OK	 
REQUEST	injecteur 5	10		request_4	1462967222022	1462967222043	OK	 
REQUEST	injecteur 9	6		request_8	1462967222024	1462967222045	OK	 
REQUEST	injecteur 10	5		request_9	1462967222026	1462967222048	OK	 
REQUEST	injecteur 1	7		request_0	1462967222028	1462967222050	OK	 
REQUEST	injecteur 8	4		request_7	1462967222031	1462967222053	OK	 
REQUEST	injecteur 2	9		request_1	1462967222033	1462967222056	OK	 
REQUEST	injecteur 6	8		request_5	1462967222035	1462967222059	OK	 
REQUEST	injecteur 3	3		request_2	1462967222037	1462967222070	OK	 
REQUEST	injecteur 4	1		request_3	1462967222039	1462967222075	OK	 
REQUEST	injecteur 7	2		request_6	1462967222042	1462967222078	OK	 
REQUEST	injecteur 5	10		request_4	1462967222044	1462967222082	OK	 
REQUEST	injecteur 9	6		request_8	1462967222046	1462967222085	OK	 
REQUEST	injecteur 10	5		request_9	1462967222049	1462967222086	OK	 
REQUEST	injecteur 1	7		request_0	1462967222051	1462967222089	OK	 
REQUEST	injecteur 8	4		request_7	1462967222054	1462967222092	OK	 
REQUEST	injecteur 2	9		request_1	1462967222057	1462967222094	OK	 
REQUEST	injecteur 6	8		request_5	1462967222060	1462967222098	OK	 
REQUEST	injecteur 3	3		request_2	1462967222071	1462967222104	OK	 
REQUEST	injecteur 4	1		request_3	1462967222076	1462967222107	OK	 
REQUEST	injecteur 7	2		request_6	1462967222079	1462967222107	OK	 
REQUEST	injecteur 5	10		request_4	1462967222083	1462967222112	OK	 
REQUEST	injecteur 9	6		request_8	1462967222086	1462967222114	OK	 
REQUEST	injecteur 10	5		request_9	1462967222087	1462967222116	OK	 
REQUEST	injecteur 7	2		request_6	1462967222108	1462967222119	OK	 
REQUEST	injecteur 1	7		request_0	1462967222090	1462967222121	OK	 
REQUEST	injecteur 8	4		request_7	1462967222093	1462967222123	OK	 
REQUEST	injecteur 2	9		request_1	1462967222095	1462967222125	OK	 
REQUEST	injecteur 6	8		request_5	1462967222100	1462967222127	OK	 
REQUEST	injecteur 3	3		request_2	1462967222105	1462967222129	OK	 
REQUEST	injecteur 4	1		request_3	1462967222108	1462967222132	OK	 
REQUEST	injecteur 5	10		request_4	1462967222113	1462967222136	OK	 
REQUEST	injecteur 9	6		request_8	1462967222115	1462967222137	OK	 
REQUEST	injecteur 10	5		request_9	1462967222117	1462967222140	OK	 
REQUEST	injecteur 7	2		request_6	1462967222120	1462967222142	OK	 
REQUEST	injecteur 1	7		request_0	1462967222122	1462967222145	OK	 
REQUEST	injecteur 8	4		request_7	1462967222124	1462967222147	OK	 
REQUEST	injecteur 2	9		request_1	1462967222126	1462967222150	OK	 
REQUEST	injecteur 6	8		request_5	1462967222128	1462967222153	OK	 
REQUEST	injecteur 3	3		request_2	1462967222130	1462967222155	OK	 
REQUEST	injecteur 4	1		request_3	1462967222133	1462967222157	OK	 
REQUEST	injecteur 5	10		request_4	1462967222137	1462967222159	OK	 
REQUEST	injecteur 9	6		request_8	1462967222138	1462967222161	OK	 
REQUEST	injecteur 10	5		request_9	1462967222141	1462967222163	OK	 
REQUEST	injecteur 7	2		request_6	1462967222143	1462967222166	OK	 
REQUEST	injecteur 1	7		request_0	1462967222145	1462967222169	OK	 
REQUEST	injecteur 8	4		request_7	1462967222148	1462967222171	OK	 
REQUEST	injecteur 6	8		request_5	1462967222154	1462967222176	OK	 
REQUEST	injecteur 2	9		request_1	1462967222151	1462967222178	OK	 
REQUEST	injecteur 3	3		request_2	1462967222156	1462967222180	OK	 
REQUEST	injecteur 4	1		request_3	1462967222158	1462967222183	OK	 
REQUEST	injecteur 5	10		request_4	1462967222160	1462967222189	OK	 
REQUEST	injecteur 9	6		request_8	1462967222163	1462967222192	OK	 
REQUEST	injecteur 10	5		request_9	1462967222164	1462967222194	OK	 
REQUEST	injecteur 7	2		request_6	1462967222167	1462967222199	OK	 
REQUEST	injecteur 1	7		request_0	1462967222170	1462967222201	OK	 
REQUEST	injecteur 8	4		request_7	1462967222172	1462967222205	OK	 
REQUEST	injecteur 2	9		request_1	1462967222179	1462967222209	OK	 
REQUEST	injecteur 3	3		request_2	1462967222181	1462967222211	OK	 
REQUEST	injecteur 4	1		request_3	1462967222183	1462967222213	OK	 
REQUEST	injecteur 6	8		request_5	1462967222177	1462967222216	OK	 
REQUEST	injecteur 5	10		request_4	1462967222190	1462967222217	OK	 
REQUEST	injecteur 9	6		request_8	1462967222192	1462967222219	OK	 
REQUEST	injecteur 10	5		request_9	1462967222196	1462967222221	OK	 
REQUEST	injecteur 7	2		request_6	1462967222200	1462967222223	OK	 
REQUEST	injecteur 1	7		request_0	1462967222202	1462967222225	OK	 
REQUEST	injecteur 8	4		request_7	1462967222206	1462967222227	OK	 
REQUEST	injecteur 2	9		request_1	1462967222210	1462967222229	OK	 
REQUEST	injecteur 3	3		request_2	1462967222212	1462967222231	OK	 
REQUEST	injecteur 4	1		request_3	1462967222214	1462967222232	OK	 
REQUEST	injecteur 6	8		request_5	1462967222217	1462967222234	OK	 
REQUEST	injecteur 5	10		request_4	1462967222218	1462967222236	OK	 
REQUEST	injecteur 9	6		request_8	1462967222220	1462967222239	OK	 
REQUEST	injecteur 10	5		request_9	1462967222222	1462967222242	OK	 
REQUEST	injecteur 7	2		request_6	1462967222224	1462967222245	OK	 
REQUEST	injecteur 1	7		request_0	1462967222226	1462967222248	OK	 
REQUEST	injecteur 8	4		request_7	1462967222228	1462967222251	OK	 
REQUEST	injecteur 2	9		request_1	1462967222230	1462967222253	OK	 
REQUEST	injecteur 3	3		request_2	1462967222232	1462967222257	OK	 
REQUEST	injecteur 4	1		request_3	1462967222233	1462967222259	OK	 
REQUEST	injecteur 6	8		request_5	1462967222235	1462967222261	OK	 
REQUEST	injecteur 5	10		request_4	1462967222237	1462967222265	OK	 
REQUEST	injecteur 9	6		request_8	1462967222240	1462967222268	OK	 
REQUEST	injecteur 10	5		request_9	1462967222243	1462967222271	OK	 
REQUEST	injecteur 6	8		request_5	1462967222262	1462967222273	OK	 
REQUEST	injecteur 7	2		request_6	1462967222246	1462967222276	OK	 
REQUEST	injecteur 1	7		request_0	1462967222249	1462967222278	OK	 
REQUEST	injecteur 8	4		request_7	1462967222252	1462967222280	OK	 
REQUEST	injecteur 2	9		request_1	1462967222255	1462967222282	OK	 
REQUEST	injecteur 3	3		request_2	1462967222258	1462967222284	OK	 
REQUEST	injecteur 4	1		request_3	1462967222259	1462967222286	OK	 
REQUEST	injecteur 5	10		request_4	1462967222267	1462967222289	OK	 
REQUEST	injecteur 9	6		request_8	1462967222269	1462967222290	OK	 
REQUEST	injecteur 10	5		request_9	1462967222272	1462967222293	OK	 
REQUEST	injecteur 6	8		request_5	1462967222274	1462967222295	OK	 
REQUEST	injecteur 7	2		request_6	1462967222276	1462967222299	OK	 
REQUEST	injecteur 1	7		request_0	1462967222279	1462967222301	OK	 
REQUEST	injecteur 8	4		request_7	1462967222281	1462967222303	OK	 
REQUEST	injecteur 2	9		request_1	1462967222283	1462967222305	OK	 
REQUEST	injecteur 3	3		request_2	1462967222285	1462967222308	OK	 
REQUEST	injecteur 4	1		request_3	1462967222287	1462967222310	OK	 
REQUEST	injecteur 5	10		request_4	1462967222290	1462967222312	OK	 
REQUEST	injecteur 9	6		request_8	1462967222292	1462967222314	OK	 
REQUEST	injecteur 10	5		request_9	1462967222294	1462967222317	OK	 
REQUEST	injecteur 6	8		request_5	1462967222296	1462967222320	OK	 
REQUEST	injecteur 7	2		request_6	1462967222300	1462967222322	OK	 
REQUEST	injecteur 1	7		request_0	1462967222302	1462967222324	OK	 
REQUEST	injecteur 8	4		request_7	1462967222304	1462967222326	OK	 
REQUEST	injecteur 3	3		request_2	1462967222309	1462967222331	OK	 
REQUEST	injecteur 5	10		request_4	1462967222313	1462967222335	OK	 
REQUEST	injecteur 9	6		request_8	1462967222315	1462967222338	OK	 
REQUEST	injecteur 6	8		request_5	1462967222321	1462967222346	OK	 
REQUEST	injecteur 7	2		request_6	1462967222323	1462967222348	OK	 
REQUEST	injecteur 2	9		request_1	1462967222306	1462967222330	OK	 
REQUEST	injecteur 1	7		request_0	1462967222324	1462967222354	OK	 
REQUEST	injecteur 4	1		request_3	1462967222311	1462967222355	OK	 
REQUEST	injecteur 10	5		request_9	1462967222318	1462967222357	OK	 
REQUEST	injecteur 5	10		request_4	1462967222335	1462967222360	OK	 
REQUEST	injecteur 9	6		request_8	1462967222339	1462967222364	OK	 
REQUEST	injecteur 7	2		request_6	1462967222349	1462967222368	OK	 
REQUEST	injecteur 8	4		request_7	1462967222328	1462967222371	OK	 
REQUEST	injecteur 6	8		request_5	1462967222348	1462967222374	OK	 
REQUEST	injecteur 2	9		request_1	1462967222354	1462967222377	OK	 
REQUEST	injecteur 4	1		request_3	1462967222356	1462967222380	OK	 
REQUEST	injecteur 5	10		request_4	1462967222361	1462967222382	OK	 
REQUEST	injecteur 9	6		request_8	1462967222365	1462967222385	OK	 
REQUEST	injecteur 3	3		request_2	1462967222331	1462967222387	OK	 
REQUEST	injecteur 1	7		request_0	1462967222355	1462967222388	OK	 
REQUEST	injecteur 7	2		request_6	1462967222369	1462967222389	OK	 
REQUEST	injecteur 10	5		request_9	1462967222358	1462967222392	OK	 
REQUEST	injecteur 8	4		request_7	1462967222372	1462967222394	OK	 
REQUEST	injecteur 6	8		request_5	1462967222375	1462967222396	OK	 
REQUEST	injecteur 2	9		request_1	1462967222378	1462967222398	OK	 
REQUEST	injecteur 9	6		request_8	1462967222386	1462967222400	OK	 
REQUEST	injecteur 4	1		request_3	1462967222381	1462967222404	OK	 
REQUEST	injecteur 5	10		request_4	1462967222382	1462967222406	OK	 
REQUEST	injecteur 3	3		request_2	1462967222387	1462967222408	OK	 
REQUEST	injecteur 1	7		request_0	1462967222389	1462967222409	OK	 
REQUEST	injecteur 7	2		request_6	1462967222389	1462967222411	OK	 
REQUEST	injecteur 10	5		request_9	1462967222393	1462967222412	OK	 
REQUEST	injecteur 8	4		request_7	1462967222395	1462967222414	OK	 
REQUEST	injecteur 6	8		request_5	1462967222397	1462967222416	OK	 
REQUEST	injecteur 9	6		request_8	1462967222401	1462967222418	OK	 
REQUEST	injecteur 2	9		request_1	1462967222401	1462967222419	OK	 
REQUEST	injecteur 4	1		request_3	1462967222405	1462967222422	OK	 
REQUEST	injecteur 5	10		request_4	1462967222406	1462967222425	OK	 
REQUEST	injecteur 3	3		request_2	1462967222408	1462967222427	OK	 
REQUEST	injecteur 1	7		request_0	1462967222410	1462967222428	OK	 
REQUEST	injecteur 7	2		request_6	1462967222411	1462967222430	OK	 
REQUEST	injecteur 10	5		request_9	1462967222413	1462967222431	OK	 
REQUEST	injecteur 8	4		request_7	1462967222415	1462967222433	OK	 
REQUEST	injecteur 6	8		request_5	1462967222416	1462967222435	OK	 
REQUEST	injecteur 9	6		request_8	1462967222418	1462967222437	OK	 
REQUEST	injecteur 2	9		request_1	1462967222420	1462967222439	OK	 
REQUEST	injecteur 4	1		request_3	1462967222423	1462967222442	OK	 
REQUEST	injecteur 5	10		request_4	1462967222426	1462967222447	OK	 
REQUEST	injecteur 3	3		request_2	1462967222427	1462967222449	OK	 
REQUEST	injecteur 1	7		request_0	1462967222429	1462967222451	OK	 
REQUEST	injecteur 7	2		request_6	1462967222431	1462967222453	OK	 
REQUEST	injecteur 10	5		request_9	1462967222432	1462967222454	OK	 
REQUEST	injecteur 8	4		request_7	1462967222434	1462967222456	OK	 
REQUEST	injecteur 6	8		request_5	1462967222436	1462967222458	OK	 
REQUEST	injecteur 9	6		request_8	1462967222438	1462967222459	OK	 
REQUEST	injecteur 2	9		request_1	1462967222440	1462967222462	OK	 
REQUEST	injecteur 4	1		request_3	1462967222443	1462967222464	OK	 
REQUEST	injecteur 5	10		request_4	1462967222448	1462967222466	OK	 
REQUEST	injecteur 3	3		request_2	1462967222450	1462967222468	OK	 
REQUEST	injecteur 1	7		request_0	1462967222451	1462967222473	OK	 
REQUEST	injecteur 7	2		request_6	1462967222453	1462967222476	OK	 
REQUEST	injecteur 10	5		request_9	1462967222455	1462967222479	OK	 
REQUEST	injecteur 8	4		request_7	1462967222456	1462967222481	OK	 
REQUEST	injecteur 6	8		request_5	1462967222458	1462967222484	OK	 
REQUEST	injecteur 2	9		request_1	1462967222463	1462967222488	OK	 
REQUEST	injecteur 9	6		request_8	1462967222460	1462967222491	OK	 
REQUEST	injecteur 4	1		request_3	1462967222465	1462967222492	OK	 
REQUEST	injecteur 2	9		request_1	1462967222488	1462967222494	OK	 
REQUEST	injecteur 5	10		request_4	1462967222467	1462967222496	OK	 
REQUEST	injecteur 3	3		request_2	1462967222469	1462967222498	OK	 
REQUEST	injecteur 1	7		request_0	1462967222474	1462967222500	OK	 
REQUEST	injecteur 7	2		request_6	1462967222477	1462967222501	OK	 
REQUEST	injecteur 10	5		request_9	1462967222479	1462967222504	OK	 
REQUEST	injecteur 8	4		request_7	1462967222482	1462967222506	OK	 
REQUEST	injecteur 6	8		request_5	1462967222484	1462967222509	OK	 
REQUEST	injecteur 9	6		request_8	1462967222492	1462967222512	OK	 
REQUEST	injecteur 4	1		request_3	1462967222493	1462967222513	OK	 
REQUEST	injecteur 2	9		request_1	1462967222495	1462967222515	OK	 
REQUEST	injecteur 5	10		request_4	1462967222497	1462967222518	OK	 
REQUEST	injecteur 3	3		request_2	1462967222499	1462967222519	OK	 
REQUEST	injecteur 1	7		request_0	1462967222501	1462967222521	OK	 
REQUEST	injecteur 7	2		request_6	1462967222502	1462967222526	OK	 
REQUEST	injecteur 10	5		request_9	1462967222505	1462967222528	OK	 
REQUEST	injecteur 8	4		request_7	1462967222507	1462967222530	OK	 
REQUEST	injecteur 6	8		request_5	1462967222509	1462967222532	OK	 
REQUEST	injecteur 9	6		request_8	1462967222513	1462967222535	OK	 
REQUEST	injecteur 4	1		request_3	1462967222514	1462967222537	OK	 
REQUEST	injecteur 2	9		request_1	1462967222516	1462967222539	OK	 
REQUEST	injecteur 5	10		request_4	1462967222518	1462967222540	OK	 
REQUEST	injecteur 3	3		request_2	1462967222520	1462967222542	OK	 
REQUEST	injecteur 1	7		request_0	1462967222521	1462967222543	OK	 
REQUEST	injecteur 7	2		request_6	1462967222527	1462967222545	OK	 
REQUEST	injecteur 10	5		request_9	1462967222529	1462967222547	OK	 
REQUEST	injecteur 8	4		request_7	1462967222531	1462967222548	OK	 
REQUEST	injecteur 6	8		request_5	1462967222533	1462967222551	OK	 
REQUEST	injecteur 9	6		request_8	1462967222536	1462967222553	OK	 
REQUEST	injecteur 4	1		request_3	1462967222537	1462967222555	OK	 
REQUEST	injecteur 2	9		request_1	1462967222539	1462967222556	OK	 
REQUEST	injecteur 5	10		request_4	1462967222541	1462967222558	OK	 
REQUEST	injecteur 3	3		request_2	1462967222542	1462967222559	OK	 
REQUEST	injecteur 1	7		request_0	1462967222544	1462967222561	OK	 
REQUEST	injecteur 7	2		request_6	1462967222546	1462967222563	OK	 
REQUEST	injecteur 10	5		request_9	1462967222548	1462967222566	OK	 
REQUEST	injecteur 8	4		request_7	1462967222549	1462967222570	OK	 
REQUEST	injecteur 6	8		request_5	1462967222552	1462967222574	OK	 
REQUEST	injecteur 9	6		request_8	1462967222554	1462967222576	OK	 
REQUEST	injecteur 4	1		request_3	1462967222555	1462967222578	OK	 
REQUEST	injecteur 2	9		request_1	1462967222557	1462967222579	OK	 
REQUEST	injecteur 5	10		request_4	1462967222558	1462967222581	OK	 
REQUEST	injecteur 3	3		request_2	1462967222560	1462967222584	OK	 
REQUEST	injecteur 1	7		request_0	1462967222562	1462967222585	OK	 
REQUEST	injecteur 7	2		request_6	1462967222563	1462967222587	OK	 
REQUEST	injecteur 10	5		request_9	1462967222567	1462967222589	OK	 
REQUEST	injecteur 8	4		request_7	1462967222571	1462967222591	OK	 
REQUEST	injecteur 6	8		request_5	1462967222575	1462967222593	OK	 
REQUEST	injecteur 9	6		request_8	1462967222577	1462967222595	OK	 
REQUEST	injecteur 4	1		request_3	1462967222578	1462967222597	OK	 
REQUEST	injecteur 2	9		request_1	1462967222580	1462967222599	OK	 
REQUEST	injecteur 5	10		request_4	1462967222582	1462967222602	OK	 
REQUEST	injecteur 3	3		request_2	1462967222584	1462967222604	OK	 
REQUEST	injecteur 1	7		request_0	1462967222586	1462967222606	OK	 
REQUEST	injecteur 7	2		request_6	1462967222588	1462967222609	OK	 
REQUEST	injecteur 10	5		request_9	1462967222590	1462967222612	OK	 
REQUEST	injecteur 8	4		request_7	1462967222592	1462967222615	OK	 
REQUEST	injecteur 6	8		request_5	1462967222594	1462967222616	OK	 
REQUEST	injecteur 9	6		request_8	1462967222596	1462967222618	OK	 
REQUEST	injecteur 4	1		request_3	1462967222598	1462967222621	OK	 
REQUEST	injecteur 2	9		request_1	1462967222600	1462967222623	OK	 
REQUEST	injecteur 5	10		request_4	1462967222603	1462967222625	OK	 
REQUEST	injecteur 3	3		request_2	1462967222605	1462967222627	OK	 
REQUEST	injecteur 1	7		request_0	1462967222607	1462967222629	OK	 
REQUEST	injecteur 7	2		request_6	1462967222610	1462967222632	OK	 
REQUEST	injecteur 10	5		request_9	1462967222614	1462967222636	OK	 
REQUEST	injecteur 8	4		request_7	1462967222615	1462967222637	OK	 
REQUEST	injecteur 6	8		request_5	1462967222617	1462967222639	OK	 
REQUEST	injecteur 9	6		request_8	1462967222619	1462967222641	OK	 
REQUEST	injecteur 4	1		request_3	1462967222622	1462967222643	OK	 
REQUEST	injecteur 2	9		request_1	1462967222624	1462967222646	OK	 
REQUEST	injecteur 5	10		request_4	1462967222626	1462967222648	OK	 
REQUEST	injecteur 3	3		request_2	1462967222628	1462967222652	OK	 
REQUEST	injecteur 1	7		request_0	1462967222629	1462967222668	OK	 
REQUEST	injecteur 7	2		request_6	1462967222633	1462967222670	OK	 
REQUEST	injecteur 10	5		request_9	1462967222637	1462967222672	OK	 
REQUEST	injecteur 8	4		request_7	1462967222638	1462967222673	OK	 
REQUEST	injecteur 6	8		request_5	1462967222640	1462967222674	OK	 
REQUEST	injecteur 9	6		request_8	1462967222642	1462967222677	OK	 
REQUEST	injecteur 4	1		request_3	1462967222644	1462967222678	OK	 
REQUEST	injecteur 2	9		request_1	1462967222646	1462967222680	OK	 
REQUEST	injecteur 5	10		request_4	1462967222649	1462967222682	OK	 
REQUEST	injecteur 3	3		request_2	1462967222653	1462967222685	OK	 
REQUEST	injecteur 1	7		request_0	1462967222669	1462967222687	OK	 
REQUEST	injecteur 7	2		request_6	1462967222671	1462967222689	OK	 
REQUEST	injecteur 10	5		request_9	1462967222672	1462967222690	OK	 
REQUEST	injecteur 8	4		request_7	1462967222674	1462967222693	OK	 
REQUEST	injecteur 6	8		request_5	1462967222675	1462967222695	OK	 
REQUEST	injecteur 9	6		request_8	1462967222678	1462967222697	OK	 
REQUEST	injecteur 4	1		request_3	1462967222679	1462967222698	OK	 
REQUEST	injecteur 2	9		request_1	1462967222681	1462967222701	OK	 
REQUEST	injecteur 5	10		request_4	1462967222682	1462967222703	OK	 
REQUEST	injecteur 3	3		request_2	1462967222685	1462967222705	OK	 
REQUEST	injecteur 1	7		request_0	1462967222687	1462967222706	OK	 
REQUEST	injecteur 7	2		request_6	1462967222689	1462967222708	OK	 
REQUEST	injecteur 10	5		request_9	1462967222691	1462967222710	OK	 
REQUEST	injecteur 8	4		request_7	1462967222694	1462967222711	OK	 
REQUEST	injecteur 6	8		request_5	1462967222695	1462967222713	OK	 
REQUEST	injecteur 9	6		request_8	1462967222698	1462967222714	OK	 
REQUEST	injecteur 4	1		request_3	1462967222699	1462967222716	OK	 
REQUEST	injecteur 2	9		request_1	1462967222702	1462967222718	OK	 
REQUEST	injecteur 5	10		request_4	1462967222704	1462967222719	OK	 
REQUEST	injecteur 3	3		request_2	1462967222705	1462967222721	OK	 
REQUEST	injecteur 1	7		request_0	1462967222707	1462967222722	OK	 
REQUEST	injecteur 7	2		request_6	1462967222709	1462967222724	OK	 
REQUEST	injecteur 10	5		request_9	1462967222710	1462967222726	OK	 
REQUEST	injecteur 8	4		request_7	1462967222712	1462967222727	OK	 
REQUEST	injecteur 6	8		request_5	1462967222714	1462967222729	OK	 
REQUEST	injecteur 9	6		request_8	1462967222715	1462967222731	OK	 
REQUEST	injecteur 4	1		request_3	1462967222717	1462967222734	OK	 
REQUEST	injecteur 2	9		request_1	1462967222718	1462967222735	OK	 
REQUEST	injecteur 5	10		request_4	1462967222720	1462967222737	OK	 
REQUEST	injecteur 3	3		request_2	1462967222722	1462967222738	OK	 
REQUEST	injecteur 1	7		request_0	1462967222723	1462967222740	OK	 
REQUEST	injecteur 7	2		request_6	1462967222725	1462967222741	OK	 
REQUEST	injecteur 10	5		request_9	1462967222726	1462967222743	OK	 
REQUEST	injecteur 8	4		request_7	1462967222728	1462967222745	OK	 
REQUEST	injecteur 6	8		request_5	1462967222730	1462967222748	OK	 
REQUEST	injecteur 9	6		request_8	1462967222732	1462967222750	OK	 
REQUEST	injecteur 4	1		request_3	1462967222734	1462967222752	OK	 
REQUEST	injecteur 2	9		request_1	1462967222736	1462967222754	OK	 
REQUEST	injecteur 5	10		request_4	1462967222737	1462967222755	OK	 
REQUEST	injecteur 3	3		request_2	1462967222739	1462967222757	OK	 
REQUEST	injecteur 1	7		request_0	1462967222740	1462967222758	OK	 
REQUEST	injecteur 7	2		request_6	1462967222742	1462967222760	OK	 
REQUEST	injecteur 10	5		request_9	1462967222744	1462967222762	OK	 
REQUEST	injecteur 8	4		request_7	1462967222746	1462967222763	OK	 
REQUEST	injecteur 6	8		request_5	1462967222748	1462967222765	OK	 
REQUEST	injecteur 9	6		request_8	1462967222751	1462967222767	OK	 
REQUEST	injecteur 4	1		request_3	1462967222753	1462967222769	OK	 
REQUEST	injecteur 2	9		request_1	1462967222754	1462967222772	OK	 
REQUEST	injecteur 5	10		request_4	1462967222756	1462967222773	OK	 
REQUEST	injecteur 3	3		request_2	1462967222758	1462967222775	OK	 
REQUEST	injecteur 1	7		request_0	1462967222759	1462967222778	OK	 
REQUEST	injecteur 7	2		request_6	1462967222761	1462967222780	OK	 
REQUEST	injecteur 10	5		request_9	1462967222762	1462967222783	OK	 
REQUEST	injecteur 8	4		request_7	1462967222764	1462967222785	OK	 
REQUEST	injecteur 6	8		request_5	1462967222766	1462967222787	OK	 
REQUEST	injecteur 9	6		request_8	1462967222767	1462967222788	OK	 
REQUEST	injecteur 4	1		request_3	1462967222770	1462967222791	OK	 
REQUEST	injecteur 2	9		request_1	1462967222772	1462967222793	OK	 
REQUEST	injecteur 5	10		request_4	1462967222774	1462967222796	OK	 
REQUEST	injecteur 3	3		request_2	1462967222776	1462967222799	OK	 
REQUEST	injecteur 1	7		request_0	1462967222779	1462967222801	OK	 
REQUEST	injecteur 7	2		request_6	1462967222781	1462967222803	OK	 
REQUEST	injecteur 10	5		request_9	1462967222783	1462967222805	OK	 
REQUEST	injecteur 8	4		request_7	1462967222785	1462967222806	OK	 
REQUEST	injecteur 6	8		request_5	1462967222787	1462967222808	OK	 
REQUEST	injecteur 9	6		request_8	1462967222789	1462967222810	OK	 
REQUEST	injecteur 4	1		request_3	1462967222791	1462967222814	OK	 
REQUEST	injecteur 2	9		request_1	1462967222794	1462967222815	OK	 
REQUEST	injecteur 5	10		request_4	1462967222797	1462967222817	OK	 
REQUEST	injecteur 3	3		request_2	1462967222800	1462967222818	OK	 
REQUEST	injecteur 1	7		request_0	1462967222802	1462967222820	OK	 
REQUEST	injecteur 7	2		request_6	1462967222804	1462967222822	OK	 
REQUEST	injecteur 10	5		request_9	1462967222805	1462967222823	OK	 
REQUEST	injecteur 8	4		request_7	1462967222807	1462967222824	OK	 
REQUEST	injecteur 6	8		request_5	1462967222808	1462967222826	OK	 
REQUEST	injecteur 9	6		request_8	1462967222810	1462967222828	OK	 
REQUEST	injecteur 4	1		request_3	1462967222814	1462967222830	OK	 
REQUEST	injecteur 2	9		request_1	1462967222816	1462967222831	OK	 
REQUEST	injecteur 5	10		request_4	1462967222817	1462967222832	OK	 
REQUEST	injecteur 3	3		request_2	1462967222819	1462967222835	OK	 
REQUEST	injecteur 1	7		request_0	1462967222821	1462967222837	OK	 
REQUEST	injecteur 7	2		request_6	1462967222822	1462967222839	OK	 
REQUEST	injecteur 10	5		request_9	1462967222824	1462967222841	OK	 
REQUEST	injecteur 8	4		request_7	1462967222825	1462967222843	OK	 
REQUEST	injecteur 6	8		request_5	1462967222827	1462967222845	OK	 
REQUEST	injecteur 9	6		request_8	1462967222829	1462967222847	OK	 
REQUEST	injecteur 4	1		request_3	1462967222830	1462967222848	OK	 
REQUEST	injecteur 2	9		request_1	1462967222832	1462967222850	OK	 
REQUEST	injecteur 5	10		request_4	1462967222833	1462967222852	OK	 
REQUEST	injecteur 3	3		request_2	1462967222836	1462967222853	OK	 
REQUEST	injecteur 1	7		request_0	1462967222838	1462967222855	OK	 
REQUEST	injecteur 7	2		request_6	1462967222840	1462967222857	OK	 
REQUEST	injecteur 10	5		request_9	1462967222842	1462967222860	OK	 
REQUEST	injecteur 8	4		request_7	1462967222844	1462967222862	OK	 
REQUEST	injecteur 6	8		request_5	1462967222846	1462967222866	OK	 
REQUEST	injecteur 9	6		request_8	1462967222847	1462967222867	OK	 
REQUEST	injecteur 4	1		request_3	1462967222849	1462967222869	OK	 
REQUEST	injecteur 2	9		request_1	1462967222851	1462967222871	OK	 
REQUEST	injecteur 5	10		request_4	1462967222852	1462967222873	OK	 
REQUEST	injecteur 3	3		request_2	1462967222854	1462967222876	OK	 
REQUEST	injecteur 1	7		request_0	1462967222856	1462967222878	OK	 
REQUEST	injecteur 7	2		request_6	1462967222858	1462967222880	OK	 
REQUEST	injecteur 10	5		request_9	1462967222861	1462967222882	OK	 
REQUEST	injecteur 8	4		request_7	1462967222863	1462967222883	OK	 
REQUEST	injecteur 6	8		request_5	1462967222866	1462967222886	OK	 
REQUEST	injecteur 9	6		request_8	1462967222868	1462967222888	OK	 
REQUEST	injecteur 4	1		request_3	1462967222870	1462967222890	OK	 
REQUEST	injecteur 2	9		request_1	1462967222872	1462967222893	OK	 
REQUEST	injecteur 5	10		request_4	1462967222874	1462967222896	OK	 
REQUEST	injecteur 3	3		request_2	1462967222877	1462967222898	OK	 
REQUEST	injecteur 1	7		request_0	1462967222879	1462967222900	OK	 
REQUEST	injecteur 7	2		request_6	1462967222881	1462967222902	OK	 
REQUEST	injecteur 10	5		request_9	1462967222882	1462967222904	OK	 
REQUEST	injecteur 8	4		request_7	1462967222884	1462967222908	OK	 
REQUEST	injecteur 6	8		request_5	1462967222887	1462967222912	OK	 
REQUEST	injecteur 9	6		request_8	1462967222889	1462967222914	OK	 
REQUEST	injecteur 4	1		request_3	1462967222891	1462967222916	OK	 
REQUEST	injecteur 8	4		request_7	1462967222909	1462967222918	OK	 
REQUEST	injecteur 2	9		request_1	1462967222894	1462967222920	OK	 
REQUEST	injecteur 5	10		request_4	1462967222897	1462967222925	OK	 
REQUEST	injecteur 1	7		request_0	1462967222901	1462967222927	OK	 
REQUEST	injecteur 3	3		request_2	1462967222899	1462967222933	OK	 
REQUEST	injecteur 7	2		request_6	1462967222902	1462967222935	OK	 
REQUEST	injecteur 10	5		request_9	1462967222905	1462967222937	OK	 
REQUEST	injecteur 6	8		request_5	1462967222912	1462967222939	OK	 
REQUEST	injecteur 9	6		request_8	1462967222915	1462967222940	OK	 
REQUEST	injecteur 4	1		request_3	1462967222917	1462967222942	OK	 
REQUEST	injecteur 8	4		request_7	1462967222919	1462967222944	OK	 
REQUEST	injecteur 2	9		request_1	1462967222921	1462967222945	OK	 
REQUEST	injecteur 5	10		request_4	1462967222925	1462967222947	OK	 
REQUEST	injecteur 1	7		request_0	1462967222928	1462967222954	OK	 
REQUEST	injecteur 7	2		request_6	1462967222936	1462967222955	OK	 
REQUEST	injecteur 3	3		request_2	1462967222934	1462967222956	OK	 
REQUEST	injecteur 10	5		request_9	1462967222938	1462967222960	OK	 
REQUEST	injecteur 5	10		request_4	1462967222948	1462967222961	OK	 
REQUEST	injecteur 7	2		request_6	1462967222955	1462967222963	OK	 
REQUEST	injecteur 6	8		request_5	1462967222939	1462967222966	OK	 
REQUEST	injecteur 9	6		request_8	1462967222941	1462967222968	OK	 
REQUEST	injecteur 4	1		request_3	1462967222942	1462967222970	OK	 
REQUEST	injecteur 8	4		request_7	1462967222944	1462967222972	OK	 
REQUEST	injecteur 2	9		request_1	1462967222946	1462967222973	OK	 
REQUEST	injecteur 1	7		request_0	1462967222955	1462967222975	OK	 
REQUEST	injecteur 3	3		request_2	1462967222956	1462967222977	OK	 
REQUEST	injecteur 10	5		request_9	1462967222961	1462967222978	OK	 
REQUEST	injecteur 5	10		request_4	1462967222962	1462967222980	OK	 
REQUEST	injecteur 7	2		request_6	1462967222964	1462967222982	OK	 
REQUEST	injecteur 6	8		request_5	1462967222966	1462967222984	OK	 
REQUEST	injecteur 9	6		request_8	1462967222969	1462967222985	OK	 
REQUEST	injecteur 4	1		request_3	1462967222971	1462967222987	OK	 
REQUEST	injecteur 8	4		request_7	1462967222972	1462967222988	OK	 
REQUEST	injecteur 2	9		request_1	1462967222974	1462967222990	OK	 
REQUEST	injecteur 1	7		request_0	1462967222975	1462967222992	OK	 
REQUEST	injecteur 3	3		request_2	1462967222977	1462967222994	OK	 
REQUEST	injecteur 10	5		request_9	1462967222979	1462967222995	OK	 
REQUEST	injecteur 5	10		request_4	1462967222980	1462967222998	OK	 
REQUEST	injecteur 7	2		request_6	1462967222982	1462967223000	OK	 
REQUEST	injecteur 6	8		request_5	1462967222984	1462967223004	OK	 
REQUEST	injecteur 4	1		request_3	1462967222987	1462967223006	OK	 
REQUEST	injecteur 9	6		request_8	1462967222986	1462967223007	OK	 
REQUEST	injecteur 8	4		request_7	1462967222989	1462967223010	OK	 
REQUEST	injecteur 2	9		request_1	1462967222991	1462967223013	OK	 
REQUEST	injecteur 1	7		request_0	1462967222992	1462967223015	OK	 
REQUEST	injecteur 3	3		request_2	1462967222994	1462967223016	OK	 
REQUEST	injecteur 10	5		request_9	1462967222996	1462967223018	OK	 
REQUEST	injecteur 5	10		request_4	1462967222998	1462967223020	OK	 
REQUEST	injecteur 7	2		request_6	1462967223001	1462967223021	OK	 
REQUEST	injecteur 6	8		request_5	1462967223004	1462967223023	OK	 
REQUEST	injecteur 4	1		request_3	1462967223007	1462967223024	OK	 
REQUEST	injecteur 9	6		request_8	1462967223008	1462967223026	OK	 
REQUEST	injecteur 8	4		request_7	1462967223011	1462967223028	OK	 
REQUEST	injecteur 2	9		request_1	1462967223013	1462967223030	OK	 
REQUEST	injecteur 1	7		request_0	1462967223015	1462967223032	OK	 
REQUEST	injecteur 3	3		request_2	1462967223017	1462967223034	OK	 
REQUEST	injecteur 10	5		request_9	1462967223019	1462967223036	OK	 
REQUEST	injecteur 5	10		request_4	1462967223020	1462967223038	OK	 
REQUEST	injecteur 7	2		request_6	1462967223022	1462967223040	OK	 
REQUEST	injecteur 6	8		request_5	1462967223023	1462967223042	OK	 
REQUEST	injecteur 4	1		request_3	1462967223025	1462967223046	OK	 
REQUEST	injecteur 9	6		request_8	1462967223027	1462967223048	OK	 
REQUEST	injecteur 8	4		request_7	1462967223028	1462967223051	OK	 
REQUEST	injecteur 2	9		request_1	1462967223031	1462967223053	OK	 
REQUEST	injecteur 1	7		request_0	1462967223032	1462967223056	OK	 
REQUEST	injecteur 3	3		request_2	1462967223034	1462967223058	OK	 
REQUEST	injecteur 10	5		request_9	1462967223037	1462967223061	OK	 
REQUEST	injecteur 5	10		request_4	1462967223039	1462967223063	OK	 
REQUEST	injecteur 7	2		request_6	1462967223041	1462967223065	OK	 
REQUEST	injecteur 6	8		request_5	1462967223043	1462967223068	OK	 
REQUEST	injecteur 4	1		request_3	1462967223046	1462967223071	OK	 
REQUEST	injecteur 9	6		request_8	1462967223049	1462967223073	OK	 
REQUEST	injecteur 8	4		request_7	1462967223052	1462967223075	OK	 
REQUEST	injecteur 2	9		request_1	1462967223054	1462967223077	OK	 
REQUEST	injecteur 1	7		request_0	1462967223056	1462967223079	OK	 
REQUEST	injecteur 3	3		request_2	1462967223059	1462967223080	OK	 
REQUEST	injecteur 10	5		request_9	1462967223062	1462967223082	OK	 
REQUEST	injecteur 5	10		request_4	1462967223064	1462967223083	OK	 
REQUEST	injecteur 7	2		request_6	1462967223066	1462967223085	OK	 
REQUEST	injecteur 6	8		request_5	1462967223069	1462967223087	OK	 
REQUEST	injecteur 4	1		request_3	1462967223071	1462967223089	OK	 
REQUEST	injecteur 9	6		request_8	1462967223073	1462967223090	OK	 
REQUEST	injecteur 8	4		request_7	1462967223076	1462967223092	OK	 
REQUEST	injecteur 2	9		request_1	1462967223077	1462967223094	OK	 
REQUEST	injecteur 1	7		request_0	1462967223079	1462967223096	OK	 
REQUEST	injecteur 3	3		request_2	1462967223081	1462967223097	OK	 
REQUEST	injecteur 10	5		request_9	1462967223083	1462967223099	OK	 
REQUEST	injecteur 5	10		request_4	1462967223084	1462967223101	OK	 
REQUEST	injecteur 7	2		request_6	1462967223086	1462967223105	OK	 
REQUEST	injecteur 6	8		request_5	1462967223088	1462967223107	OK	 
REQUEST	injecteur 4	1		request_3	1462967223090	1462967223109	OK	 
REQUEST	injecteur 9	6		request_8	1462967223091	1462967223112	OK	 
REQUEST	injecteur 8	4		request_7	1462967223093	1462967223113	OK	 
REQUEST	injecteur 2	9		request_1	1462967223095	1462967223115	OK	 
REQUEST	injecteur 1	7		request_0	1462967223096	1462967223116	OK	 
REQUEST	injecteur 3	3		request_2	1462967223098	1462967223118	OK	 
REQUEST	injecteur 10	5		request_9	1462967223100	1462967223120	OK	 
REQUEST	injecteur 5	10		request_4	1462967223102	1462967223122	OK	 
REQUEST	injecteur 7	2		request_6	1462967223106	1462967223124	OK	 
REQUEST	injecteur 6	8		request_5	1462967223108	1462967223125	OK	 
REQUEST	injecteur 4	1		request_3	1462967223110	1462967223126	OK	 
REQUEST	injecteur 9	6		request_8	1462967223113	1462967223128	OK	 
REQUEST	injecteur 8	4		request_7	1462967223114	1462967223130	OK	 
REQUEST	injecteur 2	9		request_1	1462967223116	1462967223132	OK	 
REQUEST	injecteur 1	7		request_0	1462967223117	1462967223133	OK	 
REQUEST	injecteur 3	3		request_2	1462967223119	1462967223134	OK	 
REQUEST	injecteur 10	5		request_9	1462967223121	1462967223137	OK	 
REQUEST	injecteur 5	10		request_4	1462967223123	1462967223141	OK	 
REQUEST	injecteur 7	2		request_6	1462967223124	1462967223142	OK	 
REQUEST	injecteur 6	8		request_5	1462967223126	1462967223143	OK	 
REQUEST	injecteur 4	1		request_3	1462967223127	1462967223145	OK	 
REQUEST	injecteur 9	6		request_8	1462967223128	1462967223147	OK	 
REQUEST	injecteur 8	4		request_7	1462967223131	1462967223149	OK	 
REQUEST	injecteur 2	9		request_1	1462967223132	1462967223151	OK	 
REQUEST	injecteur 1	7		request_0	1462967223134	1462967223152	OK	 
REQUEST	injecteur 3	3		request_2	1462967223135	1462967223155	OK	 
REQUEST	injecteur 10	5		request_9	1462967223138	1462967223158	OK	 
REQUEST	injecteur 5	10		request_4	1462967223141	1462967223160	OK	 
REQUEST	injecteur 7	2		request_6	1462967223143	1462967223162	OK	 
REQUEST	injecteur 6	8		request_5	1462967223144	1462967223163	OK	 
REQUEST	injecteur 4	1		request_3	1462967223146	1462967223166	OK	 
REQUEST	injecteur 9	6		request_8	1462967223148	1462967223170	OK	 
REQUEST	injecteur 8	4		request_7	1462967223150	1462967223172	OK	 
REQUEST	injecteur 2	9		request_1	1462967223151	1462967223175	OK	 
REQUEST	injecteur 1	7		request_0	1462967223153	1462967223177	OK	 
REQUEST	injecteur 3	3		request_2	1462967223156	1462967223179	OK	 
REQUEST	injecteur 10	5		request_9	1462967223158	1462967223181	OK	 
REQUEST	injecteur 5	10		request_4	1462967223160	1462967223183	OK	 
REQUEST	injecteur 7	2		request_6	1462967223162	1462967223185	OK	 
REQUEST	injecteur 6	8		request_5	1462967223164	1462967223187	OK	 
REQUEST	injecteur 4	1		request_3	1462967223166	1462967223189	OK	 
REQUEST	injecteur 9	6		request_8	1462967223170	1462967223190	OK	 
REQUEST	injecteur 8	4		request_7	1462967223173	1462967223192	OK	 
REQUEST	injecteur 2	9		request_1	1462967223176	1462967223194	OK	 
REQUEST	injecteur 1	7		request_0	1462967223178	1462967223197	OK	 
REQUEST	injecteur 3	3		request_2	1462967223180	1462967223198	OK	 
REQUEST	injecteur 10	5		request_9	1462967223182	1462967223201	OK	 
REQUEST	injecteur 5	10		request_4	1462967223184	1462967223203	OK	 
REQUEST	injecteur 7	2		request_6	1462967223186	1462967223206	OK	 
REQUEST	injecteur 6	8		request_5	1462967223188	1462967223207	OK	 
REQUEST	injecteur 4	1		request_3	1462967223189	1462967223210	OK	 
REQUEST	injecteur 9	6		request_8	1462967223191	1462967223212	OK	 
REQUEST	injecteur 8	4		request_7	1462967223192	1462967223214	OK	 
REQUEST	injecteur 2	9		request_1	1462967223194	1462967223216	OK	 
REQUEST	injecteur 1	7		request_0	1462967223197	1462967223218	OK	 
REQUEST	injecteur 3	3		request_2	1462967223200	1462967223221	OK	 
REQUEST	injecteur 10	5		request_9	1462967223201	1462967223222	OK	 
REQUEST	injecteur 5	10		request_4	1462967223203	1462967223224	OK	 
REQUEST	injecteur 7	2		request_6	1462967223206	1462967223226	OK	 
REQUEST	injecteur 6	8		request_5	1462967223208	1462967223231	OK	 
REQUEST	injecteur 4	1		request_3	1462967223211	1462967223233	OK	 
REQUEST	injecteur 9	6		request_8	1462967223213	1462967223235	OK	 
REQUEST	injecteur 8	4		request_7	1462967223215	1462967223239	OK	 
REQUEST	injecteur 2	9		request_1	1462967223217	1462967223241	OK	 
REQUEST	injecteur 1	7		request_0	1462967223219	1462967223244	OK	 
REQUEST	injecteur 3	3		request_2	1462967223221	1462967223245	OK	 
REQUEST	injecteur 10	5		request_9	1462967223223	1462967223247	OK	 
REQUEST	injecteur 5	10		request_4	1462967223225	1462967223249	OK	 
REQUEST	injecteur 9	6		request_8	1462967223236	1462967223252	OK	 
REQUEST	injecteur 7	2		request_6	1462967223227	1462967223253	OK	 
REQUEST	injecteur 6	8		request_5	1462967223232	1462967223256	OK	 
REQUEST	injecteur 4	1		request_3	1462967223233	1462967223258	OK	 
REQUEST	injecteur 8	4		request_7	1462967223240	1462967223261	OK	 
REQUEST	injecteur 2	9		request_1	1462967223242	1462967223263	OK	 
REQUEST	injecteur 1	7		request_0	1462967223244	1462967223264	OK	 
REQUEST	injecteur 3	3		request_2	1462967223246	1462967223266	OK	 
REQUEST	injecteur 10	5		request_9	1462967223248	1462967223268	OK	 
REQUEST	injecteur 5	10		request_4	1462967223249	1462967223269	OK	 
REQUEST	injecteur 9	6		request_8	1462967223252	1462967223271	OK	 
REQUEST	injecteur 7	2		request_6	1462967223254	1462967223272	OK	 
REQUEST	injecteur 6	8		request_5	1462967223257	1462967223274	OK	 
REQUEST	injecteur 4	1		request_3	1462967223259	1462967223276	OK	 
REQUEST	injecteur 8	4		request_7	1462967223261	1462967223277	OK	 
REQUEST	injecteur 2	9		request_1	1462967223263	1462967223278	OK	 
REQUEST	injecteur 1	7		request_0	1462967223265	1462967223280	OK	 
REQUEST	injecteur 3	3		request_2	1462967223267	1462967223281	OK	 
REQUEST	injecteur 10	5		request_9	1462967223268	1462967223283	OK	 
REQUEST	injecteur 5	10		request_4	1462967223270	1462967223285	OK	 
REQUEST	injecteur 9	6		request_8	1462967223271	1462967223286	OK	 
REQUEST	injecteur 7	2		request_6	1462967223273	1462967223288	OK	 
REQUEST	injecteur 6	8		request_5	1462967223274	1462967223290	OK	 
REQUEST	injecteur 4	1		request_3	1462967223276	1462967223291	OK	 
REQUEST	injecteur 8	4		request_7	1462967223278	1462967223293	OK	 
REQUEST	injecteur 2	9		request_1	1462967223279	1462967223294	OK	 
REQUEST	injecteur 1	7		request_0	1462967223280	1462967223295	OK	 
REQUEST	injecteur 3	3		request_2	1462967223282	1462967223297	OK	 
REQUEST	injecteur 10	5		request_9	1462967223284	1462967223299	OK	 
REQUEST	injecteur 5	10		request_4	1462967223286	1462967223300	OK	 
REQUEST	injecteur 9	6		request_8	1462967223287	1462967223302	OK	 
REQUEST	injecteur 7	2		request_6	1462967223289	1462967223304	OK	 
REQUEST	injecteur 6	8		request_5	1462967223290	1462967223306	OK	 
REQUEST	injecteur 4	1		request_3	1462967223292	1462967223307	OK	 
REQUEST	injecteur 8	4		request_7	1462967223293	1462967223309	OK	 
REQUEST	injecteur 2	9		request_1	1462967223295	1462967223310	OK	 
REQUEST	injecteur 1	7		request_0	1462967223296	1462967223312	OK	 
REQUEST	injecteur 3	3		request_2	1462967223298	1462967223314	OK	 
REQUEST	injecteur 10	5		request_9	1462967223299	1462967223315	OK	 
REQUEST	injecteur 5	10		request_4	1462967223301	1462967223317	OK	 
REQUEST	injecteur 9	6		request_8	1462967223303	1462967223318	OK	 
REQUEST	injecteur 7	2		request_6	1462967223305	1462967223320	OK	 
REQUEST	injecteur 6	8		request_5	1462967223306	1462967223321	OK	 
REQUEST	injecteur 4	1		request_3	1462967223308	1462967223322	OK	 
REQUEST	injecteur 8	4		request_7	1462967223310	1462967223324	OK	 
REQUEST	injecteur 2	9		request_1	1462967223311	1462967223326	OK	 
REQUEST	injecteur 1	7		request_0	1462967223313	1462967223327	OK	 
REQUEST	injecteur 3	3		request_2	1462967223314	1462967223329	OK	 
REQUEST	injecteur 10	5		request_9	1462967223316	1462967223331	OK	 
REQUEST	injecteur 5	10		request_4	1462967223317	1462967223333	OK	 
REQUEST	injecteur 9	6		request_8	1462967223319	1462967223335	OK	 
REQUEST	injecteur 7	2		request_6	1462967223320	1462967223336	OK	 
REQUEST	injecteur 6	8		request_5	1462967223322	1462967223337	OK	 
REQUEST	injecteur 4	1		request_3	1462967223323	1462967223339	OK	 
REQUEST	injecteur 8	4		request_7	1462967223325	1462967223341	OK	 
REQUEST	injecteur 2	9		request_1	1462967223326	1462967223343	OK	 
REQUEST	injecteur 1	7		request_0	1462967223328	1462967223344	OK	 
REQUEST	injecteur 3	3		request_2	1462967223329	1462967223345	OK	 
REQUEST	injecteur 10	5		request_9	1462967223331	1462967223347	OK	 
REQUEST	injecteur 5	10		request_4	1462967223334	1462967223348	OK	 
REQUEST	injecteur 9	6		request_8	1462967223335	1462967223350	OK	 
REQUEST	injecteur 7	2		request_6	1462967223337	1462967223351	OK	 
REQUEST	injecteur 6	8		request_5	1462967223338	1462967223353	OK	 
REQUEST	injecteur 4	1		request_3	1462967223340	1462967223354	OK	 
REQUEST	injecteur 8	4		request_7	1462967223341	1462967223356	OK	 
REQUEST	injecteur 2	9		request_1	1462967223343	1462967223357	OK	 
REQUEST	injecteur 1	7		request_0	1462967223345	1462967223359	OK	 
REQUEST	injecteur 3	3		request_2	1462967223346	1462967223361	OK	 
REQUEST	injecteur 10	5		request_9	1462967223348	1462967223362	OK	 
REQUEST	injecteur 5	10		request_4	1462967223349	1462967223364	OK	 
REQUEST	injecteur 9	6		request_8	1462967223351	1462967223365	OK	 
REQUEST	injecteur 7	2		request_6	1462967223352	1462967223366	OK	 
REQUEST	injecteur 6	8		request_5	1462967223353	1462967223369	OK	 
REQUEST	injecteur 4	1		request_3	1462967223355	1462967223371	OK	 
REQUEST	injecteur 8	4		request_7	1462967223357	1462967223373	OK	 
REQUEST	injecteur 2	9		request_1	1462967223358	1462967223375	OK	 
REQUEST	injecteur 1	7		request_0	1462967223360	1462967223376	OK	 
REQUEST	injecteur 3	3		request_2	1462967223361	1462967223378	OK	 
REQUEST	injecteur 10	5		request_9	1462967223362	1462967223379	OK	 
REQUEST	injecteur 5	10		request_4	1462967223364	1462967223381	OK	 
REQUEST	injecteur 9	6		request_8	1462967223366	1462967223382	OK	 
REQUEST	injecteur 7	2		request_6	1462967223367	1462967223384	OK	 
REQUEST	injecteur 6	8		request_5	1462967223369	1462967223388	OK	 
REQUEST	injecteur 4	1		request_3	1462967223372	1462967223389	OK	 
REQUEST	injecteur 8	4		request_7	1462967223373	1462967223391	OK	 
REQUEST	injecteur 2	9		request_1	1462967223375	1462967223394	OK	 
REQUEST	injecteur 1	7		request_0	1462967223377	1462967223400	OK	 
REQUEST	injecteur 3	3		request_2	1462967223378	1462967223402	OK	 
REQUEST	injecteur 10	5		request_9	1462967223380	1462967223404	OK	 
REQUEST	injecteur 5	10		request_4	1462967223381	1462967223405	OK	 
REQUEST	injecteur 9	6		request_8	1462967223383	1462967223408	OK	 
REQUEST	injecteur 7	2		request_6	1462967223385	1462967223409	OK	 
REQUEST	injecteur 6	8		request_5	1462967223388	1462967223411	OK	 
REQUEST	injecteur 4	1		request_3	1462967223390	1462967223412	OK	 
REQUEST	injecteur 8	4		request_7	1462967223392	1462967223415	OK	 
REQUEST	injecteur 2	9		request_1	1462967223395	1462967223419	OK	 
REQUEST	injecteur 1	7		request_0	1462967223401	1462967223421	OK	 
REQUEST	injecteur 3	3		request_2	1462967223403	1462967223422	OK	 
REQUEST	injecteur 10	5		request_9	1462967223404	1462967223424	OK	 
REQUEST	injecteur 5	10		request_4	1462967223406	1462967223427	OK	 
REQUEST	injecteur 9	6		request_8	1462967223408	1462967223431	OK	 
REQUEST	injecteur 7	2		request_6	1462967223410	1462967223435	OK	 
REQUEST	injecteur 6	8		request_5	1462967223412	1462967223439	OK	 
REQUEST	injecteur 4	1		request_3	1462967223413	1462967223442	OK	 
REQUEST	injecteur 5	10		request_4	1462967223427	1462967223443	OK	 
REQUEST	injecteur 7	2		request_6	1462967223436	1462967223446	OK	 
REQUEST	injecteur 8	4		request_7	1462967223416	1462967223451	OK	 
REQUEST	injecteur 2	9		request_1	1462967223419	1462967223452	OK	 
REQUEST	injecteur 1	7		request_0	1462967223421	1462967223456	OK	 
REQUEST	injecteur 3	3		request_2	1462967223423	1462967223458	OK	 
REQUEST	injecteur 10	5		request_9	1462967223424	1462967223460	OK	 
REQUEST	injecteur 9	6		request_8	1462967223432	1462967223461	OK	 
REQUEST	injecteur 6	8		request_5	1462967223440	1462967223463	OK	 
REQUEST	injecteur 4	1		request_3	1462967223442	1462967223465	OK	 
REQUEST	injecteur 5	10		request_4	1462967223444	1462967223467	OK	 
REQUEST	injecteur 7	2		request_6	1462967223447	1462967223469	OK	 
REQUEST	injecteur 8	4		request_7	1462967223451	1462967223472	OK	 
REQUEST	injecteur 2	9		request_1	1462967223453	1462967223473	OK	 
REQUEST	injecteur 1	7		request_0	1462967223457	1462967223475	OK	 
REQUEST	injecteur 3	3		request_2	1462967223458	1462967223476	OK	 
REQUEST	injecteur 10	5		request_9	1462967223460	1462967223478	OK	 
REQUEST	injecteur 9	6		request_8	1462967223462	1462967223480	OK	 
REQUEST	injecteur 6	8		request_5	1462967223464	1462967223482	OK	 
REQUEST	injecteur 4	1		request_3	1462967223465	1462967223485	OK	 
REQUEST	injecteur 5	10		request_4	1462967223468	1462967223486	OK	 
REQUEST	injecteur 7	2		request_6	1462967223470	1462967223489	OK	 
REQUEST	injecteur 8	4		request_7	1462967223472	1462967223490	OK	 
REQUEST	injecteur 2	9		request_1	1462967223474	1462967223492	OK	 
REQUEST	injecteur 1	7		request_0	1462967223475	1462967223494	OK	 
REQUEST	injecteur 3	3		request_2	1462967223477	1462967223495	OK	 
REQUEST	injecteur 10	5		request_9	1462967223479	1462967223497	OK	 
REQUEST	injecteur 9	6		request_8	1462967223481	1462967223499	OK	 
REQUEST	injecteur 6	8		request_5	1462967223483	1462967223501	OK	 
REQUEST	injecteur 4	1		request_3	1462967223485	1462967223503	OK	 
REQUEST	injecteur 5	10		request_4	1462967223487	1462967223506	OK	 
REQUEST	injecteur 7	2		request_6	1462967223489	1462967223508	OK	 
REQUEST	injecteur 8	4		request_7	1462967223491	1462967223510	OK	 
REQUEST	injecteur 2	9		request_1	1462967223493	1462967223512	OK	 
REQUEST	injecteur 1	7		request_0	1462967223494	1462967223514	OK	 
REQUEST	injecteur 9	6		request_8	1462967223500	1462967223524	OK	 
REQUEST	injecteur 6	8		request_5	1462967223502	1462967223524	OK	 
REQUEST	injecteur 5	10		request_4	1462967223507	1462967223530	OK	 
REQUEST	injecteur 10	5		request_9	1462967223498	1462967223532	OK	 
REQUEST	injecteur 4	1		request_3	1462967223504	1462967223533	OK	 
REQUEST	injecteur 7	2		request_6	1462967223508	1462967223533	OK	 
REQUEST	injecteur 3	3		request_2	1462967223496	1462967223534	OK	 
REQUEST	injecteur 8	4		request_7	1462967223510	1462967223534	OK	 
REQUEST	injecteur 6	8		request_5	1462967223524	1462967223537	OK	 
REQUEST	injecteur 2	9		request_1	1462967223512	1462967223540	OK	 
REQUEST	injecteur 1	7		request_0	1462967223515	1462967223542	OK	 
REQUEST	injecteur 9	6		request_8	1462967223525	1462967223544	OK	 
REQUEST	injecteur 5	10		request_4	1462967223530	1462967223546	OK	 
REQUEST	injecteur 10	5		request_9	1462967223532	1462967223548	OK	 
REQUEST	injecteur 4	1		request_3	1462967223533	1462967223550	OK	 
REQUEST	injecteur 7	2		request_6	1462967223534	1462967223552	OK	 
REQUEST	injecteur 8	4		request_7	1462967223535	1462967223555	OK	 
REQUEST	injecteur 3	3		request_2	1462967223535	1462967223557	OK	 
REQUEST	injecteur 6	8		request_5	1462967223538	1462967223559	OK	 
REQUEST	injecteur 2	9		request_1	1462967223541	1462967223562	OK	 
REQUEST	injecteur 1	7		request_0	1462967223542	1462967223564	OK	 
REQUEST	injecteur 9	6		request_8	1462967223544	1462967223567	OK	 
REQUEST	injecteur 5	10		request_4	1462967223546	1462967223569	OK	 
REQUEST	injecteur 10	5		request_9	1462967223549	1462967223571	OK	 
REQUEST	injecteur 4	1		request_3	1462967223551	1462967223573	OK	 
REQUEST	injecteur 7	2		request_6	1462967223553	1462967223575	OK	 
REQUEST	injecteur 8	4		request_7	1462967223555	1462967223577	OK	 
REQUEST	injecteur 3	3		request_2	1462967223558	1462967223579	OK	 
REQUEST	injecteur 6	8		request_5	1462967223560	1462967223581	OK	 
REQUEST	injecteur 2	9		request_1	1462967223563	1462967223583	OK	 
REQUEST	injecteur 1	7		request_0	1462967223564	1462967223585	OK	 
REQUEST	injecteur 9	6		request_8	1462967223568	1462967223587	OK	 
REQUEST	injecteur 5	10		request_4	1462967223570	1462967223589	OK	 
REQUEST	injecteur 10	5		request_9	1462967223572	1462967223591	OK	 
REQUEST	injecteur 4	1		request_3	1462967223574	1462967223593	OK	 
REQUEST	injecteur 7	2		request_6	1462967223576	1462967223595	OK	 
REQUEST	injecteur 8	4		request_7	1462967223577	1462967223597	OK	 
REQUEST	injecteur 3	3		request_2	1462967223580	1462967223600	OK	 
REQUEST	injecteur 6	8		request_5	1462967223582	1462967223602	OK	 
REQUEST	injecteur 2	9		request_1	1462967223584	1462967223604	OK	 
REQUEST	injecteur 1	7		request_0	1462967223586	1462967223606	OK	 
REQUEST	injecteur 9	6		request_8	1462967223588	1462967223608	OK	 
REQUEST	injecteur 5	10		request_4	1462967223589	1462967223610	OK	 
REQUEST	injecteur 7	2		request_6	1462967223595	1462967223618	OK	 
REQUEST	injecteur 8	4		request_7	1462967223598	1462967223621	OK	 
REQUEST	injecteur 3	3		request_2	1462967223600	1462967223624	OK	 
REQUEST	injecteur 6	8		request_5	1462967223603	1462967223626	OK	 
REQUEST	injecteur 5	10		request_4	1462967223611	1462967223629	OK	 
REQUEST	injecteur 7	2		request_6	1462967223618	1462967223632	OK	 
REQUEST	injecteur 10	5		request_9	1462967223591	1462967223635	OK	 
REQUEST	injecteur 4	1		request_3	1462967223593	1462967223635	OK	 
REQUEST	injecteur 1	7		request_0	1462967223606	1462967223635	OK	 
REQUEST	injecteur 2	9		request_1	1462967223604	1462967223637	OK	 
REQUEST	injecteur 9	6		request_8	1462967223608	1462967223638	OK	 
REQUEST	injecteur 8	4		request_7	1462967223622	1462967223642	OK	 
REQUEST	injecteur 3	3		request_2	1462967223625	1462967223644	OK	 
REQUEST	injecteur 6	8		request_5	1462967223626	1462967223645	OK	 
REQUEST	injecteur 5	10		request_4	1462967223630	1462967223647	OK	 
REQUEST	injecteur 7	2		request_6	1462967223633	1462967223650	OK	 
REQUEST	injecteur 1	7		request_0	1462967223636	1462967223653	OK	 
REQUEST	injecteur 9	6		request_8	1462967223639	1462967223655	OK	 
REQUEST	injecteur 8	4		request_7	1462967223642	1462967223663	OK	 
REQUEST	injecteur 3	3		request_2	1462967223644	1462967223665	OK	 
REQUEST	injecteur 10	5		request_9	1462967223636	1462967223665	OK	 
REQUEST	injecteur 4	1		request_3	1462967223636	1462967223666	OK	 
REQUEST	injecteur 5	10		request_4	1462967223648	1462967223666	OK	 
REQUEST	injecteur 2	9		request_1	1462967223637	1462967223668	OK	 
REQUEST	injecteur 7	2		request_6	1462967223651	1462967223670	OK	 
REQUEST	injecteur 9	6		request_8	1462967223656	1462967223672	OK	 
REQUEST	injecteur 6	8		request_5	1462967223646	1462967223673	OK	 
REQUEST	injecteur 1	7		request_0	1462967223654	1462967223677	OK	 
REQUEST	injecteur 8	4		request_7	1462967223664	1462967223681	OK	 
REQUEST	injecteur 6	8		request_5	1462967223674	1462967223683	OK	 
REQUEST	injecteur 1	7		request_0	1462967223678	1462967223685	OK	 
REQUEST	injecteur 3	3		request_2	1462967223665	1462967223690	OK	 
REQUEST	injecteur 10	5		request_9	1462967223666	1462967223693	OK	 
REQUEST	injecteur 5	10		request_4	1462967223667	1462967223697	OK	 
REQUEST	injecteur 4	1		request_3	1462967223667	1462967223699	OK	 
REQUEST	injecteur 7	2		request_6	1462967223670	1462967223701	OK	 
REQUEST	injecteur 2	9		request_1	1462967223671	1462967223710	OK	 
REQUEST	injecteur 9	6		request_8	1462967223673	1462967223712	OK	 
REQUEST	injecteur 1	7		request_0	1462967223686	1462967223714	OK	 
REQUEST	injecteur 8	4		request_7	1462967223682	1462967223715	OK	 
REQUEST	injecteur 6	8		request_5	1462967223684	1462967223719	OK	 
REQUEST	injecteur 10	5		request_9	1462967223694	1462967223726	OK	 
REQUEST	injecteur 3	3		request_2	1462967223691	1462967223729	OK	 
REQUEST	injecteur 4	1		request_3	1462967223700	1462967223731	OK	 
REQUEST	injecteur 5	10		request_4	1462967223698	1462967223733	OK	 
REQUEST	injecteur 8	4		request_7	1462967223716	1462967223735	OK	 
REQUEST	injecteur 7	2		request_6	1462967223702	1462967223735	OK	 
REQUEST	injecteur 6	8		request_5	1462967223720	1462967223739	OK	 
REQUEST	injecteur 2	9		request_1	1462967223711	1462967223741	OK	 
REQUEST	injecteur 9	6		request_8	1462967223713	1462967223744	OK	 
REQUEST	injecteur 1	7		request_0	1462967223715	1462967223746	OK	 
REQUEST	injecteur 10	5		request_9	1462967223727	1462967223749	OK	 
REQUEST	injecteur 3	3		request_2	1462967223730	1462967223751	OK	 
REQUEST	injecteur 4	1		request_3	1462967223732	1462967223753	OK	 
REQUEST	injecteur 5	10		request_4	1462967223734	1462967223755	OK	 
REQUEST	injecteur 7	2		request_6	1462967223735	1462967223757	OK	 
REQUEST	injecteur 8	4		request_7	1462967223736	1462967223759	OK	 
REQUEST	injecteur 6	8		request_5	1462967223740	1462967223761	OK	 
REQUEST	injecteur 2	9		request_1	1462967223742	1462967223763	OK	 
REQUEST	injecteur 9	6		request_8	1462967223745	1462967223765	OK	 
REQUEST	injecteur 1	7		request_0	1462967223747	1462967223767	OK	 
REQUEST	injecteur 10	5		request_9	1462967223749	1462967223769	OK	 
REQUEST	injecteur 3	3		request_2	1462967223752	1462967223772	OK	 
REQUEST	injecteur 4	1		request_3	1462967223754	1462967223773	OK	 
REQUEST	injecteur 5	10		request_4	1462967223756	1462967223775	OK	 
REQUEST	injecteur 7	2		request_6	1462967223758	1462967223777	OK	 
REQUEST	injecteur 8	4		request_7	1462967223759	1462967223779	OK	 
REQUEST	injecteur 6	8		request_5	1462967223762	1462967223782	OK	 
REQUEST	injecteur 9	6		request_8	1462967223765	1462967223787	OK	 
REQUEST	injecteur 2	9		request_1	1462967223764	1462967223789	OK	 
REQUEST	injecteur 10	5		request_9	1462967223770	1462967223792	OK	 
REQUEST	injecteur 1	7		request_0	1462967223768	1462967223794	OK	 
REQUEST	injecteur 6	8		request_5	1462967223783	1462967223795	OK	 
REQUEST	injecteur 3	3		request_2	1462967223772	1462967223800	OK	 
REQUEST	injecteur 4	1		request_3	1462967223774	1462967223802	OK	 
REQUEST	injecteur 5	10		request_4	1462967223776	1462967223806	OK	 
REQUEST	injecteur 7	2		request_6	1462967223778	1462967223808	OK	 
REQUEST	injecteur 8	4		request_7	1462967223780	1462967223810	OK	 
REQUEST	injecteur 9	6		request_8	1462967223788	1462967223812	OK	 
REQUEST	injecteur 2	9		request_1	1462967223790	1462967223814	OK	 
REQUEST	injecteur 6	8		request_5	1462967223795	1462967223818	OK	 
REQUEST	injecteur 4	1		request_3	1462967223803	1462967223820	OK	 
REQUEST	injecteur 10	5		request_9	1462967223792	1462967223822	OK	 
REQUEST	injecteur 1	7		request_0	1462967223794	1462967223824	OK	 
REQUEST	injecteur 3	3		request_2	1462967223800	1462967223826	OK	 
REQUEST	injecteur 5	10		request_4	1462967223807	1462967223828	OK	 
REQUEST	injecteur 7	2		request_6	1462967223809	1462967223833	OK	 
REQUEST	injecteur 8	4		request_7	1462967223811	1462967223835	OK	 
REQUEST	injecteur 9	6		request_8	1462967223813	1462967223840	OK	 
REQUEST	injecteur 2	9		request_1	1462967223815	1462967223841	OK	 
REQUEST	injecteur 6	8		request_5	1462967223819	1462967223844	OK	 
REQUEST	injecteur 4	1		request_3	1462967223821	1462967223848	OK	 
REQUEST	injecteur 10	5		request_9	1462967223823	1462967223850	OK	 
REQUEST	injecteur 1	7		request_0	1462967223825	1462967223853	OK	 
REQUEST	injecteur 3	3		request_2	1462967223827	1462967223855	OK	 
REQUEST	injecteur 5	10		request_4	1462967223829	1462967223857	OK	 
REQUEST	injecteur 7	2		request_6	1462967223833	1462967223859	OK	 
REQUEST	injecteur 8	4		request_7	1462967223835	1462967223864	OK	 
REQUEST	injecteur 6	8		request_5	1462967223845	1462967223866	OK	 
REQUEST	injecteur 9	6		request_8	1462967223840	1462967223868	OK	 
REQUEST	injecteur 2	9		request_1	1462967223842	1462967223870	OK	 
REQUEST	injecteur 4	1		request_3	1462967223849	1462967223874	OK	 
REQUEST	injecteur 10	5		request_9	1462967223851	1462967223876	OK	 
REQUEST	injecteur 1	7		request_0	1462967223853	1462967223878	OK	 
REQUEST	injecteur 3	3		request_2	1462967223855	1462967223880	OK	 
REQUEST	injecteur 5	10		request_4	1462967223857	1462967223882	OK	 
REQUEST	injecteur 5	10		request_4	1462967223882	1462967223886	OK	 
REQUEST	injecteur 8	4		request_7	1462967223864	1462967223890	OK	 
REQUEST	injecteur 6	8		request_5	1462967223867	1462967223892	OK	 
REQUEST	injecteur 9	6		request_8	1462967223869	1462967223893	OK	 
REQUEST	injecteur 2	9		request_1	1462967223870	1462967223895	OK	 
REQUEST	injecteur 4	1		request_3	1462967223874	1462967223898	OK	 
REQUEST	injecteur 10	5		request_9	1462967223876	1462967223900	OK	 
REQUEST	injecteur 1	7		request_0	1462967223878	1462967223902	OK	 
REQUEST	injecteur 3	3		request_2	1462967223881	1462967223904	OK	 
REQUEST	injecteur 8	4		request_7	1462967223891	1462967223906	OK	 
REQUEST	injecteur 9	6		request_8	1462967223894	1462967223908	OK	 
REQUEST	injecteur 2	9		request_1	1462967223896	1462967223910	OK	 
REQUEST	injecteur 4	1		request_3	1462967223898	1462967223913	OK	 
REQUEST	injecteur 10	5		request_9	1462967223900	1462967223915	OK	 
REQUEST	injecteur 1	7		request_0	1462967223902	1462967223917	OK	 
REQUEST	injecteur 3	3		request_2	1462967223905	1462967223919	OK	 
REQUEST	injecteur 8	4		request_7	1462967223907	1462967223921	OK	 
REQUEST	injecteur 9	6		request_8	1462967223909	1462967223923	OK	 
REQUEST	injecteur 2	9		request_1	1462967223911	1462967223925	OK	 
REQUEST	injecteur 4	1		request_3	1462967223914	1462967223927	OK	 
REQUEST	injecteur 10	5		request_9	1462967223915	1462967223929	OK	 
REQUEST	injecteur 1	7		request_0	1462967223917	1462967223932	OK	 
REQUEST	injecteur 3	3		request_2	1462967223919	1462967223933	OK	 
REQUEST	injecteur 2	9		request_1	1462967223926	1462967223936	OK	 
REQUEST	injecteur 4	1		request_3	1462967223928	1462967223938	OK	 
REQUEST	injecteur 10	5		request_9	1462967223930	1462967223940	OK	 
REQUEST	injecteur 1	7		request_0	1462967223932	1462967223942	OK	 
REQUEST	injecteur 3	3		request_2	1462967223934	1462967223945	OK	 
REQUEST	injecteur 2	9		request_1	1462967223936	1462967223947	OK	 
REQUEST	injecteur 4	1		request_3	1462967223938	1462967223950	OK	 
REQUEST	injecteur 10	5		request_9	1462967223941	1462967223952	OK	 
REQUEST	injecteur 3	3		request_2	1462967223946	1462967223954	OK	 
REQUEST	injecteur 2	9		request_1	1462967223948	1462967223956	OK	 
REQUEST	injecteur 10	5		request_9	1462967223953	1462967223958	OK	 
REQUEST	injecteur 6	8		Sensor_Synthesis_Check 5	1462967224880	1462967225901	KO	j.n.ConnectException: Connection refused: no further information: localhost/127.0.0.1:8080
REQUEST	injecteur 4	1		Sensor_Synthesis_Check 3	1462967224880	1462967225910	KO	j.n.ConnectException: Connection refused: no further information: localhost/127.0.0.1:8080
REQUEST	injecteur 2	9		Sensor_Synthesis_Check 1	1462967224923	1462967225926	KO	j.n.ConnectException: Connection refused: no further information: localhost/127.0.0.1:8080
REQUEST	injecteur 3	3		Sensor_Synthesis_Check 2	1462967224921	1462967225930	KO	j.n.ConnectException: Connection refused: no further information: localhost/127.0.0.1:8080
REQUEST	injecteur 8	4		Sensor_Synthesis_Check 7	1462967224908	1462967225929	KO	j.n.ConnectException: Connection refused: no further information: localhost/127.0.0.1:8080
REQUEST	injecteur 5	10		Sensor_Synthesis_Check 4	1462967224865	1462967225932	KO	j.n.ConnectException: Connection refused: no further information: localhost/127.0.0.1:8080
REQUEST	injecteur 7	2		Sensor_Synthesis_Check 6	1462967224826	1462967225937	KO	j.n.ConnectException: Connection refused: no further information: localhost/127.0.0.1:8080
REQUEST	injecteur 9	6		Sensor_Synthesis_Check 8	1462967224909	1462967225939	KO	j.n.ConnectException: Connection refused: no further information: localhost/127.0.0.1:8080
REQUEST	injecteur 1	7		Sensor_Synthesis_Check 0	1462967224909	1462967225940	KO	j.n.ConnectException: Connection refused: no further information: localhost/127.0.0.1:8080
REQUEST	injecteur 10	5		Sensor_Synthesis_Check 9	1462967224942	1462967225956	KO	j.n.ConnectException: Connection refused: no further information: localhost/127.0.0.1:8080
REQUEST	injecteur 4	1		request_3	1462967225943	1462967226958	KO	j.n.ConnectException: Connection refused: no further information: localhost/127.0.0.1:8080
REQUEST	injecteur 2	9		request_1	1462967225936	1462967226958	KO	j.n.ConnectException: Connection refused: no further information: localhost/127.0.0.1:8080
REQUEST	injecteur 9	6		request_8	1462967225963	1462967226968	KO	j.n.ConnectException: Connection refused: no further information: localhost/127.0.0.1:8080
REQUEST	injecteur 5	10		request_4	1462967225959	1462967226968	KO	j.n.ConnectException: Connection refused: no further information: localhost/127.0.0.1:8080
REQUEST	injecteur 3	3		request_2	1462967225961	1462967226989	KO	j.n.ConnectException: Connection refused: no further information: localhost/127.0.0.1:8080
REQUEST	injecteur 1	7		request_0	1462967225968	1462967226988	KO	j.n.ConnectException: Connection refused: no further information: localhost/127.0.0.1:8080
REQUEST	injecteur 10	5		request_9	1462967225969	1462967226988	KO	j.n.ConnectException: Connection refused: no further information: localhost/127.0.0.1:8080
REQUEST	injecteur 6	8		request_5	1462967225938	1462967227012	KO	j.n.ConnectException: Connection refused: no further information: localhost/127.0.0.1:8080
REQUEST	injecteur 8	4		request_7	1462967225956	1462967227014	KO	j.n.ConnectException: Connection refused: no further information: localhost/127.0.0.1:8080
REQUEST	injecteur 7	2		request_6	1462967225987	1462967227014	KO	j.n.ConnectException: Connection refused: no further information: localhost/127.0.0.1:8080
REQUEST	injecteur 4	1		request_3	1462967226959	1462967227957	KO	j.n.ConnectException: Connection refused: no further information: localhost/127.0.0.1:8080
REQUEST	injecteur 2	9		request_1	1462967226959	1462967227967	KO	j.n.ConnectException: Connection refused: no further information: localhost/127.0.0.1:8080
REQUEST	injecteur 9	6		request_8	1462967226969	1462967227979	KO	j.n.ConnectException: Connection refused: no further information: localhost/127.0.0.1:8080
REQUEST	injecteur 5	10		request_4	1462967226972	1462967227987	KO	j.n.ConnectException: Connection refused: no further information: localhost/127.0.0.1:8080
REQUEST	injecteur 1	7		request_0	1462967226990	1462967227997	KO	j.n.ConnectException: Connection refused: no further information: localhost/127.0.0.1:8080
REQUEST	injecteur 8	4		request_7	1462967227015	1462967228013	KO	j.n.ConnectException: Connection refused: no further information: localhost/127.0.0.1:8080
REQUEST	injecteur 10	5		request_9	1462967227005	1462967228023	KO	j.n.ConnectException: Connection refused: no further information: localhost/127.0.0.1:8080
REQUEST	injecteur 3	3		request_2	1462967227004	1462967228032	KO	j.n.ConnectException: Connection refused: no further information: localhost/127.0.0.1:8080
REQUEST	injecteur 7	2		request_6	1462967227016	1462967228033	KO	j.n.ConnectException: Connection refused: no further information: localhost/127.0.0.1:8080
REQUEST	injecteur 6	8		request_5	1462967227013	1462967228032	KO	j.n.ConnectException: Connection refused: no further information: localhost/127.0.0.1:8080
REQUEST	injecteur 4	1		request_3	1462967227960	1462967228963	KO	j.n.ConnectException: Connection refused: no further information: localhost/127.0.0.1:8080
REQUEST	injecteur 2	9		request_1	1462967227968	1462967228973	KO	j.n.ConnectException: Connection refused: no further information: localhost/127.0.0.1:8080
REQUEST	injecteur 9	6		request_8	1462967227981	1462967228987	KO	j.n.ConnectException: Connection refused: no further information: localhost/127.0.0.1:8080
REQUEST	injecteur 5	10		request_4	1462967227988	1462967229001	KO	j.n.ConnectException: Connection refused: no further information: localhost/127.0.0.1:8080
REQUEST	injecteur 1	7		request_0	1462967227998	1462967229009	KO	j.n.ConnectException: Connection refused: no further information: localhost/127.0.0.1:8080
REQUEST	injecteur 8	4		request_7	1462967228013	1462967229017	KO	j.n.ConnectException: Connection refused: no further information: localhost/127.0.0.1:8080
REQUEST	injecteur 10	5		request_9	1462967228026	1462967229028	KO	j.n.ConnectException: Connection refused: no further information: localhost/127.0.0.1:8080
REQUEST	injecteur 6	8		request_5	1462967228035	1462967229038	KO	j.n.ConnectException: Connection refused: no further information: localhost/127.0.0.1:8080
REQUEST	injecteur 7	2		request_6	1462967228034	1462967229038	KO	j.n.ConnectException: Connection refused: no further information: localhost/127.0.0.1:8080
REQUEST	injecteur 3	3		request_2	1462967228033	1462967229038	KO	j.n.ConnectException: Connection refused: no further information: localhost/127.0.0.1:8080
REQUEST	injecteur 4	1		request_3	1462967228965	1462967229970	KO	j.n.ConnectException: Connection refused: no further information: localhost/127.0.0.1:8080
REQUEST	injecteur 2	9		request_1	1462967228975	1462967229980	KO	j.n.ConnectException: Connection refused: no further information: localhost/127.0.0.1:8080
REQUEST	injecteur 9	6		request_8	1462967228988	1462967230000	KO	j.n.ConnectException: Connection refused: no further information: localhost/127.0.0.1:8080
REQUEST	injecteur 5	10		request_4	1462967229003	1462967230011	KO	j.n.ConnectException: Connection refused: no further information: localhost/127.0.0.1:8080
REQUEST	injecteur 1	7		request_0	1462967229010	1462967230020	KO	j.n.ConnectException: Connection refused: no further information: localhost/127.0.0.1:8080
REQUEST	injecteur 8	4		request_7	1462967229018	1462967230020	KO	j.n.ConnectException: Connection refused: no further information: localhost/127.0.0.1:8080
REQUEST	injecteur 10	5		request_9	1462967229029	1462967230030	KO	j.n.ConnectException: Connection refused: no further information: localhost/127.0.0.1:8080
REQUEST	injecteur 7	2		request_6	1462967229039	1462967230034	KO	j.n.ConnectException: Connection refused: no further information: localhost/127.0.0.1:8080
REQUEST	injecteur 6	8		request_5	1462967229039	1462967230039	KO	j.n.ConnectException: Connection refused: no further information: localhost/127.0.0.1:8080
REQUEST	injecteur 3	3		request_2	1462967229040	1462967230045	KO	j.n.ConnectException: Connection refused: no further information: localhost/127.0.0.1:8080
REQUEST	injecteur 4	1		request_3	1462967229972	1462967230974	KO	j.n.ConnectException: Connection refused: no further information: localhost/127.0.0.1:8080
REQUEST	injecteur 2	9		request_1	1462967229981	1462967230984	KO	j.n.ConnectException: Connection refused: no further information: localhost/127.0.0.1:8080
REQUEST	injecteur 9	6		request_8	1462967230004	1462967231013	KO	j.n.ConnectException: Connection refused: no further information: localhost/127.0.0.1:8080
REQUEST	injecteur 5	10		request_4	1462967230011	1462967231026	KO	j.n.ConnectException: Connection refused: no further information: localhost/127.0.0.1:8080
REQUEST	injecteur 1	7		request_0	1462967230020	1462967231026	KO	j.n.ConnectException: Connection refused: no further information: localhost/127.0.0.1:8080
REQUEST	injecteur 8	4		request_7	1462967230020	1462967231026	KO	j.n.ConnectException: Connection refused: no further information: localhost/127.0.0.1:8080
REQUEST	injecteur 7	2		request_6	1462967230035	1462967231039	KO	j.n.ConnectException: Connection refused: no further information: localhost/127.0.0.1:8080
REQUEST	injecteur 10	5		request_9	1462967230031	1462967231039	KO	j.n.ConnectException: Connection refused: no further information: localhost/127.0.0.1:8080
REQUEST	injecteur 6	8		request_5	1462967230040	1462967231040	KO	j.n.ConnectException: Connection refused: no further information: localhost/127.0.0.1:8080
REQUEST	injecteur 3	3		request_2	1462967230046	1462967231049	KO	j.n.ConnectException: Connection refused: no further information: localhost/127.0.0.1:8080
REQUEST	injecteur 4	1		request_3	1462967230976	1462967231979	KO	j.n.ConnectException: Connection refused: no further information: localhost/127.0.0.1:8080
REQUEST	injecteur 2	9		request_1	1462967230985	1462967231999	KO	j.n.ConnectException: Connection refused: no further information: localhost/127.0.0.1:8080
REQUEST	injecteur 9	6		request_8	1462967231014	1462967232019	KO	j.n.ConnectException: Connection refused: no further information: localhost/127.0.0.1:8080
REQUEST	injecteur 1	7		request_0	1462967231027	1462967232029	KO	j.n.ConnectException: Connection refused: no further information: localhost/127.0.0.1:8080
REQUEST	injecteur 8	4		request_7	1462967231028	1462967232030	KO	j.n.ConnectException: Connection refused: no further information: localhost/127.0.0.1:8080
REQUEST	injecteur 5	10		request_4	1462967231026	1462967232031	KO	j.n.ConnectException: Connection refused: no further information: localhost/127.0.0.1:8080
REQUEST	injecteur 10	5		request_9	1462967231039	1462967232040	KO	j.n.ConnectException: Connection refused: no further information: localhost/127.0.0.1:8080
REQUEST	injecteur 7	2		request_6	1462967231039	1462967232040	KO	j.n.ConnectException: Connection refused: no further information: localhost/127.0.0.1:8080
REQUEST	injecteur 6	8		request_5	1462967231040	1462967232042	KO	j.n.ConnectException: Connection refused: no further information: localhost/127.0.0.1:8080
REQUEST	injecteur 3	3		request_2	1462967231049	1462967232052	KO	j.n.ConnectException: Connection refused: no further information: localhost/127.0.0.1:8080
REQUEST	injecteur 4	1		request_3	1462967231980	1462967232983	KO	j.n.ConnectException: Connection refused: no further information: localhost/127.0.0.1:8080
REQUEST	injecteur 2	9		request_1	1462967232000	1462967233017	KO	j.n.ConnectException: Connection refused: no further information: localhost/127.0.0.1:8080
REQUEST	injecteur 1	7		request_0	1462967232030	1462967233032	KO	j.n.ConnectException: Connection refused: no further information: localhost/127.0.0.1:8080
REQUEST	injecteur 9	6		request_8	1462967232020	1462967233032	KO	j.n.ConnectException: Connection refused: no further information: localhost/127.0.0.1:8080
REQUEST	injecteur 5	10		request_4	1462967232032	1462967233042	KO	j.n.ConnectException: Connection refused: no further information: localhost/127.0.0.1:8080
REQUEST	injecteur 8	4		request_7	1462967232031	1462967233043	KO	j.n.ConnectException: Connection refused: no further information: localhost/127.0.0.1:8080
REQUEST	injecteur 6	8		request_5	1462967232043	1462967233052	KO	j.n.ConnectException: Connection refused: no further information: localhost/127.0.0.1:8080
REQUEST	injecteur 3	3		request_2	1462967232053	1462967233062	KO	j.n.ConnectException: Connection refused: no further information: localhost/127.0.0.1:8080
REQUEST	injecteur 10	5		request_9	1462967232041	1462967233064	KO	j.n.ConnectException: Connection refused: no further information: localhost/127.0.0.1:8080
REQUEST	injecteur 7	2		request_6	1462967232041	1462967233064	KO	j.n.ConnectException: Connection refused: no further information: localhost/127.0.0.1:8080
REQUEST	injecteur 4	1		request_3	1462967232984	1462967233990	KO	j.n.ConnectException: Connection refused: no further information: localhost/127.0.0.1:8080
REQUEST	injecteur 2	9		request_1	1462967233018	1462967234020	KO	j.n.ConnectException: Connection refused: no further information: localhost/127.0.0.1:8080
REQUEST	injecteur 1	7		request_0	1462967233033	1462967234040	KO	j.n.ConnectException: Connection refused: no further information: localhost/127.0.0.1:8080
REQUEST	injecteur 9	6		request_8	1462967233036	1462967234040	KO	j.n.ConnectException: Connection refused: no further information: localhost/127.0.0.1:8080
REQUEST	injecteur 8	4		request_7	1462967233044	1462967234043	KO	j.n.ConnectException: Connection refused: no further information: localhost/127.0.0.1:8080
REQUEST	injecteur 5	10		request_4	1462967233042	1462967234043	KO	j.n.ConnectException: Connection refused: no further information: localhost/127.0.0.1:8080
REQUEST	injecteur 6	8		request_5	1462967233053	1462967234053	KO	j.n.ConnectException: Connection refused: no further information: localhost/127.0.0.1:8080
REQUEST	injecteur 3	3		request_2	1462967233062	1462967234063	KO	j.n.ConnectException: Connection refused: no further information: localhost/127.0.0.1:8080
REQUEST	injecteur 10	5		request_9	1462967233065	1462967234077	KO	j.n.ConnectException: Connection refused: no further information: localhost/127.0.0.1:8080
REQUEST	injecteur 7	2		request_6	1462967233065	1462967234077	KO	j.n.ConnectException: Connection refused: no further information: localhost/127.0.0.1:8080
REQUEST	injecteur 4	1		request_3	1462967233991	1462967234994	KO	j.n.ConnectException: Connection refused: no further information: localhost/127.0.0.1:8080
