ASSERTION	AAMBAAMDBABk
RUN	InjectionsAndVerifications		injectionsandverifications	1462346315565	 	2.0
USER	injecteur 4	1	START	1462346316732	1462346316732
USER	injecteur 7	2	START	1462346316816	1462346316816
USER	injecteur 3	3	START	1462346316821	1462346316821
USER	injecteur 8	4	START	1462346316834	1462346316834
USER	injecteur 10	5	START	1462346316836	1462346316836
USER	injecteur 9	6	START	1462346316839	1462346316839
USER	injecteur 1	7	START	1462346316841	1462346316841
USER	injecteur 6	8	START	1462346316843	1462346316843
USER	injecteur 2	9	START	1462346316851	1462346316851
USER	injecteur 5	10	START	1462346316854	1462346316854
REQUEST	injecteur 1	7		request_0	1462346316842	1462346316997	OK	 
REQUEST	injecteur 3	3		request_2	1462346316824	1462346317005	OK	 
REQUEST	injecteur 4	1		request_3	1462346316802	1462346316965	OK	 
REQUEST	injecteur 10	5		request_9	1462346316837	1462346317016	OK	 
REQUEST	injecteur 7	2		request_6	1462346316817	1462346317034	OK	 
REQUEST	injecteur 9	6		request_8	1462346316839	1462346316944	OK	 
REQUEST	injecteur 6	8		request_5	1462346316844	1462346316915	OK	 
REQUEST	injecteur 8	4		request_7	1462346316835	1462346316924	OK	 
REQUEST	injecteur 1	7		request_0	1462346317060	1462346317069	OK	 
REQUEST	injecteur 10	5		request_9	1462346317060	1462346317081	OK	 
REQUEST	injecteur 8	4		request_7	1462346317081	1462346317086	OK	 
REQUEST	injecteur 10	5		request_9	1462346317082	1462346317090	OK	 
REQUEST	injecteur 6	8		request_5	1462346317083	1462346317093	OK	 
REQUEST	injecteur 8	4		request_7	1462346317087	1462346317096	OK	 
REQUEST	injecteur 2	9		request_1	1462346316853	1462346317101	OK	 
REQUEST	injecteur 6	8		request_5	1462346317094	1462346317102	OK	 
REQUEST	injecteur 8	4		request_7	1462346317097	1462346317105	OK	 
REQUEST	injecteur 10	5		request_9	1462346317091	1462346317109	OK	 
REQUEST	injecteur 4	1		request_3	1462346317100	1462346317111	OK	 
REQUEST	injecteur 6	8		request_5	1462346317110	1462346317118	OK	 
REQUEST	injecteur 8	4		request_7	1462346317111	1462346317121	OK	 
REQUEST	injecteur 9	6		request_8	1462346317124	1462346317130	OK	 
REQUEST	injecteur 9	6		request_8	1462346317143	1462346317154	OK	 
REQUEST	injecteur 9	6		request_8	1462346317166	1462346317171	OK	 
REQUEST	injecteur 9	6		request_8	1462346317173	1462346317178	OK	 
REQUEST	injecteur 9	6		request_8	1462346317183	1462346317190	OK	 
REQUEST	injecteur 9	6		request_8	1462346317195	1462346317199	OK	 
REQUEST	injecteur 9	6		request_8	1462346317201	1462346317207	OK	 
REQUEST	injecteur 9	6		request_8	1462346317212	1462346317220	OK	 
REQUEST	injecteur 2	9		request_1	1462346317110	1462346317221	OK	 
REQUEST	injecteur 9	6		request_8	1462346317221	1462346317225	OK	 
REQUEST	injecteur 8	4		request_7	1462346317218	1462346317232	OK	 
REQUEST	injecteur 6	8		request_5	1462346317219	1462346317235	OK	 
REQUEST	injecteur 4	1		request_3	1462346317219	1462346317237	OK	 
REQUEST	injecteur 9	6		request_8	1462346317225	1462346317240	OK	 
REQUEST	injecteur 2	9		request_1	1462346317221	1462346317245	OK	 
REQUEST	injecteur 10	5		request_9	1462346317223	1462346317252	OK	 
REQUEST	injecteur 1	7		request_0	1462346317223	1462346317256	OK	 
REQUEST	injecteur 3	3		request_2	1462346317227	1462346317259	OK	 
REQUEST	injecteur 8	4		request_7	1462346317233	1462346317266	OK	 
REQUEST	injecteur 6	8		request_5	1462346317236	1462346317269	OK	 
REQUEST	injecteur 4	1		request_3	1462346317239	1462346317273	OK	 
REQUEST	injecteur 2	9		request_1	1462346317246	1462346317275	OK	 
REQUEST	injecteur 10	5		request_9	1462346317253	1462346317278	OK	 
REQUEST	injecteur 1	7		request_0	1462346317257	1462346317280	OK	 
REQUEST	injecteur 3	3		request_2	1462346317260	1462346317283	OK	 
REQUEST	injecteur 8	4		request_7	1462346317267	1462346317286	OK	 
REQUEST	injecteur 6	8		request_5	1462346317270	1462346317289	OK	 
REQUEST	injecteur 4	1		request_3	1462346317274	1462346317293	OK	 
REQUEST	injecteur 2	9		request_1	1462346317276	1462346317295	OK	 
REQUEST	injecteur 10	5		request_9	1462346317279	1462346317299	OK	 
REQUEST	injecteur 8	4		request_7	1462346317288	1462346317309	OK	 
REQUEST	injecteur 1	7		request_0	1462346317281	1462346317311	OK	 
REQUEST	injecteur 6	8		request_5	1462346317290	1462346317312	OK	 
REQUEST	injecteur 3	3		request_2	1462346317284	1462346317314	OK	 
REQUEST	injecteur 4	1		request_3	1462346317294	1462346317315	OK	 
REQUEST	injecteur 2	9		request_1	1462346317297	1462346317319	OK	 
REQUEST	injecteur 10	5		request_9	1462346317300	1462346317323	OK	 
REQUEST	injecteur 9	6		request_8	1462346317241	1462346317337	OK	 
REQUEST	injecteur 5	10		request_4	1462346316856	1462346317344	OK	 
REQUEST	injecteur 8	4		request_7	1462346317310	1462346317352	OK	 
REQUEST	injecteur 1	7		request_0	1462346317312	1462346317357	OK	 
REQUEST	injecteur 6	8		request_5	1462346317314	1462346317364	OK	 
REQUEST	injecteur 3	3		request_2	1462346317315	1462346317372	OK	 
REQUEST	injecteur 4	1		request_3	1462346317317	1462346317377	OK	 
REQUEST	injecteur 2	9		request_1	1462346317320	1462346317384	OK	 
REQUEST	injecteur 9	6		request_8	1462346317340	1462346317393	OK	 
REQUEST	injecteur 10	5		request_9	1462346317325	1462346317396	OK	 
REQUEST	injecteur 7	2		request_6	1462346317255	1462346317405	OK	 
REQUEST	injecteur 5	10		request_4	1462346317345	1462346317413	OK	 
REQUEST	injecteur 8	4		request_7	1462346317353	1462346317425	OK	 
REQUEST	injecteur 1	7		request_0	1462346317358	1462346317430	OK	 
REQUEST	injecteur 6	8		request_5	1462346317365	1462346317437	OK	 
REQUEST	injecteur 3	3		request_2	1462346317373	1462346317444	OK	 
REQUEST	injecteur 9	6		request_8	1462346317394	1462346317447	OK	 
REQUEST	injecteur 7	2		request_6	1462346317408	1462346317460	OK	 
REQUEST	injecteur 5	10		request_4	1462346317420	1462346317471	OK	 
REQUEST	injecteur 4	1		request_3	1462346317379	1462346317486	OK	 
REQUEST	injecteur 2	9		request_1	1462346317385	1462346317493	OK	 
REQUEST	injecteur 10	5		request_9	1462346317397	1462346317499	OK	 
REQUEST	injecteur 8	4		request_7	1462346317426	1462346317505	OK	 
REQUEST	injecteur 1	7		request_0	1462346317434	1462346317517	OK	 
REQUEST	injecteur 6	8		request_5	1462346317438	1462346317521	OK	 
REQUEST	injecteur 9	6		request_8	1462346317453	1462346317525	OK	 
REQUEST	injecteur 7	2		request_6	1462346317466	1462346317531	OK	 
REQUEST	injecteur 5	10		request_4	1462346317477	1462346317544	OK	 
REQUEST	injecteur 3	3		request_2	1462346317444	1462346317553	OK	 
REQUEST	injecteur 4	1		request_3	1462346317487	1462346317557	OK	 
REQUEST	injecteur 2	9		request_1	1462346317494	1462346317561	OK	 
REQUEST	injecteur 10	5		request_9	1462346317500	1462346317568	OK	 
REQUEST	injecteur 8	4		request_7	1462346317506	1462346317571	OK	 
REQUEST	injecteur 9	6		request_8	1462346317527	1462346317578	OK	 
REQUEST	injecteur 7	2		request_6	1462346317537	1462346317589	OK	 
REQUEST	injecteur 5	10		request_4	1462346317548	1462346317592	OK	 
REQUEST	injecteur 1	7		request_0	1462346317518	1462346317595	OK	 
REQUEST	injecteur 6	8		request_5	1462346317522	1462346317598	OK	 
REQUEST	injecteur 3	3		request_2	1462346317554	1462346317601	OK	 
REQUEST	injecteur 4	1		request_3	1462346317558	1462346317606	OK	 
REQUEST	injecteur 2	9		request_1	1462346317563	1462346317609	OK	 
REQUEST	injecteur 10	5		request_9	1462346317569	1462346317612	OK	 
REQUEST	injecteur 9	6		request_8	1462346317581	1462346317615	OK	 
REQUEST	injecteur 8	4		request_7	1462346317573	1462346317618	OK	 
REQUEST	injecteur 7	2		request_6	1462346317591	1462346317627	OK	 
REQUEST	injecteur 5	10		request_4	1462346317594	1462346317629	OK	 
REQUEST	injecteur 1	7		request_0	1462346317596	1462346317633	OK	 
REQUEST	injecteur 6	8		request_5	1462346317599	1462346317636	OK	 
REQUEST	injecteur 3	3		request_2	1462346317602	1462346317638	OK	 
REQUEST	injecteur 4	1		request_3	1462346317607	1462346317641	OK	 
REQUEST	injecteur 2	9		request_1	1462346317610	1462346317643	OK	 
REQUEST	injecteur 10	5		request_9	1462346317613	1462346317649	OK	 
REQUEST	injecteur 8	4		request_7	1462346317619	1462346317654	OK	 
REQUEST	injecteur 1	7		request_0	1462346317634	1462346317667	OK	 
REQUEST	injecteur 9	6		request_8	1462346317616	1462346317667	OK	 
REQUEST	injecteur 6	8		request_5	1462346317637	1462346317669	OK	 
REQUEST	injecteur 3	3		request_2	1462346317639	1462346317671	OK	 
REQUEST	injecteur 4	1		request_3	1462346317642	1462346317674	OK	 
REQUEST	injecteur 2	9		request_1	1462346317644	1462346317676	OK	 
REQUEST	injecteur 10	5		request_9	1462346317650	1462346317678	OK	 
REQUEST	injecteur 8	4		request_7	1462346317655	1462346317680	OK	 
REQUEST	injecteur 6	8		request_5	1462346317670	1462346317684	OK	 
REQUEST	injecteur 4	1		request_3	1462346317675	1462346317700	OK	 
REQUEST	injecteur 2	9		request_1	1462346317677	1462346317702	OK	 
REQUEST	injecteur 10	5		request_9	1462346317679	1462346317704	OK	 
REQUEST	injecteur 8	4		request_7	1462346317681	1462346317706	OK	 
REQUEST	injecteur 1	7		request_0	1462346317667	1462346317710	OK	 
REQUEST	injecteur 6	8		request_5	1462346317687	1462346317717	OK	 
REQUEST	injecteur 4	1		request_3	1462346317701	1462346317721	OK	 
REQUEST	injecteur 2	9		request_1	1462346317703	1462346317739	OK	 
REQUEST	injecteur 10	5		request_9	1462346317705	1462346317742	OK	 
REQUEST	injecteur 8	4		request_7	1462346317707	1462346317744	OK	 
REQUEST	injecteur 1	7		request_0	1462346317711	1462346317746	OK	 
REQUEST	injecteur 6	8		request_5	1462346317718	1462346317748	OK	 
REQUEST	injecteur 4	1		request_3	1462346317722	1462346317751	OK	 
REQUEST	injecteur 2	9		request_1	1462346317741	1462346317753	OK	 
REQUEST	injecteur 10	5		request_9	1462346317743	1462346317755	OK	 
REQUEST	injecteur 8	4		request_7	1462346317745	1462346317756	OK	 
REQUEST	injecteur 1	7		request_0	1462346317747	1462346317758	OK	 
REQUEST	injecteur 6	8		request_5	1462346317750	1462346317760	OK	 
REQUEST	injecteur 4	1		request_3	1462346317752	1462346317762	OK	 
REQUEST	injecteur 2	9		request_1	1462346317754	1462346317766	OK	 
REQUEST	injecteur 10	5		request_9	1462346317756	1462346317768	OK	 
REQUEST	injecteur 8	4		request_7	1462346317757	1462346317770	OK	 
REQUEST	injecteur 1	7		request_0	1462346317759	1462346317772	OK	 
REQUEST	injecteur 6	8		request_5	1462346317761	1462346317774	OK	 
REQUEST	injecteur 4	1		request_3	1462346317763	1462346317776	OK	 
REQUEST	injecteur 2	9		request_1	1462346317767	1462346317779	OK	 
REQUEST	injecteur 10	5		request_9	1462346317769	1462346317781	OK	 
REQUEST	injecteur 8	4		request_7	1462346317771	1462346317783	OK	 
REQUEST	injecteur 1	7		request_0	1462346317773	1462346317786	OK	 
REQUEST	injecteur 6	8		request_5	1462346317775	1462346317789	OK	 
REQUEST	injecteur 3	3		request_2	1462346317673	1462346317797	OK	 
REQUEST	injecteur 7	2		request_6	1462346317628	1462346317797	OK	 
REQUEST	injecteur 5	10		request_4	1462346317630	1462346317800	OK	 
REQUEST	injecteur 9	6		request_8	1462346317667	1462346317803	OK	 
REQUEST	injecteur 4	1		request_3	1462346317777	1462346317811	OK	 
REQUEST	injecteur 2	9		request_1	1462346317779	1462346317814	OK	 
REQUEST	injecteur 10	5		request_9	1462346317782	1462346317830	OK	 
REQUEST	injecteur 8	4		request_7	1462346317784	1462346317834	OK	 
REQUEST	injecteur 1	7		request_0	1462346317787	1462346317837	OK	 
REQUEST	injecteur 6	8		request_5	1462346317793	1462346317840	OK	 
REQUEST	injecteur 3	3		request_2	1462346317798	1462346317845	OK	 
REQUEST	injecteur 7	2		request_6	1462346317799	1462346317848	OK	 
REQUEST	injecteur 5	10		request_4	1462346317802	1462346317854	OK	 
REQUEST	injecteur 9	6		request_8	1462346317806	1462346317868	OK	 
REQUEST	injecteur 4	1		request_3	1462346317812	1462346317873	OK	 
REQUEST	injecteur 2	9		request_1	1462346317815	1462346317875	OK	 
REQUEST	injecteur 10	5		request_9	1462346317832	1462346317878	OK	 
REQUEST	injecteur 8	4		request_7	1462346317835	1462346317880	OK	 
REQUEST	injecteur 7	2		request_6	1462346317849	1462346317884	OK	 
REQUEST	injecteur 5	10		request_4	1462346317856	1462346317888	OK	 
REQUEST	injecteur 9	6		request_8	1462346317869	1462346317896	OK	 
REQUEST	injecteur 6	8		request_5	1462346317841	1462346317903	OK	 
REQUEST	injecteur 4	1		request_3	1462346317874	1462346317912	OK	 
REQUEST	injecteur 2	9		request_1	1462346317876	1462346317915	OK	 
REQUEST	injecteur 7	2		request_6	1462346317885	1462346317917	OK	 
REQUEST	injecteur 5	10		request_4	1462346317891	1462346317921	OK	 
REQUEST	injecteur 3	3		request_2	1462346317846	1462346317924	OK	 
REQUEST	injecteur 1	7		request_0	1462346317838	1462346317923	OK	 
REQUEST	injecteur 9	6		request_8	1462346317899	1462346317930	OK	 
REQUEST	injecteur 10	5		request_9	1462346317880	1462346317939	OK	 
REQUEST	injecteur 8	4		request_7	1462346317881	1462346317942	OK	 
REQUEST	injecteur 6	8		request_5	1462346317904	1462346317946	OK	 
REQUEST	injecteur 4	1		request_3	1462346317913	1462346317950	OK	 
REQUEST	injecteur 7	2		request_6	1462346317918	1462346317956	OK	 
REQUEST	injecteur 5	10		request_4	1462346317925	1462346317966	OK	 
REQUEST	injecteur 9	6		request_8	1462346317934	1462346317973	OK	 
REQUEST	injecteur 2	9		request_1	1462346317916	1462346317977	OK	 
REQUEST	injecteur 3	3		request_2	1462346317925	1462346317983	OK	 
REQUEST	injecteur 1	7		request_0	1462346317926	1462346317991	OK	 
REQUEST	injecteur 10	5		request_9	1462346317940	1462346317998	OK	 
REQUEST	injecteur 8	4		request_7	1462346317943	1462346318008	OK	 
REQUEST	injecteur 6	8		request_5	1462346317947	1462346318013	OK	 
REQUEST	injecteur 7	2		request_6	1462346317963	1462346318021	OK	 
REQUEST	injecteur 5	10		request_4	1462346317969	1462346318030	OK	 
REQUEST	injecteur 9	6		request_8	1462346317974	1462346318035	OK	 
REQUEST	injecteur 4	1		request_3	1462346317951	1462346318040	OK	 
REQUEST	injecteur 2	9		request_1	1462346317978	1462346318043	OK	 
REQUEST	injecteur 3	3		request_2	1462346317984	1462346318049	OK	 
REQUEST	injecteur 1	7		request_0	1462346317992	1462346318054	OK	 
REQUEST	injecteur 10	5		request_9	1462346317999	1462346318057	OK	 
REQUEST	injecteur 8	4		request_7	1462346318009	1462346318063	OK	 
REQUEST	injecteur 7	2		request_6	1462346318025	1462346318065	OK	 
REQUEST	injecteur 5	10		request_4	1462346318031	1462346318069	OK	 
REQUEST	injecteur 9	6		request_8	1462346318036	1462346318075	OK	 
REQUEST	injecteur 6	8		request_5	1462346318014	1462346318083	OK	 
REQUEST	injecteur 4	1		request_3	1462346318041	1462346318088	OK	 
REQUEST	injecteur 2	9		request_1	1462346318044	1462346318090	OK	 
REQUEST	injecteur 3	3		request_2	1462346318050	1462346318093	OK	 
REQUEST	injecteur 10	5		request_9	1462346318057	1462346318095	OK	 
REQUEST	injecteur 7	2		request_6	1462346318066	1462346318099	OK	 
REQUEST	injecteur 5	10		request_4	1462346318071	1462346318102	OK	 
REQUEST	injecteur 9	6		request_8	1462346318077	1462346318107	OK	 
REQUEST	injecteur 8	4		request_7	1462346318064	1462346318110	OK	 
REQUEST	injecteur 1	7		request_0	1462346318055	1462346318112	OK	 
REQUEST	injecteur 6	8		request_5	1462346318084	1462346318116	OK	 
REQUEST	injecteur 4	1		request_3	1462346318089	1462346318119	OK	 
REQUEST	injecteur 2	9		request_1	1462346318091	1462346318123	OK	 
REQUEST	injecteur 7	2		request_6	1462346318100	1462346318128	OK	 
REQUEST	injecteur 5	10		request_4	1462346318104	1462346318135	OK	 
REQUEST	injecteur 9	6		request_8	1462346318108	1462346318139	OK	 
REQUEST	injecteur 3	3		request_2	1462346318093	1462346318142	OK	 
REQUEST	injecteur 10	5		request_9	1462346318095	1462346318146	OK	 
REQUEST	injecteur 8	4		request_7	1462346318111	1462346318148	OK	 
REQUEST	injecteur 1	7		request_0	1462346318113	1462346318154	OK	 
REQUEST	injecteur 6	8		request_5	1462346318117	1462346318159	OK	 
REQUEST	injecteur 4	1		request_3	1462346318120	1462346318164	OK	 
REQUEST	injecteur 7	2		request_6	1462346318130	1462346318168	OK	 
REQUEST	injecteur 5	10		request_4	1462346318136	1462346318177	OK	 
REQUEST	injecteur 9	6		request_8	1462346318140	1462346318183	OK	 
REQUEST	injecteur 6	8		request_5	1462346318160	1462346318188	OK	 
REQUEST	injecteur 2	9		request_1	1462346318125	1462346318190	OK	 
REQUEST	injecteur 10	5		request_9	1462346318147	1462346318194	OK	 
REQUEST	injecteur 3	3		request_2	1462346318143	1462346318195	OK	 
REQUEST	injecteur 8	4		request_7	1462346318149	1462346318196	OK	 
REQUEST	injecteur 7	2		request_6	1462346318173	1462346318204	OK	 
REQUEST	injecteur 8	4		request_7	1462346318197	1462346318211	OK	 
REQUEST	injecteur 9	6		request_8	1462346318185	1462346318211	OK	 
REQUEST	injecteur 1	7		request_0	1462346318155	1462346318219	OK	 
REQUEST	injecteur 5	10		request_4	1462346318180	1462346318227	OK	 
REQUEST	injecteur 4	1		request_3	1462346318165	1462346318234	OK	 
REQUEST	injecteur 6	8		request_5	1462346318189	1462346318237	OK	 
REQUEST	injecteur 3	3		request_2	1462346318195	1462346318242	OK	 
REQUEST	injecteur 10	5		request_9	1462346318195	1462346318243	OK	 
REQUEST	injecteur 2	9		request_1	1462346318190	1462346318243	OK	 
REQUEST	injecteur 10	5		request_9	1462346318244	1462346318249	OK	 
REQUEST	injecteur 8	4		request_7	1462346318212	1462346318251	OK	 
REQUEST	injecteur 1	7		request_0	1462346318220	1462346318253	OK	 
REQUEST	injecteur 9	6		request_8	1462346318224	1462346318256	OK	 
REQUEST	injecteur 7	2		request_6	1462346318226	1462346318259	OK	 
REQUEST	injecteur 6	8		request_5	1462346318238	1462346318265	OK	 
REQUEST	injecteur 5	10		request_4	1462346318228	1462346318265	OK	 
REQUEST	injecteur 3	3		request_2	1462346318243	1462346318267	OK	 
REQUEST	injecteur 4	1		request_3	1462346318235	1462346318269	OK	 
REQUEST	injecteur 2	9		request_1	1462346318245	1462346318272	OK	 
REQUEST	injecteur 10	5		request_9	1462346318250	1462346318276	OK	 
REQUEST	injecteur 8	4		request_7	1462346318252	1462346318278	OK	 
REQUEST	injecteur 1	7		request_0	1462346318254	1462346318280	OK	 
REQUEST	injecteur 9	6		request_8	1462346318258	1462346318282	OK	 
REQUEST	injecteur 7	2		request_6	1462346318263	1462346318286	OK	 
REQUEST	injecteur 6	8		request_5	1462346318265	1462346318287	OK	 
REQUEST	injecteur 5	10		request_4	1462346318265	1462346318290	OK	 
REQUEST	injecteur 3	3		request_2	1462346318268	1462346318292	OK	 
REQUEST	injecteur 4	1		request_3	1462346318271	1462346318297	OK	 
REQUEST	injecteur 2	9		request_1	1462346318273	1462346318299	OK	 
REQUEST	injecteur 10	5		request_9	1462346318277	1462346318301	OK	 
REQUEST	injecteur 8	4		request_7	1462346318278	1462346318302	OK	 
REQUEST	injecteur 1	7		request_0	1462346318280	1462346318304	OK	 
REQUEST	injecteur 3	3		request_2	1462346318294	1462346318315	OK	 
REQUEST	injecteur 6	8		request_5	1462346318289	1462346318315	OK	 
REQUEST	injecteur 4	1		request_3	1462346318297	1462346318316	OK	 
REQUEST	injecteur 2	9		request_1	1462346318299	1462346318318	OK	 
REQUEST	injecteur 10	5		request_9	1462346318301	1462346318321	OK	 
REQUEST	injecteur 8	4		request_7	1462346318303	1462346318322	OK	 
REQUEST	injecteur 1	7		request_0	1462346318305	1462346318324	OK	 
REQUEST	injecteur 3	3		request_2	1462346318315	1462346318326	OK	 
REQUEST	injecteur 6	8		request_5	1462346318316	1462346318327	OK	 
REQUEST	injecteur 4	1		request_3	1462346318317	1462346318329	OK	 
REQUEST	injecteur 2	9		request_1	1462346318319	1462346318331	OK	 
REQUEST	injecteur 10	5		request_9	1462346318322	1462346318333	OK	 
REQUEST	injecteur 8	4		request_7	1462346318323	1462346318334	OK	 
REQUEST	injecteur 9	6		request_8	1462346318283	1462346318339	OK	 
REQUEST	injecteur 7	2		request_6	1462346318287	1462346318342	OK	 
REQUEST	injecteur 5	10		request_4	1462346318291	1462346318344	OK	 
REQUEST	injecteur 1	7		request_0	1462346318324	1462346318347	OK	 
REQUEST	injecteur 3	3		request_2	1462346318326	1462346318349	OK	 
REQUEST	injecteur 6	8		request_5	1462346318328	1462346318351	OK	 
REQUEST	injecteur 4	1		request_3	1462346318330	1462346318355	OK	 
REQUEST	injecteur 2	9		request_1	1462346318331	1462346318357	OK	 
REQUEST	injecteur 10	5		request_9	1462346318333	1462346318358	OK	 
REQUEST	injecteur 8	4		request_7	1462346318335	1462346318362	OK	 
REQUEST	injecteur 9	6		request_8	1462346318341	1462346318364	OK	 
REQUEST	injecteur 7	2		request_6	1462346318343	1462346318367	OK	 
REQUEST	injecteur 5	10		request_4	1462346318345	1462346318371	OK	 
REQUEST	injecteur 1	7		request_0	1462346318347	1462346318374	OK	 
REQUEST	injecteur 3	3		request_2	1462346318349	1462346318379	OK	 
REQUEST	injecteur 6	8		request_5	1462346318351	1462346318381	OK	 
REQUEST	injecteur 10	5		request_9	1462346318359	1462346318383	OK	 
REQUEST	injecteur 7	2		request_6	1462346318368	1462346318385	OK	 
REQUEST	injecteur 5	10		request_4	1462346318372	1462346318389	OK	 
REQUEST	injecteur 4	1		request_3	1462346318356	1462346318392	OK	 
REQUEST	injecteur 2	9		request_1	1462346318357	1462346318396	OK	 
REQUEST	injecteur 8	4		request_7	1462346318363	1462346318397	OK	 
REQUEST	injecteur 9	6		request_8	1462346318365	1462346318401	OK	 
REQUEST	injecteur 1	7		request_0	1462346318375	1462346318406	OK	 
REQUEST	injecteur 3	3		request_2	1462346318380	1462346318408	OK	 
REQUEST	injecteur 7	2		request_6	1462346318386	1462346318410	OK	 
REQUEST	injecteur 5	10		request_4	1462346318389	1462346318414	OK	 
REQUEST	injecteur 9	6		request_8	1462346318402	1462346318418	OK	 
REQUEST	injecteur 10	5		request_9	1462346318384	1462346318424	OK	 
REQUEST	injecteur 4	1		request_3	1462346318393	1462346318426	OK	 
REQUEST	injecteur 6	8		request_5	1462346318382	1462346318427	OK	 
REQUEST	injecteur 2	9		request_1	1462346318397	1462346318428	OK	 
REQUEST	injecteur 1	7		request_0	1462346318407	1462346318432	OK	 
REQUEST	injecteur 7	2		request_6	1462346318411	1462346318435	OK	 
REQUEST	injecteur 5	10		request_4	1462346318415	1462346318439	OK	 
REQUEST	injecteur 9	6		request_8	1462346318419	1462346318443	OK	 
REQUEST	injecteur 3	3		request_2	1462346318409	1462346318450	OK	 
REQUEST	injecteur 10	5		request_9	1462346318425	1462346318452	OK	 
REQUEST	injecteur 4	1		request_3	1462346318427	1462346318455	OK	 
REQUEST	injecteur 2	9		request_1	1462346318429	1462346318459	OK	 
REQUEST	injecteur 8	4		request_7	1462346318397	1462346318459	OK	 
REQUEST	injecteur 6	8		request_5	1462346318427	1462346318461	OK	 
REQUEST	injecteur 7	2		request_6	1462346318435	1462346318462	OK	 
REQUEST	injecteur 5	10		request_4	1462346318440	1462346318465	OK	 
REQUEST	injecteur 9	6		request_8	1462346318444	1462346318469	OK	 
REQUEST	injecteur 1	7		request_0	1462346318433	1462346318474	OK	 
REQUEST	injecteur 3	3		request_2	1462346318451	1462346318476	OK	 
REQUEST	injecteur 10	5		request_9	1462346318453	1462346318479	OK	 
REQUEST	injecteur 4	1		request_3	1462346318456	1462346318481	OK	 
REQUEST	injecteur 5	10		request_4	1462346318466	1462346318484	OK	 
REQUEST	injecteur 9	6		request_8	1462346318470	1462346318494	OK	 
REQUEST	injecteur 2	9		request_1	1462346318460	1462346318498	OK	 
REQUEST	injecteur 8	4		request_7	1462346318460	1462346318501	OK	 
REQUEST	injecteur 6	8		request_5	1462346318462	1462346318506	OK	 
REQUEST	injecteur 7	2		request_6	1462346318462	1462346318508	OK	 
REQUEST	injecteur 1	7		request_0	1462346318475	1462346318512	OK	 
REQUEST	injecteur 3	3		request_2	1462346318477	1462346318515	OK	 
REQUEST	injecteur 10	5		request_9	1462346318479	1462346318517	OK	 
REQUEST	injecteur 5	10		request_4	1462346318485	1462346318519	OK	 
REQUEST	injecteur 9	6		request_8	1462346318495	1462346318523	OK	 
REQUEST	injecteur 7	2		request_6	1462346318509	1462346318526	OK	 
REQUEST	injecteur 4	1		request_3	1462346318482	1462346318530	OK	 
REQUEST	injecteur 2	9		request_1	1462346318499	1462346318532	OK	 
REQUEST	injecteur 8	4		request_7	1462346318502	1462346318534	OK	 
REQUEST	injecteur 6	8		request_5	1462346318512	1462346318536	OK	 
REQUEST	injecteur 1	7		request_0	1462346318513	1462346318541	OK	 
REQUEST	injecteur 6	8		request_5	1462346318537	1462346318567	OK	 
REQUEST	injecteur 8	4		request_7	1462346318535	1462346318567	OK	 
REQUEST	injecteur 4	1		request_3	1462346318531	1462346318568	OK	 
REQUEST	injecteur 10	5		request_9	1462346318518	1462346318568	OK	 
REQUEST	injecteur 9	6		request_8	1462346318523	1462346318568	OK	 
REQUEST	injecteur 2	9		request_1	1462346318533	1462346318571	OK	 
REQUEST	injecteur 1	7		request_0	1462346318568	1462346318572	OK	 
REQUEST	injecteur 6	8		request_5	1462346318568	1462346318574	OK	 
REQUEST	injecteur 10	5		request_9	1462346318569	1462346318577	OK	 
REQUEST	injecteur 4	1		request_3	1462346318570	1462346318581	OK	 
REQUEST	injecteur 8	4		request_7	1462346318568	1462346318585	OK	 
REQUEST	injecteur 2	9		request_1	1462346318572	1462346318585	OK	 
REQUEST	injecteur 5	10		request_4	1462346318520	1462346318588	OK	 
REQUEST	injecteur 7	2		request_6	1462346318527	1462346318592	OK	 
REQUEST	injecteur 9	6		request_8	1462346318571	1462346318596	OK	 
REQUEST	injecteur 6	8		request_5	1462346318575	1462346318598	OK	 
REQUEST	injecteur 10	5		request_9	1462346318579	1462346318599	OK	 
REQUEST	injecteur 4	1		request_3	1462346318582	1462346318602	OK	 
REQUEST	injecteur 8	4		request_7	1462346318586	1462346318603	OK	 
REQUEST	injecteur 1	7		request_0	1462346318572	1462346318608	OK	 
REQUEST	injecteur 3	3		request_2	1462346318515	1462346318610	OK	 
REQUEST	injecteur 5	10		request_4	1462346318590	1462346318612	OK	 
REQUEST	injecteur 7	2		request_6	1462346318593	1462346318614	OK	 
REQUEST	injecteur 9	6		request_8	1462346318597	1462346318616	OK	 
REQUEST	injecteur 2	9		request_1	1462346318586	1462346318619	OK	 
REQUEST	injecteur 6	8		request_5	1462346318599	1462346318624	OK	 
REQUEST	injecteur 10	5		request_9	1462346318601	1462346318628	OK	 
REQUEST	injecteur 4	1		request_3	1462346318603	1462346318630	OK	 
REQUEST	injecteur 8	4		request_7	1462346318604	1462346318632	OK	 
REQUEST	injecteur 1	7		request_0	1462346318609	1462346318636	OK	 
REQUEST	injecteur 3	3		request_2	1462346318611	1462346318639	OK	 
REQUEST	injecteur 5	10		request_4	1462346318613	1462346318641	OK	 
REQUEST	injecteur 7	2		request_6	1462346318615	1462346318643	OK	 
REQUEST	injecteur 9	6		request_8	1462346318617	1462346318646	OK	 
REQUEST	injecteur 2	9		request_1	1462346318620	1462346318649	OK	 
REQUEST	injecteur 6	8		request_5	1462346318625	1462346318652	OK	 
REQUEST	injecteur 10	5		request_9	1462346318628	1462346318656	OK	 
REQUEST	injecteur 4	1		request_3	1462346318631	1462346318658	OK	 
REQUEST	injecteur 8	4		request_7	1462346318633	1462346318661	OK	 
REQUEST	injecteur 1	7		request_0	1462346318637	1462346318666	OK	 
REQUEST	injecteur 3	3		request_2	1462346318640	1462346318669	OK	 
REQUEST	injecteur 5	10		request_4	1462346318642	1462346318672	OK	 
REQUEST	injecteur 7	2		request_6	1462346318644	1462346318674	OK	 
REQUEST	injecteur 9	6		request_8	1462346318647	1462346318680	OK	 
REQUEST	injecteur 2	9		request_1	1462346318650	1462346318683	OK	 
REQUEST	injecteur 6	8		request_5	1462346318653	1462346318687	OK	 
REQUEST	injecteur 10	5		request_9	1462346318656	1462346318691	OK	 
REQUEST	injecteur 4	1		request_3	1462346318660	1462346318707	OK	 
REQUEST	injecteur 8	4		request_7	1462346318662	1462346318709	OK	 
REQUEST	injecteur 1	7		request_0	1462346318668	1462346318710	OK	 
REQUEST	injecteur 3	3		request_2	1462346318670	1462346318712	OK	 
REQUEST	injecteur 5	10		request_4	1462346318673	1462346318717	OK	 
REQUEST	injecteur 7	2		request_6	1462346318675	1462346318720	OK	 
REQUEST	injecteur 9	6		request_8	1462346318681	1462346318722	OK	 
REQUEST	injecteur 2	9		request_1	1462346318684	1462346318725	OK	 
REQUEST	injecteur 6	8		request_5	1462346318688	1462346318727	OK	 
REQUEST	injecteur 10	5		request_9	1462346318691	1462346318730	OK	 
REQUEST	injecteur 4	1		request_3	1462346318707	1462346318733	OK	 
REQUEST	injecteur 8	4		request_7	1462346318709	1462346318735	OK	 
REQUEST	injecteur 1	7		request_0	1462346318711	1462346318737	OK	 
REQUEST	injecteur 3	3		request_2	1462346318713	1462346318741	OK	 
REQUEST	injecteur 5	10		request_4	1462346318718	1462346318744	OK	 
REQUEST	injecteur 7	2		request_6	1462346318721	1462346318746	OK	 
REQUEST	injecteur 9	6		request_8	1462346318723	1462346318748	OK	 
REQUEST	injecteur 2	9		request_1	1462346318726	1462346318750	OK	 
REQUEST	injecteur 6	8		request_5	1462346318727	1462346318752	OK	 
REQUEST	injecteur 10	5		request_9	1462346318731	1462346318754	OK	 
REQUEST	injecteur 4	1		request_3	1462346318734	1462346318757	OK	 
REQUEST	injecteur 8	4		request_7	1462346318736	1462346318759	OK	 
REQUEST	injecteur 1	7		request_0	1462346318738	1462346318764	OK	 
REQUEST	injecteur 3	3		request_2	1462346318742	1462346318765	OK	 
REQUEST	injecteur 5	10		request_4	1462346318745	1462346318767	OK	 
REQUEST	injecteur 7	2		request_6	1462346318747	1462346318768	OK	 
REQUEST	injecteur 9	6		request_8	1462346318748	1462346318770	OK	 
REQUEST	injecteur 2	9		request_1	1462346318751	1462346318773	OK	 
REQUEST	injecteur 6	8		request_5	1462346318753	1462346318774	OK	 
REQUEST	injecteur 10	5		request_9	1462346318755	1462346318776	OK	 
REQUEST	injecteur 4	1		request_3	1462346318758	1462346318778	OK	 
REQUEST	injecteur 8	4		request_7	1462346318760	1462346318783	OK	 
REQUEST	injecteur 1	7		request_0	1462346318765	1462346318785	OK	 
REQUEST	injecteur 3	3		request_2	1462346318766	1462346318788	OK	 
REQUEST	injecteur 5	10		request_4	1462346318768	1462346318790	OK	 
REQUEST	injecteur 7	2		request_6	1462346318769	1462346318792	OK	 
REQUEST	injecteur 9	6		request_8	1462346318771	1462346318794	OK	 
REQUEST	injecteur 2	9		request_1	1462346318773	1462346318796	OK	 
REQUEST	injecteur 6	8		request_5	1462346318775	1462346318798	OK	 
REQUEST	injecteur 10	5		request_9	1462346318777	1462346318800	OK	 
REQUEST	injecteur 4	1		request_3	1462346318779	1462346318804	OK	 
REQUEST	injecteur 8	4		request_7	1462346318783	1462346318807	OK	 
REQUEST	injecteur 1	7		request_0	1462346318786	1462346318809	OK	 
REQUEST	injecteur 3	3		request_2	1462346318788	1462346318811	OK	 
REQUEST	injecteur 5	10		request_4	1462346318791	1462346318813	OK	 
REQUEST	injecteur 7	2		request_6	1462346318793	1462346318815	OK	 
REQUEST	injecteur 9	6		request_8	1462346318795	1462346318818	OK	 
REQUEST	injecteur 2	9		request_1	1462346318796	1462346318820	OK	 
REQUEST	injecteur 6	8		request_5	1462346318798	1462346318822	OK	 
REQUEST	injecteur 10	5		request_9	1462346318800	1462346318827	OK	 
REQUEST	injecteur 4	1		request_3	1462346318805	1462346318828	OK	 
REQUEST	injecteur 8	4		request_7	1462346318808	1462346318830	OK	 
REQUEST	injecteur 1	7		request_0	1462346318809	1462346318832	OK	 
REQUEST	injecteur 3	3		request_2	1462346318812	1462346318834	OK	 
REQUEST	injecteur 5	10		request_4	1462346318813	1462346318836	OK	 
REQUEST	injecteur 7	2		request_6	1462346318816	1462346318839	OK	 
REQUEST	injecteur 9	6		request_8	1462346318819	1462346318842	OK	 
REQUEST	injecteur 2	9		request_1	1462346318821	1462346318845	OK	 
REQUEST	injecteur 6	8		request_5	1462346318823	1462346318849	OK	 
REQUEST	injecteur 10	5		request_9	1462346318827	1462346318852	OK	 
REQUEST	injecteur 4	1		request_3	1462346318829	1462346318854	OK	 
REQUEST	injecteur 8	4		request_7	1462346318831	1462346318855	OK	 
REQUEST	injecteur 1	7		request_0	1462346318832	1462346318857	OK	 
REQUEST	injecteur 3	3		request_2	1462346318834	1462346318860	OK	 
REQUEST	injecteur 5	10		request_4	1462346318837	1462346318862	OK	 
REQUEST	injecteur 7	2		request_6	1462346318840	1462346318865	OK	 
REQUEST	injecteur 9	6		request_8	1462346318843	1462346318868	OK	 
REQUEST	injecteur 2	9		request_1	1462346318846	1462346318871	OK	 
REQUEST	injecteur 6	8		request_5	1462346318850	1462346318875	OK	 
REQUEST	injecteur 10	5		request_9	1462346318853	1462346318877	OK	 
REQUEST	injecteur 4	1		request_3	1462346318855	1462346318879	OK	 
REQUEST	injecteur 8	4		request_7	1462346318856	1462346318881	OK	 
REQUEST	injecteur 1	7		request_0	1462346318858	1462346318883	OK	 
REQUEST	injecteur 3	3		request_2	1462346318861	1462346318885	OK	 
REQUEST	injecteur 5	10		request_4	1462346318863	1462346318887	OK	 
REQUEST	injecteur 7	2		request_6	1462346318866	1462346318889	OK	 
REQUEST	injecteur 9	6		request_8	1462346318869	1462346318892	OK	 
REQUEST	injecteur 2	9		request_1	1462346318873	1462346318895	OK	 
REQUEST	injecteur 6	8		request_5	1462346318875	1462346318897	OK	 
REQUEST	injecteur 10	5		request_9	1462346318877	1462346318899	OK	 
REQUEST	injecteur 4	1		request_3	1462346318880	1462346318901	OK	 
REQUEST	injecteur 8	4		request_7	1462346318882	1462346318902	OK	 
REQUEST	injecteur 1	7		request_0	1462346318884	1462346318906	OK	 
REQUEST	injecteur 3	3		request_2	1462346318886	1462346318908	OK	 
REQUEST	injecteur 5	10		request_4	1462346318887	1462346318912	OK	 
REQUEST	injecteur 7	2		request_6	1462346318890	1462346318913	OK	 
REQUEST	injecteur 9	6		request_8	1462346318893	1462346318917	OK	 
REQUEST	injecteur 2	9		request_1	1462346318896	1462346318919	OK	 
REQUEST	injecteur 6	8		request_5	1462346318898	1462346318920	OK	 
REQUEST	injecteur 10	5		request_9	1462346318899	1462346318923	OK	 
REQUEST	injecteur 4	1		request_3	1462346318901	1462346318924	OK	 
REQUEST	injecteur 8	4		request_7	1462346318903	1462346318926	OK	 
REQUEST	injecteur 1	7		request_0	1462346318907	1462346318928	OK	 
REQUEST	injecteur 3	3		request_2	1462346318908	1462346318932	OK	 
REQUEST	injecteur 5	10		request_4	1462346318912	1462346318935	OK	 
REQUEST	injecteur 7	2		request_6	1462346318914	1462346318939	OK	 
REQUEST	injecteur 6	8		request_5	1462346318922	1462346318947	OK	 
REQUEST	injecteur 9	6		request_8	1462346318917	1462346318948	OK	 
REQUEST	injecteur 2	9		request_1	1462346318919	1462346318949	OK	 
REQUEST	injecteur 10	5		request_9	1462346318923	1462346318949	OK	 
REQUEST	injecteur 4	1		request_3	1462346318925	1462346318951	OK	 
REQUEST	injecteur 8	4		request_7	1462346318927	1462346318953	OK	 
REQUEST	injecteur 1	7		request_0	1462346318929	1462346318956	OK	 
REQUEST	injecteur 3	3		request_2	1462346318933	1462346318959	OK	 
REQUEST	injecteur 5	10		request_4	1462346318937	1462346318961	OK	 
REQUEST	injecteur 7	2		request_6	1462346318940	1462346318963	OK	 
REQUEST	injecteur 6	8		request_5	1462346318948	1462346318966	OK	 
REQUEST	injecteur 9	6		request_8	1462346318949	1462346318968	OK	 
REQUEST	injecteur 2	9		request_1	1462346318950	1462346318976	OK	 
REQUEST	injecteur 10	5		request_9	1462346318950	1462346318979	OK	 
REQUEST	injecteur 4	1		request_3	1462346318952	1462346318981	OK	 
REQUEST	injecteur 8	4		request_7	1462346318954	1462346318987	OK	 
REQUEST	injecteur 1	7		request_0	1462346318957	1462346318991	OK	 
REQUEST	injecteur 3	3		request_2	1462346318959	1462346318993	OK	 
REQUEST	injecteur 5	10		request_4	1462346318962	1462346318995	OK	 
REQUEST	injecteur 7	2		request_6	1462346318964	1462346318997	OK	 
REQUEST	injecteur 6	8		request_5	1462346318966	1462346319000	OK	 
REQUEST	injecteur 9	6		request_8	1462346318969	1462346319005	OK	 
REQUEST	injecteur 2	9		request_1	1462346318976	1462346319007	OK	 
REQUEST	injecteur 10	5		request_9	1462346318980	1462346319010	OK	 
REQUEST	injecteur 4	1		request_3	1462346318982	1462346319016	OK	 
REQUEST	injecteur 8	4		request_7	1462346318989	1462346319026	OK	 
REQUEST	injecteur 1	7		request_0	1462346318992	1462346319032	OK	 
REQUEST	injecteur 3	3		request_2	1462346318994	1462346319035	OK	 
REQUEST	injecteur 5	10		request_4	1462346318996	1462346319037	OK	 
REQUEST	injecteur 7	2		request_6	1462346318998	1462346319040	OK	 
REQUEST	injecteur 6	8		request_5	1462346319001	1462346319044	OK	 
REQUEST	injecteur 9	6		request_8	1462346319006	1462346319047	OK	 
REQUEST	injecteur 2	9		request_1	1462346319009	1462346319050	OK	 
REQUEST	injecteur 5	10		request_4	1462346319037	1462346319052	OK	 
REQUEST	injecteur 7	2		request_6	1462346319041	1462346319055	OK	 
REQUEST	injecteur 9	6		request_8	1462346319047	1462346319058	OK	 
REQUEST	injecteur 10	5		request_9	1462346319011	1462346319061	OK	 
REQUEST	injecteur 4	1		request_3	1462346319017	1462346319063	OK	 
REQUEST	injecteur 8	4		request_7	1462346319026	1462346319064	OK	 
REQUEST	injecteur 1	7		request_0	1462346319032	1462346319066	OK	 
REQUEST	injecteur 3	3		request_2	1462346319035	1462346319068	OK	 
REQUEST	injecteur 6	8		request_5	1462346319045	1462346319070	OK	 
REQUEST	injecteur 7	2		request_6	1462346319055	1462346319072	OK	 
REQUEST	injecteur 9	6		request_8	1462346319059	1462346319076	OK	 
REQUEST	injecteur 2	9		request_1	1462346319051	1462346319080	OK	 
REQUEST	injecteur 5	10		request_4	1462346319052	1462346319081	OK	 
REQUEST	injecteur 10	5		request_9	1462346319062	1462346319084	OK	 
REQUEST	injecteur 4	1		request_3	1462346319063	1462346319086	OK	 
REQUEST	injecteur 1	7		request_0	1462346319067	1462346319089	OK	 
REQUEST	injecteur 3	3		request_2	1462346319069	1462346319091	OK	 
REQUEST	injecteur 7	2		request_6	1462346319073	1462346319093	OK	 
REQUEST	injecteur 8	4		request_7	1462346319065	1462346319096	OK	 
REQUEST	injecteur 9	6		request_8	1462346319077	1462346319097	OK	 
REQUEST	injecteur 5	10		request_4	1462346319082	1462346319100	OK	 
REQUEST	injecteur 2	9		request_1	1462346319080	1462346319103	OK	 
REQUEST	injecteur 6	8		request_5	1462346319080	1462346319104	OK	 
REQUEST	injecteur 10	5		request_9	1462346319085	1462346319106	OK	 
REQUEST	injecteur 4	1		request_3	1462346319089	1462346319108	OK	 
REQUEST	injecteur 1	7		request_0	1462346319090	1462346319110	OK	 
REQUEST	injecteur 7	2		request_6	1462346319094	1462346319112	OK	 
REQUEST	injecteur 9	6		request_8	1462346319097	1462346319115	OK	 
REQUEST	injecteur 5	10		request_4	1462346319100	1462346319118	OK	 
REQUEST	injecteur 3	3		request_2	1462346319092	1462346319122	OK	 
REQUEST	injecteur 2	9		request_1	1462346319103	1462346319126	OK	 
REQUEST	injecteur 8	4		request_7	1462346319097	1462346319127	OK	 
REQUEST	injecteur 6	8		request_5	1462346319105	1462346319128	OK	 
REQUEST	injecteur 10	5		request_9	1462346319107	1462346319129	OK	 
REQUEST	injecteur 7	2		request_6	1462346319112	1462346319132	OK	 
REQUEST	injecteur 4	1		request_3	1462346319108	1462346319130	OK	 
REQUEST	injecteur 9	6		request_8	1462346319115	1462346319135	OK	 
REQUEST	injecteur 5	10		request_4	1462346319119	1462346319138	OK	 
REQUEST	injecteur 1	7		request_0	1462346319111	1462346319142	OK	 
REQUEST	injecteur 3	3		request_2	1462346319122	1462346319143	OK	 
REQUEST	injecteur 8	4		request_7	1462346319127	1462346319145	OK	 
REQUEST	injecteur 2	9		request_1	1462346319127	1462346319147	OK	 
REQUEST	injecteur 10	5		request_9	1462346319129	1462346319148	OK	 
REQUEST	injecteur 6	8		request_5	1462346319129	1462346319150	OK	 
REQUEST	injecteur 7	2		request_6	1462346319133	1462346319152	OK	 
REQUEST	injecteur 9	6		request_8	1462346319136	1462346319155	OK	 
REQUEST	injecteur 5	10		request_4	1462346319139	1462346319158	OK	 
REQUEST	injecteur 4	1		request_3	1462346319133	1462346319161	OK	 
REQUEST	injecteur 1	7		request_0	1462346319142	1462346319163	OK	 
REQUEST	injecteur 3	3		request_2	1462346319144	1462346319165	OK	 
REQUEST	injecteur 8	4		request_7	1462346319145	1462346319167	OK	 
REQUEST	injecteur 2	9		request_1	1462346319147	1462346319169	OK	 
REQUEST	injecteur 10	5		request_9	1462346319149	1462346319170	OK	 
REQUEST	injecteur 7	2		request_6	1462346319152	1462346319173	OK	 
REQUEST	injecteur 9	6		request_8	1462346319155	1462346319175	OK	 
REQUEST	injecteur 6	8		request_5	1462346319151	1462346319177	OK	 
REQUEST	injecteur 5	10		request_4	1462346319159	1462346319182	OK	 
REQUEST	injecteur 4	1		request_3	1462346319162	1462346319183	OK	 
REQUEST	injecteur 1	7		request_0	1462346319164	1462346319185	OK	 
REQUEST	injecteur 3	3		request_2	1462346319166	1462346319186	OK	 
REQUEST	injecteur 8	4		request_7	1462346319168	1462346319189	OK	 
REQUEST	injecteur 2	9		request_1	1462346319170	1462346319193	OK	 
REQUEST	injecteur 10	5		request_9	1462346319172	1462346319194	OK	 
REQUEST	injecteur 7	2		request_6	1462346319174	1462346319197	OK	 
REQUEST	injecteur 9	6		request_8	1462346319176	1462346319198	OK	 
REQUEST	injecteur 6	8		request_5	1462346319178	1462346319200	OK	 
REQUEST	injecteur 5	10		request_4	1462346319183	1462346319204	OK	 
REQUEST	injecteur 4	1		request_3	1462346319184	1462346319206	OK	 
REQUEST	injecteur 1	7		request_0	1462346319186	1462346319207	OK	 
REQUEST	injecteur 3	3		request_2	1462346319187	1462346319210	OK	 
REQUEST	injecteur 2	9		request_1	1462346319193	1462346319220	OK	 
REQUEST	injecteur 10	5		request_9	1462346319196	1462346319222	OK	 
REQUEST	injecteur 8	4		request_7	1462346319190	1462346319223	OK	 
REQUEST	injecteur 6	8		request_5	1462346319201	1462346319225	OK	 
REQUEST	injecteur 4	1		request_3	1462346319207	1462346319230	OK	 
REQUEST	injecteur 1	7		request_0	1462346319208	1462346319231	OK	 
REQUEST	injecteur 3	3		request_2	1462346319211	1462346319233	OK	 
REQUEST	injecteur 2	9		request_1	1462346319223	1462346319234	OK	 
REQUEST	injecteur 8	4		request_7	1462346319224	1462346319236	OK	 
REQUEST	injecteur 6	8		request_5	1462346319226	1462346319237	OK	 
REQUEST	injecteur 10	5		request_9	1462346319224	1462346319239	OK	 
REQUEST	injecteur 4	1		request_3	1462346319230	1462346319241	OK	 
REQUEST	injecteur 1	7		request_0	1462346319232	1462346319243	OK	 
REQUEST	injecteur 3	3		request_2	1462346319233	1462346319244	OK	 
REQUEST	injecteur 2	9		request_1	1462346319235	1462346319246	OK	 
REQUEST	injecteur 8	4		request_7	1462346319236	1462346319247	OK	 
REQUEST	injecteur 6	8		request_5	1462346319238	1462346319249	OK	 
REQUEST	injecteur 10	5		request_9	1462346319240	1462346319251	OK	 
REQUEST	injecteur 4	1		request_3	1462346319242	1462346319252	OK	 
REQUEST	injecteur 1	7		request_0	1462346319243	1462346319254	OK	 
REQUEST	injecteur 3	3		request_2	1462346319245	1462346319256	OK	 
REQUEST	injecteur 2	9		request_1	1462346319246	1462346319257	OK	 
REQUEST	injecteur 7	2		request_6	1462346319197	1462346319259	OK	 
REQUEST	injecteur 9	6		request_8	1462346319199	1462346319260	OK	 
REQUEST	injecteur 5	10		request_4	1462346319205	1462346319260	OK	 
REQUEST	injecteur 8	4		request_7	1462346319248	1462346319265	OK	 
REQUEST	injecteur 6	8		request_5	1462346319249	1462346319266	OK	 
REQUEST	injecteur 1	7		request_0	1462346319254	1462346319271	OK	 
REQUEST	injecteur 3	3		request_2	1462346319256	1462346319273	OK	 
REQUEST	injecteur 10	5		request_9	1462346319251	1462346319275	OK	 
REQUEST	injecteur 7	2		request_6	1462346319259	1462346319276	OK	 
REQUEST	injecteur 4	1		request_3	1462346319253	1462346319277	OK	 
REQUEST	injecteur 2	9		request_1	1462346319257	1462346319279	OK	 
REQUEST	injecteur 9	6		request_8	1462346319261	1462346319280	OK	 
REQUEST	injecteur 5	10		request_4	1462346319262	1462346319283	OK	 
REQUEST	injecteur 8	4		request_7	1462346319265	1462346319286	OK	 
REQUEST	injecteur 7	2		request_6	1462346319277	1462346319288	OK	 
REQUEST	injecteur 9	6		request_8	1462346319281	1462346319294	OK	 
REQUEST	injecteur 5	10		request_4	1462346319284	1462346319300	OK	 
REQUEST	injecteur 6	8		request_5	1462346319267	1462346319311	OK	 
REQUEST	injecteur 1	7		request_0	1462346319272	1462346319320	OK	 
REQUEST	injecteur 3	3		request_2	1462346319274	1462346319339	OK	 
REQUEST	injecteur 10	5		request_9	1462346319276	1462346319348	OK	 
REQUEST	injecteur 4	1		request_3	1462346319278	1462346319358	OK	 
REQUEST	injecteur 2	9		request_1	1462346319279	1462346319373	OK	 
REQUEST	injecteur 7	2		request_6	1462346319289	1462346319377	OK	 
REQUEST	injecteur 9	6		request_8	1462346319297	1462346319382	OK	 
REQUEST	injecteur 5	10		request_4	1462346319302	1462346319395	OK	 
REQUEST	injecteur 8	4		request_7	1462346319287	1462346319415	OK	 
REQUEST	injecteur 6	8		request_5	1462346319311	1462346319424	OK	 
REQUEST	injecteur 1	7		request_0	1462346319321	1462346319431	OK	 
REQUEST	injecteur 3	3		request_2	1462346319340	1462346319433	OK	 
REQUEST	injecteur 10	5		request_9	1462346319349	1462346319435	OK	 
REQUEST	injecteur 4	1		request_3	1462346319359	1462346319437	OK	 
REQUEST	injecteur 7	2		request_6	1462346319379	1462346319438	OK	 
REQUEST	injecteur 9	6		request_8	1462346319386	1462346319442	OK	 
REQUEST	injecteur 5	10		request_4	1462346319403	1462346319445	OK	 
REQUEST	injecteur 2	9		request_1	1462346319374	1462346319448	OK	 
REQUEST	injecteur 8	4		request_7	1462346319416	1462346319450	OK	 
REQUEST	injecteur 6	8		request_5	1462346319425	1462346319452	OK	 
REQUEST	injecteur 1	7		request_0	1462346319432	1462346319453	OK	 
REQUEST	injecteur 3	3		request_2	1462346319434	1462346319455	OK	 
REQUEST	injecteur 10	5		request_9	1462346319435	1462346319457	OK	 
REQUEST	injecteur 7	2		request_6	1462346319439	1462346319459	OK	 
REQUEST	injecteur 9	6		request_8	1462346319443	1462346319463	OK	 
REQUEST	injecteur 5	10		request_4	1462346319446	1462346319466	OK	 
REQUEST	injecteur 1	7		request_0	1462346319454	1462346319477	OK	 
REQUEST	injecteur 3	3		request_2	1462346319456	1462346319482	OK	 
REQUEST	injecteur 7	2		request_6	1462346319460	1462346319485	OK	 
REQUEST	injecteur 9	6		request_8	1462346319463	1462346319488	OK	 
REQUEST	injecteur 8	4		request_7	1462346319450	1462346319488	OK	 
REQUEST	injecteur 6	8		request_5	1462346319452	1462346319490	OK	 
REQUEST	injecteur 5	10		request_4	1462346319467	1462346319492	OK	 
REQUEST	injecteur 4	1		request_3	1462346319437	1462346319493	OK	 
REQUEST	injecteur 2	9		request_1	1462346319449	1462346319494	OK	 
REQUEST	injecteur 1	7		request_0	1462346319478	1462346319497	OK	 
REQUEST	injecteur 7	2		request_6	1462346319485	1462346319501	OK	 
REQUEST	injecteur 9	6		request_8	1462346319489	1462346319505	OK	 
REQUEST	injecteur 10	5		request_9	1462346319458	1462346319506	OK	 
REQUEST	injecteur 5	10		request_4	1462346319492	1462346319508	OK	 
REQUEST	injecteur 3	3		request_2	1462346319483	1462346319511	OK	 
REQUEST	injecteur 8	4		request_7	1462346319489	1462346319513	OK	 
REQUEST	injecteur 6	8		request_5	1462346319490	1462346319515	OK	 
REQUEST	injecteur 4	1		request_3	1462346319493	1462346319516	OK	 
REQUEST	injecteur 2	9		request_1	1462346319494	1462346319518	OK	 
REQUEST	injecteur 7	2		request_6	1462346319502	1462346319520	OK	 
REQUEST	injecteur 9	6		request_8	1462346319505	1462346319523	OK	 
REQUEST	injecteur 5	10		request_4	1462346319509	1462346319526	OK	 
REQUEST	injecteur 1	7		request_0	1462346319498	1462346319533	OK	 
REQUEST	injecteur 10	5		request_9	1462346319507	1462346319534	OK	 
REQUEST	injecteur 3	3		request_2	1462346319512	1462346319536	OK	 
REQUEST	injecteur 8	4		request_7	1462346319513	1462346319538	OK	 
REQUEST	injecteur 6	8		request_5	1462346319516	1462346319539	OK	 
REQUEST	injecteur 4	1		request_3	1462346319517	1462346319541	OK	 
REQUEST	injecteur 7	2		request_6	1462346319521	1462346319543	OK	 
REQUEST	injecteur 9	6		request_8	1462346319524	1462346319546	OK	 
REQUEST	injecteur 5	10		request_4	1462346319527	1462346319549	OK	 
REQUEST	injecteur 2	9		request_1	1462346319519	1462346319552	OK	 
REQUEST	injecteur 1	7		request_0	1462346319533	1462346319553	OK	 
REQUEST	injecteur 10	5		request_9	1462346319535	1462346319555	OK	 
REQUEST	injecteur 3	3		request_2	1462346319536	1462346319557	OK	 
REQUEST	injecteur 8	4		request_7	1462346319538	1462346319558	OK	 
REQUEST	injecteur 6	8		request_5	1462346319540	1462346319560	OK	 
REQUEST	injecteur 7	2		request_6	1462346319543	1462346319562	OK	 
REQUEST	injecteur 9	6		request_8	1462346319546	1462346319565	OK	 
REQUEST	injecteur 5	10		request_4	1462346319549	1462346319568	OK	 
REQUEST	injecteur 4	1		request_3	1462346319543	1462346319571	OK	 
REQUEST	injecteur 2	9		request_1	1462346319552	1462346319574	OK	 
REQUEST	injecteur 1	7		request_0	1462346319554	1462346319574	OK	 
REQUEST	injecteur 10	5		request_9	1462346319555	1462346319576	OK	 
REQUEST	injecteur 3	3		request_2	1462346319557	1462346319577	OK	 
REQUEST	injecteur 8	4		request_7	1462346319559	1462346319579	OK	 
REQUEST	injecteur 7	2		request_6	1462346319562	1462346319581	OK	 
REQUEST	injecteur 9	6		request_8	1462346319565	1462346319584	OK	 
REQUEST	injecteur 5	10		request_4	1462346319568	1462346319587	OK	 
REQUEST	injecteur 6	8		request_5	1462346319561	1462346319590	OK	 
REQUEST	injecteur 4	1		request_3	1462346319571	1462346319592	OK	 
REQUEST	injecteur 1	7		request_0	1462346319574	1462346319593	OK	 
REQUEST	injecteur 2	9		request_1	1462346319574	1462346319595	OK	 
REQUEST	injecteur 10	5		request_9	1462346319576	1462346319597	OK	 
REQUEST	injecteur 3	3		request_2	1462346319578	1462346319598	OK	 
REQUEST	injecteur 7	2		request_6	1462346319581	1462346319600	OK	 
REQUEST	injecteur 9	6		request_8	1462346319584	1462346319603	OK	 
REQUEST	injecteur 5	10		request_4	1462346319587	1462346319606	OK	 
REQUEST	injecteur 8	4		request_7	1462346319580	1462346319609	OK	 
REQUEST	injecteur 4	1		request_3	1462346319592	1462346319612	OK	 
REQUEST	injecteur 1	7		request_0	1462346319594	1462346319614	OK	 
REQUEST	injecteur 6	8		request_5	1462346319591	1462346319615	OK	 
REQUEST	injecteur 2	9		request_1	1462346319596	1462346319616	OK	 
REQUEST	injecteur 10	5		request_9	1462346319597	1462346319618	OK	 
REQUEST	injecteur 7	2		request_6	1462346319601	1462346319620	OK	 
REQUEST	injecteur 9	6		request_8	1462346319603	1462346319623	OK	 
REQUEST	injecteur 5	10		request_4	1462346319606	1462346319626	OK	 
REQUEST	injecteur 3	3		request_2	1462346319599	1462346319629	OK	 
REQUEST	injecteur 4	1		request_3	1462346319615	1462346319630	OK	 
REQUEST	injecteur 8	4		request_7	1462346319615	1462346319633	OK	 
REQUEST	injecteur 1	7		request_0	1462346319615	1462346319635	OK	 
REQUEST	injecteur 6	8		request_5	1462346319616	1462346319637	OK	 
REQUEST	injecteur 2	9		request_1	1462346319617	1462346319639	OK	 
REQUEST	injecteur 7	2		request_6	1462346319620	1462346319641	OK	 
REQUEST	injecteur 9	6		request_8	1462346319623	1462346319642	OK	 
REQUEST	injecteur 5	10		request_4	1462346319626	1462346319644	OK	 
REQUEST	injecteur 10	5		request_9	1462346319619	1462346319646	OK	 
REQUEST	injecteur 3	3		request_2	1462346319629	1462346319647	OK	 
REQUEST	injecteur 4	1		request_3	1462346319632	1462346319652	OK	 
REQUEST	injecteur 8	4		request_7	1462346319634	1462346319655	OK	 
REQUEST	injecteur 1	7		request_0	1462346319636	1462346319657	OK	 
REQUEST	injecteur 6	8		request_5	1462346319638	1462346319659	OK	 
REQUEST	injecteur 2	9		request_1	1462346319639	1462346319662	OK	 
REQUEST	injecteur 7	2		request_6	1462346319641	1462346319663	OK	 
REQUEST	injecteur 9	6		request_8	1462346319643	1462346319664	OK	 
REQUEST	injecteur 5	10		request_4	1462346319645	1462346319666	OK	 
REQUEST	injecteur 10	5		request_9	1462346319646	1462346319667	OK	 
REQUEST	injecteur 3	3		request_2	1462346319648	1462346319668	OK	 
REQUEST	injecteur 4	1		request_3	1462346319652	1462346319670	OK	 
REQUEST	injecteur 8	4		request_7	1462346319656	1462346319672	OK	 
REQUEST	injecteur 1	7		request_0	1462346319658	1462346319674	OK	 
REQUEST	injecteur 6	8		request_5	1462346319659	1462346319679	OK	 
REQUEST	injecteur 2	9		request_1	1462346319662	1462346319682	OK	 
REQUEST	injecteur 7	2		request_6	1462346319664	1462346319684	OK	 
REQUEST	injecteur 9	6		request_8	1462346319665	1462346319687	OK	 
REQUEST	injecteur 5	10		request_4	1462346319666	1462346319687	OK	 
REQUEST	injecteur 10	5		request_9	1462346319667	1462346319689	OK	 
REQUEST	injecteur 3	3		request_2	1462346319669	1462346319691	OK	 
REQUEST	injecteur 4	1		request_3	1462346319671	1462346319693	OK	 
REQUEST	injecteur 8	4		request_7	1462346319673	1462346319695	OK	 
REQUEST	injecteur 1	7		request_0	1462346319675	1462346319699	OK	 
REQUEST	injecteur 6	8		request_5	1462346319680	1462346319701	OK	 
REQUEST	injecteur 2	9		request_1	1462346319683	1462346319703	OK	 
REQUEST	injecteur 7	2		request_6	1462346319686	1462346319706	OK	 
REQUEST	injecteur 9	6		request_8	1462346319688	1462346319708	OK	 
REQUEST	injecteur 5	10		request_4	1462346319688	1462346319714	OK	 
REQUEST	injecteur 10	5		request_9	1462346319690	1462346319716	OK	 
REQUEST	injecteur 3	3		request_2	1462346319692	1462346319718	OK	 
REQUEST	injecteur 1	7		request_0	1462346319700	1462346319726	OK	 
REQUEST	injecteur 6	8		request_5	1462346319702	1462346319729	OK	 
REQUEST	injecteur 8	4		request_7	1462346319696	1462346319731	OK	 
REQUEST	injecteur 7	2		request_6	1462346319707	1462346319733	OK	 
REQUEST	injecteur 4	1		request_3	1462346319694	1462346319736	OK	 
REQUEST	injecteur 2	9		request_1	1462346319704	1462346319739	OK	 
REQUEST	injecteur 9	6		request_8	1462346319709	1462346319739	OK	 
REQUEST	injecteur 5	10		request_4	1462346319714	1462346319739	OK	 
REQUEST	injecteur 10	5		request_9	1462346319716	1462346319741	OK	 
REQUEST	injecteur 3	3		request_2	1462346319719	1462346319748	OK	 
REQUEST	injecteur 6	8		request_5	1462346319729	1462346319752	OK	 
REQUEST	injecteur 8	4		request_7	1462346319732	1462346319754	OK	 
REQUEST	injecteur 7	2		request_6	1462346319733	1462346319760	OK	 
REQUEST	injecteur 1	7		request_0	1462346319726	1462346319761	OK	 
REQUEST	injecteur 9	6		request_8	1462346319740	1462346319764	OK	 
REQUEST	injecteur 5	10		request_4	1462346319741	1462346319766	OK	 
REQUEST	injecteur 4	1		request_3	1462346319737	1462346319770	OK	 
REQUEST	injecteur 2	9		request_1	1462346319740	1462346319771	OK	 
REQUEST	injecteur 10	5		request_9	1462346319742	1462346319774	OK	 
REQUEST	injecteur 3	3		request_2	1462346319748	1462346319779	OK	 
REQUEST	injecteur 6	8		request_5	1462346319753	1462346319785	OK	 
REQUEST	injecteur 8	4		request_7	1462346319755	1462346319787	OK	 
REQUEST	injecteur 1	7		request_0	1462346319762	1462346319792	OK	 
REQUEST	injecteur 4	1		request_3	1462346319770	1462346319797	OK	 
REQUEST	injecteur 2	9		request_1	1462346319771	1462346319798	OK	 
REQUEST	injecteur 10	5		request_9	1462346319774	1462346319801	OK	 
REQUEST	injecteur 3	3		request_2	1462346319779	1462346319804	OK	 
REQUEST	injecteur 6	8		request_5	1462346319785	1462346319808	OK	 
REQUEST	injecteur 1	7		request_0	1462346319792	1462346319810	OK	 
REQUEST	injecteur 4	1		request_3	1462346319797	1462346319811	OK	 
REQUEST	injecteur 2	9		request_1	1462346319799	1462346319813	OK	 
REQUEST	injecteur 10	5		request_9	1462346319801	1462346319815	OK	 
REQUEST	injecteur 3	3		request_2	1462346319805	1462346319817	OK	 
REQUEST	injecteur 1	7		request_0	1462346319810	1462346319820	OK	 
REQUEST	injecteur 4	1		request_3	1462346319812	1462346319822	OK	 
REQUEST	injecteur 2	9		request_1	1462346319814	1462346319824	OK	 
REQUEST	injecteur 10	5		request_9	1462346319815	1462346319825	OK	 
REQUEST	injecteur 3	3		request_2	1462346319817	1462346319827	OK	 
REQUEST	injecteur 1	7		request_0	1462346319821	1462346319829	OK	 
REQUEST	injecteur 4	1		request_3	1462346319823	1462346319831	OK	 
REQUEST	injecteur 2	9		request_1	1462346319824	1462346319833	OK	 
REQUEST	injecteur 7	2		request_6	1462346319760	1462346319833	OK	 
REQUEST	injecteur 5	10		request_4	1462346319767	1462346319835	OK	 
REQUEST	injecteur 9	6		request_8	1462346319765	1462346319836	OK	 
REQUEST	injecteur 10	5		request_9	1462346319826	1462346319839	OK	 
REQUEST	injecteur 8	4		request_7	1462346319787	1462346319841	OK	 
REQUEST	injecteur 3	3		request_2	1462346319828	1462346319841	OK	 
REQUEST	injecteur 1	7		request_0	1462346319829	1462346319843	OK	 
REQUEST	injecteur 4	1		request_3	1462346319831	1462346319845	OK	 
REQUEST	injecteur 2	9		request_1	1462346319833	1462346319847	OK	 
REQUEST	injecteur 7	2		request_6	1462346319834	1462346319849	OK	 
REQUEST	injecteur 6	8		request_5	1462346319808	1462346319851	OK	 
REQUEST	injecteur 5	10		request_4	1462346319836	1462346319853	OK	 
REQUEST	injecteur 9	6		request_8	1462346319837	1462346319856	OK	 
REQUEST	injecteur 10	5		request_9	1462346319840	1462346319859	OK	 
REQUEST	injecteur 3	3		request_2	1462346319841	1462346319864	OK	 
REQUEST	injecteur 1	7		request_0	1462346319844	1462346319866	OK	 
REQUEST	injecteur 7	2		request_6	1462346319850	1462346319868	OK	 
REQUEST	injecteur 9	6		request_8	1462346319856	1462346319871	OK	 
REQUEST	injecteur 4	1		request_3	1462346319846	1462346319874	OK	 
REQUEST	injecteur 2	9		request_1	1462346319848	1462346319876	OK	 
REQUEST	injecteur 5	10		request_4	1462346319853	1462346319879	OK	 
REQUEST	injecteur 10	5		request_9	1462346319859	1462346319883	OK	 
REQUEST	injecteur 8	4		request_7	1462346319841	1462346319884	OK	 
REQUEST	injecteur 3	3		request_2	1462346319865	1462346319884	OK	 
REQUEST	injecteur 6	8		request_5	1462346319852	1462346319886	OK	 
REQUEST	injecteur 7	2		request_6	1462346319868	1462346319886	OK	 
REQUEST	injecteur 9	6		request_8	1462346319872	1462346319889	OK	 
REQUEST	injecteur 5	10		request_4	1462346319880	1462346319892	OK	 
REQUEST	injecteur 1	7		request_0	1462346319866	1462346319895	OK	 
REQUEST	injecteur 4	1		request_3	1462346319875	1462346319897	OK	 
REQUEST	injecteur 2	9		request_1	1462346319877	1462346319900	OK	 
REQUEST	injecteur 10	5		request_9	1462346319883	1462346319905	OK	 
REQUEST	injecteur 9	6		request_8	1462346319890	1462346319906	OK	 
REQUEST	injecteur 5	10		request_4	1462346319893	1462346319910	OK	 
REQUEST	injecteur 3	3		request_2	1462346319885	1462346319915	OK	 
REQUEST	injecteur 7	2		request_6	1462346319886	1462346319918	OK	 
REQUEST	injecteur 1	7		request_0	1462346319896	1462346319921	OK	 
REQUEST	injecteur 8	4		request_7	1462346319885	1462346319922	OK	 
REQUEST	injecteur 6	8		request_5	1462346319886	1462346319923	OK	 
REQUEST	injecteur 4	1		request_3	1462346319898	1462346319923	OK	 
REQUEST	injecteur 2	9		request_1	1462346319901	1462346319925	OK	 
REQUEST	injecteur 9	6		request_8	1462346319907	1462346319927	OK	 
REQUEST	injecteur 5	10		request_4	1462346319910	1462346319930	OK	 
REQUEST	injecteur 7	2		request_6	1462346319919	1462346319933	OK	 
REQUEST	injecteur 10	5		request_9	1462346319905	1462346319937	OK	 
REQUEST	injecteur 3	3		request_2	1462346319915	1462346319939	OK	 
REQUEST	injecteur 1	7		request_0	1462346319922	1462346319940	OK	 
REQUEST	injecteur 9	6		request_8	1462346319927	1462346319947	OK	 
REQUEST	injecteur 5	10		request_4	1462346319931	1462346319950	OK	 
REQUEST	injecteur 7	2		request_6	1462346319934	1462346319953	OK	 
REQUEST	injecteur 4	1		request_3	1462346319924	1462346319955	OK	 
REQUEST	injecteur 8	4		request_7	1462346319922	1462346319957	OK	 
REQUEST	injecteur 2	9		request_1	1462346319926	1462346319957	OK	 
REQUEST	injecteur 6	8		request_5	1462346319924	1462346319958	OK	 
REQUEST	injecteur 10	5		request_9	1462346319937	1462346319959	OK	 
REQUEST	injecteur 3	3		request_2	1462346319939	1462346319960	OK	 
REQUEST	injecteur 1	7		request_0	1462346319941	1462346319963	OK	 
REQUEST	injecteur 9	6		request_8	1462346319948	1462346319964	OK	 
REQUEST	injecteur 5	10		request_4	1462346319951	1462346319968	OK	 
REQUEST	injecteur 7	2		request_6	1462346319954	1462346319971	OK	 
REQUEST	injecteur 4	1		request_3	1462346319956	1462346319974	OK	 
REQUEST	injecteur 2	9		request_1	1462346319958	1462346319977	OK	 
REQUEST	injecteur 10	5		request_9	1462346319959	1462346319980	OK	 
REQUEST	injecteur 3	3		request_2	1462346319961	1462346319982	OK	 
REQUEST	injecteur 9	6		request_8	1462346319965	1462346319984	OK	 
REQUEST	injecteur 5	10		request_4	1462346319968	1462346319987	OK	 
REQUEST	injecteur 7	2		request_6	1462346319971	1462346319990	OK	 
REQUEST	injecteur 8	4		request_7	1462346319957	1462346319992	OK	 
REQUEST	injecteur 6	8		request_5	1462346319959	1462346319993	OK	 
REQUEST	injecteur 1	7		request_0	1462346319963	1462346319993	OK	 
REQUEST	injecteur 4	1		request_3	1462346319974	1462346319995	OK	 
REQUEST	injecteur 2	9		request_1	1462346319977	1462346319996	OK	 
REQUEST	injecteur 10	5		request_9	1462346319981	1462346320001	OK	 
REQUEST	injecteur 9	6		request_8	1462346319984	1462346320003	OK	 
REQUEST	injecteur 5	10		request_4	1462346319987	1462346320007	OK	 
REQUEST	injecteur 7	2		request_6	1462346319990	1462346320010	OK	 
REQUEST	injecteur 3	3		request_2	1462346319982	1462346320013	OK	 
REQUEST	injecteur 1	7		request_0	1462346319993	1462346320018	OK	 
REQUEST	injecteur 4	1		request_3	1462346319995	1462346320020	OK	 
REQUEST	injecteur 2	9		request_1	1462346319997	1462346320021	OK	 
REQUEST	injecteur 9	6		request_8	1462346320003	1462346320023	OK	 
REQUEST	injecteur 5	10		request_4	1462346320008	1462346320026	OK	 
REQUEST	injecteur 7	2		request_6	1462346320011	1462346320030	OK	 
REQUEST	injecteur 8	4		request_7	1462346319992	1462346320030	OK	 
REQUEST	injecteur 6	8		request_5	1462346319993	1462346320031	OK	 
REQUEST	injecteur 10	5		request_9	1462346320001	1462346320037	OK	 
REQUEST	injecteur 3	3		request_2	1462346320014	1462346320048	OK	 
REQUEST	injecteur 1	7		request_0	1462346320019	1462346320064	OK	 
REQUEST	injecteur 4	1		request_3	1462346320020	1462346320080	OK	 
REQUEST	injecteur 9	6		request_8	1462346320024	1462346320100	OK	 
REQUEST	injecteur 5	10		request_4	1462346320027	1462346320122	OK	 
REQUEST	injecteur 8	4		request_7	1462346320030	1462346320161	OK	 
REQUEST	injecteur 7	2		request_6	1462346320030	1462346320157	OK	 
REQUEST	injecteur 2	9		request_1	1462346320022	1462346320165	OK	 
REQUEST	injecteur 3	3		request_2	1462346320049	1462346320168	OK	 
REQUEST	injecteur 1	7		request_0	1462346320065	1462346320170	OK	 
REQUEST	injecteur 9	6		request_8	1462346320112	1462346320172	OK	 
REQUEST	injecteur 5	10		request_4	1462346320142	1462346320175	OK	 
REQUEST	injecteur 7	2		request_6	1462346320162	1462346320183	OK	 
REQUEST	injecteur 3	3		request_2	1462346320169	1462346320192	OK	 
REQUEST	injecteur 9	6		request_8	1462346320173	1462346320194	OK	 
REQUEST	injecteur 6	8		request_5	1462346320032	1462346320195	OK	 
REQUEST	injecteur 8	4		request_7	1462346320162	1462346320196	OK	 
REQUEST	injecteur 5	10		request_4	1462346320176	1462346320197	OK	 
REQUEST	injecteur 10	5		request_9	1462346320038	1462346320200	OK	 
REQUEST	injecteur 4	1		request_3	1462346320081	1462346320201	OK	 
REQUEST	injecteur 7	2		request_6	1462346320184	1462346320201	OK	 
REQUEST	injecteur 2	9		request_1	1462346320165	1462346320202	OK	 
REQUEST	injecteur 1	7		request_0	1462346320171	1462346320204	OK	 
REQUEST	injecteur 9	6		request_8	1462346320194	1462346320206	OK	 
REQUEST	injecteur 5	10		request_4	1462346320197	1462346320216	OK	 
REQUEST	injecteur 7	2		request_6	1462346320201	1462346320220	OK	 
REQUEST	injecteur 8	4		request_7	1462346320196	1462346320236	OK	 
REQUEST	injecteur 1	7		request_0	1462346320205	1462346320236	OK	 
REQUEST	injecteur 10	5		request_9	1462346320200	1462346320236	OK	 
REQUEST	injecteur 5	10		request_4	1462346320217	1462346320236	OK	 
REQUEST	injecteur 3	3		request_2	1462346320192	1462346320237	OK	 
REQUEST	injecteur 4	1		request_3	1462346320201	1462346320237	OK	 
REQUEST	injecteur 6	8		request_5	1462346320195	1462346320237	OK	 
REQUEST	injecteur 2	9		request_1	1462346320202	1462346320239	OK	 
REQUEST	injecteur 1	7		request_0	1462346320236	1462346320241	OK	 
REQUEST	injecteur 3	3		request_2	1462346320237	1462346320245	OK	 
REQUEST	injecteur 1	7		request_0	1462346320242	1462346320253	OK	 
REQUEST	injecteur 3	3		request_2	1462346320245	1462346320255	OK	 
REQUEST	injecteur 1	7		request_0	1462346320254	1462346320257	OK	 
REQUEST	injecteur 3	3		request_2	1462346320256	1462346320259	OK	 
REQUEST	injecteur 1	7		request_0	1462346320258	1462346320261	OK	 
REQUEST	injecteur 3	3		request_2	1462346320260	1462346320263	OK	 
REQUEST	injecteur 1	7		request_0	1462346320262	1462346320265	OK	 
REQUEST	injecteur 3	3		request_2	1462346320263	1462346320267	OK	 
REQUEST	injecteur 1	7		request_0	1462346320265	1462346320269	OK	 
REQUEST	injecteur 6	8		request_5	1462346320238	1462346320271	OK	 
REQUEST	injecteur 7	2		request_6	1462346320220	1462346320271	OK	 
REQUEST	injecteur 3	3		request_2	1462346320267	1462346320271	OK	 
REQUEST	injecteur 8	4		request_7	1462346320238	1462346320271	OK	 
REQUEST	injecteur 10	5		request_9	1462346320236	1462346320273	OK	 
REQUEST	injecteur 4	1		request_3	1462346320238	1462346320274	OK	 
REQUEST	injecteur 3	3		request_2	1462346320271	1462346320274	OK	 
REQUEST	injecteur 2	9		request_1	1462346320239	1462346320275	OK	 
REQUEST	injecteur 3	3		request_2	1462346320274	1462346320281	OK	 
REQUEST	injecteur 8	4		request_7	1462346320271	1462346320285	OK	 
REQUEST	injecteur 3	3		request_2	1462346320281	1462346320286	OK	 
REQUEST	injecteur 10	5		request_9	1462346320273	1462346320287	OK	 
REQUEST	injecteur 4	1		request_3	1462346320274	1462346320288	OK	 
REQUEST	injecteur 6	8		request_5	1462346320284	1462346320288	OK	 
REQUEST	injecteur 2	9		request_1	1462346320275	1462346320289	OK	 
REQUEST	injecteur 8	4		request_7	1462346320286	1462346320290	OK	 
REQUEST	injecteur 3	3		request_2	1462346320287	1462346320292	OK	 
REQUEST	injecteur 10	5		request_9	1462346320287	1462346320293	OK	 
REQUEST	injecteur 4	1		request_3	1462346320288	1462346320295	OK	 
REQUEST	injecteur 6	8		request_5	1462346320288	1462346320296	OK	 
REQUEST	injecteur 2	9		request_1	1462346320290	1462346320298	OK	 
REQUEST	injecteur 8	4		request_7	1462346320290	1462346320299	OK	 
REQUEST	injecteur 3	3		request_2	1462346320292	1462346320301	OK	 
REQUEST	injecteur 4	1		request_3	1462346320295	1462346320302	OK	 
REQUEST	injecteur 6	8		request_5	1462346320297	1462346320304	OK	 
REQUEST	injecteur 2	9		request_1	1462346320298	1462346320306	OK	 
REQUEST	injecteur 8	4		request_7	1462346320300	1462346320307	OK	 
REQUEST	injecteur 3	3		request_2	1462346320301	1462346320309	OK	 
REQUEST	injecteur 5	10		request_4	1462346320236	1462346320309	OK	 
