ASSERTION	AAMBAAMDBABk
RUN	Injections		injections	1461922310288	 	2.0
USER	injecteur 4	1	START	1461922311963	1461922311963
USER	injecteur 7	2	START	1461922312023	1461922312023
USER	injecteur 3	3	START	1461922312028	1461922312028
USER	injecteur 8	4	START	1461922312031	1461922312031
USER	injecteur 10	5	START	1461922312033	1461922312033
USER	injecteur 9	6	START	1461922312036	1461922312036
USER	injecteur 1	7	START	1461922312039	1461922312039
USER	injecteur 6	8	START	1461922312042	1461922312042
USER	injecteur 2	9	START	1461922312044	1461922312044
USER	injecteur 5	10	START	1461922312047	1461922312047
REQUEST	injecteur 6	8		request_6	1461922312043	1461922312166	OK	 
REQUEST	injecteur 4	1		request_4	1461922312009	1461922312130	OK	 
REQUEST	injecteur 2	9		request_2	1461922312045	1461922312209	OK	 
REQUEST	injecteur 9	6		request_9	1461922312037	1461922312208	OK	 
REQUEST	injecteur 8	4		request_8	1461922312032	1461922312214	OK	 
REQUEST	injecteur 3	3		request_3	1461922312029	1461922312228	OK	 
REQUEST	injecteur 4	1		request_4	1461922312207	1461922312233	OK	 
REQUEST	injecteur 1	7		request_1	1461922312041	1461922312241	OK	 
REQUEST	injecteur 5	10		request_5	1461922312048	1461922312255	OK	 
REQUEST	injecteur 10	5		request_10	1461922312034	1461922312264	OK	 
REQUEST	injecteur 4	1		request_4	1461922312235	1461922312267	OK	 
REQUEST	injecteur 8	4		request_8	1461922312217	1461922312277	OK	 
REQUEST	injecteur 9	6		request_9	1461922312218	1461922312291	OK	 
REQUEST	injecteur 6	8		request_6	1461922312217	1461922312296	OK	 
REQUEST	injecteur 2	9		request_2	1461922312220	1461922312305	OK	 
REQUEST	injecteur 3	3		request_3	1461922312229	1461922312308	OK	 
REQUEST	injecteur 4	1		request_4	1461922312269	1461922312327	OK	 
REQUEST	injecteur 3	3		request_3	1461922312311	1461922312331	OK	 
REQUEST	injecteur 10	5		request_10	1461922312265	1461922312355	OK	 
REQUEST	injecteur 8	4		request_8	1461922312278	1461922312362	OK	 
REQUEST	injecteur 1	7		request_1	1461922312243	1461922312368	OK	 
REQUEST	injecteur 6	8		request_6	1461922312297	1461922312371	OK	 
REQUEST	injecteur 7	2		request_7	1461922312025	1461922312335	KO	status.find.is(200), but actually found 400
REQUEST	injecteur 5	10		request_5	1461922312256	1461922312380	OK	 
REQUEST	injecteur 9	6		request_9	1461922312293	1461922312384	OK	 
REQUEST	injecteur 2	9		request_2	1461922312306	1461922312393	OK	 
REQUEST	injecteur 3	3		request_3	1461922312333	1461922312406	OK	 
REQUEST	injecteur 9	6		request_9	1461922312385	1461922312411	OK	 
REQUEST	injecteur 4	1		request_4	1461922312329	1461922312418	OK	 
REQUEST	injecteur 10	5		request_10	1461922312356	1461922312433	OK	 
REQUEST	injecteur 8	4		request_8	1461922312363	1461922312437	OK	 
REQUEST	injecteur 1	7		request_1	1461922312369	1461922312446	OK	 
REQUEST	injecteur 6	8		request_6	1461922312372	1461922312456	OK	 
REQUEST	injecteur 5	10		request_5	1461922312381	1461922312466	OK	 
REQUEST	injecteur 7	2		request_7	1461922312374	1461922312469	KO	status.find.is(200), but actually found 400
REQUEST	injecteur 2	9		request_2	1461922312394	1461922312481	OK	 
REQUEST	injecteur 3	3		request_3	1461922312408	1461922312485	OK	 
REQUEST	injecteur 9	6		request_9	1461922312412	1461922312491	OK	 
REQUEST	injecteur 4	1		request_4	1461922312419	1461922312500	OK	 
REQUEST	injecteur 10	5		request_10	1461922312435	1461922312507	OK	 
REQUEST	injecteur 8	4		request_8	1461922312440	1461922312517	OK	 
REQUEST	injecteur 1	7		request_1	1461922312448	1461922312523	OK	 
REQUEST	injecteur 6	8		request_6	1461922312458	1461922312524	OK	 
REQUEST	injecteur 6	8		request_6	1461922312525	1461922312535	OK	 
REQUEST	injecteur 5	10		request_5	1461922312467	1461922312547	OK	 
REQUEST	injecteur 2	9		request_2	1461922312483	1461922312553	OK	 
REQUEST	injecteur 3	3		request_3	1461922312486	1461922312557	OK	 
REQUEST	injecteur 9	6		request_9	1461922312493	1461922312564	OK	 
REQUEST	injecteur 4	1		request_4	1461922312501	1461922312569	OK	 
REQUEST	injecteur 8	4		request_8	1461922312518	1461922312580	OK	 
REQUEST	injecteur 10	5		request_10	1461922312515	1461922312587	OK	 
REQUEST	injecteur 7	2		request_7	1461922312472	1461922312587	KO	status.find.is(200), but actually found 400
REQUEST	injecteur 6	8		request_6	1461922312536	1461922312594	OK	 
REQUEST	injecteur 3	3		request_3	1461922312558	1461922312598	OK	 
REQUEST	injecteur 1	7		request_1	1461922312532	1461922312608	OK	 
REQUEST	injecteur 2	9		request_2	1461922312554	1461922312617	OK	 
REQUEST	injecteur 5	10		request_5	1461922312549	1461922312621	OK	 
REQUEST	injecteur 9	6		request_9	1461922312565	1461922312625	OK	 
REQUEST	injecteur 4	1		request_4	1461922312575	1461922312632	OK	 
REQUEST	injecteur 8	4		request_8	1461922312581	1461922312636	OK	 
REQUEST	injecteur 3	3		request_3	1461922312599	1461922312645	OK	 
REQUEST	injecteur 10	5		request_10	1461922312589	1461922312649	OK	 
REQUEST	injecteur 6	8		request_6	1461922312595	1461922312656	OK	 
REQUEST	injecteur 1	7		request_1	1461922312611	1461922312661	OK	 
REQUEST	injecteur 2	9		request_2	1461922312619	1461922312678	OK	 
REQUEST	injecteur 5	10		request_5	1461922312623	1461922312686	OK	 
REQUEST	injecteur 9	6		request_9	1461922312628	1461922312687	OK	 
REQUEST	injecteur 4	1		request_4	1461922312633	1461922312695	OK	 
REQUEST	injecteur 9	6		request_9	1461922312688	1461922312700	OK	 
REQUEST	injecteur 7	2		request_7	1461922312591	1461922312699	KO	status.find.is(200), but actually found 400
REQUEST	injecteur 8	4		request_8	1461922312638	1461922312708	OK	 
REQUEST	injecteur 3	3		request_3	1461922312646	1461922312713	OK	 
REQUEST	injecteur 10	5		request_10	1461922312650	1461922312718	OK	 
REQUEST	injecteur 6	8		request_6	1461922312658	1461922312721	OK	 
REQUEST	injecteur 1	7		request_1	1461922312665	1461922312729	OK	 
REQUEST	injecteur 2	9		request_2	1461922312680	1461922312731	OK	 
REQUEST	injecteur 5	10		request_5	1461922312687	1461922312737	OK	 
REQUEST	injecteur 9	6		request_9	1461922312701	1461922312745	OK	 
REQUEST	injecteur 4	1		request_4	1461922312698	1461922312758	OK	 
REQUEST	injecteur 8	4		request_8	1461922312711	1461922312763	OK	 
REQUEST	injecteur 3	3		request_3	1461922312714	1461922312766	OK	 
REQUEST	injecteur 10	5		request_10	1461922312719	1461922312775	OK	 
REQUEST	injecteur 6	8		request_6	1461922312722	1461922312780	OK	 
REQUEST	injecteur 2	9		request_2	1461922312732	1461922312783	OK	 
REQUEST	injecteur 7	2		request_7	1461922312706	1461922312786	KO	status.find.is(200), but actually found 400
REQUEST	injecteur 5	10		request_5	1461922312738	1461922312791	OK	 
REQUEST	injecteur 1	7		request_1	1461922312736	1461922312795	OK	 
REQUEST	injecteur 9	6		request_9	1461922312747	1461922312806	OK	 
REQUEST	injecteur 10	5		request_10	1461922312778	1461922312812	OK	 
REQUEST	injecteur 3	3		request_3	1461922312767	1461922312812	OK	 
REQUEST	injecteur 4	1		request_4	1461922312760	1461922312820	OK	 
REQUEST	injecteur 8	4		request_8	1461922312764	1461922312822	OK	 
REQUEST	injecteur 10	5		request_10	1461922312813	1461922312829	OK	 
REQUEST	injecteur 6	8		request_6	1461922312781	1461922312836	OK	 
REQUEST	injecteur 2	9		request_2	1461922312784	1461922312845	OK	 
REQUEST	injecteur 5	10		request_5	1461922312792	1461922312849	OK	 
REQUEST	injecteur 1	7		request_1	1461922312798	1461922312853	OK	 
REQUEST	injecteur 9	6		request_9	1461922312807	1461922312856	OK	 
REQUEST	injecteur 7	2		request_7	1461922312789	1461922312860	KO	status.find.is(200), but actually found 400
REQUEST	injecteur 9	6		request_9	1461922312857	1461922312867	OK	 
REQUEST	injecteur 3	3		request_3	1461922312818	1461922312873	OK	 
REQUEST	injecteur 4	1		request_4	1461922312821	1461922312878	OK	 
REQUEST	injecteur 8	4		request_8	1461922312823	1461922312886	OK	 
REQUEST	injecteur 10	5		request_10	1461922312830	1461922312891	OK	 
REQUEST	injecteur 6	8		request_6	1461922312837	1461922312893	OK	 
REQUEST	injecteur 2	9		request_2	1461922312846	1461922312898	OK	 
REQUEST	injecteur 5	10		request_5	1461922312850	1461922312906	OK	 
REQUEST	injecteur 1	7		request_1	1461922312854	1461922312911	OK	 
REQUEST	injecteur 9	6		request_9	1461922312869	1461922312919	OK	 
REQUEST	injecteur 3	3		request_3	1461922312875	1461922312924	OK	 
REQUEST	injecteur 4	1		request_4	1461922312879	1461922312929	OK	 
REQUEST	injecteur 8	4		request_8	1461922312888	1461922312934	OK	 
REQUEST	injecteur 10	5		request_10	1461922312892	1461922312940	OK	 
REQUEST	injecteur 6	8		request_6	1461922312894	1461922312957	OK	 
REQUEST	injecteur 2	9		request_2	1461922312899	1461922312961	OK	 
REQUEST	injecteur 5	10		request_5	1461922312907	1461922312968	OK	 
REQUEST	injecteur 7	2		request_7	1461922312864	1461922312971	KO	status.find.is(200), but actually found 400
REQUEST	injecteur 3	3		request_3	1461922312924	1461922312975	OK	 
REQUEST	injecteur 1	7		request_1	1461922312913	1461922312987	OK	 
REQUEST	injecteur 8	4		request_8	1461922312935	1461922312989	OK	 
REQUEST	injecteur 9	6		request_9	1461922312920	1461922312992	OK	 
REQUEST	injecteur 4	1		request_4	1461922312931	1461922313005	OK	 
REQUEST	injecteur 10	5		request_10	1461922312947	1461922313007	OK	 
REQUEST	injecteur 6	8		request_6	1461922312958	1461922313021	OK	 
REQUEST	injecteur 2	9		request_2	1461922312962	1461922313024	OK	 
REQUEST	injecteur 5	10		request_5	1461922312969	1461922313033	OK	 
REQUEST	injecteur 9	6		request_9	1461922312994	1461922313034	OK	 
REQUEST	injecteur 3	3		request_3	1461922312985	1461922313041	OK	 
REQUEST	injecteur 1	7		request_1	1461922312988	1461922313048	OK	 
REQUEST	injecteur 8	4		request_8	1461922312989	1461922313051	OK	 
REQUEST	injecteur 4	1		request_4	1461922313006	1461922313056	OK	 
REQUEST	injecteur 10	5		request_10	1461922313008	1461922313059	OK	 
REQUEST	injecteur 6	8		request_6	1461922313022	1461922313069	OK	 
REQUEST	injecteur 7	2		request_7	1461922312972	1461922313072	KO	status.find.is(200), but actually found 400
REQUEST	injecteur 5	10		request_5	1461922313034	1461922313076	OK	 
REQUEST	injecteur 10	5		request_10	1461922313061	1461922313079	OK	 
REQUEST	injecteur 2	9		request_2	1461922313027	1461922313084	OK	 
REQUEST	injecteur 9	6		request_9	1461922313035	1461922313086	OK	 
REQUEST	injecteur 3	3		request_3	1461922313042	1461922313088	OK	 
REQUEST	injecteur 1	7		request_1	1461922313049	1461922313092	OK	 
REQUEST	injecteur 8	4		request_8	1461922313052	1461922313096	OK	 
REQUEST	injecteur 4	1		request_4	1461922313057	1461922313100	OK	 
REQUEST	injecteur 6	8		request_6	1461922313070	1461922313106	OK	 
REQUEST	injecteur 5	10		request_5	1461922313077	1461922313111	OK	 
REQUEST	injecteur 10	5		request_10	1461922313080	1461922313113	OK	 
REQUEST	injecteur 2	9		request_2	1461922313085	1461922313115	OK	 
REQUEST	injecteur 9	6		request_9	1461922313087	1461922313119	OK	 
REQUEST	injecteur 3	3		request_3	1461922313088	1461922313121	OK	 
REQUEST	injecteur 1	7		request_1	1461922313093	1461922313124	OK	 
REQUEST	injecteur 7	2		request_7	1461922313074	1461922313124	KO	status.find.is(200), but actually found 400
REQUEST	injecteur 8	4		request_8	1461922313097	1461922313128	OK	 
REQUEST	injecteur 4	1		request_4	1461922313101	1461922313131	OK	 
REQUEST	injecteur 6	8		request_6	1461922313107	1461922313137	OK	 
REQUEST	injecteur 5	10		request_5	1461922313112	1461922313139	OK	 
REQUEST	injecteur 10	5		request_10	1461922313114	1461922313142	OK	 
REQUEST	injecteur 2	9		request_2	1461922313116	1461922313145	OK	 
REQUEST	injecteur 9	6		request_9	1461922313120	1461922313148	OK	 
REQUEST	injecteur 3	3		request_3	1461922313122	1461922313151	OK	 
REQUEST	injecteur 4	1		request_4	1461922313132	1461922313155	OK	 
REQUEST	injecteur 1	7		request_1	1461922313126	1461922313160	OK	 
REQUEST	injecteur 8	4		request_8	1461922313129	1461922313163	OK	 
REQUEST	injecteur 6	8		request_6	1461922313137	1461922313167	OK	 
REQUEST	injecteur 5	10		request_5	1461922313140	1461922313170	OK	 
REQUEST	injecteur 10	5		request_10	1461922313143	1461922313173	OK	 
REQUEST	injecteur 2	9		request_2	1461922313146	1461922313176	OK	 
REQUEST	injecteur 9	6		request_9	1461922313149	1461922313179	OK	 
REQUEST	injecteur 7	2		request_7	1461922313126	1461922313179	KO	status.find.is(200), but actually found 400
REQUEST	injecteur 3	3		request_3	1461922313153	1461922313184	OK	 
REQUEST	injecteur 4	1		request_4	1461922313156	1461922313186	OK	 
REQUEST	injecteur 1	7		request_1	1461922313161	1461922313188	OK	 
REQUEST	injecteur 8	4		request_8	1461922313164	1461922313190	OK	 
REQUEST	injecteur 6	8		request_6	1461922313168	1461922313192	OK	 
REQUEST	injecteur 5	10		request_5	1461922313171	1461922313195	OK	 
REQUEST	injecteur 10	5		request_10	1461922313174	1461922313197	OK	 
REQUEST	injecteur 2	9		request_2	1461922313178	1461922313201	OK	 
REQUEST	injecteur 9	6		request_9	1461922313180	1461922313203	OK	 
REQUEST	injecteur 3	3		request_3	1461922313185	1461922313206	OK	 
REQUEST	injecteur 4	1		request_4	1461922313187	1461922313207	OK	 
REQUEST	injecteur 1	7		request_1	1461922313189	1461922313210	OK	 
REQUEST	injecteur 8	4		request_8	1461922313191	1461922313212	OK	 
REQUEST	injecteur 6	8		request_6	1461922313193	1461922313215	OK	 
REQUEST	injecteur 5	10		request_5	1461922313196	1461922313217	OK	 
REQUEST	injecteur 7	2		request_7	1461922313181	1461922313220	KO	status.find.is(200), but actually found 400
REQUEST	injecteur 10	5		request_10	1461922313198	1461922313221	OK	 
REQUEST	injecteur 2	9		request_2	1461922313202	1461922313223	OK	 
REQUEST	injecteur 9	6		request_9	1461922313204	1461922313226	OK	 
REQUEST	injecteur 3	3		request_3	1461922313207	1461922313228	OK	 
REQUEST	injecteur 4	1		request_4	1461922313208	1461922313231	OK	 
REQUEST	injecteur 1	7		request_1	1461922313211	1461922313234	OK	 
REQUEST	injecteur 8	4		request_8	1461922313213	1461922313236	OK	 
REQUEST	injecteur 6	8		request_6	1461922313216	1461922313239	OK	 
REQUEST	injecteur 5	10		request_5	1461922313218	1461922313242	OK	 
REQUEST	injecteur 10	5		request_10	1461922313222	1461922313247	OK	 
REQUEST	injecteur 2	9		request_2	1461922313224	1461922313249	OK	 
REQUEST	injecteur 9	6		request_9	1461922313227	1461922313252	OK	 
REQUEST	injecteur 3	3		request_3	1461922313229	1461922313258	OK	 
REQUEST	injecteur 4	1		request_4	1461922313232	1461922313260	OK	 
REQUEST	injecteur 1	7		request_1	1461922313235	1461922313263	OK	 
REQUEST	injecteur 8	4		request_8	1461922313237	1461922313266	OK	 
REQUEST	injecteur 8	4		request_8	1461922313267	1461922313273	OK	 
REQUEST	injecteur 7	2		request_7	1461922313221	1461922313272	KO	status.find.is(200), but actually found 400
REQUEST	injecteur 6	8		request_6	1461922313239	1461922313276	OK	 
REQUEST	injecteur 5	10		request_5	1461922313243	1461922313279	OK	 
REQUEST	injecteur 10	5		request_10	1461922313248	1461922313281	OK	 
REQUEST	injecteur 2	9		request_2	1461922313250	1461922313283	OK	 
REQUEST	injecteur 9	6		request_9	1461922313253	1461922313285	OK	 
REQUEST	injecteur 3	3		request_3	1461922313258	1461922313287	OK	 
REQUEST	injecteur 4	1		request_4	1461922313261	1461922313289	OK	 
REQUEST	injecteur 1	7		request_1	1461922313264	1461922313292	OK	 
REQUEST	injecteur 8	4		request_8	1461922313274	1461922313294	OK	 
REQUEST	injecteur 6	8		request_6	1461922313278	1461922313300	OK	 
REQUEST	injecteur 5	10		request_5	1461922313280	1461922313302	OK	 
REQUEST	injecteur 10	5		request_10	1461922313281	1461922313304	OK	 
REQUEST	injecteur 2	9		request_2	1461922313283	1461922313308	OK	 
REQUEST	injecteur 9	6		request_9	1461922313285	1461922313310	OK	 
REQUEST	injecteur 7	2		request_7	1461922313275	1461922313311	KO	status.find.is(200), but actually found 400
REQUEST	injecteur 3	3		request_3	1461922313288	1461922313314	OK	 
REQUEST	injecteur 4	1		request_4	1461922313290	1461922313315	OK	 
REQUEST	injecteur 1	7		request_1	1461922313293	1461922313318	OK	 
REQUEST	injecteur 8	4		request_8	1461922313295	1461922313321	OK	 
REQUEST	injecteur 6	8		request_6	1461922313300	1461922313324	OK	 
REQUEST	injecteur 5	10		request_5	1461922313303	1461922313327	OK	 
REQUEST	injecteur 10	5		request_10	1461922313305	1461922313330	OK	 
REQUEST	injecteur 2	9		request_2	1461922313309	1461922313331	OK	 
REQUEST	injecteur 9	6		request_9	1461922313311	1461922313335	OK	 
REQUEST	injecteur 3	3		request_3	1461922313314	1461922313339	OK	 
REQUEST	injecteur 4	1		request_4	1461922313317	1461922313341	OK	 
REQUEST	injecteur 1	7		request_1	1461922313319	1461922313343	OK	 
REQUEST	injecteur 8	4		request_8	1461922313322	1461922313347	OK	 
REQUEST	injecteur 6	8		request_6	1461922313325	1461922313349	OK	 
REQUEST	injecteur 5	10		request_5	1461922313328	1461922313352	OK	 
REQUEST	injecteur 10	5		request_10	1461922313330	1461922313355	OK	 
REQUEST	injecteur 7	2		request_7	1461922313312	1461922313356	KO	status.find.is(200), but actually found 400
REQUEST	injecteur 2	9		request_2	1461922313332	1461922313362	OK	 
REQUEST	injecteur 9	6		request_9	1461922313336	1461922313364	OK	 
REQUEST	injecteur 3	3		request_3	1461922313339	1461922313366	OK	 
REQUEST	injecteur 4	1		request_4	1461922313343	1461922313370	OK	 
REQUEST	injecteur 1	7		request_1	1461922313344	1461922313372	OK	 
REQUEST	injecteur 8	4		request_8	1461922313348	1461922313374	OK	 
REQUEST	injecteur 6	8		request_6	1461922313350	1461922313376	OK	 
REQUEST	injecteur 5	10		request_5	1461922313354	1461922313378	OK	 
REQUEST	injecteur 10	5		request_10	1461922313356	1461922313382	OK	 
REQUEST	injecteur 2	9		request_2	1461922313363	1461922313387	OK	 
REQUEST	injecteur 9	6		request_9	1461922313365	1461922313389	OK	 
REQUEST	injecteur 3	3		request_3	1461922313368	1461922313391	OK	 
REQUEST	injecteur 4	1		request_4	1461922313371	1461922313393	OK	 
REQUEST	injecteur 1	7		request_1	1461922313373	1461922313396	OK	 
REQUEST	injecteur 8	4		request_8	1461922313375	1461922313398	OK	 
REQUEST	injecteur 6	8		request_6	1461922313377	1461922313401	OK	 
REQUEST	injecteur 7	2		request_7	1461922313357	1461922313401	KO	status.find.is(200), but actually found 400
REQUEST	injecteur 5	10		request_5	1461922313379	1461922313404	OK	 
REQUEST	injecteur 10	5		request_10	1461922313383	1461922313406	OK	 
REQUEST	injecteur 2	9		request_2	1461922313388	1461922313408	OK	 
REQUEST	injecteur 9	6		request_9	1461922313390	1461922313410	OK	 
REQUEST	injecteur 3	3		request_3	1461922313392	1461922313414	OK	 
REQUEST	injecteur 4	1		request_4	1461922313394	1461922313418	OK	 
REQUEST	injecteur 1	7		request_1	1461922313397	1461922313422	OK	 
REQUEST	injecteur 8	4		request_8	1461922313399	1461922313428	OK	 
REQUEST	injecteur 6	8		request_6	1461922313402	1461922313429	OK	 
REQUEST	injecteur 5	10		request_5	1461922313405	1461922313434	OK	 
REQUEST	injecteur 10	5		request_10	1461922313407	1461922313437	OK	 
REQUEST	injecteur 2	9		request_2	1461922313408	1461922313447	OK	 
REQUEST	injecteur 9	6		request_9	1461922313411	1461922313450	OK	 
REQUEST	injecteur 3	3		request_3	1461922313415	1461922313453	OK	 
REQUEST	injecteur 4	1		request_4	1461922313419	1461922313454	OK	 
REQUEST	injecteur 7	2		request_7	1461922313403	1461922313455	KO	status.find.is(200), but actually found 400
REQUEST	injecteur 1	7		request_1	1461922313423	1461922313458	OK	 
REQUEST	injecteur 8	4		request_8	1461922313429	1461922313460	OK	 
REQUEST	injecteur 6	8		request_6	1461922313430	1461922313463	OK	 
REQUEST	injecteur 5	10		request_5	1461922313435	1461922313464	OK	 
REQUEST	injecteur 10	5		request_10	1461922313438	1461922313466	OK	 
REQUEST	injecteur 2	9		request_2	1461922313448	1461922313469	OK	 
REQUEST	injecteur 9	6		request_9	1461922313451	1461922313471	OK	 
REQUEST	injecteur 3	3		request_3	1461922313453	1461922313473	OK	 
REQUEST	injecteur 4	1		request_4	1461922313455	1461922313476	OK	 
REQUEST	injecteur 1	7		request_1	1461922313459	1461922313480	OK	 
REQUEST	injecteur 8	4		request_8	1461922313461	1461922313481	OK	 
REQUEST	injecteur 6	8		request_6	1461922313463	1461922313483	OK	 
REQUEST	injecteur 5	10		request_5	1461922313465	1461922313486	OK	 
REQUEST	injecteur 10	5		request_10	1461922313467	1461922313488	OK	 
REQUEST	injecteur 2	9		request_2	1461922313470	1461922313490	OK	 
REQUEST	injecteur 9	6		request_9	1461922313472	1461922313492	OK	 
REQUEST	injecteur 7	2		request_7	1461922313456	1461922313493	KO	status.find.is(200), but actually found 400
REQUEST	injecteur 3	3		request_3	1461922313474	1461922313495	OK	 
REQUEST	injecteur 4	1		request_4	1461922313477	1461922313497	OK	 
REQUEST	injecteur 1	7		request_1	1461922313480	1461922313498	OK	 
REQUEST	injecteur 8	4		request_8	1461922313482	1461922313500	OK	 
REQUEST	injecteur 6	8		request_6	1461922313485	1461922313502	OK	 
REQUEST	injecteur 5	10		request_5	1461922313487	1461922313504	OK	 
REQUEST	injecteur 10	5		request_10	1461922313489	1461922313506	OK	 
REQUEST	injecteur 2	9		request_2	1461922313491	1461922313509	OK	 
REQUEST	injecteur 9	6		request_9	1461922313493	1461922313513	OK	 
REQUEST	injecteur 3	3		request_3	1461922313496	1461922313516	OK	 
REQUEST	injecteur 4	1		request_4	1461922313498	1461922313517	OK	 
REQUEST	injecteur 1	7		request_1	1461922313499	1461922313520	OK	 
REQUEST	injecteur 8	4		request_8	1461922313501	1461922313522	OK	 
REQUEST	injecteur 6	8		request_6	1461922313503	1461922313523	OK	 
REQUEST	injecteur 5	10		request_5	1461922313505	1461922313525	OK	 
REQUEST	injecteur 10	5		request_10	1461922313507	1461922313528	OK	 
REQUEST	injecteur 7	2		request_7	1461922313495	1461922313528	KO	status.find.is(200), but actually found 400
REQUEST	injecteur 2	9		request_2	1461922313510	1461922313530	OK	 
REQUEST	injecteur 9	6		request_9	1461922313514	1461922313532	OK	 
REQUEST	injecteur 3	3		request_3	1461922313516	1461922313534	OK	 
REQUEST	injecteur 4	1		request_4	1461922313518	1461922313536	OK	 
REQUEST	injecteur 1	7		request_1	1461922313520	1461922313539	OK	 
REQUEST	injecteur 8	4		request_8	1461922313522	1461922313546	OK	 
REQUEST	injecteur 6	8		request_6	1461922313524	1461922313548	OK	 
REQUEST	injecteur 5	10		request_5	1461922313526	1461922313551	OK	 
REQUEST	injecteur 10	5		request_10	1461922313528	1461922313555	OK	 
REQUEST	injecteur 2	9		request_2	1461922313531	1461922313559	OK	 
REQUEST	injecteur 9	6		request_9	1461922313532	1461922313565	OK	 
REQUEST	injecteur 3	3		request_3	1461922313535	1461922313570	OK	 
REQUEST	injecteur 4	1		request_4	1461922313537	1461922313573	OK	 
REQUEST	injecteur 1	7		request_1	1461922313539	1461922313575	OK	 
REQUEST	injecteur 8	4		request_8	1461922313547	1461922313578	OK	 
REQUEST	injecteur 6	8		request_6	1461922313549	1461922313580	OK	 
REQUEST	injecteur 7	2		request_7	1461922313529	1461922313581	KO	status.find.is(200), but actually found 400
REQUEST	injecteur 5	10		request_5	1461922313552	1461922313584	OK	 
REQUEST	injecteur 10	5		request_10	1461922313556	1461922313586	OK	 
REQUEST	injecteur 2	9		request_2	1461922313560	1461922313589	OK	 
REQUEST	injecteur 9	6		request_9	1461922313566	1461922313591	OK	 
REQUEST	injecteur 3	3		request_3	1461922313571	1461922313595	OK	 
REQUEST	injecteur 4	1		request_4	1461922313574	1461922313596	OK	 
REQUEST	injecteur 1	7		request_1	1461922313577	1461922313599	OK	 
REQUEST	injecteur 8	4		request_8	1461922313579	1461922313600	OK	 
REQUEST	injecteur 6	8		request_6	1461922313581	1461922313604	OK	 
REQUEST	injecteur 5	10		request_5	1461922313584	1461922313608	OK	 
REQUEST	injecteur 10	5		request_10	1461922313587	1461922313610	OK	 
REQUEST	injecteur 2	9		request_2	1461922313589	1461922313613	OK	 
REQUEST	injecteur 9	6		request_9	1461922313592	1461922313615	OK	 
REQUEST	injecteur 3	3		request_3	1461922313596	1461922313616	OK	 
REQUEST	injecteur 4	1		request_4	1461922313597	1461922313618	OK	 
REQUEST	injecteur 7	2		request_7	1461922313583	1461922313619	KO	status.find.is(200), but actually found 400
REQUEST	injecteur 1	7		request_1	1461922313599	1461922313622	OK	 
REQUEST	injecteur 8	4		request_8	1461922313601	1461922313624	OK	 
REQUEST	injecteur 6	8		request_6	1461922313605	1461922313626	OK	 
REQUEST	injecteur 5	10		request_5	1461922313609	1461922313629	OK	 
REQUEST	injecteur 10	5		request_10	1461922313611	1461922313630	OK	 
REQUEST	injecteur 2	9		request_2	1461922313614	1461922313632	OK	 
REQUEST	injecteur 9	6		request_9	1461922313616	1461922313633	OK	 
REQUEST	injecteur 3	3		request_3	1461922313617	1461922313637	OK	 
REQUEST	injecteur 4	1		request_4	1461922313619	1461922313639	OK	 
REQUEST	injecteur 1	7		request_1	1461922313623	1461922313642	OK	 
REQUEST	injecteur 8	4		request_8	1461922313624	1461922313644	OK	 
REQUEST	injecteur 6	8		request_6	1461922313627	1461922313645	OK	 
REQUEST	injecteur 5	10		request_5	1461922313630	1461922313648	OK	 
REQUEST	injecteur 10	5		request_10	1461922313631	1461922313649	OK	 
REQUEST	injecteur 2	9		request_2	1461922313632	1461922313651	OK	 
REQUEST	injecteur 7	2		request_7	1461922313620	1461922313652	KO	status.find.is(200), but actually found 400
REQUEST	injecteur 9	6		request_9	1461922313634	1461922313656	OK	 
REQUEST	injecteur 3	3		request_3	1461922313638	1461922313658	OK	 
REQUEST	injecteur 4	1		request_4	1461922313639	1461922313662	OK	 
REQUEST	injecteur 8	4		request_8	1461922313645	1461922313665	OK	 
REQUEST	injecteur 1	7		request_1	1461922313642	1461922313667	OK	 
REQUEST	injecteur 6	8		request_6	1461922313646	1461922313671	OK	 
REQUEST	injecteur 5	10		request_5	1461922313648	1461922313674	OK	 
REQUEST	injecteur 10	5		request_10	1461922313650	1461922313678	OK	 
REQUEST	injecteur 2	9		request_2	1461922313652	1461922313681	OK	 
REQUEST	injecteur 9	6		request_9	1461922313657	1461922313685	OK	 
REQUEST	injecteur 3	3		request_3	1461922313659	1461922313688	OK	 
REQUEST	injecteur 4	1		request_4	1461922313663	1461922313690	OK	 
REQUEST	injecteur 8	4		request_8	1461922313665	1461922313692	OK	 
REQUEST	injecteur 1	7		request_1	1461922313668	1461922313695	OK	 
REQUEST	injecteur 6	8		request_6	1461922313671	1461922313697	OK	 
REQUEST	injecteur 5	10		request_5	1461922313675	1461922313701	OK	 
REQUEST	injecteur 6	8		request_6	1461922313698	1461922313705	OK	 
REQUEST	injecteur 7	2		request_7	1461922313653	1461922313704	KO	status.find.is(200), but actually found 400
REQUEST	injecteur 10	5		request_10	1461922313679	1461922313707	OK	 
REQUEST	injecteur 2	9		request_2	1461922313682	1461922313709	OK	 
REQUEST	injecteur 9	6		request_9	1461922313686	1461922313711	OK	 
REQUEST	injecteur 3	3		request_3	1461922313689	1461922313713	OK	 
REQUEST	injecteur 4	1		request_4	1461922313691	1461922313717	OK	 
REQUEST	injecteur 8	4		request_8	1461922313693	1461922313720	OK	 
REQUEST	injecteur 1	7		request_1	1461922313696	1461922313723	OK	 
REQUEST	injecteur 5	10		request_5	1461922313702	1461922313728	OK	 
REQUEST	injecteur 6	8		request_6	1461922313706	1461922313732	OK	 
REQUEST	injecteur 10	5		request_10	1461922313708	1461922313734	OK	 
REQUEST	injecteur 2	9		request_2	1461922313709	1461922313736	OK	 
REQUEST	injecteur 9	6		request_9	1461922313712	1461922313739	OK	 
REQUEST	injecteur 3	3		request_3	1461922313714	1461922313741	OK	 
REQUEST	injecteur 4	1		request_4	1461922313718	1461922313743	OK	 
REQUEST	injecteur 8	4		request_8	1461922313721	1461922313746	OK	 
REQUEST	injecteur 7	2		request_7	1461922313706	1461922313746	KO	status.find.is(200), but actually found 400
REQUEST	injecteur 1	7		request_1	1461922313724	1461922313749	OK	 
REQUEST	injecteur 5	10		request_5	1461922313729	1461922313753	OK	 
REQUEST	injecteur 6	8		request_6	1461922313732	1461922313757	OK	 
REQUEST	injecteur 10	5		request_10	1461922313734	1461922313759	OK	 
REQUEST	injecteur 2	9		request_2	1461922313737	1461922313760	OK	 
REQUEST	injecteur 9	6		request_9	1461922313740	1461922313763	OK	 
REQUEST	injecteur 3	3		request_3	1461922313741	1461922313764	OK	 
REQUEST	injecteur 4	1		request_4	1461922313744	1461922313766	OK	 
REQUEST	injecteur 8	4		request_8	1461922313746	1461922313770	OK	 
REQUEST	injecteur 1	7		request_1	1461922313750	1461922313788	OK	 
REQUEST	injecteur 5	10		request_5	1461922313754	1461922313791	OK	 
REQUEST	injecteur 6	8		request_6	1461922313758	1461922313793	OK	 
REQUEST	injecteur 10	5		request_10	1461922313759	1461922313795	OK	 
REQUEST	injecteur 2	9		request_2	1461922313761	1461922313797	OK	 
REQUEST	injecteur 9	6		request_9	1461922313763	1461922313798	OK	 
REQUEST	injecteur 3	3		request_3	1461922313765	1461922313800	OK	 
REQUEST	injecteur 7	2		request_7	1461922313748	1461922313802	KO	status.find.is(200), but actually found 400
REQUEST	injecteur 4	1		request_4	1461922313767	1461922313805	OK	 
REQUEST	injecteur 8	4		request_8	1461922313771	1461922313807	OK	 
REQUEST	injecteur 1	7		request_1	1461922313788	1461922313808	OK	 
REQUEST	injecteur 5	10		request_5	1461922313791	1461922313810	OK	 
REQUEST	injecteur 6	8		request_6	1461922313794	1461922313812	OK	 
REQUEST	injecteur 10	5		request_10	1461922313796	1461922313815	OK	 
REQUEST	injecteur 2	9		request_2	1461922313797	1461922313817	OK	 
REQUEST	injecteur 9	6		request_9	1461922313799	1461922313819	OK	 
REQUEST	injecteur 3	3		request_3	1461922313801	1461922313823	OK	 
REQUEST	injecteur 4	1		request_4	1461922313806	1461922313827	OK	 
REQUEST	injecteur 8	4		request_8	1461922313808	1461922313829	OK	 
REQUEST	injecteur 1	7		request_1	1461922313809	1461922313830	OK	 
REQUEST	injecteur 5	10		request_5	1461922313811	1461922313832	OK	 
REQUEST	injecteur 6	8		request_6	1461922313813	1461922313834	OK	 
REQUEST	injecteur 10	5		request_10	1461922313816	1461922313835	OK	 
REQUEST	injecteur 2	9		request_2	1461922313818	1461922313838	OK	 
REQUEST	injecteur 7	2		request_7	1461922313804	1461922313838	KO	status.find.is(200), but actually found 400
REQUEST	injecteur 9	6		request_9	1461922313821	1461922313841	OK	 
REQUEST	injecteur 3	3		request_3	1461922313824	1461922313843	OK	 
REQUEST	injecteur 4	1		request_4	1461922313828	1461922313847	OK	 
REQUEST	injecteur 8	4		request_8	1461922313829	1461922313849	OK	 
REQUEST	injecteur 1	7		request_1	1461922313831	1461922313851	OK	 
REQUEST	injecteur 5	10		request_5	1461922313833	1461922313853	OK	 
REQUEST	injecteur 6	8		request_6	1461922313834	1461922313855	OK	 
REQUEST	injecteur 10	5		request_10	1461922313836	1461922313857	OK	 
REQUEST	injecteur 2	9		request_2	1461922313838	1461922313861	OK	 
REQUEST	injecteur 9	6		request_9	1461922313841	1461922313863	OK	 
REQUEST	injecteur 3	3		request_3	1461922313844	1461922313865	OK	 
REQUEST	injecteur 4	1		request_4	1461922313848	1461922313866	OK	 
REQUEST	injecteur 8	4		request_8	1461922313850	1461922313868	OK	 
REQUEST	injecteur 1	7		request_1	1461922313851	1461922313869	OK	 
REQUEST	injecteur 5	10		request_5	1461922313853	1461922313871	OK	 
REQUEST	injecteur 6	8		request_6	1461922313856	1461922313874	OK	 
REQUEST	injecteur 7	2		request_7	1461922313840	1461922313875	KO	status.find.is(200), but actually found 400
REQUEST	injecteur 10	5		request_10	1461922313858	1461922313878	OK	 
REQUEST	injecteur 2	9		request_2	1461922313861	1461922313881	OK	 
REQUEST	injecteur 9	6		request_9	1461922313864	1461922313884	OK	 
REQUEST	injecteur 3	3		request_3	1461922313866	1461922313888	OK	 
REQUEST	injecteur 4	1		request_4	1461922313867	1461922313891	OK	 
REQUEST	injecteur 8	4		request_8	1461922313868	1461922313893	OK	 
REQUEST	injecteur 1	7		request_1	1461922313870	1461922313895	OK	 
REQUEST	injecteur 5	10		request_5	1461922313872	1461922313899	OK	 
REQUEST	injecteur 6	8		request_6	1461922313874	1461922313900	OK	 
REQUEST	injecteur 10	5		request_10	1461922313879	1461922313904	OK	 
REQUEST	injecteur 2	9		request_2	1461922313881	1461922313906	OK	 
REQUEST	injecteur 9	6		request_9	1461922313885	1461922313908	OK	 
REQUEST	injecteur 3	3		request_3	1461922313889	1461922313909	OK	 
REQUEST	injecteur 4	1		request_4	1461922313891	1461922313910	OK	 
REQUEST	injecteur 7	2		request_7	1461922313877	1461922313912	KO	status.find.is(200), but actually found 400
REQUEST	injecteur 8	4		request_8	1461922313894	1461922313914	OK	 
REQUEST	injecteur 1	7		request_1	1461922313896	1461922313916	OK	 
REQUEST	injecteur 5	10		request_5	1461922313899	1461922313918	OK	 
REQUEST	injecteur 6	8		request_6	1461922313901	1461922313920	OK	 
REQUEST	injecteur 10	5		request_10	1461922313905	1461922313922	OK	 
REQUEST	injecteur 2	9		request_2	1461922313907	1461922313925	OK	 
REQUEST	injecteur 9	6		request_9	1461922313908	1461922313927	OK	 
REQUEST	injecteur 3	3		request_3	1461922313910	1461922313930	OK	 
REQUEST	injecteur 4	1		request_4	1461922313911	1461922313933	OK	 
REQUEST	injecteur 8	4		request_8	1461922313914	1461922313935	OK	 
REQUEST	injecteur 1	7		request_1	1461922313917	1461922313937	OK	 
REQUEST	injecteur 5	10		request_5	1461922313919	1461922313939	OK	 
REQUEST	injecteur 6	8		request_6	1461922313921	1461922313941	OK	 
REQUEST	injecteur 10	5		request_10	1461922313923	1461922313943	OK	 
REQUEST	injecteur 2	9		request_2	1461922313926	1461922313945	OK	 
REQUEST	injecteur 9	6		request_9	1461922313929	1461922313946	OK	 
REQUEST	injecteur 7	2		request_7	1461922313913	1461922313947	KO	status.find.is(200), but actually found 400
REQUEST	injecteur 3	3		request_3	1461922313930	1461922313949	OK	 
REQUEST	injecteur 4	1		request_4	1461922313934	1461922313950	OK	 
REQUEST	injecteur 8	4		request_8	1461922313936	1461922313952	OK	 
REQUEST	injecteur 1	7		request_1	1461922313938	1461922313953	OK	 
REQUEST	injecteur 5	10		request_5	1461922313940	1461922313955	OK	 
REQUEST	injecteur 6	8		request_6	1461922313942	1461922313957	OK	 
REQUEST	injecteur 10	5		request_10	1461922313943	1461922313959	OK	 
REQUEST	injecteur 2	9		request_2	1461922313945	1461922313962	OK	 
REQUEST	injecteur 9	6		request_9	1461922313947	1461922313965	OK	 
REQUEST	injecteur 3	3		request_3	1461922313949	1461922313968	OK	 
REQUEST	injecteur 4	1		request_4	1461922313951	1461922313970	OK	 
REQUEST	injecteur 8	4		request_8	1461922313952	1461922313972	OK	 
REQUEST	injecteur 1	7		request_1	1461922313954	1461922313974	OK	 
REQUEST	injecteur 5	10		request_5	1461922313956	1461922313975	OK	 
REQUEST	injecteur 6	8		request_6	1461922313958	1461922313977	OK	 
REQUEST	injecteur 10	5		request_10	1461922313960	1461922313979	OK	 
REQUEST	injecteur 7	2		request_7	1461922313948	1461922313979	KO	status.find.is(200), but actually found 400
REQUEST	injecteur 2	9		request_2	1461922313963	1461922313982	OK	 
REQUEST	injecteur 9	6		request_9	1461922313966	1461922313985	OK	 
REQUEST	injecteur 3	3		request_3	1461922313969	1461922313987	OK	 
REQUEST	injecteur 4	1		request_4	1461922313971	1461922313991	OK	 
REQUEST	injecteur 8	4		request_8	1461922313972	1461922313994	OK	 
REQUEST	injecteur 1	7		request_1	1461922313974	1461922313997	OK	 
REQUEST	injecteur 5	10		request_5	1461922313976	1461922313999	OK	 
REQUEST	injecteur 6	8		request_6	1461922313978	1461922314001	OK	 
REQUEST	injecteur 10	5		request_10	1461922313980	1461922314005	OK	 
REQUEST	injecteur 2	9		request_2	1461922313983	1461922314007	OK	 
REQUEST	injecteur 9	6		request_9	1461922313986	1461922314011	OK	 
REQUEST	injecteur 3	3		request_3	1461922313988	1461922314013	OK	 
REQUEST	injecteur 4	1		request_4	1461922313992	1461922314015	OK	 
REQUEST	injecteur 8	4		request_8	1461922313995	1461922314017	OK	 
REQUEST	injecteur 1	7		request_1	1461922313997	1461922314019	OK	 
REQUEST	injecteur 5	10		request_5	1461922313999	1461922314022	OK	 
REQUEST	injecteur 7	2		request_7	1461922313982	1461922314026	KO	status.find.is(200), but actually found 400
REQUEST	injecteur 6	8		request_6	1461922314002	1461922314030	OK	 
REQUEST	injecteur 10	5		request_10	1461922314006	1461922314033	OK	 
REQUEST	injecteur 2	9		request_2	1461922314008	1461922314033	OK	 
REQUEST	injecteur 9	6		request_9	1461922314012	1461922314037	OK	 
REQUEST	injecteur 3	3		request_3	1461922314014	1461922314041	OK	 
REQUEST	injecteur 4	1		request_4	1461922314016	1461922314043	OK	 
REQUEST	injecteur 8	4		request_8	1461922314018	1461922314046	OK	 
REQUEST	injecteur 1	7		request_1	1461922314020	1461922314048	OK	 
REQUEST	injecteur 5	10		request_5	1461922314023	1461922314050	OK	 
REQUEST	injecteur 6	8		request_6	1461922314031	1461922314054	OK	 
REQUEST	injecteur 2	9		request_2	1461922314035	1461922314056	OK	 
REQUEST	injecteur 10	5		request_10	1461922314036	1461922314058	OK	 
REQUEST	injecteur 9	6		request_9	1461922314038	1461922314060	OK	 
REQUEST	injecteur 3	3		request_3	1461922314041	1461922314063	OK	 
REQUEST	injecteur 4	1		request_4	1461922314043	1461922314065	OK	 
REQUEST	injecteur 8	4		request_8	1461922314046	1461922314068	OK	 
REQUEST	injecteur 7	2		request_7	1461922314029	1461922314069	KO	status.find.is(200), but actually found 400
REQUEST	injecteur 1	7		request_1	1461922314048	1461922314070	OK	 
REQUEST	injecteur 5	10		request_5	1461922314051	1461922314073	OK	 
REQUEST	injecteur 6	8		request_6	1461922314055	1461922314075	OK	 
REQUEST	injecteur 2	9		request_2	1461922314057	1461922314076	OK	 
REQUEST	injecteur 9	6		request_9	1461922314060	1461922314079	OK	 
REQUEST	injecteur 10	5		request_10	1461922314062	1461922314081	OK	 
REQUEST	injecteur 3	3		request_3	1461922314064	1461922314083	OK	 
REQUEST	injecteur 4	1		request_4	1461922314066	1461922314085	OK	 
REQUEST	injecteur 8	4		request_8	1461922314068	1461922314088	OK	 
REQUEST	injecteur 1	7		request_1	1461922314071	1461922314091	OK	 
REQUEST	injecteur 5	10		request_5	1461922314074	1461922314092	OK	 
REQUEST	injecteur 6	8		request_6	1461922314075	1461922314095	OK	 
REQUEST	injecteur 2	9		request_2	1461922314077	1461922314097	OK	 
REQUEST	injecteur 9	6		request_9	1461922314080	1461922314099	OK	 
REQUEST	injecteur 10	5		request_10	1461922314082	1461922314102	OK	 
REQUEST	injecteur 3	3		request_3	1461922314083	1461922314103	OK	 
REQUEST	injecteur 7	2		request_7	1461922314070	1461922314104	KO	status.find.is(200), but actually found 400
REQUEST	injecteur 4	1		request_4	1461922314085	1461922314107	OK	 
REQUEST	injecteur 8	4		request_8	1461922314088	1461922314109	OK	 
REQUEST	injecteur 1	7		request_1	1461922314091	1461922314112	OK	 
REQUEST	injecteur 5	10		request_5	1461922314095	1461922314114	OK	 
REQUEST	injecteur 6	8		request_6	1461922314096	1461922314116	OK	 
REQUEST	injecteur 2	9		request_2	1461922314098	1461922314118	OK	 
REQUEST	injecteur 9	6		request_9	1461922314100	1461922314120	OK	 
REQUEST	injecteur 10	5		request_10	1461922314102	1461922314126	OK	 
REQUEST	injecteur 3	3		request_3	1461922314104	1461922314127	OK	 
REQUEST	injecteur 4	1		request_4	1461922314108	1461922314131	OK	 
REQUEST	injecteur 8	4		request_8	1461922314110	1461922314133	OK	 
REQUEST	injecteur 1	7		request_1	1461922314113	1461922314135	OK	 
REQUEST	injecteur 5	10		request_5	1461922314115	1461922314136	OK	 
REQUEST	injecteur 6	8		request_6	1461922314117	1461922314139	OK	 
REQUEST	injecteur 2	9		request_2	1461922314119	1461922314141	OK	 
REQUEST	injecteur 7	2		request_7	1461922314106	1461922314142	KO	status.find.is(200), but actually found 400
REQUEST	injecteur 9	6		request_9	1461922314122	1461922314144	OK	 
REQUEST	injecteur 10	5		request_10	1461922314126	1461922314146	OK	 
REQUEST	injecteur 3	3		request_3	1461922314128	1461922314148	OK	 
REQUEST	injecteur 4	1		request_4	1461922314132	1461922314149	OK	 
REQUEST	injecteur 8	4		request_8	1461922314133	1461922314151	OK	 
REQUEST	injecteur 1	7		request_1	1461922314135	1461922314152	OK	 
REQUEST	injecteur 5	10		request_5	1461922314137	1461922314154	OK	 
REQUEST	injecteur 6	8		request_6	1461922314140	1461922314156	OK	 
REQUEST	injecteur 2	9		request_2	1461922314142	1461922314160	OK	 
REQUEST	injecteur 9	6		request_9	1461922314145	1461922314163	OK	 
REQUEST	injecteur 10	5		request_10	1461922314147	1461922314164	OK	 
REQUEST	injecteur 3	3		request_3	1461922314148	1461922314167	OK	 
REQUEST	injecteur 4	1		request_4	1461922314150	1461922314168	OK	 
REQUEST	injecteur 8	4		request_8	1461922314152	1461922314170	OK	 
REQUEST	injecteur 1	7		request_1	1461922314153	1461922314173	OK	 
REQUEST	injecteur 7	2		request_7	1461922314143	1461922314174	KO	status.find.is(200), but actually found 400
REQUEST	injecteur 5	10		request_5	1461922314155	1461922314176	OK	 
REQUEST	injecteur 6	8		request_6	1461922314157	1461922314179	OK	 
REQUEST	injecteur 2	9		request_2	1461922314160	1461922314181	OK	 
REQUEST	injecteur 9	6		request_9	1461922314164	1461922314182	OK	 
REQUEST	injecteur 10	5		request_10	1461922314165	1461922314184	OK	 
REQUEST	injecteur 3	3		request_3	1461922314167	1461922314186	OK	 
REQUEST	injecteur 4	1		request_4	1461922314169	1461922314187	OK	 
REQUEST	injecteur 8	4		request_8	1461922314171	1461922314190	OK	 
REQUEST	injecteur 1	7		request_1	1461922314173	1461922314193	OK	 
REQUEST	injecteur 5	10		request_5	1461922314177	1461922314196	OK	 
REQUEST	injecteur 6	8		request_6	1461922314180	1461922314197	OK	 
REQUEST	injecteur 2	9		request_2	1461922314181	1461922314199	OK	 
REQUEST	injecteur 9	6		request_9	1461922314183	1461922314202	OK	 
REQUEST	injecteur 10	5		request_10	1461922314184	1461922314205	OK	 
REQUEST	injecteur 3	3		request_3	1461922314186	1461922314208	OK	 
REQUEST	injecteur 4	1		request_4	1461922314188	1461922314210	OK	 
REQUEST	injecteur 7	2		request_7	1461922314175	1461922314212	KO	status.find.is(200), but actually found 400
REQUEST	injecteur 8	4		request_8	1461922314191	1461922314213	OK	 
REQUEST	injecteur 1	7		request_1	1461922314193	1461922314215	OK	 
REQUEST	injecteur 5	10		request_5	1461922314196	1461922314217	OK	 
REQUEST	injecteur 6	8		request_6	1461922314198	1461922314219	OK	 
REQUEST	injecteur 2	9		request_2	1461922314200	1461922314221	OK	 
REQUEST	injecteur 9	6		request_9	1461922314204	1461922314224	OK	 
REQUEST	injecteur 10	5		request_10	1461922314206	1461922314226	OK	 
REQUEST	injecteur 3	3		request_3	1461922314209	1461922314229	OK	 
REQUEST	injecteur 4	1		request_4	1461922314211	1461922314233	OK	 
REQUEST	injecteur 8	4		request_8	1461922314214	1461922314237	OK	 
REQUEST	injecteur 1	7		request_1	1461922314216	1461922314239	OK	 
REQUEST	injecteur 5	10		request_5	1461922314218	1461922314241	OK	 
REQUEST	injecteur 6	8		request_6	1461922314220	1461922314243	OK	 
REQUEST	injecteur 2	9		request_2	1461922314222	1461922314245	OK	 
REQUEST	injecteur 9	6		request_9	1461922314225	1461922314246	OK	 
REQUEST	injecteur 10	5		request_10	1461922314227	1461922314248	OK	 
REQUEST	injecteur 7	2		request_7	1461922314213	1461922314248	KO	status.find.is(200), but actually found 400
REQUEST	injecteur 3	3		request_3	1461922314230	1461922314250	OK	 
REQUEST	injecteur 4	1		request_4	1461922314234	1461922314252	OK	 
REQUEST	injecteur 8	4		request_8	1461922314237	1461922314253	OK	 
REQUEST	injecteur 1	7		request_1	1461922314240	1461922314255	OK	 
REQUEST	injecteur 5	10		request_5	1461922314242	1461922314257	OK	 
REQUEST	injecteur 6	8		request_6	1461922314243	1461922314260	OK	 
REQUEST	injecteur 2	9		request_2	1461922314245	1461922314262	OK	 
REQUEST	injecteur 9	6		request_9	1461922314247	1461922314265	OK	 
REQUEST	injecteur 10	5		request_10	1461922314249	1461922314267	OK	 
REQUEST	injecteur 3	3		request_3	1461922314251	1461922314270	OK	 
REQUEST	injecteur 4	1		request_4	1461922314252	1461922314271	OK	 
REQUEST	injecteur 8	4		request_8	1461922314254	1461922314273	OK	 
REQUEST	injecteur 1	7		request_1	1461922314256	1461922314275	OK	 
REQUEST	injecteur 5	10		request_5	1461922314258	1461922314277	OK	 
REQUEST	injecteur 6	8		request_6	1461922314260	1461922314279	OK	 
REQUEST	injecteur 7	2		request_7	1461922314249	1461922314279	KO	status.find.is(200), but actually found 400
REQUEST	injecteur 2	9		request_2	1461922314263	1461922314282	OK	 
REQUEST	injecteur 9	6		request_9	1461922314266	1461922314283	OK	 
REQUEST	injecteur 10	5		request_10	1461922314267	1461922314284	OK	 
REQUEST	injecteur 3	3		request_3	1461922314270	1461922314286	OK	 
REQUEST	injecteur 4	1		request_4	1461922314272	1461922314287	OK	 
REQUEST	injecteur 8	4		request_8	1461922314274	1461922314289	OK	 
REQUEST	injecteur 1	7		request_1	1461922314276	1461922314292	OK	 
REQUEST	injecteur 5	10		request_5	1461922314277	1461922314293	OK	 
REQUEST	injecteur 6	8		request_6	1461922314279	1461922314297	OK	 
REQUEST	injecteur 2	9		request_2	1461922314282	1461922314301	OK	 
REQUEST	injecteur 9	6		request_9	1461922314284	1461922314303	OK	 
REQUEST	injecteur 10	5		request_10	1461922314285	1461922314304	OK	 
REQUEST	injecteur 3	3		request_3	1461922314286	1461922314306	OK	 
REQUEST	injecteur 4	1		request_4	1461922314288	1461922314309	OK	 
REQUEST	injecteur 8	4		request_8	1461922314290	1461922314311	OK	 
REQUEST	injecteur 1	7		request_1	1461922314292	1461922314313	OK	 
REQUEST	injecteur 7	2		request_7	1461922314281	1461922314314	KO	status.find.is(200), but actually found 400
REQUEST	injecteur 5	10		request_5	1461922314294	1461922314316	OK	 
REQUEST	injecteur 6	8		request_6	1461922314298	1461922314317	OK	 
REQUEST	injecteur 2	9		request_2	1461922314302	1461922314319	OK	 
REQUEST	injecteur 9	6		request_9	1461922314304	1461922314321	OK	 
REQUEST	injecteur 10	5		request_10	1461922314305	1461922314323	OK	 
REQUEST	injecteur 3	3		request_3	1461922314307	1461922314326	OK	 
REQUEST	injecteur 4	1		request_4	1461922314310	1461922314328	OK	 
REQUEST	injecteur 8	4		request_8	1461922314312	1461922314332	OK	 
REQUEST	injecteur 1	7		request_1	1461922314314	1461922314334	OK	 
REQUEST	injecteur 5	10		request_5	1461922314317	1461922314338	OK	 
REQUEST	injecteur 6	8		request_6	1461922314318	1461922314340	OK	 
REQUEST	injecteur 2	9		request_2	1461922314320	1461922314343	OK	 
REQUEST	injecteur 9	6		request_9	1461922314322	1461922314345	OK	 
REQUEST	injecteur 10	5		request_10	1461922314324	1461922314347	OK	 
REQUEST	injecteur 3	3		request_3	1461922314326	1461922314349	OK	 
REQUEST	injecteur 7	2		request_7	1461922314315	1461922314349	KO	status.find.is(200), but actually found 400
REQUEST	injecteur 4	1		request_4	1461922314329	1461922314351	OK	 
REQUEST	injecteur 8	4		request_8	1461922314332	1461922314353	OK	 
REQUEST	injecteur 1	7		request_1	1461922314335	1461922314355	OK	 
REQUEST	injecteur 5	10		request_5	1461922314339	1461922314357	OK	 
REQUEST	injecteur 6	8		request_6	1461922314341	1461922314359	OK	 
REQUEST	injecteur 2	9		request_2	1461922314343	1461922314361	OK	 
REQUEST	injecteur 9	6		request_9	1461922314345	1461922314364	OK	 
REQUEST	injecteur 10	5		request_10	1461922314348	1461922314366	OK	 
REQUEST	injecteur 3	3		request_3	1461922314349	1461922314370	OK	 
REQUEST	injecteur 4	1		request_4	1461922314352	1461922314375	OK	 
REQUEST	injecteur 8	4		request_8	1461922314354	1461922314377	OK	 
REQUEST	injecteur 1	7		request_1	1461922314355	1461922314380	OK	 
REQUEST	injecteur 5	10		request_5	1461922314358	1461922314381	OK	 
REQUEST	injecteur 6	8		request_6	1461922314360	1461922314383	OK	 
REQUEST	injecteur 2	9		request_2	1461922314363	1461922314385	OK	 
REQUEST	injecteur 9	6		request_9	1461922314365	1461922314386	OK	 
REQUEST	injecteur 7	2		request_7	1461922314351	1461922314387	KO	status.find.is(200), but actually found 400
REQUEST	injecteur 10	5		request_10	1461922314367	1461922314391	OK	 
REQUEST	injecteur 3	3		request_3	1461922314370	1461922314393	OK	 
REQUEST	injecteur 4	1		request_4	1461922314376	1461922314394	OK	 
REQUEST	injecteur 8	4		request_8	1461922314378	1461922314397	OK	 
REQUEST	injecteur 1	7		request_1	1461922314380	1461922314398	OK	 
REQUEST	injecteur 5	10		request_5	1461922314382	1461922314400	OK	 
REQUEST	injecteur 6	8		request_6	1461922314384	1461922314401	OK	 
REQUEST	injecteur 2	9		request_2	1461922314386	1461922314404	OK	 
REQUEST	injecteur 9	6		request_9	1461922314387	1461922314406	OK	 
REQUEST	injecteur 10	5		request_10	1461922314391	1461922314410	OK	 
REQUEST	injecteur 3	3		request_3	1461922314393	1461922314413	OK	 
REQUEST	injecteur 4	1		request_4	1461922314395	1461922314414	OK	 
REQUEST	injecteur 8	4		request_8	1461922314397	1461922314416	OK	 
REQUEST	injecteur 1	7		request_1	1461922314399	1461922314418	OK	 
REQUEST	injecteur 5	10		request_5	1461922314400	1461922314420	OK	 
REQUEST	injecteur 7	2		request_7	1461922314389	1461922314422	KO	status.find.is(200), but actually found 400
REQUEST	injecteur 6	8		request_6	1461922314402	1461922314423	OK	 
REQUEST	injecteur 2	9		request_2	1461922314405	1461922314425	OK	 
REQUEST	injecteur 9	6		request_9	1461922314407	1461922314427	OK	 
REQUEST	injecteur 10	5		request_10	1461922314411	1461922314429	OK	 
REQUEST	injecteur 3	3		request_3	1461922314413	1461922314432	OK	 
REQUEST	injecteur 4	1		request_4	1461922314415	1461922314433	OK	 
REQUEST	injecteur 8	4		request_8	1461922314416	1461922314434	OK	 
REQUEST	injecteur 1	7		request_1	1461922314419	1461922314436	OK	 
REQUEST	injecteur 5	10		request_5	1461922314421	1461922314438	OK	 
REQUEST	injecteur 6	8		request_6	1461922314424	1461922314441	OK	 
REQUEST	injecteur 2	9		request_2	1461922314426	1461922314443	OK	 
REQUEST	injecteur 9	6		request_9	1461922314428	1461922314445	OK	 
REQUEST	injecteur 10	5		request_10	1461922314430	1461922314447	OK	 
REQUEST	injecteur 3	3		request_3	1461922314432	1461922314449	OK	 
REQUEST	injecteur 4	1		request_4	1461922314433	1461922314450	OK	 
REQUEST	injecteur 8	4		request_8	1461922314435	1461922314451	OK	 
REQUEST	injecteur 7	2		request_7	1461922314423	1461922314452	KO	status.find.is(200), but actually found 400
REQUEST	injecteur 1	7		request_1	1461922314436	1461922314454	OK	 
REQUEST	injecteur 5	10		request_5	1461922314439	1461922314455	OK	 
REQUEST	injecteur 6	8		request_6	1461922314442	1461922314457	OK	 
REQUEST	injecteur 2	9		request_2	1461922314444	1461922314459	OK	 
REQUEST	injecteur 9	6		request_9	1461922314446	1461922314461	OK	 
REQUEST	injecteur 10	5		request_10	1461922314447	1461922314463	OK	 
REQUEST	injecteur 3	3		request_3	1461922314449	1461922314465	OK	 
REQUEST	injecteur 4	1		request_4	1461922314451	1461922314466	OK	 
REQUEST	injecteur 8	4		request_8	1461922314452	1461922314469	OK	 
REQUEST	injecteur 1	7		request_1	1461922314455	1461922314472	OK	 
REQUEST	injecteur 5	10		request_5	1461922314456	1461922314474	OK	 
REQUEST	injecteur 6	8		request_6	1461922314458	1461922314476	OK	 
REQUEST	injecteur 2	9		request_2	1461922314460	1461922314477	OK	 
REQUEST	injecteur 9	6		request_9	1461922314462	1461922314479	OK	 
REQUEST	injecteur 10	5		request_10	1461922314464	1461922314481	OK	 
REQUEST	injecteur 3	3		request_3	1461922314465	1461922314482	OK	 
REQUEST	injecteur 7	2		request_7	1461922314453	1461922314483	KO	status.find.is(200), but actually found 400
REQUEST	injecteur 4	1		request_4	1461922314467	1461922314485	OK	 
REQUEST	injecteur 8	4		request_8	1461922314470	1461922314486	OK	 
REQUEST	injecteur 1	7		request_1	1461922314472	1461922314488	OK	 
REQUEST	injecteur 5	10		request_5	1461922314475	1461922314490	OK	 
REQUEST	injecteur 6	8		request_6	1461922314476	1461922314492	OK	 
REQUEST	injecteur 2	9		request_2	1461922314478	1461922314494	OK	 
REQUEST	injecteur 9	6		request_9	1461922314480	1461922314496	OK	 
REQUEST	injecteur 10	5		request_10	1461922314481	1461922314498	OK	 
REQUEST	injecteur 3	3		request_3	1461922314483	1461922314501	OK	 
REQUEST	injecteur 4	1		request_4	1461922314485	1461922314503	OK	 
REQUEST	injecteur 8	4		request_8	1461922314487	1461922314505	OK	 
REQUEST	injecteur 1	7		request_1	1461922314489	1461922314506	OK	 
REQUEST	injecteur 5	10		request_5	1461922314491	1461922314508	OK	 
REQUEST	injecteur 6	8		request_6	1461922314493	1461922314510	OK	 
REQUEST	injecteur 2	9		request_2	1461922314495	1461922314512	OK	 
REQUEST	injecteur 9	6		request_9	1461922314497	1461922314514	OK	 
REQUEST	injecteur 7	2		request_7	1461922314484	1461922314515	KO	status.find.is(200), but actually found 400
REQUEST	injecteur 10	5		request_10	1461922314499	1461922314517	OK	 
REQUEST	injecteur 3	3		request_3	1461922314501	1461922314519	OK	 
REQUEST	injecteur 4	1		request_4	1461922314504	1461922314521	OK	 
REQUEST	injecteur 8	4		request_8	1461922314505	1461922314524	OK	 
REQUEST	injecteur 1	7		request_1	1461922314507	1461922314526	OK	 
REQUEST	injecteur 5	10		request_5	1461922314509	1461922314529	OK	 
REQUEST	injecteur 6	8		request_6	1461922314511	1461922314531	OK	 
REQUEST	injecteur 2	9		request_2	1461922314513	1461922314533	OK	 
REQUEST	injecteur 9	6		request_9	1461922314514	1461922314536	OK	 
REQUEST	injecteur 10	5		request_10	1461922314518	1461922314540	OK	 
REQUEST	injecteur 3	3		request_3	1461922314520	1461922314542	OK	 
REQUEST	injecteur 4	1		request_4	1461922314522	1461922314544	OK	 
REQUEST	injecteur 8	4		request_8	1461922314525	1461922314546	OK	 
REQUEST	injecteur 1	7		request_1	1461922314527	1461922314548	OK	 
REQUEST	injecteur 5	10		request_5	1461922314530	1461922314551	OK	 
REQUEST	injecteur 6	8		request_6	1461922314532	1461922314552	OK	 
REQUEST	injecteur 7	2		request_7	1461922314516	1461922314553	KO	status.find.is(200), but actually found 400
REQUEST	injecteur 2	9		request_2	1461922314534	1461922314555	OK	 
REQUEST	injecteur 9	6		request_9	1461922314537	1461922314557	OK	 
REQUEST	injecteur 10	5		request_10	1461922314541	1461922314559	OK	 
REQUEST	injecteur 3	3		request_3	1461922314543	1461922314562	OK	 
REQUEST	injecteur 4	1		request_4	1461922314545	1461922314565	OK	 
REQUEST	injecteur 8	4		request_8	1461922314547	1461922314566	OK	 
REQUEST	injecteur 1	7		request_1	1461922314549	1461922314568	OK	 
REQUEST	injecteur 5	10		request_5	1461922314551	1461922314570	OK	 
REQUEST	injecteur 6	8		request_6	1461922314553	1461922314573	OK	 
REQUEST	injecteur 2	9		request_2	1461922314556	1461922314579	OK	 
REQUEST	injecteur 9	6		request_9	1461922314558	1461922314581	OK	 
REQUEST	injecteur 10	5		request_10	1461922314560	1461922314584	OK	 
REQUEST	injecteur 3	3		request_3	1461922314563	1461922314586	OK	 
REQUEST	injecteur 4	1		request_4	1461922314565	1461922314588	OK	 
REQUEST	injecteur 8	4		request_8	1461922314567	1461922314590	OK	 
REQUEST	injecteur 8	4		request_8	1461922314591	1461922314597	OK	 
REQUEST	injecteur 7	2		request_7	1461922314554	1461922314596	KO	status.find.is(200), but actually found 400
REQUEST	injecteur 1	7		request_1	1461922314569	1461922314601	OK	 
REQUEST	injecteur 5	10		request_5	1461922314571	1461922314604	OK	 
REQUEST	injecteur 6	8		request_6	1461922314575	1461922314607	OK	 
REQUEST	injecteur 2	9		request_2	1461922314580	1461922314610	OK	 
REQUEST	injecteur 9	6		request_9	1461922314582	1461922314614	OK	 
REQUEST	injecteur 10	5		request_10	1461922314584	1461922314617	OK	 
REQUEST	injecteur 3	3		request_3	1461922314586	1461922314619	OK	 
REQUEST	injecteur 4	1		request_4	1461922314589	1461922314620	OK	 
REQUEST	injecteur 8	4		request_8	1461922314597	1461922314624	OK	 
REQUEST	injecteur 1	7		request_1	1461922314602	1461922314630	OK	 
REQUEST	injecteur 5	10		request_5	1461922314605	1461922314632	OK	 
REQUEST	injecteur 6	8		request_6	1461922314607	1461922314634	OK	 
REQUEST	injecteur 2	9		request_2	1461922314611	1461922314636	OK	 
REQUEST	injecteur 9	6		request_9	1461922314614	1461922314638	OK	 
REQUEST	injecteur 10	5		request_10	1461922314618	1461922314640	OK	 
REQUEST	injecteur 3	3		request_3	1461922314619	1461922314642	OK	 
REQUEST	injecteur 7	2		request_7	1461922314599	1461922314643	KO	status.find.is(200), but actually found 400
REQUEST	injecteur 4	1		request_4	1461922314621	1461922314646	OK	 
REQUEST	injecteur 8	4		request_8	1461922314625	1461922314648	OK	 
REQUEST	injecteur 1	7		request_1	1461922314630	1461922314650	OK	 
REQUEST	injecteur 5	10		request_5	1461922314632	1461922314652	OK	 
REQUEST	injecteur 6	8		request_6	1461922314635	1461922314655	OK	 
REQUEST	injecteur 2	9		request_2	1461922314637	1461922314657	OK	 
REQUEST	injecteur 9	6		request_9	1461922314639	1461922314660	OK	 
REQUEST	injecteur 10	5		request_10	1461922314640	1461922314664	OK	 
REQUEST	injecteur 3	3		request_3	1461922314643	1461922314668	OK	 
REQUEST	injecteur 4	1		request_4	1461922314647	1461922314671	OK	 
REQUEST	injecteur 8	4		request_8	1461922314649	1461922314673	OK	 
REQUEST	injecteur 1	7		request_1	1461922314651	1461922314675	OK	 
REQUEST	injecteur 5	10		request_5	1461922314653	1461922314678	OK	 
REQUEST	injecteur 6	8		request_6	1461922314655	1461922314680	OK	 
REQUEST	injecteur 2	9		request_2	1461922314658	1461922314682	OK	 
REQUEST	injecteur 9	6		request_9	1461922314661	1461922314684	OK	 
REQUEST	injecteur 7	2		request_7	1461922314645	1461922314685	KO	status.find.is(200), but actually found 400
REQUEST	injecteur 10	5		request_10	1461922314664	1461922314687	OK	 
REQUEST	injecteur 3	3		request_3	1461922314668	1461922314689	OK	 
REQUEST	injecteur 4	1		request_4	1461922314672	1461922314691	OK	 
REQUEST	injecteur 8	4		request_8	1461922314674	1461922314694	OK	 
REQUEST	injecteur 1	7		request_1	1461922314676	1461922314697	OK	 
REQUEST	injecteur 5	10		request_5	1461922314679	1461922314699	OK	 
REQUEST	injecteur 6	8		request_6	1461922314681	1461922314701	OK	 
REQUEST	injecteur 2	9		request_2	1461922314683	1461922314703	OK	 
REQUEST	injecteur 9	6		request_9	1461922314685	1461922314706	OK	 
REQUEST	injecteur 10	5		request_10	1461922314688	1461922314709	OK	 
REQUEST	injecteur 3	3		request_3	1461922314690	1461922314712	OK	 
REQUEST	injecteur 4	1		request_4	1461922314692	1461922314713	OK	 
REQUEST	injecteur 8	4		request_8	1461922314695	1461922314715	OK	 
REQUEST	injecteur 1	7		request_1	1461922314698	1461922314717	OK	 
REQUEST	injecteur 5	10		request_5	1461922314700	1461922314719	OK	 
REQUEST	injecteur 7	2		request_7	1461922314686	1461922314721	KO	status.find.is(200), but actually found 400
REQUEST	injecteur 6	8		request_6	1461922314702	1461922314722	OK	 
REQUEST	injecteur 2	9		request_2	1461922314704	1461922314724	OK	 
REQUEST	injecteur 9	6		request_9	1461922314707	1461922314727	OK	 
REQUEST	injecteur 10	5		request_10	1461922314710	1461922314730	OK	 
REQUEST	injecteur 3	3		request_3	1461922314712	1461922314732	OK	 
REQUEST	injecteur 4	1		request_4	1461922314714	1461922314734	OK	 
REQUEST	injecteur 8	4		request_8	1461922314716	1461922314735	OK	 
REQUEST	injecteur 1	7		request_1	1461922314718	1461922314737	OK	 
REQUEST	injecteur 5	10		request_5	1461922314720	1461922314741	OK	 
REQUEST	injecteur 6	8		request_6	1461922314723	1461922314744	OK	 
REQUEST	injecteur 2	9		request_2	1461922314725	1461922314746	OK	 
REQUEST	injecteur 9	6		request_9	1461922314728	1461922314748	OK	 
REQUEST	injecteur 10	5		request_10	1461922314731	1461922314750	OK	 
REQUEST	injecteur 3	3		request_3	1461922314733	1461922314752	OK	 
REQUEST	injecteur 4	1		request_4	1461922314734	1461922314754	OK	 
REQUEST	injecteur 8	4		request_8	1461922314736	1461922314756	OK	 
REQUEST	injecteur 7	2		request_7	1461922314722	1461922314757	KO	status.find.is(200), but actually found 400
REQUEST	injecteur 1	7		request_1	1461922314738	1461922314759	OK	 
REQUEST	injecteur 5	10		request_5	1461922314741	1461922314762	OK	 
REQUEST	injecteur 6	8		request_6	1461922314745	1461922314764	OK	 
REQUEST	injecteur 2	9		request_2	1461922314747	1461922314766	OK	 
REQUEST	injecteur 9	6		request_9	1461922314749	1461922314770	OK	 
REQUEST	injecteur 10	5		request_10	1461922314751	1461922314772	OK	 
REQUEST	injecteur 3	3		request_3	1461922314753	1461922314774	OK	 
REQUEST	injecteur 4	1		request_4	1461922314755	1461922314776	OK	 
REQUEST	injecteur 8	4		request_8	1461922314757	1461922314780	OK	 
REQUEST	injecteur 1	7		request_1	1461922314760	1461922314783	OK	 
REQUEST	injecteur 5	10		request_5	1461922314763	1461922314785	OK	 
REQUEST	injecteur 6	8		request_6	1461922314765	1461922314787	OK	 
REQUEST	injecteur 2	9		request_2	1461922314767	1461922314789	OK	 
REQUEST	injecteur 9	6		request_9	1461922314770	1461922314790	OK	 
REQUEST	injecteur 10	5		request_10	1461922314772	1461922314792	OK	 
REQUEST	injecteur 3	3		request_3	1461922314774	1461922314794	OK	 
REQUEST	injecteur 7	2		request_7	1461922314758	1461922314797	KO	status.find.is(200), but actually found 400
REQUEST	injecteur 4	1		request_4	1461922314777	1461922314800	OK	 
REQUEST	injecteur 8	4		request_8	1461922314780	1461922314802	OK	 
REQUEST	injecteur 1	7		request_1	1461922314784	1461922314803	OK	 
REQUEST	injecteur 5	10		request_5	1461922314786	1461922314805	OK	 
REQUEST	injecteur 6	8		request_6	1461922314787	1461922314807	OK	 
REQUEST	injecteur 2	9		request_2	1461922314789	1461922314808	OK	 
REQUEST	injecteur 9	6		request_9	1461922314791	1461922314812	OK	 
REQUEST	injecteur 10	5		request_10	1461922314793	1461922314814	OK	 
REQUEST	injecteur 3	3		request_3	1461922314795	1461922314817	OK	 
REQUEST	injecteur 4	1		request_4	1461922314800	1461922314820	OK	 
REQUEST	injecteur 8	4		request_8	1461922314803	1461922314822	OK	 
REQUEST	injecteur 1	7		request_1	1461922314804	1461922314824	OK	 
REQUEST	injecteur 5	10		request_5	1461922314806	1461922314826	OK	 
REQUEST	injecteur 6	8		request_6	1461922314807	1461922314828	OK	 
REQUEST	injecteur 2	9		request_2	1461922314810	1461922314830	OK	 
REQUEST	injecteur 7	2		request_7	1461922314798	1461922314831	KO	status.find.is(200), but actually found 400
REQUEST	injecteur 9	6		request_9	1461922314813	1461922314833	OK	 
REQUEST	injecteur 10	5		request_10	1461922314815	1461922314835	OK	 
REQUEST	injecteur 3	3		request_3	1461922314818	1461922314836	OK	 
REQUEST	injecteur 4	1		request_4	1461922314820	1461922314838	OK	 
REQUEST	injecteur 8	4		request_8	1461922314822	1461922314840	OK	 
REQUEST	injecteur 1	7		request_1	1461922314825	1461922314842	OK	 
REQUEST	injecteur 5	10		request_5	1461922314827	1461922314845	OK	 
REQUEST	injecteur 6	8		request_6	1461922314829	1461922314848	OK	 
REQUEST	injecteur 2	9		request_2	1461922314831	1461922314852	OK	 
REQUEST	injecteur 9	6		request_9	1461922314834	1461922314856	OK	 
REQUEST	injecteur 10	5		request_10	1461922314835	1461922314863	OK	 
REQUEST	injecteur 3	3		request_3	1461922314837	1461922314866	OK	 
REQUEST	injecteur 4	1		request_4	1461922314838	1461922314868	OK	 
REQUEST	injecteur 8	4		request_8	1461922314841	1461922314870	OK	 
REQUEST	injecteur 1	7		request_1	1461922314843	1461922314872	OK	 
REQUEST	injecteur 5	10		request_5	1461922314846	1461922314874	OK	 
REQUEST	injecteur 6	8		request_6	1461922314849	1461922314878	OK	 
REQUEST	injecteur 7	2		request_7	1461922314832	1461922314877	KO	status.find.is(200), but actually found 400
REQUEST	injecteur 2	9		request_2	1461922314853	1461922314883	OK	 
REQUEST	injecteur 9	6		request_9	1461922314857	1461922314886	OK	 
REQUEST	injecteur 10	5		request_10	1461922314863	1461922314890	OK	 
REQUEST	injecteur 3	3		request_3	1461922314867	1461922314892	OK	 
REQUEST	injecteur 4	1		request_4	1461922314869	1461922314898	OK	 
REQUEST	injecteur 8	4		request_8	1461922314871	1461922314907	OK	 
REQUEST	injecteur 3	3		request_3	1461922314893	1461922314911	OK	 
REQUEST	injecteur 4	1		request_4	1461922314899	1461922314914	OK	 
REQUEST	injecteur 1	7		request_1	1461922314873	1461922314916	OK	 
REQUEST	injecteur 5	10		request_5	1461922314875	1461922314920	OK	 
REQUEST	injecteur 6	8		request_6	1461922314879	1461922314926	OK	 
REQUEST	injecteur 2	9		request_2	1461922314884	1461922314932	OK	 
REQUEST	injecteur 9	6		request_9	1461922314887	1461922314934	OK	 
REQUEST	injecteur 10	5		request_10	1461922314890	1461922314941	OK	 
REQUEST	injecteur 9	6		request_9	1461922314935	1461922314947	OK	 
REQUEST	injecteur 7	2		request_7	1461922314881	1461922314944	KO	status.find.is(200), but actually found 400
REQUEST	injecteur 8	4		request_8	1461922314908	1461922314953	OK	 
REQUEST	injecteur 3	3		request_3	1461922314912	1461922314956	OK	 
REQUEST	injecteur 4	1		request_4	1461922314915	1461922314958	OK	 
REQUEST	injecteur 1	7		request_1	1461922314917	1461922314965	OK	 
REQUEST	injecteur 5	10		request_5	1461922314921	1461922314967	OK	 
REQUEST	injecteur 6	8		request_6	1461922314927	1461922314969	OK	 
REQUEST	injecteur 2	9		request_2	1461922314933	1461922314971	OK	 
REQUEST	injecteur 9	6		request_9	1461922314948	1461922314974	OK	 
REQUEST	injecteur 10	5		request_10	1461922314942	1461922314978	OK	 
REQUEST	injecteur 8	4		request_8	1461922314954	1461922314986	OK	 
REQUEST	injecteur 3	3		request_3	1461922314957	1461922314988	OK	 
REQUEST	injecteur 4	1		request_4	1461922314959	1461922314992	OK	 
REQUEST	injecteur 1	7		request_1	1461922314966	1461922314997	OK	 
REQUEST	injecteur 5	10		request_5	1461922314967	1461922314998	OK	 
REQUEST	injecteur 6	8		request_6	1461922314969	1461922315000	OK	 
REQUEST	injecteur 7	2		request_7	1461922314951	1461922315002	KO	status.find.is(200), but actually found 400
REQUEST	injecteur 10	5		request_10	1461922314979	1461922315004	OK	 
REQUEST	injecteur 2	9		request_2	1461922314971	1461922315006	OK	 
REQUEST	injecteur 9	6		request_9	1461922314975	1461922315008	OK	 
REQUEST	injecteur 8	4		request_8	1461922314987	1461922315011	OK	 
REQUEST	injecteur 4	1		request_4	1461922314992	1461922315016	OK	 
REQUEST	injecteur 3	3		request_3	1461922314989	1461922315017	OK	 
REQUEST	injecteur 1	7		request_1	1461922314997	1461922315020	OK	 
REQUEST	injecteur 5	10		request_5	1461922314999	1461922315023	OK	 
REQUEST	injecteur 6	8		request_6	1461922315001	1461922315025	OK	 
REQUEST	injecteur 10	5		request_10	1461922315005	1461922315028	OK	 
REQUEST	injecteur 2	9		request_2	1461922315006	1461922315031	OK	 
REQUEST	injecteur 9	6		request_9	1461922315009	1461922315033	OK	 
REQUEST	injecteur 8	4		request_8	1461922315011	1461922315034	OK	 
REQUEST	injecteur 4	1		request_4	1461922315016	1461922315036	OK	 
REQUEST	injecteur 3	3		request_3	1461922315018	1461922315038	OK	 
REQUEST	injecteur 7	2		request_7	1461922315003	1461922315038	KO	status.find.is(200), but actually found 400
REQUEST	injecteur 1	7		request_1	1461922315020	1461922315041	OK	 
REQUEST	injecteur 5	10		request_5	1461922315024	1461922315043	OK	 
