ASSERTION	AAMBAAMDBABk
RUN	InjectionsAndVerifications		injectionsandverifications	1462970582764	 	2.0
USER	injecteur 4	1	START	1462970583828	1462970583828
USER	injecteur 7	2	START	1462970583914	1462970583914
USER	injecteur 3	3	START	1462970583919	1462970583919
USER	injecteur 8	4	START	1462970583921	1462970583921
USER	injecteur 10	5	START	1462970583924	1462970583924
USER	injecteur 9	6	START	1462970583937	1462970583937
USER	injecteur 1	7	START	1462970583947	1462970583947
USER	injecteur 6	8	START	1462970583951	1462970583951
USER	injecteur 2	9	START	1462970583955	1462970583955
USER	injecteur 5	10	START	1462970583961	1462970583961
REQUEST	injecteur 3	3		request_2	1462970583920	1462970584058	OK	 
REQUEST	injecteur 8	4		request_7	1462970583922	1462970584019	OK	 
REQUEST	injecteur 4	1		request_3	1462970583896	1462970584048	OK	 
REQUEST	injecteur 6	8		request_5	1462970583954	1462970584049	OK	 
REQUEST	injecteur 9	6		request_8	1462970583944	1462970584095	OK	 
REQUEST	injecteur 10	5		request_9	1462970583925	1462970584103	OK	 
REQUEST	injecteur 3	3		request_2	1462970584105	1462970584112	OK	 
REQUEST	injecteur 9	6		request_8	1462970584103	1462970584113	OK	 
REQUEST	injecteur 9	6		request_8	1462970584115	1462970584124	OK	 
REQUEST	injecteur 7	2		request_6	1462970583915	1462970584126	OK	 
REQUEST	injecteur 5	10		request_4	1462970583963	1462970584129	OK	 
REQUEST	injecteur 3	3		request_2	1462970584115	1462970584134	OK	 
REQUEST	injecteur 9	6		request_8	1462970584125	1462970584138	OK	 
REQUEST	injecteur 7	2		request_6	1462970584128	1462970584143	OK	 
REQUEST	injecteur 5	10		request_4	1462970584131	1462970584148	OK	 
REQUEST	injecteur 7	2		request_6	1462970584144	1462970584162	OK	 
REQUEST	injecteur 5	10		request_4	1462970584150	1462970584165	OK	 
REQUEST	injecteur 9	6		request_8	1462970584139	1462970584173	OK	 
REQUEST	injecteur 3	3		request_2	1462970584137	1462970584176	OK	 
REQUEST	injecteur 1	7		request_0	1462970583949	1462970584180	OK	 
REQUEST	injecteur 7	2		request_6	1462970584163	1462970584185	OK	 
REQUEST	injecteur 8	4		request_7	1462970584167	1462970584194	OK	 
REQUEST	injecteur 10	5		request_9	1462970584133	1462970584196	OK	 
REQUEST	injecteur 4	1		request_3	1462970584167	1462970584199	OK	 
REQUEST	injecteur 6	8		request_5	1462970584166	1462970584200	OK	 
REQUEST	injecteur 2	9		request_1	1462970583956	1462970584207	OK	 
REQUEST	injecteur 5	10		request_4	1462970584171	1462970584213	OK	 
REQUEST	injecteur 9	6		request_8	1462970584174	1462970584217	OK	 
REQUEST	injecteur 3	3		request_2	1462970584177	1462970584216	OK	 
REQUEST	injecteur 8	4		request_7	1462970584196	1462970584222	OK	 
REQUEST	injecteur 1	7		request_0	1462970584181	1462970584225	OK	 
REQUEST	injecteur 7	2		request_6	1462970584187	1462970584228	OK	 
REQUEST	injecteur 10	5		request_9	1462970584196	1462970584232	OK	 
REQUEST	injecteur 6	8		request_5	1462970584201	1462970584235	OK	 
REQUEST	injecteur 4	1		request_3	1462970584200	1462970584239	OK	 
REQUEST	injecteur 2	9		request_1	1462970584208	1462970584242	OK	 
REQUEST	injecteur 5	10		request_4	1462970584215	1462970584244	OK	 
REQUEST	injecteur 9	6		request_8	1462970584218	1462970584251	OK	 
REQUEST	injecteur 3	3		request_2	1462970584220	1462970584256	OK	 
REQUEST	injecteur 8	4		request_7	1462970584223	1462970584260	OK	 
REQUEST	injecteur 1	7		request_0	1462970584226	1462970584265	OK	 
REQUEST	injecteur 7	2		request_6	1462970584229	1462970584266	OK	 
REQUEST	injecteur 10	5		request_9	1462970584233	1462970584270	OK	 
REQUEST	injecteur 6	8		request_5	1462970584237	1462970584276	OK	 
REQUEST	injecteur 7	2		request_6	1462970584267	1462970584280	OK	 
REQUEST	injecteur 4	1		request_3	1462970584240	1462970584284	OK	 
REQUEST	injecteur 2	9		request_1	1462970584243	1462970584289	OK	 
REQUEST	injecteur 5	10		request_4	1462970584245	1462970584293	OK	 
REQUEST	injecteur 9	6		request_8	1462970584252	1462970584298	OK	 
REQUEST	injecteur 3	3		request_2	1462970584258	1462970584301	OK	 
REQUEST	injecteur 8	4		request_7	1462970584261	1462970584303	OK	 
REQUEST	injecteur 1	7		request_0	1462970584267	1462970584308	OK	 
REQUEST	injecteur 10	5		request_9	1462970584272	1462970584311	OK	 
REQUEST	injecteur 8	4		request_7	1462970584304	1462970584316	OK	 
REQUEST	injecteur 6	8		request_5	1462970584277	1462970584320	OK	 
REQUEST	injecteur 7	2		request_6	1462970584281	1462970584323	OK	 
REQUEST	injecteur 4	1		request_3	1462970584285	1462970584326	OK	 
REQUEST	injecteur 2	9		request_1	1462970584290	1462970584328	OK	 
REQUEST	injecteur 5	10		request_4	1462970584295	1462970584331	OK	 
REQUEST	injecteur 9	6		request_8	1462970584299	1462970584336	OK	 
REQUEST	injecteur 3	3		request_2	1462970584302	1462970584342	OK	 
REQUEST	injecteur 1	7		request_0	1462970584309	1462970584345	OK	 
REQUEST	injecteur 9	6		request_8	1462970584337	1462970584349	OK	 
REQUEST	injecteur 10	5		request_9	1462970584312	1462970584354	OK	 
REQUEST	injecteur 8	4		request_7	1462970584318	1462970584358	OK	 
REQUEST	injecteur 6	8		request_5	1462970584321	1462970584362	OK	 
REQUEST	injecteur 7	2		request_6	1462970584324	1462970584365	OK	 
REQUEST	injecteur 4	1		request_3	1462970584327	1462970584368	OK	 
REQUEST	injecteur 2	9		request_1	1462970584329	1462970584370	OK	 
REQUEST	injecteur 5	10		request_4	1462970584332	1462970584373	OK	 
REQUEST	injecteur 3	3		request_2	1462970584344	1462970584376	OK	 
REQUEST	injecteur 1	7		request_0	1462970584346	1462970584379	OK	 
REQUEST	injecteur 9	6		request_8	1462970584350	1462970584381	OK	 
REQUEST	injecteur 10	5		request_9	1462970584355	1462970584384	OK	 
REQUEST	injecteur 8	4		request_7	1462970584359	1462970584387	OK	 
REQUEST	injecteur 6	8		request_5	1462970584363	1462970584389	OK	 
REQUEST	injecteur 7	2		request_6	1462970584366	1462970584392	OK	 
REQUEST	injecteur 4	1		request_3	1462970584369	1462970584395	OK	 
REQUEST	injecteur 2	9		request_1	1462970584372	1462970584399	OK	 
REQUEST	injecteur 5	10		request_4	1462970584374	1462970584403	OK	 
REQUEST	injecteur 3	3		request_2	1462970584377	1462970584409	OK	 
REQUEST	injecteur 1	7		request_0	1462970584380	1462970584415	OK	 
REQUEST	injecteur 9	6		request_8	1462970584382	1462970584418	OK	 
REQUEST	injecteur 10	5		request_9	1462970584385	1462970584421	OK	 
REQUEST	injecteur 8	4		request_7	1462970584388	1462970584423	OK	 
REQUEST	injecteur 6	8		request_5	1462970584391	1462970584427	OK	 
REQUEST	injecteur 7	2		request_6	1462970584393	1462970584431	OK	 
REQUEST	injecteur 4	1		request_3	1462970584396	1462970584435	OK	 
REQUEST	injecteur 2	9		request_1	1462970584400	1462970584437	OK	 
REQUEST	injecteur 5	10		request_4	1462970584405	1462970584441	OK	 
REQUEST	injecteur 3	3		request_2	1462970584410	1462970584443	OK	 
REQUEST	injecteur 1	7		request_0	1462970584416	1462970584445	OK	 
REQUEST	injecteur 9	6		request_8	1462970584419	1462970584447	OK	 
REQUEST	injecteur 10	5		request_9	1462970584422	1462970584450	OK	 
REQUEST	injecteur 8	4		request_7	1462970584425	1462970584453	OK	 
REQUEST	injecteur 6	8		request_5	1462970584428	1462970584455	OK	 
REQUEST	injecteur 7	2		request_6	1462970584432	1462970584459	OK	 
REQUEST	injecteur 4	1		request_3	1462970584436	1462970584463	OK	 
REQUEST	injecteur 2	9		request_1	1462970584438	1462970584470	OK	 
REQUEST	injecteur 5	10		request_4	1462970584442	1462970584472	OK	 
REQUEST	injecteur 3	3		request_2	1462970584444	1462970584475	OK	 
REQUEST	injecteur 1	7		request_0	1462970584446	1462970584480	OK	 
REQUEST	injecteur 9	6		request_8	1462970584448	1462970584482	OK	 
REQUEST	injecteur 10	5		request_9	1462970584451	1462970584484	OK	 
REQUEST	injecteur 8	4		request_7	1462970584454	1462970584486	OK	 
REQUEST	injecteur 6	8		request_5	1462970584457	1462970584490	OK	 
REQUEST	injecteur 7	2		request_6	1462970584460	1462970584492	OK	 
REQUEST	injecteur 4	1		request_3	1462970584464	1462970584495	OK	 
REQUEST	injecteur 2	9		request_1	1462970584471	1462970584498	OK	 
REQUEST	injecteur 5	10		request_4	1462970584473	1462970584500	OK	 
REQUEST	injecteur 3	3		request_2	1462970584477	1462970584502	OK	 
REQUEST	injecteur 1	7		request_0	1462970584481	1462970584504	OK	 
REQUEST	injecteur 9	6		request_8	1462970584483	1462970584507	OK	 
REQUEST	injecteur 10	5		request_9	1462970584485	1462970584510	OK	 
REQUEST	injecteur 8	4		request_7	1462970584487	1462970584514	OK	 
REQUEST	injecteur 6	8		request_5	1462970584491	1462970584518	OK	 
REQUEST	injecteur 7	2		request_6	1462970584493	1462970584522	OK	 
REQUEST	injecteur 4	1		request_3	1462970584496	1462970584526	OK	 
REQUEST	injecteur 2	9		request_1	1462970584498	1462970584529	OK	 
REQUEST	injecteur 5	10		request_4	1462970584501	1462970584531	OK	 
REQUEST	injecteur 3	3		request_2	1462970584503	1462970584533	OK	 
REQUEST	injecteur 1	7		request_0	1462970584506	1462970584535	OK	 
REQUEST	injecteur 9	6		request_8	1462970584508	1462970584539	OK	 
REQUEST	injecteur 10	5		request_9	1462970584511	1462970584544	OK	 
REQUEST	injecteur 8	4		request_7	1462970584515	1462970584547	OK	 
REQUEST	injecteur 8	4		request_7	1462970584548	1462970584553	OK	 
REQUEST	injecteur 6	8		request_5	1462970584519	1462970584557	OK	 
REQUEST	injecteur 7	2		request_6	1462970584523	1462970584560	OK	 
REQUEST	injecteur 4	1		request_3	1462970584527	1462970584564	OK	 
REQUEST	injecteur 2	9		request_1	1462970584530	1462970584570	OK	 
REQUEST	injecteur 5	10		request_4	1462970584532	1462970584573	OK	 
REQUEST	injecteur 3	3		request_2	1462970584534	1462970584585	OK	 
REQUEST	injecteur 1	7		request_0	1462970584536	1462970584590	OK	 
REQUEST	injecteur 9	6		request_8	1462970584540	1462970584593	OK	 
REQUEST	injecteur 10	5		request_9	1462970584545	1462970584595	OK	 
REQUEST	injecteur 8	4		request_7	1462970584554	1462970584599	OK	 
REQUEST	injecteur 6	8		request_5	1462970584558	1462970584601	OK	 
REQUEST	injecteur 7	2		request_6	1462970584561	1462970584603	OK	 
REQUEST	injecteur 4	1		request_3	1462970584565	1462970584606	OK	 
REQUEST	injecteur 2	9		request_1	1462970584571	1462970584608	OK	 
REQUEST	injecteur 5	10		request_4	1462970584574	1462970584609	OK	 
REQUEST	injecteur 3	3		request_2	1462970584586	1462970584611	OK	 
REQUEST	injecteur 1	7		request_0	1462970584591	1462970584614	OK	 
REQUEST	injecteur 9	6		request_8	1462970584594	1462970584616	OK	 
REQUEST	injecteur 10	5		request_9	1462970584596	1462970584620	OK	 
REQUEST	injecteur 8	4		request_7	1462970584600	1462970584623	OK	 
REQUEST	injecteur 6	8		request_5	1462970584602	1462970584625	OK	 
REQUEST	injecteur 7	2		request_6	1462970584604	1462970584626	OK	 
REQUEST	injecteur 4	1		request_3	1462970584607	1462970584628	OK	 
REQUEST	injecteur 2	9		request_1	1462970584608	1462970584630	OK	 
REQUEST	injecteur 5	10		request_4	1462970584610	1462970584632	OK	 
REQUEST	injecteur 3	3		request_2	1462970584612	1462970584634	OK	 
REQUEST	injecteur 1	7		request_0	1462970584615	1462970584637	OK	 
REQUEST	injecteur 9	6		request_8	1462970584617	1462970584641	OK	 
REQUEST	injecteur 10	5		request_9	1462970584621	1462970584646	OK	 
REQUEST	injecteur 8	4		request_7	1462970584624	1462970584649	OK	 
REQUEST	injecteur 6	8		request_5	1462970584625	1462970584651	OK	 
REQUEST	injecteur 7	2		request_6	1462970584627	1462970584654	OK	 
REQUEST	injecteur 4	1		request_3	1462970584629	1462970584665	OK	 
REQUEST	injecteur 2	9		request_1	1462970584631	1462970584668	OK	 
REQUEST	injecteur 5	10		request_4	1462970584633	1462970584673	OK	 
REQUEST	injecteur 3	3		request_2	1462970584635	1462970584677	OK	 
REQUEST	injecteur 1	7		request_0	1462970584638	1462970584684	OK	 
REQUEST	injecteur 9	6		request_8	1462970584642	1462970584688	OK	 
REQUEST	injecteur 10	5		request_9	1462970584647	1462970584693	OK	 
REQUEST	injecteur 8	4		request_7	1462970584650	1462970584696	OK	 
REQUEST	injecteur 7	2		request_6	1462970584655	1462970584704	OK	 
REQUEST	injecteur 6	8		request_5	1462970584652	1462970584702	OK	 
REQUEST	injecteur 4	1		request_3	1462970584666	1462970584709	OK	 
REQUEST	injecteur 2	9		request_1	1462970584669	1462970584711	OK	 
REQUEST	injecteur 5	10		request_4	1462970584674	1462970584713	OK	 
REQUEST	injecteur 8	4		request_7	1462970584697	1462970584717	OK	 
REQUEST	injecteur 7	2		request_6	1462970584705	1462970584720	OK	 
REQUEST	injecteur 3	3		request_2	1462970584678	1462970584723	OK	 
REQUEST	injecteur 1	7		request_0	1462970584685	1462970584725	OK	 
REQUEST	injecteur 9	6		request_8	1462970584689	1462970584727	OK	 
REQUEST	injecteur 10	5		request_9	1462970584694	1462970584729	OK	 
REQUEST	injecteur 6	8		request_5	1462970584708	1462970584731	OK	 
REQUEST	injecteur 4	1		request_3	1462970584710	1462970584734	OK	 
REQUEST	injecteur 2	9		request_1	1462970584712	1462970584739	OK	 
REQUEST	injecteur 5	10		request_4	1462970584714	1462970584740	OK	 
REQUEST	injecteur 8	4		request_7	1462970584718	1462970584743	OK	 
REQUEST	injecteur 7	2		request_6	1462970584721	1462970584746	OK	 
REQUEST	injecteur 3	3		request_2	1462970584724	1462970584753	OK	 
REQUEST	injecteur 9	6		request_8	1462970584728	1462970584755	OK	 
REQUEST	injecteur 1	7		request_0	1462970584726	1462970584757	OK	 
REQUEST	injecteur 10	5		request_9	1462970584730	1462970584758	OK	 
REQUEST	injecteur 6	8		request_5	1462970584732	1462970584762	OK	 
REQUEST	injecteur 10	5		request_9	1462970584759	1462970584769	OK	 
REQUEST	injecteur 4	1		request_3	1462970584735	1462970584775	OK	 
REQUEST	injecteur 6	8		request_5	1462970584763	1462970584778	OK	 
REQUEST	injecteur 2	9		request_1	1462970584740	1462970584779	OK	 
REQUEST	injecteur 5	10		request_4	1462970584741	1462970584785	OK	 
REQUEST	injecteur 8	4		request_7	1462970584744	1462970584787	OK	 
REQUEST	injecteur 7	2		request_6	1462970584747	1462970584791	OK	 
REQUEST	injecteur 3	3		request_2	1462970584754	1462970584794	OK	 
REQUEST	injecteur 9	6		request_8	1462970584756	1462970584798	OK	 
REQUEST	injecteur 1	7		request_0	1462970584758	1462970584800	OK	 
REQUEST	injecteur 2	9		request_1	1462970584779	1462970584804	OK	 
REQUEST	injecteur 10	5		request_9	1462970584770	1462970584808	OK	 
REQUEST	injecteur 4	1		request_3	1462970584776	1462970584810	OK	 
REQUEST	injecteur 6	8		request_5	1462970584779	1462970584813	OK	 
REQUEST	injecteur 5	10		request_4	1462970584786	1462970584814	OK	 
REQUEST	injecteur 8	4		request_7	1462970584788	1462970584818	OK	 
REQUEST	injecteur 7	2		request_6	1462970584792	1462970584821	OK	 
REQUEST	injecteur 3	3		request_2	1462970584795	1462970584826	OK	 
REQUEST	injecteur 9	6		request_8	1462970584799	1462970584829	OK	 
REQUEST	injecteur 1	7		request_0	1462970584801	1462970584834	OK	 
REQUEST	injecteur 2	9		request_1	1462970584806	1462970584838	OK	 
REQUEST	injecteur 10	5		request_9	1462970584809	1462970584840	OK	 
REQUEST	injecteur 4	1		request_3	1462970584811	1462970584843	OK	 
REQUEST	injecteur 5	10		request_4	1462970584814	1462970584845	OK	 
REQUEST	injecteur 6	8		request_5	1462970584813	1462970584845	OK	 
REQUEST	injecteur 8	4		request_7	1462970584819	1462970584849	OK	 
REQUEST	injecteur 7	2		request_6	1462970584822	1462970584851	OK	 
REQUEST	injecteur 5	10		request_4	1462970584846	1462970584854	OK	 
REQUEST	injecteur 3	3		request_2	1462970584827	1462970584861	OK	 
REQUEST	injecteur 9	6		request_8	1462970584829	1462970584861	OK	 
REQUEST	injecteur 2	9		request_1	1462970584839	1462970584867	OK	 
REQUEST	injecteur 10	5		request_9	1462970584841	1462970584869	OK	 
REQUEST	injecteur 4	1		request_3	1462970584844	1462970584872	OK	 
REQUEST	injecteur 1	7		request_0	1462970584835	1462970584872	OK	 
REQUEST	injecteur 6	8		request_5	1462970584846	1462970584885	OK	 
REQUEST	injecteur 8	4		request_7	1462970584850	1462970584887	OK	 
REQUEST	injecteur 5	10		request_4	1462970584855	1462970584889	OK	 
REQUEST	injecteur 9	6		request_8	1462970584862	1462970584893	OK	 
REQUEST	injecteur 7	2		request_6	1462970584852	1462970584897	OK	 
REQUEST	injecteur 2	9		request_1	1462970584868	1462970584908	OK	 
REQUEST	injecteur 3	3		request_2	1462970584862	1462970584906	OK	 
REQUEST	injecteur 10	5		request_9	1462970584870	1462970584910	OK	 
REQUEST	injecteur 1	7		request_0	1462970584873	1462970584912	OK	 
REQUEST	injecteur 4	1		request_3	1462970584873	1462970584913	OK	 
REQUEST	injecteur 6	8		request_5	1462970584886	1462970584916	OK	 
REQUEST	injecteur 5	10		request_4	1462970584890	1462970584918	OK	 
REQUEST	injecteur 9	6		request_8	1462970584894	1462970584922	OK	 
REQUEST	injecteur 7	2		request_6	1462970584898	1462970584926	OK	 
REQUEST	injecteur 8	4		request_7	1462970584888	1462970584931	OK	 
REQUEST	injecteur 2	9		request_1	1462970584908	1462970584933	OK	 
REQUEST	injecteur 3	3		request_2	1462970584909	1462970584935	OK	 
REQUEST	injecteur 10	5		request_9	1462970584911	1462970584937	OK	 
REQUEST	injecteur 1	7		request_0	1462970584913	1462970584946	OK	 
REQUEST	injecteur 4	1		request_3	1462970584914	1462970584957	OK	 
REQUEST	injecteur 5	10		request_4	1462970584919	1462970584959	OK	 
REQUEST	injecteur 7	2		request_6	1462970584927	1462970584963	OK	 
REQUEST	injecteur 6	8		request_5	1462970584916	1462970584967	OK	 
REQUEST	injecteur 9	6		request_8	1462970584923	1462970584968	OK	 
REQUEST	injecteur 8	4		request_7	1462970584933	1462970584973	OK	 
REQUEST	injecteur 2	9		request_1	1462970584934	1462970584975	OK	 
REQUEST	injecteur 10	5		request_9	1462970584938	1462970584977	OK	 
REQUEST	injecteur 5	10		request_4	1462970584960	1462970584982	OK	 
REQUEST	injecteur 7	2		request_6	1462970584963	1462970584986	OK	 
REQUEST	injecteur 9	6		request_8	1462970584969	1462970584990	OK	 
REQUEST	injecteur 3	3		request_2	1462970584941	1462970584984	OK	 
REQUEST	injecteur 4	1		request_3	1462970584958	1462970584995	OK	 
REQUEST	injecteur 6	8		request_5	1462970584968	1462970585001	OK	 
REQUEST	injecteur 8	4		request_7	1462970584974	1462970585002	OK	 
REQUEST	injecteur 1	7		request_0	1462970584949	1462970585008	OK	 
REQUEST	injecteur 2	9		request_1	1462970584976	1462970585020	OK	 
REQUEST	injecteur 10	5		request_9	1462970584978	1462970585023	OK	 
REQUEST	injecteur 5	10		request_4	1462970584983	1462970585026	OK	 
REQUEST	injecteur 7	2		request_6	1462970584987	1462970585030	OK	 
REQUEST	injecteur 9	6		request_8	1462970584991	1462970585035	OK	 
REQUEST	injecteur 4	1		request_3	1462970584996	1462970585040	OK	 
REQUEST	injecteur 6	8		request_5	1462970585001	1462970585042	OK	 
REQUEST	injecteur 8	4		request_7	1462970585003	1462970585043	OK	 
REQUEST	injecteur 3	3		request_2	1462970585006	1462970585047	OK	 
REQUEST	injecteur 1	7		request_0	1462970585009	1462970585051	OK	 
REQUEST	injecteur 5	10		request_4	1462970585027	1462970585054	OK	 
REQUEST	injecteur 7	2		request_6	1462970585032	1462970585059	OK	 
REQUEST	injecteur 2	9		request_1	1462970585021	1462970585061	OK	 
REQUEST	injecteur 9	6		request_8	1462970585035	1462970585062	OK	 
REQUEST	injecteur 10	5		request_9	1462970585024	1462970585066	OK	 
REQUEST	injecteur 4	1		request_3	1462970585041	1462970585068	OK	 
REQUEST	injecteur 6	8		request_5	1462970585043	1462970585070	OK	 
REQUEST	injecteur 8	4		request_7	1462970585043	1462970585071	OK	 
REQUEST	injecteur 3	3		request_2	1462970585048	1462970585073	OK	 
REQUEST	injecteur 1	7		request_0	1462970585051	1462970585075	OK	 
REQUEST	injecteur 5	10		request_4	1462970585055	1462970585077	OK	 
REQUEST	injecteur 7	2		request_6	1462970585059	1462970585080	OK	 
REQUEST	injecteur 9	6		request_8	1462970585063	1462970585082	OK	 
REQUEST	injecteur 2	9		request_1	1462970585062	1462970585084	OK	 
REQUEST	injecteur 10	5		request_9	1462970585067	1462970585086	OK	 
REQUEST	injecteur 4	1		request_3	1462970585069	1462970585088	OK	 
REQUEST	injecteur 6	8		request_5	1462970585071	1462970585090	OK	 
REQUEST	injecteur 8	4		request_7	1462970585072	1462970585092	OK	 
REQUEST	injecteur 3	3		request_2	1462970585074	1462970585094	OK	 
REQUEST	injecteur 1	7		request_0	1462970585077	1462970585097	OK	 
REQUEST	injecteur 5	10		request_4	1462970585078	1462970585100	OK	 
REQUEST	injecteur 7	2		request_6	1462970585081	1462970585103	OK	 
REQUEST	injecteur 9	6		request_8	1462970585083	1462970585105	OK	 
REQUEST	injecteur 2	9		request_1	1462970585085	1462970585106	OK	 
REQUEST	injecteur 10	5		request_9	1462970585087	1462970585108	OK	 
REQUEST	injecteur 4	1		request_3	1462970585089	1462970585111	OK	 
REQUEST	injecteur 6	8		request_5	1462970585091	1462970585112	OK	 
REQUEST	injecteur 8	4		request_7	1462970585093	1462970585115	OK	 
REQUEST	injecteur 3	3		request_2	1462970585095	1462970585118	OK	 
REQUEST	injecteur 1	7		request_0	1462970585098	1462970585120	OK	 
REQUEST	injecteur 5	10		request_4	1462970585100	1462970585123	OK	 
REQUEST	injecteur 7	2		request_6	1462970585104	1462970585125	OK	 
REQUEST	injecteur 9	6		request_8	1462970585106	1462970585127	OK	 
REQUEST	injecteur 2	9		request_1	1462970585107	1462970585129	OK	 
REQUEST	injecteur 10	5		request_9	1462970585109	1462970585133	OK	 
REQUEST	injecteur 4	1		request_3	1462970585111	1462970585138	OK	 
REQUEST	injecteur 2	9		request_1	1462970585130	1462970585142	OK	 
REQUEST	injecteur 10	5		request_9	1462970585134	1462970585144	OK	 
REQUEST	injecteur 6	8		request_5	1462970585113	1462970585150	OK	 
REQUEST	injecteur 8	4		request_7	1462970585117	1462970585153	OK	 
REQUEST	injecteur 3	3		request_2	1462970585119	1462970585156	OK	 
REQUEST	injecteur 1	7		request_0	1462970585121	1462970585159	OK	 
REQUEST	injecteur 5	10		request_4	1462970585124	1462970585160	OK	 
REQUEST	injecteur 7	2		request_6	1462970585126	1462970585162	OK	 
REQUEST	injecteur 9	6		request_8	1462970585128	1462970585165	OK	 
REQUEST	injecteur 4	1		request_3	1462970585139	1462970585173	OK	 
REQUEST	injecteur 2	9		request_1	1462970585143	1462970585175	OK	 
REQUEST	injecteur 10	5		request_9	1462970585146	1462970585182	OK	 
REQUEST	injecteur 6	8		request_5	1462970585151	1462970585184	OK	 
REQUEST	injecteur 8	4		request_7	1462970585154	1462970585187	OK	 
REQUEST	injecteur 3	3		request_2	1462970585157	1462970585193	OK	 
REQUEST	injecteur 5	10		request_4	1462970585161	1462970585195	OK	 
REQUEST	injecteur 1	7		request_0	1462970585159	1462970585196	OK	 
REQUEST	injecteur 7	2		request_6	1462970585165	1462970585201	OK	 
REQUEST	injecteur 9	6		request_8	1462970585166	1462970585203	OK	 
REQUEST	injecteur 4	1		request_3	1462970585173	1462970585205	OK	 
REQUEST	injecteur 2	9		request_1	1462970585176	1462970585207	OK	 
REQUEST	injecteur 10	5		request_9	1462970585183	1462970585209	OK	 
REQUEST	injecteur 6	8		request_5	1462970585186	1462970585212	OK	 
REQUEST	injecteur 8	4		request_7	1462970585188	1462970585213	OK	 
REQUEST	injecteur 3	3		request_2	1462970585194	1462970585217	OK	 
REQUEST	injecteur 5	10		request_4	1462970585196	1462970585220	OK	 
REQUEST	injecteur 1	7		request_0	1462970585198	1462970585221	OK	 
REQUEST	injecteur 7	2		request_6	1462970585201	1462970585223	OK	 
REQUEST	injecteur 9	6		request_8	1462970585203	1462970585225	OK	 
REQUEST	injecteur 4	1		request_3	1462970585206	1462970585227	OK	 
REQUEST	injecteur 2	9		request_1	1462970585208	1462970585229	OK	 
REQUEST	injecteur 10	5		request_9	1462970585210	1462970585230	OK	 
REQUEST	injecteur 6	8		request_5	1462970585213	1462970585233	OK	 
REQUEST	injecteur 8	4		request_7	1462970585214	1462970585234	OK	 
REQUEST	injecteur 3	3		request_2	1462970585218	1462970585245	OK	 
REQUEST	injecteur 5	10		request_4	1462970585220	1462970585249	OK	 
REQUEST	injecteur 1	7		request_0	1462970585222	1462970585252	OK	 
REQUEST	injecteur 7	2		request_6	1462970585224	1462970585258	OK	 
REQUEST	injecteur 9	6		request_8	1462970585226	1462970585259	OK	 
REQUEST	injecteur 4	1		request_3	1462970585228	1462970585261	OK	 
REQUEST	injecteur 2	9		request_1	1462970585230	1462970585263	OK	 
REQUEST	injecteur 10	5		request_9	1462970585231	1462970585266	OK	 
REQUEST	injecteur 6	8		request_5	1462970585233	1462970585268	OK	 
REQUEST	injecteur 3	3		request_2	1462970585247	1462970585270	OK	 
REQUEST	injecteur 1	7		request_0	1462970585253	1462970585274	OK	 
REQUEST	injecteur 8	4		request_7	1462970585235	1462970585278	OK	 
REQUEST	injecteur 5	10		request_4	1462970585250	1462970585284	OK	 
REQUEST	injecteur 4	1		request_3	1462970585262	1462970585285	OK	 
REQUEST	injecteur 7	2		request_6	1462970585259	1462970585286	OK	 
REQUEST	injecteur 2	9		request_1	1462970585264	1462970585288	OK	 
REQUEST	injecteur 10	5		request_9	1462970585266	1462970585290	OK	 
REQUEST	injecteur 9	6		request_8	1462970585260	1462970585287	OK	 
REQUEST	injecteur 3	3		request_2	1462970585271	1462970585299	OK	 
REQUEST	injecteur 1	7		request_0	1462970585275	1462970585304	OK	 
REQUEST	injecteur 6	8		request_5	1462970585269	1462970585309	OK	 
REQUEST	injecteur 8	4		request_7	1462970585279	1462970585312	OK	 
REQUEST	injecteur 3	3		request_2	1462970585301	1462970585324	OK	 
REQUEST	injecteur 4	1		request_3	1462970585286	1462970585324	OK	 
REQUEST	injecteur 5	10		request_4	1462970585284	1462970585324	OK	 
REQUEST	injecteur 2	9		request_1	1462970585288	1462970585326	OK	 
REQUEST	injecteur 7	2		request_6	1462970585286	1462970585328	OK	 
REQUEST	injecteur 1	7		request_0	1462970585307	1462970585340	OK	 
REQUEST	injecteur 10	5		request_9	1462970585290	1462970585351	OK	 
REQUEST	injecteur 9	6		request_8	1462970585292	1462970585354	OK	 
REQUEST	injecteur 6	8		request_5	1462970585310	1462970585355	OK	 
REQUEST	injecteur 3	3		request_2	1462970585335	1462970585359	OK	 
REQUEST	injecteur 1	7		request_0	1462970585346	1462970585362	OK	 
REQUEST	injecteur 8	4		request_7	1462970585325	1462970585366	OK	 
REQUEST	injecteur 4	1		request_3	1462970585325	1462970585371	OK	 
REQUEST	injecteur 5	10		request_4	1462970585327	1462970585377	OK	 
REQUEST	injecteur 2	9		request_1	1462970585326	1462970585386	OK	 
REQUEST	injecteur 7	2		request_6	1462970585328	1462970585393	OK	 
REQUEST	injecteur 10	5		request_9	1462970585352	1462970585404	OK	 
REQUEST	injecteur 9	6		request_8	1462970585354	1462970585411	OK	 
REQUEST	injecteur 3	3		request_2	1462970585360	1462970585418	OK	 
REQUEST	injecteur 1	7		request_0	1462970585363	1462970585420	OK	 
REQUEST	injecteur 8	4		request_7	1462970585366	1462970585423	OK	 
REQUEST	injecteur 6	8		request_5	1462970585356	1462970585426	OK	 
REQUEST	injecteur 4	1		request_3	1462970585372	1462970585430	OK	 
REQUEST	injecteur 5	10		request_4	1462970585377	1462970585434	OK	 
REQUEST	injecteur 2	9		request_1	1462970585387	1462970585437	OK	 
REQUEST	injecteur 7	2		request_6	1462970585395	1462970585443	OK	 
REQUEST	injecteur 10	5		request_9	1462970585405	1462970585447	OK	 
REQUEST	injecteur 6	8		request_5	1462970585426	1462970585450	OK	 
REQUEST	injecteur 4	1		request_3	1462970585430	1462970585452	OK	 
REQUEST	injecteur 2	9		request_1	1462970585438	1462970585453	OK	 
REQUEST	injecteur 9	6		request_8	1462970585412	1462970585455	OK	 
REQUEST	injecteur 3	3		request_2	1462970585419	1462970585462	OK	 
REQUEST	injecteur 1	7		request_0	1462970585421	1462970585466	OK	 
REQUEST	injecteur 8	4		request_7	1462970585424	1462970585469	OK	 
REQUEST	injecteur 5	10		request_4	1462970585435	1462970585490	OK	 
REQUEST	injecteur 7	2		request_6	1462970585444	1462970585492	OK	 
REQUEST	injecteur 10	5		request_9	1462970585448	1462970585496	OK	 
REQUEST	injecteur 6	8		request_5	1462970585450	1462970585498	OK	 
REQUEST	injecteur 4	1		request_3	1462970585452	1462970585499	OK	 
REQUEST	injecteur 2	9		request_1	1462970585454	1462970585501	OK	 
REQUEST	injecteur 9	6		request_8	1462970585456	1462970585503	OK	 
REQUEST	injecteur 3	3		request_2	1462970585462	1462970585507	OK	 
REQUEST	injecteur 1	7		request_0	1462970585467	1462970585509	OK	 
REQUEST	injecteur 8	4		request_7	1462970585470	1462970585512	OK	 
REQUEST	injecteur 5	10		request_4	1462970585491	1462970585515	OK	 
REQUEST	injecteur 7	2		request_6	1462970585493	1462970585519	OK	 
REQUEST	injecteur 10	5		request_9	1462970585497	1462970585520	OK	 
REQUEST	injecteur 6	8		request_5	1462970585499	1462970585529	OK	 
REQUEST	injecteur 9	6		request_8	1462970585504	1462970585530	OK	 
REQUEST	injecteur 4	1		request_3	1462970585500	1462970585531	OK	 
REQUEST	injecteur 3	3		request_2	1462970585508	1462970585531	OK	 
REQUEST	injecteur 2	9		request_1	1462970585502	1462970585533	OK	 
REQUEST	injecteur 8	4		request_7	1462970585513	1462970585535	OK	 
REQUEST	injecteur 1	7		request_0	1462970585509	1462970585535	OK	 
REQUEST	injecteur 5	10		request_4	1462970585516	1462970585539	OK	 
REQUEST	injecteur 7	2		request_6	1462970585519	1462970585543	OK	 
REQUEST	injecteur 10	5		request_9	1462970585521	1462970585547	OK	 
REQUEST	injecteur 6	8		request_5	1462970585530	1462970585549	OK	 
REQUEST	injecteur 9	6		request_8	1462970585530	1462970585550	OK	 
REQUEST	injecteur 3	3		request_2	1462970585532	1462970585562	OK	 
REQUEST	injecteur 4	1		request_3	1462970585532	1462970585564	OK	 
REQUEST	injecteur 2	9		request_1	1462970585534	1462970585565	OK	 
REQUEST	injecteur 5	10		request_4	1462970585540	1462970585567	OK	 
REQUEST	injecteur 7	2		request_6	1462970585544	1462970585570	OK	 
REQUEST	injecteur 9	6		request_8	1462970585551	1462970585574	OK	 
REQUEST	injecteur 8	4		request_7	1462970585536	1462970585577	OK	 
REQUEST	injecteur 10	5		request_9	1462970585548	1462970585579	OK	 
REQUEST	injecteur 6	8		request_5	1462970585550	1462970585581	OK	 
REQUEST	injecteur 1	7		request_0	1462970585556	1462970585582	OK	 
REQUEST	injecteur 3	3		request_2	1462970585563	1462970585584	OK	 
REQUEST	injecteur 4	1		request_3	1462970585564	1462970585585	OK	 
REQUEST	injecteur 5	10		request_4	1462970585567	1462970585587	OK	 
REQUEST	injecteur 7	2		request_6	1462970585571	1462970585593	OK	 
REQUEST	injecteur 9	6		request_8	1462970585574	1462970585596	OK	 
REQUEST	injecteur 2	9		request_1	1462970585566	1462970585600	OK	 
REQUEST	injecteur 8	4		request_7	1462970585578	1462970585606	OK	 
REQUEST	injecteur 10	5		request_9	1462970585580	1462970585608	OK	 
REQUEST	injecteur 6	8		request_5	1462970585581	1462970585611	OK	 
REQUEST	injecteur 1	7		request_0	1462970585583	1462970585613	OK	 
REQUEST	injecteur 3	3		request_2	1462970585584	1462970585615	OK	 
REQUEST	injecteur 5	10		request_4	1462970585588	1462970585617	OK	 
REQUEST	injecteur 7	2		request_6	1462970585593	1462970585620	OK	 
REQUEST	injecteur 9	6		request_8	1462970585597	1462970585626	OK	 
REQUEST	injecteur 8	4		request_7	1462970585607	1462970585633	OK	 
REQUEST	injecteur 1	7		request_0	1462970585614	1462970585638	OK	 
REQUEST	injecteur 5	10		request_4	1462970585617	1462970585640	OK	 
REQUEST	injecteur 7	2		request_6	1462970585621	1462970585643	OK	 
REQUEST	injecteur 4	1		request_3	1462970585586	1462970585646	OK	 
REQUEST	injecteur 9	6		request_8	1462970585626	1462970585647	OK	 
REQUEST	injecteur 2	9		request_1	1462970585600	1462970585647	OK	 
REQUEST	injecteur 10	5		request_9	1462970585610	1462970585649	OK	 
REQUEST	injecteur 6	8		request_5	1462970585611	1462970585650	OK	 
REQUEST	injecteur 3	3		request_2	1462970585616	1462970585651	OK	 
REQUEST	injecteur 8	4		request_7	1462970585633	1462970585655	OK	 
REQUEST	injecteur 7	2		request_6	1462970585644	1462970585657	OK	 
REQUEST	injecteur 9	6		request_8	1462970585648	1462970585660	OK	 
REQUEST	injecteur 1	7		request_0	1462970585639	1462970585663	OK	 
REQUEST	injecteur 5	10		request_4	1462970585640	1462970585665	OK	 
REQUEST	injecteur 4	1		request_3	1462970585646	1462970585671	OK	 
REQUEST	injecteur 2	9		request_1	1462970585648	1462970585674	OK	 
REQUEST	injecteur 10	5		request_9	1462970585649	1462970585675	OK	 
REQUEST	injecteur 6	8		request_5	1462970585651	1462970585677	OK	 
REQUEST	injecteur 3	3		request_2	1462970585652	1462970585678	OK	 
REQUEST	injecteur 9	6		request_8	1462970585661	1462970585680	OK	 
REQUEST	injecteur 8	4		request_7	1462970585656	1462970585683	OK	 
REQUEST	injecteur 7	2		request_6	1462970585657	1462970585686	OK	 
REQUEST	injecteur 1	7		request_0	1462970585664	1462970585689	OK	 
REQUEST	injecteur 5	10		request_4	1462970585666	1462970585690	OK	 
REQUEST	injecteur 4	1		request_3	1462970585672	1462970585692	OK	 
REQUEST	injecteur 2	9		request_1	1462970585674	1462970585694	OK	 
REQUEST	injecteur 10	5		request_9	1462970585676	1462970585696	OK	 
REQUEST	injecteur 9	6		request_8	1462970585683	1462970585697	OK	 
REQUEST	injecteur 3	3		request_2	1462970585683	1462970585699	OK	 
REQUEST	injecteur 6	8		request_5	1462970585683	1462970585701	OK	 
REQUEST	injecteur 8	4		request_7	1462970585683	1462970585703	OK	 
REQUEST	injecteur 7	2		request_6	1462970585687	1462970585705	OK	 
REQUEST	injecteur 1	7		request_0	1462970585690	1462970585708	OK	 
REQUEST	injecteur 5	10		request_4	1462970585691	1462970585712	OK	 
REQUEST	injecteur 4	1		request_3	1462970585693	1462970585714	OK	 
REQUEST	injecteur 2	9		request_1	1462970585695	1462970585716	OK	 
REQUEST	injecteur 10	5		request_9	1462970585696	1462970585717	OK	 
REQUEST	injecteur 9	6		request_8	1462970585698	1462970585719	OK	 
REQUEST	injecteur 6	8		request_5	1462970585701	1462970585726	OK	 
REQUEST	injecteur 8	4		request_7	1462970585703	1462970585730	OK	 
REQUEST	injecteur 7	2		request_6	1462970585706	1462970585731	OK	 
REQUEST	injecteur 3	3		request_2	1462970585700	1462970585739	OK	 
REQUEST	injecteur 7	2		request_6	1462970585732	1462970585741	OK	 
REQUEST	injecteur 5	10		request_4	1462970585713	1462970585744	OK	 
REQUEST	injecteur 4	1		request_3	1462970585715	1462970585745	OK	 
REQUEST	injecteur 2	9		request_1	1462970585716	1462970585749	OK	 
REQUEST	injecteur 10	5		request_9	1462970585718	1462970585754	OK	 
REQUEST	injecteur 1	7		request_0	1462970585709	1462970585756	OK	 
REQUEST	injecteur 9	6		request_8	1462970585720	1462970585758	OK	 
REQUEST	injecteur 6	8		request_5	1462970585728	1462970585759	OK	 
REQUEST	injecteur 8	4		request_7	1462970585731	1462970585765	OK	 
REQUEST	injecteur 10	5		request_9	1462970585754	1462970585769	OK	 
REQUEST	injecteur 6	8		request_5	1462970585760	1462970585771	OK	 
REQUEST	injecteur 3	3		request_2	1462970585740	1462970585773	OK	 
REQUEST	injecteur 7	2		request_6	1462970585742	1462970585775	OK	 
REQUEST	injecteur 5	10		request_4	1462970585744	1462970585777	OK	 
REQUEST	injecteur 4	1		request_3	1462970585746	1462970585779	OK	 
REQUEST	injecteur 2	9		request_1	1462970585751	1462970585781	OK	 
REQUEST	injecteur 1	7		request_0	1462970585757	1462970585784	OK	 
REQUEST	injecteur 9	6		request_8	1462970585758	1462970585785	OK	 
REQUEST	injecteur 8	4		request_7	1462970585766	1462970585794	OK	 
REQUEST	injecteur 10	5		request_9	1462970585770	1462970585796	OK	 
REQUEST	injecteur 6	8		request_5	1462970585772	1462970585802	OK	 
REQUEST	injecteur 3	3		request_2	1462970585774	1462970585807	OK	 
REQUEST	injecteur 7	2		request_6	1462970585776	1462970585809	OK	 
REQUEST	injecteur 5	10		request_4	1462970585778	1462970585811	OK	 
REQUEST	injecteur 4	1		request_3	1462970585780	1462970585813	OK	 
REQUEST	injecteur 2	9		request_1	1462970585781	1462970585817	OK	 
REQUEST	injecteur 6	8		request_5	1462970585803	1462970585824	OK	 
REQUEST	injecteur 4	1		request_3	1462970585813	1462970585826	OK	 
REQUEST	injecteur 9	6		request_8	1462970585786	1462970585829	OK	 
REQUEST	injecteur 1	7		request_0	1462970585785	1462970585831	OK	 
REQUEST	injecteur 8	4		request_7	1462970585796	1462970585833	OK	 
REQUEST	injecteur 10	5		request_9	1462970585798	1462970585837	OK	 
REQUEST	injecteur 3	3		request_2	1462970585808	1462970585840	OK	 
REQUEST	injecteur 7	2		request_6	1462970585810	1462970585842	OK	 
REQUEST	injecteur 5	10		request_4	1462970585812	1462970585844	OK	 
REQUEST	injecteur 2	9		request_1	1462970585818	1462970585845	OK	 
REQUEST	injecteur 6	8		request_5	1462970585825	1462970585849	OK	 
REQUEST	injecteur 4	1		request_3	1462970585827	1462970585854	OK	 
REQUEST	injecteur 9	6		request_8	1462970585831	1462970585876	OK	 
REQUEST	injecteur 1	7		request_0	1462970585832	1462970585884	OK	 
REQUEST	injecteur 8	4		request_7	1462970585834	1462970585888	OK	 
REQUEST	injecteur 3	3		request_2	1462970585841	1462970585891	OK	 
REQUEST	injecteur 10	5		request_9	1462970585840	1462970585892	OK	 
REQUEST	injecteur 7	2		request_6	1462970585843	1462970585893	OK	 
REQUEST	injecteur 9	6		request_8	1462970585876	1462970585895	OK	 
REQUEST	injecteur 5	10		request_4	1462970585844	1462970585898	OK	 
REQUEST	injecteur 2	9		request_1	1462970585846	1462970585903	OK	 
REQUEST	injecteur 6	8		request_5	1462970585850	1462970585904	OK	 
REQUEST	injecteur 4	1		request_3	1462970585855	1462970585906	OK	 
REQUEST	injecteur 1	7		request_0	1462970585885	1462970585906	OK	 
REQUEST	injecteur 8	4		request_7	1462970585889	1462970585908	OK	 
REQUEST	injecteur 9	6		request_8	1462970585896	1462970585909	OK	 
REQUEST	injecteur 5	10		request_4	1462970585899	1462970585912	OK	 
REQUEST	injecteur 3	3		request_2	1462970585892	1462970585915	OK	 
REQUEST	injecteur 10	5		request_9	1462970585893	1462970585917	OK	 
REQUEST	injecteur 7	2		request_6	1462970585893	1462970585919	OK	 
REQUEST	injecteur 2	9		request_1	1462970585903	1462970585931	OK	 
REQUEST	injecteur 4	1		request_3	1462970585907	1462970585935	OK	 
REQUEST	injecteur 1	7		request_0	1462970585907	1462970585935	OK	 
REQUEST	injecteur 5	10		request_4	1462970585913	1462970585939	OK	 
REQUEST	injecteur 7	2		request_6	1462970585928	1462970585942	OK	 
REQUEST	injecteur 1	7		request_0	1462970585936	1462970585945	OK	 
REQUEST	injecteur 6	8		request_5	1462970585905	1462970585946	OK	 
REQUEST	injecteur 8	4		request_7	1462970585909	1462970585951	OK	 
REQUEST	injecteur 9	6		request_8	1462970585910	1462970585953	OK	 
REQUEST	injecteur 3	3		request_2	1462970585916	1462970585957	OK	 
REQUEST	injecteur 10	5		request_9	1462970585918	1462970585959	OK	 
REQUEST	injecteur 2	9		request_1	1462970585932	1462970585969	OK	 
REQUEST	injecteur 5	10		request_4	1462970585939	1462970585970	OK	 
REQUEST	injecteur 7	2		request_6	1462970585943	1462970585973	OK	 
REQUEST	injecteur 9	6		request_8	1462970585954	1462970585977	OK	 
REQUEST	injecteur 4	1		request_3	1462970585945	1462970585980	OK	 
REQUEST	injecteur 6	8		request_5	1462970585946	1462970585982	OK	 
REQUEST	injecteur 1	7		request_0	1462970585946	1462970585983	OK	 
REQUEST	injecteur 8	4		request_7	1462970585952	1462970585989	OK	 
REQUEST	injecteur 3	3		request_2	1462970585958	1462970585994	OK	 
REQUEST	injecteur 10	5		request_9	1462970585960	1462970585995	OK	 
REQUEST	injecteur 7	2		request_6	1462970585974	1462970585997	OK	 
REQUEST	injecteur 9	6		request_8	1462970585977	1462970586000	OK	 
REQUEST	injecteur 2	9		request_1	1462970585969	1462970586003	OK	 
REQUEST	injecteur 5	10		request_4	1462970585971	1462970586005	OK	 
REQUEST	injecteur 4	1		request_3	1462970585981	1462970586008	OK	 
REQUEST	injecteur 1	7		request_0	1462970585983	1462970586011	OK	 
REQUEST	injecteur 6	8		request_5	1462970585983	1462970586012	OK	 
REQUEST	injecteur 8	4		request_7	1462970585989	1462970586013	OK	 
REQUEST	injecteur 9	6		request_8	1462970586000	1462970586015	OK	 
REQUEST	injecteur 5	10		request_4	1462970586005	1462970586018	OK	 
REQUEST	injecteur 3	3		request_2	1462970585994	1462970586021	OK	 
REQUEST	injecteur 10	5		request_9	1462970585996	1462970586023	OK	 
REQUEST	injecteur 7	2		request_6	1462970585997	1462970586025	OK	 
REQUEST	injecteur 2	9		request_1	1462970586004	1462970586027	OK	 
REQUEST	injecteur 4	1		request_3	1462970586010	1462970586030	OK	 
REQUEST	injecteur 1	7		request_0	1462970586012	1462970586034	OK	 
REQUEST	injecteur 9	6		request_8	1462970586015	1462970586037	OK	 
REQUEST	injecteur 2	9		request_1	1462970586027	1462970586038	OK	 
REQUEST	injecteur 6	8		request_5	1462970586012	1462970586040	OK	 
REQUEST	injecteur 8	4		request_7	1462970586013	1462970586042	OK	 
REQUEST	injecteur 5	10		request_4	1462970586019	1462970586043	OK	 
REQUEST	injecteur 10	5		request_9	1462970586024	1462970586045	OK	 
REQUEST	injecteur 7	2		request_6	1462970586026	1462970586048	OK	 
REQUEST	injecteur 3	3		request_2	1462970586029	1462970586050	OK	 
REQUEST	injecteur 4	1		request_3	1462970586031	1462970586051	OK	 
REQUEST	injecteur 1	7		request_0	1462970586035	1462970586055	OK	 
REQUEST	injecteur 9	6		request_8	1462970586037	1462970586057	OK	 
REQUEST	injecteur 2	9		request_1	1462970586039	1462970586059	OK	 
REQUEST	injecteur 6	8		request_5	1462970586041	1462970586061	OK	 
REQUEST	injecteur 8	4		request_7	1462970586042	1462970586062	OK	 
REQUEST	injecteur 5	10		request_4	1462970586044	1462970586064	OK	 
REQUEST	injecteur 10	5		request_9	1462970586046	1462970586066	OK	 
REQUEST	injecteur 7	2		request_6	1462970586048	1462970586067	OK	 
REQUEST	injecteur 3	3		request_2	1462970586050	1462970586069	OK	 
REQUEST	injecteur 4	1		request_3	1462970586052	1462970586071	OK	 
REQUEST	injecteur 1	7		request_0	1462970586056	1462970586074	OK	 
REQUEST	injecteur 9	6		request_8	1462970586058	1462970586075	OK	 
REQUEST	injecteur 2	9		request_1	1462970586060	1462970586078	OK	 
REQUEST	injecteur 6	8		request_5	1462970586061	1462970586080	OK	 
REQUEST	injecteur 8	4		request_7	1462970586063	1462970586082	OK	 
REQUEST	injecteur 5	10		request_4	1462970586065	1462970586084	OK	 
REQUEST	injecteur 10	5		request_9	1462970586066	1462970586088	OK	 
REQUEST	injecteur 7	2		request_6	1462970586068	1462970586091	OK	 
REQUEST	injecteur 3	3		request_2	1462970586070	1462970586093	OK	 
REQUEST	injecteur 4	1		request_3	1462970586072	1462970586099	OK	 
REQUEST	injecteur 1	7		request_0	1462970586075	1462970586104	OK	 
REQUEST	injecteur 9	6		request_8	1462970586076	1462970586106	OK	 
REQUEST	injecteur 2	9		request_1	1462970586079	1462970586110	OK	 
REQUEST	injecteur 6	8		request_5	1462970586080	1462970586111	OK	 
REQUEST	injecteur 8	4		request_7	1462970586082	1462970586112	OK	 
REQUEST	injecteur 10	5		request_9	1462970586089	1462970586116	OK	 
REQUEST	injecteur 5	10		request_4	1462970586085	1462970586116	OK	 
REQUEST	injecteur 4	1		request_3	1462970586099	1462970586122	OK	 
REQUEST	injecteur 7	2		request_6	1462970586092	1462970586124	OK	 
REQUEST	injecteur 3	3		request_2	1462970586094	1462970586126	OK	 
REQUEST	injecteur 1	7		request_0	1462970586105	1462970586129	OK	 
REQUEST	injecteur 9	6		request_8	1462970586107	1462970586131	OK	 
REQUEST	injecteur 2	9		request_1	1462970586111	1462970586133	OK	 
REQUEST	injecteur 6	8		request_5	1462970586112	1462970586135	OK	 
REQUEST	injecteur 8	4		request_7	1462970586113	1462970586136	OK	 
REQUEST	injecteur 5	10		request_4	1462970586117	1462970586138	OK	 
REQUEST	injecteur 10	5		request_9	1462970586119	1462970586141	OK	 
REQUEST	injecteur 4	1		request_3	1462970586123	1462970586143	OK	 
REQUEST	injecteur 7	2		request_6	1462970586125	1462970586145	OK	 
REQUEST	injecteur 3	3		request_2	1462970586127	1462970586148	OK	 
REQUEST	injecteur 1	7		request_0	1462970586130	1462970586150	OK	 
REQUEST	injecteur 9	6		request_8	1462970586132	1462970586151	OK	 
REQUEST	injecteur 2	9		request_1	1462970586134	1462970586153	OK	 
REQUEST	injecteur 6	8		request_5	1462970586135	1462970586154	OK	 
REQUEST	injecteur 8	4		request_7	1462970586137	1462970586156	OK	 
REQUEST	injecteur 5	10		request_4	1462970586139	1462970586160	OK	 
REQUEST	injecteur 10	5		request_9	1462970586141	1462970586164	OK	 
REQUEST	injecteur 4	1		request_3	1462970586144	1462970586165	OK	 
REQUEST	injecteur 7	2		request_6	1462970586145	1462970586169	OK	 
REQUEST	injecteur 3	3		request_2	1462970586148	1462970586171	OK	 
REQUEST	injecteur 1	7		request_0	1462970586151	1462970586173	OK	 
REQUEST	injecteur 9	6		request_8	1462970586152	1462970586175	OK	 
REQUEST	injecteur 2	9		request_1	1462970586154	1462970586177	OK	 
REQUEST	injecteur 8	4		request_7	1462970586157	1462970586183	OK	 
REQUEST	injecteur 5	10		request_4	1462970586161	1462970586186	OK	 
REQUEST	injecteur 7	2		request_6	1462970586170	1462970586193	OK	 
REQUEST	injecteur 3	3		request_2	1462970586172	1462970586196	OK	 
REQUEST	injecteur 1	7		request_0	1462970586174	1462970586199	OK	 
REQUEST	injecteur 9	6		request_8	1462970586175	1462970586200	OK	 
REQUEST	injecteur 5	10		request_4	1462970586187	1462970586204	OK	 
REQUEST	injecteur 7	2		request_6	1462970586194	1462970586207	OK	 
REQUEST	injecteur 6	8		request_5	1462970586155	1462970586208	OK	 
REQUEST	injecteur 10	5		request_9	1462970586164	1462970586210	OK	 
REQUEST	injecteur 4	1		request_3	1462970586166	1462970586212	OK	 
REQUEST	injecteur 8	4		request_7	1462970586184	1462970586212	OK	 
REQUEST	injecteur 2	9		request_1	1462970586177	1462970586213	OK	 
REQUEST	injecteur 3	3		request_2	1462970586197	1462970586214	OK	 
REQUEST	injecteur 1	7		request_0	1462970586199	1462970586219	OK	 
REQUEST	injecteur 5	10		request_4	1462970586205	1462970586221	OK	 
REQUEST	injecteur 7	2		request_6	1462970586208	1462970586224	OK	 
REQUEST	injecteur 3	3		request_2	1462970586214	1462970586227	OK	 
REQUEST	injecteur 9	6		request_8	1462970586201	1462970586228	OK	 
REQUEST	injecteur 6	8		request_5	1462970586209	1462970586231	OK	 
REQUEST	injecteur 10	5		request_9	1462970586211	1462970586233	OK	 
REQUEST	injecteur 4	1		request_3	1462970586212	1462970586234	OK	 
REQUEST	injecteur 8	4		request_7	1462970586213	1462970586236	OK	 
REQUEST	injecteur 2	9		request_1	1462970586214	1462970586238	OK	 
REQUEST	injecteur 7	2		request_6	1462970586224	1462970586240	OK	 
REQUEST	injecteur 1	7		request_0	1462970586220	1462970586243	OK	 
REQUEST	injecteur 5	10		request_4	1462970586221	1462970586245	OK	 
REQUEST	injecteur 3	3		request_2	1462970586227	1462970586248	OK	 
REQUEST	injecteur 9	6		request_8	1462970586229	1462970586292	OK	 
REQUEST	injecteur 6	8		request_5	1462970586231	1462970586295	OK	 
REQUEST	injecteur 10	5		request_9	1462970586233	1462970586296	OK	 
REQUEST	injecteur 4	1		request_3	1462970586235	1462970586298	OK	 
REQUEST	injecteur 8	4		request_7	1462970586237	1462970586299	OK	 
REQUEST	injecteur 7	2		request_6	1462970586240	1462970586301	OK	 
REQUEST	injecteur 9	6		request_8	1462970586292	1462970586304	OK	 
REQUEST	injecteur 2	9		request_1	1462970586239	1462970586307	OK	 
REQUEST	injecteur 1	7		request_0	1462970586244	1462970586309	OK	 
REQUEST	injecteur 5	10		request_4	1462970586245	1462970586310	OK	 
REQUEST	injecteur 3	3		request_2	1462970586248	1462970586313	OK	 
REQUEST	injecteur 6	8		request_5	1462970586295	1462970586315	OK	 
REQUEST	injecteur 10	5		request_9	1462970586297	1462970586316	OK	 
REQUEST	injecteur 7	2		request_6	1462970586302	1462970586318	OK	 
REQUEST	injecteur 9	6		request_8	1462970586304	1462970586321	OK	 
REQUEST	injecteur 5	10		request_4	1462970586311	1462970586324	OK	 
REQUEST	injecteur 4	1		request_3	1462970586299	1462970586327	OK	 
REQUEST	injecteur 8	4		request_7	1462970586300	1462970586328	OK	 
REQUEST	injecteur 2	9		request_1	1462970586308	1462970586330	OK	 
REQUEST	injecteur 1	7		request_0	1462970586309	1462970586331	OK	 
REQUEST	injecteur 3	3		request_2	1462970586314	1462970586333	OK	 
REQUEST	injecteur 6	8		request_5	1462970586315	1462970586357	OK	 
REQUEST	injecteur 7	2		request_6	1462970586318	1462970586358	OK	 
REQUEST	injecteur 9	6		request_8	1462970586321	1462970586361	OK	 
REQUEST	injecteur 5	10		request_4	1462970586324	1462970586364	OK	 
REQUEST	injecteur 10	5		request_9	1462970586317	1462970586367	OK	 
REQUEST	injecteur 4	1		request_3	1462970586327	1462970586369	OK	 
REQUEST	injecteur 8	4		request_7	1462970586329	1462970586370	OK	 
REQUEST	injecteur 2	9		request_1	1462970586330	1462970586372	OK	 
REQUEST	injecteur 1	7		request_0	1462970586332	1462970586373	OK	 
REQUEST	injecteur 3	3		request_2	1462970586333	1462970586375	OK	 
REQUEST	injecteur 7	2		request_6	1462970586359	1462970586376	OK	 
REQUEST	injecteur 9	6		request_8	1462970586362	1462970586379	OK	 
REQUEST	injecteur 5	10		request_4	1462970586365	1462970586383	OK	 
REQUEST	injecteur 6	8		request_5	1462970586357	1462970586385	OK	 
REQUEST	injecteur 10	5		request_9	1462970586368	1462970586387	OK	 
REQUEST	injecteur 4	1		request_3	1462970586370	1462970586389	OK	 
REQUEST	injecteur 8	4		request_7	1462970586371	1462970586390	OK	 
REQUEST	injecteur 2	9		request_1	1462970586373	1462970586392	OK	 
REQUEST	injecteur 7	2		request_6	1462970586377	1462970586394	OK	 
REQUEST	injecteur 9	6		request_8	1462970586380	1462970586395	OK	 
REQUEST	injecteur 1	7		request_0	1462970586374	1462970586397	OK	 
REQUEST	injecteur 3	3		request_2	1462970586376	1462970586399	OK	 
REQUEST	injecteur 5	10		request_4	1462970586383	1462970586401	OK	 
REQUEST	injecteur 6	8		request_5	1462970586385	1462970586404	OK	 
REQUEST	injecteur 10	5		request_9	1462970586388	1462970586406	OK	 
REQUEST	injecteur 4	1		request_3	1462970586389	1462970586408	OK	 
REQUEST	injecteur 8	4		request_7	1462970586391	1462970586410	OK	 
REQUEST	injecteur 2	9		request_1	1462970586393	1462970586413	OK	 
REQUEST	injecteur 7	2		request_6	1462970586394	1462970586415	OK	 
REQUEST	injecteur 9	6		request_8	1462970586396	1462970586417	OK	 
REQUEST	injecteur 1	7		request_0	1462970586397	1462970586419	OK	 
REQUEST	injecteur 3	3		request_2	1462970586399	1462970586421	OK	 
REQUEST	injecteur 5	10		request_4	1462970586402	1462970586424	OK	 
REQUEST	injecteur 8	4		request_7	1462970586411	1462970586435	OK	 
REQUEST	injecteur 6	8		request_5	1462970586405	1462970586438	OK	 
REQUEST	injecteur 7	2		request_6	1462970586415	1462970586439	OK	 
REQUEST	injecteur 9	6		request_8	1462970586418	1462970586444	OK	 
REQUEST	injecteur 1	7		request_0	1462970586420	1462970586446	OK	 
REQUEST	injecteur 3	3		request_2	1462970586422	1462970586448	OK	 
REQUEST	injecteur 5	10		request_4	1462970586425	1462970586450	OK	 
REQUEST	injecteur 10	5		request_9	1462970586408	1462970586453	OK	 
REQUEST	injecteur 7	2		request_6	1462970586440	1462970586456	OK	 
REQUEST	injecteur 4	1		request_3	1462970586409	1462970586459	OK	 
REQUEST	injecteur 5	10		request_4	1462970586451	1462970586460	OK	 
REQUEST	injecteur 2	9		request_1	1462970586414	1462970586460	OK	 
REQUEST	injecteur 8	4		request_7	1462970586435	1462970586463	OK	 
REQUEST	injecteur 6	8		request_5	1462970586438	1462970586465	OK	 
REQUEST	injecteur 9	6		request_8	1462970586445	1462970586467	OK	 
REQUEST	injecteur 1	7		request_0	1462970586448	1462970586469	OK	 
REQUEST	injecteur 3	3		request_2	1462970586449	1462970586471	OK	 
REQUEST	injecteur 10	5		request_9	1462970586454	1462970586475	OK	 
REQUEST	injecteur 7	2		request_6	1462970586457	1462970586477	OK	 
REQUEST	injecteur 4	1		request_3	1462970586459	1462970586480	OK	 
REQUEST	injecteur 2	9		request_1	1462970586461	1462970586482	OK	 
REQUEST	injecteur 5	10		request_4	1462970586461	1462970586484	OK	 
REQUEST	injecteur 8	4		request_7	1462970586464	1462970586489	OK	 
REQUEST	injecteur 6	8		request_5	1462970586466	1462970586491	OK	 
REQUEST	injecteur 9	6		request_8	1462970586467	1462970586493	OK	 
REQUEST	injecteur 1	7		request_0	1462970586470	1462970586494	OK	 
REQUEST	injecteur 7	2		request_6	1462970586478	1462970586496	OK	 
REQUEST	injecteur 3	3		request_2	1462970586472	1462970586498	OK	 
REQUEST	injecteur 10	5		request_9	1462970586476	1462970586500	OK	 
REQUEST	injecteur 4	1		request_3	1462970586481	1462970586502	OK	 
REQUEST	injecteur 2	9		request_1	1462970586483	1462970586504	OK	 
REQUEST	injecteur 5	10		request_4	1462970586485	1462970586506	OK	 
REQUEST	injecteur 8	4		request_7	1462970586490	1462970586510	OK	 
REQUEST	injecteur 6	8		request_5	1462970586491	1462970586511	OK	 
REQUEST	injecteur 9	6		request_8	1462970586493	1462970586513	OK	 
REQUEST	injecteur 1	7		request_0	1462970586495	1462970586515	OK	 
REQUEST	injecteur 7	2		request_6	1462970586497	1462970586525	OK	 
REQUEST	injecteur 3	3		request_2	1462970586499	1462970586633	OK	 
REQUEST	injecteur 5	10		request_4	1462970586507	1462970586641	OK	 
REQUEST	injecteur 10	5		request_9	1462970586501	1462970586643	OK	 
REQUEST	injecteur 8	4		request_7	1462970586510	1462970586647	OK	 
REQUEST	injecteur 4	1		request_3	1462970586502	1462970586647	OK	 
REQUEST	injecteur 7	2		request_6	1462970586550	1462970586649	OK	 
REQUEST	injecteur 5	10		request_4	1462970586642	1462970586663	OK	 
REQUEST	injecteur 9	6		request_8	1462970586514	1462970586668	OK	 
REQUEST	injecteur 1	7		request_0	1462970586548	1462970586672	OK	 
REQUEST	injecteur 7	2		request_6	1462970586650	1462970586676	OK	 
REQUEST	injecteur 5	10		request_4	1462970586664	1462970586681	OK	 
REQUEST	injecteur 2	9		request_1	1462970586504	1462970586682	OK	 
REQUEST	injecteur 6	8		request_5	1462970586512	1462970586683	OK	 
REQUEST	injecteur 10	5		request_9	1462970586644	1462970586684	OK	 
REQUEST	injecteur 9	6		request_8	1462970586669	1462970586686	OK	 
REQUEST	injecteur 8	4		request_7	1462970586648	1462970586690	OK	 
REQUEST	injecteur 7	2		request_6	1462970586676	1462970586693	OK	 
REQUEST	injecteur 3	3		request_2	1462970586639	1462970586696	OK	 
REQUEST	injecteur 9	6		request_8	1462970586687	1462970586698	OK	 
REQUEST	injecteur 1	7		request_0	1462970586682	1462970586707	OK	 
REQUEST	injecteur 5	10		request_4	1462970586682	1462970586710	OK	 
REQUEST	injecteur 8	4		request_7	1462970586690	1462970586717	OK	 
REQUEST	injecteur 7	2		request_6	1462970586694	1462970586719	OK	 
REQUEST	injecteur 4	1		request_3	1462970586681	1462970586719	OK	 
REQUEST	injecteur 2	9		request_1	1462970586682	1462970586720	OK	 
REQUEST	injecteur 6	8		request_5	1462970586683	1462970586722	OK	 
REQUEST	injecteur 5	10		request_4	1462970586711	1462970586723	OK	 
REQUEST	injecteur 10	5		request_9	1462970586685	1462970586724	OK	 
REQUEST	injecteur 3	3		request_2	1462970586697	1462970586727	OK	 
REQUEST	injecteur 9	6		request_8	1462970586700	1462970586727	OK	 
REQUEST	injecteur 1	7		request_0	1462970586710	1462970586731	OK	 
REQUEST	injecteur 7	2		request_6	1462970586720	1462970586732	OK	 
REQUEST	injecteur 9	6		request_8	1462970586727	1462970586735	OK	 
REQUEST	injecteur 8	4		request_7	1462970586718	1462970586738	OK	 
REQUEST	injecteur 5	10		request_4	1462970586723	1462970586747	OK	 
REQUEST	injecteur 3	3		request_2	1462970586727	1462970586752	OK	 
REQUEST	injecteur 7	2		request_6	1462970586732	1462970586753	OK	 
REQUEST	injecteur 4	1		request_3	1462970586720	1462970586760	OK	 
REQUEST	injecteur 2	9		request_1	1462970586721	1462970586762	OK	 
REQUEST	injecteur 6	8		request_5	1462970586723	1462970586764	OK	 
REQUEST	injecteur 9	6		request_8	1462970586735	1462970586764	OK	 
REQUEST	injecteur 10	5		request_9	1462970586725	1462970586765	OK	 
REQUEST	injecteur 5	10		request_4	1462970586747	1462970586767	OK	 
REQUEST	injecteur 8	4		request_7	1462970586739	1462970586772	OK	 
REQUEST	injecteur 7	2		request_6	1462970586754	1462970586773	OK	 
REQUEST	injecteur 1	7		request_0	1462970586732	1462970586776	OK	 
REQUEST	injecteur 9	6		request_8	1462970586764	1462970586777	OK	 
REQUEST	injecteur 5	10		request_4	1462970586768	1462970586780	OK	 
REQUEST	injecteur 3	3		request_2	1462970586752	1462970586789	OK	 
REQUEST	injecteur 7	2		request_6	1462970586774	1462970586791	OK	 
REQUEST	injecteur 9	6		request_8	1462970586777	1462970586794	OK	 
REQUEST	injecteur 5	10		request_4	1462970586780	1462970586797	OK	 
REQUEST	injecteur 8	4		request_7	1462970586772	1462970586801	OK	 
REQUEST	injecteur 4	1		request_3	1462970586761	1462970586801	OK	 
REQUEST	injecteur 2	9		request_1	1462970586763	1462970586803	OK	 
REQUEST	injecteur 7	2		request_6	1462970586791	1462970586804	OK	 
REQUEST	injecteur 6	8		request_5	1462970586764	1462970586804	OK	 
REQUEST	injecteur 1	7		request_0	1462970586777	1462970586804	OK	 
REQUEST	injecteur 10	5		request_9	1462970586766	1462970586806	OK	 
REQUEST	injecteur 9	6		request_8	1462970586795	1462970586822	OK	 
REQUEST	injecteur 5	10		request_4	1462970586798	1462970586826	OK	 
REQUEST	injecteur 3	3		request_2	1462970586790	1462970586829	OK	 
REQUEST	injecteur 8	4		request_7	1462970586801	1462970586836	OK	 
REQUEST	injecteur 9	6		request_8	1462970586823	1462970586837	OK	 
REQUEST	injecteur 5	10		request_4	1462970586826	1462970586840	OK	 
REQUEST	injecteur 4	1		request_3	1462970586802	1462970586841	OK	 
REQUEST	injecteur 1	7		request_0	1462970586805	1462970586847	OK	 
REQUEST	injecteur 7	2		request_6	1462970586805	1462970586852	OK	 
REQUEST	injecteur 9	6		request_8	1462970586838	1462970586857	OK	 
REQUEST	injecteur 5	10		request_4	1462970586841	1462970586860	OK	 
REQUEST	injecteur 3	3		request_2	1462970586830	1462970586866	OK	 
REQUEST	injecteur 7	2		request_6	1462970586852	1462970586869	OK	 
REQUEST	injecteur 8	4		request_7	1462970586836	1462970586872	OK	 
REQUEST	injecteur 1	7		request_0	1462970586847	1462970586876	OK	 
REQUEST	injecteur 2	9		request_1	1462970586803	1462970586876	OK	 
REQUEST	injecteur 9	6		request_8	1462970586857	1462970586877	OK	 
REQUEST	injecteur 5	10		request_4	1462970586861	1462970586881	OK	 
REQUEST	injecteur 4	1		request_3	1462970586842	1462970586884	OK	 
REQUEST	injecteur 7	2		request_6	1462970586870	1462970586885	OK	 
REQUEST	injecteur 6	8		request_5	1462970586805	1462970586886	OK	 
REQUEST	injecteur 10	5		request_9	1462970586806	1462970586887	OK	 
REQUEST	injecteur 3	3		request_2	1462970586866	1462970586888	OK	 
REQUEST	injecteur 8	4		request_7	1462970586873	1462970586890	OK	 
REQUEST	injecteur 9	6		request_8	1462970586878	1462970586892	OK	 
REQUEST	injecteur 5	10		request_4	1462970586882	1462970586896	OK	 
REQUEST	injecteur 7	2		request_6	1462970586885	1462970586899	OK	 
REQUEST	injecteur 1	7		request_0	1462970586876	1462970586903	OK	 
REQUEST	injecteur 3	3		request_2	1462970586888	1462970586911	OK	 
REQUEST	injecteur 9	6		request_8	1462970586893	1462970586912	OK	 
REQUEST	injecteur 5	10		request_4	1462970586897	1462970586915	OK	 
REQUEST	injecteur 7	2		request_6	1462970586900	1462970586919	OK	 
REQUEST	injecteur 8	4		request_7	1462970586890	1462970586922	OK	 
REQUEST	injecteur 2	9		request_1	1462970586877	1462970586922	OK	 
REQUEST	injecteur 4	1		request_3	1462970586885	1462970586924	OK	 
REQUEST	injecteur 5	10		request_4	1462970586916	1462970586925	OK	 
REQUEST	injecteur 6	8		request_5	1462970586886	1462970586926	OK	 
REQUEST	injecteur 10	5		request_9	1462970586888	1462970586927	OK	 
REQUEST	injecteur 7	2		request_6	1462970586919	1462970586928	OK	 
REQUEST	injecteur 1	7		request_0	1462970586903	1462970586930	OK	 
REQUEST	injecteur 9	6		request_8	1462970586913	1462970586933	OK	 
REQUEST	injecteur 3	3		request_2	1462970586911	1462970586933	OK	 
REQUEST	injecteur 8	4		request_7	1462970586922	1462970586936	OK	 
REQUEST	injecteur 5	10		request_4	1462970586926	1462970586938	OK	 
REQUEST	injecteur 7	2		request_6	1462970586929	1462970586941	OK	 
REQUEST	injecteur 9	6		request_8	1462970586934	1462970586954	OK	 
REQUEST	injecteur 1	7		request_0	1462970586930	1462970586954	OK	 
REQUEST	injecteur 3	3		request_2	1462970586934	1462970586956	OK	 
REQUEST	injecteur 2	9		request_1	1462970586923	1462970586962	OK	 
REQUEST	injecteur 5	10		request_4	1462970586938	1462970586964	OK	 
REQUEST	injecteur 4	1		request_3	1462970586925	1462970586964	OK	 
REQUEST	injecteur 6	8		request_5	1462970586926	1462970586965	OK	 
REQUEST	injecteur 10	5		request_9	1462970586928	1462970586967	OK	 
REQUEST	injecteur 7	2		request_6	1462970586942	1462970586967	OK	 
REQUEST	injecteur 9	6		request_8	1462970586961	1462970586980	OK	 
REQUEST	injecteur 8	4		request_7	1462970586937	1462970586983	OK	 
REQUEST	injecteur 1	7		request_0	1462970586955	1462970586985	OK	 
REQUEST	injecteur 3	3		request_2	1462970586958	1462970586991	OK	 
REQUEST	injecteur 5	10		request_4	1462970586964	1462970586996	OK	 
REQUEST	injecteur 2	9		request_1	1462970586963	1462970587001	OK	 
REQUEST	injecteur 4	1		request_3	1462970586964	1462970587003	OK	 
REQUEST	injecteur 8	4		request_7	1462970586983	1462970587032	OK	 
REQUEST	injecteur 1	7		request_0	1462970586985	1462970587035	OK	 
REQUEST	injecteur 5	10		request_4	1462970587001	1462970587036	OK	 
REQUEST	injecteur 6	8		request_5	1462970586966	1462970587037	OK	 
REQUEST	injecteur 3	3		request_2	1462970586993	1462970587038	OK	 
REQUEST	injecteur 10	5		request_9	1462970586967	1462970587039	OK	 
REQUEST	injecteur 8	4		request_7	1462970587033	1462970587043	OK	 
REQUEST	injecteur 1	7		request_0	1462970587035	1462970587044	OK	 
REQUEST	injecteur 3	3		request_2	1462970587039	1462970587048	OK	 
REQUEST	injecteur 8	4		request_7	1462970587043	1462970587052	OK	 
REQUEST	injecteur 1	7		request_0	1462970587047	1462970587054	OK	 
REQUEST	injecteur 3	3		request_2	1462970587049	1462970587055	OK	 
REQUEST	injecteur 8	4		request_7	1462970587053	1462970587057	OK	 
REQUEST	injecteur 8	4		request_7	1462970587058	1462970587061	OK	 
REQUEST	injecteur 8	4		request_7	1462970587061	1462970587072	OK	 
REQUEST	injecteur 2	9		request_1	1462970587002	1462970587073	OK	 
REQUEST	injecteur 4	1		request_3	1462970587003	1462970587075	OK	 
REQUEST	injecteur 6	8		request_5	1462970587038	1462970587076	OK	 
REQUEST	injecteur 10	5		request_9	1462970587039	1462970587078	OK	 
REQUEST	injecteur 8	4		request_7	1462970587073	1462970587086	OK	 
REQUEST	injecteur 8	4		request_7	1462970587087	1462970587095	OK	 
REQUEST	injecteur 1	7		request_0	1462970587054	1462970587097	OK	 
REQUEST	injecteur 8	4		request_7	1462970587096	1462970587100	OK	 
REQUEST	injecteur 2	9		request_1	1462970587074	1462970587111	OK	 
REQUEST	injecteur 8	4		request_7	1462970587101	1462970587113	OK	 
REQUEST	injecteur 4	1		request_3	1462970587076	1462970587113	OK	 
REQUEST	injecteur 6	8		request_5	1462970587077	1462970587115	OK	 
REQUEST	injecteur 10	5		request_9	1462970587079	1462970587117	OK	 
REQUEST	injecteur 3	3		request_2	1462970587056	1462970587121	OK	 
REQUEST	injecteur 1	7		request_0	1462970587098	1462970587123	OK	 
REQUEST	injecteur 2	9		request_1	1462970587113	1462970587127	OK	 
REQUEST	injecteur 4	1		request_3	1462970587114	1462970587129	OK	 
REQUEST	injecteur 8	4		request_7	1462970587114	1462970587130	OK	 
REQUEST	injecteur 6	8		request_5	1462970587116	1462970587132	OK	 
REQUEST	injecteur 10	5		request_9	1462970587117	1462970587133	OK	 
REQUEST	injecteur 3	3		request_2	1462970587122	1462970587135	OK	 
REQUEST	injecteur 1	7		request_0	1462970587124	1462970587137	OK	 
REQUEST	injecteur 2	9		request_1	1462970587128	1462970587138	OK	 
REQUEST	injecteur 4	1		request_3	1462970587129	1462970587140	OK	 
REQUEST	injecteur 8	4		request_7	1462970587131	1462970587141	OK	 
REQUEST	injecteur 6	8		request_5	1462970587132	1462970587143	OK	 
REQUEST	injecteur 10	5		request_9	1462970587134	1462970587145	OK	 
REQUEST	injecteur 3	3		request_2	1462970587136	1462970587147	OK	 
REQUEST	injecteur 1	7		request_0	1462970587137	1462970587149	OK	 
REQUEST	injecteur 2	9		request_1	1462970587139	1462970587151	OK	 
REQUEST	injecteur 4	1		request_3	1462970587140	1462970587154	OK	 
REQUEST	injecteur 8	4		request_7	1462970587142	1462970587156	OK	 
REQUEST	injecteur 6	8		request_5	1462970587143	1462970587158	OK	 
REQUEST	injecteur 10	5		request_9	1462970587145	1462970587159	OK	 
REQUEST	injecteur 3	3		request_2	1462970587148	1462970587162	OK	 
REQUEST	injecteur 1	7		request_0	1462970587150	1462970587165	OK	 
REQUEST	injecteur 2	9		request_1	1462970587152	1462970587166	OK	 
REQUEST	injecteur 4	1		request_3	1462970587154	1462970587168	OK	 
REQUEST	injecteur 6	8		request_5	1462970587158	1462970587169	OK	 
REQUEST	injecteur 10	5		request_9	1462970587160	1462970587172	OK	 
REQUEST	injecteur 3	3		request_2	1462970587162	1462970587174	OK	 
REQUEST	injecteur 1	7		request_0	1462970587166	1462970587176	OK	 
REQUEST	injecteur 2	9		request_1	1462970587167	1462970587178	OK	 
REQUEST	injecteur 4	1		request_3	1462970587168	1462970587179	OK	 
REQUEST	injecteur 6	8		request_5	1462970587170	1462970587183	OK	 
REQUEST	injecteur 10	5		request_9	1462970587172	1462970587185	OK	 
REQUEST	injecteur 3	3		request_2	1462970587175	1462970587187	OK	 
REQUEST	injecteur 1	7		request_0	1462970587176	1462970587188	OK	 
REQUEST	injecteur 2	9		request_1	1462970587178	1462970587190	OK	 
REQUEST	injecteur 4	1		request_3	1462970587180	1462970587192	OK	 
REQUEST	injecteur 6	8		request_5	1462970587183	1462970587194	OK	 
REQUEST	injecteur 10	5		request_9	1462970587185	1462970587196	OK	 
REQUEST	injecteur 3	3		request_2	1462970587187	1462970587197	OK	 
REQUEST	injecteur 1	7		request_0	1462970587189	1462970587199	OK	 
REQUEST	injecteur 2	9		request_1	1462970587190	1462970587202	OK	 
REQUEST	injecteur 4	1		request_3	1462970587193	1462970587205	OK	 
REQUEST	injecteur 6	8		request_5	1462970587195	1462970587206	OK	 
REQUEST	injecteur 10	5		request_9	1462970587196	1462970587209	OK	 
REQUEST	injecteur 3	3		request_2	1462970587198	1462970587210	OK	 
REQUEST	injecteur 1	7		request_0	1462970587200	1462970587213	OK	 
REQUEST	injecteur 2	9		request_1	1462970587203	1462970587216	OK	 
REQUEST	injecteur 4	1		request_3	1462970587205	1462970587218	OK	 
REQUEST	injecteur 6	8		request_5	1462970587207	1462970587221	OK	 
REQUEST	injecteur 10	5		request_9	1462970587209	1462970587223	OK	 
REQUEST	injecteur 3	3		request_2	1462970587211	1462970587225	OK	 
REQUEST	injecteur 1	7		request_0	1462970587214	1462970587227	OK	 
REQUEST	injecteur 2	9		request_1	1462970587216	1462970587229	OK	 
REQUEST	injecteur 4	1		request_3	1462970587218	1462970587230	OK	 
REQUEST	injecteur 6	8		request_5	1462970587221	1462970587233	OK	 
REQUEST	injecteur 10	5		request_9	1462970587224	1462970587235	OK	 
REQUEST	injecteur 3	3		request_2	1462970587226	1462970587237	OK	 
REQUEST	injecteur 1	7		request_0	1462970587228	1462970587238	OK	 
REQUEST	injecteur 2	9		request_1	1462970587229	1462970587239	OK	 
