ASSERTION	AAMBAAMDBABk
RUN	Injections		injections	1461840087242	 	2.0
USER	injecteur 4	1	START	1461840088957	1461840088957
USER	injecteur 7	2	START	1461840089009	1461840089009
USER	injecteur 3	3	START	1461840089011	1461840089011
USER	injecteur 8	4	START	1461840089014	1461840089014
USER	injecteur 10	5	START	1461840089016	1461840089016
USER	injecteur 9	6	START	1461840089019	1461840089019
USER	injecteur 1	7	START	1461840089023	1461840089023
USER	injecteur 6	8	START	1461840089026	1461840089026
USER	injecteur 2	9	START	1461840089030	1461840089030
USER	injecteur 5	10	START	1461840089032	1461840089032
REQUEST	injecteur 3	3		request_3	1461840089013	1461840090051	KO	status.find.is(200), but actually found 500
REQUEST	injecteur 8	4		request_8	1461840089015	1461840090053	KO	status.find.is(200), but actually found 500
REQUEST	injecteur 7	2		request_7	1461840089010	1461840090054	KO	status.find.is(200), but actually found 400
REQUEST	injecteur 6	8		request_6	1461840089028	1461840090049	KO	status.find.is(200), but actually found 500
REQUEST	injecteur 10	5		request_10	1461840089017	1461840090050	KO	status.find.is(200), but actually found 500
REQUEST	injecteur 1	7		request_1	1461840089025	1461840090055	KO	status.find.is(200), but actually found 500
REQUEST	injecteur 4	1		request_4	1461840089001	1461840090034	KO	status.find.is(200), but actually found 500
REQUEST	injecteur 9	6		request_9	1461840089021	1461840090051	KO	status.find.is(200), but actually found 500
REQUEST	injecteur 2	9		request_2	1461840089031	1461840090130	KO	status.find.is(200), but actually found 500
REQUEST	injecteur 5	10		request_5	1461840089033	1461840090134	KO	status.find.is(200), but actually found 500
REQUEST	injecteur 7	2		request_7	1461840090111	1461840090157	KO	status.find.is(200), but actually found 400
REQUEST	injecteur 8	4		request_8	1461840090115	1461840090158	KO	status.find.is(200), but actually found 500
REQUEST	injecteur 6	8		request_6	1461840090116	1461840090159	KO	status.find.is(200), but actually found 500
REQUEST	injecteur 10	5		request_10	1461840090119	1461840090160	KO	status.find.is(200), but actually found 500
REQUEST	injecteur 3	3		request_3	1461840090117	1461840090161	KO	status.find.is(200), but actually found 500
REQUEST	injecteur 4	1		request_4	1461840090121	1461840090162	KO	status.find.is(200), but actually found 500
REQUEST	injecteur 9	6		request_9	1461840090123	1461840090165	KO	status.find.is(200), but actually found 500
REQUEST	injecteur 1	7		request_1	1461840090122	1461840090167	KO	status.find.is(200), but actually found 500
REQUEST	injecteur 2	9		request_2	1461840090131	1461840090184	KO	status.find.is(200), but actually found 500
REQUEST	injecteur 5	10		request_5	1461840090137	1461840090185	KO	status.find.is(200), but actually found 500
REQUEST	injecteur 7	2		request_7	1461840090159	1461840090214	KO	status.find.is(200), but actually found 400
REQUEST	injecteur 8	4		request_8	1461840090161	1461840090215	KO	status.find.is(200), but actually found 500
REQUEST	injecteur 6	8		request_6	1461840090163	1461840090216	KO	status.find.is(200), but actually found 500
REQUEST	injecteur 10	5		request_10	1461840090167	1461840090218	KO	status.find.is(200), but actually found 500
REQUEST	injecteur 4	1		request_4	1461840090170	1461840090220	KO	status.find.is(200), but actually found 500
REQUEST	injecteur 3	3		request_3	1461840090168	1461840090220	KO	status.find.is(200), but actually found 500
REQUEST	injecteur 1	7		request_1	1461840090171	1461840090222	KO	status.find.is(200), but actually found 500
REQUEST	injecteur 9	6		request_9	1461840090171	1461840090226	KO	status.find.is(200), but actually found 500
REQUEST	injecteur 2	9		request_2	1461840090187	1461840090246	KO	status.find.is(200), but actually found 500
REQUEST	injecteur 5	10		request_5	1461840090188	1461840090246	KO	status.find.is(200), but actually found 500
REQUEST	injecteur 7	2		request_7	1461840090216	1461840090272	KO	status.find.is(200), but actually found 400
REQUEST	injecteur 8	4		request_8	1461840090220	1461840090273	KO	status.find.is(200), but actually found 500
REQUEST	injecteur 10	5		request_10	1461840090223	1461840090299	KO	status.find.is(200), but actually found 500
REQUEST	injecteur 6	8		request_6	1461840090222	1461840090299	KO	status.find.is(200), but actually found 500
REQUEST	injecteur 4	1		request_4	1461840090225	1461840090300	KO	status.find.is(200), but actually found 500
REQUEST	injecteur 3	3		request_3	1461840090226	1461840090301	KO	status.find.is(200), but actually found 500
REQUEST	injecteur 1	7		request_1	1461840090228	1461840090304	KO	status.find.is(200), but actually found 500
REQUEST	injecteur 9	6		request_9	1461840090228	1461840090305	KO	status.find.is(200), but actually found 500
REQUEST	injecteur 2	9		request_2	1461840090248	1461840090324	KO	status.find.is(200), but actually found 500
REQUEST	injecteur 5	10		request_5	1461840090249	1461840090326	KO	status.find.is(200), but actually found 500
REQUEST	injecteur 8	4		request_8	1461840090274	1461840090348	KO	status.find.is(200), but actually found 500
REQUEST	injecteur 7	2		request_7	1461840090274	1461840090348	KO	status.find.is(200), but actually found 400
REQUEST	injecteur 6	8		request_6	1461840090301	1461840090349	KO	status.find.is(200), but actually found 500
REQUEST	injecteur 4	1		request_4	1461840090301	1461840090350	KO	status.find.is(200), but actually found 500
REQUEST	injecteur 10	5		request_10	1461840090302	1461840090351	KO	status.find.is(200), but actually found 500
REQUEST	injecteur 3	3		request_3	1461840090303	1461840090354	KO	status.find.is(200), but actually found 500
REQUEST	injecteur 9	6		request_9	1461840090308	1461840090355	KO	status.find.is(200), but actually found 500
REQUEST	injecteur 1	7		request_1	1461840090307	1461840090355	KO	status.find.is(200), but actually found 500
REQUEST	injecteur 2	9		request_2	1461840090327	1461840090374	KO	status.find.is(200), but actually found 500
REQUEST	injecteur 5	10		request_5	1461840090330	1461840090375	KO	status.find.is(200), but actually found 500
REQUEST	injecteur 8	4		request_8	1461840090350	1461840090393	KO	status.find.is(200), but actually found 500
REQUEST	injecteur 7	2		request_7	1461840090352	1461840090394	KO	status.find.is(200), but actually found 400
REQUEST	injecteur 6	8		request_6	1461840090354	1461840090394	KO	status.find.is(200), but actually found 500
REQUEST	injecteur 10	5		request_10	1461840090357	1461840090397	KO	status.find.is(200), but actually found 500
REQUEST	injecteur 4	1		request_4	1461840090357	1461840090399	KO	status.find.is(200), but actually found 500
REQUEST	injecteur 3	3		request_3	1461840090360	1461840090400	KO	status.find.is(200), but actually found 500
REQUEST	injecteur 9	6		request_9	1461840090362	1461840090415	KO	status.find.is(200), but actually found 500
REQUEST	injecteur 1	7		request_1	1461840090364	1461840090415	KO	status.find.is(200), but actually found 500
REQUEST	injecteur 2	9		request_2	1461840090377	1461840090416	KO	status.find.is(200), but actually found 500
REQUEST	injecteur 5	10		request_5	1461840090377	1461840090420	KO	status.find.is(200), but actually found 500
REQUEST	injecteur 7	2		request_7	1461840090395	1461840090437	KO	status.find.is(200), but actually found 400
REQUEST	injecteur 8	4		request_8	1461840090396	1461840090439	KO	status.find.is(200), but actually found 500
REQUEST	injecteur 6	8		request_6	1461840090396	1461840090439	KO	status.find.is(200), but actually found 500
REQUEST	injecteur 10	5		request_10	1461840090399	1461840090442	KO	status.find.is(200), but actually found 500
REQUEST	injecteur 4	1		request_4	1461840090401	1461840090443	KO	status.find.is(200), but actually found 500
REQUEST	injecteur 3	3		request_3	1461840090402	1461840090446	KO	status.find.is(200), but actually found 500
REQUEST	injecteur 9	6		request_9	1461840090417	1461840090466	KO	status.find.is(200), but actually found 500
REQUEST	injecteur 1	7		request_1	1461840090417	1461840090466	KO	status.find.is(200), but actually found 500
REQUEST	injecteur 2	9		request_2	1461840090421	1461840090469	KO	status.find.is(200), but actually found 500
REQUEST	injecteur 5	10		request_5	1461840090422	1461840090475	KO	status.find.is(200), but actually found 500
REQUEST	injecteur 7	2		request_7	1461840090441	1461840090488	KO	status.find.is(200), but actually found 400
REQUEST	injecteur 6	8		request_6	1461840090443	1461840090489	KO	status.find.is(200), but actually found 500
REQUEST	injecteur 10	5		request_10	1461840090445	1461840090490	KO	status.find.is(200), but actually found 500
REQUEST	injecteur 3	3		request_3	1461840090447	1461840090493	KO	status.find.is(200), but actually found 500
REQUEST	injecteur 8	4		request_8	1461840090443	1461840090493	KO	status.find.is(200), but actually found 500
REQUEST	injecteur 4	1		request_4	1461840090447	1461840090493	KO	status.find.is(200), but actually found 500
REQUEST	injecteur 9	6		request_9	1461840090467	1461840090510	KO	status.find.is(200), but actually found 500
REQUEST	injecteur 1	7		request_1	1461840090468	1461840090511	KO	status.find.is(200), but actually found 500
REQUEST	injecteur 5	10		request_5	1461840090476	1461840090513	KO	status.find.is(200), but actually found 500
REQUEST	injecteur 2	9		request_2	1461840090471	1461840090516	KO	status.find.is(200), but actually found 500
REQUEST	injecteur 7	2		request_7	1461840090490	1461840090529	KO	status.find.is(200), but actually found 400
REQUEST	injecteur 10	5		request_10	1461840090491	1461840090530	KO	status.find.is(200), but actually found 500
REQUEST	injecteur 6	8		request_6	1461840090491	1461840090531	KO	status.find.is(200), but actually found 500
REQUEST	injecteur 3	3		request_3	1461840090494	1461840090532	KO	status.find.is(200), but actually found 500
REQUEST	injecteur 8	4		request_8	1461840090496	1461840090535	KO	status.find.is(200), but actually found 500
REQUEST	injecteur 4	1		request_4	1461840090496	1461840090537	KO	status.find.is(200), but actually found 500
REQUEST	injecteur 1	7		request_1	1461840090513	1461840090551	KO	status.find.is(200), but actually found 500
REQUEST	injecteur 9	6		request_9	1461840090512	1461840090552	KO	status.find.is(200), but actually found 500
REQUEST	injecteur 2	9		request_2	1461840090517	1461840090555	KO	status.find.is(200), but actually found 500
REQUEST	injecteur 5	10		request_5	1461840090515	1461840090554	KO	status.find.is(200), but actually found 500
REQUEST	injecteur 7	2		request_7	1461840090531	1461840090633	KO	status.find.is(200), but actually found 400
REQUEST	injecteur 6	8		request_6	1461840090533	1461840090634	KO	status.find.is(200), but actually found 500
REQUEST	injecteur 10	5		request_10	1461840090532	1461840090635	KO	status.find.is(200), but actually found 500
REQUEST	injecteur 3	3		request_3	1461840090533	1461840090639	KO	status.find.is(200), but actually found 500
REQUEST	injecteur 8	4		request_8	1461840090537	1461840090641	KO	status.find.is(200), but actually found 500
REQUEST	injecteur 4	1		request_4	1461840090539	1461840090646	KO	status.find.is(200), but actually found 500
REQUEST	injecteur 9	6		request_9	1461840090555	1461840090664	KO	status.find.is(200), but actually found 500
REQUEST	injecteur 1	7		request_1	1461840090554	1461840090664	KO	status.find.is(200), but actually found 500
REQUEST	injecteur 2	9		request_2	1461840090557	1461840090668	KO	status.find.is(200), but actually found 500
REQUEST	injecteur 5	10		request_5	1461840090559	1461840090671	KO	status.find.is(200), but actually found 500
REQUEST	injecteur 7	2		request_7	1461840090635	1461840090689	KO	status.find.is(200), but actually found 400
REQUEST	injecteur 6	8		request_6	1461840090638	1461840090690	KO	status.find.is(200), but actually found 500
REQUEST	injecteur 10	5		request_10	1461840090638	1461840090690	KO	status.find.is(200), but actually found 500
REQUEST	injecteur 8	4		request_8	1461840090643	1461840090694	KO	status.find.is(200), but actually found 500
REQUEST	injecteur 3	3		request_3	1461840090641	1461840090694	KO	status.find.is(200), but actually found 500
REQUEST	injecteur 4	1		request_4	1461840090649	1461840090697	KO	status.find.is(200), but actually found 500
REQUEST	injecteur 9	6		request_9	1461840090666	1461840090715	KO	status.find.is(200), but actually found 500
REQUEST	injecteur 1	7		request_1	1461840090668	1461840090716	KO	status.find.is(200), but actually found 500
REQUEST	injecteur 5	10		request_5	1461840090672	1461840090716	KO	status.find.is(200), but actually found 500
REQUEST	injecteur 2	9		request_2	1461840090677	1461840090718	KO	status.find.is(200), but actually found 500
REQUEST	injecteur 7	2		request_7	1461840090690	1461840090734	KO	status.find.is(200), but actually found 400
REQUEST	injecteur 6	8		request_6	1461840090692	1461840090734	KO	status.find.is(200), but actually found 500
REQUEST	injecteur 3	3		request_3	1461840090696	1461840090741	KO	status.find.is(200), but actually found 500
REQUEST	injecteur 10	5		request_10	1461840090692	1461840090745	KO	status.find.is(200), but actually found 500
REQUEST	injecteur 8	4		request_8	1461840090696	1461840090746	KO	status.find.is(200), but actually found 500
REQUEST	injecteur 4	1		request_4	1461840090708	1461840090759	KO	status.find.is(200), but actually found 500
REQUEST	injecteur 9	6		request_9	1461840090718	1461840090760	KO	status.find.is(200), but actually found 500
REQUEST	injecteur 1	7		request_1	1461840090718	1461840090761	KO	status.find.is(200), but actually found 500
REQUEST	injecteur 5	10		request_5	1461840090719	1461840090766	KO	status.find.is(200), but actually found 500
REQUEST	injecteur 2	9		request_2	1461840090723	1461840090772	KO	status.find.is(200), but actually found 500
REQUEST	injecteur 7	2		request_7	1461840090736	1461840090787	KO	status.find.is(200), but actually found 400
REQUEST	injecteur 6	8		request_6	1461840090738	1461840090788	KO	status.find.is(200), but actually found 500
REQUEST	injecteur 3	3		request_3	1461840090742	1461840090789	KO	status.find.is(200), but actually found 500
REQUEST	injecteur 10	5		request_10	1461840090747	1461840090789	KO	status.find.is(200), but actually found 500
REQUEST	injecteur 8	4		request_8	1461840090751	1461840090796	KO	status.find.is(200), but actually found 500
REQUEST	injecteur 4	1		request_4	1461840090761	1461840090811	KO	status.find.is(200), but actually found 500
REQUEST	injecteur 1	7		request_1	1461840090763	1461840090814	KO	status.find.is(200), but actually found 500
REQUEST	injecteur 9	6		request_9	1461840090762	1461840090814	KO	status.find.is(200), but actually found 500
REQUEST	injecteur 5	10		request_5	1461840090773	1461840090815	KO	status.find.is(200), but actually found 500
REQUEST	injecteur 2	9		request_2	1461840090780	1461840090843	KO	status.find.is(200), but actually found 500
REQUEST	injecteur 7	2		request_7	1461840090789	1461840090843	KO	status.find.is(200), but actually found 400
REQUEST	injecteur 6	8		request_6	1461840090796	1461840090847	KO	status.find.is(200), but actually found 500
REQUEST	injecteur 10	5		request_10	1461840090799	1461840090849	KO	status.find.is(200), but actually found 500
REQUEST	injecteur 3	3		request_3	1461840090798	1461840090851	KO	status.find.is(200), but actually found 500
REQUEST	injecteur 8	4		request_8	1461840090800	1461840090852	KO	status.find.is(200), but actually found 500
REQUEST	injecteur 4	1		request_4	1461840090813	1461840090868	KO	status.find.is(200), but actually found 500
REQUEST	injecteur 1	7		request_1	1461840090817	1461840090868	KO	status.find.is(200), but actually found 500
REQUEST	injecteur 9	6		request_9	1461840090821	1461840090869	KO	status.find.is(200), but actually found 500
REQUEST	injecteur 5	10		request_5	1461840090823	1461840090872	KO	status.find.is(200), but actually found 500
REQUEST	injecteur 2	9		request_2	1461840090845	1461840090885	KO	status.find.is(200), but actually found 500
REQUEST	injecteur 7	2		request_7	1461840090846	1461840090885	KO	status.find.is(200), but actually found 400
REQUEST	injecteur 6	8		request_6	1461840090849	1461840090886	KO	status.find.is(200), but actually found 500
REQUEST	injecteur 10	5		request_10	1461840090851	1461840090889	KO	status.find.is(200), but actually found 500
REQUEST	injecteur 8	4		request_8	1461840090854	1461840090891	KO	status.find.is(200), but actually found 500
REQUEST	injecteur 3	3		request_3	1461840090853	1461840090891	KO	status.find.is(200), but actually found 500
REQUEST	injecteur 4	1		request_4	1461840090870	1461840090904	KO	status.find.is(200), but actually found 500
REQUEST	injecteur 1	7		request_1	1461840090871	1461840090904	KO	status.find.is(200), but actually found 500
REQUEST	injecteur 9	6		request_9	1461840090873	1461840090905	KO	status.find.is(200), but actually found 500
REQUEST	injecteur 5	10		request_5	1461840090874	1461840090906	KO	status.find.is(200), but actually found 500
REQUEST	injecteur 2	9		request_2	1461840090887	1461840090922	KO	status.find.is(200), but actually found 500
REQUEST	injecteur 7	2		request_7	1461840090888	1461840090923	KO	status.find.is(200), but actually found 400
REQUEST	injecteur 6	8		request_6	1461840090890	1461840090923	KO	status.find.is(200), but actually found 500
REQUEST	injecteur 10	5		request_10	1461840090892	1461840090926	KO	status.find.is(200), but actually found 500
REQUEST	injecteur 3	3		request_3	1461840090895	1461840090927	KO	status.find.is(200), but actually found 500
REQUEST	injecteur 8	4		request_8	1461840090892	1461840090928	KO	status.find.is(200), but actually found 500
REQUEST	injecteur 4	1		request_4	1461840090906	1461840090945	KO	status.find.is(200), but actually found 500
REQUEST	injecteur 1	7		request_1	1461840090907	1461840090946	KO	status.find.is(200), but actually found 500
REQUEST	injecteur 9	6		request_9	1461840090908	1461840090947	KO	status.find.is(200), but actually found 500
REQUEST	injecteur 5	10		request_5	1461840090910	1461840090948	KO	status.find.is(200), but actually found 500
REQUEST	injecteur 2	9		request_2	1461840090924	1461840090962	KO	status.find.is(200), but actually found 500
REQUEST	injecteur 7	2		request_7	1461840090925	1461840090963	KO	status.find.is(200), but actually found 400
REQUEST	injecteur 6	8		request_6	1461840090927	1461840090964	KO	status.find.is(200), but actually found 500
REQUEST	injecteur 10	5		request_10	1461840090929	1461840090965	KO	status.find.is(200), but actually found 500
REQUEST	injecteur 3	3		request_3	1461840090929	1461840090967	KO	status.find.is(200), but actually found 500
REQUEST	injecteur 8	4		request_8	1461840090931	1461840090970	KO	status.find.is(200), but actually found 500
REQUEST	injecteur 4	1		request_4	1461840090948	1461840090982	KO	status.find.is(200), but actually found 500
REQUEST	injecteur 1	7		request_1	1461840090948	1461840090983	KO	status.find.is(200), but actually found 500
REQUEST	injecteur 9	6		request_9	1461840090949	1461840090984	KO	status.find.is(200), but actually found 500
REQUEST	injecteur 5	10		request_5	1461840090951	1461840090985	KO	status.find.is(200), but actually found 500
REQUEST	injecteur 7	2		request_7	1461840090965	1461840090998	KO	status.find.is(200), but actually found 400
REQUEST	injecteur 2	9		request_2	1461840090965	1461840090999	KO	status.find.is(200), but actually found 500
REQUEST	injecteur 3	3		request_3	1461840090969	1461840091002	KO	status.find.is(200), but actually found 500
REQUEST	injecteur 6	8		request_6	1461840090967	1461840090999	KO	status.find.is(200), but actually found 500
REQUEST	injecteur 10	5		request_10	1461840090967	1461840091001	KO	status.find.is(200), but actually found 500
REQUEST	injecteur 8	4		request_8	1461840090972	1461840091007	KO	status.find.is(200), but actually found 500
REQUEST	injecteur 1	7		request_1	1461840090985	1461840091025	KO	status.find.is(200), but actually found 500
REQUEST	injecteur 9	6		request_9	1461840090986	1461840091027	KO	status.find.is(200), but actually found 500
REQUEST	injecteur 4	1		request_4	1461840090985	1461840091027	KO	status.find.is(200), but actually found 500
REQUEST	injecteur 5	10		request_5	1461840090989	1461840091031	KO	status.find.is(200), but actually found 500
REQUEST	injecteur 7	2		request_7	1461840091001	1461840091047	KO	status.find.is(200), but actually found 400
REQUEST	injecteur 2	9		request_2	1461840091002	1461840091048	KO	status.find.is(200), but actually found 500
REQUEST	injecteur 6	8		request_6	1461840091004	1461840091048	KO	status.find.is(200), but actually found 500
REQUEST	injecteur 3	3		request_3	1461840091004	1461840091049	KO	status.find.is(200), but actually found 500
REQUEST	injecteur 10	5		request_10	1461840091006	1461840091051	KO	status.find.is(200), but actually found 500
REQUEST	injecteur 8	4		request_8	1461840091016	1461840091066	KO	status.find.is(200), but actually found 500
REQUEST	injecteur 1	7		request_1	1461840091028	1461840091066	KO	status.find.is(200), but actually found 500
REQUEST	injecteur 9	6		request_9	1461840091029	1461840091068	KO	status.find.is(200), but actually found 500
REQUEST	injecteur 4	1		request_4	1461840091036	1461840091069	KO	status.find.is(200), but actually found 500
REQUEST	injecteur 5	10		request_5	1461840091037	1461840091071	KO	status.find.is(200), but actually found 500
REQUEST	injecteur 7	2		request_7	1461840091049	1461840091087	KO	status.find.is(200), but actually found 400
REQUEST	injecteur 2	9		request_2	1461840091049	1461840091087	KO	status.find.is(200), but actually found 500
REQUEST	injecteur 3	3		request_3	1461840091051	1461840091088	KO	status.find.is(200), but actually found 500
REQUEST	injecteur 6	8		request_6	1461840091051	1461840091089	KO	status.find.is(200), but actually found 500
REQUEST	injecteur 10	5		request_10	1461840091053	1461840091093	KO	status.find.is(200), but actually found 500
REQUEST	injecteur 8	4		request_8	1461840091069	1461840091112	KO	status.find.is(200), but actually found 500
REQUEST	injecteur 1	7		request_1	1461840091073	1461840091113	KO	status.find.is(200), but actually found 500
REQUEST	injecteur 9	6		request_9	1461840091075	1461840091117	KO	status.find.is(200), but actually found 500
REQUEST	injecteur 4	1		request_4	1461840091076	1461840091118	KO	status.find.is(200), but actually found 500
REQUEST	injecteur 5	10		request_5	1461840091078	1461840091119	KO	status.find.is(200), but actually found 500
REQUEST	injecteur 7	2		request_7	1461840091089	1461840091135	KO	status.find.is(200), but actually found 400
REQUEST	injecteur 3	3		request_3	1461840091094	1461840091138	KO	status.find.is(200), but actually found 500
REQUEST	injecteur 2	9		request_2	1461840091091	1461840091137	KO	status.find.is(200), but actually found 500
REQUEST	injecteur 10	5		request_10	1461840091105	1461840091139	KO	status.find.is(200), but actually found 500
REQUEST	injecteur 6	8		request_6	1461840091104	1461840091139	KO	status.find.is(200), but actually found 500
REQUEST	injecteur 1	7		request_1	1461840091115	1461840091153	KO	status.find.is(200), but actually found 500
REQUEST	injecteur 8	4		request_8	1461840091115	1461840091152	KO	status.find.is(200), but actually found 500
REQUEST	injecteur 4	1		request_4	1461840091122	1461840091155	KO	status.find.is(200), but actually found 500
REQUEST	injecteur 9	6		request_9	1461840091122	1461840091155	KO	status.find.is(200), but actually found 500
REQUEST	injecteur 5	10		request_5	1461840091124	1461840091158	KO	status.find.is(200), but actually found 500
REQUEST	injecteur 7	2		request_7	1461840091137	1461840091171	KO	status.find.is(200), but actually found 400
REQUEST	injecteur 2	9		request_2	1461840091141	1461840091171	KO	status.find.is(200), but actually found 500
REQUEST	injecteur 3	3		request_3	1461840091140	1461840091172	KO	status.find.is(200), but actually found 500
REQUEST	injecteur 10	5		request_10	1461840091141	1461840091173	KO	status.find.is(200), but actually found 500
REQUEST	injecteur 6	8		request_6	1461840091141	1461840091176	KO	status.find.is(200), but actually found 500
REQUEST	injecteur 1	7		request_1	1461840091155	1461840091187	KO	status.find.is(200), but actually found 500
REQUEST	injecteur 8	4		request_8	1461840091157	1461840091187	KO	status.find.is(200), but actually found 500
REQUEST	injecteur 4	1		request_4	1461840091158	1461840091189	KO	status.find.is(200), but actually found 500
REQUEST	injecteur 9	6		request_9	1461840091160	1461840091190	KO	status.find.is(200), but actually found 500
REQUEST	injecteur 5	10		request_5	1461840091160	1461840091193	KO	status.find.is(200), but actually found 500
REQUEST	injecteur 7	2		request_7	1461840091173	1461840091210	KO	status.find.is(200), but actually found 400
REQUEST	injecteur 2	9		request_2	1461840091173	1461840091210	KO	status.find.is(200), but actually found 500
REQUEST	injecteur 3	3		request_3	1461840091174	1461840091212	KO	status.find.is(200), but actually found 500
REQUEST	injecteur 10	5		request_10	1461840091175	1461840091215	KO	status.find.is(200), but actually found 500
REQUEST	injecteur 6	8		request_6	1461840091177	1461840091215	KO	status.find.is(200), but actually found 500
REQUEST	injecteur 1	7		request_1	1461840091189	1461840091227	KO	status.find.is(200), but actually found 500
REQUEST	injecteur 4	1		request_4	1461840091191	1461840091228	KO	status.find.is(200), but actually found 500
REQUEST	injecteur 8	4		request_8	1461840091191	1461840091229	KO	status.find.is(200), but actually found 500
REQUEST	injecteur 9	6		request_9	1461840091194	1461840091231	KO	status.find.is(200), but actually found 500
REQUEST	injecteur 5	10		request_5	1461840091195	1461840091232	KO	status.find.is(200), but actually found 500
REQUEST	injecteur 7	2		request_7	1461840091212	1461840091244	KO	status.find.is(200), but actually found 400
REQUEST	injecteur 2	9		request_2	1461840091213	1461840091244	KO	status.find.is(200), but actually found 500
REQUEST	injecteur 3	3		request_3	1461840091214	1461840091246	KO	status.find.is(200), but actually found 500
REQUEST	injecteur 10	5		request_10	1461840091216	1461840091246	KO	status.find.is(200), but actually found 500
REQUEST	injecteur 6	8		request_6	1461840091216	1461840091247	KO	status.find.is(200), but actually found 500
REQUEST	injecteur 4	1		request_4	1461840091230	1461840091264	KO	status.find.is(200), but actually found 500
REQUEST	injecteur 1	7		request_1	1461840091230	1461840091264	KO	status.find.is(200), but actually found 500
REQUEST	injecteur 8	4		request_8	1461840091231	1461840091265	KO	status.find.is(200), but actually found 500
REQUEST	injecteur 9	6		request_9	1461840091233	1461840091266	KO	status.find.is(200), but actually found 500
REQUEST	injecteur 5	10		request_5	1461840091234	1461840091267	KO	status.find.is(200), but actually found 500
REQUEST	injecteur 7	2		request_7	1461840091246	1461840091281	KO	status.find.is(200), but actually found 400
REQUEST	injecteur 2	9		request_2	1461840091247	1461840091281	KO	status.find.is(200), but actually found 500
REQUEST	injecteur 3	3		request_3	1461840091248	1461840091282	KO	status.find.is(200), but actually found 500
REQUEST	injecteur 10	5		request_10	1461840091250	1461840091285	KO	status.find.is(200), but actually found 500
REQUEST	injecteur 6	8		request_6	1461840091250	1461840091286	KO	status.find.is(200), but actually found 500
REQUEST	injecteur 4	1		request_4	1461840091266	1461840091304	KO	status.find.is(200), but actually found 500
REQUEST	injecteur 1	7		request_1	1461840091266	1461840091304	KO	status.find.is(200), but actually found 500
REQUEST	injecteur 8	4		request_8	1461840091268	1461840091305	KO	status.find.is(200), but actually found 500
REQUEST	injecteur 5	10		request_5	1461840091270	1461840091308	KO	status.find.is(200), but actually found 500
REQUEST	injecteur 9	6		request_9	1461840091272	1461840091309	KO	status.find.is(200), but actually found 500
REQUEST	injecteur 2	9		request_2	1461840091283	1461840091323	KO	status.find.is(200), but actually found 500
REQUEST	injecteur 7	2		request_7	1461840091284	1461840091324	KO	status.find.is(200), but actually found 400
REQUEST	injecteur 3	3		request_3	1461840091293	1461840091326	KO	status.find.is(200), but actually found 500
REQUEST	injecteur 10	5		request_10	1461840091296	1461840091327	KO	status.find.is(200), but actually found 500
REQUEST	injecteur 6	8		request_6	1461840091296	1461840091327	KO	status.find.is(200), but actually found 500
REQUEST	injecteur 4	1		request_4	1461840091306	1461840091343	KO	status.find.is(200), but actually found 500
REQUEST	injecteur 1	7		request_1	1461840091306	1461840091344	KO	status.find.is(200), but actually found 500
REQUEST	injecteur 8	4		request_8	1461840091307	1461840091345	KO	status.find.is(200), but actually found 500
REQUEST	injecteur 5	10		request_5	1461840091311	1461840091347	KO	status.find.is(200), but actually found 500
REQUEST	injecteur 9	6		request_9	1461840091311	1461840091348	KO	status.find.is(200), but actually found 500
REQUEST	injecteur 2	9		request_2	1461840091327	1461840091363	KO	status.find.is(200), but actually found 500
REQUEST	injecteur 7	2		request_7	1461840091328	1461840091363	KO	status.find.is(200), but actually found 400
REQUEST	injecteur 3	3		request_3	1461840091329	1461840091365	KO	status.find.is(200), but actually found 500
REQUEST	injecteur 10	5		request_10	1461840091330	1461840091367	KO	status.find.is(200), but actually found 500
REQUEST	injecteur 6	8		request_6	1461840091331	1461840091367	KO	status.find.is(200), but actually found 500
REQUEST	injecteur 4	1		request_4	1461840091345	1461840091380	KO	status.find.is(200), but actually found 500
REQUEST	injecteur 1	7		request_1	1461840091345	1461840091380	KO	status.find.is(200), but actually found 500
REQUEST	injecteur 8	4		request_8	1461840091346	1461840091381	KO	status.find.is(200), but actually found 500
REQUEST	injecteur 5	10		request_5	1461840091348	1461840091383	KO	status.find.is(200), but actually found 500
REQUEST	injecteur 9	6		request_9	1461840091349	1461840091384	KO	status.find.is(200), but actually found 500
REQUEST	injecteur 2	9		request_2	1461840091365	1461840091395	KO	status.find.is(200), but actually found 500
REQUEST	injecteur 7	2		request_7	1461840091365	1461840091396	KO	status.find.is(200), but actually found 400
REQUEST	injecteur 3	3		request_3	1461840091367	1461840091396	KO	status.find.is(200), but actually found 500
REQUEST	injecteur 6	8		request_6	1461840091369	1461840091398	KO	status.find.is(200), but actually found 500
REQUEST	injecteur 10	5		request_10	1461840091369	1461840091399	KO	status.find.is(200), but actually found 500
REQUEST	injecteur 4	1		request_4	1461840091381	1461840091412	KO	status.find.is(200), but actually found 500
REQUEST	injecteur 1	7		request_1	1461840091382	1461840091413	KO	status.find.is(200), but actually found 500
REQUEST	injecteur 8	4		request_8	1461840091383	1461840091414	KO	status.find.is(200), but actually found 500
REQUEST	injecteur 5	10		request_5	1461840091385	1461840091416	KO	status.find.is(200), but actually found 500
REQUEST	injecteur 9	6		request_9	1461840091386	1461840091418	KO	status.find.is(200), but actually found 500
REQUEST	injecteur 2	9		request_2	1461840091397	1461840091433	KO	status.find.is(200), but actually found 500
REQUEST	injecteur 3	3		request_3	1461840091399	1461840091434	KO	status.find.is(200), but actually found 500
REQUEST	injecteur 7	2		request_7	1461840091399	1461840091434	KO	status.find.is(200), but actually found 400
REQUEST	injecteur 6	8		request_6	1461840091400	1461840091437	KO	status.find.is(200), but actually found 500
REQUEST	injecteur 10	5		request_10	1461840091401	1461840091438	KO	status.find.is(200), but actually found 500
REQUEST	injecteur 1	7		request_1	1461840091414	1461840091457	KO	status.find.is(200), but actually found 500
REQUEST	injecteur 4	1		request_4	1461840091414	1461840091458	KO	status.find.is(200), but actually found 500
REQUEST	injecteur 8	4		request_8	1461840091415	1461840091460	KO	status.find.is(200), but actually found 500
REQUEST	injecteur 5	10		request_5	1461840091421	1461840091460	KO	status.find.is(200), but actually found 500
REQUEST	injecteur 9	6		request_9	1461840091423	1461840091461	KO	status.find.is(200), but actually found 500
REQUEST	injecteur 2	9		request_2	1461840091435	1461840091477	KO	status.find.is(200), but actually found 500
REQUEST	injecteur 3	3		request_3	1461840091435	1461840091477	KO	status.find.is(200), but actually found 500
REQUEST	injecteur 7	2		request_7	1461840091439	1461840091478	KO	status.find.is(200), but actually found 400
REQUEST	injecteur 6	8		request_6	1461840091441	1461840091479	KO	status.find.is(200), but actually found 500
REQUEST	injecteur 10	5		request_10	1461840091444	1461840091480	KO	status.find.is(200), but actually found 500
REQUEST	injecteur 1	7		request_1	1461840091461	1461840091494	KO	status.find.is(200), but actually found 500
REQUEST	injecteur 4	1		request_4	1461840091463	1461840091494	KO	status.find.is(200), but actually found 500
REQUEST	injecteur 8	4		request_8	1461840091466	1461840091495	KO	status.find.is(200), but actually found 500
REQUEST	injecteur 5	10		request_5	1461840091466	1461840091497	KO	status.find.is(200), but actually found 500
REQUEST	injecteur 9	6		request_9	1461840091467	1461840091499	KO	status.find.is(200), but actually found 500
REQUEST	injecteur 2	9		request_2	1461840091479	1461840091512	KO	status.find.is(200), but actually found 500
REQUEST	injecteur 3	3		request_3	1461840091480	1461840091514	KO	status.find.is(200), but actually found 500
REQUEST	injecteur 7	2		request_7	1461840091481	1461840091515	KO	status.find.is(200), but actually found 400
REQUEST	injecteur 10	5		request_10	1461840091482	1461840091517	KO	status.find.is(200), but actually found 500
REQUEST	injecteur 6	8		request_6	1461840091483	1461840091517	KO	status.find.is(200), but actually found 500
REQUEST	injecteur 1	7		request_1	1461840091496	1461840091529	KO	status.find.is(200), but actually found 500
REQUEST	injecteur 4	1		request_4	1461840091496	1461840091530	KO	status.find.is(200), but actually found 500
REQUEST	injecteur 8	4		request_8	1461840091498	1461840091531	KO	status.find.is(200), but actually found 500
REQUEST	injecteur 5	10		request_5	1461840091500	1461840091532	KO	status.find.is(200), but actually found 500
REQUEST	injecteur 9	6		request_9	1461840091502	1461840091533	KO	status.find.is(200), but actually found 500
REQUEST	injecteur 2	9		request_2	1461840091514	1461840091544	KO	status.find.is(200), but actually found 500
REQUEST	injecteur 3	3		request_3	1461840091515	1461840091544	KO	status.find.is(200), but actually found 500
REQUEST	injecteur 7	2		request_7	1461840091516	1461840091545	KO	status.find.is(200), but actually found 400
REQUEST	injecteur 10	5		request_10	1461840091518	1461840091546	KO	status.find.is(200), but actually found 500
REQUEST	injecteur 6	8		request_6	1461840091518	1461840091549	KO	status.find.is(200), but actually found 500
REQUEST	injecteur 1	7		request_1	1461840091531	1461840091563	KO	status.find.is(200), but actually found 500
REQUEST	injecteur 4	1		request_4	1461840091532	1461840091563	KO	status.find.is(200), but actually found 500
REQUEST	injecteur 8	4		request_8	1461840091533	1461840091566	KO	status.find.is(200), but actually found 500
REQUEST	injecteur 5	10		request_5	1461840091534	1461840091570	KO	status.find.is(200), but actually found 500
REQUEST	injecteur 9	6		request_9	1461840091534	1461840091572	KO	status.find.is(200), but actually found 500
REQUEST	injecteur 2	9		request_2	1461840091546	1461840091593	KO	status.find.is(200), but actually found 500
REQUEST	injecteur 3	3		request_3	1461840091547	1461840091593	KO	status.find.is(200), but actually found 500
REQUEST	injecteur 10	5		request_10	1461840091549	1461840091595	KO	status.find.is(200), but actually found 500
REQUEST	injecteur 7	2		request_7	1461840091549	1461840091597	KO	status.find.is(200), but actually found 400
REQUEST	injecteur 6	8		request_6	1461840091550	1461840091599	KO	status.find.is(200), but actually found 500
REQUEST	injecteur 1	7		request_1	1461840091565	1461840091613	KO	status.find.is(200), but actually found 500
REQUEST	injecteur 4	1		request_4	1461840091567	1461840091614	KO	status.find.is(200), but actually found 500
REQUEST	injecteur 8	4		request_8	1461840091571	1461840091616	KO	status.find.is(200), but actually found 500
REQUEST	injecteur 5	10		request_5	1461840091581	1461840091629	KO	status.find.is(200), but actually found 500
REQUEST	injecteur 9	6		request_9	1461840091584	1461840091630	KO	status.find.is(200), but actually found 500
REQUEST	injecteur 2	9		request_2	1461840091595	1461840091631	KO	status.find.is(200), but actually found 500
REQUEST	injecteur 3	3		request_3	1461840091596	1461840091632	KO	status.find.is(200), but actually found 500
REQUEST	injecteur 10	5		request_10	1461840091596	1461840091633	KO	status.find.is(200), but actually found 500
REQUEST	injecteur 6	8		request_6	1461840091601	1461840091633	KO	status.find.is(200), but actually found 500
REQUEST	injecteur 7	2		request_7	1461840091602	1461840091634	KO	status.find.is(200), but actually found 400
REQUEST	injecteur 1	7		request_1	1461840091614	1461840091648	KO	status.find.is(200), but actually found 500
REQUEST	injecteur 4	1		request_4	1461840091615	1461840091649	KO	status.find.is(200), but actually found 500
REQUEST	injecteur 8	4		request_8	1461840091617	1461840091650	KO	status.find.is(200), but actually found 500
REQUEST	injecteur 5	10		request_5	1461840091631	1461840091663	KO	status.find.is(200), but actually found 500
REQUEST	injecteur 9	6		request_9	1461840091631	1461840091664	KO	status.find.is(200), but actually found 500
REQUEST	injecteur 3	3		request_3	1461840091633	1461840091665	KO	status.find.is(200), but actually found 500
REQUEST	injecteur 2	9		request_2	1461840091632	1461840091665	KO	status.find.is(200), but actually found 500
REQUEST	injecteur 10	5		request_10	1461840091634	1461840091666	KO	status.find.is(200), but actually found 500
REQUEST	injecteur 6	8		request_6	1461840091636	1461840091667	KO	status.find.is(200), but actually found 500
REQUEST	injecteur 7	2		request_7	1461840091639	1461840091668	KO	status.find.is(200), but actually found 400
REQUEST	injecteur 1	7		request_1	1461840091650	1461840091683	KO	status.find.is(200), but actually found 500
REQUEST	injecteur 4	1		request_4	1461840091650	1461840091683	KO	status.find.is(200), but actually found 500
REQUEST	injecteur 8	4		request_8	1461840091651	1461840091684	KO	status.find.is(200), but actually found 500
REQUEST	injecteur 5	10		request_5	1461840091665	1461840091698	KO	status.find.is(200), but actually found 500
REQUEST	injecteur 9	6		request_9	1461840091666	1461840091698	KO	status.find.is(200), but actually found 500
REQUEST	injecteur 3	3		request_3	1461840091667	1461840091699	KO	status.find.is(200), but actually found 500
REQUEST	injecteur 2	9		request_2	1461840091668	1461840091700	KO	status.find.is(200), but actually found 500
REQUEST	injecteur 6	8		request_6	1461840091670	1461840091700	KO	status.find.is(200), but actually found 500
REQUEST	injecteur 10	5		request_10	1461840091670	1461840091701	KO	status.find.is(200), but actually found 500
REQUEST	injecteur 7	2		request_7	1461840091673	1461840091701	KO	status.find.is(200), but actually found 400
REQUEST	injecteur 4	1		request_4	1461840091685	1461840091716	KO	status.find.is(200), but actually found 500
REQUEST	injecteur 1	7		request_1	1461840091685	1461840091716	KO	status.find.is(200), but actually found 500
REQUEST	injecteur 8	4		request_8	1461840091686	1461840091717	KO	status.find.is(200), but actually found 500
REQUEST	injecteur 5	10		request_5	1461840091699	1461840091730	KO	status.find.is(200), but actually found 500
REQUEST	injecteur 9	6		request_9	1461840091700	1461840091731	KO	status.find.is(200), but actually found 500
REQUEST	injecteur 3	3		request_3	1461840091701	1461840091731	KO	status.find.is(200), but actually found 500
REQUEST	injecteur 2	9		request_2	1461840091702	1461840091732	KO	status.find.is(200), but actually found 500
REQUEST	injecteur 6	8		request_6	1461840091703	1461840091734	KO	status.find.is(200), but actually found 500
REQUEST	injecteur 10	5		request_10	1461840091704	1461840091735	KO	status.find.is(200), but actually found 500
REQUEST	injecteur 7	2		request_7	1461840091704	1461840091736	KO	status.find.is(200), but actually found 400
REQUEST	injecteur 1	7		request_1	1461840091717	1461840091750	KO	status.find.is(200), but actually found 500
REQUEST	injecteur 4	1		request_4	1461840091717	1461840091750	KO	status.find.is(200), but actually found 500
REQUEST	injecteur 8	4		request_8	1461840091720	1461840091752	KO	status.find.is(200), but actually found 500
REQUEST	injecteur 5	10		request_5	1461840091732	1461840091766	KO	status.find.is(200), but actually found 500
REQUEST	injecteur 9	6		request_9	1461840091732	1461840091767	KO	status.find.is(200), but actually found 500
REQUEST	injecteur 2	9		request_2	1461840091733	1461840091768	KO	status.find.is(200), but actually found 500
REQUEST	injecteur 3	3		request_3	1461840091733	1461840091768	KO	status.find.is(200), but actually found 500
REQUEST	injecteur 10	5		request_10	1461840091737	1461840091774	KO	status.find.is(200), but actually found 500
REQUEST	injecteur 6	8		request_6	1461840091736	1461840091775	KO	status.find.is(200), but actually found 500
REQUEST	injecteur 7	2		request_7	1461840091738	1461840091777	KO	status.find.is(200), but actually found 400
REQUEST	injecteur 1	7		request_1	1461840091752	1461840091798	KO	status.find.is(200), but actually found 500
REQUEST	injecteur 4	1		request_4	1461840091752	1461840091797	KO	status.find.is(200), but actually found 500
REQUEST	injecteur 8	4		request_8	1461840091756	1461840091800	KO	status.find.is(200), but actually found 500
REQUEST	injecteur 5	10		request_5	1461840091768	1461840091809	KO	status.find.is(200), but actually found 500
REQUEST	injecteur 9	6		request_9	1461840091769	1461840091809	KO	status.find.is(200), but actually found 500
REQUEST	injecteur 3	3		request_3	1461840091781	1461840091827	KO	status.find.is(200), but actually found 500
REQUEST	injecteur 2	9		request_2	1461840091781	1461840091827	KO	status.find.is(200), but actually found 500
REQUEST	injecteur 10	5		request_10	1461840091783	1461840091828	KO	status.find.is(200), but actually found 500
REQUEST	injecteur 7	2		request_7	1461840091789	1461840091832	KO	status.find.is(200), but actually found 400
REQUEST	injecteur 6	8		request_6	1461840091789	1461840091834	KO	status.find.is(200), but actually found 500
REQUEST	injecteur 4	1		request_4	1461840091800	1461840091834	KO	status.find.is(200), but actually found 500
REQUEST	injecteur 1	7		request_1	1461840091800	1461840091835	KO	status.find.is(200), but actually found 500
REQUEST	injecteur 8	4		request_8	1461840091802	1461840091838	KO	status.find.is(200), but actually found 500
REQUEST	injecteur 5	10		request_5	1461840091811	1461840091850	KO	status.find.is(200), but actually found 500
REQUEST	injecteur 9	6		request_9	1461840091812	1461840091851	KO	status.find.is(200), but actually found 500
REQUEST	injecteur 2	9		request_2	1461840091830	1461840091882	KO	status.find.is(200), but actually found 500
REQUEST	injecteur 3	3		request_3	1461840091830	1461840091883	KO	status.find.is(200), but actually found 500
REQUEST	injecteur 10	5		request_10	1461840091832	1461840091885	KO	status.find.is(200), but actually found 500
REQUEST	injecteur 7	2		request_7	1461840091834	1461840091885	KO	status.find.is(200), but actually found 400
REQUEST	injecteur 6	8		request_6	1461840091835	1461840091890	KO	status.find.is(200), but actually found 500
REQUEST	injecteur 4	1		request_4	1461840091836	1461840091891	KO	status.find.is(200), but actually found 500
REQUEST	injecteur 1	7		request_1	1461840091837	1461840091893	KO	status.find.is(200), but actually found 500
REQUEST	injecteur 8	4		request_8	1461840091840	1461840091895	KO	status.find.is(200), but actually found 500
REQUEST	injecteur 5	10		request_5	1461840091852	1461840091906	KO	status.find.is(200), but actually found 500
REQUEST	injecteur 9	6		request_9	1461840091853	1461840091907	KO	status.find.is(200), but actually found 500
REQUEST	injecteur 2	9		request_2	1461840091884	1461840091921	KO	status.find.is(200), but actually found 500
REQUEST	injecteur 3	3		request_3	1461840091886	1461840091922	KO	status.find.is(200), but actually found 500
REQUEST	injecteur 10	5		request_10	1461840091887	1461840091923	KO	status.find.is(200), but actually found 500
REQUEST	injecteur 7	2		request_7	1461840091887	1461840091924	KO	status.find.is(200), but actually found 400
REQUEST	injecteur 6	8		request_6	1461840091891	1461840091925	KO	status.find.is(200), but actually found 500
REQUEST	injecteur 4	1		request_4	1461840091893	1461840091926	KO	status.find.is(200), but actually found 500
REQUEST	injecteur 1	7		request_1	1461840091894	1461840091927	KO	status.find.is(200), but actually found 500
REQUEST	injecteur 8	4		request_8	1461840091896	1461840091928	KO	status.find.is(200), but actually found 500
REQUEST	injecteur 5	10		request_5	1461840091908	1461840091940	KO	status.find.is(200), but actually found 500
REQUEST	injecteur 9	6		request_9	1461840091908	1461840091941	KO	status.find.is(200), but actually found 500
REQUEST	injecteur 2	9		request_2	1461840091922	1461840091953	KO	status.find.is(200), but actually found 500
REQUEST	injecteur 3	3		request_3	1461840091924	1461840091953	KO	status.find.is(200), but actually found 500
REQUEST	injecteur 10	5		request_10	1461840091925	1461840091954	KO	status.find.is(200), but actually found 500
REQUEST	injecteur 7	2		request_7	1461840091926	1461840091955	KO	status.find.is(200), but actually found 400
REQUEST	injecteur 6	8		request_6	1461840091927	1461840091957	KO	status.find.is(200), but actually found 500
REQUEST	injecteur 4	1		request_4	1461840091927	1461840091958	KO	status.find.is(200), but actually found 500
REQUEST	injecteur 8	4		request_8	1461840091929	1461840091959	KO	status.find.is(200), but actually found 500
REQUEST	injecteur 1	7		request_1	1461840091929	1461840091960	KO	status.find.is(200), but actually found 500
REQUEST	injecteur 5	10		request_5	1461840091942	1461840091972	KO	status.find.is(200), but actually found 500
REQUEST	injecteur 9	6		request_9	1461840091942	1461840091972	KO	status.find.is(200), but actually found 500
REQUEST	injecteur 2	9		request_2	1461840091955	1461840091985	KO	status.find.is(200), but actually found 500
REQUEST	injecteur 3	3		request_3	1461840091956	1461840091986	KO	status.find.is(200), but actually found 500
REQUEST	injecteur 10	5		request_10	1461840091957	1461840091987	KO	status.find.is(200), but actually found 500
REQUEST	injecteur 7	2		request_7	1461840091958	1461840091990	KO	status.find.is(200), but actually found 400
REQUEST	injecteur 6	8		request_6	1461840091959	1461840091991	KO	status.find.is(200), but actually found 500
REQUEST	injecteur 4	1		request_4	1461840091960	1461840091993	KO	status.find.is(200), but actually found 500
REQUEST	injecteur 8	4		request_8	1461840091961	1461840091993	KO	status.find.is(200), but actually found 500
REQUEST	injecteur 1	7		request_1	1461840091961	1461840091996	KO	status.find.is(200), but actually found 500
REQUEST	injecteur 5	10		request_5	1461840091974	1461840092014	KO	status.find.is(200), but actually found 500
REQUEST	injecteur 9	6		request_9	1461840091974	1461840092015	KO	status.find.is(200), but actually found 500
REQUEST	injecteur 2	9		request_2	1461840091987	1461840092026	KO	status.find.is(200), but actually found 500
REQUEST	injecteur 3	3		request_3	1461840091988	1461840092026	KO	status.find.is(200), but actually found 500
REQUEST	injecteur 10	5		request_10	1461840091990	1461840092027	KO	status.find.is(200), but actually found 500
REQUEST	injecteur 7	2		request_7	1461840091991	1461840092028	KO	status.find.is(200), but actually found 400
REQUEST	injecteur 6	8		request_6	1461840091995	1461840092030	KO	status.find.is(200), but actually found 500
REQUEST	injecteur 4	1		request_4	1461840091997	1461840092042	KO	status.find.is(200), but actually found 500
REQUEST	injecteur 8	4		request_8	1461840092000	1461840092043	KO	status.find.is(200), but actually found 500
REQUEST	injecteur 1	7		request_1	1461840092002	1461840092044	KO	status.find.is(200), but actually found 500
REQUEST	injecteur 5	10		request_5	1461840092016	1461840092045	KO	status.find.is(200), but actually found 500
REQUEST	injecteur 9	6		request_9	1461840092016	1461840092046	KO	status.find.is(200), but actually found 500
REQUEST	injecteur 2	9		request_2	1461840092027	1461840092058	KO	status.find.is(200), but actually found 500
REQUEST	injecteur 3	3		request_3	1461840092027	1461840092058	KO	status.find.is(200), but actually found 500
REQUEST	injecteur 10	5		request_10	1461840092028	1461840092060	KO	status.find.is(200), but actually found 500
REQUEST	injecteur 7	2		request_7	1461840092029	1461840092063	KO	status.find.is(200), but actually found 400
REQUEST	injecteur 6	8		request_6	1461840092031	1461840092063	KO	status.find.is(200), but actually found 500
REQUEST	injecteur 4	1		request_4	1461840092044	1461840092075	KO	status.find.is(200), but actually found 500
REQUEST	injecteur 8	4		request_8	1461840092045	1461840092076	KO	status.find.is(200), but actually found 500
REQUEST	injecteur 1	7		request_1	1461840092046	1461840092078	KO	status.find.is(200), but actually found 500
REQUEST	injecteur 5	10		request_5	1461840092047	1461840092080	KO	status.find.is(200), but actually found 500
REQUEST	injecteur 9	6		request_9	1461840092048	1461840092081	KO	status.find.is(200), but actually found 500
REQUEST	injecteur 2	9		request_2	1461840092059	1461840092095	KO	status.find.is(200), but actually found 500
REQUEST	injecteur 3	3		request_3	1461840092060	1461840092096	KO	status.find.is(200), but actually found 500
REQUEST	injecteur 10	5		request_10	1461840092062	1461840092097	KO	status.find.is(200), but actually found 500
REQUEST	injecteur 7	2		request_7	1461840092064	1461840092098	KO	status.find.is(200), but actually found 400
REQUEST	injecteur 6	8		request_6	1461840092065	1461840092100	KO	status.find.is(200), but actually found 500
REQUEST	injecteur 4	1		request_4	1461840092078	1461840092113	KO	status.find.is(200), but actually found 500
REQUEST	injecteur 8	4		request_8	1461840092078	1461840092114	KO	status.find.is(200), but actually found 500
REQUEST	injecteur 1	7		request_1	1461840092080	1461840092115	KO	status.find.is(200), but actually found 500
REQUEST	injecteur 5	10		request_5	1461840092085	1461840092116	KO	status.find.is(200), but actually found 500
REQUEST	injecteur 9	6		request_9	1461840092086	1461840092117	KO	status.find.is(200), but actually found 500
REQUEST	injecteur 2	9		request_2	1461840092097	1461840092130	KO	status.find.is(200), but actually found 500
REQUEST	injecteur 3	3		request_3	1461840092098	1461840092131	KO	status.find.is(200), but actually found 500
REQUEST	injecteur 10	5		request_10	1461840092099	1461840092132	KO	status.find.is(200), but actually found 500
REQUEST	injecteur 7	2		request_7	1461840092100	1461840092133	KO	status.find.is(200), but actually found 400
REQUEST	injecteur 6	8		request_6	1461840092101	1461840092134	KO	status.find.is(200), but actually found 500
REQUEST	injecteur 4	1		request_4	1461840092115	1461840092146	KO	status.find.is(200), but actually found 500
REQUEST	injecteur 8	4		request_8	1461840092115	1461840092147	KO	status.find.is(200), but actually found 500
REQUEST	injecteur 1	7		request_1	1461840092116	1461840092148	KO	status.find.is(200), but actually found 500
REQUEST	injecteur 5	10		request_5	1461840092117	1461840092151	KO	status.find.is(200), but actually found 500
REQUEST	injecteur 9	6		request_9	1461840092118	1461840092152	KO	status.find.is(200), but actually found 500
REQUEST	injecteur 2	9		request_2	1461840092132	1461840092164	KO	status.find.is(200), but actually found 500
REQUEST	injecteur 3	3		request_3	1461840092133	1461840092164	KO	status.find.is(200), but actually found 500
REQUEST	injecteur 10	5		request_10	1461840092133	1461840092165	KO	status.find.is(200), but actually found 500
REQUEST	injecteur 7	2		request_7	1461840092135	1461840092166	KO	status.find.is(200), but actually found 400
REQUEST	injecteur 6	8		request_6	1461840092136	1461840092167	KO	status.find.is(200), but actually found 500
REQUEST	injecteur 4	1		request_4	1461840092148	1461840092180	KO	status.find.is(200), but actually found 500
REQUEST	injecteur 8	4		request_8	1461840092149	1461840092181	KO	status.find.is(200), but actually found 500
REQUEST	injecteur 1	7		request_1	1461840092150	1461840092182	KO	status.find.is(200), but actually found 500
REQUEST	injecteur 5	10		request_5	1461840092152	1461840092184	KO	status.find.is(200), but actually found 500
REQUEST	injecteur 9	6		request_9	1461840092153	1461840092184	KO	status.find.is(200), but actually found 500
REQUEST	injecteur 2	9		request_2	1461840092166	1461840092195	KO	status.find.is(200), but actually found 500
REQUEST	injecteur 10	5		request_10	1461840092168	1461840092196	KO	status.find.is(200), but actually found 500
REQUEST	injecteur 3	3		request_3	1461840092168	1461840092197	KO	status.find.is(200), but actually found 500
REQUEST	injecteur 7	2		request_7	1461840092168	1461840092199	KO	status.find.is(200), but actually found 400
REQUEST	injecteur 6	8		request_6	1461840092169	1461840092199	KO	status.find.is(200), but actually found 500
REQUEST	injecteur 4	1		request_4	1461840092182	1461840092210	KO	status.find.is(200), but actually found 500
REQUEST	injecteur 8	4		request_8	1461840092182	1461840092211	KO	status.find.is(200), but actually found 500
REQUEST	injecteur 1	7		request_1	1461840092183	1461840092212	KO	status.find.is(200), but actually found 500
REQUEST	injecteur 5	10		request_5	1461840092185	1461840092215	KO	status.find.is(200), but actually found 500
REQUEST	injecteur 9	6		request_9	1461840092185	1461840092215	KO	status.find.is(200), but actually found 500
REQUEST	injecteur 10	5		request_10	1461840092197	1461840092229	KO	status.find.is(200), but actually found 500
REQUEST	injecteur 2	9		request_2	1461840092197	1461840092230	KO	status.find.is(200), but actually found 500
REQUEST	injecteur 3	3		request_3	1461840092199	1461840092231	KO	status.find.is(200), but actually found 500
REQUEST	injecteur 7	2		request_7	1461840092200	1461840092232	KO	status.find.is(200), but actually found 400
REQUEST	injecteur 6	8		request_6	1461840092200	1461840092233	KO	status.find.is(200), but actually found 500
REQUEST	injecteur 4	1		request_4	1461840092213	1461840092248	KO	status.find.is(200), but actually found 500
REQUEST	injecteur 1	7		request_1	1461840092214	1461840092248	KO	status.find.is(200), but actually found 500
REQUEST	injecteur 8	4		request_8	1461840092214	1461840092249	KO	status.find.is(200), but actually found 500
REQUEST	injecteur 5	10		request_5	1461840092216	1461840092251	KO	status.find.is(200), but actually found 500
REQUEST	injecteur 9	6		request_9	1461840092217	1461840092252	KO	status.find.is(200), but actually found 500
REQUEST	injecteur 10	5		request_10	1461840092231	1461840092263	KO	status.find.is(200), but actually found 500
REQUEST	injecteur 2	9		request_2	1461840092231	1461840092264	KO	status.find.is(200), but actually found 500
REQUEST	injecteur 3	3		request_3	1461840092233	1461840092265	KO	status.find.is(200), but actually found 500
REQUEST	injecteur 6	8		request_6	1461840092235	1461840092266	KO	status.find.is(200), but actually found 500
REQUEST	injecteur 7	2		request_7	1461840092234	1461840092268	KO	status.find.is(200), but actually found 400
REQUEST	injecteur 4	1		request_4	1461840092249	1461840092283	KO	status.find.is(200), but actually found 500
REQUEST	injecteur 8	4		request_8	1461840092251	1461840092284	KO	status.find.is(200), but actually found 500
REQUEST	injecteur 1	7		request_1	1461840092251	1461840092284	KO	status.find.is(200), but actually found 500
REQUEST	injecteur 9	6		request_9	1461840092254	1461840092291	KO	status.find.is(200), but actually found 500
REQUEST	injecteur 5	10		request_5	1461840092252	1461840092288	KO	status.find.is(200), but actually found 500
REQUEST	injecteur 10	5		request_10	1461840092265	1461840092309	KO	status.find.is(200), but actually found 500
REQUEST	injecteur 2	9		request_2	1461840092266	1461840092310	KO	status.find.is(200), but actually found 500
REQUEST	injecteur 3	3		request_3	1461840092267	1461840092311	KO	status.find.is(200), but actually found 500
REQUEST	injecteur 6	8		request_6	1461840092269	1461840092313	KO	status.find.is(200), but actually found 500
REQUEST	injecteur 7	2		request_7	1461840092271	1461840092314	KO	status.find.is(200), but actually found 400
REQUEST	injecteur 4	1		request_4	1461840092285	1461840092351	KO	status.find.is(200), but actually found 500
REQUEST	injecteur 9	6		request_9	1461840092293	1461840092354	KO	status.find.is(200), but actually found 500
REQUEST	injecteur 5	10		request_5	1461840092298	1461840092359	KO	status.find.is(200), but actually found 500
REQUEST	injecteur 1	7		request_1	1461840092290	1461840092374	KO	status.find.is(200), but actually found 500
REQUEST	injecteur 8	4		request_8	1461840092290	1461840092364	KO	status.find.is(200), but actually found 500
REQUEST	injecteur 10	5		request_10	1461840092311	1461840092385	KO	status.find.is(200), but actually found 500
REQUEST	injecteur 6	8		request_6	1461840092316	1461840092387	KO	status.find.is(200), but actually found 500
REQUEST	injecteur 3	3		request_3	1461840092314	1461840092387	KO	status.find.is(200), but actually found 500
REQUEST	injecteur 7	2		request_7	1461840092319	1461840092390	KO	status.find.is(200), but actually found 400
REQUEST	injecteur 2	9		request_2	1461840092312	1461840092391	KO	status.find.is(200), but actually found 500
REQUEST	injecteur 4	1		request_4	1461840092354	1461840092417	KO	status.find.is(200), but actually found 500
REQUEST	injecteur 9	6		request_9	1461840092356	1461840092418	KO	status.find.is(200), but actually found 500
REQUEST	injecteur 5	10		request_5	1461840092360	1461840092419	KO	status.find.is(200), but actually found 500
REQUEST	injecteur 1	7		request_1	1461840092375	1461840092446	KO	status.find.is(200), but actually found 500
REQUEST	injecteur 10	5		request_10	1461840092392	1461840092448	KO	status.find.is(200), but actually found 500
REQUEST	injecteur 8	4		request_8	1461840092378	1461840092450	KO	status.find.is(200), but actually found 500
REQUEST	injecteur 6	8		request_6	1461840092395	1461840092453	KO	status.find.is(200), but actually found 500
REQUEST	injecteur 7	2		request_7	1461840092397	1461840092453	KO	status.find.is(200), but actually found 400
REQUEST	injecteur 2	9		request_2	1461840092399	1461840092454	KO	status.find.is(200), but actually found 500
REQUEST	injecteur 3	3		request_3	1461840092395	1461840092480	KO	status.find.is(200), but actually found 500
REQUEST	injecteur 4	1		request_4	1461840092419	1461840092490	KO	status.find.is(200), but actually found 500
REQUEST	injecteur 9	6		request_9	1461840092420	1461840092492	KO	status.find.is(200), but actually found 500
REQUEST	injecteur 5	10		request_5	1461840092422	1461840092495	KO	status.find.is(200), but actually found 500
REQUEST	injecteur 1	7		request_1	1461840092447	1461840092505	KO	status.find.is(200), but actually found 500
REQUEST	injecteur 10	5		request_10	1461840092450	1461840092509	KO	status.find.is(200), but actually found 500
REQUEST	injecteur 6	8		request_6	1461840092463	1461840092524	KO	status.find.is(200), but actually found 500
REQUEST	injecteur 7	2		request_7	1461840092477	1461840092526	KO	status.find.is(200), but actually found 400
REQUEST	injecteur 8	4		request_8	1461840092476	1461840092526	KO	status.find.is(200), but actually found 500
REQUEST	injecteur 3	3		request_3	1461840092481	1461840092528	KO	status.find.is(200), but actually found 500
REQUEST	injecteur 9	6		request_9	1461840092494	1461840092531	KO	status.find.is(200), but actually found 500
REQUEST	injecteur 2	9		request_2	1461840092479	1461840092541	KO	status.find.is(200), but actually found 500
REQUEST	injecteur 4	1		request_4	1461840092492	1461840092544	KO	status.find.is(200), but actually found 500
REQUEST	injecteur 5	10		request_5	1461840092500	1461840092556	KO	status.find.is(200), but actually found 500
REQUEST	injecteur 1	7		request_1	1461840092507	1461840092557	KO	status.find.is(200), but actually found 500
REQUEST	injecteur 10	5		request_10	1461840092510	1461840092560	KO	status.find.is(200), but actually found 500
REQUEST	injecteur 6	8		request_6	1461840092527	1461840092583	KO	status.find.is(200), but actually found 500
REQUEST	injecteur 3	3		request_3	1461840092532	1461840092583	KO	status.find.is(200), but actually found 500
REQUEST	injecteur 8	4		request_8	1461840092532	1461840092584	KO	status.find.is(200), but actually found 500
REQUEST	injecteur 7	2		request_7	1461840092529	1461840092584	KO	status.find.is(200), but actually found 400
REQUEST	injecteur 9	6		request_9	1461840092538	1461840092602	KO	status.find.is(200), but actually found 500
REQUEST	injecteur 2	9		request_2	1461840092543	1461840092603	KO	status.find.is(200), but actually found 500
REQUEST	injecteur 1	7		request_1	1461840092559	1461840092607	KO	status.find.is(200), but actually found 500
REQUEST	injecteur 5	10		request_5	1461840092558	1461840092608	KO	status.find.is(200), but actually found 500
REQUEST	injecteur 10	5		request_10	1461840092561	1461840092617	KO	status.find.is(200), but actually found 500
REQUEST	injecteur 4	1		request_4	1461840092546	1461840092619	KO	status.find.is(200), but actually found 500
REQUEST	injecteur 6	8		request_6	1461840092585	1461840092634	KO	status.find.is(200), but actually found 500
REQUEST	injecteur 3	3		request_3	1461840092586	1461840092639	KO	status.find.is(200), but actually found 500
REQUEST	injecteur 8	4		request_8	1461840092589	1461840092645	KO	status.find.is(200), but actually found 500
REQUEST	injecteur 7	2		request_7	1461840092592	1461840092649	KO	status.find.is(200), but actually found 400
REQUEST	injecteur 9	6		request_9	1461840092606	1461840092659	KO	status.find.is(200), but actually found 500
REQUEST	injecteur 2	9		request_2	1461840092618	1461840092660	KO	status.find.is(200), but actually found 500
REQUEST	injecteur 1	7		request_1	1461840092618	1461840092661	KO	status.find.is(200), but actually found 500
REQUEST	injecteur 5	10		request_5	1461840092624	1461840092681	KO	status.find.is(200), but actually found 500
REQUEST	injecteur 10	5		request_10	1461840092627	1461840092682	KO	status.find.is(200), but actually found 500
REQUEST	injecteur 4	1		request_4	1461840092629	1461840092683	KO	status.find.is(200), but actually found 500
REQUEST	injecteur 3	3		request_3	1461840092641	1461840092684	KO	status.find.is(200), but actually found 500
REQUEST	injecteur 6	8		request_6	1461840092636	1461840092684	KO	status.find.is(200), but actually found 500
REQUEST	injecteur 8	4		request_8	1461840092647	1461840092685	KO	status.find.is(200), but actually found 500
REQUEST	injecteur 7	2		request_7	1461840092651	1461840092718	KO	status.find.is(200), but actually found 400
REQUEST	injecteur 9	6		request_9	1461840092661	1461840092719	KO	status.find.is(200), but actually found 500
REQUEST	injecteur 1	7		request_1	1461840092663	1461840092720	KO	status.find.is(200), but actually found 500
REQUEST	injecteur 2	9		request_2	1461840092663	1461840092728	KO	status.find.is(200), but actually found 500
REQUEST	injecteur 5	10		request_5	1461840092683	1461840092738	KO	status.find.is(200), but actually found 500
REQUEST	injecteur 10	5		request_10	1461840092700	1461840092755	KO	status.find.is(200), but actually found 500
REQUEST	injecteur 4	1		request_4	1461840092702	1461840092757	KO	status.find.is(200), but actually found 500
REQUEST	injecteur 3	3		request_3	1461840092704	1461840092758	KO	status.find.is(200), but actually found 500
REQUEST	injecteur 6	8		request_6	1461840092704	1461840092759	KO	status.find.is(200), but actually found 500
REQUEST	injecteur 8	4		request_8	1461840092708	1461840092760	KO	status.find.is(200), but actually found 500
REQUEST	injecteur 7	2		request_7	1461840092720	1461840092761	KO	status.find.is(200), but actually found 400
REQUEST	injecteur 9	6		request_9	1461840092723	1461840092763	KO	status.find.is(200), but actually found 500
REQUEST	injecteur 1	7		request_1	1461840092726	1461840092780	KO	status.find.is(200), but actually found 500
REQUEST	injecteur 2	9		request_2	1461840092731	1461840092781	KO	status.find.is(200), but actually found 500
REQUEST	injecteur 5	10		request_5	1461840092740	1461840092784	KO	status.find.is(200), but actually found 500
REQUEST	injecteur 10	5		request_10	1461840092758	1461840092803	KO	status.find.is(200), but actually found 500
REQUEST	injecteur 4	1		request_4	1461840092762	1461840092804	KO	status.find.is(200), but actually found 500
REQUEST	injecteur 8	4		request_8	1461840092765	1461840092811	KO	status.find.is(200), but actually found 500
REQUEST	injecteur 6	8		request_6	1461840092765	1461840092814	KO	status.find.is(200), but actually found 500
REQUEST	injecteur 7	2		request_7	1461840092767	1461840092815	KO	status.find.is(200), but actually found 400
REQUEST	injecteur 9	6		request_9	1461840092769	1461840092815	KO	status.find.is(200), but actually found 500
REQUEST	injecteur 3	3		request_3	1461840092762	1461840092816	KO	status.find.is(200), but actually found 500
REQUEST	injecteur 1	7		request_1	1461840092782	1461840092832	KO	status.find.is(200), but actually found 500
REQUEST	injecteur 2	9		request_2	1461840092782	1461840092833	KO	status.find.is(200), but actually found 500
REQUEST	injecteur 5	10		request_5	1461840092786	1461840092837	KO	status.find.is(200), but actually found 500
REQUEST	injecteur 10	5		request_10	1461840092806	1461840092853	KO	status.find.is(200), but actually found 500
REQUEST	injecteur 4	1		request_4	1461840092809	1461840092854	KO	status.find.is(200), but actually found 500
REQUEST	injecteur 8	4		request_8	1461840092812	1461840092857	KO	status.find.is(200), but actually found 500
REQUEST	injecteur 6	8		request_6	1461840092816	1461840092859	KO	status.find.is(200), but actually found 500
REQUEST	injecteur 7	2		request_7	1461840092818	1461840092859	KO	status.find.is(200), but actually found 400
REQUEST	injecteur 9	6		request_9	1461840092819	1461840092884	KO	status.find.is(200), but actually found 500
REQUEST	injecteur 3	3		request_3	1461840092823	1461840092887	KO	status.find.is(200), but actually found 500
REQUEST	injecteur 2	9		request_2	1461840092835	1461840092887	KO	status.find.is(200), but actually found 500
REQUEST	injecteur 1	7		request_1	1461840092834	1461840092888	KO	status.find.is(200), but actually found 500
REQUEST	injecteur 5	10		request_5	1461840092844	1461840092894	KO	status.find.is(200), but actually found 500
REQUEST	injecteur 10	5		request_10	1461840092856	1461840092907	KO	status.find.is(200), but actually found 500
REQUEST	injecteur 4	1		request_4	1461840092868	1461840092908	KO	status.find.is(200), but actually found 500
REQUEST	injecteur 8	4		request_8	1461840092869	1461840092933	KO	status.find.is(200), but actually found 500
REQUEST	injecteur 6	8		request_6	1461840092873	1461840092934	KO	status.find.is(200), but actually found 500
REQUEST	injecteur 3	3		request_3	1461840092889	1461840092937	KO	status.find.is(200), but actually found 500
REQUEST	injecteur 7	2		request_7	1461840092876	1461840092937	KO	status.find.is(200), but actually found 400
REQUEST	injecteur 9	6		request_9	1461840092886	1461840092937	KO	status.find.is(200), but actually found 500
REQUEST	injecteur 1	7		request_1	1461840092892	1461840092941	KO	status.find.is(200), but actually found 500
REQUEST	injecteur 5	10		request_5	1461840092895	1461840092946	KO	status.find.is(200), but actually found 500
REQUEST	injecteur 2	9		request_2	1461840092891	1461840092950	KO	status.find.is(200), but actually found 500
REQUEST	injecteur 10	5		request_10	1461840092909	1461840092964	KO	status.find.is(200), but actually found 500
REQUEST	injecteur 4	1		request_4	1461840092910	1461840092965	KO	status.find.is(200), but actually found 500
REQUEST	injecteur 8	4		request_8	1461840092934	1461840092984	KO	status.find.is(200), but actually found 500
REQUEST	injecteur 6	8		request_6	1461840092936	1461840092985	KO	status.find.is(200), but actually found 500
REQUEST	injecteur 7	2		request_7	1461840092944	1461840092987	KO	status.find.is(200), but actually found 400
REQUEST	injecteur 9	6		request_9	1461840092947	1461840092988	KO	status.find.is(200), but actually found 500
REQUEST	injecteur 3	3		request_3	1461840092938	1461840092992	KO	status.find.is(200), but actually found 500
REQUEST	injecteur 1	7		request_1	1461840092948	1461840092993	KO	status.find.is(200), but actually found 500
REQUEST	injecteur 5	10		request_5	1461840092949	1461840093010	KO	status.find.is(200), but actually found 500
REQUEST	injecteur 2	9		request_2	1461840092953	1461840093012	KO	status.find.is(200), but actually found 500
REQUEST	injecteur 10	5		request_10	1461840092966	1461840093015	KO	status.find.is(200), but actually found 500
REQUEST	injecteur 4	1		request_4	1461840092968	1461840093018	KO	status.find.is(200), but actually found 500
REQUEST	injecteur 8	4		request_8	1461840092985	1461840093035	KO	status.find.is(200), but actually found 500
REQUEST	injecteur 6	8		request_6	1461840092990	1461840093036	KO	status.find.is(200), but actually found 500
REQUEST	injecteur 3	3		request_3	1461840092997	1461840093047	KO	status.find.is(200), but actually found 500
REQUEST	injecteur 7	2		request_7	1461840092994	1461840093050	KO	status.find.is(200), but actually found 400
REQUEST	injecteur 9	6		request_9	1461840092996	1461840093051	KO	status.find.is(200), but actually found 500
REQUEST	injecteur 2	9		request_2	1461840093014	1461840093072	KO	status.find.is(200), but actually found 500
REQUEST	injecteur 10	5		request_10	1461840093017	1461840093074	KO	status.find.is(200), but actually found 500
REQUEST	injecteur 5	10		request_5	1461840093012	1461840093075	KO	status.find.is(200), but actually found 500
REQUEST	injecteur 4	1		request_4	1461840093020	1461840093085	KO	status.find.is(200), but actually found 500
REQUEST	injecteur 1	7		request_1	1461840092999	1461840093086	KO	status.find.is(200), but actually found 500
REQUEST	injecteur 8	4		request_8	1461840093044	1461840093104	KO	status.find.is(200), but actually found 500
REQUEST	injecteur 6	8		request_6	1461840093055	1461840093112	KO	status.find.is(200), but actually found 500
REQUEST	injecteur 3	3		request_3	1461840093063	1461840093113	KO	status.find.is(200), but actually found 500
REQUEST	injecteur 7	2		request_7	1461840093073	1461840093115	KO	status.find.is(200), but actually found 400
REQUEST	injecteur 9	6		request_9	1461840093081	1461840093138	KO	status.find.is(200), but actually found 500
REQUEST	injecteur 2	9		request_2	1461840093084	1461840093138	KO	status.find.is(200), but actually found 500
REQUEST	injecteur 10	5		request_10	1461840093087	1461840093139	KO	status.find.is(200), but actually found 500
REQUEST	injecteur 5	10		request_5	1461840093091	1461840093140	KO	status.find.is(200), but actually found 500
REQUEST	injecteur 1	7		request_1	1461840093096	1461840093142	KO	status.find.is(200), but actually found 500
REQUEST	injecteur 8	4		request_8	1461840093106	1461840093143	KO	status.find.is(200), but actually found 500
REQUEST	injecteur 4	1		request_4	1461840093093	1461840093143	KO	status.find.is(200), but actually found 500
REQUEST	injecteur 6	8		request_6	1461840093113	1461840093159	KO	status.find.is(200), but actually found 500
REQUEST	injecteur 3	3		request_3	1461840093114	1461840093160	KO	status.find.is(200), but actually found 500
REQUEST	injecteur 7	2		request_7	1461840093116	1461840093163	KO	status.find.is(200), but actually found 400
REQUEST	injecteur 9	6		request_9	1461840093141	1461840093175	KO	status.find.is(200), but actually found 500
REQUEST	injecteur 2	9		request_2	1461840093142	1461840093176	KO	status.find.is(200), but actually found 500
REQUEST	injecteur 10	5		request_10	1461840093144	1461840093176	KO	status.find.is(200), but actually found 500
REQUEST	injecteur 5	10		request_5	1461840093145	1461840093177	KO	status.find.is(200), but actually found 500
REQUEST	injecteur 1	7		request_1	1461840093146	1461840093178	KO	status.find.is(200), but actually found 500
REQUEST	injecteur 8	4		request_8	1461840093146	1461840093179	KO	status.find.is(200), but actually found 500
REQUEST	injecteur 4	1		request_4	1461840093148	1461840093180	KO	status.find.is(200), but actually found 500
REQUEST	injecteur 6	8		request_6	1461840093161	1461840093194	KO	status.find.is(200), but actually found 500
REQUEST	injecteur 3	3		request_3	1461840093161	1461840093194	KO	status.find.is(200), but actually found 500
REQUEST	injecteur 7	2		request_7	1461840093164	1461840093195	KO	status.find.is(200), but actually found 400
REQUEST	injecteur 9	6		request_9	1461840093177	1461840093207	KO	status.find.is(200), but actually found 500
REQUEST	injecteur 2	9		request_2	1461840093177	1461840093208	KO	status.find.is(200), but actually found 500
REQUEST	injecteur 10	5		request_10	1461840093179	1461840093209	KO	status.find.is(200), but actually found 500
REQUEST	injecteur 1	7		request_1	1461840093181	1461840093211	KO	status.find.is(200), but actually found 500
REQUEST	injecteur 5	10		request_5	1461840093180	1461840093211	KO	status.find.is(200), but actually found 500
REQUEST	injecteur 8	4		request_8	1461840093181	1461840093212	KO	status.find.is(200), but actually found 500
REQUEST	injecteur 4	1		request_4	1461840093182	1461840093214	KO	status.find.is(200), but actually found 500
REQUEST	injecteur 3	3		request_3	1461840093196	1461840093226	KO	status.find.is(200), but actually found 500
REQUEST	injecteur 6	8		request_6	1461840093195	1461840093227	KO	status.find.is(200), but actually found 500
REQUEST	injecteur 7	2		request_7	1461840093198	1461840093228	KO	status.find.is(200), but actually found 400
REQUEST	injecteur 9	6		request_9	1461840093209	1461840093240	KO	status.find.is(200), but actually found 500
REQUEST	injecteur 2	9		request_2	1461840093209	1461840093241	KO	status.find.is(200), but actually found 500
REQUEST	injecteur 10	5		request_10	1461840093211	1461840093242	KO	status.find.is(200), but actually found 500
REQUEST	injecteur 1	7		request_1	1461840093212	1461840093244	KO	status.find.is(200), but actually found 500
REQUEST	injecteur 8	4		request_8	1461840093214	1461840093244	KO	status.find.is(200), but actually found 500
REQUEST	injecteur 5	10		request_5	1461840093213	1461840093244	KO	status.find.is(200), but actually found 500
REQUEST	injecteur 4	1		request_4	1461840093215	1461840093248	KO	status.find.is(200), but actually found 500
REQUEST	injecteur 3	3		request_3	1461840093227	1461840093262	KO	status.find.is(200), but actually found 500
REQUEST	injecteur 6	8		request_6	1461840093228	1461840093263	KO	status.find.is(200), but actually found 500
REQUEST	injecteur 7	2		request_7	1461840093229	1461840093264	KO	status.find.is(200), but actually found 400
REQUEST	injecteur 2	9		request_2	1461840093242	1461840093280	KO	status.find.is(200), but actually found 500
REQUEST	injecteur 9	6		request_9	1461840093242	1461840093280	KO	status.find.is(200), but actually found 500
REQUEST	injecteur 10	5		request_10	1461840093244	1461840093281	KO	status.find.is(200), but actually found 500
REQUEST	injecteur 8	4		request_8	1461840093246	1461840093282	KO	status.find.is(200), but actually found 500
REQUEST	injecteur 1	7		request_1	1461840093246	1461840093284	KO	status.find.is(200), but actually found 500
REQUEST	injecteur 5	10		request_5	1461840093247	1461840093285	KO	status.find.is(200), but actually found 500
REQUEST	injecteur 4	1		request_4	1461840093249	1461840093286	KO	status.find.is(200), but actually found 500
REQUEST	injecteur 3	3		request_3	1461840093264	1461840093302	KO	status.find.is(200), but actually found 500
REQUEST	injecteur 6	8		request_6	1461840093265	1461840093310	KO	status.find.is(200), but actually found 500
REQUEST	injecteur 7	2		request_7	1461840093267	1461840093311	KO	status.find.is(200), but actually found 400
REQUEST	injecteur 2	9		request_2	1461840093281	1461840093322	KO	status.find.is(200), but actually found 500
REQUEST	injecteur 10	5		request_10	1461840093282	1461840093323	KO	status.find.is(200), but actually found 500
REQUEST	injecteur 9	6		request_9	1461840093281	1461840093325	KO	status.find.is(200), but actually found 500
REQUEST	injecteur 8	4		request_8	1461840093284	1461840093327	KO	status.find.is(200), but actually found 500
REQUEST	injecteur 1	7		request_1	1461840093285	1461840093327	KO	status.find.is(200), but actually found 500
REQUEST	injecteur 4	1		request_4	1461840093287	1461840093328	KO	status.find.is(200), but actually found 500
REQUEST	injecteur 5	10		request_5	1461840093287	1461840093329	KO	status.find.is(200), but actually found 500
REQUEST	injecteur 3	3		request_3	1461840093304	1461840093338	KO	status.find.is(200), but actually found 500
REQUEST	injecteur 6	8		request_6	1461840093315	1461840093339	KO	status.find.is(200), but actually found 500
REQUEST	injecteur 7	2		request_7	1461840093317	1461840093351	KO	status.find.is(200), but actually found 400
REQUEST	injecteur 2	9		request_2	1461840093324	1461840093351	KO	status.find.is(200), but actually found 500
REQUEST	injecteur 10	5		request_10	1461840093325	1461840093352	KO	status.find.is(200), but actually found 500
REQUEST	injecteur 9	6		request_9	1461840093326	1461840093353	KO	status.find.is(200), but actually found 500
REQUEST	injecteur 1	7		request_1	1461840093328	1461840093354	KO	status.find.is(200), but actually found 500
REQUEST	injecteur 8	4		request_8	1461840093328	1461840093354	KO	status.find.is(200), but actually found 500
REQUEST	injecteur 5	10		request_5	1461840093330	1461840093355	KO	status.find.is(200), but actually found 500
REQUEST	injecteur 4	1		request_4	1461840093329	1461840093355	KO	status.find.is(200), but actually found 500
REQUEST	injecteur 3	3		request_3	1461840093340	1461840093370	KO	status.find.is(200), but actually found 500
REQUEST	injecteur 6	8		request_6	1461840093341	1461840093371	KO	status.find.is(200), but actually found 500
REQUEST	injecteur 7	2		request_7	1461840093352	1461840093385	KO	status.find.is(200), but actually found 400
REQUEST	injecteur 1	7		request_1	1461840093357	1461840093391	KO	status.find.is(200), but actually found 500
REQUEST	injecteur 2	9		request_2	1461840093353	1461840093386	KO	status.find.is(200), but actually found 500
REQUEST	injecteur 8	4		request_8	1461840093357	1461840093391	KO	status.find.is(200), but actually found 500
REQUEST	injecteur 10	5		request_10	1461840093354	1461840093392	KO	status.find.is(200), but actually found 500
REQUEST	injecteur 9	6		request_9	1461840093355	1461840093392	KO	status.find.is(200), but actually found 500
REQUEST	injecteur 5	10		request_5	1461840093358	1461840093394	KO	status.find.is(200), but actually found 500
REQUEST	injecteur 4	1		request_4	1461840093359	1461840093394	KO	status.find.is(200), but actually found 500
REQUEST	injecteur 3	3		request_3	1461840093372	1461840093408	KO	status.find.is(200), but actually found 500
REQUEST	injecteur 6	8		request_6	1461840093374	1461840093408	KO	status.find.is(200), but actually found 500
REQUEST	injecteur 7	2		request_7	1461840093392	1461840093419	KO	status.find.is(200), but actually found 400
REQUEST	injecteur 1	7		request_1	1461840093393	1461840093420	KO	status.find.is(200), but actually found 500
REQUEST	injecteur 2	9		request_2	1461840093393	1461840093420	KO	status.find.is(200), but actually found 500
REQUEST	injecteur 8	4		request_8	1461840093395	1461840093421	KO	status.find.is(200), but actually found 500
REQUEST	injecteur 10	5		request_10	1461840093395	1461840093424	KO	status.find.is(200), but actually found 500
REQUEST	injecteur 5	10		request_5	1461840093397	1461840093424	KO	status.find.is(200), but actually found 500
REQUEST	injecteur 9	6		request_9	1461840093397	1461840093425	KO	status.find.is(200), but actually found 500
REQUEST	injecteur 4	1		request_4	1461840093399	1461840093439	KO	status.find.is(200), but actually found 500
REQUEST	injecteur 3	3		request_3	1461840093409	1461840093440	KO	status.find.is(200), but actually found 500
REQUEST	injecteur 6	8		request_6	1461840093409	1461840093441	KO	status.find.is(200), but actually found 500
REQUEST	injecteur 7	2		request_7	1461840093420	1461840093452	KO	status.find.is(200), but actually found 400
REQUEST	injecteur 2	9		request_2	1461840093422	1461840093453	KO	status.find.is(200), but actually found 500
REQUEST	injecteur 1	7		request_1	1461840093423	1461840093453	KO	status.find.is(200), but actually found 500
REQUEST	injecteur 8	4		request_8	1461840093423	1461840093454	KO	status.find.is(200), but actually found 500
REQUEST	injecteur 10	5		request_10	1461840093425	1461840093455	KO	status.find.is(200), but actually found 500
REQUEST	injecteur 5	10		request_5	1461840093426	1461840093456	KO	status.find.is(200), but actually found 500
REQUEST	injecteur 9	6		request_9	1461840093426	1461840093457	KO	status.find.is(200), but actually found 500
REQUEST	injecteur 4	1		request_4	1461840093441	1461840093468	KO	status.find.is(200), but actually found 500
REQUEST	injecteur 3	3		request_3	1461840093442	1461840093469	KO	status.find.is(200), but actually found 500
REQUEST	injecteur 6	8		request_6	1461840093443	1461840093470	KO	status.find.is(200), but actually found 500
REQUEST	injecteur 7	2		request_7	1461840093453	1461840093482	KO	status.find.is(200), but actually found 400
REQUEST	injecteur 2	9		request_2	1461840093454	1461840093482	KO	status.find.is(200), but actually found 500
REQUEST	injecteur 1	7		request_1	1461840093455	1461840093483	KO	status.find.is(200), but actually found 500
REQUEST	injecteur 8	4		request_8	1461840093456	1461840093484	KO	status.find.is(200), but actually found 500
REQUEST	injecteur 10	5		request_10	1461840093457	1461840093485	KO	status.find.is(200), but actually found 500
REQUEST	injecteur 5	10		request_5	1461840093458	1461840093485	KO	status.find.is(200), but actually found 500
REQUEST	injecteur 9	6		request_9	1461840093458	1461840093486	KO	status.find.is(200), but actually found 500
REQUEST	injecteur 4	1		request_4	1461840093470	1461840093500	KO	status.find.is(200), but actually found 500
REQUEST	injecteur 3	3		request_3	1461840093470	1461840093501	KO	status.find.is(200), but actually found 500
REQUEST	injecteur 6	8		request_6	1461840093472	1461840093503	KO	status.find.is(200), but actually found 500
REQUEST	injecteur 7	2		request_7	1461840093483	1461840093515	KO	status.find.is(200), but actually found 400
REQUEST	injecteur 2	9		request_2	1461840093483	1461840093516	KO	status.find.is(200), but actually found 500
REQUEST	injecteur 1	7		request_1	1461840093485	1461840093516	KO	status.find.is(200), but actually found 500
REQUEST	injecteur 8	4		request_8	1461840093485	1461840093517	KO	status.find.is(200), but actually found 500
REQUEST	injecteur 10	5		request_10	1461840093486	1461840093518	KO	status.find.is(200), but actually found 500
REQUEST	injecteur 5	10		request_5	1461840093487	1461840093519	KO	status.find.is(200), but actually found 500
REQUEST	injecteur 9	6		request_9	1461840093488	1461840093520	KO	status.find.is(200), but actually found 500
REQUEST	injecteur 4	1		request_4	1461840093502	1461840093534	KO	status.find.is(200), but actually found 500
REQUEST	injecteur 3	3		request_3	1461840093504	1461840093535	KO	status.find.is(200), but actually found 500
REQUEST	injecteur 6	8		request_6	1461840093504	1461840093536	KO	status.find.is(200), but actually found 500
REQUEST	injecteur 7	2		request_7	1461840093516	1461840093554	KO	status.find.is(200), but actually found 400
REQUEST	injecteur 2	9		request_2	1461840093517	1461840093554	KO	status.find.is(200), but actually found 500
REQUEST	injecteur 1	7		request_1	1461840093518	1461840093555	KO	status.find.is(200), but actually found 500
REQUEST	injecteur 8	4		request_8	1461840093518	1461840093557	KO	status.find.is(200), but actually found 500
REQUEST	injecteur 10	5		request_10	1461840093520	1461840093558	KO	status.find.is(200), but actually found 500
REQUEST	injecteur 9	6		request_9	1461840093523	1461840093561	KO	status.find.is(200), but actually found 500
REQUEST	injecteur 5	10		request_5	1461840093521	1461840093561	KO	status.find.is(200), but actually found 500
REQUEST	injecteur 4	1		request_4	1461840093536	1461840093577	KO	status.find.is(200), but actually found 500
REQUEST	injecteur 6	8		request_6	1461840093537	1461840093578	KO	status.find.is(200), but actually found 500
REQUEST	injecteur 3	3		request_3	1461840093537	1461840093580	KO	status.find.is(200), but actually found 500
REQUEST	injecteur 7	2		request_7	1461840093555	1461840093606	KO	status.find.is(200), but actually found 400
REQUEST	injecteur 2	9		request_2	1461840093556	1461840093607	KO	status.find.is(200), but actually found 500
REQUEST	injecteur 10	5		request_10	1461840093564	1461840093611	KO	status.find.is(200), but actually found 500
REQUEST	injecteur 1	7		request_1	1461840093559	1461840093611	KO	status.find.is(200), but actually found 500
REQUEST	injecteur 9	6		request_9	1461840093564	1461840093611	KO	status.find.is(200), but actually found 500
REQUEST	injecteur 5	10		request_5	1461840093565	1461840093612	KO	status.find.is(200), but actually found 500
REQUEST	injecteur 8	4		request_8	1461840093562	1461840093613	KO	status.find.is(200), but actually found 500
REQUEST	injecteur 4	1		request_4	1461840093581	1461840093629	KO	status.find.is(200), but actually found 500
REQUEST	injecteur 6	8		request_6	1461840093582	1461840093630	KO	status.find.is(200), but actually found 500
REQUEST	injecteur 3	3		request_3	1461840093595	1461840093631	KO	status.find.is(200), but actually found 500
REQUEST	injecteur 7	2		request_7	1461840093608	1461840093644	KO	status.find.is(200), but actually found 400
REQUEST	injecteur 2	9		request_2	1461840093609	1461840093645	KO	status.find.is(200), but actually found 500
REQUEST	injecteur 10	5		request_10	1461840093612	1461840093646	KO	status.find.is(200), but actually found 500
REQUEST	injecteur 1	7		request_1	1461840093612	1461840093647	KO	status.find.is(200), but actually found 500
REQUEST	injecteur 9	6		request_9	1461840093614	1461840093648	KO	status.find.is(200), but actually found 500
REQUEST	injecteur 8	4		request_8	1461840093616	1461840093648	KO	status.find.is(200), but actually found 500
REQUEST	injecteur 5	10		request_5	1461840093615	1461840093649	KO	status.find.is(200), but actually found 500
REQUEST	injecteur 4	1		request_4	1461840093631	1461840093660	KO	status.find.is(200), but actually found 500
REQUEST	injecteur 6	8		request_6	1461840093632	1461840093661	KO	status.find.is(200), but actually found 500
REQUEST	injecteur 3	3		request_3	1461840093634	1461840093662	KO	status.find.is(200), but actually found 500
REQUEST	injecteur 7	2		request_7	1461840093645	1461840093674	KO	status.find.is(200), but actually found 400
REQUEST	injecteur 2	9		request_2	1461840093646	1461840093675	KO	status.find.is(200), but actually found 500
REQUEST	injecteur 10	5		request_10	1461840093648	1461840093675	KO	status.find.is(200), but actually found 500
REQUEST	injecteur 1	7		request_1	1461840093649	1461840093676	KO	status.find.is(200), but actually found 500
REQUEST	injecteur 8	4		request_8	1461840093649	1461840093677	KO	status.find.is(200), but actually found 500
REQUEST	injecteur 9	6		request_9	1461840093649	1461840093678	KO	status.find.is(200), but actually found 500
REQUEST	injecteur 5	10		request_5	1461840093650	1461840093678	KO	status.find.is(200), but actually found 500
REQUEST	injecteur 4	1		request_4	1461840093661	1461840093691	KO	status.find.is(200), but actually found 500
REQUEST	injecteur 6	8		request_6	1461840093663	1461840093692	KO	status.find.is(200), but actually found 500
REQUEST	injecteur 3	3		request_3	1461840093664	1461840093693	KO	status.find.is(200), but actually found 500
REQUEST	injecteur 7	2		request_7	1461840093675	1461840093704	KO	status.find.is(200), but actually found 400
REQUEST	injecteur 2	9		request_2	1461840093676	1461840093705	KO	status.find.is(200), but actually found 500
REQUEST	injecteur 10	5		request_10	1461840093677	1461840093706	KO	status.find.is(200), but actually found 500
REQUEST	injecteur 1	7		request_1	1461840093677	1461840093707	KO	status.find.is(200), but actually found 500
REQUEST	injecteur 8	4		request_8	1461840093679	1461840093707	KO	status.find.is(200), but actually found 500
REQUEST	injecteur 9	6		request_9	1461840093679	1461840093709	KO	status.find.is(200), but actually found 500
REQUEST	injecteur 5	10		request_5	1461840093680	1461840093710	KO	status.find.is(200), but actually found 500
REQUEST	injecteur 4	1		request_4	1461840093693	1461840093723	KO	status.find.is(200), but actually found 500
REQUEST	injecteur 6	8		request_6	1461840093694	1461840093724	KO	status.find.is(200), but actually found 500
REQUEST	injecteur 3	3		request_3	1461840093695	1461840093725	KO	status.find.is(200), but actually found 500
REQUEST	injecteur 7	2		request_7	1461840093705	1461840093736	KO	status.find.is(200), but actually found 400
REQUEST	injecteur 2	9		request_2	1461840093707	1461840093737	KO	status.find.is(200), but actually found 500
REQUEST	injecteur 10	5		request_10	1461840093708	1461840093738	KO	status.find.is(200), but actually found 500
REQUEST	injecteur 1	7		request_1	1461840093709	1461840093738	KO	status.find.is(200), but actually found 500
REQUEST	injecteur 8	4		request_8	1461840093710	1461840093740	KO	status.find.is(200), but actually found 500
REQUEST	injecteur 9	6		request_9	1461840093711	1461840093741	KO	status.find.is(200), but actually found 500
REQUEST	injecteur 5	10		request_5	1461840093712	1461840093741	KO	status.find.is(200), but actually found 500
REQUEST	injecteur 4	1		request_4	1461840093724	1461840093753	KO	status.find.is(200), but actually found 500
REQUEST	injecteur 6	8		request_6	1461840093725	1461840093754	KO	status.find.is(200), but actually found 500
REQUEST	injecteur 3	3		request_3	1461840093726	1461840093755	KO	status.find.is(200), but actually found 500
REQUEST	injecteur 7	2		request_7	1461840093737	1461840093767	KO	status.find.is(200), but actually found 400
REQUEST	injecteur 2	9		request_2	1461840093738	1461840093768	KO	status.find.is(200), but actually found 500
REQUEST	injecteur 10	5		request_10	1461840093739	1461840093769	KO	status.find.is(200), but actually found 500
REQUEST	injecteur 1	7		request_1	1461840093741	1461840093770	KO	status.find.is(200), but actually found 500
REQUEST	injecteur 8	4		request_8	1461840093742	1461840093771	KO	status.find.is(200), but actually found 500
REQUEST	injecteur 9	6		request_9	1461840093743	1461840093771	KO	status.find.is(200), but actually found 500
REQUEST	injecteur 5	10		request_5	1461840093743	1461840093772	KO	status.find.is(200), but actually found 500
REQUEST	injecteur 4	1		request_4	1461840093754	1461840093786	KO	status.find.is(200), but actually found 500
REQUEST	injecteur 6	8		request_6	1461840093755	1461840093786	KO	status.find.is(200), but actually found 500
REQUEST	injecteur 3	3		request_3	1461840093757	1461840093787	KO	status.find.is(200), but actually found 500
REQUEST	injecteur 7	2		request_7	1461840093769	1461840093802	KO	status.find.is(200), but actually found 400
REQUEST	injecteur 2	9		request_2	1461840093769	1461840093803	KO	status.find.is(200), but actually found 500
REQUEST	injecteur 10	5		request_10	1461840093770	1461840093804	KO	status.find.is(200), but actually found 500
REQUEST	injecteur 1	7		request_1	1461840093771	1461840093805	KO	status.find.is(200), but actually found 500
REQUEST	injecteur 8	4		request_8	1461840093773	1461840093806	KO	status.find.is(200), but actually found 500
REQUEST	injecteur 9	6		request_9	1461840093774	1461840093809	KO	status.find.is(200), but actually found 500
REQUEST	injecteur 5	10		request_5	1461840093774	1461840093811	KO	status.find.is(200), but actually found 500
REQUEST	injecteur 4	1		request_4	1461840093787	1461840093824	KO	status.find.is(200), but actually found 500
REQUEST	injecteur 6	8		request_6	1461840093788	1461840093825	KO	status.find.is(200), but actually found 500
REQUEST	injecteur 3	3		request_3	1461840093790	1461840093826	KO	status.find.is(200), but actually found 500
REQUEST	injecteur 7	2		request_7	1461840093804	1461840093841	KO	status.find.is(200), but actually found 400
REQUEST	injecteur 2	9		request_2	1461840093805	1461840093842	KO	status.find.is(200), but actually found 500
REQUEST	injecteur 10	5		request_10	1461840093807	1461840093842	KO	status.find.is(200), but actually found 500
REQUEST	injecteur 1	7		request_1	1461840093807	1461840093843	KO	status.find.is(200), but actually found 500
REQUEST	injecteur 8	4		request_8	1461840093808	1461840093844	KO	status.find.is(200), but actually found 500
REQUEST	injecteur 9	6		request_9	1461840093810	1461840093845	KO	status.find.is(200), but actually found 500
REQUEST	injecteur 5	10		request_5	1461840093812	1461840093846	KO	status.find.is(200), but actually found 500
REQUEST	injecteur 4	1		request_4	1461840093826	1461840093857	KO	status.find.is(200), but actually found 500
REQUEST	injecteur 6	8		request_6	1461840093827	1461840093858	KO	status.find.is(200), but actually found 500
REQUEST	injecteur 3	3		request_3	1461840093828	1461840093858	KO	status.find.is(200), but actually found 500
REQUEST	injecteur 7	2		request_7	1461840093842	1461840093871	KO	status.find.is(200), but actually found 400
REQUEST	injecteur 2	9		request_2	1461840093843	1461840093871	KO	status.find.is(200), but actually found 500
REQUEST	injecteur 10	5		request_10	1461840093844	1461840093872	KO	status.find.is(200), but actually found 500
REQUEST	injecteur 1	7		request_1	1461840093844	1461840093874	KO	status.find.is(200), but actually found 500
REQUEST	injecteur 8	4		request_8	1461840093846	1461840093874	KO	status.find.is(200), but actually found 500
REQUEST	injecteur 9	6		request_9	1461840093846	1461840093874	KO	status.find.is(200), but actually found 500
REQUEST	injecteur 5	10		request_5	1461840093848	1461840093876	KO	status.find.is(200), but actually found 500
REQUEST	injecteur 4	1		request_4	1461840093859	1461840093887	KO	status.find.is(200), but actually found 500
REQUEST	injecteur 6	8		request_6	1461840093859	1461840093888	KO	status.find.is(200), but actually found 500
REQUEST	injecteur 3	3		request_3	1461840093860	1461840093888	KO	status.find.is(200), but actually found 500
REQUEST	injecteur 7	2		request_7	1461840093872	1461840093901	KO	status.find.is(200), but actually found 400
REQUEST	injecteur 2	9		request_2	1461840093873	1461840093902	KO	status.find.is(200), but actually found 500
REQUEST	injecteur 10	5		request_10	1461840093874	1461840093902	KO	status.find.is(200), but actually found 500
REQUEST	injecteur 1	7		request_1	1461840093875	1461840093904	KO	status.find.is(200), but actually found 500
REQUEST	injecteur 9	6		request_9	1461840093875	1461840093904	KO	status.find.is(200), but actually found 500
REQUEST	injecteur 8	4		request_8	1461840093875	1461840093905	KO	status.find.is(200), but actually found 500
REQUEST	injecteur 5	10		request_5	1461840093877	1461840093905	KO	status.find.is(200), but actually found 500
REQUEST	injecteur 4	1		request_4	1461840093889	1461840093919	KO	status.find.is(200), but actually found 500
REQUEST	injecteur 6	8		request_6	1461840093889	1461840093920	KO	status.find.is(200), but actually found 500
REQUEST	injecteur 3	3		request_3	1461840093891	1461840093922	KO	status.find.is(200), but actually found 500
REQUEST	injecteur 7	2		request_7	1461840093902	1461840093932	KO	status.find.is(200), but actually found 400
REQUEST	injecteur 2	9		request_2	1461840093903	1461840093933	KO	status.find.is(200), but actually found 500
REQUEST	injecteur 10	5		request_10	1461840093904	1461840093934	KO	status.find.is(200), but actually found 500
REQUEST	injecteur 1	7		request_1	1461840093905	1461840093935	KO	status.find.is(200), but actually found 500
REQUEST	injecteur 9	6		request_9	1461840093906	1461840093936	KO	status.find.is(200), but actually found 500
REQUEST	injecteur 8	4		request_8	1461840093907	1461840093937	KO	status.find.is(200), but actually found 500
REQUEST	injecteur 5	10		request_5	1461840093908	1461840093937	KO	status.find.is(200), but actually found 500
REQUEST	injecteur 4	1		request_4	1461840093920	1461840093950	KO	status.find.is(200), but actually found 500
REQUEST	injecteur 6	8		request_6	1461840093921	1461840093951	KO	status.find.is(200), but actually found 500
REQUEST	injecteur 3	3		request_3	1461840093923	1461840093952	KO	status.find.is(200), but actually found 500
REQUEST	injecteur 7	2		request_7	1461840093933	1461840093964	KO	status.find.is(200), but actually found 400
REQUEST	injecteur 2	9		request_2	1461840093934	1461840093965	KO	status.find.is(200), but actually found 500
REQUEST	injecteur 10	5		request_10	1461840093935	1461840093966	KO	status.find.is(200), but actually found 500
REQUEST	injecteur 1	7		request_1	1461840093937	1461840093967	KO	status.find.is(200), but actually found 500
REQUEST	injecteur 9	6		request_9	1461840093937	1461840093968	KO	status.find.is(200), but actually found 500
REQUEST	injecteur 8	4		request_8	1461840093938	1461840093969	KO	status.find.is(200), but actually found 500
REQUEST	injecteur 5	10		request_5	1461840093938	1461840093973	KO	status.find.is(200), but actually found 500
REQUEST	injecteur 4	1		request_4	1461840093952	1461840093985	KO	status.find.is(200), but actually found 500
REQUEST	injecteur 6	8		request_6	1461840093952	1461840093986	KO	status.find.is(200), but actually found 500
REQUEST	injecteur 3	3		request_3	1461840093954	1461840093987	KO	status.find.is(200), but actually found 500
REQUEST	injecteur 7	2		request_7	1461840093965	1461840093998	KO	status.find.is(200), but actually found 400
REQUEST	injecteur 2	9		request_2	1461840093966	1461840093999	KO	status.find.is(200), but actually found 500
REQUEST	injecteur 1	7		request_1	1461840093968	1461840094000	KO	status.find.is(200), but actually found 500
