ASSERTION	AAMBAAMDBABk
RUN	InjectionsAndVerifications		injectionsandverifications	1462352462011	 	2.0
USER	injecteur 4	1	START	1462352463257	1462352463257
USER	injecteur 7	2	START	1462352463346	1462352463346
USER	injecteur 3	3	START	1462352463349	1462352463349
USER	injecteur 8	4	START	1462352463352	1462352463352
USER	injecteur 10	5	START	1462352463374	1462352463374
USER	injecteur 9	6	START	1462352463385	1462352463385
USER	injecteur 1	7	START	1462352463388	1462352463388
USER	injecteur 6	8	START	1462352463396	1462352463396
USER	injecteur 2	9	START	1462352463398	1462352463398
USER	injecteur 5	10	START	1462352463405	1462352463405
REQUEST	injecteur 4	1		request_3	1462352463331	1462352463469	OK	 
REQUEST	injecteur 3	3		request_2	1462352463350	1462352463477	OK	 
REQUEST	injecteur 7	2		request_6	1462352463347	1462352463519	OK	 
REQUEST	injecteur 8	4		request_7	1462352463353	1462352463530	OK	 
REQUEST	injecteur 10	5		request_9	1462352463384	1462352463536	OK	 
REQUEST	injecteur 9	6		request_8	1462352463386	1462352463547	OK	 
REQUEST	injecteur 6	8		request_5	1462352463397	1462352463548	OK	 
REQUEST	injecteur 2	9		request_1	1462352463399	1462352463548	OK	 
REQUEST	injecteur 1	7		request_0	1462352463394	1462352463551	OK	 
REQUEST	injecteur 5	10		request_4	1462352463413	1462352463556	OK	 
REQUEST	injecteur 7	2		request_6	1462352463534	1462352463560	OK	 
REQUEST	injecteur 4	1		request_3	1462352463545	1462352463564	OK	 
REQUEST	injecteur 3	3		request_2	1462352463545	1462352463566	OK	 
REQUEST	injecteur 8	4		request_7	1462352463546	1462352463573	OK	 
REQUEST	injecteur 10	5		request_9	1462352463547	1462352463577	OK	 
REQUEST	injecteur 6	8		request_5	1462352463549	1462352463582	OK	 
REQUEST	injecteur 2	9		request_1	1462352463549	1462352463588	OK	 
REQUEST	injecteur 9	6		request_8	1462352463549	1462352463592	OK	 
REQUEST	injecteur 1	7		request_0	1462352463553	1462352463596	OK	 
REQUEST	injecteur 3	3		request_2	1462352463567	1462352463601	OK	 
REQUEST	injecteur 5	10		request_4	1462352463558	1462352463610	OK	 
REQUEST	injecteur 4	1		request_3	1462352463565	1462352463615	OK	 
REQUEST	injecteur 7	2		request_6	1462352463561	1462352463616	OK	 
REQUEST	injecteur 8	4		request_7	1462352463575	1462352463620	OK	 
REQUEST	injecteur 10	5		request_9	1462352463578	1462352463625	OK	 
REQUEST	injecteur 6	8		request_5	1462352463584	1462352463629	OK	 
REQUEST	injecteur 2	9		request_1	1462352463589	1462352463633	OK	 
REQUEST	injecteur 9	6		request_8	1462352463593	1462352463637	OK	 
REQUEST	injecteur 1	7		request_0	1462352463597	1462352463641	OK	 
REQUEST	injecteur 3	3		request_2	1462352463602	1462352463646	OK	 
REQUEST	injecteur 5	10		request_4	1462352463612	1462352463652	OK	 
REQUEST	injecteur 4	1		request_3	1462352463617	1462352463663	OK	 
REQUEST	injecteur 7	2		request_6	1462352463617	1462352463669	OK	 
REQUEST	injecteur 8	4		request_7	1462352463621	1462352463675	OK	 
REQUEST	injecteur 10	5		request_9	1462352463627	1462352463678	OK	 
REQUEST	injecteur 6	8		request_5	1462352463630	1462352463682	OK	 
REQUEST	injecteur 2	9		request_1	1462352463634	1462352463684	OK	 
REQUEST	injecteur 9	6		request_8	1462352463638	1462352463696	OK	 
REQUEST	injecteur 1	7		request_0	1462352463643	1462352463699	OK	 
REQUEST	injecteur 3	3		request_2	1462352463647	1462352463705	OK	 
REQUEST	injecteur 5	10		request_4	1462352463653	1462352463713	OK	 
REQUEST	injecteur 4	1		request_3	1462352463664	1462352463716	OK	 
REQUEST	injecteur 7	2		request_6	1462352463670	1462352463719	OK	 
REQUEST	injecteur 8	4		request_7	1462352463676	1462352463723	OK	 
REQUEST	injecteur 10	5		request_9	1462352463679	1462352463727	OK	 
REQUEST	injecteur 6	8		request_5	1462352463683	1462352463730	OK	 
REQUEST	injecteur 2	9		request_1	1462352463685	1462352463733	OK	 
REQUEST	injecteur 3	3		request_2	1462352463706	1462352463737	OK	 
REQUEST	injecteur 1	7		request_0	1462352463701	1462352463744	OK	 
REQUEST	injecteur 9	6		request_8	1462352463699	1462352463749	OK	 
REQUEST	injecteur 5	10		request_4	1462352463714	1462352463755	OK	 
REQUEST	injecteur 4	1		request_3	1462352463717	1462352463758	OK	 
REQUEST	injecteur 7	2		request_6	1462352463721	1462352463762	OK	 
REQUEST	injecteur 8	4		request_7	1462352463724	1462352463767	OK	 
REQUEST	injecteur 10	5		request_9	1462352463728	1462352463771	OK	 
REQUEST	injecteur 6	8		request_5	1462352463731	1462352463776	OK	 
REQUEST	injecteur 2	9		request_1	1462352463734	1462352463784	OK	 
REQUEST	injecteur 3	3		request_2	1462352463739	1462352463788	OK	 
REQUEST	injecteur 1	7		request_0	1462352463745	1462352463790	OK	 
REQUEST	injecteur 9	6		request_8	1462352463750	1462352463795	OK	 
REQUEST	injecteur 5	10		request_4	1462352463758	1462352463801	OK	 
REQUEST	injecteur 4	1		request_3	1462352463759	1462352463803	OK	 
REQUEST	injecteur 7	2		request_6	1462352463763	1462352463807	OK	 
REQUEST	injecteur 8	4		request_7	1462352463768	1462352463811	OK	 
REQUEST	injecteur 10	5		request_9	1462352463772	1462352463816	OK	 
REQUEST	injecteur 6	8		request_5	1462352463777	1462352463825	OK	 
REQUEST	injecteur 2	9		request_1	1462352463785	1462352463831	OK	 
REQUEST	injecteur 3	3		request_2	1462352463789	1462352463838	OK	 
REQUEST	injecteur 1	7		request_0	1462352463792	1462352463841	OK	 
REQUEST	injecteur 9	6		request_8	1462352463796	1462352463844	OK	 
REQUEST	injecteur 5	10		request_4	1462352463802	1462352463848	OK	 
REQUEST	injecteur 4	1		request_3	1462352463805	1462352463850	OK	 
REQUEST	injecteur 7	2		request_6	1462352463808	1462352463854	OK	 
REQUEST	injecteur 8	4		request_7	1462352463813	1462352463858	OK	 
REQUEST	injecteur 2	9		request_1	1462352463832	1462352463863	OK	 
REQUEST	injecteur 10	5		request_9	1462352463817	1462352463866	OK	 
REQUEST	injecteur 6	8		request_5	1462352463826	1462352463870	OK	 
REQUEST	injecteur 3	3		request_2	1462352463839	1462352463876	OK	 
REQUEST	injecteur 1	7		request_0	1462352463842	1462352463883	OK	 
REQUEST	injecteur 9	6		request_8	1462352463845	1462352463883	OK	 
REQUEST	injecteur 5	10		request_4	1462352463849	1462352463896	OK	 
REQUEST	injecteur 4	1		request_3	1462352463851	1462352463897	OK	 
REQUEST	injecteur 7	2		request_6	1462352463855	1462352463903	OK	 
REQUEST	injecteur 8	4		request_7	1462352463860	1462352463909	OK	 
REQUEST	injecteur 2	9		request_1	1462352463864	1462352463912	OK	 
REQUEST	injecteur 10	5		request_9	1462352463868	1462352463916	OK	 
REQUEST	injecteur 6	8		request_5	1462352463872	1462352463919	OK	 
REQUEST	injecteur 3	3		request_2	1462352463877	1462352463922	OK	 
REQUEST	injecteur 1	7		request_0	1462352463884	1462352463927	OK	 
REQUEST	injecteur 9	6		request_8	1462352463885	1462352463932	OK	 
REQUEST	injecteur 4	1		request_3	1462352463898	1462352463935	OK	 
REQUEST	injecteur 5	10		request_4	1462352463898	1462352463938	OK	 
REQUEST	injecteur 7	2		request_6	1462352463905	1462352463946	OK	 
REQUEST	injecteur 8	4		request_7	1462352463910	1462352463949	OK	 
REQUEST	injecteur 2	9		request_1	1462352463914	1462352463951	OK	 
REQUEST	injecteur 10	5		request_9	1462352463917	1462352463954	OK	 
REQUEST	injecteur 6	8		request_5	1462352463920	1462352463958	OK	 
REQUEST	injecteur 3	3		request_2	1462352463923	1462352463961	OK	 
REQUEST	injecteur 1	7		request_0	1462352463928	1462352463963	OK	 
REQUEST	injecteur 9	6		request_8	1462352463933	1462352463971	OK	 
REQUEST	injecteur 4	1		request_3	1462352463936	1462352463976	OK	 
REQUEST	injecteur 5	10		request_4	1462352463939	1462352463984	OK	 
REQUEST	injecteur 7	2		request_6	1462352463947	1462352463987	OK	 
REQUEST	injecteur 8	4		request_7	1462352463950	1462352463991	OK	 
REQUEST	injecteur 2	9		request_1	1462352463952	1462352463993	OK	 
REQUEST	injecteur 10	5		request_9	1462352463955	1462352463997	OK	 
REQUEST	injecteur 6	8		request_5	1462352463959	1462352464001	OK	 
REQUEST	injecteur 3	3		request_2	1462352463962	1462352464005	OK	 
REQUEST	injecteur 1	7		request_0	1462352463965	1462352464010	OK	 
REQUEST	injecteur 9	6		request_8	1462352463973	1462352464014	OK	 
REQUEST	injecteur 4	1		request_3	1462352463977	1462352464022	OK	 
REQUEST	injecteur 5	10		request_4	1462352463986	1462352464025	OK	 
REQUEST	injecteur 7	2		request_6	1462352463988	1462352464028	OK	 
REQUEST	injecteur 8	4		request_7	1462352463992	1462352464031	OK	 
REQUEST	injecteur 2	9		request_1	1462352463994	1462352464035	OK	 
REQUEST	injecteur 10	5		request_9	1462352463998	1462352464039	OK	 
REQUEST	injecteur 6	8		request_5	1462352464002	1462352464042	OK	 
REQUEST	injecteur 3	3		request_2	1462352464006	1462352464046	OK	 
REQUEST	injecteur 1	7		request_0	1462352464011	1462352464048	OK	 
REQUEST	injecteur 1	7		request_0	1462352464049	1462352464056	OK	 
REQUEST	injecteur 9	6		request_8	1462352464015	1462352464059	OK	 
REQUEST	injecteur 4	1		request_3	1462352464023	1462352464064	OK	 
REQUEST	injecteur 5	10		request_4	1462352464027	1462352464068	OK	 
REQUEST	injecteur 7	2		request_6	1462352464029	1462352464073	OK	 
REQUEST	injecteur 8	4		request_7	1462352464033	1462352464076	OK	 
REQUEST	injecteur 2	9		request_1	1462352464036	1462352464079	OK	 
REQUEST	injecteur 10	5		request_9	1462352464040	1462352464082	OK	 
REQUEST	injecteur 6	8		request_5	1462352464043	1462352464086	OK	 
REQUEST	injecteur 3	3		request_2	1462352464052	1462352464092	OK	 
REQUEST	injecteur 1	7		request_0	1462352464057	1462352464104	OK	 
REQUEST	injecteur 9	6		request_8	1462352464060	1462352464108	OK	 
REQUEST	injecteur 4	1		request_3	1462352464065	1462352464130	OK	 
REQUEST	injecteur 5	10		request_4	1462352464070	1462352464135	OK	 
REQUEST	injecteur 7	2		request_6	1462352464075	1462352464138	OK	 
REQUEST	injecteur 8	4		request_7	1462352464077	1462352464140	OK	 
REQUEST	injecteur 2	9		request_1	1462352464080	1462352464143	OK	 
REQUEST	injecteur 10	5		request_9	1462352464083	1462352464145	OK	 
REQUEST	injecteur 3	3		request_2	1462352464093	1462352464151	OK	 
REQUEST	injecteur 6	8		request_5	1462352464088	1462352464159	OK	 
REQUEST	injecteur 1	7		request_0	1462352464105	1462352464161	OK	 
REQUEST	injecteur 9	6		request_8	1462352464109	1462352464164	OK	 
REQUEST	injecteur 4	1		request_3	1462352464131	1462352464167	OK	 
REQUEST	injecteur 5	10		request_4	1462352464136	1462352464170	OK	 
REQUEST	injecteur 7	2		request_6	1462352464139	1462352464172	OK	 
REQUEST	injecteur 8	4		request_7	1462352464141	1462352464175	OK	 
REQUEST	injecteur 2	9		request_1	1462352464144	1462352464179	OK	 
REQUEST	injecteur 10	5		request_9	1462352464146	1462352464181	OK	 
REQUEST	injecteur 3	3		request_2	1462352464152	1462352464183	OK	 
REQUEST	injecteur 6	8		request_5	1462352464161	1462352464187	OK	 
REQUEST	injecteur 1	7		request_0	1462352464162	1462352464191	OK	 
REQUEST	injecteur 9	6		request_8	1462352464165	1462352464193	OK	 
REQUEST	injecteur 4	1		request_3	1462352464168	1462352464196	OK	 
REQUEST	injecteur 5	10		request_4	1462352464171	1462352464200	OK	 
REQUEST	injecteur 3	3		request_2	1462352464184	1462352464203	OK	 
REQUEST	injecteur 7	2		request_6	1462352464175	1462352464206	OK	 
REQUEST	injecteur 8	4		request_7	1462352464176	1462352464208	OK	 
REQUEST	injecteur 2	9		request_1	1462352464180	1462352464213	OK	 
REQUEST	injecteur 10	5		request_9	1462352464182	1462352464217	OK	 
REQUEST	injecteur 6	8		request_5	1462352464188	1462352464226	OK	 
REQUEST	injecteur 1	7		request_0	1462352464192	1462352464233	OK	 
REQUEST	injecteur 9	6		request_8	1462352464194	1462352464237	OK	 
REQUEST	injecteur 4	1		request_3	1462352464197	1462352464250	OK	 
REQUEST	injecteur 8	4		request_7	1462352464209	1462352464257	OK	 
REQUEST	injecteur 5	10		request_4	1462352464202	1462352464269	OK	 
REQUEST	injecteur 3	3		request_2	1462352464205	1462352464273	OK	 
REQUEST	injecteur 7	2		request_6	1462352464207	1462352464277	OK	 
REQUEST	injecteur 2	9		request_1	1462352464216	1462352464281	OK	 
REQUEST	injecteur 10	5		request_9	1462352464218	1462352464287	OK	 
REQUEST	injecteur 6	8		request_5	1462352464228	1462352464293	OK	 
REQUEST	injecteur 1	7		request_0	1462352464234	1462352464296	OK	 
REQUEST	injecteur 9	6		request_8	1462352464243	1462352464301	OK	 
REQUEST	injecteur 4	1		request_3	1462352464251	1462352464308	OK	 
REQUEST	injecteur 8	4		request_7	1462352464258	1462352464311	OK	 
REQUEST	injecteur 5	10		request_4	1462352464270	1462352464317	OK	 
REQUEST	injecteur 3	3		request_2	1462352464274	1462352464319	OK	 
REQUEST	injecteur 7	2		request_6	1462352464279	1462352464324	OK	 
REQUEST	injecteur 2	9		request_1	1462352464282	1462352464332	OK	 
REQUEST	injecteur 10	5		request_9	1462352464288	1462352464335	OK	 
REQUEST	injecteur 6	8		request_5	1462352464294	1462352464336	OK	 
REQUEST	injecteur 1	7		request_0	1462352464297	1462352464340	OK	 
REQUEST	injecteur 7	2		request_6	1462352464328	1462352464348	OK	 
REQUEST	injecteur 9	6		request_8	1462352464303	1462352464351	OK	 
REQUEST	injecteur 4	1		request_3	1462352464309	1462352464354	OK	 
REQUEST	injecteur 8	4		request_7	1462352464312	1462352464357	OK	 
REQUEST	injecteur 5	10		request_4	1462352464318	1462352464360	OK	 
REQUEST	injecteur 3	3		request_2	1462352464320	1462352464362	OK	 
REQUEST	injecteur 2	9		request_1	1462352464333	1462352464365	OK	 
REQUEST	injecteur 10	5		request_9	1462352464335	1462352464367	OK	 
REQUEST	injecteur 6	8		request_5	1462352464337	1462352464369	OK	 
REQUEST	injecteur 1	7		request_0	1462352464342	1462352464381	OK	 
REQUEST	injecteur 4	1		request_3	1462352464356	1462352464390	OK	 
REQUEST	injecteur 3	3		request_2	1462352464363	1462352464396	OK	 
REQUEST	injecteur 8	4		request_7	1462352464358	1462352464396	OK	 
REQUEST	injecteur 7	2		request_6	1462352464349	1462352464392	OK	 
REQUEST	injecteur 5	10		request_4	1462352464361	1462352464400	OK	 
REQUEST	injecteur 9	6		request_8	1462352464352	1462352464403	OK	 
REQUEST	injecteur 2	9		request_1	1462352464366	1462352464404	OK	 
REQUEST	injecteur 10	5		request_9	1462352464368	1462352464414	OK	 
REQUEST	injecteur 6	8		request_5	1462352464370	1462352464416	OK	 
REQUEST	injecteur 1	7		request_0	1462352464382	1462352464418	OK	 
REQUEST	injecteur 4	1		request_3	1462352464391	1462352464420	OK	 
REQUEST	injecteur 8	4		request_7	1462352464397	1462352464422	OK	 
REQUEST	injecteur 3	3		request_2	1462352464397	1462352464424	OK	 
REQUEST	injecteur 7	2		request_6	1462352464399	1462352464427	OK	 
REQUEST	injecteur 5	10		request_4	1462352464401	1462352464429	OK	 
REQUEST	injecteur 9	6		request_8	1462352464404	1462352464436	OK	 
REQUEST	injecteur 2	9		request_1	1462352464407	1462352464440	OK	 
REQUEST	injecteur 10	5		request_9	1462352464414	1462352464449	OK	 
REQUEST	injecteur 6	8		request_5	1462352464417	1462352464451	OK	 
REQUEST	injecteur 1	7		request_0	1462352464419	1462352464453	OK	 
REQUEST	injecteur 4	1		request_3	1462352464421	1462352464456	OK	 
REQUEST	injecteur 8	4		request_7	1462352464423	1462352464462	OK	 
REQUEST	injecteur 3	3		request_2	1462352464425	1462352464462	OK	 
REQUEST	injecteur 7	2		request_6	1462352464428	1462352464465	OK	 
REQUEST	injecteur 4	1		request_3	1462352464457	1462352464476	OK	 
REQUEST	injecteur 5	10		request_4	1462352464430	1462352464480	OK	 
REQUEST	injecteur 9	6		request_8	1462352464437	1462352464484	OK	 
REQUEST	injecteur 2	9		request_1	1462352464442	1462352464487	OK	 
REQUEST	injecteur 10	5		request_9	1462352464450	1462352464490	OK	 
REQUEST	injecteur 6	8		request_5	1462352464452	1462352464494	OK	 
REQUEST	injecteur 1	7		request_0	1462352464454	1462352464497	OK	 
REQUEST	injecteur 3	3		request_2	1462352464463	1462352464501	OK	 
REQUEST	injecteur 1	7		request_0	1462352464497	1462352464509	OK	 
REQUEST	injecteur 8	4		request_7	1462352464465	1462352464511	OK	 
REQUEST	injecteur 7	2		request_6	1462352464466	1462352464515	OK	 
REQUEST	injecteur 4	1		request_3	1462352464477	1462352464517	OK	 
REQUEST	injecteur 5	10		request_4	1462352464480	1462352464522	OK	 
REQUEST	injecteur 9	6		request_8	1462352464485	1462352464524	OK	 
REQUEST	injecteur 2	9		request_1	1462352464489	1462352464526	OK	 
REQUEST	injecteur 10	5		request_9	1462352464491	1462352464528	OK	 
REQUEST	injecteur 6	8		request_5	1462352464495	1462352464531	OK	 
REQUEST	injecteur 8	4		request_7	1462352464512	1462352464539	OK	 
REQUEST	injecteur 4	1		request_3	1462352464518	1462352464541	OK	 
REQUEST	injecteur 3	3		request_2	1462352464502	1462352464543	OK	 
REQUEST	injecteur 1	7		request_0	1462352464511	1462352464547	OK	 
REQUEST	injecteur 7	2		request_6	1462352464518	1462352464550	OK	 
REQUEST	injecteur 5	10		request_4	1462352464523	1462352464552	OK	 
REQUEST	injecteur 9	6		request_8	1462352464525	1462352464554	OK	 
REQUEST	injecteur 2	9		request_1	1462352464527	1462352464556	OK	 
REQUEST	injecteur 10	5		request_9	1462352464529	1462352464559	OK	 
REQUEST	injecteur 6	8		request_5	1462352464532	1462352464566	OK	 
REQUEST	injecteur 8	4		request_7	1462352464540	1462352464568	OK	 
REQUEST	injecteur 4	1		request_3	1462352464542	1462352464570	OK	 
REQUEST	injecteur 3	3		request_2	1462352464544	1462352464574	OK	 
REQUEST	injecteur 1	7		request_0	1462352464549	1462352464577	OK	 
REQUEST	injecteur 7	2		request_6	1462352464551	1462352464579	OK	 
REQUEST	injecteur 5	10		request_4	1462352464553	1462352464582	OK	 
REQUEST	injecteur 9	6		request_8	1462352464556	1462352464585	OK	 
REQUEST	injecteur 2	9		request_1	1462352464557	1462352464589	OK	 
REQUEST	injecteur 10	5		request_9	1462352464561	1462352464596	OK	 
REQUEST	injecteur 6	8		request_5	1462352464567	1462352464604	OK	 
REQUEST	injecteur 4	1		request_3	1462352464571	1462352464606	OK	 
REQUEST	injecteur 8	4		request_7	1462352464569	1462352464607	OK	 
REQUEST	injecteur 3	3		request_2	1462352464575	1462352464614	OK	 
REQUEST	injecteur 1	7		request_0	1462352464578	1462352464617	OK	 
REQUEST	injecteur 7	2		request_6	1462352464580	1462352464622	OK	 
REQUEST	injecteur 9	6		request_8	1462352464586	1462352464625	OK	 
REQUEST	injecteur 5	10		request_4	1462352464583	1462352464625	OK	 
REQUEST	injecteur 10	5		request_9	1462352464597	1462352464635	OK	 
REQUEST	injecteur 4	1		request_3	1462352464607	1462352464640	OK	 
REQUEST	injecteur 2	9		request_1	1462352464590	1462352464642	OK	 
REQUEST	injecteur 6	8		request_5	1462352464606	1462352464644	OK	 
REQUEST	injecteur 8	4		request_7	1462352464608	1462352464647	OK	 
REQUEST	injecteur 3	3		request_2	1462352464615	1462352464648	OK	 
REQUEST	injecteur 1	7		request_0	1462352464618	1462352464654	OK	 
REQUEST	injecteur 3	3		request_2	1462352464648	1462352464663	OK	 
REQUEST	injecteur 7	2		request_6	1462352464624	1462352464665	OK	 
REQUEST	injecteur 5	10		request_4	1462352464626	1462352464668	OK	 
REQUEST	injecteur 9	6		request_8	1462352464626	1462352464670	OK	 
REQUEST	injecteur 10	5		request_9	1462352464636	1462352464671	OK	 
REQUEST	injecteur 4	1		request_3	1462352464641	1462352464674	OK	 
REQUEST	injecteur 2	9		request_1	1462352464643	1462352464676	OK	 
REQUEST	injecteur 6	8		request_5	1462352464645	1462352464679	OK	 
REQUEST	injecteur 8	4		request_7	1462352464647	1462352464681	OK	 
REQUEST	injecteur 1	7		request_0	1462352464655	1462352464689	OK	 
REQUEST	injecteur 3	3		request_2	1462352464665	1462352464693	OK	 
REQUEST	injecteur 7	2		request_6	1462352464667	1462352464695	OK	 
REQUEST	injecteur 5	10		request_4	1462352464669	1462352464698	OK	 
REQUEST	injecteur 9	6		request_8	1462352464674	1462352464700	OK	 
REQUEST	injecteur 4	1		request_3	1462352464675	1462352464702	OK	 
REQUEST	injecteur 10	5		request_9	1462352464676	1462352464704	OK	 
REQUEST	injecteur 2	9		request_1	1462352464677	1462352464706	OK	 
REQUEST	injecteur 6	8		request_5	1462352464680	1462352464708	OK	 
REQUEST	injecteur 8	4		request_7	1462352464682	1462352464718	OK	 
REQUEST	injecteur 1	7		request_0	1462352464690	1462352464721	OK	 
REQUEST	injecteur 3	3		request_2	1462352464694	1462352464724	OK	 
REQUEST	injecteur 7	2		request_6	1462352464696	1462352464726	OK	 
REQUEST	injecteur 9	6		request_8	1462352464700	1462352464731	OK	 
REQUEST	injecteur 5	10		request_4	1462352464698	1462352464731	OK	 
REQUEST	injecteur 4	1		request_3	1462352464702	1462352464732	OK	 
REQUEST	injecteur 10	5		request_9	1462352464705	1462352464735	OK	 
REQUEST	injecteur 2	9		request_1	1462352464707	1462352464738	OK	 
REQUEST	injecteur 6	8		request_5	1462352464709	1462352464744	OK	 
REQUEST	injecteur 8	4		request_7	1462352464719	1462352464749	OK	 
REQUEST	injecteur 1	7		request_0	1462352464722	1462352464751	OK	 
REQUEST	injecteur 3	3		request_2	1462352464725	1462352464753	OK	 
REQUEST	injecteur 7	2		request_6	1462352464727	1462352464755	OK	 
REQUEST	injecteur 9	6		request_8	1462352464731	1462352464757	OK	 
REQUEST	injecteur 5	10		request_4	1462352464731	1462352464759	OK	 
REQUEST	injecteur 4	1		request_3	1462352464733	1462352464764	OK	 
REQUEST	injecteur 10	5		request_9	1462352464736	1462352464766	OK	 
REQUEST	injecteur 2	9		request_1	1462352464739	1462352464772	OK	 
REQUEST	injecteur 6	8		request_5	1462352464745	1462352464775	OK	 
REQUEST	injecteur 8	4		request_7	1462352464750	1462352464778	OK	 
REQUEST	injecteur 1	7		request_0	1462352464752	1462352464780	OK	 
REQUEST	injecteur 3	3		request_2	1462352464754	1462352464782	OK	 
REQUEST	injecteur 7	2		request_6	1462352464756	1462352464784	OK	 
REQUEST	injecteur 9	6		request_8	1462352464758	1462352464786	OK	 
REQUEST	injecteur 5	10		request_4	1462352464760	1462352464790	OK	 
REQUEST	injecteur 4	1		request_3	1462352464765	1462352464799	OK	 
REQUEST	injecteur 10	5		request_9	1462352464767	1462352464801	OK	 
REQUEST	injecteur 2	9		request_1	1462352464773	1462352464805	OK	 
REQUEST	injecteur 6	8		request_5	1462352464776	1462352464808	OK	 
REQUEST	injecteur 8	4		request_7	1462352464778	1462352464810	OK	 
REQUEST	injecteur 1	7		request_0	1462352464780	1462352464812	OK	 
REQUEST	injecteur 3	3		request_2	1462352464783	1462352464813	OK	 
REQUEST	injecteur 7	2		request_6	1462352464785	1462352464816	OK	 
REQUEST	injecteur 9	6		request_8	1462352464787	1462352464818	OK	 
REQUEST	injecteur 5	10		request_4	1462352464790	1462352464824	OK	 
REQUEST	injecteur 4	1		request_3	1462352464800	1462352464831	OK	 
REQUEST	injecteur 10	5		request_9	1462352464802	1462352464836	OK	 
REQUEST	injecteur 2	9		request_1	1462352464806	1462352464838	OK	 
REQUEST	injecteur 6	8		request_5	1462352464808	1462352464840	OK	 
REQUEST	injecteur 8	4		request_7	1462352464810	1462352464842	OK	 
REQUEST	injecteur 1	7		request_0	1462352464812	1462352464845	OK	 
REQUEST	injecteur 3	3		request_2	1462352464814	1462352464847	OK	 
REQUEST	injecteur 7	2		request_6	1462352464817	1462352464849	OK	 
REQUEST	injecteur 9	6		request_8	1462352464819	1462352464858	OK	 
REQUEST	injecteur 5	10		request_4	1462352464824	1462352464860	OK	 
REQUEST	injecteur 4	1		request_3	1462352464832	1462352464862	OK	 
REQUEST	injecteur 10	5		request_9	1462352464836	1462352464864	OK	 
REQUEST	injecteur 2	9		request_1	1462352464839	1462352464866	OK	 
REQUEST	injecteur 6	8		request_5	1462352464841	1462352464868	OK	 
REQUEST	injecteur 8	4		request_7	1462352464843	1462352464870	OK	 
REQUEST	injecteur 1	7		request_0	1462352464846	1462352464873	OK	 
REQUEST	injecteur 3	3		request_2	1462352464848	1462352464881	OK	 
REQUEST	injecteur 7	2		request_6	1462352464850	1462352464883	OK	 
REQUEST	injecteur 9	6		request_8	1462352464859	1462352464885	OK	 
REQUEST	injecteur 5	10		request_4	1462352464861	1462352464886	OK	 
REQUEST	injecteur 4	1		request_3	1462352464863	1462352464889	OK	 
REQUEST	injecteur 10	5		request_9	1462352464865	1462352464891	OK	 
REQUEST	injecteur 2	9		request_1	1462352464867	1462352464893	OK	 
REQUEST	injecteur 6	8		request_5	1462352464869	1462352464896	OK	 
REQUEST	injecteur 8	4		request_7	1462352464871	1462352464897	OK	 
REQUEST	injecteur 1	7		request_0	1462352464874	1462352464903	OK	 
REQUEST	injecteur 3	3		request_2	1462352464882	1462352464908	OK	 
REQUEST	injecteur 7	2		request_6	1462352464883	1462352464910	OK	 
REQUEST	injecteur 9	6		request_8	1462352464885	1462352464912	OK	 
REQUEST	injecteur 5	10		request_4	1462352464887	1462352464920	OK	 
REQUEST	injecteur 4	1		request_3	1462352464889	1462352464921	OK	 
REQUEST	injecteur 10	5		request_9	1462352464891	1462352464924	OK	 
REQUEST	injecteur 2	9		request_1	1462352464893	1462352464928	OK	 
REQUEST	injecteur 10	5		request_9	1462352464925	1462352464937	OK	 
REQUEST	injecteur 6	8		request_5	1462352464897	1462352464942	OK	 
REQUEST	injecteur 8	4		request_7	1462352464898	1462352464944	OK	 
REQUEST	injecteur 1	7		request_0	1462352464904	1462352464947	OK	 
REQUEST	injecteur 3	3		request_2	1462352464909	1462352464949	OK	 
REQUEST	injecteur 7	2		request_6	1462352464911	1462352464952	OK	 
REQUEST	injecteur 5	10		request_4	1462352464924	1462352464954	OK	 
REQUEST	injecteur 9	6		request_8	1462352464917	1462352464955	OK	 
REQUEST	injecteur 4	1		request_3	1462352464926	1462352464958	OK	 
REQUEST	injecteur 2	9		request_1	1462352464929	1462352464966	OK	 
REQUEST	injecteur 10	5		request_9	1462352464938	1462352464968	OK	 
REQUEST	injecteur 6	8		request_5	1462352464943	1462352464970	OK	 
REQUEST	injecteur 8	4		request_7	1462352464945	1462352464971	OK	 
REQUEST	injecteur 1	7		request_0	1462352464948	1462352464974	OK	 
REQUEST	injecteur 3	3		request_2	1462352464950	1462352464976	OK	 
REQUEST	injecteur 7	2		request_6	1462352464953	1462352464980	OK	 
REQUEST	injecteur 3	3		request_2	1462352464977	1462352464985	OK	 
REQUEST	injecteur 5	10		request_4	1462352464956	1462352464985	OK	 
REQUEST	injecteur 9	6		request_8	1462352464956	1462352464989	OK	 
REQUEST	injecteur 4	1		request_3	1462352464959	1462352464989	OK	 
REQUEST	injecteur 2	9		request_1	1462352464967	1462352464992	OK	 
REQUEST	injecteur 10	5		request_9	1462352464969	1462352464994	OK	 
REQUEST	injecteur 8	4		request_7	1462352464972	1462352464995	OK	 
REQUEST	injecteur 1	7		request_0	1462352464975	1462352465004	OK	 
REQUEST	injecteur 3	3		request_2	1462352464986	1462352465005	OK	 
REQUEST	injecteur 6	8		request_5	1462352464975	1462352465011	OK	 
REQUEST	injecteur 4	1		request_3	1462352464990	1462352465016	OK	 
REQUEST	injecteur 7	2		request_6	1462352464981	1462352465016	OK	 
REQUEST	injecteur 5	10		request_4	1462352464986	1462352465018	OK	 
REQUEST	injecteur 2	9		request_1	1462352464993	1462352465018	OK	 
REQUEST	injecteur 10	5		request_9	1462352464995	1462352465021	OK	 
REQUEST	injecteur 8	4		request_7	1462352464996	1462352465023	OK	 
REQUEST	injecteur 3	3		request_2	1462352465006	1462352465029	OK	 
REQUEST	injecteur 1	7		request_0	1462352465005	1462352465040	OK	 
REQUEST	injecteur 9	6		request_8	1462352464989	1462352465049	OK	 
REQUEST	injecteur 4	1		request_3	1462352465017	1462352465053	OK	 
REQUEST	injecteur 6	8		request_5	1462352465015	1462352465054	OK	 
REQUEST	injecteur 7	2		request_6	1462352465017	1462352465055	OK	 
REQUEST	injecteur 5	10		request_4	1462352465019	1462352465057	OK	 
REQUEST	injecteur 2	9		request_1	1462352465019	1462352465062	OK	 
REQUEST	injecteur 10	5		request_9	1462352465021	1462352465069	OK	 
REQUEST	injecteur 3	3		request_2	1462352465030	1462352465093	OK	 
REQUEST	injecteur 1	7		request_0	1462352465041	1462352465095	OK	 
REQUEST	injecteur 8	4		request_7	1462352465024	1462352465098	OK	 
REQUEST	injecteur 9	6		request_8	1462352465050	1462352465100	OK	 
REQUEST	injecteur 6	8		request_5	1462352465054	1462352465102	OK	 
REQUEST	injecteur 4	1		request_3	1462352465054	1462352465104	OK	 
REQUEST	injecteur 7	2		request_6	1462352465056	1462352465108	OK	 
REQUEST	injecteur 5	10		request_4	1462352465058	1462352465111	OK	 
REQUEST	injecteur 2	9		request_1	1462352465062	1462352465118	OK	 
REQUEST	injecteur 10	5		request_9	1462352465070	1462352465120	OK	 
REQUEST	injecteur 3	3		request_2	1462352465094	1462352465151	OK	 
REQUEST	injecteur 1	7		request_0	1462352465096	1462352465153	OK	 
REQUEST	injecteur 8	4		request_7	1462352465099	1462352465155	OK	 
REQUEST	injecteur 9	6		request_8	1462352465101	1462352465158	OK	 
REQUEST	injecteur 6	8		request_5	1462352465103	1462352465162	OK	 
REQUEST	injecteur 4	1		request_3	1462352465105	1462352465164	OK	 
REQUEST	injecteur 7	2		request_6	1462352465109	1462352465166	OK	 
REQUEST	injecteur 5	10		request_4	1462352465112	1462352465168	OK	 
REQUEST	injecteur 2	9		request_1	1462352465119	1462352465175	OK	 
REQUEST	injecteur 10	5		request_9	1462352465125	1462352465177	OK	 
REQUEST	injecteur 3	3		request_2	1462352465152	1462352465179	OK	 
REQUEST	injecteur 1	7		request_0	1462352465153	1462352465181	OK	 
REQUEST	injecteur 8	4		request_7	1462352465156	1462352465183	OK	 
REQUEST	injecteur 9	6		request_8	1462352465159	1462352465185	OK	 
REQUEST	injecteur 6	8		request_5	1462352465163	1462352465187	OK	 
REQUEST	injecteur 7	2		request_6	1462352465167	1462352465194	OK	 
REQUEST	injecteur 4	1		request_3	1462352465165	1462352465202	OK	 
REQUEST	injecteur 5	10		request_4	1462352465169	1462352465208	OK	 
REQUEST	injecteur 2	9		request_1	1462352465176	1462352465210	OK	 
REQUEST	injecteur 10	5		request_9	1462352465178	1462352465212	OK	 
REQUEST	injecteur 3	3		request_2	1462352465180	1462352465214	OK	 
REQUEST	injecteur 1	7		request_0	1462352465182	1462352465216	OK	 
REQUEST	injecteur 8	4		request_7	1462352465184	1462352465217	OK	 
REQUEST	injecteur 9	6		request_8	1462352465186	1462352465219	OK	 
REQUEST	injecteur 6	8		request_5	1462352465188	1462352465221	OK	 
REQUEST	injecteur 7	2		request_6	1462352465195	1462352465226	OK	 
REQUEST	injecteur 4	1		request_3	1462352465203	1462352465229	OK	 
REQUEST	injecteur 5	10		request_4	1462352465209	1462352465232	OK	 
REQUEST	injecteur 2	9		request_1	1462352465211	1462352465233	OK	 
REQUEST	injecteur 10	5		request_9	1462352465213	1462352465235	OK	 
REQUEST	injecteur 3	3		request_2	1462352465215	1462352465237	OK	 
REQUEST	injecteur 1	7		request_0	1462352465216	1462352465239	OK	 
REQUEST	injecteur 8	4		request_7	1462352465218	1462352465241	OK	 
REQUEST	injecteur 9	6		request_8	1462352465220	1462352465243	OK	 
REQUEST	injecteur 6	8		request_5	1462352465221	1462352465249	OK	 
REQUEST	injecteur 7	2		request_6	1462352465227	1462352465252	OK	 
REQUEST	injecteur 4	1		request_3	1462352465230	1462352465255	OK	 
REQUEST	injecteur 5	10		request_4	1462352465232	1462352465260	OK	 
REQUEST	injecteur 2	9		request_1	1462352465234	1462352465262	OK	 
REQUEST	injecteur 10	5		request_9	1462352465236	1462352465264	OK	 
REQUEST	injecteur 3	3		request_2	1462352465238	1462352465266	OK	 
REQUEST	injecteur 1	7		request_0	1462352465240	1462352465268	OK	 
REQUEST	injecteur 8	4		request_7	1462352465242	1462352465270	OK	 
REQUEST	injecteur 9	6		request_8	1462352465244	1462352465278	OK	 
REQUEST	injecteur 6	8		request_5	1462352465250	1462352465281	OK	 
REQUEST	injecteur 7	2		request_6	1462352465252	1462352465282	OK	 
REQUEST	injecteur 4	1		request_3	1462352465256	1462352465285	OK	 
REQUEST	injecteur 5	10		request_4	1462352465261	1462352465288	OK	 
REQUEST	injecteur 2	9		request_1	1462352465263	1462352465290	OK	 
REQUEST	injecteur 10	5		request_9	1462352465265	1462352465293	OK	 
REQUEST	injecteur 3	3		request_2	1462352465267	1462352465296	OK	 
REQUEST	injecteur 1	7		request_0	1462352465269	1462352465297	OK	 
REQUEST	injecteur 8	4		request_7	1462352465271	1462352465305	OK	 
REQUEST	injecteur 9	6		request_8	1462352465279	1462352465307	OK	 
REQUEST	injecteur 6	8		request_5	1462352465281	1462352465309	OK	 
REQUEST	injecteur 7	2		request_6	1462352465283	1462352465311	OK	 
REQUEST	injecteur 4	1		request_3	1462352465286	1462352465313	OK	 
REQUEST	injecteur 5	10		request_4	1462352465289	1462352465315	OK	 
REQUEST	injecteur 2	9		request_1	1462352465291	1462352465317	OK	 
REQUEST	injecteur 10	5		request_9	1462352465294	1462352465319	OK	 
REQUEST	injecteur 3	3		request_2	1462352465296	1462352465327	OK	 
REQUEST	injecteur 1	7		request_0	1462352465298	1462352465329	OK	 
REQUEST	injecteur 8	4		request_7	1462352465305	1462352465332	OK	 
REQUEST	injecteur 9	6		request_8	1462352465308	1462352465334	OK	 
REQUEST	injecteur 6	8		request_5	1462352465310	1462352465336	OK	 
REQUEST	injecteur 7	2		request_6	1462352465312	1462352465338	OK	 
REQUEST	injecteur 4	1		request_3	1462352465313	1462352465343	OK	 
REQUEST	injecteur 5	10		request_4	1462352465316	1462352465344	OK	 
REQUEST	injecteur 2	9		request_1	1462352465318	1462352465345	OK	 
REQUEST	injecteur 10	5		request_9	1462352465320	1462352465351	OK	 
REQUEST	injecteur 3	3		request_2	1462352465327	1462352465353	OK	 
REQUEST	injecteur 1	7		request_0	1462352465329	1462352465355	OK	 
REQUEST	injecteur 8	4		request_7	1462352465333	1462352465358	OK	 
REQUEST	injecteur 9	6		request_8	1462352465335	1462352465363	OK	 
REQUEST	injecteur 6	8		request_5	1462352465337	1462352465365	OK	 
REQUEST	injecteur 7	2		request_6	1462352465338	1462352465367	OK	 
REQUEST	injecteur 4	1		request_3	1462352465343	1462352465377	OK	 
REQUEST	injecteur 5	10		request_4	1462352465345	1462352465379	OK	 
REQUEST	injecteur 3	3		request_2	1462352465354	1462352465386	OK	 
REQUEST	injecteur 1	7		request_0	1462352465356	1462352465394	OK	 
REQUEST	injecteur 8	4		request_7	1462352465359	1462352465396	OK	 
REQUEST	injecteur 9	6		request_8	1462352465364	1462352465399	OK	 
REQUEST	injecteur 2	9		request_1	1462352465345	1462352465401	OK	 
REQUEST	injecteur 6	8		request_5	1462352465365	1462352465401	OK	 
REQUEST	injecteur 10	5		request_9	1462352465352	1462352465403	OK	 
REQUEST	injecteur 3	3		request_2	1462352465387	1462352465405	OK	 
REQUEST	injecteur 7	2		request_6	1462352465368	1462352465409	OK	 
REQUEST	injecteur 4	1		request_3	1462352465378	1462352465412	OK	 
REQUEST	injecteur 5	10		request_4	1462352465380	1462352465414	OK	 
REQUEST	injecteur 8	4		request_7	1462352465396	1462352465418	OK	 
REQUEST	injecteur 1	7		request_0	1462352465398	1462352465420	OK	 
REQUEST	injecteur 9	6		request_8	1462352465399	1462352465423	OK	 
REQUEST	injecteur 2	9		request_1	1462352465402	1462352465425	OK	 
REQUEST	injecteur 6	8		request_5	1462352465402	1462352465428	OK	 
REQUEST	injecteur 10	5		request_9	1462352465404	1462352465434	OK	 
REQUEST	injecteur 3	3		request_2	1462352465406	1462352465435	OK	 
REQUEST	injecteur 7	2		request_6	1462352465410	1462352465438	OK	 
REQUEST	injecteur 4	1		request_3	1462352465413	1462352465439	OK	 
REQUEST	injecteur 5	10		request_4	1462352465415	1462352465445	OK	 
REQUEST	injecteur 8	4		request_7	1462352465419	1462352465451	OK	 
REQUEST	injecteur 1	7		request_0	1462352465421	1462352465454	OK	 
REQUEST	injecteur 9	6		request_8	1462352465424	1462352465457	OK	 
REQUEST	injecteur 2	9		request_1	1462352465426	1462352465459	OK	 
REQUEST	injecteur 6	8		request_5	1462352465429	1462352465462	OK	 
REQUEST	injecteur 10	5		request_9	1462352465434	1462352465463	OK	 
REQUEST	injecteur 3	3		request_2	1462352465436	1462352465465	OK	 
REQUEST	injecteur 7	2		request_6	1462352465439	1462352465471	OK	 
REQUEST	injecteur 4	1		request_3	1462352465440	1462352465475	OK	 
REQUEST	injecteur 5	10		request_4	1462352465446	1462352465482	OK	 
REQUEST	injecteur 1	7		request_0	1462352465455	1462352465484	OK	 
REQUEST	injecteur 8	4		request_7	1462352465453	1462352465487	OK	 
REQUEST	injecteur 2	9		request_1	1462352465460	1462352465490	OK	 
REQUEST	injecteur 9	6		request_8	1462352465461	1462352465496	OK	 
REQUEST	injecteur 6	8		request_5	1462352465463	1462352465496	OK	 
REQUEST	injecteur 10	5		request_9	1462352465464	1462352465500	OK	 
REQUEST	injecteur 3	3		request_2	1462352465466	1462352465506	OK	 
REQUEST	injecteur 7	2		request_6	1462352465472	1462352465508	OK	 
REQUEST	injecteur 4	1		request_3	1462352465475	1462352465510	OK	 
REQUEST	injecteur 5	10		request_4	1462352465483	1462352465511	OK	 
REQUEST	injecteur 1	7		request_0	1462352465486	1462352465517	OK	 
REQUEST	injecteur 8	4		request_7	1462352465488	1462352465520	OK	 
REQUEST	injecteur 2	9		request_1	1462352465491	1462352465530	OK	 
REQUEST	injecteur 9	6		request_8	1462352465497	1462352465533	OK	 
REQUEST	injecteur 6	8		request_5	1462352465498	1462352465538	OK	 
REQUEST	injecteur 10	5		request_9	1462352465501	1462352465541	OK	 
REQUEST	injecteur 3	3		request_2	1462352465506	1462352465545	OK	 
REQUEST	injecteur 7	2		request_6	1462352465509	1462352465547	OK	 
REQUEST	injecteur 4	1		request_3	1462352465510	1462352465549	OK	 
REQUEST	injecteur 5	10		request_4	1462352465512	1462352465551	OK	 
REQUEST	injecteur 1	7		request_0	1462352465518	1462352465555	OK	 
REQUEST	injecteur 8	4		request_7	1462352465521	1462352465557	OK	 
REQUEST	injecteur 2	9		request_1	1462352465531	1462352465559	OK	 
REQUEST	injecteur 9	6		request_8	1462352465534	1462352465564	OK	 
REQUEST	injecteur 6	8		request_5	1462352465538	1462352465567	OK	 
REQUEST	injecteur 10	5		request_9	1462352465542	1462352465573	OK	 
REQUEST	injecteur 3	3		request_2	1462352465546	1462352465576	OK	 
REQUEST	injecteur 7	2		request_6	1462352465547	1462352465578	OK	 
REQUEST	injecteur 4	1		request_3	1462352465550	1462352465580	OK	 
REQUEST	injecteur 5	10		request_4	1462352465552	1462352465582	OK	 
REQUEST	injecteur 1	7		request_0	1462352465556	1462352465584	OK	 
REQUEST	injecteur 8	4		request_7	1462352465558	1462352465586	OK	 
REQUEST	injecteur 2	9		request_1	1462352465560	1462352465592	OK	 
REQUEST	injecteur 9	6		request_8	1462352465565	1462352465594	OK	 
REQUEST	injecteur 6	8		request_5	1462352465568	1462352465596	OK	 
REQUEST	injecteur 10	5		request_9	1462352465574	1462352465600	OK	 
REQUEST	injecteur 3	3		request_2	1462352465577	1462352465602	OK	 
REQUEST	injecteur 7	2		request_6	1462352465579	1462352465604	OK	 
REQUEST	injecteur 4	1		request_3	1462352465581	1462352465606	OK	 
REQUEST	injecteur 5	10		request_4	1462352465583	1462352465608	OK	 
REQUEST	injecteur 1	7		request_0	1462352465585	1462352465610	OK	 
REQUEST	injecteur 8	4		request_7	1462352465587	1462352465619	OK	 
REQUEST	injecteur 9	6		request_8	1462352465595	1462352465623	OK	 
REQUEST	injecteur 2	9		request_1	1462352465593	1462352465623	OK	 
REQUEST	injecteur 6	8		request_5	1462352465597	1462352465626	OK	 
REQUEST	injecteur 10	5		request_9	1462352465601	1462352465629	OK	 
REQUEST	injecteur 3	3		request_2	1462352465603	1462352465630	OK	 
REQUEST	injecteur 7	2		request_6	1462352465605	1462352465634	OK	 
REQUEST	injecteur 4	1		request_3	1462352465607	1462352465636	OK	 
REQUEST	injecteur 5	10		request_4	1462352465609	1462352465638	OK	 
REQUEST	injecteur 3	3		request_2	1462352465631	1462352465646	OK	 
REQUEST	injecteur 1	7		request_0	1462352465611	1462352465648	OK	 
REQUEST	injecteur 8	4		request_7	1462352465619	1462352465651	OK	 
REQUEST	injecteur 9	6		request_8	1462352465624	1462352465653	OK	 
REQUEST	injecteur 6	8		request_5	1462352465627	1462352465655	OK	 
REQUEST	injecteur 2	9		request_1	1462352465628	1462352465657	OK	 
REQUEST	injecteur 10	5		request_9	1462352465630	1462352465659	OK	 
REQUEST	injecteur 7	2		request_6	1462352465635	1462352465661	OK	 
REQUEST	injecteur 4	1		request_3	1462352465636	1462352465663	OK	 
REQUEST	injecteur 5	10		request_4	1462352465639	1462352465669	OK	 
REQUEST	injecteur 3	3		request_2	1462352465647	1462352465671	OK	 
REQUEST	injecteur 1	7		request_0	1462352465649	1462352465673	OK	 
REQUEST	injecteur 8	4		request_7	1462352465652	1462352465676	OK	 
REQUEST	injecteur 9	6		request_8	1462352465654	1462352465681	OK	 
REQUEST	injecteur 6	8		request_5	1462352465656	1462352465684	OK	 
REQUEST	injecteur 2	9		request_1	1462352465658	1462352465685	OK	 
REQUEST	injecteur 10	5		request_9	1462352465660	1462352465687	OK	 
REQUEST	injecteur 7	2		request_6	1462352465662	1462352465690	OK	 
REQUEST	injecteur 4	1		request_3	1462352465664	1462352465696	OK	 
REQUEST	injecteur 5	10		request_4	1462352465670	1462352465699	OK	 
REQUEST	injecteur 3	3		request_2	1462352465671	1462352465700	OK	 
REQUEST	injecteur 1	7		request_0	1462352465674	1462352465704	OK	 
REQUEST	injecteur 8	4		request_7	1462352465677	1462352465705	OK	 
REQUEST	injecteur 9	6		request_8	1462352465682	1462352465708	OK	 
REQUEST	injecteur 6	8		request_5	1462352465684	1462352465710	OK	 
REQUEST	injecteur 2	9		request_1	1462352465686	1462352465712	OK	 
REQUEST	injecteur 10	5		request_9	1462352465688	1462352465714	OK	 
REQUEST	injecteur 7	2		request_6	1462352465691	1462352465721	OK	 
REQUEST	injecteur 4	1		request_3	1462352465696	1462352465726	OK	 
REQUEST	injecteur 5	10		request_4	1462352465699	1462352465728	OK	 
REQUEST	injecteur 3	3		request_2	1462352465701	1462352465730	OK	 
REQUEST	injecteur 1	7		request_0	1462352465704	1462352465732	OK	 
REQUEST	injecteur 8	4		request_7	1462352465706	1462352465734	OK	 
REQUEST	injecteur 9	6		request_8	1462352465709	1462352465736	OK	 
REQUEST	injecteur 6	8		request_5	1462352465711	1462352465739	OK	 
REQUEST	injecteur 2	9		request_1	1462352465713	1462352465741	OK	 
REQUEST	injecteur 10	5		request_9	1462352465716	1462352465747	OK	 
REQUEST	injecteur 7	2		request_6	1462352465722	1462352465749	OK	 
REQUEST	injecteur 4	1		request_3	1462352465727	1462352465751	OK	 
REQUEST	injecteur 5	10		request_4	1462352465729	1462352465753	OK	 
REQUEST	injecteur 3	3		request_2	1462352465731	1462352465755	OK	 
REQUEST	injecteur 1	7		request_0	1462352465732	1462352465760	OK	 
REQUEST	injecteur 8	4		request_7	1462352465735	1462352465762	OK	 
REQUEST	injecteur 9	6		request_8	1462352465737	1462352465763	OK	 
REQUEST	injecteur 6	8		request_5	1462352465739	1462352465765	OK	 
REQUEST	injecteur 3	3		request_2	1462352465756	1462352465773	OK	 
REQUEST	injecteur 2	9		request_1	1462352465742	1462352465775	OK	 
REQUEST	injecteur 10	5		request_9	1462352465747	1462352465777	OK	 
REQUEST	injecteur 7	2		request_6	1462352465750	1462352465779	OK	 
REQUEST	injecteur 4	1		request_3	1462352465752	1462352465781	OK	 
REQUEST	injecteur 5	10		request_4	1462352465754	1462352465783	OK	 
REQUEST	injecteur 1	7		request_0	1462352465761	1462352465784	OK	 
REQUEST	injecteur 8	4		request_7	1462352465763	1462352465786	OK	 
REQUEST	injecteur 9	6		request_8	1462352465764	1462352465790	OK	 
REQUEST	injecteur 6	8		request_5	1462352465766	1462352465795	OK	 
REQUEST	injecteur 3	3		request_2	1462352465774	1462352465796	OK	 
REQUEST	injecteur 2	9		request_1	1462352465776	1462352465799	OK	 
REQUEST	injecteur 10	5		request_9	1462352465778	1462352465801	OK	 
REQUEST	injecteur 7	2		request_6	1462352465780	1462352465803	OK	 
REQUEST	injecteur 4	1		request_3	1462352465782	1462352465805	OK	 
REQUEST	injecteur 5	10		request_4	1462352465784	1462352465808	OK	 
REQUEST	injecteur 1	7		request_0	1462352465785	1462352465810	OK	 
REQUEST	injecteur 8	4		request_7	1462352465787	1462352465812	OK	 
REQUEST	injecteur 9	6		request_8	1462352465791	1462352465817	OK	 
REQUEST	injecteur 6	8		request_5	1462352465795	1462352465819	OK	 
REQUEST	injecteur 3	3		request_2	1462352465797	1462352465821	OK	 
REQUEST	injecteur 2	9		request_1	1462352465800	1462352465824	OK	 
REQUEST	injecteur 10	5		request_9	1462352465802	1462352465826	OK	 
REQUEST	injecteur 7	2		request_6	1462352465804	1462352465828	OK	 
REQUEST	injecteur 4	1		request_3	1462352465806	1462352465830	OK	 
REQUEST	injecteur 5	10		request_4	1462352465808	1462352465831	OK	 
REQUEST	injecteur 1	7		request_0	1462352465811	1462352465833	OK	 
REQUEST	injecteur 8	4		request_7	1462352465813	1462352465846	OK	 
REQUEST	injecteur 9	6		request_8	1462352465817	1462352465848	OK	 
REQUEST	injecteur 6	8		request_5	1462352465820	1462352465851	OK	 
REQUEST	injecteur 3	3		request_2	1462352465822	1462352465853	OK	 
REQUEST	injecteur 2	9		request_1	1462352465824	1462352465855	OK	 
REQUEST	injecteur 10	5		request_9	1462352465826	1462352465858	OK	 
REQUEST	injecteur 7	2		request_6	1462352465828	1462352465860	OK	 
REQUEST	injecteur 4	1		request_3	1462352465830	1462352465862	OK	 
REQUEST	injecteur 5	10		request_4	1462352465832	1462352465864	OK	 
REQUEST	injecteur 1	7		request_0	1462352465839	1462352465870	OK	 
REQUEST	injecteur 8	4		request_7	1462352465847	1462352465873	OK	 
REQUEST	injecteur 9	6		request_8	1462352465849	1462352465876	OK	 
REQUEST	injecteur 6	8		request_5	1462352465852	1462352465877	OK	 
REQUEST	injecteur 3	3		request_2	1462352465854	1462352465880	OK	 
REQUEST	injecteur 2	9		request_1	1462352465856	1462352465885	OK	 
REQUEST	injecteur 10	5		request_9	1462352465858	1462352465886	OK	 
REQUEST	injecteur 7	2		request_6	1462352465861	1462352465888	OK	 
REQUEST	injecteur 4	1		request_3	1462352465863	1462352465890	OK	 
REQUEST	injecteur 3	3		request_2	1462352465881	1462352465894	OK	 
REQUEST	injecteur 5	10		request_4	1462352465865	1462352465897	OK	 
REQUEST	injecteur 1	7		request_0	1462352465871	1462352465899	OK	 
REQUEST	injecteur 8	4		request_7	1462352465874	1462352465901	OK	 
REQUEST	injecteur 9	6		request_8	1462352465877	1462352465903	OK	 
REQUEST	injecteur 6	8		request_5	1462352465878	1462352465905	OK	 
REQUEST	injecteur 2	9		request_1	1462352465885	1462352465907	OK	 
REQUEST	injecteur 10	5		request_9	1462352465887	1462352465910	OK	 
REQUEST	injecteur 7	2		request_6	1462352465889	1462352465911	OK	 
REQUEST	injecteur 4	1		request_3	1462352465891	1462352465918	OK	 
REQUEST	injecteur 3	3		request_2	1462352465895	1462352465921	OK	 
REQUEST	injecteur 5	10		request_4	1462352465898	1462352465924	OK	 
REQUEST	injecteur 1	7		request_0	1462352465900	1462352465927	OK	 
REQUEST	injecteur 8	4		request_7	1462352465901	1462352465931	OK	 
REQUEST	injecteur 9	6		request_8	1462352465904	1462352465931	OK	 
REQUEST	injecteur 6	8		request_5	1462352465905	1462352465934	OK	 
REQUEST	injecteur 2	9		request_1	1462352465908	1462352465937	OK	 
REQUEST	injecteur 10	5		request_9	1462352465910	1462352465939	OK	 
REQUEST	injecteur 5	10		request_4	1462352465924	1462352465944	OK	 
REQUEST	injecteur 7	2		request_6	1462352465912	1462352465946	OK	 
REQUEST	injecteur 4	1		request_3	1462352465919	1462352465949	OK	 
REQUEST	injecteur 3	3		request_2	1462352465921	1462352465951	OK	 
REQUEST	injecteur 1	7		request_0	1462352465930	1462352465953	OK	 
REQUEST	injecteur 8	4		request_7	1462352465932	1462352465955	OK	 
REQUEST	injecteur 9	6		request_8	1462352465932	1462352465958	OK	 
REQUEST	injecteur 6	8		request_5	1462352465935	1462352465960	OK	 
REQUEST	injecteur 2	9		request_1	1462352465937	1462352465964	OK	 
REQUEST	injecteur 10	5		request_9	1462352465939	1462352465966	OK	 
REQUEST	injecteur 5	10		request_4	1462352465945	1462352465969	OK	 
REQUEST	injecteur 7	2		request_6	1462352465948	1462352465972	OK	 
REQUEST	injecteur 4	1		request_3	1462352465950	1462352465975	OK	 
REQUEST	injecteur 3	3		request_2	1462352465952	1462352465977	OK	 
REQUEST	injecteur 1	7		request_0	1462352465954	1462352465979	OK	 
REQUEST	injecteur 8	4		request_7	1462352465956	1462352465981	OK	 
REQUEST	injecteur 9	6		request_8	1462352465959	1462352465983	OK	 
REQUEST	injecteur 6	8		request_5	1462352465961	1462352465989	OK	 
REQUEST	injecteur 2	9		request_1	1462352465965	1462352465992	OK	 
REQUEST	injecteur 10	5		request_9	1462352465966	1462352465994	OK	 
REQUEST	injecteur 5	10		request_4	1462352465970	1462352465996	OK	 
REQUEST	injecteur 7	2		request_6	1462352465973	1462352465998	OK	 
REQUEST	injecteur 4	1		request_3	1462352465976	1462352466000	OK	 
REQUEST	injecteur 3	3		request_2	1462352465978	1462352466002	OK	 
REQUEST	injecteur 1	7		request_0	1462352465980	1462352466004	OK	 
REQUEST	injecteur 8	4		request_7	1462352465982	1462352466007	OK	 
REQUEST	injecteur 9	6		request_8	1462352465984	1462352466011	OK	 
REQUEST	injecteur 6	8		request_5	1462352465990	1462352466014	OK	 
REQUEST	injecteur 2	9		request_1	1462352465993	1462352466016	OK	 
REQUEST	injecteur 10	5		request_9	1462352465994	1462352466018	OK	 
REQUEST	injecteur 5	10		request_4	1462352465996	1462352466020	OK	 
REQUEST	injecteur 7	2		request_6	1462352465998	1462352466022	OK	 
REQUEST	injecteur 4	1		request_3	1462352466000	1462352466024	OK	 
REQUEST	injecteur 3	3		request_2	1462352466002	1462352466026	OK	 
REQUEST	injecteur 1	7		request_0	1462352466005	1462352466029	OK	 
REQUEST	injecteur 8	4		request_7	1462352466008	1462352466034	OK	 
REQUEST	injecteur 9	6		request_8	1462352466012	1462352466037	OK	 
REQUEST	injecteur 6	8		request_5	1462352466015	1462352466039	OK	 
REQUEST	injecteur 2	9		request_1	1462352466017	1462352466042	OK	 
REQUEST	injecteur 10	5		request_9	1462352466018	1462352466044	OK	 
REQUEST	injecteur 5	10		request_4	1462352466020	1462352466046	OK	 
REQUEST	injecteur 7	2		request_6	1462352466022	1462352466048	OK	 
REQUEST	injecteur 4	1		request_3	1462352466025	1462352466050	OK	 
REQUEST	injecteur 3	3		request_2	1462352466027	1462352466053	OK	 
REQUEST	injecteur 1	7		request_0	1462352466030	1462352466057	OK	 
REQUEST	injecteur 8	4		request_7	1462352466035	1462352466061	OK	 
REQUEST	injecteur 9	6		request_8	1462352466038	1462352466062	OK	 
REQUEST	injecteur 6	8		request_5	1462352466040	1462352466064	OK	 
REQUEST	injecteur 2	9		request_1	1462352466043	1462352466066	OK	 
REQUEST	injecteur 10	5		request_9	1462352466044	1462352466067	OK	 
REQUEST	injecteur 5	10		request_4	1462352466046	1462352466069	OK	 
REQUEST	injecteur 7	2		request_6	1462352466049	1462352466071	OK	 
REQUEST	injecteur 4	1		request_3	1462352466051	1462352466075	OK	 
REQUEST	injecteur 3	3		request_2	1462352466053	1462352466078	OK	 
REQUEST	injecteur 1	7		request_0	1462352466058	1462352466080	OK	 
REQUEST	injecteur 8	4		request_7	1462352466061	1462352466082	OK	 
REQUEST	injecteur 9	6		request_8	1462352466063	1462352466084	OK	 
REQUEST	injecteur 6	8		request_5	1462352466065	1462352466086	OK	 
REQUEST	injecteur 2	9		request_1	1462352466066	1462352466088	OK	 
REQUEST	injecteur 10	5		request_9	1462352466068	1462352466090	OK	 
REQUEST	injecteur 5	10		request_4	1462352466070	1462352466092	OK	 
REQUEST	injecteur 7	2		request_6	1462352466072	1462352466094	OK	 
REQUEST	injecteur 4	1		request_3	1462352466075	1462352466099	OK	 
REQUEST	injecteur 3	3		request_2	1462352466079	1462352466102	OK	 
REQUEST	injecteur 1	7		request_0	1462352466081	1462352466104	OK	 
REQUEST	injecteur 8	4		request_7	1462352466083	1462352466106	OK	 
REQUEST	injecteur 9	6		request_8	1462352466085	1462352466109	OK	 
REQUEST	injecteur 6	8		request_5	1462352466087	1462352466110	OK	 
REQUEST	injecteur 2	9		request_1	1462352466088	1462352466112	OK	 
REQUEST	injecteur 10	5		request_9	1462352466091	1462352466116	OK	 
REQUEST	injecteur 5	10		request_4	1462352466093	1462352466117	OK	 
REQUEST	injecteur 5	10		request_4	1462352466118	1462352466127	OK	 
REQUEST	injecteur 7	2		request_6	1462352466095	1462352466129	OK	 
REQUEST	injecteur 4	1		request_3	1462352466099	1462352466131	OK	 
REQUEST	injecteur 3	3		request_2	1462352466103	1462352466132	OK	 
REQUEST	injecteur 1	7		request_0	1462352466105	1462352466135	OK	 
REQUEST	injecteur 8	4		request_7	1462352466107	1462352466136	OK	 
REQUEST	injecteur 9	6		request_8	1462352466109	1462352466138	OK	 
REQUEST	injecteur 6	8		request_5	1462352466111	1462352466141	OK	 
REQUEST	injecteur 2	9		request_1	1462352466113	1462352466143	OK	 
REQUEST	injecteur 10	5		request_9	1462352466116	1462352466145	OK	 
REQUEST	injecteur 5	10		request_4	1462352466127	1462352466149	OK	 
REQUEST	injecteur 7	2		request_6	1462352466129	1462352466151	OK	 
REQUEST	injecteur 4	1		request_3	1462352466131	1462352466153	OK	 
REQUEST	injecteur 3	3		request_2	1462352466133	1462352466154	OK	 
REQUEST	injecteur 1	7		request_0	1462352466135	1462352466157	OK	 
REQUEST	injecteur 8	4		request_7	1462352466137	1462352466159	OK	 
REQUEST	injecteur 9	6		request_8	1462352466139	1462352466161	OK	 
REQUEST	injecteur 6	8		request_5	1462352466141	1462352466164	OK	 
REQUEST	injecteur 2	9		request_1	1462352466143	1462352466165	OK	 
REQUEST	injecteur 10	5		request_9	1462352466145	1462352466172	OK	 
REQUEST	injecteur 5	10		request_4	1462352466150	1462352466178	OK	 
REQUEST	injecteur 7	2		request_6	1462352466151	1462352466180	OK	 
REQUEST	injecteur 4	1		request_3	1462352466153	1462352466181	OK	 
REQUEST	injecteur 3	3		request_2	1462352466155	1462352466185	OK	 
REQUEST	injecteur 1	7		request_0	1462352466157	1462352466187	OK	 
REQUEST	injecteur 8	4		request_7	1462352466160	1462352466191	OK	 
REQUEST	injecteur 9	6		request_8	1462352466161	1462352466197	OK	 
REQUEST	injecteur 6	8		request_5	1462352466165	1462352466201	OK	 
REQUEST	injecteur 4	1		request_3	1462352466182	1462352466225	OK	 
REQUEST	injecteur 3	3		request_2	1462352466185	1462352466225	OK	 
REQUEST	injecteur 2	9		request_1	1462352466165	1462352466227	OK	 
REQUEST	injecteur 10	5		request_9	1462352466172	1462352466228	OK	 
REQUEST	injecteur 5	10		request_4	1462352466179	1462352466220	OK	 
REQUEST	injecteur 7	2		request_6	1462352466181	1462352466232	OK	 
REQUEST	injecteur 9	6		request_8	1462352466200	1462352466239	OK	 
REQUEST	injecteur 6	8		request_5	1462352466202	1462352466243	OK	 
REQUEST	injecteur 3	3		request_2	1462352466226	1462352466248	OK	 
REQUEST	injecteur 1	7		request_0	1462352466187	1462352466257	OK	 
REQUEST	injecteur 3	3		request_2	1462352466249	1462352466257	OK	 
REQUEST	injecteur 8	4		request_7	1462352466194	1462352466259	OK	 
REQUEST	injecteur 5	10		request_4	1462352466231	1462352466261	OK	 
REQUEST	injecteur 7	2		request_6	1462352466233	1462352466263	OK	 
REQUEST	injecteur 4	1		request_3	1462352466226	1462352466263	OK	 
REQUEST	injecteur 2	9		request_1	1462352466227	1462352466264	OK	 
REQUEST	injecteur 9	6		request_8	1462352466240	1462352466266	OK	 
REQUEST	injecteur 10	5		request_9	1462352466229	1462352466266	OK	 
REQUEST	injecteur 6	8		request_5	1462352466244	1462352466268	OK	 
REQUEST	injecteur 3	3		request_2	1462352466258	1462352466271	OK	 
REQUEST	injecteur 1	7		request_0	1462352466258	1462352466276	OK	 
REQUEST	injecteur 8	4		request_7	1462352466259	1462352466279	OK	 
REQUEST	injecteur 5	10		request_4	1462352466262	1462352466291	OK	 
REQUEST	injecteur 7	2		request_6	1462352466263	1462352466293	OK	 
REQUEST	injecteur 4	1		request_3	1462352466264	1462352466302	OK	 
REQUEST	injecteur 2	9		request_1	1462352466265	1462352466303	OK	 
REQUEST	injecteur 9	6		request_8	1462352466266	1462352466304	OK	 
REQUEST	injecteur 3	3		request_2	1462352466271	1462352466304	OK	 
REQUEST	injecteur 10	5		request_9	1462352466266	1462352466305	OK	 
REQUEST	injecteur 1	7		request_0	1462352466276	1462352466309	OK	 
REQUEST	injecteur 8	4		request_7	1462352466280	1462352466311	OK	 
REQUEST	injecteur 6	8		request_5	1462352466268	1462352466315	OK	 
REQUEST	injecteur 5	10		request_4	1462352466292	1462352466316	OK	 
REQUEST	injecteur 7	2		request_6	1462352466294	1462352466318	OK	 
REQUEST	injecteur 3	3		request_2	1462352466305	1462352466321	OK	 
REQUEST	injecteur 4	1		request_3	1462352466302	1462352466328	OK	 
REQUEST	injecteur 2	9		request_1	1462352466304	1462352466330	OK	 
REQUEST	injecteur 9	6		request_8	1462352466305	1462352466333	OK	 
REQUEST	injecteur 1	7		request_0	1462352466310	1462352466335	OK	 
REQUEST	injecteur 8	4		request_7	1462352466312	1462352466337	OK	 
REQUEST	injecteur 10	5		request_9	1462352466305	1462352466340	OK	 
REQUEST	injecteur 6	8		request_5	1462352466316	1462352466344	OK	 
REQUEST	injecteur 5	10		request_4	1462352466317	1462352466347	OK	 
REQUEST	injecteur 7	2		request_6	1462352466319	1462352466354	OK	 
REQUEST	injecteur 3	3		request_2	1462352466322	1462352466357	OK	 
REQUEST	injecteur 4	1		request_3	1462352466329	1462352466364	OK	 
REQUEST	injecteur 2	9		request_1	1462352466330	1462352466366	OK	 
REQUEST	injecteur 9	6		request_8	1462352466333	1462352466368	OK	 
REQUEST	injecteur 1	7		request_0	1462352466336	1462352466369	OK	 
REQUEST	injecteur 8	4		request_7	1462352466338	1462352466374	OK	 
REQUEST	injecteur 7	2		request_6	1462352466354	1462352466384	OK	 
REQUEST	injecteur 10	5		request_9	1462352466341	1462352466387	OK	 
REQUEST	injecteur 6	8		request_5	1462352466344	1462352466388	OK	 
REQUEST	injecteur 5	10		request_4	1462352466347	1462352466391	OK	 
REQUEST	injecteur 3	3		request_2	1462352466358	1462352466393	OK	 
REQUEST	injecteur 1	7		request_0	1462352466370	1462352466402	OK	 
REQUEST	injecteur 8	4		request_7	1462352466375	1462352466404	OK	 
REQUEST	injecteur 4	1		request_3	1462352466365	1462352466407	OK	 
REQUEST	injecteur 2	9		request_1	1462352466366	1462352466409	OK	 
REQUEST	injecteur 3	3		request_2	1462352466394	1462352466410	OK	 
REQUEST	injecteur 9	6		request_8	1462352466368	1462352466414	OK	 
REQUEST	injecteur 7	2		request_6	1462352466385	1462352466416	OK	 
REQUEST	injecteur 10	5		request_9	1462352466387	1462352466418	OK	 
REQUEST	injecteur 6	8		request_5	1462352466389	1462352466427	OK	 
REQUEST	injecteur 5	10		request_4	1462352466392	1462352466428	OK	 
REQUEST	injecteur 1	7		request_0	1462352466403	1462352466430	OK	 
REQUEST	injecteur 3	3		request_2	1462352466410	1462352466432	OK	 
REQUEST	injecteur 8	4		request_7	1462352466405	1462352466436	OK	 
REQUEST	injecteur 4	1		request_3	1462352466408	1462352466442	OK	 
REQUEST	injecteur 2	9		request_1	1462352466409	1462352466444	OK	 
REQUEST	injecteur 9	6		request_8	1462352466414	1462352466451	OK	 
REQUEST	injecteur 7	2		request_6	1462352466417	1462352466453	OK	 
REQUEST	injecteur 6	8		request_5	1462352466427	1462352466454	OK	 
REQUEST	injecteur 3	3		request_2	1462352466433	1462352466455	OK	 
REQUEST	injecteur 10	5		request_9	1462352466419	1462352466457	OK	 
REQUEST	injecteur 1	7		request_0	1462352466431	1462352466461	OK	 
REQUEST	injecteur 5	10		request_4	1462352466429	1462352466461	OK	 
REQUEST	injecteur 8	4		request_7	1462352466436	1462352466465	OK	 
REQUEST	injecteur 4	1		request_3	1462352466443	1462352466469	OK	 
REQUEST	injecteur 2	9		request_1	1462352466445	1462352466471	OK	 
REQUEST	injecteur 9	6		request_8	1462352466452	1462352466478	OK	 
REQUEST	injecteur 7	2		request_6	1462352466454	1462352466481	OK	 
REQUEST	injecteur 6	8		request_5	1462352466455	1462352466483	OK	 
REQUEST	injecteur 3	3		request_2	1462352466455	1462352466485	OK	 
REQUEST	injecteur 10	5		request_9	1462352466458	1462352466488	OK	 
REQUEST	injecteur 1	7		request_0	1462352466462	1462352466493	OK	 
REQUEST	injecteur 5	10		request_4	1462352466462	1462352466493	OK	 
REQUEST	injecteur 8	4		request_7	1462352466466	1462352466495	OK	 
REQUEST	injecteur 4	1		request_3	1462352466469	1462352466497	OK	 
REQUEST	injecteur 3	3		request_2	1462352466485	1462352466502	OK	 
REQUEST	injecteur 2	9		request_1	1462352466471	1462352466504	OK	 
REQUEST	injecteur 9	6		request_8	1462352466479	1462352466514	OK	 
REQUEST	injecteur 7	2		request_6	1462352466482	1462352466516	OK	 
REQUEST	injecteur 6	8		request_5	1462352466484	1462352466517	OK	 
REQUEST	injecteur 10	5		request_9	1462352466489	1462352466519	OK	 
REQUEST	injecteur 5	10		request_4	1462352466493	1462352466521	OK	 
REQUEST	injecteur 1	7		request_0	1462352466493	1462352466523	OK	 
REQUEST	injecteur 8	4		request_7	1462352466496	1462352466525	OK	 
REQUEST	injecteur 4	1		request_3	1462352466498	1462352466534	OK	 
REQUEST	injecteur 3	3		request_2	1462352466503	1462352466536	OK	 
REQUEST	injecteur 2	9		request_1	1462352466504	1462352466540	OK	 
REQUEST	injecteur 9	6		request_8	1462352466514	1462352466542	OK	 
REQUEST	injecteur 7	2		request_6	1462352466516	1462352466545	OK	 
REQUEST	injecteur 6	8		request_5	1462352466518	1462352466548	OK	 
REQUEST	injecteur 10	5		request_9	1462352466519	1462352466549	OK	 
REQUEST	injecteur 5	10		request_4	1462352466522	1462352466551	OK	 
REQUEST	injecteur 1	7		request_0	1462352466524	1462352466553	OK	 
REQUEST	injecteur 3	3		request_2	1462352466537	1462352466559	OK	 
REQUEST	injecteur 8	4		request_7	1462352466526	1462352466560	OK	 
REQUEST	injecteur 4	1		request_3	1462352466534	1462352466564	OK	 
REQUEST	injecteur 2	9		request_1	1462352466541	1462352466569	OK	 
REQUEST	injecteur 9	6		request_8	1462352466543	1462352466574	OK	 
REQUEST	injecteur 7	2		request_6	1462352466546	1462352466581	OK	 
REQUEST	injecteur 10	5		request_9	1462352466550	1462352466583	OK	 
REQUEST	injecteur 6	8		request_5	1462352466548	1462352466585	OK	 
REQUEST	injecteur 5	10		request_4	1462352466552	1462352466586	OK	 
REQUEST	injecteur 8	4		request_7	1462352466561	1462352466591	OK	 
REQUEST	injecteur 1	7		request_0	1462352466554	1462352466595	OK	 
REQUEST	injecteur 3	3		request_2	1462352466559	1462352466600	OK	 
REQUEST	injecteur 4	1		request_3	1462352466565	1462352466605	OK	 
REQUEST	injecteur 2	9		request_1	1462352466570	1462352466607	OK	 
REQUEST	injecteur 10	5		request_9	1462352466583	1462352466619	OK	 
REQUEST	injecteur 8	4		request_7	1462352466591	1462352466624	OK	 
REQUEST	injecteur 1	7		request_0	1462352466596	1462352466626	OK	 
REQUEST	injecteur 9	6		request_8	1462352466575	1462352466627	OK	 
REQUEST	injecteur 3	3		request_2	1462352466601	1462352466628	OK	 
REQUEST	injecteur 7	2		request_6	1462352466582	1462352466629	OK	 
REQUEST	injecteur 5	10		request_4	1462352466587	1462352466630	OK	 
REQUEST	injecteur 6	8		request_5	1462352466586	1462352466632	OK	 
REQUEST	injecteur 3	3		request_2	1462352466629	1462352466638	OK	 
REQUEST	injecteur 4	1		request_3	1462352466606	1462352466645	OK	 
REQUEST	injecteur 2	9		request_1	1462352466608	1462352466647	OK	 
REQUEST	injecteur 8	4		request_7	1462352466625	1462352466653	OK	 
REQUEST	injecteur 9	6		request_8	1462352466628	1462352466655	OK	 
REQUEST	injecteur 7	2		request_6	1462352466629	1462352466656	OK	 
REQUEST	injecteur 1	7		request_0	1462352466626	1462352466658	OK	 
REQUEST	injecteur 5	10		request_4	1462352466631	1462352466660	OK	 
REQUEST	injecteur 10	5		request_9	1462352466620	1462352466661	OK	 
REQUEST	injecteur 6	8		request_5	1462352466633	1462352466662	OK	 
REQUEST	injecteur 4	1		request_3	1462352466645	1462352466665	OK	 
REQUEST	injecteur 2	9		request_1	1462352466647	1462352466667	OK	 
REQUEST	injecteur 8	4		request_7	1462352466654	1462352466673	OK	 
REQUEST	injecteur 1	7		request_0	1462352466659	1462352466679	OK	 
REQUEST	injecteur 9	6		request_8	1462352466655	1462352466684	OK	 
REQUEST	injecteur 7	2		request_6	1462352466657	1462352466685	OK	 
REQUEST	injecteur 5	10		request_4	1462352466661	1462352466688	OK	 
REQUEST	injecteur 10	5		request_9	1462352466662	1462352466693	OK	 
REQUEST	injecteur 4	1		request_3	1462352466665	1462352466699	OK	 
REQUEST	injecteur 6	8		request_5	1462352466663	1462352466702	OK	 
REQUEST	injecteur 2	9		request_1	1462352466669	1462352466704	OK	 
REQUEST	injecteur 8	4		request_7	1462352466673	1462352466707	OK	 
REQUEST	injecteur 1	7		request_0	1462352466680	1462352466710	OK	 
REQUEST	injecteur 9	6		request_8	1462352466684	1462352466712	OK	 
REQUEST	injecteur 7	2		request_6	1462352466686	1462352466714	OK	 
REQUEST	injecteur 10	5		request_9	1462352466693	1462352466716	OK	 
REQUEST	injecteur 4	1		request_3	1462352466699	1462352466718	OK	 
REQUEST	injecteur 5	10		request_4	1462352466689	1462352466722	OK	 
REQUEST	injecteur 6	8		request_5	1462352466702	1462352466726	OK	 
REQUEST	injecteur 2	9		request_1	1462352466704	1462352466728	OK	 
REQUEST	injecteur 8	4		request_7	1462352466708	1462352466733	OK	 
REQUEST	injecteur 1	7		request_0	1462352466710	1462352466736	OK	 
REQUEST	injecteur 9	6		request_8	1462352466712	1462352466739	OK	 
REQUEST	injecteur 2	9		request_1	1462352466729	1462352466743	OK	 
REQUEST	injecteur 7	2		request_6	1462352466714	1462352466746	OK	 
REQUEST	injecteur 10	5		request_9	1462352466717	1462352466748	OK	 
REQUEST	injecteur 4	1		request_3	1462352466719	1462352466750	OK	 
REQUEST	injecteur 5	10		request_4	1462352466722	1462352466752	OK	 
REQUEST	injecteur 6	8		request_5	1462352466727	1462352466755	OK	 
REQUEST	injecteur 8	4		request_7	1462352466733	1462352466757	OK	 
REQUEST	injecteur 1	7		request_0	1462352466736	1462352466759	OK	 
REQUEST	injecteur 9	6		request_8	1462352466740	1462352466762	OK	 
REQUEST	injecteur 2	9		request_1	1462352466744	1462352466765	OK	 
REQUEST	injecteur 7	2		request_6	1462352466746	1462352466767	OK	 
REQUEST	injecteur 10	5		request_9	1462352466749	1462352466769	OK	 
REQUEST	injecteur 4	1		request_3	1462352466751	1462352466770	OK	 
REQUEST	injecteur 5	10		request_4	1462352466753	1462352466772	OK	 
REQUEST	injecteur 6	8		request_5	1462352466755	1462352466775	OK	 
REQUEST	injecteur 8	4		request_7	1462352466758	1462352466777	OK	 
REQUEST	injecteur 1	7		request_0	1462352466760	1462352466780	OK	 
REQUEST	injecteur 9	6		request_8	1462352466763	1462352466782	OK	 
REQUEST	injecteur 2	9		request_1	1462352466765	1462352466784	OK	 
REQUEST	injecteur 7	2		request_6	1462352466767	1462352466786	OK	 
REQUEST	injecteur 10	5		request_9	1462352466769	1462352466788	OK	 
REQUEST	injecteur 4	1		request_3	1462352466771	1462352466789	OK	 
REQUEST	injecteur 5	10		request_4	1462352466772	1462352466794	OK	 
REQUEST	injecteur 6	8		request_5	1462352466775	1462352466796	OK	 
REQUEST	injecteur 8	4		request_7	1462352466777	1462352466799	OK	 
REQUEST	injecteur 1	7		request_0	1462352466780	1462352466801	OK	 
REQUEST	injecteur 9	6		request_8	1462352466782	1462352466803	OK	 
REQUEST	injecteur 2	9		request_1	1462352466785	1462352466805	OK	 
REQUEST	injecteur 7	2		request_6	1462352466787	1462352466806	OK	 
REQUEST	injecteur 10	5		request_9	1462352466788	1462352466808	OK	 
REQUEST	injecteur 4	1		request_3	1462352466790	1462352466810	OK	 
REQUEST	injecteur 5	10		request_4	1462352466794	1462352466812	OK	 
REQUEST	injecteur 6	8		request_5	1462352466796	1462352466816	OK	 
REQUEST	injecteur 8	4		request_7	1462352466800	1462352466819	OK	 
REQUEST	injecteur 1	7		request_0	1462352466802	1462352466821	OK	 
REQUEST	injecteur 9	6		request_8	1462352466803	1462352466823	OK	 
REQUEST	injecteur 2	9		request_1	1462352466805	1462352466825	OK	 
REQUEST	injecteur 7	2		request_6	1462352466806	1462352466827	OK	 
REQUEST	injecteur 10	5		request_9	1462352466809	1462352466829	OK	 
REQUEST	injecteur 4	1		request_3	1462352466811	1462352466831	OK	 
REQUEST	injecteur 5	10		request_4	1462352466812	1462352466835	OK	 
REQUEST	injecteur 6	8		request_5	1462352466817	1462352466837	OK	 
REQUEST	injecteur 8	4		request_7	1462352466820	1462352466839	OK	 
REQUEST	injecteur 1	7		request_0	1462352466822	1462352466842	OK	 
REQUEST	injecteur 9	6		request_8	1462352466824	1462352466843	OK	 
REQUEST	injecteur 2	9		request_1	1462352466826	1462352466847	OK	 
REQUEST	injecteur 7	2		request_6	1462352466827	1462352466849	OK	 
REQUEST	injecteur 10	5		request_9	1462352466829	1462352466850	OK	 
REQUEST	injecteur 9	6		request_8	1462352466844	1462352466854	OK	 
REQUEST	injecteur 4	1		request_3	1462352466831	1462352466855	OK	 
REQUEST	injecteur 5	10		request_4	1462352466835	1462352466858	OK	 
REQUEST	injecteur 6	8		request_5	1462352466837	1462352466860	OK	 
REQUEST	injecteur 8	4		request_7	1462352466840	1462352466862	OK	 
REQUEST	injecteur 2	9		request_1	1462352466848	1462352466863	OK	 
REQUEST	injecteur 7	2		request_6	1462352466849	1462352466865	OK	 
REQUEST	injecteur 10	5		request_9	1462352466851	1462352466867	OK	 
REQUEST	injecteur 9	6		request_8	1462352466854	1462352466869	OK	 
REQUEST	injecteur 5	10		request_4	1462352466859	1462352466872	OK	 
REQUEST	injecteur 6	8		request_5	1462352466860	1462352466873	OK	 
REQUEST	injecteur 2	9		request_1	1462352466864	1462352466875	OK	 
REQUEST	injecteur 7	2		request_6	1462352466865	1462352466880	OK	 
REQUEST	injecteur 10	5		request_9	1462352466868	1462352466882	OK	 
REQUEST	injecteur 9	6		request_8	1462352466870	1462352466884	OK	 
REQUEST	injecteur 5	10		request_4	1462352466872	1462352466885	OK	 
REQUEST	injecteur 6	8		request_5	1462352466874	1462352466887	OK	 
REQUEST	injecteur 2	9		request_1	1462352466876	1462352466891	OK	 
REQUEST	injecteur 10	5		request_9	1462352466882	1462352466893	OK	 
REQUEST	injecteur 9	6		request_8	1462352466884	1462352466894	OK	 
REQUEST	injecteur 6	8		request_5	1462352466888	1462352466898	OK	 
REQUEST	injecteur 3	3		Sensor_Synthesis_Check 2	1462352467570	1462352467594	OK	 
REQUEST	injecteur 3	3		request_2	1462352467713	1462352467716	OK	 
REQUEST	injecteur 3	3		request_2	1462352467717	1462352467721	OK	 
REQUEST	injecteur 3	3		request_2	1462352467722	1462352467726	OK	 
REQUEST	injecteur 3	3		request_2	1462352467727	1462352467730	OK	 
REQUEST	injecteur 3	3		request_2	1462352467731	1462352467733	OK	 
REQUEST	injecteur 3	3		request_2	1462352467734	1462352467738	OK	 
REQUEST	injecteur 3	3		request_2	1462352467738	1462352467741	OK	 
REQUEST	injecteur 3	3		request_2	1462352467742	1462352467746	OK	 
REQUEST	injecteur 3	3		request_2	1462352467746	1462352467750	OK	 
REQUEST	injecteur 3	3		request_2	1462352467751	1462352467755	OK	 
REQUEST	injecteur 3	3		request_2	1462352467755	1462352467760	OK	 
REQUEST	injecteur 3	3		request_2	1462352467761	1462352467766	OK	 
REQUEST	injecteur 3	3		request_2	1462352467767	1462352467770	OK	 
REQUEST	injecteur 3	3		request_2	1462352467770	1462352467774	OK	 
REQUEST	injecteur 3	3		request_2	1462352467775	1462352467778	OK	 
REQUEST	injecteur 3	3		request_2	1462352467779	1462352467781	OK	 
REQUEST	injecteur 3	3		request_2	1462352467782	1462352467785	OK	 
REQUEST	injecteur 3	3		request_2	1462352467786	1462352467788	OK	 
REQUEST	injecteur 3	3		request_2	1462352467789	1462352467793	OK	 
REQUEST	injecteur 3	3		request_2	1462352467794	1462352467796	OK	 
REQUEST	injecteur 3	3		request_2	1462352467797	1462352467800	OK	 
REQUEST	injecteur 3	3		request_2	1462352467801	1462352467806	OK	 
REQUEST	injecteur 4	1		Sensor_Synthesis_Check 3	1462352467797	1462352467808	OK	 
REQUEST	injecteur 3	3		request_2	1462352467807	1462352467811	OK	 
REQUEST	injecteur 3	3		request_2	1462352467812	1462352467817	OK	 
REQUEST	injecteur 3	3		request_2	1462352467818	1462352467823	OK	 
REQUEST	injecteur 4	1		request_3	1462352467819	1462352467825	OK	 
REQUEST	injecteur 3	3		request_2	1462352467824	1462352467831	OK	 
REQUEST	injecteur 4	1		request_3	1462352467826	1462352467836	OK	 
REQUEST	injecteur 1	7		Sensor_Synthesis_Check 0	1462352467822	1462352467836	OK	 
REQUEST	injecteur 3	3		request_2	1462352467832	1462352467846	OK	 
REQUEST	injecteur 4	1		request_3	1462352467836	1462352467852	OK	 
REQUEST	injecteur 3	3		request_2	1462352467847	1462352467858	OK	 
REQUEST	injecteur 1	7		request_0	1462352467848	1462352467862	OK	 
REQUEST	injecteur 4	1		request_3	1462352467853	1462352467865	OK	 
REQUEST	injecteur 8	4		Sensor_Synthesis_Check 7	1462352467838	1462352467867	OK	 
REQUEST	injecteur 3	3		request_2	1462352467859	1462352467873	OK	 
REQUEST	injecteur 1	7		request_0	1462352467864	1462352467883	OK	 
REQUEST	injecteur 4	1		request_3	1462352467866	1462352467887	OK	 
REQUEST	injecteur 3	3		request_2	1462352467873	1462352467892	OK	 
REQUEST	injecteur 8	4		request_7	1462352467875	1462352467895	OK	 
REQUEST	injecteur 7	2		Sensor_Synthesis_Check 6	1462352467861	1462352467911	OK	 
REQUEST	injecteur 1	7		request_0	1462352467883	1462352467914	OK	 
REQUEST	injecteur 4	1		request_3	1462352467888	1462352467928	OK	 
REQUEST	injecteur 3	3		request_2	1462352467893	1462352467930	OK	 
REQUEST	injecteur 8	4		request_7	1462352467895	1462352467934	OK	 
REQUEST	injecteur 2	9		Sensor_Synthesis_Check 1	1462352467878	1462352467940	OK	 
REQUEST	injecteur 3	3		request_2	1462352467931	1462352467949	OK	 
REQUEST	injecteur 10	5		Sensor_Synthesis_Check 9	1462352467878	1462352467951	OK	 
REQUEST	injecteur 1	7		request_0	1462352467915	1462352467965	OK	 
REQUEST	injecteur 7	2		request_6	1462352467920	1462352467971	OK	 
REQUEST	injecteur 5	10		Sensor_Synthesis_Check 4	1462352467863	1462352467972	OK	 
REQUEST	injecteur 4	1		request_3	1462352467928	1462352467974	OK	 
REQUEST	injecteur 8	4		request_7	1462352467934	1462352467979	OK	 
REQUEST	injecteur 1	7		request_0	1462352467965	1462352467984	OK	 
REQUEST	injecteur 4	1		request_3	1462352467974	1462352467986	OK	 
REQUEST	injecteur 3	3		request_2	1462352467950	1462352467988	OK	 
REQUEST	injecteur 2	9		request_1	1462352467952	1462352467990	OK	 
REQUEST	injecteur 10	5		request_9	1462352467963	1462352467992	OK	 
REQUEST	injecteur 9	6		Sensor_Synthesis_Check 8	1462352467879	1462352467993	OK	 
REQUEST	injecteur 7	2		request_6	1462352467971	1462352468000	OK	 
REQUEST	injecteur 6	8		Sensor_Synthesis_Check 5	1462352467896	1462352468001	OK	 
REQUEST	injecteur 8	4		request_7	1462352467980	1462352468005	OK	 
REQUEST	injecteur 5	10		request_4	1462352467981	1462352468008	OK	 
REQUEST	injecteur 1	7		request_0	1462352467985	1462352468013	OK	 
REQUEST	injecteur 3	3		request_2	1462352467989	1462352468018	OK	 
REQUEST	injecteur 4	1		request_3	1462352467987	1462352468018	OK	 
REQUEST	injecteur 2	9		request_1	1462352467991	1462352468021	OK	 
REQUEST	injecteur 10	5		request_9	1462352467993	1462352468022	OK	 
REQUEST	injecteur 7	2		request_6	1462352468000	1462352468038	OK	 
REQUEST	injecteur 9	6		request_8	1462352468003	1462352468046	OK	 
REQUEST	injecteur 8	4		request_7	1462352468007	1462352468047	OK	 
REQUEST	injecteur 5	10		request_4	1462352468009	1462352468050	OK	 
REQUEST	injecteur 6	8		request_5	1462352468009	1462352468052	OK	 
REQUEST	injecteur 1	7		request_0	1462352468014	1462352468054	OK	 
REQUEST	injecteur 3	3		request_2	1462352468018	1462352468056	OK	 
REQUEST	injecteur 4	1		request_3	1462352468019	1462352468060	OK	 
REQUEST	injecteur 7	2		request_6	1462352468039	1462352468064	OK	 
REQUEST	injecteur 2	9		request_1	1462352468021	1462352468067	OK	 
REQUEST	injecteur 10	5		request_9	1462352468023	1462352468069	OK	 
REQUEST	injecteur 9	6		request_8	1462352468046	1462352468071	OK	 
REQUEST	injecteur 8	4		request_7	1462352468048	1462352468073	OK	 
REQUEST	injecteur 5	10		request_4	1462352468050	1462352468076	OK	 
REQUEST	injecteur 6	8		request_5	1462352468052	1462352468078	OK	 
REQUEST	injecteur 1	7		request_0	1462352468054	1462352468081	OK	 
REQUEST	injecteur 3	3		request_2	1462352468056	1462352468082	OK	 
